no otherToolArg!
**********************CONFIGURATIONS*****************************
PARMIK mode:                  1
readDatabaseAddress:          /p/lava/parmik/partialMatcherProject/datasets/metagenomicDB/SRR12432009/SRR12432009_reads
readFileName:                 SRR12432009_reads
queryFileAddress:             /p/lava/parmik/partialMatcherProject/datasets/queryFiles/covidQueryFiles/RmYN02_queries
queryFileName:                RmYN02_queries
otherToolOutputFileAddress:   /u/rgq5aw/GIT/PARMIK/partialMatcherProject/tools/blast/SRR12432009/NC_045512/blastn_ws30_results.out
outputDir:                    /p/lava/parmik/partialMatcherProject/tools/parmik/SRR12432009/RmYN02/
readsCount:                   17000000
queryCount:                   30000
kmerLength:                   15
regionSize:                   50
minExactMatchLen:             30
overlapsize:                  14
cheapKmerThreshold:           500
minNumExactMatchKmer:         16
isIndexOffline:               1
offlineIndexAddress:          /p/lava/parmik/partialMatcherProject/tools/parmik/SRR12432009/index/
isVeboseLog:                  0
**********************CONFIGURATIONS*****************************
numberOfReadsWithN : 0
queryCount : 29522
numberOfReadsWithN : 0
readCount : 16344647
Cheap Kmers Deserialization Time: 238.94 seconds
k-mer max size : 16, stringSize = 15
<<<<<<<<<<<<<<<<< Partial Matcher based on Cheap Kmers Started!! >>>>>>>>>>>>>>>>>>
Partial Mathing based on Cheap Kmer took: 11.24 seconds
------------more partial matching statistics-------------
Number of cheap seeds per query up to q (29522) => Front [average: 0, median: 0, mean: 0] - Back [average: 0, median: 0, mean: 0]
Number of cheap seeds in matched read per query up to q (29522) => [average: 36, median: 36, mean: 36]
Number of reads with at least 1 similar cheap seed per query up to q (29522) => Front [average: 257, median: 239, mean: 257] - Back [average: 254, median: 236, mean: 254]
Number of matches with at least min threshold (16) seeds per query up to q (29522) => Front [average: 132, median: 132, mean: 132] - Back [average: 121, median: 122, mean: 121]
Query time for queries up to q(29522) => [average: 0.000370, median: 0.000346, mean: 0.000370]
--------------------------------------------------------
------------partial matching timing details-------------
extractKmersFromRegions_totalExeTime =  247623944 nanoseconds, 0.25 seconds, 247.62 milliseconds
collectCheapSeeds_totalExeTime =        8735868366 nanoseconds, 8.74 seconds, 8735.87 milliseconds
findMatchedReadWithHihestSeeds_totalExeTime = 167327486 nanoseconds, 0.17 seconds, 167.33 milliseconds
--------------------------------------------------------
<<<<<<<<<<<<<<<<< Partial Matcher based on Cheap Kmers  Ended!! >>>>>>>>>>>>>>>>>>
<<<<<<<<<<<<<<<<< Partial Matcher based on Cheap Kmers Started!! >>>>>>>>>>>>>>>>>>
Partial Mathing based on Cheap Kmer took: 9.78 seconds
------------more partial matching statistics-------------
Number of cheap seeds per query up to q (29522) => Front [average: 0, median: 0, mean: 0] - Back [average: 0, median: 0, mean: 0]
Number of cheap seeds in matched read per query up to q (29522) => [average: 36, median: 36, mean: 36]
Number of reads with at least 1 similar cheap seed per query up to q (29522) => Front [average: 254, median: 247, mean: 254] - Back [average: 249, median: 242, mean: 249]
Number of matches with at least min threshold (16) seeds per query up to q (29522) => Front [average: 134, median: 133, mean: 134] - Back [average: 129, median: 128, mean: 129]
Query time for queries up to q(29522) => [average: 0.000321, median: 0.000296, mean: 0.000321]
--------------------------------------------------------
------------partial matching timing details-------------
extractKmersFromRegions_totalExeTime =  242862485 nanoseconds, 0.24 seconds, 242.86 milliseconds
collectCheapSeeds_totalExeTime =        7546864707 nanoseconds, 7.55 seconds, 7546.86 milliseconds
findMatchedReadWithHihestSeeds_totalExeTime = 151785919 nanoseconds, 0.15 seconds, 151.79 milliseconds
--------------------------------------------------------
<<<<<<<<<<<<<<<<< Partial Matcher based on Cheap Kmers  Ended!! >>>>>>>>>>>>>>>>>>
k-mer max size : 32, stringSize = 30
seed find and extension time (micro second) for queries up to q(29522) => [average: 142539.040664, median: 140550.000000, mean: 142539.040664]
# of queries that pm did not find match : 0
seed find and extension time (micro second) for queries up to q(29522) => [average: 145130.627312, median: 140772.000000, mean: 145130.627312]
# of queries that pm did not find match : 0
