[bwa_index] Pack FASTA... 33.59 sec
[bwa_index] Construct BWT for the packed sequence...
[BWTIncCreate] textLength=5951250600, availableWord=430751956
[BWTIncConstructFromPacked] 10 iterations done. 99999992 characters processed.
[BWTIncConstructFromPacked] 20 iterations done. 199999992 characters processed.
[BWTIncConstructFromPacked] 30 iterations done. 299999992 characters processed.
[BWTIncConstructFromPacked] 40 iterations done. 399999992 characters processed.
[BWTIncConstructFromPacked] 50 iterations done. 499999992 characters processed.
[BWTIncConstructFromPacked] 60 iterations done. 599999992 characters processed.
[BWTIncConstructFromPacked] 70 iterations done. 699999992 characters processed.
[BWTIncConstructFromPacked] 80 iterations done. 799999992 characters processed.
[BWTIncConstructFromPacked] 90 iterations done. 899999992 characters processed.
[BWTIncConstructFromPacked] 100 iterations done. 999999992 characters processed.
[BWTIncConstructFromPacked] 110 iterations done. 1099999992 characters processed.
[BWTIncConstructFromPacked] 120 iterations done. 1199999992 characters processed.
[BWTIncConstructFromPacked] 130 iterations done. 1299999992 characters processed.
[BWTIncConstructFromPacked] 140 iterations done. 1399999992 characters processed.
[BWTIncConstructFromPacked] 150 iterations done. 1499999992 characters processed.
[BWTIncConstructFromPacked] 160 iterations done. 1599999992 characters processed.
[BWTIncConstructFromPacked] 170 iterations done. 1699999992 characters processed.
[BWTIncConstructFromPacked] 180 iterations done. 1799999992 characters processed.
[BWTIncConstructFromPacked] 190 iterations done. 1899999992 characters processed.
[BWTIncConstructFromPacked] 200 iterations done. 1999999992 characters processed.
[BWTIncConstructFromPacked] 210 iterations done. 2099999992 characters processed.
[BWTIncConstructFromPacked] 220 iterations done. 2199999992 characters processed.
[BWTIncConstructFromPacked] 230 iterations done. 2299999992 characters processed.
[BWTIncConstructFromPacked] 240 iterations done. 2399999992 characters processed.
[BWTIncConstructFromPacked] 250 iterations done. 2499999992 characters processed.
[BWTIncConstructFromPacked] 260 iterations done. 2599999992 characters processed.
[BWTIncConstructFromPacked] 270 iterations done. 2699999992 characters processed.
[BWTIncConstructFromPacked] 280 iterations done. 2799999992 characters processed.
[BWTIncConstructFromPacked] 290 iterations done. 2899999992 characters processed.
[BWTIncConstructFromPacked] 300 iterations done. 2999999992 characters processed.
[BWTIncConstructFromPacked] 310 iterations done. 3099999992 characters processed.
[BWTIncConstructFromPacked] 320 iterations done. 3199999992 characters processed.
[BWTIncConstructFromPacked] 330 iterations done. 3299999992 characters processed.
[BWTIncConstructFromPacked] 340 iterations done. 3399999992 characters processed.
[BWTIncConstructFromPacked] 350 iterations done. 3499999992 characters processed.
[BWTIncConstructFromPacked] 360 iterations done. 3599999992 characters processed.
[BWTIncConstructFromPacked] 370 iterations done. 3699999992 characters processed.
[BWTIncConstructFromPacked] 380 iterations done. 3799999992 characters processed.
[BWTIncConstructFromPacked] 390 iterations done. 3899999992 characters processed.
[BWTIncConstructFromPacked] 400 iterations done. 3999999992 characters processed.
[BWTIncConstructFromPacked] 410 iterations done. 4099999992 characters processed.
[BWTIncConstructFromPacked] 420 iterations done. 4199999992 characters processed.
[BWTIncConstructFromPacked] 430 iterations done. 4299999992 characters processed.
[BWTIncConstructFromPacked] 440 iterations done. 4399999992 characters processed.
[BWTIncConstructFromPacked] 450 iterations done. 4499999992 characters processed.
[BWTIncConstructFromPacked] 460 iterations done. 4599999992 characters processed.
[BWTIncConstructFromPacked] 470 iterations done. 4699999992 characters processed.
[BWTIncConstructFromPacked] 480 iterations done. 4799999992 characters processed.
[BWTIncConstructFromPacked] 490 iterations done. 4899999992 characters processed.
[BWTIncConstructFromPacked] 500 iterations done. 4999999992 characters processed.
[BWTIncConstructFromPacked] 510 iterations done. 5099999992 characters processed.
[BWTIncConstructFromPacked] 520 iterations done. 5199999992 characters processed.
[BWTIncConstructFromPacked] 530 iterations done. 5299672984 characters processed.
[BWTIncConstructFromPacked] 540 iterations done. 5391369656 characters processed.
[BWTIncConstructFromPacked] 550 iterations done. 5472865912 characters processed.
[BWTIncConstructFromPacked] 560 iterations done. 5545295976 characters processed.
[BWTIncConstructFromPacked] 570 iterations done. 5609667960 characters processed.
[BWTIncConstructFromPacked] 580 iterations done. 5666877912 characters processed.
[BWTIncConstructFromPacked] 590 iterations done. 5717722296 characters processed.
[BWTIncConstructFromPacked] 600 iterations done. 5762908888 characters processed.
[BWTIncConstructFromPacked] 610 iterations done. 5803066808 characters processed.
[BWTIncConstructFromPacked] 620 iterations done. 5838755256 characters processed.
[BWTIncConstructFromPacked] 630 iterations done. 5870471208 characters processed.
[BWTIncConstructFromPacked] 640 iterations done. 5898656408 characters processed.
[BWTIncConstructFromPacked] 650 iterations done. 5923703416 characters processed.
[BWTIncConstructFromPacked] 660 iterations done. 5945961256 characters processed.
[bwt_gen] Finished constructing BWT in 663 iterations.
[bwa_index] 2404.62 seconds elapse.
[bwa_index] Update BWT... 17.87 sec
[bwa_index] Pack forward-only FASTA... 22.89 sec
[bwa_index] Construct SA from BWT and Occ... 966.17 sec
[main] Version: 0.7.17-r1198-dirty
[main] CMD: /p/lava/parmik/bwa/bwa index -p /p/lava/parmik/partialMatcherProject/tools/bwa/SRR14381425/index /p/lava/parmik/partialMatcherProject/datasets/metagenomicDB/SRR14381425/SRR14381425_reads
[main] Real time: 3574.968 sec; CPU: 3445.148 sec
