Region (10, 29) & (0, 0): 25025481 members
Region (30, 59) & (0, 0): 3424861 members
Region (60, 99) & (0, 0): 3469884 members
Region (100, 129) & (0, 0): 2574345 members
Region (130, 159) & (0, 0): 1707227 members
Region (10, 29) & (1, 9): 9744410 members
Region (30, 59) & (1, 9): 232134 members
Region (60, 99) & (1, 9): 70961 members
Region (100, 129) & (1, 9): 27496 members
Region (130, 159) & (1, 9): 3240 members
Region (10, 29) & (10, 29): 23280 members
Region (30, 59) & (10, 29): 43965 members
Region (60, 99) & (10, 29): 32405 members
Region (100, 129) & (10, 29): 11787 members
Region (130, 159) & (10, 29): 182 members
Region (10, 29) & (30, 59): 31 members
Region (30, 59) & (30, 59): 517 members
Region (60, 99) & (30, 59): 839 members
Region (100, 129) & (30, 59): 59 members
Region (130, 159) & (30, 59): 0 members
Region (10, 29) & (60, 99): 33 members
Region (30, 59) & (60, 99): 14 members
Region (60, 99) & (60, 99): 0 members
Region (100, 129) & (60, 99): 0 members
Region (130, 159) & (60, 99): 0 members
