no otherToolArg!
**********************CONFIGURATIONS*****************************
PARMIK mode:                  1
readDatabaseAddress:          /p/lava/parmik/partialMatcherProject/datasets/metagenomicDB/SRR14381425/SRR14381425_reads
readFileName:                 SRR14381425_reads
queryFileAddress:             /p/lava/parmik/partialMatcherProject/datasets/queryFiles/covidQueryFiles/NC_045512_queries
queryFileName:                NC_045512_queries
otherToolOutputFileAddress:   /u/rgq5aw/GIT/PARMIK/partialMatcherProject/tools/blast/SRR12432009/NC_045512/blastn_ws30_results.out
outputDir:                    /p/lava/parmik/partialMatcherProject/tools/gt/SRR14381425/NC_045512
readsCount:                   27000000
queryCount:                   30000
kmerLength:                   30
regionSize:                   50
minExactMatchLen:             30
overlapsize:                  29
cheapKmerThreshold:           0
minNumExactMatchKmer:         1
isIndexOffline:               1
offlineIndexAddress:          /p/lava/parmik/partialMatcherProject/tools/gt/SRR14381425/index
isVeboseLog:                  0
**********************CONFIGURATIONS*****************************
numberOfReadsWithN : 0
queryCount : 29754
numberOfReadsWithN : 0
readCount : 19837502
