no kmerRangesFileAddressArg!
no otherToolArg!
**********************CONFIGURATIONS*****************************
PARMIK mode:                  3
readDatabaseAddress:          /p/lava/parmik/partialMatcherProject/datasets/metagenomicDB/SRR14381434/SRR14381434_reads
readFileName:                 SRR14381434_reads
queryFileAddress:             /p/lava/parmik/partialMatcherProject/datasets/queryFiles/covidQueryFiles/NC_045512_chunks/NC_045512_queries_28000-28999
queryFileName:                NC_045512_queries_28000-28999
otherToolOutputFileAddress:   /u/rgq5aw/GIT/PARMIK/partialMatcherProject/tools/blast/SRR14381434/NC_045512/blastn_ws30_results.out
outputDir:                    /p/lava/parmik/partialMatcherProject/tools/baseline_ssw/SRR14381434/NC_045512
penaltyFileAddress:           /u/rgq5aw/GIT/PARMIK/experiments/parmik/CK_SSW_ID_PRCNTG/PenaltySets/2484_1111_2444_2288_2848
kmerRangesFileAddress:        
readsCount:                   17000000
queryCount:                   30000
kmerLength:                   11
regionSize:                   48
cheapKmerThreshold:           0
identityPercentage:           0.85
minExactMatchLen:             0
minNumExactMatchKmer:         0
isIndexOffline:               1
offlineIndexAddress:          /p/lava/parmik/partialMatcherProject/tools/parmik/CK_INDEX/SRR14381434/
max editDistance in min region: 2
**********************CONFIGURATIONS*****************************
--------------Penalties--------------
m: 2, s: 4, go: 8, ge: 4
m: 1, s: 1, go: 1, ge: 1
m: 2, s: 4, go: 4, ge: 4
m: 2, s: 2, go: 8, ge: 8
m: 2, s: 8, go: 4, ge: 8
------------------------------------
numberOfReadsWithN : 0
queryCount : 1000
numberOfReadsWithN : 0
readCount : 9488668
offlineCheapIndexAddress: /p/lava/parmik/partialMatcherProject/tools/parmik/CK_INDEX/SRR14381434/ck_T0_K11_r17000000
pmrkAlignmentsAddress: /p/lava/parmik/partialMatcherProject/tools/baseline_ssw/SRR14381434/NC_045512/aln/pmAln_R48_PI85_L0_M0_E2_K11_T0_P_2484_1111_2444_2288_2848.txt
Starting alignment for all queries [fwd]...
queryBaseIndex: 28000
query [28000]: # of matches found 10885 and it took: 57619.5ms
query [28001]: # of matches found 10911 and it took: 58097.4ms
query [28002]: # of matches found 10962 and it took: 57915ms
query [28003]: # of matches found 10965 and it took: 57945.8ms
query [28004]: # of matches found 10990 and it took: 57612.7ms
query [28005]: # of matches found 10986 and it took: 57565ms
query [28006]: # of matches found 10978 and it took: 57641.9ms
query [28007]: # of matches found 11014 and it took: 57693.4ms
query [28008]: # of matches found 10940 and it took: 57131.2ms
query [28009]: # of matches found 12738 and it took: 57696.2ms
query [28010]: # of matches found 12790 and it took: 57214.1ms
query [28011]: # of matches found 12886 and it took: 57484.1ms
query [28012]: # of matches found 12910 and it took: 57634.8ms
query [28013]: # of matches found 12948 and it took: 57420.6ms
query [28014]: # of matches found 12951 and it took: 57291.5ms
query [28015]: # of matches found 12948 and it took: 57260ms
query [28016]: # of matches found 12959 and it took: 57206.8ms
query [28017]: # of matches found 12815 and it took: 57522ms
query [28018]: # of matches found 12838 and it took: 57130.2ms
query [28019]: # of matches found 12915 and it took: 57420.2ms
query [28020]: # of matches found 12968 and it took: 56966.6ms
query [28021]: # of matches found 12922 and it took: 57038.9ms
query [28022]: # of matches found 12904 and it took: 57330.3ms
query [28023]: # of matches found 12807 and it took: 57139.1ms
query [28024]: # of matches found 12712 and it took: 56875.6ms
query [28025]: # of matches found 12652 and it took: 56725.1ms
query [28026]: # of matches found 12618 and it took: 56769.6ms
query [28027]: # of matches found 12617 and it took: 56882.3ms
query [28028]: # of matches found 12635 and it took: 56626.2ms
query [28029]: # of matches found 12628 and it took: 56665.5ms
query [28030]: # of matches found 12610 and it took: 56939.6ms
query [28031]: # of matches found 12604 and it took: 56603.4ms
query [28032]: # of matches found 12617 and it took: 56380.9ms
query [28033]: # of matches found 12776 and it took: 56549.7ms
query [28034]: # of matches found 12767 and it took: 56054.6ms
query [28035]: # of matches found 12742 and it took: 56240.7ms
query [28036]: # of matches found 12743 and it took: 56314.1ms
query [28037]: # of matches found 12745 and it took: 56403.5ms
query [28038]: # of matches found 12731 and it took: 56205.2ms
query [28039]: # of matches found 12754 and it took: 56420.6ms
query [28040]: # of matches found 12794 and it took: 56051.5ms
query [28041]: # of matches found 12785 and it took: 56319.1ms
query [28042]: # of matches found 12721 and it took: 56258.4ms
query [28043]: # of matches found 13066 and it took: 56594.2ms
query [28044]: # of matches found 12887 and it took: 56289.6ms
query [28045]: # of matches found 13334 and it took: 56311.9ms
query [28046]: # of matches found 13297 and it took: 56783ms
query [28047]: # of matches found 13260 and it took: 56721.7ms
query [28048]: # of matches found 13149 and it took: 56678.3ms
query [28049]: # of matches found 13097 and it took: 56689.9ms
query [28050]: # of matches found 13238 and it took: 56403.8ms
query [28051]: # of matches found 13369 and it took: 56821.1ms
query [28052]: # of matches found 13342 and it took: 57006.9ms
query [28053]: # of matches found 13371 and it took: 56971.5ms
query [28054]: # of matches found 13311 and it took: 56798.4ms
query [28055]: # of matches found 13324 and it took: 56351.1ms
query [28056]: # of matches found 13325 and it took: 57093ms
query [28057]: # of matches found 13267 and it took: 56753.4ms
query [28058]: # of matches found 13237 and it took: 56722.6ms
query [28059]: # of matches found 13156 and it took: 56600ms
query [28060]: # of matches found 13070 and it took: 56585ms
query [28061]: # of matches found 12903 and it took: 57118.6ms
query [28062]: # of matches found 12811 and it took: 57867.5ms
query [28063]: # of matches found 12579 and it took: 57390.9ms
query [28064]: # of matches found 13328 and it took: 57107.4ms
query [28065]: # of matches found 13281 and it took: 56568.3ms
query [28066]: # of matches found 13249 and it took: 57338ms
query [28067]: # of matches found 15715 and it took: 56794.5ms
query [28068]: # of matches found 15814 and it took: 57377.1ms
query [28069]: # of matches found 15806 and it took: 57019.4ms
query [28070]: # of matches found 15390 and it took: 56845.2ms
query [28071]: # of matches found 14728 and it took: 56986.6ms
query [28072]: # of matches found 14740 and it took: 56719ms
query [28073]: # of matches found 14624 and it took: 56809.8ms
query [28074]: # of matches found 15063 and it took: 56668.8ms
query [28075]: # of matches found 14931 and it took: 55465.5ms
query [28076]: # of matches found 14903 and it took: 56394.4ms
query [28077]: # of matches found 14847 and it took: 55691.4ms
query [28078]: # of matches found 14813 and it took: 55663.5ms
query [28079]: # of matches found 14760 and it took: 55623.4ms
query [28080]: # of matches found 14682 and it took: 55535.9ms
query [28081]: # of matches found 14641 and it took: 55881.4ms
query [28082]: # of matches found 14630 and it took: 55586.6ms
query [28083]: # of matches found 14574 and it took: 55822.4ms
query [28084]: # of matches found 14503 and it took: 56115.9ms
query [28085]: # of matches found 14511 and it took: 54953.9ms
query [28086]: # of matches found 14510 and it took: 56181ms
query [28087]: # of matches found 14531 and it took: 55936.6ms
query [28088]: # of matches found 14373 and it took: 55954.7ms
query [28089]: # of matches found 14387 and it took: 55689.2ms
query [28090]: # of matches found 14358 and it took: 55998ms
query [28091]: # of matches found 14334 and it took: 56032.9ms
query [28092]: # of matches found 14304 and it took: 55774.6ms
query [28093]: # of matches found 14311 and it took: 56179.1ms
query [28094]: # of matches found 14328 and it took: 56348.3ms
query [28095]: # of matches found 14313 and it took: 55310.8ms
query [28096]: # of matches found 14340 and it took: 56113ms
query [28097]: # of matches found 14650 and it took: 55923.7ms
query [28098]: # of matches found 14673 and it took: 56031ms
query [28099]: # of matches found 14655 and it took: 55804.9ms
query [28100]: # of matches found 14738 and it took: 55858.4ms
query [28101]: # of matches found 14655 and it took: 55823.3ms
query [28102]: # of matches found 15038 and it took: 55521ms
query [28103]: # of matches found 15041 and it took: 55731.1ms
query [28104]: # of matches found 15066 and it took: 55790.1ms
query [28105]: # of matches found 15147 and it took: 55038ms
query [28106]: # of matches found 15185 and it took: 55717.2ms
query [28107]: # of matches found 15160 and it took: 55292.2ms
query [28108]: # of matches found 15574 and it took: 55624.4ms
query [28109]: # of matches found 15663 and it took: 55417.7ms
query [28110]: # of matches found 15722 and it took: 55715.6ms
query [28111]: # of matches found 15678 and it took: 55527.7ms
query [28112]: # of matches found 16049 and it took: 55267.5ms
query [28113]: # of matches found 17996 and it took: 55473.5ms
query [28114]: # of matches found 18004 and it took: 55361.8ms
query [28115]: # of matches found 17981 and it took: 54375.1ms
query [28116]: # of matches found 17938 and it took: 55316.2ms
query [28117]: # of matches found 17934 and it took: 54994.4ms
query [28118]: # of matches found 18096 and it took: 55187ms
query [28119]: # of matches found 18163 and it took: 55189.5ms
query [28120]: # of matches found 18159 and it took: 55175.9ms
query [28121]: # of matches found 18162 and it took: 55113.7ms
query [28122]: # of matches found 18085 and it took: 54872.2ms
query [28123]: # of matches found 18519 and it took: 55174.8ms
query [28124]: # of matches found 18656 and it took: 55148.3ms
query [28125]: # of matches found 18684 and it took: 54445.2ms
query [28126]: # of matches found 18839 and it took: 55626.9ms
query [28127]: # of matches found 20910 and it took: 54583.9ms
query [28128]: # of matches found 20909 and it took: 54602.4ms
query [28129]: # of matches found 20781 and it took: 54545ms
query [28130]: # of matches found 20841 and it took: 54944.9ms
query [28131]: # of matches found 20936 and it took: 55135.4ms
query [28132]: # of matches found 20943 and it took: 54519.2ms
query [28133]: # of matches found 20907 and it took: 54887.6ms
query [28134]: # of matches found 20882 and it took: 55077.2ms
query [28135]: # of matches found 21358 and it took: 54218.4ms
query [28136]: # of matches found 21426 and it took: 55059.9ms
query [28137]: # of matches found 21450 and it took: 54538.3ms
query [28138]: # of matches found 21604 and it took: 54579.5ms
query [28139]: # of matches found 21606 and it took: 54489.2ms
query [28140]: # of matches found 21566 and it took: 54816.6ms
query [28141]: # of matches found 21519 and it took: 54906.2ms
query [28142]: # of matches found 21526 and it took: 54660.4ms
query [28143]: # of matches found 21522 and it took: 54879ms
query [28144]: # of matches found 21569 and it took: 55297.1ms
query [28145]: # of matches found 21530 and it took: 54206.3ms
query [28146]: # of matches found 21553 and it took: 54909.3ms
query [28147]: # of matches found 21515 and it took: 54672.5ms
query [28148]: # of matches found 21469 and it took: 54528.2ms
query [28149]: # of matches found 19568 and it took: 54367.8ms
query [28150]: # of matches found 19474 and it took: 54581.1ms
query [28151]: # of matches found 19382 and it took: 54502.5ms
query [28152]: # of matches found 19871 and it took: 53918.7ms
query [28153]: # of matches found 19860 and it took: 54297.9ms
query [28154]: # of matches found 19866 and it took: 54354.5ms
query [28155]: # of matches found 19883 and it took: 53794.9ms
query [28156]: # of matches found 19940 and it took: 54302.6ms
query [28157]: # of matches found 19955 and it took: 54310ms
query [28158]: # of matches found 19974 and it took: 54465.6ms
query [28159]: # of matches found 19861 and it took: 54961.6ms
query [28160]: # of matches found 19806 and it took: 54552.8ms
query [28161]: # of matches found 19869 and it took: 54254.4ms
query [28162]: # of matches found 20203 and it took: 54135.3ms
query [28163]: # of matches found 20277 and it took: 54027.9ms
query [28164]: # of matches found 20306 and it took: 54567.5ms
query [28165]: # of matches found 20332 and it took: 54459.6ms
query [28166]: # of matches found 20933 and it took: 54813.3ms
query [28167]: # of matches found 20937 and it took: 54726.7ms
query [28168]: # of matches found 20933 and it took: 54382.9ms
query [28169]: # of matches found 20921 and it took: 54296.2ms
query [28170]: # of matches found 20924 and it took: 54482.1ms
query [28171]: # of matches found 21007 and it took: 54410.5ms
query [28172]: # of matches found 20989 and it took: 53975.6ms
query [28173]: # of matches found 20983 and it took: 54091.4ms
query [28174]: # of matches found 21000 and it took: 54404.5ms
query [28175]: # of matches found 21028 and it took: 54134.9ms
query [28176]: # of matches found 21012 and it took: 54426.9ms
query [28177]: # of matches found 21038 and it took: 54760.5ms
query [28178]: # of matches found 21044 and it took: 54423ms
query [28179]: # of matches found 21084 and it took: 54436.5ms
query [28180]: # of matches found 21093 and it took: 54767.4ms
query [28181]: # of matches found 21125 and it took: 54918.3ms
query [28182]: # of matches found 21141 and it took: 54717ms
query [28183]: # of matches found 21090 and it took: 55166ms
query [28184]: # of matches found 20879 and it took: 55273.3ms
query [28185]: # of matches found 20452 and it took: 55117ms
query [28186]: # of matches found 20497 and it took: 55288.4ms
query [28187]: # of matches found 20508 and it took: 55377.4ms
query [28188]: # of matches found 20522 and it took: 55390.6ms
query [28189]: # of matches found 20514 and it took: 55294.7ms
query [28190]: # of matches found 20477 and it took: 55428.9ms
query [28191]: # of matches found 20160 and it took: 55486.1ms
query [28192]: # of matches found 20195 and it took: 55725.8ms
query [28193]: # of matches found 20134 and it took: 55497.6ms
query [28194]: # of matches found 20142 and it took: 55240.8ms
query [28195]: # of matches found 20168 and it took: 55308.7ms
query [28196]: # of matches found 20159 and it took: 55535.3ms
query [28197]: # of matches found 20175 and it took: 55721ms
query [28198]: # of matches found 20236 and it took: 55948.8ms
query [28199]: # of matches found 20380 and it took: 56270.5ms
query [28200]: # of matches found 20512 and it took: 56511.2ms
query [28201]: # of matches found 22416 and it took: 56670.7ms
query [28202]: # of matches found 22454 and it took: 56656.6ms
query [28203]: # of matches found 22446 and it took: 57259.8ms
query [28204]: # of matches found 21623 and it took: 57770.8ms
query [28205]: # of matches found 21606 and it took: 57999.5ms
query [28206]: # of matches found 21609 and it took: 58198.3ms
query [28207]: # of matches found 19209 and it took: 58452.8ms
query [28208]: # of matches found 19146 and it took: 57835.4ms
query [28209]: # of matches found 19065 and it took: 58445ms
query [28210]: # of matches found 19043 and it took: 58676.4ms
query [28211]: # of matches found 19104 and it took: 58357.8ms
query [28212]: # of matches found 19041 and it took: 58627.2ms
query [28213]: # of matches found 19042 and it took: 59000ms
query [28214]: # of matches found 18574 and it took: 59709.8ms
query [28215]: # of matches found 18606 and it took: 59598.5ms
query [28216]: # of matches found 22929 and it took: 59943.1ms
query [28217]: # of matches found 22906 and it took: 59870.6ms
query [28218]: # of matches found 22986 and it took: 59208ms
query [28219]: # of matches found 23007 and it took: 60294.3ms
query [28220]: # of matches found 23190 and it took: 60423.1ms
query [28221]: # of matches found 23263 and it took: 59882.1ms
query [28222]: # of matches found 23292 and it took: 60611.8ms
query [28223]: # of matches found 23821 and it took: 61639.1ms
query [28224]: # of matches found 23869 and it took: 61800.6ms
query [28225]: # of matches found 23862 and it took: 62131.2ms
query [28226]: # of matches found 23933 and it took: 62183.7ms
query [28227]: # of matches found 24212 and it took: 61959ms
query [28228]: # of matches found 24340 and it took: 61717.4ms
query [28229]: # of matches found 24448 and it took: 62377.3ms
query [28230]: # of matches found 24812 and it took: 63023.4ms
query [28231]: # of matches found 26009 and it took: 62900.7ms
query [28232]: # of matches found 26040 and it took: 63088.4ms
query [28233]: # of matches found 26162 and it took: 63572.8ms
query [28234]: # of matches found 26235 and it took: 63029.1ms
query [28235]: # of matches found 26237 and it took: 63460.6ms
query [28236]: # of matches found 26199 and it took: 63729.7ms
query [28237]: # of matches found 25992 and it took: 63359.3ms
query [28238]: # of matches found 25867 and it took: 63215.7ms
query [28239]: # of matches found 25888 and it took: 63877.2ms
query [28240]: # of matches found 25900 and it took: 63931.4ms
query [28241]: # of matches found 26070 and it took: 63137.5ms
query [28242]: # of matches found 25709 and it took: 63879.6ms
query [28243]: # of matches found 25791 and it took: 63877.9ms
query [28244]: # of matches found 25763 and it took: 63919.3ms
query [28245]: # of matches found 25644 and it took: 64617.6ms
query [28246]: # of matches found 25631 and it took: 64719.7ms
query [28247]: # of matches found 25710 and it took: 64281.1ms
query [28248]: # of matches found 25357 and it took: 64198.3ms
query [28249]: # of matches found 25391 and it took: 65186.5ms
query [28250]: # of matches found 25358 and it took: 65482.1ms
query [28251]: # of matches found 25612 and it took: 65576.6ms
query [28252]: # of matches found 25614 and it took: 65655.4ms
query [28253]: # of matches found 25811 and it took: 65674.5ms
query [28254]: # of matches found 23579 and it took: 65265.8ms
query [28255]: # of matches found 24375 and it took: 66016.6ms
query [28256]: # of matches found 24363 and it took: 66226.7ms
query [28257]: # of matches found 24350 and it took: 65815.3ms
query [28258]: # of matches found 24210 and it took: 65181ms
query [28259]: # of matches found 24152 and it took: 66107.3ms
query [28260]: # of matches found 24162 and it took: 65933.1ms
query [28261]: # of matches found 24131 and it took: 65618.5ms
query [28262]: # of matches found 25061 and it took: 65851.6ms
query [28263]: # of matches found 24689 and it took: 66181.4ms
query [28264]: # of matches found 24403 and it took: 65825.6ms
query [28265]: # of matches found 24329 and it took: 66078.4ms
query [28266]: # of matches found 24162 and it took: 66038.8ms
query [28267]: # of matches found 21989 and it took: 65482.3ms
query [28268]: # of matches found 21985 and it took: 65043.2ms
query [28269]: # of matches found 21945 and it took: 65780.3ms
query [28270]: # of matches found 21961 and it took: 65197.3ms
query [28271]: # of matches found 21923 and it took: 64773.3ms
query [28272]: # of matches found 21916 and it took: 65928.7ms
query [28273]: # of matches found 21846 and it took: 66038.6ms
query [28274]: # of matches found 21815 and it took: 65853.9ms
query [28275]: # of matches found 21276 and it took: 66426.9ms
query [28276]: # of matches found 21177 and it took: 66378.6ms
query [28277]: # of matches found 21144 and it took: 65897ms
query [28278]: # of matches found 20898 and it took: 66187.9ms
query [28279]: # of matches found 21318 and it took: 67008.8ms
query [28280]: # of matches found 21321 and it took: 66303.7ms
query [28281]: # of matches found 21316 and it took: 66110.3ms
query [28282]: # of matches found 21349 and it took: 66310.8ms
query [28283]: # of matches found 21297 and it took: 66840.3ms
query [28284]: # of matches found 21241 and it took: 66279.4ms
query [28285]: # of matches found 21226 and it took: 66811.4ms
query [28286]: # of matches found 21173 and it took: 67400ms
query [28287]: # of matches found 21237 and it took: 66567.2ms
query [28288]: # of matches found 21179 and it took: 66601ms
query [28289]: # of matches found 21144 and it took: 67175.4ms
query [28290]: # of matches found 21153 and it took: 66607.6ms
query [28291]: # of matches found 21413 and it took: 66657.3ms
query [28292]: # of matches found 21652 and it took: 67249.2ms
query [28293]: # of matches found 21623 and it took: 68564.4ms
query [28294]: # of matches found 21658 and it took: 66611.6ms
query [28295]: # of matches found 21684 and it took: 67491.9ms
query [28296]: # of matches found 21595 and it took: 67275.9ms
query [28297]: # of matches found 21695 and it took: 66690.7ms
query [28298]: # of matches found 21729 and it took: 65987ms
query [28299]: # of matches found 21729 and it took: 67147.2ms
query [28300]: # of matches found 21771 and it took: 66615.3ms
query [28301]: # of matches found 21761 and it took: 66564ms
query [28302]: # of matches found 21758 and it took: 67012.9ms
query [28303]: # of matches found 21712 and it took: 67542.4ms
query [28304]: # of matches found 21693 and it took: 66718.6ms
query [28305]: # of matches found 21562 and it took: 67371.9ms
query [28306]: # of matches found 21130 and it took: 68354.8ms
query [28307]: # of matches found 21153 and it took: 67157.3ms
query [28308]: # of matches found 21196 and it took: 66694.2ms
query [28309]: # of matches found 22354 and it took: 67746.3ms
query [28310]: # of matches found 22411 and it took: 67730ms
query [28311]: # of matches found 22424 and it took: 67666.8ms
query [28312]: # of matches found 22484 and it took: 68281ms
query [28313]: # of matches found 22353 and it took: 68598ms
query [28314]: # of matches found 22386 and it took: 67827.1ms
query [28315]: # of matches found 22752 and it took: 67997.3ms
query [28316]: # of matches found 22748 and it took: 68467.3ms
query [28317]: # of matches found 22758 and it took: 67657.4ms
query [28318]: # of matches found 22830 and it took: 66886.6ms
query [28319]: # of matches found 22799 and it took: 67490ms
query [28320]: # of matches found 22749 and it took: 66518.1ms
query [28321]: # of matches found 22805 and it took: 66922.9ms
query [28322]: # of matches found 22800 and it took: 67334.8ms
query [28323]: # of matches found 22764 and it took: 67101ms
query [28324]: # of matches found 22673 and it took: 66224ms
query [28325]: # of matches found 22633 and it took: 65844.8ms
query [28326]: # of matches found 22566 and it took: 66450.8ms
query [28327]: # of matches found 22510 and it took: 65732.5ms
query [28328]: # of matches found 22516 and it took: 65052.5ms
query [28329]: # of matches found 22496 and it took: 65484.1ms
query [28330]: # of matches found 22676 and it took: 64962.7ms
query [28331]: # of matches found 22992 and it took: 65375.4ms
query [28332]: # of matches found 23005 and it took: 65850.5ms
query [28333]: # of matches found 23099 and it took: 65538.1ms
query [28334]: # of matches found 23268 and it took: 64856.5ms
query [28335]: # of matches found 23406 and it took: 64843.6ms
query [28336]: # of matches found 23492 and it took: 65811.8ms
query [28337]: # of matches found 23548 and it took: 65806.3ms
query [28338]: # of matches found 23656 and it took: 65460.3ms
query [28339]: # of matches found 23601 and it took: 65476.6ms
query [28340]: # of matches found 23510 and it took: 65334.4ms
query [28341]: # of matches found 21543 and it took: 65478.3ms
query [28342]: # of matches found 21520 and it took: 65159.7ms
query [28343]: # of matches found 21453 and it took: 65189.3ms
query [28344]: # of matches found 21441 and it took: 64701ms
query [28345]: # of matches found 21467 and it took: 64624.8ms
query [28346]: # of matches found 21468 and it took: 65514.9ms
query [28347]: # of matches found 21422 and it took: 64327.6ms
query [28348]: # of matches found 21468 and it took: 64242.2ms
query [28349]: # of matches found 21510 and it took: 64892.7ms
query [28350]: # of matches found 21496 and it took: 64431.4ms
query [28351]: # of matches found 21456 and it took: 64558.8ms
query [28352]: # of matches found 24017 and it took: 64513ms
query [28353]: # of matches found 24760 and it took: 64663.5ms
query [28354]: # of matches found 24811 and it took: 63749.1ms
query [28355]: # of matches found 24883 and it took: 63911.7ms
query [28356]: # of matches found 21158 and it took: 65041.2ms
query [28357]: # of matches found 21630 and it took: 64702.3ms
query [28358]: # of matches found 21580 and it took: 64262.5ms
query [28359]: # of matches found 21597 and it took: 64680.7ms
query [28360]: # of matches found 21573 and it took: 64433.2ms
query [28361]: # of matches found 21330 and it took: 64739.4ms
query [28362]: # of matches found 21310 and it took: 65198.3ms
query [28363]: # of matches found 21312 and it took: 64911.2ms
query [28364]: # of matches found 20783 and it took: 63905.4ms
query [28365]: # of matches found 20741 and it took: 64649ms
query [28366]: # of matches found 20716 and it took: 65698.1ms
query [28367]: # of matches found 20832 and it took: 64971.6ms
query [28368]: # of matches found 20685 and it took: 64122.7ms
query [28369]: # of matches found 20704 and it took: 64464.4ms
query [28370]: # of matches found 20352 and it took: 63767.9ms
query [28371]: # of matches found 19180 and it took: 63740.1ms
query [28372]: # of matches found 19152 and it took: 64598.7ms
query [28373]: # of matches found 19174 and it took: 64390.5ms
query [28374]: # of matches found 19103 and it took: 64016.7ms
query [28375]: # of matches found 19147 and it took: 65679.2ms
query [28376]: # of matches found 19239 and it took: 65192.6ms
query [28377]: # of matches found 19267 and it took: 64880.8ms
query [28378]: # of matches found 19260 and it took: 64543.9ms
query [28379]: # of matches found 19337 and it took: 63996.6ms
query [28380]: # of matches found 19309 and it took: 63520.5ms
query [28381]: # of matches found 19144 and it took: 63687.4ms
query [28382]: # of matches found 19150 and it took: 64861.9ms
query [28383]: # of matches found 19044 and it took: 64484.4ms
query [28384]: # of matches found 19014 and it took: 63531.4ms
query [28385]: # of matches found 19041 and it took: 63929.4ms
query [28386]: # of matches found 19065 and it took: 64714ms
query [28387]: # of matches found 19203 and it took: 64450.8ms
query [28388]: # of matches found 19153 and it took: 64618.2ms
query [28389]: # of matches found 19135 and it took: 64048.1ms
query [28390]: # of matches found 19011 and it took: 63227.2ms
query [28391]: # of matches found 18764 and it took: 62237.2ms
query [28392]: # of matches found 18738 and it took: 64973ms
query [28393]: # of matches found 18593 and it took: 63860.4ms
query [28394]: # of matches found 18365 and it took: 65143.5ms
query [28395]: # of matches found 17632 and it took: 65005.1ms
query [28396]: # of matches found 17586 and it took: 65125.2ms
query [28397]: # of matches found 17633 and it took: 64997.8ms
query [28398]: # of matches found 17650 and it took: 64954.6ms
query [28399]: # of matches found 17647 and it took: 64919.5ms
query [28400]: # of matches found 17792 and it took: 64229.3ms
query [28401]: # of matches found 17830 and it took: 63769.1ms
query [28402]: # of matches found 17470 and it took: 66086.5ms
query [28403]: # of matches found 17438 and it took: 65006.8ms
query [28404]: # of matches found 17505 and it took: 66228.3ms
query [28405]: # of matches found 17488 and it took: 65844.7ms
query [28406]: # of matches found 17522 and it took: 65809.5ms
query [28407]: # of matches found 17506 and it took: 65945.9ms
query [28408]: # of matches found 17503 and it took: 66192.7ms
query [28409]: # of matches found 17521 and it took: 66692.9ms
query [28410]: # of matches found 17454 and it took: 66557.7ms
query [28411]: # of matches found 17430 and it took: 65329.1ms
query [28412]: # of matches found 17326 and it took: 67547.5ms
query [28413]: # of matches found 17362 and it took: 66636.7ms
query [28414]: # of matches found 17419 and it took: 68619.3ms
query [28415]: # of matches found 18486 and it took: 68164.2ms
query [28416]: # of matches found 19052 and it took: 68578.3ms
query [28417]: # of matches found 19387 and it took: 68203.2ms
query [28418]: # of matches found 19662 and it took: 68619.4ms
query [28419]: # of matches found 19824 and it took: 69638.4ms
query [28420]: # of matches found 19574 and it took: 68421.1ms
query [28421]: # of matches found 19660 and it took: 66732.8ms
query [28422]: # of matches found 19672 and it took: 68837.2ms
query [28423]: # of matches found 19655 and it took: 67266.2ms
query [28424]: # of matches found 19697 and it took: 68557.5ms
query [28425]: # of matches found 19705 and it took: 68161.5ms
query [28426]: # of matches found 19712 and it took: 68287.6ms
query [28427]: # of matches found 19656 and it took: 67748.2ms
query [28428]: # of matches found 19695 and it took: 67693ms
query [28429]: # of matches found 19795 and it took: 67910ms
query [28430]: # of matches found 20078 and it took: 66889.8ms
query [28431]: # of matches found 19984 and it took: 65489.2ms
query [28432]: # of matches found 19340 and it took: 67138.8ms
query [28433]: # of matches found 19351 and it took: 66084.8ms
query [28434]: # of matches found 19353 and it took: 67327.7ms
query [28435]: # of matches found 19327 and it took: 66858.3ms
query [28436]: # of matches found 19431 and it took: 67059.9ms
query [28437]: # of matches found 19352 and it took: 67027ms
query [28438]: # of matches found 19289 and it took: 67326.7ms
query [28439]: # of matches found 19268 and it took: 67336.2ms
query [28440]: # of matches found 19304 and it took: 66555.8ms
query [28441]: # of matches found 19378 and it took: 65576.8ms
query [28442]: # of matches found 19308 and it took: 67035.4ms
query [28443]: # of matches found 19177 and it took: 65448.9ms
query [28444]: # of matches found 19174 and it took: 66237.3ms
query [28445]: # of matches found 19165 and it took: 66188.1ms
query [28446]: # of matches found 19124 and it took: 66205.9ms
query [28447]: # of matches found 19046 and it took: 66172.6ms
query [28448]: # of matches found 19080 and it took: 66657.7ms
query [28449]: # of matches found 17939 and it took: 66528.8ms
query [28450]: # of matches found 17917 and it took: 65881.8ms
query [28451]: # of matches found 17853 and it took: 64677.3ms
query [28452]: # of matches found 17849 and it took: 66806.5ms
query [28453]: # of matches found 17827 and it took: 65577.9ms
query [28454]: # of matches found 17816 and it took: 66705.5ms
query [28455]: # of matches found 17638 and it took: 66471.3ms
query [28456]: # of matches found 17548 and it took: 66360.8ms
query [28457]: # of matches found 17545 and it took: 66293.5ms
query [28458]: # of matches found 17558 and it took: 66460.4ms
query [28459]: # of matches found 17616 and it took: 66584ms
query [28460]: # of matches found 17628 and it took: 65616.8ms
query [28461]: # of matches found 17606 and it took: 64488.8ms
query [28462]: # of matches found 17599 and it took: 66343.5ms
query [28463]: # of matches found 17587 and it took: 65589ms
query [28464]: # of matches found 17593 and it took: 66452ms
query [28465]: # of matches found 17589 and it took: 65691.2ms
query [28466]: # of matches found 17596 and it took: 65658.9ms
query [28467]: # of matches found 17602 and it took: 66333ms
query [28468]: # of matches found 17615 and it took: 66278ms
query [28469]: # of matches found 17628 and it took: 66255.3ms
query [28470]: # of matches found 17500 and it took: 65494.9ms
query [28471]: # of matches found 17268 and it took: 64632.7ms
query [28472]: # of matches found 17320 and it took: 66022.8ms
query [28473]: # of matches found 17701 and it took: 66149.1ms
query [28474]: # of matches found 17534 and it took: 66087.1ms
query [28475]: # of matches found 17409 and it took: 65405.8ms
query [28476]: # of matches found 17337 and it took: 65456.9ms
query [28477]: # of matches found 17374 and it took: 65959.1ms
query [28478]: # of matches found 17739 and it took: 66018.4ms
query [28479]: # of matches found 17925 and it took: 65782.5ms
query [28480]: # of matches found 19078 and it took: 64962.7ms
query [28481]: # of matches found 19166 and it took: 64926.9ms
query [28482]: # of matches found 19412 and it took: 66246.7ms
query [28483]: # of matches found 19535 and it took: 66334.7ms
query [28484]: # of matches found 19606 and it took: 66945.7ms
query [28485]: # of matches found 19589 and it took: 66394.3ms
query [28486]: # of matches found 19635 and it took: 66551.6ms
query [28487]: # of matches found 19718 and it took: 67509.9ms
query [28488]: # of matches found 19771 and it took: 66880.9ms
query [28489]: # of matches found 19672 and it took: 67760.8ms
query [28490]: # of matches found 19654 and it took: 66770.7ms
query [28491]: # of matches found 19635 and it took: 67297.5ms
query [28492]: # of matches found 19522 and it took: 67935.2ms
query [28493]: # of matches found 18792 and it took: 67848.1ms
query [28494]: # of matches found 18755 and it took: 67442.2ms
query [28495]: # of matches found 16168 and it took: 67514.1ms
query [28496]: # of matches found 15638 and it took: 67242.4ms
query [28497]: # of matches found 15021 and it took: 68155.2ms
query [28498]: # of matches found 14916 and it took: 67092.4ms
query [28499]: # of matches found 14873 and it took: 68157ms
query [28500]: # of matches found 14854 and it took: 66274.8ms
query [28501]: # of matches found 14873 and it took: 67445.3ms
query [28502]: # of matches found 14869 and it took: 67944ms
query [28503]: # of matches found 14874 and it took: 67793.6ms
query [28504]: # of matches found 14853 and it took: 68157.4ms
query [28505]: # of matches found 14844 and it took: 68407ms
query [28506]: # of matches found 14807 and it took: 68780.6ms
query [28507]: # of matches found 33923 and it took: 69551.1ms
query [28508]: # of matches found 33931 and it took: 68386.3ms
query [28509]: # of matches found 33858 and it took: 68808.9ms
query [28510]: # of matches found 33799 and it took: 66911.3ms
query [28511]: # of matches found 33810 and it took: 67465.4ms
query [28512]: # of matches found 33841 and it took: 67826.5ms
query [28513]: # of matches found 33883 and it took: 67693.2ms
query [28514]: # of matches found 33881 and it took: 67373.4ms
query [28515]: # of matches found 33939 and it took: 67350.7ms
query [28516]: # of matches found 33918 and it took: 67474.6ms
query [28517]: # of matches found 33878 and it took: 67768.3ms
query [28518]: # of matches found 33793 and it took: 66868.4ms
query [28519]: # of matches found 33711 and it took: 68245ms
query [28520]: # of matches found 33674 and it took: 67032.6ms
query [28521]: # of matches found 33658 and it took: 68090.2ms
query [28522]: # of matches found 33586 and it took: 67672.7ms
query [28523]: # of matches found 33590 and it took: 68090.4ms
query [28524]: # of matches found 33590 and it took: 67144.1ms
query [28525]: # of matches found 33518 and it took: 67268.1ms
query [28526]: # of matches found 33523 and it took: 66885.1ms
query [28527]: # of matches found 33301 and it took: 67533.6ms
query [28528]: # of matches found 33280 and it took: 67013.4ms
query [28529]: # of matches found 33314 and it took: 67088ms
query [28530]: # of matches found 33386 and it took: 65767.3ms
query [28531]: # of matches found 33398 and it took: 66585.8ms
query [28532]: # of matches found 33403 and it took: 66703.5ms
query [28533]: # of matches found 33355 and it took: 67185.8ms
query [28534]: # of matches found 33350 and it took: 66511.8ms
query [28535]: # of matches found 33362 and it took: 66316.3ms
query [28536]: # of matches found 33360 and it took: 67311.3ms
query [28537]: # of matches found 33359 and it took: 67734ms
query [28538]: # of matches found 33361 and it took: 67120.5ms
query [28539]: # of matches found 33359 and it took: 68023.6ms
query [28540]: # of matches found 33210 and it took: 66423.5ms
query [28541]: # of matches found 33287 and it took: 67540.1ms
query [28542]: # of matches found 32673 and it took: 67520.1ms
query [28543]: # of matches found 32624 and it took: 67758.1ms
query [28544]: # of matches found 32563 and it took: 66596ms
query [28545]: # of matches found 32550 and it took: 67161.5ms
query [28546]: # of matches found 32516 and it took: 67299.6ms
query [28547]: # of matches found 32521 and it took: 67302.6ms
query [28548]: # of matches found 32477 and it took: 67153.3ms
query [28549]: # of matches found 32494 and it took: 67831.2ms
query [28550]: # of matches found 32481 and it took: 66900.5ms
query [28551]: # of matches found 32631 and it took: 67559.6ms
query [28552]: # of matches found 32663 and it took: 67377.3ms
query [28553]: # of matches found 32747 and it took: 68043.5ms
query [28554]: # of matches found 32879 and it took: 66798.6ms
query [28555]: # of matches found 31903 and it took: 67222.2ms
query [28556]: # of matches found 31505 and it took: 67418.4ms
query [28557]: # of matches found 31292 and it took: 67428.3ms
query [28558]: # of matches found 30919 and it took: 68592.6ms
query [28559]: # of matches found 30740 and it took: 69268.9ms
query [28560]: # of matches found 30599 and it took: 66935.2ms
query [28561]: # of matches found 30524 and it took: 69097ms
query [28562]: # of matches found 30692 and it took: 69105.6ms
query [28563]: # of matches found 30667 and it took: 69740.6ms
query [28564]: # of matches found 30645 and it took: 67502.3ms
query [28565]: # of matches found 30650 and it took: 68134.1ms
query [28566]: # of matches found 30687 and it took: 69567.2ms
query [28567]: # of matches found 30729 and it took: 69815.8ms
query [28568]: # of matches found 30750 and it took: 69947.9ms
query [28569]: # of matches found 30644 and it took: 71350.1ms
query [28570]: # of matches found 30589 and it took: 69329.9ms
query [28571]: # of matches found 30267 and it took: 71511.5ms
query [28572]: # of matches found 30232 and it took: 71166.7ms
query [28573]: # of matches found 30205 and it took: 71912.8ms
query [28574]: # of matches found 30194 and it took: 69942.8ms
query [28575]: # of matches found 30184 and it took: 69663.9ms
query [28576]: # of matches found 30098 and it took: 70314.8ms
query [28577]: # of matches found 30111 and it took: 69742ms
query [28578]: # of matches found 30073 and it took: 68853.4ms
query [28579]: # of matches found 30129 and it took: 69339.2ms
query [28580]: # of matches found 30355 and it took: 68441.4ms
query [28581]: # of matches found 30356 and it took: 69465.4ms
query [28582]: # of matches found 30231 and it took: 69416.8ms
query [28583]: # of matches found 30249 and it took: 69561.3ms
query [28584]: # of matches found 30202 and it took: 68745.9ms
query [28585]: # of matches found 30183 and it took: 69266.2ms
query [28586]: # of matches found 30138 and it took: 68970.8ms
query [28587]: # of matches found 30129 and it took: 68492ms
query [28588]: # of matches found 30006 and it took: 68171.5ms
query [28589]: # of matches found 30146 and it took: 68620.4ms
query [28590]: # of matches found 30214 and it took: 68004.6ms
query [28591]: # of matches found 30257 and it took: 69155.2ms
query [28592]: # of matches found 30270 and it took: 69088.4ms
query [28593]: # of matches found 30338 and it took: 69634.4ms
query [28594]: # of matches found 30458 and it took: 68454.1ms
query [28595]: # of matches found 30373 and it took: 69125.9ms
query [28596]: # of matches found 30365 and it took: 69249.6ms
query [28597]: # of matches found 30354 and it took: 69210.4ms
query [28598]: # of matches found 30308 and it took: 69821.3ms
query [28599]: # of matches found 30207 and it took: 69989.4ms
query [28600]: # of matches found 30191 and it took: 67953.1ms
query [28601]: # of matches found 30132 and it took: 69398.3ms
query [28602]: # of matches found 30151 and it took: 69662.1ms
query [28603]: # of matches found 30125 and it took: 69645.7ms
query [28604]: # of matches found 30127 and it took: 68562.7ms
query [28605]: # of matches found 30187 and it took: 69054.7ms
query [28606]: # of matches found 30206 and it took: 69650.1ms
query [28607]: # of matches found 30238 and it took: 68219.6ms
query [28608]: # of matches found 30298 and it took: 68680.2ms
query [28609]: # of matches found 30317 and it took: 68222.8ms
query [28610]: # of matches found 30490 and it took: 67452.6ms
query [28611]: # of matches found 30825 and it took: 68643.4ms
query [28612]: # of matches found 30845 and it took: 68670.2ms
query [28613]: # of matches found 30602 and it took: 69422.2ms
query [28614]: # of matches found 30647 and it took: 68609.1ms
query [28615]: # of matches found 30594 and it took: 68541.7ms
query [28616]: # of matches found 30557 and it took: 68947.2ms
query [28617]: # of matches found 30695 and it took: 68533.8ms
query [28618]: # of matches found 30617 and it took: 68372.8ms
query [28619]: # of matches found 30484 and it took: 67985.9ms
