no kmerRangesFileAddressArg!
no otherToolArg!
**********************CONFIGURATIONS*****************************
PARMIK mode:                  3
readDatabaseAddress:          /p/lava/parmik/partialMatcherProject/datasets/metagenomicDB/SRR14381434/SRR14381434_reads
readFileName:                 SRR14381434_reads
queryFileAddress:             /p/lava/parmik/partialMatcherProject/datasets/queryFiles/covidQueryFiles/NC_045512_chunks/NC_045512_queries_24000-24999
queryFileName:                NC_045512_queries_24000-24999
otherToolOutputFileAddress:   /u/rgq5aw/GIT/PARMIK/partialMatcherProject/tools/blast/SRR14381434/NC_045512/blastn_ws30_results.out
outputDir:                    /p/lava/parmik/partialMatcherProject/tools/baseline_ssw/SRR14381434/NC_045512
penaltyFileAddress:           /u/rgq5aw/GIT/PARMIK/experiments/parmik/CK_SSW_ID_PRCNTG/PenaltySets/2484_1111_2444_2288_2848
kmerRangesFileAddress:        
readsCount:                   17000000
queryCount:                   30000
kmerLength:                   11
regionSize:                   48
cheapKmerThreshold:           0
identityPercentage:           0.85
minExactMatchLen:             0
minNumExactMatchKmer:         0
isIndexOffline:               1
offlineIndexAddress:          /p/lava/parmik/partialMatcherProject/tools/parmik/CK_INDEX/SRR14381434/
max editDistance in min region: 2
**********************CONFIGURATIONS*****************************
--------------Penalties--------------
m: 2, s: 4, go: 8, ge: 4
m: 1, s: 1, go: 1, ge: 1
m: 2, s: 4, go: 4, ge: 4
m: 2, s: 2, go: 8, ge: 8
m: 2, s: 8, go: 4, ge: 8
------------------------------------
numberOfReadsWithN : 0
queryCount : 1000
numberOfReadsWithN : 0
readCount : 9488668
offlineCheapIndexAddress: /p/lava/parmik/partialMatcherProject/tools/parmik/CK_INDEX/SRR14381434/ck_T0_K11_r17000000
pmrkAlignmentsAddress: /p/lava/parmik/partialMatcherProject/tools/baseline_ssw/SRR14381434/NC_045512/aln/pmAln_R48_PI85_L0_M0_E2_K11_T0_P_2484_1111_2444_2288_2848.txt
Starting alignment for all queries [fwd]...
queryBaseIndex: 24000
query [24000]: # of matches found 18392 and it took: 57070.1ms
query [24001]: # of matches found 17727 and it took: 56466.2ms
query [24002]: # of matches found 17794 and it took: 56860.7ms
query [24003]: # of matches found 17821 and it took: 56820.6ms
query [24004]: # of matches found 17859 and it took: 56934.3ms
query [24005]: # of matches found 17859 and it took: 56808.5ms
query [24006]: # of matches found 17923 and it took: 57097.1ms
query [24007]: # of matches found 16790 and it took: 56811.7ms
query [24008]: # of matches found 16891 and it took: 55895.8ms
query [24009]: # of matches found 16613 and it took: 57007.8ms
query [24010]: # of matches found 16534 and it took: 57053.9ms
query [24011]: # of matches found 16456 and it took: 56624.4ms
query [24012]: # of matches found 16090 and it took: 56903.6ms
query [24013]: # of matches found 16067 and it took: 57260ms
query [24014]: # of matches found 16000 and it took: 57078.6ms
query [24015]: # of matches found 15830 and it took: 56870.7ms
query [24016]: # of matches found 15709 and it took: 57600.1ms
query [24017]: # of matches found 15850 and it took: 57385.7ms
query [24018]: # of matches found 15908 and it took: 57182.9ms
query [24019]: # of matches found 15942 and it took: 58101.6ms
query [24020]: # of matches found 15990 and it took: 57506.1ms
query [24021]: # of matches found 16053 and it took: 57349.8ms
query [24022]: # of matches found 16392 and it took: 57440.4ms
query [24023]: # of matches found 16436 and it took: 57702ms
query [24024]: # of matches found 16477 and it took: 57295.3ms
query [24025]: # of matches found 16521 and it took: 57289.6ms
query [24026]: # of matches found 16440 and it took: 58196.6ms
query [24027]: # of matches found 16312 and it took: 58027.1ms
query [24028]: # of matches found 16270 and it took: 57362.3ms
query [24029]: # of matches found 16260 and it took: 57980.1ms
query [24030]: # of matches found 16240 and it took: 57732.1ms
query [24031]: # of matches found 16118 and it took: 57729.8ms
query [24032]: # of matches found 16086 and it took: 57751.1ms
query [24033]: # of matches found 16106 and it took: 58020.9ms
query [24034]: # of matches found 16090 and it took: 57759.2ms
query [24035]: # of matches found 16314 and it took: 57406.8ms
query [24036]: # of matches found 16331 and it took: 58156.6ms
query [24037]: # of matches found 16393 and it took: 57863.8ms
query [24038]: # of matches found 16331 and it took: 57112.9ms
query [24039]: # of matches found 16265 and it took: 57553.4ms
query [24040]: # of matches found 16377 and it took: 57103.7ms
query [24041]: # of matches found 16400 and it took: 57065.4ms
query [24042]: # of matches found 16379 and it took: 57534.8ms
query [24043]: # of matches found 16323 and it took: 57541.7ms
query [24044]: # of matches found 16331 and it took: 58038.8ms
query [24045]: # of matches found 16346 and it took: 57777.4ms
query [24046]: # of matches found 16258 and it took: 58458.2ms
query [24047]: # of matches found 15943 and it took: 57880.2ms
query [24048]: # of matches found 15783 and it took: 57411.5ms
query [24049]: # of matches found 15751 and it took: 57595.6ms
query [24050]: # of matches found 15699 and it took: 58195.9ms
query [24051]: # of matches found 15666 and it took: 57551.8ms
query [24052]: # of matches found 15589 and it took: 58580.4ms
query [24053]: # of matches found 15522 and it took: 58087.9ms
query [24054]: # of matches found 15446 and it took: 58296.1ms
query [24055]: # of matches found 15304 and it took: 58113ms
query [24056]: # of matches found 15151 and it took: 59154.4ms
query [24057]: # of matches found 15143 and it took: 59102.6ms
query [24058]: # of matches found 13570 and it took: 59433.3ms
query [24059]: # of matches found 13502 and it took: 58670.4ms
query [24060]: # of matches found 13356 and it took: 58263.7ms
query [24061]: # of matches found 13259 and it took: 58407ms
query [24062]: # of matches found 13215 and it took: 59675ms
query [24063]: # of matches found 12576 and it took: 58997.8ms
query [24064]: # of matches found 12536 and it took: 59307.8ms
query [24065]: # of matches found 12511 and it took: 58363.3ms
query [24066]: # of matches found 12545 and it took: 60368.9ms
query [24067]: # of matches found 12546 and it took: 60342.1ms
query [24068]: # of matches found 12225 and it took: 60402ms
query [24069]: # of matches found 12194 and it took: 59567.2ms
query [24070]: # of matches found 13208 and it took: 58873.2ms
query [24071]: # of matches found 13314 and it took: 59345.7ms
query [24072]: # of matches found 13318 and it took: 60610ms
query [24073]: # of matches found 13223 and it took: 60052.6ms
query [24074]: # of matches found 13187 and it took: 59154.6ms
query [24075]: # of matches found 13168 and it took: 58650.7ms
query [24076]: # of matches found 13159 and it took: 59451.5ms
query [24077]: # of matches found 13209 and it took: 59436.7ms
query [24078]: # of matches found 13208 and it took: 59355.9ms
query [24079]: # of matches found 13188 and it took: 59462.9ms
query [24080]: # of matches found 13127 and it took: 59876.3ms
query [24081]: # of matches found 13098 and it took: 58945.1ms
query [24082]: # of matches found 13080 and it took: 59705.7ms
query [24083]: # of matches found 13097 and it took: 59434.7ms
query [24084]: # of matches found 13116 and it took: 58836ms
query [24085]: # of matches found 13174 and it took: 58554.8ms
query [24086]: # of matches found 13758 and it took: 59416.6ms
query [24087]: # of matches found 14234 and it took: 59792.2ms
query [24088]: # of matches found 14291 and it took: 59673.4ms
query [24089]: # of matches found 15541 and it took: 59594.4ms
query [24090]: # of matches found 15964 and it took: 58796.1ms
query [24091]: # of matches found 16534 and it took: 59558.4ms
query [24092]: # of matches found 16675 and it took: 59728.3ms
query [24093]: # of matches found 16681 and it took: 59177ms
query [24094]: # of matches found 16639 and it took: 59086.1ms
query [24095]: # of matches found 16622 and it took: 59071.5ms
query [24096]: # of matches found 16646 and it took: 59369.3ms
query [24097]: # of matches found 16751 and it took: 59623.7ms
query [24098]: # of matches found 16830 and it took: 59274.8ms
query [24099]: # of matches found 16879 and it took: 59381.4ms
query [24100]: # of matches found 16995 and it took: 58835.9ms
query [24101]: # of matches found 17141 and it took: 59167.6ms
query [24102]: # of matches found 17208 and it took: 59254.5ms
query [24103]: # of matches found 17264 and it took: 59209.2ms
query [24104]: # of matches found 17309 and it took: 58911.5ms
query [24105]: # of matches found 17400 and it took: 58992.5ms
query [24106]: # of matches found 17559 and it took: 59274.8ms
query [24107]: # of matches found 17849 and it took: 59622.1ms
query [24108]: # of matches found 17671 and it took: 59083.6ms
query [24109]: # of matches found 17688 and it took: 59222.6ms
query [24110]: # of matches found 17698 and it took: 59117.1ms
query [24111]: # of matches found 17524 and it took: 59714.1ms
query [24112]: # of matches found 17406 and it took: 59151.1ms
query [24113]: # of matches found 17340 and it took: 59109.1ms
query [24114]: # of matches found 17332 and it took: 58919.5ms
query [24115]: # of matches found 17340 and it took: 59321.1ms
query [24116]: # of matches found 17355 and it took: 59260.4ms
query [24117]: # of matches found 17265 and it took: 59788.4ms
query [24118]: # of matches found 17152 and it took: 59386.1ms
query [24119]: # of matches found 16043 and it took: 59708.6ms
query [24120]: # of matches found 16015 and it took: 59573.3ms
query [24121]: # of matches found 16017 and it took: 59669.7ms
query [24122]: # of matches found 16009 and it took: 59919.1ms
query [24123]: # of matches found 16030 and it took: 59596.7ms
query [24124]: # of matches found 16048 and it took: 59524.1ms
query [24125]: # of matches found 16144 and it took: 59852ms
query [24126]: # of matches found 16150 and it took: 59821.3ms
query [24127]: # of matches found 16172 and it took: 60205ms
query [24128]: # of matches found 14883 and it took: 59646.9ms
query [24129]: # of matches found 14905 and it took: 59891.6ms
query [24130]: # of matches found 14957 and it took: 60023.9ms
query [24131]: # of matches found 14979 and it took: 59937.2ms
query [24132]: # of matches found 14966 and it took: 59784.1ms
query [24133]: # of matches found 14992 and it took: 59160.1ms
query [24134]: # of matches found 14952 and it took: 59267.1ms
query [24135]: # of matches found 14932 and it took: 59508.2ms
query [24136]: # of matches found 14911 and it took: 59235.4ms
query [24137]: # of matches found 15074 and it took: 59947.6ms
query [24138]: # of matches found 15089 and it took: 59371.3ms
query [24139]: # of matches found 15105 and it took: 59483.6ms
query [24140]: # of matches found 15091 and it took: 59154.3ms
query [24141]: # of matches found 15144 and it took: 60488.7ms
query [24142]: # of matches found 15097 and it took: 59772.1ms
query [24143]: # of matches found 15064 and it took: 59048.2ms
query [24144]: # of matches found 15041 and it took: 59111.8ms
query [24145]: # of matches found 15045 and it took: 59228.3ms
query [24146]: # of matches found 15008 and it took: 58914.7ms
query [24147]: # of matches found 14977 and it took: 59330.1ms
query [24148]: # of matches found 14822 and it took: 59328ms
query [24149]: # of matches found 14806 and it took: 59455.5ms
query [24150]: # of matches found 14812 and it took: 59234.1ms
query [24151]: # of matches found 14722 and it took: 58980.5ms
query [24152]: # of matches found 14731 and it took: 59719ms
query [24153]: # of matches found 14775 and it took: 58488.6ms
query [24154]: # of matches found 14792 and it took: 58821.4ms
query [24155]: # of matches found 14835 and it took: 59349ms
query [24156]: # of matches found 14881 and it took: 59023.2ms
query [24157]: # of matches found 14812 and it took: 59228.2ms
query [24158]: # of matches found 14795 and it took: 59094.1ms
query [24159]: # of matches found 14811 and it took: 59438.3ms
query [24160]: # of matches found 14895 and it took: 59191.2ms
query [24161]: # of matches found 14829 and it took: 59119.9ms
query [24162]: # of matches found 14495 and it took: 59601.9ms
query [24163]: # of matches found 14477 and it took: 58433.9ms
query [24164]: # of matches found 14473 and it took: 58747.3ms
query [24165]: # of matches found 14378 and it took: 59077.2ms
query [24166]: # of matches found 14715 and it took: 58799.7ms
query [24167]: # of matches found 14627 and it took: 58776.6ms
query [24168]: # of matches found 14731 and it took: 58693.7ms
query [24169]: # of matches found 14684 and it took: 58718.2ms
query [24170]: # of matches found 14647 and it took: 58254.5ms
query [24171]: # of matches found 14613 and it took: 59211.2ms
query [24172]: # of matches found 14683 and it took: 58246.6ms
query [24173]: # of matches found 15034 and it took: 57058.6ms
query [24174]: # of matches found 15138 and it took: 57533.4ms
query [24175]: # of matches found 15285 and it took: 57676ms
query [24176]: # of matches found 15140 and it took: 57413.8ms
query [24177]: # of matches found 15181 and it took: 57198.9ms
query [24178]: # of matches found 15382 and it took: 57250.9ms
query [24179]: # of matches found 15877 and it took: 57388ms
query [24180]: # of matches found 15846 and it took: 56814ms
query [24181]: # of matches found 15944 and it took: 56585.8ms
query [24182]: # of matches found 15926 and it took: 57211.6ms
query [24183]: # of matches found 15892 and it took: 56205.5ms
query [24184]: # of matches found 15861 and it took: 56758ms
query [24185]: # of matches found 15884 and it took: 56295.2ms
query [24186]: # of matches found 15744 and it took: 56167.2ms
query [24187]: # of matches found 15817 and it took: 56040.5ms
query [24188]: # of matches found 15799 and it took: 55722.1ms
query [24189]: # of matches found 15839 and it took: 55682.2ms
query [24190]: # of matches found 15946 and it took: 55099.2ms
query [24191]: # of matches found 15939 and it took: 55090.9ms
query [24192]: # of matches found 16056 and it took: 55834.8ms
query [24193]: # of matches found 16087 and it took: 54901.1ms
query [24194]: # of matches found 16344 and it took: 55093.7ms
query [24195]: # of matches found 16399 and it took: 54965.4ms
query [24196]: # of matches found 16394 and it took: 54468.1ms
query [24197]: # of matches found 16445 and it took: 54187.2ms
query [24198]: # of matches found 16525 and it took: 54072.1ms
query [24199]: # of matches found 16599 and it took: 53894.8ms
query [24200]: # of matches found 16645 and it took: 53392.4ms
query [24201]: # of matches found 16655 and it took: 53446ms
query [24202]: # of matches found 18132 and it took: 53707.5ms
query [24203]: # of matches found 18083 and it took: 54234.7ms
query [24204]: # of matches found 18077 and it took: 53581.4ms
query [24205]: # of matches found 18043 and it took: 53337.2ms
query [24206]: # of matches found 17996 and it took: 53312.1ms
query [24207]: # of matches found 18036 and it took: 53399ms
query [24208]: # of matches found 17981 and it took: 53377.2ms
query [24209]: # of matches found 17887 and it took: 53446.2ms
query [24210]: # of matches found 17717 and it took: 52974.3ms
query [24211]: # of matches found 16832 and it took: 52922.3ms
query [24212]: # of matches found 16776 and it took: 53122.6ms
query [24213]: # of matches found 16908 and it took: 52729.5ms
query [24214]: # of matches found 17008 and it took: 52827.5ms
query [24215]: # of matches found 17445 and it took: 52544.2ms
query [24216]: # of matches found 17530 and it took: 52446.4ms
query [24217]: # of matches found 17478 and it took: 52378.3ms
query [24218]: # of matches found 17603 and it took: 52576.8ms
query [24219]: # of matches found 17734 and it took: 52434.8ms
query [24220]: # of matches found 17900 and it took: 52000ms
query [24221]: # of matches found 17936 and it took: 52172.7ms
query [24222]: # of matches found 17958 and it took: 52310.3ms
query [24223]: # of matches found 18002 and it took: 53100ms
query [24224]: # of matches found 17918 and it took: 53377.2ms
query [24225]: # of matches found 17913 and it took: 53173.8ms
query [24226]: # of matches found 17241 and it took: 52235.3ms
query [24227]: # of matches found 16675 and it took: 51946.9ms
query [24228]: # of matches found 16431 and it took: 51885.4ms
query [24229]: # of matches found 15070 and it took: 51903ms
query [24230]: # of matches found 14636 and it took: 51247.5ms
query [24231]: # of matches found 14462 and it took: 51544.4ms
query [24232]: # of matches found 14000 and it took: 51376.6ms
query [24233]: # of matches found 13957 and it took: 51303ms
query [24234]: # of matches found 14065 and it took: 51480.1ms
query [24235]: # of matches found 14043 and it took: 51297.9ms
query [24236]: # of matches found 14160 and it took: 51534.6ms
query [24237]: # of matches found 14134 and it took: 51681.7ms
query [24238]: # of matches found 14046 and it took: 52339ms
query [24239]: # of matches found 14052 and it took: 51560.3ms
query [24240]: # of matches found 14080 and it took: 51479ms
query [24241]: # of matches found 14012 and it took: 51685.4ms
query [24242]: # of matches found 13944 and it took: 51847.8ms
query [24243]: # of matches found 14413 and it took: 52048.4ms
query [24244]: # of matches found 14543 and it took: 52627.9ms
query [24245]: # of matches found 14690 and it took: 52326.4ms
query [24246]: # of matches found 14418 and it took: 52603.5ms
query [24247]: # of matches found 14435 and it took: 52465.6ms
query [24248]: # of matches found 14116 and it took: 52476.6ms
query [24249]: # of matches found 14080 and it took: 52685.5ms
query [24250]: # of matches found 14040 and it took: 52757ms
query [24251]: # of matches found 14136 and it took: 53067ms
query [24252]: # of matches found 14144 and it took: 52979.1ms
query [24253]: # of matches found 14170 and it took: 52873.6ms
query [24254]: # of matches found 14225 and it took: 53055.6ms
query [24255]: # of matches found 14282 and it took: 52699.3ms
query [24256]: # of matches found 14342 and it took: 52841.9ms
query [24257]: # of matches found 14393 and it took: 52677ms
query [24258]: # of matches found 14449 and it took: 52573.8ms
query [24259]: # of matches found 15149 and it took: 52749.8ms
query [24260]: # of matches found 15162 and it took: 52572.7ms
query [24261]: # of matches found 15240 and it took: 53098.5ms
query [24262]: # of matches found 15267 and it took: 53019.7ms
query [24263]: # of matches found 15339 and it took: 53083.2ms
query [24264]: # of matches found 15497 and it took: 53114.7ms
query [24265]: # of matches found 15473 and it took: 52634.4ms
query [24266]: # of matches found 15570 and it took: 53274.9ms
query [24267]: # of matches found 15735 and it took: 53113.3ms
query [24268]: # of matches found 15763 and it took: 53250ms
query [24269]: # of matches found 15773 and it took: 53428.2ms
query [24270]: # of matches found 15763 and it took: 53443.8ms
query [24271]: # of matches found 15706 and it took: 53725.1ms
query [24272]: # of matches found 15756 and it took: 55305.5ms
query [24273]: # of matches found 15743 and it took: 53980.5ms
query [24274]: # of matches found 15723 and it took: 54062.9ms
query [24275]: # of matches found 15733 and it took: 53523.3ms
query [24276]: # of matches found 15741 and it took: 54031.4ms
query [24277]: # of matches found 15777 and it took: 53886.5ms
query [24278]: # of matches found 15789 and it took: 53630ms
query [24279]: # of matches found 15738 and it took: 53736.7ms
query [24280]: # of matches found 15747 and it took: 53505.3ms
query [24281]: # of matches found 15735 and it took: 53821.2ms
query [24282]: # of matches found 15796 and it took: 53778.3ms
query [24283]: # of matches found 15828 and it took: 54187.9ms
query [24284]: # of matches found 15874 and it took: 54118.9ms
query [24285]: # of matches found 15841 and it took: 53742.6ms
query [24286]: # of matches found 15843 and it took: 54286.6ms
query [24287]: # of matches found 15967 and it took: 55088.9ms
query [24288]: # of matches found 15940 and it took: 54116.3ms
query [24289]: # of matches found 15949 and it took: 54770ms
query [24290]: # of matches found 15959 and it took: 54564.9ms
query [24291]: # of matches found 15938 and it took: 54360.3ms
query [24292]: # of matches found 17279 and it took: 55176.4ms
query [24293]: # of matches found 17321 and it took: 54542.1ms
query [24294]: # of matches found 17436 and it took: 54458.1ms
query [24295]: # of matches found 17417 and it took: 53930.1ms
query [24296]: # of matches found 17463 and it took: 54583.9ms
query [24297]: # of matches found 17464 and it took: 54589.9ms
query [24298]: # of matches found 17429 and it took: 54109.6ms
query [24299]: # of matches found 17355 and it took: 54514.9ms
query [24300]: # of matches found 17195 and it took: 54355.7ms
query [24301]: # of matches found 17118 and it took: 54670ms
query [24302]: # of matches found 17110 and it took: 54769.4ms
query [24303]: # of matches found 17098 and it took: 54642.9ms
query [24304]: # of matches found 17064 and it took: 54814.8ms
query [24305]: # of matches found 17072 and it took: 54981.9ms
query [24306]: # of matches found 17038 and it took: 54750.2ms
query [24307]: # of matches found 16874 and it took: 54633.8ms
query [24308]: # of matches found 16732 and it took: 54425.2ms
query [24309]: # of matches found 16747 and it took: 54979ms
query [24310]: # of matches found 16900 and it took: 54577.8ms
query [24311]: # of matches found 16935 and it took: 54669.8ms
query [24312]: # of matches found 16895 and it took: 55180.8ms
query [24313]: # of matches found 16861 and it took: 55185.6ms
query [24314]: # of matches found 16426 and it took: 55079.7ms
query [24315]: # of matches found 16149 and it took: 54576.9ms
query [24316]: # of matches found 16037 and it took: 55390.4ms
query [24317]: # of matches found 15914 and it took: 54898.4ms
query [24318]: # of matches found 15696 and it took: 54603.6ms
query [24319]: # of matches found 15167 and it took: 55139.7ms
query [24320]: # of matches found 15154 and it took: 54536.6ms
query [24321]: # of matches found 15017 and it took: 54567.5ms
query [24322]: # of matches found 14966 and it took: 54945.9ms
query [24323]: # of matches found 14972 and it took: 54600.8ms
query [24324]: # of matches found 14996 and it took: 54500.4ms
query [24325]: # of matches found 15202 and it took: 53685.8ms
query [24326]: # of matches found 15243 and it took: 54802.2ms
query [24327]: # of matches found 15324 and it took: 54998.7ms
query [24328]: # of matches found 15386 and it took: 53987.5ms
query [24329]: # of matches found 15407 and it took: 54765.2ms
query [24330]: # of matches found 15306 and it took: 54702ms
query [24331]: # of matches found 15301 and it took: 54088.8ms
query [24332]: # of matches found 15314 and it took: 54740.5ms
query [24333]: # of matches found 15295 and it took: 54722.6ms
query [24334]: # of matches found 15137 and it took: 54578.4ms
query [24335]: # of matches found 15144 and it took: 53608.4ms
query [24336]: # of matches found 15139 and it took: 54692.8ms
query [24337]: # of matches found 15168 and it took: 54733.7ms
query [24338]: # of matches found 15185 and it took: 55028.9ms
query [24339]: # of matches found 15129 and it took: 55025.4ms
query [24340]: # of matches found 15076 and it took: 54506.9ms
query [24341]: # of matches found 15215 and it took: 53873.6ms
query [24342]: # of matches found 15225 and it took: 54490.2ms
query [24343]: # of matches found 15280 and it took: 54429.7ms
query [24344]: # of matches found 13951 and it took: 54144.8ms
query [24345]: # of matches found 14017 and it took: 53542ms
query [24346]: # of matches found 14233 and it took: 54360ms
query [24347]: # of matches found 15213 and it took: 53888.1ms
query [24348]: # of matches found 15474 and it took: 53621.1ms
query [24349]: # of matches found 15719 and it took: 53949.1ms
query [24350]: # of matches found 15792 and it took: 53629.2ms
query [24351]: # of matches found 16197 and it took: 53250ms
query [24352]: # of matches found 16237 and it took: 53648.5ms
query [24353]: # of matches found 16194 and it took: 53732.4ms
query [24354]: # of matches found 16023 and it took: 53473.8ms
query [24355]: # of matches found 15992 and it took: 52704.7ms
query [24356]: # of matches found 15576 and it took: 53539.7ms
query [24357]: # of matches found 15545 and it took: 54072.3ms
query [24358]: # of matches found 15479 and it took: 53114.3ms
query [24359]: # of matches found 15477 and it took: 54082.9ms
query [24360]: # of matches found 15275 and it took: 53957.9ms
query [24361]: # of matches found 15186 and it took: 53075.4ms
query [24362]: # of matches found 15211 and it took: 54046.2ms
query [24363]: # of matches found 15173 and it took: 52815.8ms
query [24364]: # of matches found 15209 and it took: 52738.4ms
query [24365]: # of matches found 15204 and it took: 52546.8ms
query [24366]: # of matches found 15164 and it took: 52831.8ms
query [24367]: # of matches found 15231 and it took: 53133.6ms
query [24368]: # of matches found 15205 and it took: 52762.3ms
query [24369]: # of matches found 15192 and it took: 52497.3ms
query [24370]: # of matches found 15161 and it took: 52455.8ms
query [24371]: # of matches found 15073 and it took: 53020.8ms
query [24372]: # of matches found 14978 and it took: 52832.4ms
query [24373]: # of matches found 15071 and it took: 52544.9ms
query [24374]: # of matches found 15076 and it took: 52546.5ms
query [24375]: # of matches found 15026 and it took: 52504.8ms
query [24376]: # of matches found 14937 and it took: 52643.8ms
query [24377]: # of matches found 14952 and it took: 53116.8ms
query [24378]: # of matches found 14973 and it took: 52471ms
query [24379]: # of matches found 14927 and it took: 52275ms
query [24380]: # of matches found 14926 and it took: 52216.5ms
query [24381]: # of matches found 15532 and it took: 51878.2ms
query [24382]: # of matches found 15502 and it took: 52065.2ms
query [24383]: # of matches found 15545 and it took: 51888.5ms
query [24384]: # of matches found 15346 and it took: 51989.7ms
query [24385]: # of matches found 14749 and it took: 52454.4ms
query [24386]: # of matches found 14911 and it took: 52454.5ms
query [24387]: # of matches found 14950 and it took: 52609.2ms
query [24388]: # of matches found 15010 and it took: 53407.7ms
query [24389]: # of matches found 15058 and it took: 52818.5ms
query [24390]: # of matches found 16041 and it took: 52302ms
query [24391]: # of matches found 16024 and it took: 52260.1ms
query [24392]: # of matches found 16060 and it took: 52844.3ms
query [24393]: # of matches found 16020 and it took: 52798ms
query [24394]: # of matches found 15971 and it took: 52698.6ms
query [24395]: # of matches found 15932 and it took: 53090.4ms
query [24396]: # of matches found 15834 and it took: 53008.7ms
query [24397]: # of matches found 15815 and it took: 53061.8ms
query [24398]: # of matches found 15903 and it took: 52674.3ms
query [24399]: # of matches found 15219 and it took: 52621.4ms
query [24400]: # of matches found 15098 and it took: 52700ms
query [24401]: # of matches found 14998 and it took: 52656.5ms
query [24402]: # of matches found 14956 and it took: 52854.9ms
query [24403]: # of matches found 14834 and it took: 52638.5ms
query [24404]: # of matches found 14656 and it took: 52802.2ms
query [24405]: # of matches found 14635 and it took: 53095ms
query [24406]: # of matches found 14604 and it took: 53708.3ms
query [24407]: # of matches found 14400 and it took: 53018.6ms
query [24408]: # of matches found 14384 and it took: 53283.6ms
query [24409]: # of matches found 14340 and it took: 53295.6ms
query [24410]: # of matches found 14315 and it took: 53697.8ms
query [24411]: # of matches found 14408 and it took: 53512.5ms
query [24412]: # of matches found 14394 and it took: 53932.3ms
query [24413]: # of matches found 14474 and it took: 54158.6ms
query [24414]: # of matches found 14493 and it took: 54386ms
query [24415]: # of matches found 14504 and it took: 54535.2ms
query [24416]: # of matches found 14421 and it took: 54631.2ms
query [24417]: # of matches found 14253 and it took: 54420.2ms
query [24418]: # of matches found 14254 and it took: 54730.2ms
query [24419]: # of matches found 14288 and it took: 54773ms
query [24420]: # of matches found 14232 and it took: 54799.1ms
query [24421]: # of matches found 14208 and it took: 54779.3ms
query [24422]: # of matches found 14185 and it took: 55067.8ms
query [24423]: # of matches found 14148 and it took: 54830.4ms
query [24424]: # of matches found 14300 and it took: 54837.4ms
query [24425]: # of matches found 14284 and it took: 54885.3ms
query [24426]: # of matches found 14505 and it took: 54780.1ms
query [24427]: # of matches found 14465 and it took: 54343ms
query [24428]: # of matches found 14529 and it took: 54866ms
query [24429]: # of matches found 14522 and it took: 54794.8ms
query [24430]: # of matches found 14511 and it took: 54837.2ms
query [24431]: # of matches found 14530 and it took: 55087.6ms
query [24432]: # of matches found 14577 and it took: 55339ms
query [24433]: # of matches found 13183 and it took: 55288.5ms
query [24434]: # of matches found 13035 and it took: 55436.5ms
query [24435]: # of matches found 12982 and it took: 55477.8ms
query [24436]: # of matches found 12850 and it took: 55559.6ms
query [24437]: # of matches found 12842 and it took: 55302.5ms
query [24438]: # of matches found 12871 and it took: 56253.2ms
query [24439]: # of matches found 12988 and it took: 57124.6ms
query [24440]: # of matches found 12985 and it took: 56123.2ms
query [24441]: # of matches found 12973 and it took: 56195.8ms
query [24442]: # of matches found 12959 and it took: 56694.3ms
query [24443]: # of matches found 12929 and it took: 56553ms
query [24444]: # of matches found 13988 and it took: 56748ms
query [24445]: # of matches found 14047 and it took: 57889.6ms
query [24446]: # of matches found 13952 and it took: 57038.4ms
query [24447]: # of matches found 14000 and it took: 56072.6ms
query [24448]: # of matches found 13989 and it took: 56490.9ms
query [24449]: # of matches found 14043 and it took: 56942.1ms
query [24450]: # of matches found 14013 and it took: 56608.3ms
query [24451]: # of matches found 14079 and it took: 56699.2ms
query [24452]: # of matches found 14115 and it took: 56975.5ms
query [24453]: # of matches found 14133 and it took: 56563.7ms
query [24454]: # of matches found 14199 and it took: 56720.9ms
query [24455]: # of matches found 14212 and it took: 56674.2ms
query [24456]: # of matches found 14230 and it took: 56729.8ms
query [24457]: # of matches found 14236 and it took: 56198.7ms
query [24458]: # of matches found 14239 and it took: 56639.7ms
query [24459]: # of matches found 14248 and it took: 57140.7ms
query [24460]: # of matches found 14249 and it took: 56855.4ms
query [24461]: # of matches found 14312 and it took: 57064.3ms
query [24462]: # of matches found 14483 and it took: 57621.7ms
query [24463]: # of matches found 14701 and it took: 57276.4ms
query [24464]: # of matches found 14768 and it took: 57692.8ms
query [24465]: # of matches found 14602 and it took: 57573ms
query [24466]: # of matches found 14481 and it took: 57432.4ms
query [24467]: # of matches found 14637 and it took: 57506.7ms
query [24468]: # of matches found 14648 and it took: 57220.8ms
query [24469]: # of matches found 14626 and it took: 57691.2ms
query [24470]: # of matches found 14638 and it took: 58782.1ms
query [24471]: # of matches found 14618 and it took: 57714ms
query [24472]: # of matches found 14517 and it took: 57953.6ms
query [24473]: # of matches found 14553 and it took: 57564ms
query [24474]: # of matches found 14488 and it took: 58096.9ms
query [24475]: # of matches found 14489 and it took: 58071.2ms
query [24476]: # of matches found 14601 and it took: 57911.2ms
query [24477]: # of matches found 15323 and it took: 57566.1ms
query [24478]: # of matches found 15315 and it took: 58367.1ms
query [24479]: # of matches found 15314 and it took: 58581.5ms
query [24480]: # of matches found 15316 and it took: 58299.5ms
query [24481]: # of matches found 15290 and it took: 58591.5ms
query [24482]: # of matches found 15415 and it took: 58835.8ms
query [24483]: # of matches found 15325 and it took: 58514ms
query [24484]: # of matches found 15837 and it took: 58860.2ms
query [24485]: # of matches found 15802 and it took: 58786.9ms
query [24486]: # of matches found 15619 and it took: 58812.3ms
query [24487]: # of matches found 14524 and it took: 58245.4ms
query [24488]: # of matches found 14337 and it took: 59038.4ms
query [24489]: # of matches found 14208 and it took: 59309.9ms
query [24490]: # of matches found 14287 and it took: 58994.8ms
query [24491]: # of matches found 13809 and it took: 59255.7ms
query [24492]: # of matches found 13787 and it took: 59717.9ms
query [24493]: # of matches found 13803 and it took: 59569.7ms
query [24494]: # of matches found 13910 and it took: 59835.6ms
query [24495]: # of matches found 14124 and it took: 59488.7ms
query [24496]: # of matches found 14092 and it took: 59309.9ms
query [24497]: # of matches found 14120 and it took: 59071.3ms
query [24498]: # of matches found 14136 and it took: 59535.1ms
query [24499]: # of matches found 14199 and it took: 59808.9ms
query [24500]: # of matches found 14194 and it took: 58813.8ms
query [24501]: # of matches found 14243 and it took: 60716.7ms
query [24502]: # of matches found 14235 and it took: 59629.6ms
query [24503]: # of matches found 14318 and it took: 59241.8ms
query [24504]: # of matches found 14398 and it took: 59261.6ms
query [24505]: # of matches found 14424 and it took: 58854.2ms
query [24506]: # of matches found 14505 and it took: 58739.3ms
query [24507]: # of matches found 14450 and it took: 58302.5ms
query [24508]: # of matches found 14461 and it took: 58389.2ms
query [24509]: # of matches found 14478 and it took: 58471ms
query [24510]: # of matches found 14467 and it took: 58146.6ms
query [24511]: # of matches found 14420 and it took: 58417.4ms
query [24512]: # of matches found 14419 and it took: 59318.3ms
query [24513]: # of matches found 14316 and it took: 58577ms
query [24514]: # of matches found 14225 and it took: 58419.2ms
query [24515]: # of matches found 14494 and it took: 58186.7ms
query [24516]: # of matches found 14538 and it took: 59749.7ms
query [24517]: # of matches found 14529 and it took: 58455.4ms
query [24518]: # of matches found 14514 and it took: 58999.9ms
query [24519]: # of matches found 14523 and it took: 59023.4ms
query [24520]: # of matches found 14477 and it took: 58805.9ms
query [24521]: # of matches found 13865 and it took: 58842.3ms
query [24522]: # of matches found 13846 and it took: 59136.5ms
query [24523]: # of matches found 13794 and it took: 58901.9ms
query [24524]: # of matches found 13735 and it took: 59023.8ms
query [24525]: # of matches found 13728 and it took: 58900.5ms
query [24526]: # of matches found 13604 and it took: 58688.1ms
query [24527]: # of matches found 14037 and it took: 58644.2ms
query [24528]: # of matches found 14077 and it took: 58499.3ms
query [24529]: # of matches found 14466 and it took: 58424.2ms
query [24530]: # of matches found 13522 and it took: 58265.3ms
query [24531]: # of matches found 13485 and it took: 59469.8ms
query [24532]: # of matches found 13644 and it took: 58418ms
query [24533]: # of matches found 13801 and it took: 58309.5ms
query [24534]: # of matches found 13830 and it took: 58324.8ms
query [24535]: # of matches found 13851 and it took: 58008.6ms
query [24536]: # of matches found 13900 and it took: 58036ms
query [24537]: # of matches found 13909 and it took: 58078.5ms
query [24538]: # of matches found 13962 and it took: 58527.6ms
query [24539]: # of matches found 14096 and it took: 57924.8ms
query [24540]: # of matches found 14165 and it took: 57818.5ms
query [24541]: # of matches found 14425 and it took: 57700.9ms
query [24542]: # of matches found 14509 and it took: 57453.8ms
query [24543]: # of matches found 14553 and it took: 57495.3ms
query [24544]: # of matches found 15888 and it took: 57411.6ms
query [24545]: # of matches found 16142 and it took: 57459.1ms
query [24546]: # of matches found 16321 and it took: 57269.4ms
query [24547]: # of matches found 16325 and it took: 57310.4ms
query [24548]: # of matches found 16380 and it took: 56886.7ms
query [24549]: # of matches found 16488 and it took: 56934.7ms
query [24550]: # of matches found 16592 and it took: 56799.1ms
query [24551]: # of matches found 16588 and it took: 56840ms
query [24552]: # of matches found 16483 and it took: 56507.2ms
query [24553]: # of matches found 16360 and it took: 56370.4ms
query [24554]: # of matches found 16321 and it took: 56339.5ms
query [24555]: # of matches found 16361 and it took: 55886.3ms
query [24556]: # of matches found 16375 and it took: 55926.3ms
query [24557]: # of matches found 16385 and it took: 55954.4ms
query [24558]: # of matches found 16339 and it took: 55622.1ms
query [24559]: # of matches found 16312 and it took: 55618.7ms
query [24560]: # of matches found 16297 and it took: 55513.4ms
query [24561]: # of matches found 16314 and it took: 55425.2ms
query [24562]: # of matches found 16312 and it took: 55166.3ms
query [24563]: # of matches found 16279 and it took: 56918.7ms
query [24564]: # of matches found 16127 and it took: 55394.7ms
query [24565]: # of matches found 16087 and it took: 55459.9ms
query [24566]: # of matches found 15813 and it took: 55590.2ms
query [24567]: # of matches found 15814 and it took: 55656.4ms
query [24568]: # of matches found 15762 and it took: 55385.2ms
query [24569]: # of matches found 15796 and it took: 55466.9ms
query [24570]: # of matches found 15774 and it took: 55558.3ms
query [24571]: # of matches found 15782 and it took: 55533ms
query [24572]: # of matches found 16165 and it took: 55423.6ms
query [24573]: # of matches found 16404 and it took: 55551.7ms
query [24574]: # of matches found 16515 and it took: 55418.3ms
query [24575]: # of matches found 16500 and it took: 55330ms
query [24576]: # of matches found 16483 and it took: 55551.7ms
query [24577]: # of matches found 16457 and it took: 55656ms
query [24578]: # of matches found 16452 and it took: 55237.2ms
query [24579]: # of matches found 16376 and it took: 55487.8ms
query [24580]: # of matches found 16431 and it took: 55820.4ms
query [24581]: # of matches found 16471 and it took: 55873.3ms
query [24582]: # of matches found 16588 and it took: 55684.2ms
query [24583]: # of matches found 16604 and it took: 56143.7ms
query [24584]: # of matches found 16647 and it took: 55748.5ms
query [24585]: # of matches found 15668 and it took: 55911.2ms
query [24586]: # of matches found 15704 and it took: 56058.1ms
query [24587]: # of matches found 15600 and it took: 56108.5ms
query [24588]: # of matches found 15588 and it took: 55886.1ms
query [24589]: # of matches found 15530 and it took: 56080.9ms
query [24590]: # of matches found 15438 and it took: 56212ms
query [24591]: # of matches found 15371 and it took: 56162.6ms
query [24592]: # of matches found 15338 and it took: 56016.9ms
query [24593]: # of matches found 15395 and it took: 56467ms
query [24594]: # of matches found 15383 and it took: 55917.9ms
query [24595]: # of matches found 15388 and it took: 57171.9ms
query [24596]: # of matches found 15404 and it took: 56395.6ms
query [24597]: # of matches found 15384 and it took: 56370.1ms
query [24598]: # of matches found 15417 and it took: 56079.3ms
query [24599]: # of matches found 15631 and it took: 56331.5ms
query [24600]: # of matches found 15655 and it took: 56054.4ms
query [24601]: # of matches found 15751 and it took: 56124.1ms
query [24602]: # of matches found 15668 and it took: 57033ms
query [24603]: # of matches found 15498 and it took: 56187.2ms
query [24604]: # of matches found 15430 and it took: 56368.1ms
query [24605]: # of matches found 15370 and it took: 55797.2ms
query [24606]: # of matches found 15414 and it took: 55818.5ms
query [24607]: # of matches found 15281 and it took: 55584.3ms
query [24608]: # of matches found 15178 and it took: 55542.8ms
query [24609]: # of matches found 15202 and it took: 55976.1ms
query [24610]: # of matches found 15161 and it took: 55872.5ms
query [24611]: # of matches found 15183 and it took: 55943.6ms
query [24612]: # of matches found 15226 and it took: 55762ms
query [24613]: # of matches found 15221 and it took: 55923.3ms
query [24614]: # of matches found 15193 and it took: 55130.4ms
query [24615]: # of matches found 15131 and it took: 55556.6ms
query [24616]: # of matches found 15122 and it took: 55755.8ms
query [24617]: # of matches found 14216 and it took: 55371.6ms
query [24618]: # of matches found 14143 and it took: 55299.9ms
query [24619]: # of matches found 14132 and it took: 56126ms
query [24620]: # of matches found 14126 and it took: 56041.1ms
query [24621]: # of matches found 14104 and it took: 55689.2ms
query [24622]: # of matches found 14243 and it took: 56195.2ms
query [24623]: # of matches found 14228 and it took: 56079.4ms
query [24624]: # of matches found 13930 and it took: 55619.3ms
query [24625]: # of matches found 13895 and it took: 56333.3ms
query [24626]: # of matches found 13674 and it took: 56787.6ms
query [24627]: # of matches found 13778 and it took: 57477.8ms
query [24628]: # of matches found 13734 and it took: 56466ms
query [24629]: # of matches found 13768 and it took: 56806.8ms
query [24630]: # of matches found 13658 and it took: 56789.7ms
query [24631]: # of matches found 13816 and it took: 56876.7ms
query [24632]: # of matches found 14073 and it took: 56456.5ms
query [24633]: # of matches found 14169 and it took: 56834.6ms
query [24634]: # of matches found 14186 and it took: 56388ms
query [24635]: # of matches found 14012 and it took: 56488.8ms
query [24636]: # of matches found 15607 and it took: 56820.5ms
query [24637]: # of matches found 15620 and it took: 56356.9ms
query [24638]: # of matches found 15691 and it took: 56064.4ms
query [24639]: # of matches found 15689 and it took: 55974.4ms
query [24640]: # of matches found 15732 and it took: 56392ms
query [24641]: # of matches found 15731 and it took: 56305.3ms
query [24642]: # of matches found 15706 and it took: 56241.3ms
query [24643]: # of matches found 15686 and it took: 56653.1ms
query [24644]: # of matches found 15543 and it took: 56523.6ms
query [24645]: # of matches found 15552 and it took: 56854.7ms
query [24646]: # of matches found 15576 and it took: 57132.1ms
query [24647]: # of matches found 15595 and it took: 56918.7ms
query [24648]: # of matches found 15658 and it took: 57129.3ms
query [24649]: # of matches found 16004 and it took: 57120.8ms
query [24650]: # of matches found 16288 and it took: 57431ms
query [24651]: # of matches found 16540 and it took: 57316.9ms
query [24652]: # of matches found 16722 and it took: 57214.6ms
query [24653]: # of matches found 16759 and it took: 59111.2ms
query [24654]: # of matches found 16772 and it took: 57802.2ms
query [24655]: # of matches found 16483 and it took: 57500.5ms
query [24656]: # of matches found 16531 and it took: 57661.4ms
query [24657]: # of matches found 16462 and it took: 57624.5ms
query [24658]: # of matches found 16533 and it took: 57332.5ms
query [24659]: # of matches found 16545 and it took: 60756.5ms
query [24660]: # of matches found 16498 and it took: 57643.5ms
query [24661]: # of matches found 16603 and it took: 56882.3ms
query [24662]: # of matches found 16684 and it took: 56717.7ms
query [24663]: # of matches found 16656 and it took: 57078.5ms
query [24664]: # of matches found 16866 and it took: 57010.2ms
query [24665]: # of matches found 17734 and it took: 57225.1ms
query [24666]: # of matches found 17807 and it took: 57132.2ms
query [24667]: # of matches found 17293 and it took: 57464ms
query [24668]: # of matches found 17377 and it took: 58858.2ms
query [24669]: # of matches found 16930 and it took: 58845.9ms
query [24670]: # of matches found 17091 and it took: 59083.9ms
query [24671]: # of matches found 17194 and it took: 58640.4ms
query [24672]: # of matches found 17010 and it took: 59465.2ms
query [24673]: # of matches found 16946 and it took: 58399.6ms
query [24674]: # of matches found 16914 and it took: 58205.1ms
query [24675]: # of matches found 17682 and it took: 58698ms
query [24676]: # of matches found 17789 and it took: 58666.9ms
query [24677]: # of matches found 17887 and it took: 58739.2ms
query [24678]: # of matches found 17867 and it took: 58786.2ms
query [24679]: # of matches found 17648 and it took: 60343ms
query [24680]: # of matches found 17655 and it took: 59029ms
query [24681]: # of matches found 17538 and it took: 59016.3ms
query [24682]: # of matches found 17436 and it took: 58737.1ms
query [24683]: # of matches found 17385 and it took: 58939.8ms
query [24684]: # of matches found 17346 and it took: 58937.5ms
query [24685]: # of matches found 15973 and it took: 59633.3ms
query [24686]: # of matches found 23091 and it took: 59764.6ms
query [24687]: # of matches found 23166 and it took: 59673.5ms
query [24688]: # of matches found 23154 and it took: 59246ms
query [24689]: # of matches found 23107 and it took: 60663.7ms
query [24690]: # of matches found 23082 and it took: 60417.8ms
query [24691]: # of matches found 23119 and it took: 59757.5ms
query [24692]: # of matches found 23197 and it took: 60002.8ms
