no kmerRangesFileAddressArg!
no otherToolArg!
**********************CONFIGURATIONS*****************************
PARMIK mode:                  3
readDatabaseAddress:          /p/lava/parmik/partialMatcherProject/datasets/metagenomicDB/SRR14381434/SRR14381434_reads
readFileName:                 SRR14381434_reads
queryFileAddress:             /p/lava/parmik/partialMatcherProject/datasets/queryFiles/covidQueryFiles/NC_045512_chunks/NC_045512_queries_29000-29999
queryFileName:                NC_045512_queries_29000-29999
otherToolOutputFileAddress:   /u/rgq5aw/GIT/PARMIK/partialMatcherProject/tools/blast/SRR14381434/NC_045512/blastn_ws30_results.out
outputDir:                    /p/lava/parmik/partialMatcherProject/tools/baseline_ssw/SRR14381434/NC_045512
penaltyFileAddress:           /u/rgq5aw/GIT/PARMIK/experiments/parmik/CK_SSW_ID_PRCNTG/PenaltySets/2484_1111_2444_2288_2848
kmerRangesFileAddress:        
readsCount:                   17000000
queryCount:                   30000
kmerLength:                   11
regionSize:                   48
cheapKmerThreshold:           0
identityPercentage:           0.85
minExactMatchLen:             0
minNumExactMatchKmer:         0
isIndexOffline:               1
offlineIndexAddress:          /p/lava/parmik/partialMatcherProject/tools/parmik/CK_INDEX/SRR14381434/
max editDistance in min region: 2
**********************CONFIGURATIONS*****************************
--------------Penalties--------------
m: 2, s: 4, go: 8, ge: 4
m: 1, s: 1, go: 1, ge: 1
m: 2, s: 4, go: 4, ge: 4
m: 2, s: 2, go: 8, ge: 8
m: 2, s: 8, go: 4, ge: 8
------------------------------------
numberOfReadsWithN : 0
queryCount : 754
numberOfReadsWithN : 0
readCount : 9488668
offlineCheapIndexAddress: /p/lava/parmik/partialMatcherProject/tools/parmik/CK_INDEX/SRR14381434/ck_T0_K11_r17000000
pmrkAlignmentsAddress: /p/lava/parmik/partialMatcherProject/tools/baseline_ssw/SRR14381434/NC_045512/aln/pmAln_R48_PI85_L0_M0_E2_K11_T0_P_2484_1111_2444_2288_2848.txt
Starting alignment for all queries [fwd]...
queryBaseIndex: 29000
query [29000]: # of matches found 15026 and it took: 63192.7ms
query [29001]: # of matches found 14968 and it took: 62315.6ms
query [29002]: # of matches found 14946 and it took: 62214.8ms
query [29003]: # of matches found 14839 and it took: 62261.6ms
query [29004]: # of matches found 14686 and it took: 61724.4ms
query [29005]: # of matches found 14681 and it took: 62377ms
query [29006]: # of matches found 14693 and it took: 62496.3ms
query [29007]: # of matches found 14703 and it took: 61652.4ms
query [29008]: # of matches found 14733 and it took: 61638.3ms
query [29009]: # of matches found 14762 and it took: 62001.7ms
query [29010]: # of matches found 14559 and it took: 61785.2ms
query [29011]: # of matches found 14495 and it took: 61430.1ms
query [29012]: # of matches found 14466 and it took: 61522.6ms
query [29013]: # of matches found 14485 and it took: 61888.1ms
query [29014]: # of matches found 14496 and it took: 61525.2ms
query [29015]: # of matches found 14472 and it took: 61994.7ms
query [29016]: # of matches found 14452 and it took: 62042.1ms
query [29017]: # of matches found 14352 and it took: 61723.8ms
query [29018]: # of matches found 14333 and it took: 61750.2ms
query [29019]: # of matches found 14240 and it took: 61545.5ms
query [29020]: # of matches found 13974 and it took: 61342.9ms
query [29021]: # of matches found 13764 and it took: 60886.1ms
query [29022]: # of matches found 14446 and it took: 61040.2ms
query [29023]: # of matches found 14303 and it took: 61073.5ms
query [29024]: # of matches found 13672 and it took: 60507.8ms
query [29025]: # of matches found 13479 and it took: 60827.8ms
query [29026]: # of matches found 13485 and it took: 61035.4ms
query [29027]: # of matches found 13472 and it took: 59929.7ms
query [29028]: # of matches found 15024 and it took: 60608.7ms
query [29029]: # of matches found 15038 and it took: 60869.1ms
query [29030]: # of matches found 15095 and it took: 60369.3ms
query [29031]: # of matches found 15313 and it took: 60478.1ms
query [29032]: # of matches found 15410 and it took: 60480.1ms
query [29033]: # of matches found 15428 and it took: 60495.1ms
query [29034]: # of matches found 15425 and it took: 60088.9ms
query [29035]: # of matches found 15442 and it took: 60275.7ms
query [29036]: # of matches found 15421 and it took: 60367.5ms
query [29037]: # of matches found 15432 and it took: 59639.8ms
query [29038]: # of matches found 15469 and it took: 60270.8ms
query [29039]: # of matches found 15441 and it took: 60488.2ms
query [29040]: # of matches found 15362 and it took: 60201.7ms
query [29041]: # of matches found 15387 and it took: 60324.2ms
query [29042]: # of matches found 15393 and it took: 60317.7ms
query [29043]: # of matches found 15384 and it took: 60499.2ms
query [29044]: # of matches found 15475 and it took: 60112.1ms
query [29045]: # of matches found 15547 and it took: 60080.8ms
query [29046]: # of matches found 15526 and it took: 60332.3ms
query [29047]: # of matches found 15534 and it took: 59741.9ms
query [29048]: # of matches found 15347 and it took: 60067.9ms
query [29049]: # of matches found 15325 and it took: 59655.4ms
query [29050]: # of matches found 15331 and it took: 59656.3ms
query [29051]: # of matches found 15309 and it took: 59677.7ms
query [29052]: # of matches found 15542 and it took: 59687.2ms
query [29053]: # of matches found 15519 and it took: 59831.1ms
query [29054]: # of matches found 15430 and it took: 59766.6ms
query [29055]: # of matches found 15963 and it took: 59801.1ms
query [29056]: # of matches found 15959 and it took: 60185.3ms
query [29057]: # of matches found 15996 and it took: 59383.3ms
query [29058]: # of matches found 16064 and it took: 59813.1ms
query [29059]: # of matches found 16108 and it took: 59623.5ms
query [29060]: # of matches found 16111 and it took: 59827.3ms
query [29061]: # of matches found 16133 and it took: 59573ms
query [29062]: # of matches found 16652 and it took: 60049.6ms
query [29063]: # of matches found 16640 and it took: 60180.1ms
query [29064]: # of matches found 16634 and it took: 60339.6ms
query [29065]: # of matches found 16576 and it took: 60440.9ms
query [29066]: # of matches found 16603 and it took: 60979.1ms
query [29067]: # of matches found 16630 and it took: 60756.1ms
query [29068]: # of matches found 16640 and it took: 61065.4ms
query [29069]: # of matches found 16589 and it took: 61118.8ms
query [29070]: # of matches found 16533 and it took: 61628ms
query [29071]: # of matches found 16518 and it took: 61320.1ms
query [29072]: # of matches found 16512 and it took: 61584.6ms
query [29073]: # of matches found 16501 and it took: 61277.4ms
query [29074]: # of matches found 16489 and it took: 61921.9ms
query [29075]: # of matches found 16489 and it took: 61731.2ms
query [29076]: # of matches found 16422 and it took: 62553.2ms
query [29077]: # of matches found 16393 and it took: 62529.4ms
query [29078]: # of matches found 16255 and it took: 61938.8ms
query [29079]: # of matches found 16168 and it took: 62103.4ms
query [29080]: # of matches found 14069 and it took: 62324.4ms
query [29081]: # of matches found 14068 and it took: 62406.4ms
query [29082]: # of matches found 14083 and it took: 62483.6ms
query [29083]: # of matches found 14081 and it took: 62684.5ms
query [29084]: # of matches found 14026 and it took: 62732.5ms
query [29085]: # of matches found 14019 and it took: 62824.4ms
query [29086]: # of matches found 13978 and it took: 63062.1ms
query [29087]: # of matches found 14040 and it took: 62835.5ms
query [29088]: # of matches found 14056 and it took: 63029.1ms
query [29089]: # of matches found 14063 and it took: 62870.7ms
query [29090]: # of matches found 14159 and it took: 62446.1ms
query [29091]: # of matches found 14105 and it took: 62864.1ms
query [29092]: # of matches found 14102 and it took: 63141.9ms
query [29093]: # of matches found 14101 and it took: 63188.8ms
query [29094]: # of matches found 14151 and it took: 63287.5ms
query [29095]: # of matches found 14074 and it took: 62853.9ms
query [29096]: # of matches found 14030 and it took: 63427.1ms
query [29097]: # of matches found 13872 and it took: 62848.6ms
query [29098]: # of matches found 13921 and it took: 62694ms
query [29099]: # of matches found 13937 and it took: 62806.9ms
query [29100]: # of matches found 14006 and it took: 63064.3ms
query [29101]: # of matches found 14016 and it took: 62714.3ms
query [29102]: # of matches found 13915 and it took: 62873.5ms
query [29103]: # of matches found 13889 and it took: 63307.8ms
query [29104]: # of matches found 13861 and it took: 64118ms
query [29105]: # of matches found 13850 and it took: 64449.6ms
query [29106]: # of matches found 13705 and it took: 64280.2ms
query [29107]: # of matches found 13754 and it took: 64725.2ms
query [29108]: # of matches found 13272 and it took: 64772.2ms
query [29109]: # of matches found 13598 and it took: 64731.5ms
query [29110]: # of matches found 13573 and it took: 64798ms
query [29111]: # of matches found 13547 and it took: 64659.4ms
query [29112]: # of matches found 13135 and it took: 64968.1ms
query [29113]: # of matches found 13465 and it took: 65434.9ms
query [29114]: # of matches found 13513 and it took: 67037.6ms
query [29115]: # of matches found 13463 and it took: 66638ms
query [29116]: # of matches found 13397 and it took: 66910.7ms
query [29117]: # of matches found 13269 and it took: 67289.5ms
query [29118]: # of matches found 13325 and it took: 67072.5ms
query [29119]: # of matches found 13258 and it took: 67407.6ms
query [29120]: # of matches found 13247 and it took: 66950.8ms
query [29121]: # of matches found 13219 and it took: 66853.4ms
query [29122]: # of matches found 13162 and it took: 66932.4ms
query [29123]: # of matches found 13130 and it took: 67560.7ms
query [29124]: # of matches found 13085 and it took: 68310.7ms
query [29125]: # of matches found 13025 and it took: 67753.2ms
query [29126]: # of matches found 12945 and it took: 68136.3ms
query [29127]: # of matches found 12554 and it took: 69069.3ms
query [29128]: # of matches found 12563 and it took: 68811.9ms
query [29129]: # of matches found 12563 and it took: 69247.1ms
query [29130]: # of matches found 12563 and it took: 68895.8ms
query [29131]: # of matches found 12568 and it took: 69069.5ms
query [29132]: # of matches found 12536 and it took: 69714.9ms
query [29133]: # of matches found 12522 and it took: 69352.1ms
query [29134]: # of matches found 12576 and it took: 70294.3ms
query [29135]: # of matches found 12501 and it took: 69841.2ms
query [29136]: # of matches found 12665 and it took: 70847.8ms
query [29137]: # of matches found 12704 and it took: 70730.6ms
query [29138]: # of matches found 12775 and it took: 70411.9ms
query [29139]: # of matches found 12811 and it took: 70304ms
query [29140]: # of matches found 12823 and it took: 69723.1ms
query [29141]: # of matches found 12854 and it took: 69962.1ms
query [29142]: # of matches found 12881 and it took: 69990ms
query [29143]: # of matches found 12905 and it took: 69374.9ms
query [29144]: # of matches found 12998 and it took: 69733.1ms
query [29145]: # of matches found 12983 and it took: 69541ms
query [29146]: # of matches found 12933 and it took: 70248.2ms
query [29147]: # of matches found 12954 and it took: 70294.5ms
query [29148]: # of matches found 12966 and it took: 70511.2ms
query [29149]: # of matches found 12980 and it took: 70102.5ms
query [29150]: # of matches found 12972 and it took: 70460.8ms
query [29151]: # of matches found 13082 and it took: 70287.8ms
query [29152]: # of matches found 13089 and it took: 69764.2ms
query [29153]: # of matches found 13080 and it took: 69819.6ms
query [29154]: # of matches found 13139 and it took: 70353ms
query [29155]: # of matches found 13162 and it took: 70038.6ms
query [29156]: # of matches found 13110 and it took: 70560.4ms
query [29157]: # of matches found 13143 and it took: 70338.1ms
query [29158]: # of matches found 13415 and it took: 70308ms
query [29159]: # of matches found 13441 and it took: 70086.5ms
query [29160]: # of matches found 13480 and it took: 69637.5ms
query [29161]: # of matches found 13544 and it took: 70062.7ms
query [29162]: # of matches found 12619 and it took: 69511ms
query [29163]: # of matches found 12764 and it took: 69109.2ms
query [29164]: # of matches found 12771 and it took: 69414ms
query [29165]: # of matches found 12817 and it took: 68603.8ms
query [29166]: # of matches found 12852 and it took: 69269ms
query [29167]: # of matches found 12995 and it took: 69366.1ms
query [29168]: # of matches found 11587 and it took: 69275.1ms
query [29169]: # of matches found 11535 and it took: 69345.3ms
query [29170]: # of matches found 11547 and it took: 68802.3ms
query [29171]: # of matches found 11408 and it took: 68802.7ms
query [29172]: # of matches found 11613 and it took: 68654.2ms
query [29173]: # of matches found 11691 and it took: 68421.4ms
query [29174]: # of matches found 11709 and it took: 68690.1ms
query [29175]: # of matches found 11693 and it took: 67575.4ms
query [29176]: # of matches found 11711 and it took: 68225.3ms
query [29177]: # of matches found 11748 and it took: 68418.8ms
query [29178]: # of matches found 11791 and it took: 67918ms
query [29179]: # of matches found 12083 and it took: 68318.1ms
query [29180]: # of matches found 12022 and it took: 67909.2ms
query [29181]: # of matches found 12005 and it took: 68235.3ms
query [29182]: # of matches found 11990 and it took: 68215.8ms
query [29183]: # of matches found 12029 and it took: 68390.6ms
query [29184]: # of matches found 12096 and it took: 68577.2ms
query [29185]: # of matches found 12024 and it took: 67489.1ms
query [29186]: # of matches found 12023 and it took: 67814.7ms
query [29187]: # of matches found 12082 and it took: 68065.5ms
query [29188]: # of matches found 12141 and it took: 68066.6ms
query [29189]: # of matches found 12128 and it took: 68475.3ms
query [29190]: # of matches found 12153 and it took: 67459.3ms
query [29191]: # of matches found 12180 and it took: 67637.5ms
query [29192]: # of matches found 11950 and it took: 67536.4ms
query [29193]: # of matches found 11995 and it took: 67606.9ms
query [29194]: # of matches found 12016 and it took: 67315.1ms
query [29195]: # of matches found 11578 and it took: 66673.2ms
query [29196]: # of matches found 11614 and it took: 66765ms
query [29197]: # of matches found 11592 and it took: 66883.8ms
query [29198]: # of matches found 11514 and it took: 66868.4ms
query [29199]: # of matches found 11478 and it took: 66834.7ms
query [29200]: # of matches found 11457 and it took: 66370.2ms
query [29201]: # of matches found 11362 and it took: 66670.1ms
query [29202]: # of matches found 10815 and it took: 66226.6ms
query [29203]: # of matches found 10798 and it took: 65971.3ms
query [29204]: # of matches found 10800 and it took: 65488.8ms
query [29205]: # of matches found 10802 and it took: 65066.5ms
query [29206]: # of matches found 10801 and it took: 64841.2ms
query [29207]: # of matches found 10937 and it took: 65002.2ms
query [29208]: # of matches found 11005 and it took: 64425.6ms
query [29209]: # of matches found 14548 and it took: 64830.5ms
query [29210]: # of matches found 14829 and it took: 64230.2ms
query [29211]: # of matches found 15415 and it took: 64544.3ms
query [29212]: # of matches found 15492 and it took: 64276.9ms
query [29213]: # of matches found 15535 and it took: 64169.3ms
query [29214]: # of matches found 15523 and it took: 63828.2ms
query [29215]: # of matches found 15549 and it took: 63382.5ms
query [29216]: # of matches found 15563 and it took: 63271.9ms
query [29217]: # of matches found 15736 and it took: 62995.9ms
query [29218]: # of matches found 16231 and it took: 63196.2ms
query [29219]: # of matches found 16310 and it took: 63364.7ms
query [29220]: # of matches found 16660 and it took: 63086.7ms
query [29221]: # of matches found 16782 and it took: 62307.5ms
query [29222]: # of matches found 16897 and it took: 62923.4ms
query [29223]: # of matches found 17053 and it took: 62809.6ms
query [29224]: # of matches found 17220 and it took: 61907.7ms
query [29225]: # of matches found 17237 and it took: 61718.5ms
query [29226]: # of matches found 17271 and it took: 61247.3ms
query [29227]: # of matches found 17265 and it took: 61107.3ms
query [29228]: # of matches found 17277 and it took: 61123.7ms
query [29229]: # of matches found 17252 and it took: 60669.3ms
query [29230]: # of matches found 17123 and it took: 60530.3ms
query [29231]: # of matches found 17061 and it took: 60425.3ms
query [29232]: # of matches found 17024 and it took: 60285.1ms
query [29233]: # of matches found 16996 and it took: 60357ms
query [29234]: # of matches found 16955 and it took: 59279.1ms
query [29235]: # of matches found 16986 and it took: 59164.3ms
query [29236]: # of matches found 16932 and it took: 58947.6ms
query [29237]: # of matches found 16951 and it took: 58909.8ms
query [29238]: # of matches found 17067 and it took: 58978.4ms
query [29239]: # of matches found 17206 and it took: 58732.4ms
query [29240]: # of matches found 17226 and it took: 58706.2ms
query [29241]: # of matches found 17322 and it took: 58076.6ms
query [29242]: # of matches found 17381 and it took: 57917.1ms
query [29243]: # of matches found 17547 and it took: 58032.7ms
query [29244]: # of matches found 17710 and it took: 57618.4ms
query [29245]: # of matches found 18660 and it took: 57178.5ms
query [29246]: # of matches found 18767 and it took: 57102.6ms
query [29247]: # of matches found 19967 and it took: 56908ms
query [29248]: # of matches found 20125 and it took: 56986.5ms
query [29249]: # of matches found 19901 and it took: 56942.7ms
query [29250]: # of matches found 20199 and it took: 56975.2ms
query [29251]: # of matches found 20246 and it took: 56633.3ms
query [29252]: # of matches found 20624 and it took: 56438.8ms
query [29253]: # of matches found 20309 and it took: 56442.7ms
query [29254]: # of matches found 20211 and it took: 56107.4ms
query [29255]: # of matches found 20152 and it took: 55634.5ms
query [29256]: # of matches found 20197 and it took: 55660.9ms
query [29257]: # of matches found 20191 and it took: 55138.8ms
query [29258]: # of matches found 20192 and it took: 55460.4ms
query [29259]: # of matches found 20246 and it took: 55139.3ms
query [29260]: # of matches found 20460 and it took: 54934.7ms
query [29261]: # of matches found 20463 and it took: 54802.7ms
query [29262]: # of matches found 20637 and it took: 54837.9ms
query [29263]: # of matches found 20685 and it took: 54798.7ms
query [29264]: # of matches found 20868 and it took: 54382.5ms
query [29265]: # of matches found 20869 and it took: 54169.4ms
query [29266]: # of matches found 20891 and it took: 54415.4ms
query [29267]: # of matches found 20885 and it took: 54157.2ms
query [29268]: # of matches found 20832 and it took: 54400.1ms
query [29269]: # of matches found 20835 and it took: 54089.1ms
query [29270]: # of matches found 20862 and it took: 53945.7ms
query [29271]: # of matches found 20803 and it took: 54023.9ms
query [29272]: # of matches found 20777 and it took: 54415.7ms
query [29273]: # of matches found 20764 and it took: 54417ms
query [29274]: # of matches found 20702 and it took: 54452.7ms
query [29275]: # of matches found 20664 and it took: 54388.1ms
query [29276]: # of matches found 20462 and it took: 54717.1ms
query [29277]: # of matches found 20453 and it took: 54771.9ms
query [29278]: # of matches found 20443 and it took: 54685.7ms
query [29279]: # of matches found 20464 and it took: 55078.9ms
query [29280]: # of matches found 20585 and it took: 55150.5ms
query [29281]: # of matches found 20587 and it took: 54853.7ms
query [29282]: # of matches found 20676 and it took: 54551.9ms
query [29283]: # of matches found 20774 and it took: 54991.8ms
query [29284]: # of matches found 21145 and it took: 54663.9ms
query [29285]: # of matches found 21215 and it took: 54607.4ms
query [29286]: # of matches found 21281 and it took: 54790.6ms
query [29287]: # of matches found 21323 and it took: 55024.7ms
query [29288]: # of matches found 21392 and it took: 54799.3ms
query [29289]: # of matches found 21504 and it took: 54716.7ms
query [29290]: # of matches found 21676 and it took: 54818.3ms
query [29291]: # of matches found 21676 and it took: 54751ms
query [29292]: # of matches found 21724 and it took: 54588.7ms
query [29293]: # of matches found 21766 and it took: 54893.4ms
query [29294]: # of matches found 21703 and it took: 54969.9ms
query [29295]: # of matches found 21744 and it took: 54777.9ms
query [29296]: # of matches found 21897 and it took: 54726.6ms
query [29297]: # of matches found 22282 and it took: 54957.7ms
query [29298]: # of matches found 22165 and it took: 54862ms
query [29299]: # of matches found 22120 and it took: 54579.4ms
query [29300]: # of matches found 22006 and it took: 55037.5ms
query [29301]: # of matches found 21962 and it took: 54870.9ms
query [29302]: # of matches found 21871 and it took: 54617.1ms
query [29303]: # of matches found 21692 and it took: 55550.2ms
query [29304]: # of matches found 21506 and it took: 55238.9ms
query [29305]: # of matches found 21472 and it took: 55770.4ms
query [29306]: # of matches found 21336 and it took: 55533.7ms
query [29307]: # of matches found 21140 and it took: 56013.8ms
query [29308]: # of matches found 21166 and it took: 55705.2ms
query [29309]: # of matches found 21184 and it took: 55855.7ms
query [29310]: # of matches found 21248 and it took: 56088.1ms
query [29311]: # of matches found 21407 and it took: 55767.4ms
query [29312]: # of matches found 21266 and it took: 55752.6ms
query [29313]: # of matches found 21369 and it took: 56543.3ms
query [29314]: # of matches found 21419 and it took: 56278ms
query [29315]: # of matches found 21591 and it took: 56449.3ms
query [29316]: # of matches found 21805 and it took: 56868.5ms
query [29317]: # of matches found 21867 and it took: 57230.8ms
query [29318]: # of matches found 22178 and it took: 57164ms
query [29319]: # of matches found 22255 and it took: 57252.1ms
query [29320]: # of matches found 24064 and it took: 57394.9ms
query [29321]: # of matches found 24226 and it took: 57140.7ms
query [29322]: # of matches found 26039 and it took: 57272.6ms
query [29323]: # of matches found 26008 and it took: 57579.7ms
query [29324]: # of matches found 25935 and it took: 57358.1ms
query [29325]: # of matches found 25895 and it took: 57418.5ms
query [29326]: # of matches found 25857 and it took: 57742.4ms
query [29327]: # of matches found 28205 and it took: 57564.3ms
query [29328]: # of matches found 28217 and it took: 57866.1ms
query [29329]: # of matches found 28274 and it took: 57856.1ms
query [29330]: # of matches found 28330 and it took: 58132.1ms
query [29331]: # of matches found 28313 and it took: 57760ms
query [29332]: # of matches found 28408 and it took: 58149.9ms
query [29333]: # of matches found 28376 and it took: 58041.7ms
query [29334]: # of matches found 28360 and it took: 57828.3ms
query [29335]: # of matches found 28337 and it took: 57842.6ms
query [29336]: # of matches found 28160 and it took: 58038.8ms
query [29337]: # of matches found 28270 and it took: 58614.8ms
query [29338]: # of matches found 28839 and it took: 58100.9ms
query [29339]: # of matches found 28966 and it took: 57913.6ms
query [29340]: # of matches found 29063 and it took: 58060.8ms
query [29341]: # of matches found 29130 and it took: 57825.7ms
query [29342]: # of matches found 29195 and it took: 57798.6ms
query [29343]: # of matches found 29259 and it took: 57764.5ms
query [29344]: # of matches found 29238 and it took: 57524.3ms
query [29345]: # of matches found 29273 and it took: 58587ms
query [29346]: # of matches found 29332 and it took: 58031ms
query [29347]: # of matches found 29365 and it took: 58165.4ms
query [29348]: # of matches found 29354 and it took: 58188.3ms
query [29349]: # of matches found 25903 and it took: 58140ms
query [29350]: # of matches found 25678 and it took: 58170.7ms
query [29351]: # of matches found 25225 and it took: 58053.6ms
query [29352]: # of matches found 25142 and it took: 58305.5ms
query [29353]: # of matches found 25085 and it took: 58215.9ms
query [29354]: # of matches found 25064 and it took: 57978.6ms
query [29355]: # of matches found 26561 and it took: 58063.5ms
query [29356]: # of matches found 26576 and it took: 58148.3ms
query [29357]: # of matches found 26877 and it took: 58552.6ms
query [29358]: # of matches found 26741 and it took: 58440ms
query [29359]: # of matches found 27682 and it took: 58521.9ms
query [29360]: # of matches found 27669 and it took: 58631.7ms
query [29361]: # of matches found 27340 and it took: 58249.3ms
query [29362]: # of matches found 27278 and it took: 59017ms
query [29363]: # of matches found 27236 and it took: 59097.4ms
query [29364]: # of matches found 27097 and it took: 58911.9ms
query [29365]: # of matches found 27063 and it took: 59347.6ms
query [29366]: # of matches found 27153 and it took: 59703.4ms
query [29367]: # of matches found 27104 and it took: 60325.6ms
query [29368]: # of matches found 27084 and it took: 60141.5ms
query [29369]: # of matches found 27091 and it took: 60211.1ms
query [29370]: # of matches found 27090 and it took: 60631.3ms
query [29371]: # of matches found 27101 and it took: 60307.6ms
query [29372]: # of matches found 27109 and it took: 61422.7ms
query [29373]: # of matches found 27081 and it took: 61291.9ms
query [29374]: # of matches found 27092 and it took: 61194.3ms
query [29375]: # of matches found 27069 and it took: 61229ms
query [29376]: # of matches found 27075 and it took: 61632.2ms
query [29377]: # of matches found 27015 and it took: 62242.5ms
query [29378]: # of matches found 26932 and it took: 61456.1ms
query [29379]: # of matches found 26829 and it took: 61542.5ms
query [29380]: # of matches found 26744 and it took: 62789ms
query [29381]: # of matches found 26615 and it took: 62312.1ms
query [29382]: # of matches found 26556 and it took: 63185.1ms
query [29383]: # of matches found 26394 and it took: 62974.1ms
query [29384]: # of matches found 26203 and it took: 63350.5ms
query [29385]: # of matches found 25356 and it took: 63537.5ms
query [29386]: # of matches found 25226 and it took: 63970.9ms
query [29387]: # of matches found 24258 and it took: 64179.7ms
query [29388]: # of matches found 23742 and it took: 63027.8ms
query [29389]: # of matches found 23403 and it took: 63309.5ms
query [29390]: # of matches found 23061 and it took: 63510ms
query [29391]: # of matches found 23009 and it took: 63319.7ms
query [29392]: # of matches found 22740 and it took: 64683.2ms
query [29393]: # of matches found 23247 and it took: 64458.5ms
query [29394]: # of matches found 23223 and it took: 64539.1ms
query [29395]: # of matches found 23196 and it took: 64863.1ms
query [29396]: # of matches found 23206 and it took: 65257.5ms
query [29397]: # of matches found 23240 and it took: 65226.5ms
query [29398]: # of matches found 23200 and it took: 62489.6ms
query [29399]: # of matches found 23144 and it took: 62576.4ms
query [29400]: # of matches found 23014 and it took: 63781.2ms
query [29401]: # of matches found 23027 and it took: 63115.5ms
query [29402]: # of matches found 23083 and it took: 63453.8ms
query [29403]: # of matches found 23054 and it took: 63273.1ms
query [29404]: # of matches found 22855 and it took: 64620ms
query [29405]: # of matches found 22900 and it took: 64243ms
query [29406]: # of matches found 22952 and it took: 64344.8ms
query [29407]: # of matches found 22999 and it took: 64480.5ms
query [29408]: # of matches found 23130 and it took: 63371.7ms
query [29409]: # of matches found 23149 and it took: 63758.9ms
query [29410]: # of matches found 23159 and it took: 64654.3ms
query [29411]: # of matches found 23158 and it took: 64675.4ms
query [29412]: # of matches found 23217 and it took: 64847.1ms
query [29413]: # of matches found 23280 and it took: 64675.1ms
query [29414]: # of matches found 23313 and it took: 65453.1ms
query [29415]: # of matches found 23310 and it took: 65368ms
query [29416]: # of matches found 23245 and it took: 65612.8ms
query [29417]: # of matches found 23379 and it took: 65791ms
query [29418]: # of matches found 23383 and it took: 64295.9ms
query [29419]: # of matches found 23242 and it took: 64076.7ms
query [29420]: # of matches found 23192 and it took: 64375.4ms
query [29421]: # of matches found 23110 and it took: 64058.3ms
query [29422]: # of matches found 23084 and it took: 64017.1ms
query [29423]: # of matches found 22947 and it took: 63883.8ms
query [29424]: # of matches found 23074 and it took: 65094.1ms
query [29425]: # of matches found 22855 and it took: 64326ms
query [29426]: # of matches found 22722 and it took: 64622.8ms
query [29427]: # of matches found 22696 and it took: 64565.2ms
query [29428]: # of matches found 22649 and it took: 63405.4ms
query [29429]: # of matches found 22546 and it took: 63961.2ms
query [29430]: # of matches found 22350 and it took: 64829.2ms
query [29431]: # of matches found 22251 and it took: 64485.4ms
query [29432]: # of matches found 22164 and it took: 64623ms
query [29433]: # of matches found 22066 and it took: 64465.9ms
query [29434]: # of matches found 22067 and it took: 64784.8ms
query [29435]: # of matches found 22039 and it took: 64600.8ms
query [29436]: # of matches found 21921 and it took: 64527ms
query [29437]: # of matches found 21397 and it took: 64443.3ms
query [29438]: # of matches found 21230 and it took: 63738.1ms
query [29439]: # of matches found 21214 and it took: 63482.6ms
query [29440]: # of matches found 21268 and it took: 63463.9ms
query [29441]: # of matches found 21245 and it took: 63384.1ms
query [29442]: # of matches found 21160 and it took: 63604.5ms
query [29443]: # of matches found 21143 and it took: 63332.9ms
query [29444]: # of matches found 21169 and it took: 63924.3ms
query [29445]: # of matches found 21141 and it took: 63760.4ms
query [29446]: # of matches found 21115 and it took: 63604.6ms
query [29447]: # of matches found 21124 and it took: 63701.4ms
query [29448]: # of matches found 21064 and it took: 62902.7ms
query [29449]: # of matches found 21029 and it took: 63137.2ms
query [29450]: # of matches found 20964 and it took: 62546.4ms
query [29451]: # of matches found 20770 and it took: 63087.5ms
query [29452]: # of matches found 20543 and it took: 62999.6ms
query [29453]: # of matches found 20388 and it took: 62674.7ms
query [29454]: # of matches found 20317 and it took: 63191.2ms
query [29455]: # of matches found 20121 and it took: 63300.7ms
query [29456]: # of matches found 19897 and it took: 63371.3ms
query [29457]: # of matches found 19796 and it took: 63376.6ms
query [29458]: # of matches found 19416 and it took: 62458.7ms
query [29459]: # of matches found 19177 and it took: 62441.3ms
query [29460]: # of matches found 17231 and it took: 62332.2ms
query [29461]: # of matches found 16949 and it took: 61848.5ms
query [29462]: # of matches found 15146 and it took: 61733.1ms
query [29463]: # of matches found 15137 and it took: 61723.6ms
query [29464]: # of matches found 15081 and it took: 62420ms
query [29465]: # of matches found 15406 and it took: 62566.2ms
query [29466]: # of matches found 15466 and it took: 62660.3ms
query [29467]: # of matches found 13109 and it took: 62388.6ms
query [29468]: # of matches found 13146 and it took: 61885.7ms
query [29469]: # of matches found 13168 and it took: 62141.7ms
query [29470]: # of matches found 13226 and it took: 62124.1ms
query [29471]: # of matches found 13193 and it took: 62145ms
query [29472]: # of matches found 13161 and it took: 62510.3ms
query [29473]: # of matches found 13219 and it took: 62553.2ms
query [29474]: # of matches found 13300 and it took: 62843.6ms
query [29475]: # of matches found 13309 and it took: 63045ms
query [29476]: # of matches found 13297 and it took: 62970.8ms
query [29477]: # of matches found 14288 and it took: 62589.2ms
query [29478]: # of matches found 13722 and it took: 61998.9ms
query [29479]: # of matches found 13636 and it took: 62317.5ms
query [29480]: # of matches found 13488 and it took: 61712.8ms
query [29481]: # of matches found 13440 and it took: 63141ms
query [29482]: # of matches found 13372 and it took: 62238.9ms
query [29483]: # of matches found 13383 and it took: 62742.2ms
query [29484]: # of matches found 13349 and it took: 62330.6ms
query [29485]: # of matches found 13340 and it took: 62765.2ms
query [29486]: # of matches found 13297 and it took: 62139.4ms
query [29487]: # of matches found 13203 and it took: 62135.6ms
query [29488]: # of matches found 13149 and it took: 61384.2ms
query [29489]: # of matches found 13069 and it took: 61876.9ms
query [29490]: # of matches found 13032 and it took: 61237.4ms
query [29491]: # of matches found 12846 and it took: 61796.8ms
query [29492]: # of matches found 12832 and it took: 62433.4ms
query [29493]: # of matches found 12835 and it took: 62364.8ms
query [29494]: # of matches found 12829 and it took: 62288ms
query [29495]: # of matches found 11308 and it took: 63261.8ms
query [29496]: # of matches found 11371 and it took: 62508.3ms
query [29497]: # of matches found 10969 and it took: 62264.3ms
query [29498]: # of matches found 11036 and it took: 61309.2ms
query [29499]: # of matches found 9676 and it took: 61192.8ms
query [29500]: # of matches found 9622 and it took: 61753.4ms
query [29501]: # of matches found 9518 and it took: 62163.3ms
query [29502]: # of matches found 9486 and it took: 61538.2ms
query [29503]: # of matches found 9449 and it took: 61530.3ms
query [29504]: # of matches found 9412 and it took: 60926.2ms
query [29505]: # of matches found 9502 and it took: 61592.8ms
query [29506]: # of matches found 9468 and it took: 61128.2ms
query [29507]: # of matches found 9362 and it took: 60859.4ms
query [29508]: # of matches found 9542 and it took: 60175.7ms
query [29509]: # of matches found 9539 and it took: 60265.5ms
query [29510]: # of matches found 9510 and it took: 60468.7ms
query [29511]: # of matches found 9504 and it took: 59768.7ms
query [29512]: # of matches found 9557 and it took: 59253.9ms
query [29513]: # of matches found 9675 and it took: 59444.7ms
query [29514]: # of matches found 10588 and it took: 59051.5ms
query [29515]: # of matches found 11158 and it took: 59122.9ms
query [29516]: # of matches found 11183 and it took: 58545.3ms
query [29517]: # of matches found 11214 and it took: 58709.4ms
query [29518]: # of matches found 11225 and it took: 58294.6ms
query [29519]: # of matches found 11243 and it took: 58285.7ms
query [29520]: # of matches found 11260 and it took: 58335.6ms
query [29521]: # of matches found 11203 and it took: 58469.6ms
query [29522]: # of matches found 11219 and it took: 58242.9ms
query [29523]: # of matches found 11273 and it took: 58773.9ms
query [29524]: # of matches found 11342 and it took: 58401.8ms
query [29525]: # of matches found 11246 and it took: 58400.6ms
query [29526]: # of matches found 11263 and it took: 58330.9ms
query [29527]: # of matches found 11273 and it took: 58091.7ms
query [29528]: # of matches found 11281 and it took: 57742.5ms
query [29529]: # of matches found 11294 and it took: 57785.2ms
query [29530]: # of matches found 11280 and it took: 57661.5ms
query [29531]: # of matches found 11190 and it took: 58112.4ms
query [29532]: # of matches found 11192 and it took: 57576.4ms
query [29533]: # of matches found 10601 and it took: 57826.7ms
query [29534]: # of matches found 10687 and it took: 57377.7ms
query [29535]: # of matches found 10713 and it took: 57611.8ms
query [29536]: # of matches found 10636 and it took: 56955.2ms
query [29537]: # of matches found 10589 and it took: 56620ms
query [29538]: # of matches found 10617 and it took: 56227.7ms
query [29539]: # of matches found 10613 and it took: 56286.7ms
query [29540]: # of matches found 10527 and it took: 56208.4ms
query [29541]: # of matches found 10494 and it took: 56684.9ms
query [29542]: # of matches found 10425 and it took: 56103.5ms
query [29543]: # of matches found 10388 and it took: 56516.8ms
query [29544]: # of matches found 10337 and it took: 56420.8ms
query [29545]: # of matches found 10310 and it took: 56541.2ms
query [29546]: # of matches found 10206 and it took: 56494ms
query [29547]: # of matches found 10933 and it took: 56589.6ms
query [29548]: # of matches found 10835 and it took: 56299.6ms
query [29549]: # of matches found 10922 and it took: 56349.5ms
query [29550]: # of matches found 10899 and it took: 56193ms
query [29551]: # of matches found 10885 and it took: 56626.3ms
query [29552]: # of matches found 10872 and it took: 56147.6ms
query [29553]: # of matches found 10798 and it took: 56470.5ms
query [29554]: # of matches found 10757 and it took: 56317.9ms
query [29555]: # of matches found 10751 and it took: 56440.2ms
query [29556]: # of matches found 10795 and it took: 56573.8ms
query [29557]: # of matches found 10658 and it took: 56828.5ms
query [29558]: # of matches found 10674 and it took: 56758.6ms
query [29559]: # of matches found 10672 and it took: 56823.5ms
query [29560]: # of matches found 10666 and it took: 56715.3ms
query [29561]: # of matches found 10716 and it took: 56871.2ms
query [29562]: # of matches found 10695 and it took: 56699.2ms
query [29563]: # of matches found 10812 and it took: 57015.2ms
query [29564]: # of matches found 10543 and it took: 57164.6ms
query [29565]: # of matches found 10536 and it took: 57209ms
query [29566]: # of matches found 10542 and it took: 57018ms
query [29567]: # of matches found 10570 and it took: 56914ms
query [29568]: # of matches found 10548 and it took: 56982.3ms
query [29569]: # of matches found 10498 and it took: 57258.3ms
query [29570]: # of matches found 10636 and it took: 57275.2ms
query [29571]: # of matches found 10656 and it took: 57699.3ms
query [29572]: # of matches found 10647 and it took: 57329ms
query [29573]: # of matches found 10706 and it took: 58096.9ms
query [29574]: # of matches found 10681 and it took: 57671.1ms
query [29575]: # of matches found 10699 and it took: 57822ms
query [29576]: # of matches found 10847 and it took: 57747.4ms
query [29577]: # of matches found 10865 and it took: 57948.5ms
query [29578]: # of matches found 10950 and it took: 57703ms
query [29579]: # of matches found 11011 and it took: 57759.2ms
query [29580]: # of matches found 11026 and it took: 57808.5ms
query [29581]: # of matches found 11125 and it took: 57626.9ms
query [29582]: # of matches found 11281 and it took: 57440.4ms
query [29583]: # of matches found 11357 and it took: 57790ms
query [29584]: # of matches found 11511 and it took: 57922.9ms
query [29585]: # of matches found 11532 and it took: 57946.5ms
query [29586]: # of matches found 11569 and it took: 57688.8ms
query [29587]: # of matches found 11616 and it took: 57760.8ms
query [29588]: # of matches found 11637 and it took: 58081.6ms
query [29589]: # of matches found 11888 and it took: 58301.1ms
query [29590]: # of matches found 12099 and it took: 58243.7ms
query [29591]: # of matches found 12134 and it took: 58193.2ms
query [29592]: # of matches found 12313 and it took: 58070.6ms
query [29593]: # of matches found 12378 and it took: 58717.3ms
query [29594]: # of matches found 12486 and it took: 59167.6ms
query [29595]: # of matches found 12521 and it took: 59631.9ms
query [29596]: # of matches found 12581 and it took: 59458.3ms
query [29597]: # of matches found 12846 and it took: 59631.3ms
query [29598]: # of matches found 12855 and it took: 59819.5ms
query [29599]: # of matches found 12854 and it took: 60729.1ms
query [29600]: # of matches found 12897 and it took: 59881.6ms
query [29601]: # of matches found 12995 and it took: 60141.1ms
query [29602]: # of matches found 12930 and it took: 59602.2ms
query [29603]: # of matches found 12933 and it took: 60400.9ms
query [29604]: # of matches found 12905 and it took: 60637.2ms
query [29605]: # of matches found 12596 and it took: 60379.4ms
query [29606]: # of matches found 12544 and it took: 59915.5ms
query [29607]: # of matches found 12486 and it took: 60256.8ms
query [29608]: # of matches found 12396 and it took: 60517.4ms
query [29609]: # of matches found 12304 and it took: 60748ms
query [29610]: # of matches found 12236 and it took: 60699.5ms
query [29611]: # of matches found 12150 and it took: 60716.7ms
query [29612]: # of matches found 12100 and it took: 60634.6ms
query [29613]: # of matches found 12065 and it took: 61130.3ms
query [29614]: # of matches found 11996 and it took: 61131.8ms
query [29615]: # of matches found 11991 and it took: 61231ms
query [29616]: # of matches found 12005 and it took: 61273.5ms
query [29617]: # of matches found 10933 and it took: 61298.2ms
query [29618]: # of matches found 11076 and it took: 61799ms
query [29619]: # of matches found 11073 and it took: 61795.8ms
query [29620]: # of matches found 11131 and it took: 61852ms
query [29621]: # of matches found 11155 and it took: 61640.3ms
query [29622]: # of matches found 11180 and it took: 61549.2ms
query [29623]: # of matches found 11554 and it took: 62369.2ms
query [29624]: # of matches found 11644 and it took: 62173ms
query [29625]: # of matches found 11668 and it took: 62387ms
query [29626]: # of matches found 11636 and it took: 61837.2ms
query [29627]: # of matches found 11658 and it took: 62238.7ms
query [29628]: # of matches found 11635 and it took: 62508ms
query [29629]: # of matches found 11619 and it took: 62845ms
query [29630]: # of matches found 11587 and it took: 62779.3ms
query [29631]: # of matches found 11572 and it took: 62930ms
query [29632]: # of matches found 11600 and it took: 62957.1ms
query [29633]: # of matches found 11827 and it took: 64000.8ms
