no kmerRangesFileAddressArg!
no otherToolArg!
**********************CONFIGURATIONS*****************************
PARMIK mode:                  3
readDatabaseAddress:          /p/lava/parmik/partialMatcherProject/datasets/metagenomicDB/SRR12432009/SRR12432009_reads
readFileName:                 SRR12432009_reads
queryFileAddress:             /p/lava/parmik/partialMatcherProject/datasets/queryFiles/covidQueryFiles/NC_045512_chunks/NC_045512_queries_21000-21999
queryFileName:                NC_045512_queries_21000-21999
otherToolOutputFileAddress:   /u/rgq5aw/GIT/PARMIK/partialMatcherProject/tools/blast/SRR12432009/NC_045512/blastn_ws30_results.out
outputDir:                    /p/lava/parmik/partialMatcherProject/tools/baseline_ssw/SRR12432009/NC_045512
penaltyFileAddress:           /u/rgq5aw/GIT/PARMIK/experiments/parmik/CK_SSW_ID_PRCNTG/PenaltySets/2484_1111_2444_2288_2848
kmerRangesFileAddress:        
readsCount:                   17000000
queryCount:                   30000
kmerLength:                   11
regionSize:                   48
cheapKmerThreshold:           0
identityPercentage:           0.85
minExactMatchLen:             0
minNumExactMatchKmer:         0
isIndexOffline:               1
offlineIndexAddress:          /p/lava/parmik/partialMatcherProject/tools/parmik/CK_INDEX/SRR12432009/
max editDistance in min region: 2
**********************CONFIGURATIONS*****************************
--------------Penalties--------------
m: 2, s: 4, go: 8, ge: 4
m: 1, s: 1, go: 1, ge: 1
m: 2, s: 4, go: 4, ge: 4
m: 2, s: 2, go: 8, ge: 8
m: 2, s: 8, go: 4, ge: 8
------------------------------------
numberOfReadsWithN : 0
queryCount : 1000
numberOfReadsWithN : 0
readCount : 16344647
offlineCheapIndexAddress: /p/lava/parmik/partialMatcherProject/tools/parmik/CK_INDEX/SRR12432009/ck_T0_K11_r17000000
pmrkAlignmentsAddress: /p/lava/parmik/partialMatcherProject/tools/baseline_ssw/SRR12432009/NC_045512/aln/pmAln_R48_PI85_L0_M0_E2_K11_T0_P_2484_1111_2444_2288_2848.txt
Starting alignment for all queries [fwd]...
queryBaseIndex: 21000
query [21000]: # of matches found 28990 and it took: 40264.4ms
query [21001]: # of matches found 29046 and it took: 40383.2ms
query [21002]: # of matches found 29051 and it took: 40754.6ms
query [21003]: # of matches found 28990 and it took: 40694.9ms
query [21004]: # of matches found 29732 and it took: 41120.4ms
query [21005]: # of matches found 29707 and it took: 44142.9ms
query [21006]: # of matches found 29503 and it took: 41579.7ms
query [21007]: # of matches found 29471 and it took: 42443.7ms
query [21008]: # of matches found 29427 and it took: 44421.3ms
query [21009]: # of matches found 29172 and it took: 41665.8ms
query [21010]: # of matches found 29179 and it took: 43175.1ms
query [21011]: # of matches found 29271 and it took: 42090.2ms
query [21012]: # of matches found 29278 and it took: 44630.1ms
query [21013]: # of matches found 29272 and it took: 41560.5ms
query [21014]: # of matches found 29252 and it took: 44171.6ms
query [21015]: # of matches found 28590 and it took: 42784.9ms
query [21016]: # of matches found 28574 and it took: 42624.9ms
query [21017]: # of matches found 28539 and it took: 43628.1ms
query [21018]: # of matches found 28423 and it took: 42544.3ms
query [21019]: # of matches found 28407 and it took: 43840.9ms
query [21020]: # of matches found 27896 and it took: 43490.4ms
query [21021]: # of matches found 28044 and it took: 43557.7ms
query [21022]: # of matches found 28220 and it took: 42185.5ms
query [21023]: # of matches found 28153 and it took: 44534.4ms
query [21024]: # of matches found 28229 and it took: 43511ms
query [21025]: # of matches found 28243 and it took: 42061.6ms
query [21026]: # of matches found 28334 and it took: 44581.1ms
query [21027]: # of matches found 28452 and it took: 42177.4ms
query [21028]: # of matches found 28462 and it took: 43985.6ms
query [21029]: # of matches found 28602 and it took: 44234.5ms
query [21030]: # of matches found 28638 and it took: 42208.1ms
query [21031]: # of matches found 28745 and it took: 43265.1ms
query [21032]: # of matches found 28745 and it took: 45123.2ms
query [21033]: # of matches found 28668 and it took: 41881.6ms
query [21034]: # of matches found 28711 and it took: 43181.1ms
query [21035]: # of matches found 28681 and it took: 44662.7ms
query [21036]: # of matches found 28776 and it took: 42017.1ms
query [21037]: # of matches found 28700 and it took: 42775.8ms
query [21038]: # of matches found 28640 and it took: 44759.7ms
query [21039]: # of matches found 28715 and it took: 42009.8ms
query [21040]: # of matches found 28754 and it took: 43660ms
query [21041]: # of matches found 28790 and it took: 43296.6ms
query [21042]: # of matches found 28768 and it took: 44412.8ms
query [21043]: # of matches found 27382 and it took: 41747.6ms
query [21044]: # of matches found 27321 and it took: 44265.8ms
query [21045]: # of matches found 27319 and it took: 44159.5ms
query [21046]: # of matches found 27406 and it took: 44144.4ms
query [21047]: # of matches found 27463 and it took: 42942ms
query [21048]: # of matches found 27584 and it took: 42092.9ms
query [21049]: # of matches found 27686 and it took: 45202.1ms
query [21050]: # of matches found 27790 and it took: 42880.9ms
query [21051]: # of matches found 27911 and it took: 42890.4ms
query [21052]: # of matches found 27956 and it took: 43284ms
query [21053]: # of matches found 27863 and it took: 42308.7ms
query [21054]: # of matches found 28038 and it took: 45104.2ms
query [21055]: # of matches found 28091 and it took: 42062.9ms
query [21056]: # of matches found 28117 and it took: 45137.8ms
query [21057]: # of matches found 28181 and it took: 43574.5ms
query [21058]: # of matches found 28221 and it took: 43094.1ms
query [21059]: # of matches found 28162 and it took: 42365.6ms
query [21060]: # of matches found 28246 and it took: 44035.5ms
query [21061]: # of matches found 27950 and it took: 42490ms
query [21062]: # of matches found 27954 and it took: 43340ms
query [21063]: # of matches found 27744 and it took: 43468.8ms
query [21064]: # of matches found 27668 and it took: 44722.7ms
query [21065]: # of matches found 27524 and it took: 43337.6ms
query [21066]: # of matches found 27108 and it took: 44103.5ms
query [21067]: # of matches found 27000 and it took: 44418.3ms
query [21068]: # of matches found 26597 and it took: 43436.6ms
query [21069]: # of matches found 26577 and it took: 42930.9ms
query [21070]: # of matches found 26489 and it took: 43426.5ms
query [21071]: # of matches found 26367 and it took: 43743ms
query [21072]: # of matches found 26282 and it took: 45305.3ms
query [21073]: # of matches found 26303 and it took: 43661.2ms
query [21074]: # of matches found 26092 and it took: 43801.4ms
query [21075]: # of matches found 25855 and it took: 45273.8ms
query [21076]: # of matches found 24528 and it took: 45423.5ms
query [21077]: # of matches found 23965 and it took: 44081.4ms
query [21078]: # of matches found 23325 and it took: 46753.4ms
query [21079]: # of matches found 22785 and it took: 44587.2ms
query [21080]: # of matches found 22431 and it took: 45436.9ms
query [21081]: # of matches found 22540 and it took: 43584ms
query [21082]: # of matches found 22367 and it took: 43995.5ms
query [21083]: # of matches found 22395 and it took: 46622.7ms
query [21084]: # of matches found 22636 and it took: 45936.6ms
query [21085]: # of matches found 22691 and it took: 44480.4ms
query [21086]: # of matches found 22762 and it took: 46893.5ms
query [21087]: # of matches found 24602 and it took: 46810.4ms
query [21088]: # of matches found 24592 and it took: 45068ms
query [21089]: # of matches found 24611 and it took: 45677.8ms
query [21090]: # of matches found 24659 and it took: 46873ms
query [21091]: # of matches found 24684 and it took: 46784.5ms
query [21092]: # of matches found 24720 and it took: 44858.8ms
query [21093]: # of matches found 24846 and it took: 46637.4ms
query [21094]: # of matches found 24566 and it took: 44300.4ms
query [21095]: # of matches found 25739 and it took: 45161.6ms
query [21096]: # of matches found 25855 and it took: 47407.9ms
query [21097]: # of matches found 25778 and it took: 45802.5ms
query [21098]: # of matches found 25730 and it took: 46648.5ms
query [21099]: # of matches found 25618 and it took: 46973.6ms
query [21100]: # of matches found 25444 and it took: 46772.4ms
query [21101]: # of matches found 23857 and it took: 44863.3ms
query [21102]: # of matches found 23245 and it took: 45834.1ms
query [21103]: # of matches found 23220 and it took: 47856.1ms
query [21104]: # of matches found 23255 and it took: 47136.9ms
query [21105]: # of matches found 22680 and it took: 45653.5ms
query [21106]: # of matches found 22636 and it took: 47726.2ms
query [21107]: # of matches found 22684 and it took: 45632ms
query [21108]: # of matches found 22920 and it took: 46275.8ms
query [21109]: # of matches found 22875 and it took: 47044.5ms
query [21110]: # of matches found 22852 and it took: 45911.2ms
query [21111]: # of matches found 22750 and it took: 49310.6ms
query [21112]: # of matches found 22690 and it took: 46430.2ms
query [21113]: # of matches found 22924 and it took: 47123ms
query [21114]: # of matches found 22941 and it took: 47661.2ms
query [21115]: # of matches found 22737 and it took: 46677.1ms
query [21116]: # of matches found 23573 and it took: 46106.9ms
query [21117]: # of matches found 23423 and it took: 47928.3ms
query [21118]: # of matches found 23473 and it took: 49775.4ms
query [21119]: # of matches found 23510 and it took: 47193.4ms
query [21120]: # of matches found 23582 and it took: 49917.8ms
query [21121]: # of matches found 23668 and it took: 48685.4ms
query [21122]: # of matches found 23870 and it took: 48274.6ms
query [21123]: # of matches found 24034 and it took: 46942.9ms
query [21124]: # of matches found 24196 and it took: 48704.9ms
query [21125]: # of matches found 24087 and it took: 47328.4ms
query [21126]: # of matches found 24215 and it took: 48394.9ms
query [21127]: # of matches found 23844 and it took: 50101.1ms
query [21128]: # of matches found 23979 and it took: 46921.2ms
query [21129]: # of matches found 24185 and it took: 46958.4ms
query [21130]: # of matches found 24274 and it took: 49687.2ms
query [21131]: # of matches found 24290 and it took: 49282.8ms
query [21132]: # of matches found 24359 and it took: 47464.1ms
query [21133]: # of matches found 24408 and it took: 49529.3ms
query [21134]: # of matches found 24337 and it took: 48574.2ms
query [21135]: # of matches found 24651 and it took: 46979.5ms
query [21136]: # of matches found 23911 and it took: 49736.5ms
query [21137]: # of matches found 23886 and it took: 48571.8ms
query [21138]: # of matches found 23870 and it took: 46719.6ms
query [21139]: # of matches found 24057 and it took: 48116.2ms
query [21140]: # of matches found 23919 and it took: 49177.2ms
query [21141]: # of matches found 23959 and it took: 47185.6ms
query [21142]: # of matches found 23928 and it took: 48395.2ms
query [21143]: # of matches found 23949 and it took: 48311.8ms
query [21144]: # of matches found 23965 and it took: 46691.7ms
query [21145]: # of matches found 23165 and it took: 49585.4ms
query [21146]: # of matches found 23158 and it took: 46447.2ms
query [21147]: # of matches found 23131 and it took: 48133.6ms
query [21148]: # of matches found 23150 and it took: 48263.7ms
query [21149]: # of matches found 23171 and it took: 47364.6ms
query [21150]: # of matches found 23378 and it took: 46605.3ms
query [21151]: # of matches found 23337 and it took: 49318ms
query [21152]: # of matches found 23425 and it took: 46518.6ms
query [21153]: # of matches found 23932 and it took: 48144.2ms
query [21154]: # of matches found 24015 and it took: 49686.4ms
query [21155]: # of matches found 24185 and it took: 46711.2ms
query [21156]: # of matches found 25636 and it took: 48305.3ms
query [21157]: # of matches found 31471 and it took: 48081.1ms
query [21158]: # of matches found 31454 and it took: 46695.2ms
query [21159]: # of matches found 31457 and it took: 47641.4ms
query [21160]: # of matches found 31654 and it took: 46870.3ms
query [21161]: # of matches found 31232 and it took: 48207.1ms
query [21162]: # of matches found 31071 and it took: 46978.1ms
query [21163]: # of matches found 30819 and it took: 48488ms
query [21164]: # of matches found 30631 and it took: 45786.1ms
query [21165]: # of matches found 30595 and it took: 49057.6ms
query [21166]: # of matches found 30563 and it took: 45889ms
query [21167]: # of matches found 30584 and it took: 47975.7ms
query [21168]: # of matches found 30615 and it took: 48771.6ms
query [21169]: # of matches found 30540 and it took: 46361.3ms
query [21170]: # of matches found 30507 and it took: 48764.4ms
query [21171]: # of matches found 30472 and it took: 48078ms
query [21172]: # of matches found 32360 and it took: 45740.6ms
query [21173]: # of matches found 33021 and it took: 49634.8ms
query [21174]: # of matches found 33116 and it took: 46030.7ms
query [21175]: # of matches found 34173 and it took: 47709.6ms
query [21176]: # of matches found 34040 and it took: 45622.5ms
query [21177]: # of matches found 34570 and it took: 47567.4ms
query [21178]: # of matches found 34553 and it took: 45572.7ms
query [21179]: # of matches found 34477 and it took: 47161ms
query [21180]: # of matches found 34481 and it took: 45201.8ms
query [21181]: # of matches found 34466 and it took: 47774.3ms
query [21182]: # of matches found 34434 and it took: 45941.2ms
query [21183]: # of matches found 34429 and it took: 48238.3ms
query [21184]: # of matches found 34461 and it took: 47383.2ms
query [21185]: # of matches found 34482 and it took: 45973ms
query [21186]: # of matches found 34411 and it took: 48118.6ms
query [21187]: # of matches found 34349 and it took: 47456.3ms
query [21188]: # of matches found 34321 and it took: 46207.6ms
query [21189]: # of matches found 34323 and it took: 46495.8ms
query [21190]: # of matches found 34312 and it took: 45591.1ms
query [21191]: # of matches found 34202 and it took: 47088.7ms
query [21192]: # of matches found 34244 and it took: 46136.6ms
query [21193]: # of matches found 34276 and it took: 47752.2ms
query [21194]: # of matches found 34262 and it took: 45649.4ms
query [21195]: # of matches found 34464 and it took: 47674.6ms
query [21196]: # of matches found 34657 and it took: 47681.3ms
query [21197]: # of matches found 34745 and it took: 47437.6ms
query [21198]: # of matches found 34827 and it took: 46003.2ms
query [21199]: # of matches found 34987 and it took: 45640.3ms
query [21200]: # of matches found 35139 and it took: 45968.3ms
query [21201]: # of matches found 35244 and it took: 47018.1ms
query [21202]: # of matches found 35175 and it took: 44234.6ms
query [21203]: # of matches found 35273 and it took: 45157.6ms
query [21204]: # of matches found 35337 and it took: 47340ms
query [21205]: # of matches found 35330 and it took: 45382.9ms
query [21206]: # of matches found 35564 and it took: 47167.6ms
query [21207]: # of matches found 35840 and it took: 46653.7ms
query [21208]: # of matches found 36013 and it took: 44752.4ms
query [21209]: # of matches found 36895 and it took: 46452.6ms
query [21210]: # of matches found 37053 and it took: 45997.9ms
query [21211]: # of matches found 37066 and it took: 46105.7ms
query [21212]: # of matches found 37236 and it took: 44044.2ms
query [21213]: # of matches found 37281 and it took: 46046.4ms
query [21214]: # of matches found 37355 and it took: 43360.9ms
query [21215]: # of matches found 37419 and it took: 45403.4ms
query [21216]: # of matches found 37488 and it took: 46018.7ms
query [21217]: # of matches found 37815 and it took: 43860.6ms
query [21218]: # of matches found 37922 and it took: 47035.3ms
query [21219]: # of matches found 38234 and it took: 44955.5ms
query [21220]: # of matches found 38213 and it took: 44469.6ms
query [21221]: # of matches found 38088 and it took: 44386.9ms
query [21222]: # of matches found 38150 and it took: 43552.1ms
query [21223]: # of matches found 37999 and it took: 45518.7ms
query [21224]: # of matches found 37821 and it took: 44276.4ms
query [21225]: # of matches found 37844 and it took: 44662ms
query [21226]: # of matches found 38019 and it took: 42880.5ms
query [21227]: # of matches found 37933 and it took: 45701.2ms
query [21228]: # of matches found 36215 and it took: 44344.9ms
query [21229]: # of matches found 36155 and it took: 43592.6ms
query [21230]: # of matches found 36120 and it took: 43743ms
query [21231]: # of matches found 36108 and it took: 44156.3ms
query [21232]: # of matches found 36308 and it took: 46797.9ms
query [21233]: # of matches found 36194 and it took: 44631.4ms
query [21234]: # of matches found 36228 and it took: 45936.5ms
query [21235]: # of matches found 34952 and it took: 45039.5ms
query [21236]: # of matches found 34996 and it took: 45057.6ms
query [21237]: # of matches found 34918 and it took: 43058.8ms
query [21238]: # of matches found 34793 and it took: 45297.3ms
query [21239]: # of matches found 34817 and it took: 42996ms
query [21240]: # of matches found 34852 and it took: 43558.9ms
query [21241]: # of matches found 35257 and it took: 44873.6ms
query [21242]: # of matches found 35497 and it took: 45147.4ms
query [21243]: # of matches found 35734 and it took: 44737.7ms
query [21244]: # of matches found 35898 and it took: 42466.7ms
query [21245]: # of matches found 35908 and it took: 44626.3ms
query [21246]: # of matches found 35920 and it took: 42429.6ms
query [21247]: # of matches found 36148 and it took: 45037.8ms
query [21248]: # of matches found 35946 and it took: 44338.8ms
query [21249]: # of matches found 35953 and it took: 42719.6ms
query [21250]: # of matches found 35983 and it took: 44299.5ms
query [21251]: # of matches found 35977 and it took: 43535.7ms
query [21252]: # of matches found 35982 and it took: 42183.2ms
query [21253]: # of matches found 35939 and it took: 44906ms
query [21254]: # of matches found 35867 and it took: 43775.8ms
query [21255]: # of matches found 35863 and it took: 44674.1ms
query [21256]: # of matches found 34462 and it took: 43449.4ms
query [21257]: # of matches found 34386 and it took: 43109.3ms
query [21258]: # of matches found 34404 and it took: 44324.7ms
query [21259]: # of matches found 34310 and it took: 44013.4ms
query [21260]: # of matches found 34271 and it took: 43777.5ms
query [21261]: # of matches found 34228 and it took: 45188.1ms
query [21262]: # of matches found 34250 and it took: 42969.1ms
query [21263]: # of matches found 33977 and it took: 43065.5ms
query [21264]: # of matches found 33940 and it took: 45530.2ms
query [21265]: # of matches found 33798 and it took: 43147.7ms
query [21266]: # of matches found 33634 and it took: 43814.3ms
query [21267]: # of matches found 33307 and it took: 43705.6ms
query [21268]: # of matches found 33032 and it took: 43998.8ms
query [21269]: # of matches found 32618 and it took: 44291.2ms
query [21270]: # of matches found 32220 and it took: 41861.7ms
query [21271]: # of matches found 32031 and it took: 43944.8ms
query [21272]: # of matches found 32014 and it took: 42316.4ms
query [21273]: # of matches found 31947 and it took: 45053.9ms
query [21274]: # of matches found 31965 and it took: 42646.5ms
query [21275]: # of matches found 32043 and it took: 44306.9ms
query [21276]: # of matches found 31599 and it took: 43613.9ms
query [21277]: # of matches found 31562 and it took: 42677.9ms
query [21278]: # of matches found 31528 and it took: 43169.4ms
query [21279]: # of matches found 31270 and it took: 42478ms
query [21280]: # of matches found 31368 and it took: 43925.7ms
query [21281]: # of matches found 31263 and it took: 43410.8ms
query [21282]: # of matches found 31260 and it took: 42968.4ms
query [21283]: # of matches found 31185 and it took: 43145.8ms
query [21284]: # of matches found 31299 and it took: 41360.2ms
query [21285]: # of matches found 31360 and it took: 42104.4ms
query [21286]: # of matches found 31429 and it took: 45028.7ms
query [21287]: # of matches found 31452 and it took: 43817.8ms
query [21288]: # of matches found 31498 and it took: 42075.2ms
query [21289]: # of matches found 31582 and it took: 42631.5ms
query [21290]: # of matches found 31324 and it took: 45100.9ms
query [21291]: # of matches found 32055 and it took: 44705.3ms
query [21292]: # of matches found 32049 and it took: 41893.3ms
query [21293]: # of matches found 31975 and it took: 41864ms
query [21294]: # of matches found 32166 and it took: 44578.5ms
query [21295]: # of matches found 32094 and it took: 43926.8ms
query [21296]: # of matches found 30940 and it took: 41641.1ms
query [21297]: # of matches found 25324 and it took: 43689.3ms
query [21298]: # of matches found 25331 and it took: 41488.7ms
query [21299]: # of matches found 26028 and it took: 42462.5ms
query [21300]: # of matches found 25916 and it took: 44223.5ms
query [21301]: # of matches found 26088 and it took: 43344.8ms
query [21302]: # of matches found 26189 and it took: 43867.7ms
query [21303]: # of matches found 26210 and it took: 41731.4ms
query [21304]: # of matches found 26495 and it took: 44036.2ms
query [21305]: # of matches found 26673 and it took: 44091.5ms
query [21306]: # of matches found 27005 and it took: 43184ms
query [21307]: # of matches found 26928 and it took: 41349ms
query [21308]: # of matches found 28949 and it took: 43712.8ms
query [21309]: # of matches found 29039 and it took: 41701.6ms
query [21310]: # of matches found 28984 and it took: 42465ms
query [21311]: # of matches found 28940 and it took: 44174.9ms
query [21312]: # of matches found 27062 and it took: 43833.3ms
query [21313]: # of matches found 26495 and it took: 41720.4ms
query [21314]: # of matches found 26444 and it took: 44610.7ms
query [21315]: # of matches found 25558 and it took: 43901.6ms
query [21316]: # of matches found 25847 and it took: 42710.4ms
query [21317]: # of matches found 25598 and it took: 42192ms
query [21318]: # of matches found 25632 and it took: 44177.4ms
query [21319]: # of matches found 25651 and it took: 43094.9ms
query [21320]: # of matches found 25666 and it took: 41235.1ms
query [21321]: # of matches found 25711 and it took: 43830.8ms
query [21322]: # of matches found 25814 and it took: 42029.3ms
query [21323]: # of matches found 25949 and it took: 41259.2ms
query [21324]: # of matches found 26223 and it took: 43545.7ms
query [21325]: # of matches found 26183 and it took: 43409.2ms
query [21326]: # of matches found 26699 and it took: 41175.4ms
query [21327]: # of matches found 26902 and it took: 43909.7ms
query [21328]: # of matches found 26911 and it took: 41403.3ms
query [21329]: # of matches found 27114 and it took: 41036.5ms
query [21330]: # of matches found 27148 and it took: 43658.9ms
query [21331]: # of matches found 27208 and it took: 41744.5ms
query [21332]: # of matches found 27384 and it took: 44712.5ms
query [21333]: # of matches found 27359 and it took: 42092.9ms
query [21334]: # of matches found 27737 and it took: 43540.9ms
query [21335]: # of matches found 27680 and it took: 41666.8ms
query [21336]: # of matches found 27633 and it took: 43508.2ms
query [21337]: # of matches found 27529 and it took: 43338ms
query [21338]: # of matches found 27422 and it took: 41305.7ms
query [21339]: # of matches found 27263 and it took: 41558.5ms
query [21340]: # of matches found 27290 and it took: 44922ms
query [21341]: # of matches found 27203 and it took: 42804.7ms
query [21342]: # of matches found 27141 and it took: 43065.3ms
query [21343]: # of matches found 26990 and it took: 43737.4ms
query [21344]: # of matches found 26970 and it took: 44151.7ms
query [21345]: # of matches found 26949 and it took: 42366.3ms
query [21346]: # of matches found 26936 and it took: 43616.2ms
query [21347]: # of matches found 26624 and it took: 42527.2ms
query [21348]: # of matches found 26400 and it took: 43595.9ms
query [21349]: # of matches found 25541 and it took: 41457.5ms
query [21350]: # of matches found 25349 and it took: 44291.1ms
query [21351]: # of matches found 25476 and it took: 42312.6ms
query [21352]: # of matches found 25382 and it took: 43233ms
query [21353]: # of matches found 25333 and it took: 43175.8ms
query [21354]: # of matches found 25278 and it took: 41735.3ms
query [21355]: # of matches found 25304 and it took: 42372.8ms
query [21356]: # of matches found 25240 and it took: 44314.1ms
query [21357]: # of matches found 25270 and it took: 40994.5ms
query [21358]: # of matches found 25512 and it took: 43611.6ms
query [21359]: # of matches found 25294 and it took: 41765.7ms
query [21360]: # of matches found 24988 and it took: 44033.5ms
query [21361]: # of matches found 25036 and it took: 41109.1ms
query [21362]: # of matches found 25060 and it took: 43965.7ms
query [21363]: # of matches found 25072 and it took: 43035.8ms
query [21364]: # of matches found 25184 and it took: 43951.4ms
query [21365]: # of matches found 25597 and it took: 40955.7ms
query [21366]: # of matches found 25406 and it took: 44120.3ms
query [21367]: # of matches found 25714 and it took: 43562.9ms
query [21368]: # of matches found 26076 and it took: 40757.8ms
query [21369]: # of matches found 26616 and it took: 43686.6ms
query [21370]: # of matches found 26661 and it took: 41156.5ms
query [21371]: # of matches found 26676 and it took: 41244.7ms
query [21372]: # of matches found 26626 and it took: 43828.5ms
query [21373]: # of matches found 26516 and it took: 42069.2ms
query [21374]: # of matches found 26588 and it took: 43706.4ms
query [21375]: # of matches found 26516 and it took: 42882.9ms
query [21376]: # of matches found 26408 and it took: 40798.7ms
query [21377]: # of matches found 26459 and it took: 42618.7ms
query [21378]: # of matches found 26736 and it took: 42218.4ms
query [21379]: # of matches found 26808 and it took: 42669.1ms
query [21380]: # of matches found 26893 and it took: 42735.9ms
query [21381]: # of matches found 26681 and it took: 40043.8ms
query [21382]: # of matches found 26601 and it took: 41677.4ms
query [21383]: # of matches found 26227 and it took: 43339.3ms
query [21384]: # of matches found 26243 and it took: 42638.3ms
query [21385]: # of matches found 26180 and it took: 42644.4ms
query [21386]: # of matches found 26235 and it took: 41047.2ms
query [21387]: # of matches found 25981 and it took: 41241.9ms
query [21388]: # of matches found 25930 and it took: 43222.5ms
query [21389]: # of matches found 25898 and it took: 42778.6ms
query [21390]: # of matches found 25806 and it took: 41767.2ms
query [21391]: # of matches found 25862 and it took: 40756.1ms
query [21392]: # of matches found 25915 and it took: 43190.3ms
query [21393]: # of matches found 26469 and it took: 41809.3ms
query [21394]: # of matches found 26515 and it took: 41848.3ms
query [21395]: # of matches found 26599 and it took: 42563.5ms
query [21396]: # of matches found 26568 and it took: 41652.2ms
query [21397]: # of matches found 26815 and it took: 42574.6ms
query [21398]: # of matches found 26612 and it took: 41599.2ms
query [21399]: # of matches found 27018 and it took: 41613.3ms
query [21400]: # of matches found 27051 and it took: 43962.9ms
query [21401]: # of matches found 27008 and it took: 42214.2ms
query [21402]: # of matches found 27053 and it took: 42806ms
query [21403]: # of matches found 27037 and it took: 41558.4ms
query [21404]: # of matches found 26995 and it took: 43260.3ms
query [21405]: # of matches found 26999 and it took: 42081.2ms
query [21406]: # of matches found 27109 and it took: 41476.7ms
query [21407]: # of matches found 27291 and it took: 41628.6ms
query [21408]: # of matches found 27285 and it took: 43635.9ms
query [21409]: # of matches found 27391 and it took: 42286.2ms
query [21410]: # of matches found 27515 and it took: 40888.1ms
query [21411]: # of matches found 27465 and it took: 43266.8ms
query [21412]: # of matches found 27717 and it took: 41681.6ms
query [21413]: # of matches found 27772 and it took: 41246.1ms
query [21414]: # of matches found 27749 and it took: 43760.3ms
query [21415]: # of matches found 27875 and it took: 41748.5ms
query [21416]: # of matches found 27879 and it took: 44730.5ms
query [21417]: # of matches found 27922 and it took: 41082.6ms
query [21418]: # of matches found 28133 and it took: 43751.4ms
query [21419]: # of matches found 28263 and it took: 43919ms
query [21420]: # of matches found 28219 and it took: 40904.7ms
query [21421]: # of matches found 28379 and it took: 43269.2ms
query [21422]: # of matches found 28882 and it took: 43433.8ms
query [21423]: # of matches found 29003 and it took: 41350.5ms
query [21424]: # of matches found 37420 and it took: 43469.3ms
query [21425]: # of matches found 37498 and it took: 42995.7ms
query [21426]: # of matches found 38245 and it took: 42731.9ms
query [21427]: # of matches found 38793 and it took: 41250.9ms
query [21428]: # of matches found 38937 and it took: 43049.9ms
query [21429]: # of matches found 39020 and it took: 43513.5ms
query [21430]: # of matches found 39293 and it took: 40763.4ms
query [21431]: # of matches found 38990 and it took: 40698.5ms
query [21432]: # of matches found 37780 and it took: 43640.1ms
query [21433]: # of matches found 37854 and it took: 42032.9ms
query [21434]: # of matches found 39227 and it took: 41182.9ms
query [21435]: # of matches found 39019 and it took: 42788.8ms
query [21436]: # of matches found 39083 and it took: 41747ms
query [21437]: # of matches found 38860 and it took: 42121.9ms
query [21438]: # of matches found 38722 and it took: 40894.4ms
query [21439]: # of matches found 38677 and it took: 43355.6ms
query [21440]: # of matches found 38262 and it took: 42285ms
query [21441]: # of matches found 38129 and it took: 40855.6ms
query [21442]: # of matches found 38018 and it took: 42973.1ms
query [21443]: # of matches found 37960 and it took: 40237.8ms
query [21444]: # of matches found 37673 and it took: 42734.5ms
query [21445]: # of matches found 37510 and it took: 40710.4ms
query [21446]: # of matches found 37280 and it took: 42311.2ms
query [21447]: # of matches found 36974 and it took: 41208ms
query [21448]: # of matches found 36857 and it took: 42724.9ms
query [21449]: # of matches found 36656 and it took: 42359.6ms
query [21450]: # of matches found 34668 and it took: 41054ms
query [21451]: # of matches found 34586 and it took: 43241.5ms
query [21452]: # of matches found 34481 and it took: 40302.3ms
query [21453]: # of matches found 34364 and it took: 42551.1ms
query [21454]: # of matches found 34227 and it took: 41139ms
query [21455]: # of matches found 33996 and it took: 43798.8ms
query [21456]: # of matches found 33854 and it took: 43286.4ms
query [21457]: # of matches found 33262 and it took: 41704.9ms
query [21458]: # of matches found 33369 and it took: 40919.7ms
query [21459]: # of matches found 33468 and it took: 40428.8ms
query [21460]: # of matches found 33465 and it took: 43709.2ms
query [21461]: # of matches found 33406 and it took: 42116.3ms
query [21462]: # of matches found 33343 and it took: 41091ms
query [21463]: # of matches found 33131 and it took: 41817.4ms
query [21464]: # of matches found 33007 and it took: 44471.6ms
query [21465]: # of matches found 32878 and it took: 41283.8ms
query [21466]: # of matches found 32282 and it took: 40992.5ms
query [21467]: # of matches found 32079 and it took: 43785.1ms
query [21468]: # of matches found 31993 and it took: 40825.7ms
query [21469]: # of matches found 31895 and it took: 43091ms
query [21470]: # of matches found 31727 and it took: 43796.4ms
query [21471]: # of matches found 32093 and it took: 41537.2ms
query [21472]: # of matches found 31826 and it took: 43880.6ms
query [21473]: # of matches found 31791 and it took: 43128.7ms
query [21474]: # of matches found 31448 and it took: 41109.9ms
query [21475]: # of matches found 31506 and it took: 43364.9ms
query [21476]: # of matches found 31578 and it took: 40836.1ms
query [21477]: # of matches found 31768 and it took: 41603.5ms
query [21478]: # of matches found 31829 and it took: 43988.2ms
query [21479]: # of matches found 31850 and it took: 43232.6ms
query [21480]: # of matches found 31672 and it took: 41870.5ms
query [21481]: # of matches found 31724 and it took: 44006.2ms
query [21482]: # of matches found 32558 and it took: 40938.6ms
query [21483]: # of matches found 32629 and it took: 44417.4ms
query [21484]: # of matches found 32645 and it took: 40956.6ms
query [21485]: # of matches found 32595 and it took: 42904.9ms
query [21486]: # of matches found 32314 and it took: 42905.3ms
query [21487]: # of matches found 32279 and it took: 41469.9ms
query [21488]: # of matches found 32298 and it took: 45126.9ms
query [21489]: # of matches found 33212 and it took: 41897.3ms
query [21490]: # of matches found 33236 and it took: 44286.2ms
query [21491]: # of matches found 33037 and it took: 42599.2ms
query [21492]: # of matches found 33009 and it took: 43618.6ms
query [21493]: # of matches found 32992 and it took: 41537.3ms
query [21494]: # of matches found 33028 and it took: 44076.4ms
query [21495]: # of matches found 32926 and it took: 41653.1ms
query [21496]: # of matches found 32949 and it took: 44029ms
query [21497]: # of matches found 32864 and it took: 44354ms
query [21498]: # of matches found 32524 and it took: 41995ms
query [21499]: # of matches found 32556 and it took: 44446.2ms
query [21500]: # of matches found 32544 and it took: 44095.9ms
query [21501]: # of matches found 32426 and it took: 43533.9ms
query [21502]: # of matches found 32181 and it took: 42052.5ms
query [21503]: # of matches found 32163 and it took: 43556.3ms
query [21504]: # of matches found 32124 and it took: 43874.7ms
query [21505]: # of matches found 31736 and it took: 41694.6ms
query [21506]: # of matches found 31639 and it took: 44844.3ms
query [21507]: # of matches found 31356 and it took: 43749.4ms
query [21508]: # of matches found 31218 and it took: 41716ms
query [21509]: # of matches found 30703 and it took: 43739ms
query [21510]: # of matches found 30673 and it took: 44294.1ms
query [21511]: # of matches found 30737 and it took: 43213.8ms
query [21512]: # of matches found 30876 and it took: 44030.4ms
query [21513]: # of matches found 30802 and it took: 42928.5ms
query [21514]: # of matches found 30809 and it took: 44737.2ms
query [21515]: # of matches found 30787 and it took: 43481.8ms
query [21516]: # of matches found 30751 and it took: 45080.7ms
query [21517]: # of matches found 30742 and it took: 43904.9ms
query [21518]: # of matches found 30697 and it took: 45531.1ms
query [21519]: # of matches found 30345 and it took: 42257.2ms
query [21520]: # of matches found 30347 and it took: 43733.3ms
query [21521]: # of matches found 30221 and it took: 45326ms
query [21522]: # of matches found 30123 and it took: 42423.1ms
query [21523]: # of matches found 30485 and it took: 44235ms
query [21524]: # of matches found 30606 and it took: 45229.5ms
query [21525]: # of matches found 30808 and it took: 45612.8ms
query [21526]: # of matches found 30816 and it took: 44341.3ms
query [21527]: # of matches found 31128 and it took: 44433.3ms
query [21528]: # of matches found 31163 and it took: 42164.5ms
query [21529]: # of matches found 32746 and it took: 44778ms
query [21530]: # of matches found 32787 and it took: 43559.9ms
query [21531]: # of matches found 32757 and it took: 42761ms
query [21532]: # of matches found 32756 and it took: 45359.6ms
query [21533]: # of matches found 32062 and it took: 42650.2ms
query [21534]: # of matches found 31834 and it took: 44672.5ms
query [21535]: # of matches found 31751 and it took: 44709.9ms
query [21536]: # of matches found 31629 and it took: 42898.7ms
query [21537]: # of matches found 31294 and it took: 44088.6ms
query [21538]: # of matches found 31463 and it took: 42195.6ms
query [21539]: # of matches found 31482 and it took: 43923.5ms
query [21540]: # of matches found 31440 and it took: 44052.1ms
query [21541]: # of matches found 31721 and it took: 42858.7ms
query [21542]: # of matches found 31903 and it took: 42505.6ms
query [21543]: # of matches found 32015 and it took: 43039.7ms
query [21544]: # of matches found 32739 and it took: 44146.1ms
query [21545]: # of matches found 32851 and it took: 41483.2ms
query [21546]: # of matches found 33067 and it took: 44007.5ms
query [21547]: # of matches found 32964 and it took: 43707.1ms
query [21548]: # of matches found 33147 and it took: 42896.1ms
query [21549]: # of matches found 33129 and it took: 42812.6ms
query [21550]: # of matches found 33172 and it took: 42315.7ms
query [21551]: # of matches found 33190 and it took: 42640.8ms
query [21552]: # of matches found 33021 and it took: 45758.8ms
query [21553]: # of matches found 32843 and it took: 42233.4ms
query [21554]: # of matches found 32835 and it took: 45694.2ms
query [21555]: # of matches found 33003 and it took: 44849.4ms
query [21556]: # of matches found 32734 and it took: 43346ms
query [21557]: # of matches found 32744 and it took: 43699.4ms
query [21558]: # of matches found 32703 and it took: 44178.7ms
query [21559]: # of matches found 32850 and it took: 43219.4ms
query [21560]: # of matches found 32876 and it took: 44027.1ms
query [21561]: # of matches found 32801 and it took: 43989.1ms
query [21562]: # of matches found 32428 and it took: 42799.4ms
query [21563]: # of matches found 32339 and it took: 44486.6ms
query [21564]: # of matches found 26373 and it took: 44448.3ms
query [21565]: # of matches found 26344 and it took: 42128.9ms
query [21566]: # of matches found 26214 and it took: 45452.1ms
query [21567]: # of matches found 25331 and it took: 44323.7ms
query [21568]: # of matches found 25162 and it took: 44132.5ms
query [21569]: # of matches found 25047 and it took: 45016.4ms
query [21570]: # of matches found 24735 and it took: 42815.6ms
query [21571]: # of matches found 23812 and it took: 42019.9ms
query [21572]: # of matches found 23121 and it took: 45996.9ms
query [21573]: # of matches found 23280 and it took: 45735.7ms
query [21574]: # of matches found 22782 and it took: 43233.7ms
query [21575]: # of matches found 22632 and it took: 46109.3ms
query [21576]: # of matches found 22401 and it took: 43114.1ms
query [21577]: # of matches found 22378 and it took: 45175.4ms
query [21578]: # of matches found 22349 and it took: 45423.9ms
query [21579]: # of matches found 22179 and it took: 42887.8ms
query [21580]: # of matches found 22141 and it took: 46296.9ms
query [21581]: # of matches found 22092 and it took: 42782.4ms
query [21582]: # of matches found 22088 and it took: 45421.7ms
query [21583]: # of matches found 22001 and it took: 45207.8ms
query [21584]: # of matches found 22016 and it took: 43832.8ms
query [21585]: # of matches found 22296 and it took: 44052.6ms
query [21586]: # of matches found 22521 and it took: 42147.3ms
query [21587]: # of matches found 22602 and it took: 45246ms
query [21588]: # of matches found 22642 and it took: 42759.1ms
query [21589]: # of matches found 22763 and it took: 43535.5ms
query [21590]: # of matches found 23078 and it took: 45366.9ms
query [21591]: # of matches found 23339 and it took: 43538.9ms
query [21592]: # of matches found 24187 and it took: 43798.8ms
query [21593]: # of matches found 24576 and it took: 44046.5ms
query [21594]: # of matches found 24845 and it took: 41923.3ms
query [21595]: # of matches found 24951 and it took: 41621.7ms
query [21596]: # of matches found 25003 and it took: 43409.4ms
query [21597]: # of matches found 25102 and it took: 45069.6ms
query [21598]: # of matches found 25039 and it took: 42664.3ms
query [21599]: # of matches found 25031 and it took: 43918.5ms
query [21600]: # of matches found 24955 and it took: 42607.7ms
query [21601]: # of matches found 24931 and it took: 43286.1ms
query [21602]: # of matches found 24919 and it took: 43425.9ms
query [21603]: # of matches found 24877 and it took: 41525.1ms
query [21604]: # of matches found 24863 and it took: 43833.8ms
query [21605]: # of matches found 24841 and it took: 40989.7ms
query [21606]: # of matches found 24843 and it took: 43969.6ms
query [21607]: # of matches found 24776 and it took: 43696.9ms
query [21608]: # of matches found 24802 and it took: 43617.1ms
query [21609]: # of matches found 24906 and it took: 41687ms
query [21610]: # of matches found 24851 and it took: 44466.2ms
query [21611]: # of matches found 24474 and it took: 40537.7ms
query [21612]: # of matches found 24489 and it took: 44227ms
query [21613]: # of matches found 24527 and it took: 42243.8ms
query [21614]: # of matches found 24491 and it took: 40557.3ms
query [21615]: # of matches found 24556 and it took: 42825.6ms
query [21616]: # of matches found 24304 and it took: 43146.5ms
query [21617]: # of matches found 24026 and it took: 42573.5ms
query [21618]: # of matches found 23940 and it took: 42805.2ms
query [21619]: # of matches found 23983 and it took: 44196ms
query [21620]: # of matches found 23975 and it took: 40828.7ms
query [21621]: # of matches found 24452 and it took: 44202.7ms
query [21622]: # of matches found 24366 and it took: 41899.9ms
query [21623]: # of matches found 242662 and it took: 44212.4ms
query [21624]: # of matches found 244133 and it took: 42745.6ms
query [21625]: # of matches found 244142 and it took: 43876.5ms
query [21626]: # of matches found 244173 and it took: 41347.1ms
query [21627]: # of matches found 244313 and it took: 44714.8ms
query [21628]: # of matches found 244300 and it took: 43633.3ms
query [21629]: # of matches found 243456 and it took: 43384.9ms
query [21630]: # of matches found 243523 and it took: 44911.3ms
query [21631]: # of matches found 243535 and it took: 42335.1ms
query [21632]: # of matches found 243590 and it took: 44953.4ms
query [21633]: # of matches found 243554 and it took: 44734.4ms
query [21634]: # of matches found 243524 and it took: 44620.5ms
query [21635]: # of matches found 243512 and it took: 42357.4ms
query [21636]: # of matches found 243787 and it took: 44305.6ms
query [21637]: # of matches found 243713 and it took: 43309.7ms
query [21638]: # of matches found 243516 and it took: 47022.2ms
query [21639]: # of matches found 244150 and it took: 43759.1ms
query [21640]: # of matches found 244145 and it took: 45878.2ms
query [21641]: # of matches found 244133 and it took: 43177.2ms
query [21642]: # of matches found 244143 and it took: 45500.4ms
query [21643]: # of matches found 244123 and it took: 45988ms
query [21644]: # of matches found 244127 and it took: 42961.9ms
query [21645]: # of matches found 244027 and it took: 46744.2ms
query [21646]: # of matches found 244030 and it took: 45031.2ms
query [21647]: # of matches found 243933 and it took: 43658.8ms
query [21648]: # of matches found 243859 and it took: 44098.2ms
query [21649]: # of matches found 243540 and it took: 47146.6ms
query [21650]: # of matches found 243489 and it took: 45186.4ms
query [21651]: # of matches found 243441 and it took: 46783.1ms
query [21652]: # of matches found 243298 and it took: 44077.4ms
query [21653]: # of matches found 243282 and it took: 47453.5ms
query [21654]: # of matches found 243287 and it took: 43801.2ms
query [21655]: # of matches found 243285 and it took: 47707.7ms
query [21656]: # of matches found 243362 and it took: 45455.3ms
query [21657]: # of matches found 243388 and it took: 44613.9ms
query [21658]: # of matches found 243344 and it took: 47755.8ms
query [21659]: # of matches found 243412 and it took: 45991.9ms
query [21660]: # of matches found 243359 and it took: 43784.6ms
query [21661]: # of matches found 243405 and it took: 47392.4ms
query [21662]: # of matches found 243413 and it took: 46902.3ms
query [21663]: # of matches found 243095 and it took: 46745.7ms
query [21664]: # of matches found 242738 and it took: 44635.7ms
query [21665]: # of matches found 242511 and it took: 47837.1ms
query [21666]: # of matches found 242486 and it took: 46014.3ms
query [21667]: # of matches found 242181 and it took: 45835.4ms
query [21668]: # of matches found 242109 and it took: 47128.2ms
query [21669]: # of matches found 240573 and it took: 47452.7ms
query [21670]: # of matches found 240552 and it took: 46767.6ms
query [21671]: # of matches found 240459 and it took: 47517.6ms
query [21672]: # of matches found 240434 and it took: 45844.4ms
query [21673]: # of matches found 240990 and it took: 47634.8ms
query [21674]: # of matches found 241446 and it took: 47380.2ms
query [21675]: # of matches found 241387 and it took: 44815.2ms
query [21676]: # of matches found 241443 and it took: 48469.9ms
query [21677]: # of matches found 242081 and it took: 44851.7ms
query [21678]: # of matches found 241989 and it took: 48617.7ms
query [21679]: # of matches found 242000 and it took: 47875ms
query [21680]: # of matches found 240708 and it took: 47100ms
query [21681]: # of matches found 240403 and it took: 46672.1ms
query [21682]: # of matches found 240686 and it took: 45679ms
query [21683]: # of matches found 240756 and it took: 46337.2ms
query [21684]: # of matches found 240127 and it took: 49085.7ms
query [21685]: # of matches found 240299 and it took: 47165.1ms
query [21686]: # of matches found 240223 and it took: 47665.1ms
query [21687]: # of matches found 240175 and it took: 46333.6ms
query [21688]: # of matches found 240124 and it took: 47692.5ms
query [21689]: # of matches found 240503 and it took: 46951.4ms
query [21690]: # of matches found 240729 and it took: 45510.2ms
query [21691]: # of matches found 240799 and it took: 47020.1ms
query [21692]: # of matches found 240946 and it took: 47404ms
query [21693]: # of matches found 241211 and it took: 46400.1ms
query [21694]: # of matches found 241226 and it took: 48146.2ms
query [21695]: # of matches found 241202 and it took: 46526.8ms
query [21696]: # of matches found 241260 and it took: 47388.6ms
query [21697]: # of matches found 241312 and it took: 47346.9ms
query [21698]: # of matches found 241276 and it took: 48710.8ms
query [21699]: # of matches found 241077 and it took: 45768.8ms
query [21700]: # of matches found 241018 and it took: 46732.2ms
query [21701]: # of matches found 241265 and it took: 45559.1ms
query [21702]: # of matches found 241223 and it took: 47765ms
query [21703]: # of matches found 241143 and it took: 47432.8ms
query [21704]: # of matches found 241117 and it took: 45739ms
query [21705]: # of matches found 241074 and it took: 47947.9ms
query [21706]: # of matches found 240761 and it took: 46064.5ms
query [21707]: # of matches found 240644 and it took: 47898ms
query [21708]: # of matches found 240600 and it took: 46837.3ms
query [21709]: # of matches found 240491 and it took: 46923.6ms
query [21710]: # of matches found 240608 and it took: 48179ms
query [21711]: # of matches found 240578 and it took: 46703ms
query [21712]: # of matches found 240558 and it took: 47966.4ms
query [21713]: # of matches found 240508 and it took: 48253.3ms
query [21714]: # of matches found 240226 and it took: 48422ms
query [21715]: # of matches found 240234 and it took: 47577.2ms
query [21716]: # of matches found 241971 and it took: 45086.7ms
query [21717]: # of matches found 241898 and it took: 48861.2ms
query [21718]: # of matches found 241921 and it took: 46582.4ms
query [21719]: # of matches found 241843 and it took: 47075ms
query [21720]: # of matches found 241835 and it took: 48931.4ms
query [21721]: # of matches found 241768 and it took: 49155.9ms
query [21722]: # of matches found 241727 and it took: 47603.8ms
query [21723]: # of matches found 241764 and it took: 46140.9ms
query [21724]: # of matches found 241883 and it took: 49015.3ms
query [21725]: # of matches found 241755 and it took: 46207.2ms
query [21726]: # of matches found 241951 and it took: 47711.5ms
query [21727]: # of matches found 242031 and it took: 48462.6ms
query [21728]: # of matches found 242013 and it took: 45963.3ms
query [21729]: # of matches found 242063 and it took: 46571.1ms
query [21730]: # of matches found 242140 and it took: 48696.2ms
query [21731]: # of matches found 241873 and it took: 47270.3ms
query [21732]: # of matches found 241343 and it took: 48571.7ms
query [21733]: # of matches found 240981 and it took: 46972.3ms
query [21734]: # of matches found 240804 and it took: 47996.8ms
query [21735]: # of matches found 240729 and it took: 45562.6ms
query [21736]: # of matches found 240748 and it took: 48123.5ms
query [21737]: # of matches found 240779 and it took: 46932.1ms
query [21738]: # of matches found 240720 and it took: 46406.1ms
query [21739]: # of matches found 240690 and it took: 48685.8ms
query [21740]: # of matches found 240575 and it took: 47241.9ms
query [21741]: # of matches found 240823 and it took: 48709.7ms
query [21742]: # of matches found 240830 and it took: 45775.8ms
query [21743]: # of matches found 240818 and it took: 49187.2ms
query [21744]: # of matches found 240992 and it took: 45520.3ms
query [21745]: # of matches found 242395 and it took: 48486.1ms
query [21746]: # of matches found 242489 and it took: 47178.9ms
query [21747]: # of matches found 242509 and it took: 45120.8ms
query [21748]: # of matches found 242746 and it took: 48978ms
query [21749]: # of matches found 242906 and it took: 46203ms
query [21750]: # of matches found 242950 and it took: 46196ms
query [21751]: # of matches found 242876 and it took: 48114ms
query [21752]: # of matches found 242897 and it took: 47134.5ms
query [21753]: # of matches found 242704 and it took: 47069.2ms
query [21754]: # of matches found 242664 and it took: 45745.1ms
query [21755]: # of matches found 242698 and it took: 45871.8ms
query [21756]: # of matches found 248936 and it took: 46307.9ms
query [21757]: # of matches found 248988 and it took: 45804.5ms
query [21758]: # of matches found 249247 and it took: 46904.9ms
query [21759]: # of matches found 249604 and it took: 45833.1ms
query [21760]: # of matches found 249691 and it took: 44735.2ms
query [21761]: # of matches found 251734 and it took: 45151.7ms
query [21762]: # of matches found 251697 and it took: 44880ms
query [21763]: # of matches found 35487 and it took: 44878.1ms
query [21764]: # of matches found 23394 and it took: 43886.5ms
query [21765]: # of matches found 23082 and it took: 47117.4ms
query [21766]: # of matches found 23026 and it took: 45785.4ms
query [21767]: # of matches found 22906 and it took: 43809.9ms
query [21768]: # of matches found 22859 and it took: 43925.3ms
query [21769]: # of matches found 22747 and it took: 47413.1ms
query [21770]: # of matches found 22636 and it took: 44275.7ms
query [21771]: # of matches found 22590 and it took: 45542.1ms
query [21772]: # of matches found 22607 and it took: 45747.1ms
query [21773]: # of matches found 22622 and it took: 46013.8ms
query [21774]: # of matches found 23231 and it took: 43641.5ms
query [21775]: # of matches found 23585 and it took: 44511ms
query [21776]: # of matches found 23405 and it took: 47752.2ms
query [21777]: # of matches found 24186 and it took: 45075.2ms
query [21778]: # of matches found 24412 and it took: 42932.8ms
query [21779]: # of matches found 23752 and it took: 44246.9ms
query [21780]: # of matches found 23779 and it took: 45992.7ms
query [21781]: # of matches found 23814 and it took: 45498.1ms
query [21782]: # of matches found 23815 and it took: 44734.2ms
query [21783]: # of matches found 24101 and it took: 44031.3ms
query [21784]: # of matches found 24092 and it took: 46014.8ms
query [21785]: # of matches found 24098 and it took: 45391.7ms
query [21786]: # of matches found 24050 and it took: 44659.3ms
query [21787]: # of matches found 24092 and it took: 45594.5ms
query [21788]: # of matches found 24116 and it took: 43665.9ms
query [21789]: # of matches found 24472 and it took: 45608.2ms
query [21790]: # of matches found 24474 and it took: 42874.5ms
query [21791]: # of matches found 24347 and it took: 46530.1ms
query [21792]: # of matches found 24325 and it took: 46192.8ms
query [21793]: # of matches found 24430 and it took: 46165.7ms
query [21794]: # of matches found 24671 and it took: 44383.8ms
query [21795]: # of matches found 24767 and it took: 46662.9ms
query [21796]: # of matches found 24768 and it took: 45826.8ms
query [21797]: # of matches found 25058 and it took: 43389.1ms
query [21798]: # of matches found 25198 and it took: 45537.1ms
query [21799]: # of matches found 25235 and it took: 46306.2ms
query [21800]: # of matches found 25419 and it took: 45435.9ms
query [21801]: # of matches found 25370 and it took: 45243.6ms
query [21802]: # of matches found 25542 and it took: 43205.1ms
query [21803]: # of matches found 25510 and it took: 45617.1ms
query [21804]: # of matches found 25564 and it took: 43755ms
query [21805]: # of matches found 25535 and it took: 46325.6ms
query [21806]: # of matches found 25578 and it took: 43521.6ms
query [21807]: # of matches found 25635 and it took: 46884.5ms
query [21808]: # of matches found 25864 and it took: 44134.7ms
query [21809]: # of matches found 26639 and it took: 47144.9ms
query [21810]: # of matches found 26731 and it took: 44342.6ms
query [21811]: # of matches found 27056 and it took: 44939.1ms
query [21812]: # of matches found 27070 and it took: 45628.4ms
query [21813]: # of matches found 26796 and it took: 46797.1ms
query [21814]: # of matches found 26506 and it took: 44494.9ms
query [21815]: # of matches found 26396 and it took: 47800ms
query [21816]: # of matches found 26388 and it took: 45164.8ms
query [21817]: # of matches found 26065 and it took: 45494.9ms
query [21818]: # of matches found 26328 and it took: 44461.5ms
query [21819]: # of matches found 26446 and it took: 45267.8ms
query [21820]: # of matches found 26393 and it took: 44595.2ms
query [21821]: # of matches found 26376 and it took: 46617.7ms
query [21822]: # of matches found 26113 and it took: 42979.1ms
query [21823]: # of matches found 25949 and it took: 46109.4ms
query [21824]: # of matches found 26071 and it took: 44577.7ms
query [21825]: # of matches found 26190 and it took: 44860.9ms
query [21826]: # of matches found 26134 and it took: 43710.1ms
query [21827]: # of matches found 25874 and it took: 45934.8ms
query [21828]: # of matches found 25502 and it took: 44229ms
query [21829]: # of matches found 24997 and it took: 43279.2ms
query [21830]: # of matches found 25779 and it took: 45138.8ms
query [21831]: # of matches found 25526 and it took: 44908.5ms
query [21832]: # of matches found 25529 and it took: 44751.6ms
query [21833]: # of matches found 25739 and it took: 45911.3ms
query [21834]: # of matches found 25711 and it took: 44165.9ms
query [21835]: # of matches found 25782 and it took: 45778.8ms
query [21836]: # of matches found 27089 and it took: 45948.5ms
query [21837]: # of matches found 27107 and it took: 45338.5ms
query [21838]: # of matches found 27157 and it took: 45633.6ms
query [21839]: # of matches found 27232 and it took: 44884.7ms
query [21840]: # of matches found 28100 and it took: 46782.9ms
query [21841]: # of matches found 28355 and it took: 44028.9ms
query [21842]: # of matches found 28627 and it took: 46045.9ms
query [21843]: # of matches found 28418 and it took: 44355.6ms
query [21844]: # of matches found 28467 and it took: 45995.7ms
query [21845]: # of matches found 28521 and it took: 43725.6ms
query [21846]: # of matches found 28759 and it took: 45899.8ms
query [21847]: # of matches found 28832 and it took: 45629.8ms
query [21848]: # of matches found 29164 and it took: 44816ms
query [21849]: # of matches found 29215 and it took: 42850.3ms
query [21850]: # of matches found 29488 and it took: 45842.5ms
query [21851]: # of matches found 29542 and it took: 44291.3ms
query [21852]: # of matches found 29597 and it took: 43515ms
query [21853]: # of matches found 29787 and it took: 42958.7ms
query [21854]: # of matches found 29888 and it took: 44236.6ms
query [21855]: # of matches found 30022 and it took: 42612.7ms
query [21856]: # of matches found 28919 and it took: 45091.8ms
query [21857]: # of matches found 29321 and it took: 42398.2ms
query [21858]: # of matches found 29944 and it took: 44877.6ms
query [21859]: # of matches found 30792 and it took: 43944.5ms
query [21860]: # of matches found 31610 and it took: 41491.1ms
query [21861]: # of matches found 34706 and it took: 44376.6ms
query [21862]: # of matches found 37552 and it took: 43912.2ms
query [21863]: # of matches found 39614 and it took: 41338.3ms
query [21864]: # of matches found 39907 and it took: 44011.7ms
query [21865]: # of matches found 39909 and it took: 42634ms
query [21866]: # of matches found 39915 and it took: 43343.6ms
query [21867]: # of matches found 40004 and it took: 44314.3ms
query [21868]: # of matches found 39932 and it took: 40977.5ms
query [21869]: # of matches found 39897 and it took: 44623.9ms
query [21870]: # of matches found 39691 and it took: 42056.3ms
query [21871]: # of matches found 39629 and it took: 44487.1ms
query [21872]: # of matches found 39513 and it took: 40999.8ms
query [21873]: # of matches found 39545 and it took: 42922.7ms
query [21874]: # of matches found 39460 and it took: 44341.5ms
query [21875]: # of matches found 39298 and it took: 44216.1ms
query [21876]: # of matches found 39460 and it took: 44179.3ms
query [21877]: # of matches found 39470 and it took: 41562.8ms
query [21878]: # of matches found 39580 and it took: 44010.7ms
query [21879]: # of matches found 39667 and it took: 41470.8ms
query [21880]: # of matches found 39769 and it took: 45235.5ms
