no kmerRangesFileAddressArg!
no otherToolArg!
**********************CONFIGURATIONS*****************************
PARMIK mode:                  3
readDatabaseAddress:          /p/lava/parmik/partialMatcherProject/datasets/metagenomicDB/SRR14381434/SRR14381434_reads
readFileName:                 SRR14381434_reads
queryFileAddress:             /p/lava/parmik/partialMatcherProject/datasets/queryFiles/covidQueryFiles/NC_045512_chunks/NC_045512_queries_17000-17999
queryFileName:                NC_045512_queries_17000-17999
otherToolOutputFileAddress:   /u/rgq5aw/GIT/PARMIK/partialMatcherProject/tools/blast/SRR14381434/NC_045512/blastn_ws30_results.out
outputDir:                    /p/lava/parmik/partialMatcherProject/tools/baseline_ssw/SRR14381434/NC_045512
penaltyFileAddress:           /u/rgq5aw/GIT/PARMIK/experiments/parmik/CK_SSW_ID_PRCNTG/PenaltySets/2484_1111_2444_2288_2848
kmerRangesFileAddress:        
readsCount:                   17000000
queryCount:                   30000
kmerLength:                   11
regionSize:                   48
cheapKmerThreshold:           0
identityPercentage:           0.85
minExactMatchLen:             0
minNumExactMatchKmer:         0
isIndexOffline:               1
offlineIndexAddress:          /p/lava/parmik/partialMatcherProject/tools/parmik/CK_INDEX/SRR14381434/
max editDistance in min region: 2
**********************CONFIGURATIONS*****************************
--------------Penalties--------------
m: 2, s: 4, go: 8, ge: 4
m: 1, s: 1, go: 1, ge: 1
m: 2, s: 4, go: 4, ge: 4
m: 2, s: 2, go: 8, ge: 8
m: 2, s: 8, go: 4, ge: 8
------------------------------------
numberOfReadsWithN : 0
queryCount : 1000
numberOfReadsWithN : 0
readCount : 9488668
offlineCheapIndexAddress: /p/lava/parmik/partialMatcherProject/tools/parmik/CK_INDEX/SRR14381434/ck_T0_K11_r17000000
pmrkAlignmentsAddress: /p/lava/parmik/partialMatcherProject/tools/baseline_ssw/SRR14381434/NC_045512/aln/pmAln_R48_PI85_L0_M0_E2_K11_T0_P_2484_1111_2444_2288_2848.txt
Starting alignment for all queries [fwd]...
queryBaseIndex: 17000
query [17000]: # of matches found 11055 and it took: 26023.6ms
query [17001]: # of matches found 11034 and it took: 26506.5ms
query [17002]: # of matches found 11032 and it took: 26204.9ms
query [17003]: # of matches found 11008 and it took: 26432.4ms
query [17004]: # of matches found 10987 and it took: 26511.1ms
query [17005]: # of matches found 10880 and it took: 26470.2ms
query [17006]: # of matches found 10861 and it took: 26608.9ms
query [17007]: # of matches found 10846 and it took: 26569.5ms
query [17008]: # of matches found 10946 and it took: 26752.3ms
query [17009]: # of matches found 10949 and it took: 26988.7ms
query [17010]: # of matches found 11037 and it took: 26953.6ms
query [17011]: # of matches found 11012 and it took: 27300ms
query [17012]: # of matches found 10999 and it took: 27170.5ms
query [17013]: # of matches found 11128 and it took: 27374.2ms
query [17014]: # of matches found 11115 and it took: 27420.9ms
query [17015]: # of matches found 11171 and it took: 27411.1ms
query [17016]: # of matches found 11254 and it took: 27512.9ms
query [17017]: # of matches found 11626 and it took: 27479.4ms
query [17018]: # of matches found 11953 and it took: 27747.7ms
query [17019]: # of matches found 11955 and it took: 27649.7ms
query [17020]: # of matches found 11982 and it took: 28002.7ms
query [17021]: # of matches found 11927 and it took: 28116.6ms
query [17022]: # of matches found 11946 and it took: 27449.3ms
query [17023]: # of matches found 11826 and it took: 27499.7ms
query [17024]: # of matches found 11964 and it took: 28363.5ms
query [17025]: # of matches found 11893 and it took: 28417.7ms
query [17026]: # of matches found 11930 and it took: 28477.4ms
query [17027]: # of matches found 12583 and it took: 27369.8ms
query [17028]: # of matches found 12654 and it took: 27653.1ms
query [17029]: # of matches found 12806 and it took: 27653.5ms
query [17030]: # of matches found 12779 and it took: 28635.3ms
query [17031]: # of matches found 12680 and it took: 28047.6ms
query [17032]: # of matches found 12461 and it took: 28737.6ms
query [17033]: # of matches found 12485 and it took: 27674.1ms
query [17034]: # of matches found 12531 and it took: 27703ms
query [17035]: # of matches found 12497 and it took: 27482.8ms
query [17036]: # of matches found 12287 and it took: 28471.2ms
query [17037]: # of matches found 12157 and it took: 28042.2ms
query [17038]: # of matches found 11940 and it took: 28858.9ms
query [17039]: # of matches found 11655 and it took: 28384.5ms
query [17040]: # of matches found 13823 and it took: 28287.9ms
query [17041]: # of matches found 13741 and it took: 27955.2ms
query [17042]: # of matches found 13672 and it took: 28209.8ms
query [17043]: # of matches found 13610 and it took: 28553.6ms
query [17044]: # of matches found 13596 and it took: 28471.9ms
query [17045]: # of matches found 13612 and it took: 28597.4ms
query [17046]: # of matches found 13608 and it took: 28510.4ms
query [17047]: # of matches found 13609 and it took: 29072.7ms
query [17048]: # of matches found 13591 and it took: 29806.2ms
query [17049]: # of matches found 13621 and it took: 29764.2ms
query [17050]: # of matches found 13617 and it took: 30002.4ms
query [17051]: # of matches found 14017 and it took: 29627.9ms
query [17052]: # of matches found 13929 and it took: 29355.7ms
query [17053]: # of matches found 13955 and it took: 29770ms
query [17054]: # of matches found 14041 and it took: 30068ms
query [17055]: # of matches found 14081 and it took: 29031.3ms
query [17056]: # of matches found 14173 and it took: 29708ms
query [17057]: # of matches found 14223 and it took: 29618.3ms
query [17058]: # of matches found 14780 and it took: 29410.9ms
query [17059]: # of matches found 15201 and it took: 29357.5ms
query [17060]: # of matches found 15889 and it took: 29065.6ms
query [17061]: # of matches found 16034 and it took: 29022.1ms
query [17062]: # of matches found 16172 and it took: 29631ms
query [17063]: # of matches found 16195 and it took: 28824.8ms
query [17064]: # of matches found 16193 and it took: 29288ms
query [17065]: # of matches found 16158 and it took: 28961.1ms
query [17066]: # of matches found 16156 and it took: 29176.5ms
query [17067]: # of matches found 16163 and it took: 28164.2ms
query [17068]: # of matches found 15953 and it took: 28985.2ms
query [17069]: # of matches found 15823 and it took: 27924.7ms
query [17070]: # of matches found 15801 and it took: 27847.3ms
query [17071]: # of matches found 15788 and it took: 28507ms
query [17072]: # of matches found 15769 and it took: 28010ms
query [17073]: # of matches found 15760 and it took: 28193.6ms
query [17074]: # of matches found 15841 and it took: 28123.9ms
query [17075]: # of matches found 15865 and it took: 27833.2ms
query [17076]: # of matches found 15800 and it took: 28706.7ms
query [17077]: # of matches found 15805 and it took: 27577.3ms
query [17078]: # of matches found 15792 and it took: 27991ms
query [17079]: # of matches found 15677 and it took: 27905.5ms
query [17080]: # of matches found 15356 and it took: 27588.1ms
query [17081]: # of matches found 15177 and it took: 27293.1ms
query [17082]: # of matches found 15068 and it took: 27323ms
query [17083]: # of matches found 15039 and it took: 27131.5ms
query [17084]: # of matches found 15006 and it took: 27074.4ms
query [17085]: # of matches found 15007 and it took: 26807.2ms
query [17086]: # of matches found 14917 and it took: 26756.8ms
query [17087]: # of matches found 15122 and it took: 26733.3ms
query [17088]: # of matches found 16583 and it took: 26782.1ms
query [17089]: # of matches found 16036 and it took: 26482.6ms
query [17090]: # of matches found 15991 and it took: 26768.5ms
query [17091]: # of matches found 15987 and it took: 26427.1ms
query [17092]: # of matches found 16013 and it took: 26557.8ms
query [17093]: # of matches found 16011 and it took: 26486.8ms
query [17094]: # of matches found 15992 and it took: 26547.1ms
query [17095]: # of matches found 15999 and it took: 26377.4ms
query [17096]: # of matches found 16063 and it took: 26427.3ms
query [17097]: # of matches found 16009 and it took: 26342.9ms
query [17098]: # of matches found 16099 and it took: 26525.6ms
query [17099]: # of matches found 16205 and it took: 26593.1ms
query [17100]: # of matches found 16477 and it took: 26605.2ms
query [17101]: # of matches found 16440 and it took: 26436ms
query [17102]: # of matches found 16923 and it took: 26648.8ms
query [17103]: # of matches found 16872 and it took: 26631.2ms
query [17104]: # of matches found 16904 and it took: 26563.2ms
query [17105]: # of matches found 16905 and it took: 26331.3ms
query [17106]: # of matches found 16836 and it took: 26391.8ms
query [17107]: # of matches found 16860 and it took: 26578.4ms
query [17108]: # of matches found 16851 and it took: 26452.2ms
query [17109]: # of matches found 16843 and it took: 26243.1ms
query [17110]: # of matches found 16826 and it took: 26368.6ms
query [17111]: # of matches found 16930 and it took: 26218.4ms
query [17112]: # of matches found 17047 and it took: 26567.7ms
query [17113]: # of matches found 18070 and it took: 26455.6ms
query [17114]: # of matches found 18090 and it took: 26343.4ms
query [17115]: # of matches found 18117 and it took: 26158.9ms
query [17116]: # of matches found 18337 and it took: 26130.9ms
query [17117]: # of matches found 18354 and it took: 25749.5ms
query [17118]: # of matches found 18358 and it took: 25731.1ms
query [17119]: # of matches found 18462 and it took: 25747.7ms
query [17120]: # of matches found 20577 and it took: 25742.3ms
query [17121]: # of matches found 20854 and it took: 25662.5ms
query [17122]: # of matches found 21050 and it took: 25738.3ms
query [17123]: # of matches found 21348 and it took: 25684.1ms
query [17124]: # of matches found 21331 and it took: 25691.3ms
query [17125]: # of matches found 21486 and it took: 25562.5ms
query [17126]: # of matches found 21483 and it took: 25472.3ms
query [17127]: # of matches found 21645 and it took: 25524.7ms
query [17128]: # of matches found 21748 and it took: 25559.8ms
query [17129]: # of matches found 22010 and it took: 25563.9ms
query [17130]: # of matches found 22044 and it took: 25469.9ms
query [17131]: # of matches found 22087 and it took: 25326ms
query [17132]: # of matches found 22146 and it took: 25569.9ms
query [17133]: # of matches found 21999 and it took: 25191.9ms
query [17134]: # of matches found 21744 and it took: 25225.5ms
query [17135]: # of matches found 21678 and it took: 25346.3ms
query [17136]: # of matches found 21682 and it took: 25167.8ms
query [17137]: # of matches found 21717 and it took: 25099.7ms
query [17138]: # of matches found 21694 and it took: 25158.1ms
query [17139]: # of matches found 21970 and it took: 25077.8ms
query [17140]: # of matches found 22013 and it took: 25044.8ms
query [17141]: # of matches found 22179 and it took: 24737.2ms
query [17142]: # of matches found 22252 and it took: 24956.6ms
query [17143]: # of matches found 22302 and it took: 25350.3ms
query [17144]: # of matches found 22404 and it took: 24823.9ms
query [17145]: # of matches found 22424 and it took: 24412ms
query [17146]: # of matches found 22439 and it took: 24548.5ms
query [17147]: # of matches found 22500 and it took: 24791.3ms
query [17148]: # of matches found 22463 and it took: 24390.2ms
query [17149]: # of matches found 22490 and it took: 24449.3ms
query [17150]: # of matches found 22325 and it took: 24442.2ms
query [17151]: # of matches found 22338 and it took: 24135ms
query [17152]: # of matches found 22333 and it took: 24428.8ms
query [17153]: # of matches found 22186 and it took: 24363.4ms
query [17154]: # of matches found 22185 and it took: 24627.2ms
query [17155]: # of matches found 22109 and it took: 24309.3ms
query [17156]: # of matches found 22037 and it took: 24563.6ms
query [17157]: # of matches found 21681 and it took: 24146.3ms
query [17158]: # of matches found 21357 and it took: 24179.8ms
query [17159]: # of matches found 21369 and it took: 24082.4ms
query [17160]: # of matches found 21410 and it took: 23972ms
query [17161]: # of matches found 22634 and it took: 24309.1ms
query [17162]: # of matches found 22600 and it took: 23852.2ms
query [17163]: # of matches found 22656 and it took: 24019.4ms
query [17164]: # of matches found 22535 and it took: 24325.6ms
query [17165]: # of matches found 22610 and it took: 24321ms
query [17166]: # of matches found 22555 and it took: 23899.8ms
query [17167]: # of matches found 22410 and it took: 24427.4ms
query [17168]: # of matches found 21831 and it took: 24426.6ms
query [17169]: # of matches found 21663 and it took: 24297.2ms
query [17170]: # of matches found 21535 and it took: 24543.5ms
query [17171]: # of matches found 21526 and it took: 24092.4ms
query [17172]: # of matches found 21537 and it took: 23742.2ms
query [17173]: # of matches found 21518 and it took: 23711.7ms
query [17174]: # of matches found 21488 and it took: 24328.4ms
query [17175]: # of matches found 21508 and it took: 24484.9ms
query [17176]: # of matches found 21467 and it took: 23795.7ms
query [17177]: # of matches found 21508 and it took: 23828.3ms
query [17178]: # of matches found 21545 and it took: 24391.3ms
query [17179]: # of matches found 21565 and it took: 23602.1ms
query [17180]: # of matches found 19441 and it took: 24272ms
query [17181]: # of matches found 19452 and it took: 24253.4ms
query [17182]: # of matches found 19468 and it took: 23937.8ms
query [17183]: # of matches found 19586 and it took: 23822.4ms
query [17184]: # of matches found 19583 and it took: 24387.8ms
query [17185]: # of matches found 19650 and it took: 24410.4ms
query [17186]: # of matches found 19599 and it took: 24470.1ms
query [17187]: # of matches found 24942 and it took: 24048.4ms
query [17188]: # of matches found 25608 and it took: 24100.7ms
query [17189]: # of matches found 25707 and it took: 24451.2ms
query [17190]: # of matches found 25778 and it took: 23871.4ms
query [17191]: # of matches found 26026 and it took: 24204.7ms
query [17192]: # of matches found 26032 and it took: 24120.8ms
query [17193]: # of matches found 25604 and it took: 24575.9ms
query [17194]: # of matches found 25590 and it took: 24609.3ms
query [17195]: # of matches found 25462 and it took: 24615.5ms
query [17196]: # of matches found 25381 and it took: 24373.9ms
query [17197]: # of matches found 25324 and it took: 24257.6ms
query [17198]: # of matches found 25102 and it took: 24156.4ms
query [17199]: # of matches found 24515 and it took: 24121.3ms
query [17200]: # of matches found 23601 and it took: 24673.7ms
query [17201]: # of matches found 23393 and it took: 23932ms
query [17202]: # of matches found 23241 and it took: 24198.8ms
query [17203]: # of matches found 23210 and it took: 24198.6ms
query [17204]: # of matches found 23223 and it took: 24265.7ms
query [17205]: # of matches found 23230 and it took: 24946.9ms
query [17206]: # of matches found 23289 and it took: 24863ms
query [17207]: # of matches found 23226 and it took: 24472.9ms
query [17208]: # of matches found 23282 and it took: 24243.6ms
query [17209]: # of matches found 23313 and it took: 24152.2ms
query [17210]: # of matches found 23342 and it took: 24751.1ms
query [17211]: # of matches found 23437 and it took: 24196.8ms
query [17212]: # of matches found 23509 and it took: 24099.5ms
query [17213]: # of matches found 23569 and it took: 24238.5ms
query [17214]: # of matches found 23726 and it took: 24150.5ms
query [17215]: # of matches found 23799 and it took: 24268.2ms
query [17216]: # of matches found 23816 and it took: 24470.4ms
query [17217]: # of matches found 23892 and it took: 24331.7ms
query [17218]: # of matches found 24098 and it took: 24240.6ms
query [17219]: # of matches found 24122 and it took: 24237.8ms
query [17220]: # of matches found 24187 and it took: 24228.6ms
query [17221]: # of matches found 24274 and it took: 24497.1ms
query [17222]: # of matches found 24329 and it took: 24383.7ms
query [17223]: # of matches found 24294 and it took: 24697.8ms
query [17224]: # of matches found 24315 and it took: 24095.8ms
query [17225]: # of matches found 24280 and it took: 23978.5ms
query [17226]: # of matches found 24817 and it took: 24459.3ms
query [17227]: # of matches found 24569 and it took: 24743.7ms
query [17228]: # of matches found 25283 and it took: 23945.7ms
query [17229]: # of matches found 25281 and it took: 23995.2ms
query [17230]: # of matches found 25301 and it took: 24402.8ms
query [17231]: # of matches found 25312 and it took: 23845.7ms
query [17232]: # of matches found 25313 and it took: 23812ms
query [17233]: # of matches found 25351 and it took: 24331.3ms
query [17234]: # of matches found 25468 and it took: 24198.2ms
query [17235]: # of matches found 25502 and it took: 23711.7ms
query [17236]: # of matches found 25565 and it took: 24257.6ms
query [17237]: # of matches found 25633 and it took: 23677.4ms
query [17238]: # of matches found 26067 and it took: 24178.5ms
query [17239]: # of matches found 26004 and it took: 23514.7ms
query [17240]: # of matches found 26032 and it took: 23543ms
query [17241]: # of matches found 25889 and it took: 23999.8ms
query [17242]: # of matches found 25343 and it took: 23922ms
query [17243]: # of matches found 25355 and it took: 23958.4ms
query [17244]: # of matches found 25373 and it took: 23416.4ms
query [17245]: # of matches found 25387 and it took: 24054.4ms
query [17246]: # of matches found 25441 and it took: 23597.8ms
query [17247]: # of matches found 25687 and it took: 24109.5ms
query [17248]: # of matches found 25909 and it took: 23626.3ms
query [17249]: # of matches found 25964 and it took: 23405.4ms
query [17250]: # of matches found 27395 and it took: 23698.7ms
query [17251]: # of matches found 27811 and it took: 23641.6ms
query [17252]: # of matches found 27869 and it took: 23435.9ms
query [17253]: # of matches found 26863 and it took: 23504.2ms
query [17254]: # of matches found 26850 and it took: 24147.2ms
query [17255]: # of matches found 26885 and it took: 23798.5ms
query [17256]: # of matches found 26705 and it took: 23641.9ms
query [17257]: # of matches found 26722 and it took: 23845.3ms
query [17258]: # of matches found 26719 and it took: 24301.6ms
query [17259]: # of matches found 26686 and it took: 24020.5ms
query [17260]: # of matches found 24603 and it took: 24311.9ms
query [17261]: # of matches found 24312 and it took: 24054.6ms
query [17262]: # of matches found 24168 and it took: 23705.6ms
query [17263]: # of matches found 23852 and it took: 24403ms
query [17264]: # of matches found 23820 and it took: 24055.3ms
query [17265]: # of matches found 23738 and it took: 24488.2ms
query [17266]: # of matches found 23676 and it took: 24566.2ms
query [17267]: # of matches found 23422 and it took: 24094.3ms
query [17268]: # of matches found 23322 and it took: 24066.1ms
query [17269]: # of matches found 23106 and it took: 24067ms
query [17270]: # of matches found 23032 and it took: 24712.7ms
query [17271]: # of matches found 23025 and it took: 24163.1ms
query [17272]: # of matches found 22944 and it took: 24645.3ms
query [17273]: # of matches found 22899 and it took: 24308.3ms
query [17274]: # of matches found 22834 and it took: 24418.3ms
query [17275]: # of matches found 22801 and it took: 24826.2ms
query [17276]: # of matches found 22780 and it took: 24591.1ms
query [17277]: # of matches found 22744 and it took: 24889.7ms
query [17278]: # of matches found 22739 and it took: 24902.6ms
query [17279]: # of matches found 22687 and it took: 24446.1ms
query [17280]: # of matches found 22630 and it took: 24439.7ms
query [17281]: # of matches found 22342 and it took: 24303.4ms
query [17282]: # of matches found 22422 and it took: 24793.1ms
query [17283]: # of matches found 22535 and it took: 24299ms
query [17284]: # of matches found 22516 and it took: 24425.3ms
query [17285]: # of matches found 22520 and it took: 24797.1ms
query [17286]: # of matches found 22544 and it took: 24966ms
query [17287]: # of matches found 22498 and it took: 25105ms
query [17288]: # of matches found 22497 and it took: 25034.3ms
query [17289]: # of matches found 22475 and it took: 25033.1ms
query [17290]: # of matches found 22488 and it took: 25279.3ms
query [17291]: # of matches found 22482 and it took: 25029ms
query [17292]: # of matches found 22481 and it took: 25259.4ms
query [17293]: # of matches found 22540 and it took: 25195.8ms
query [17294]: # of matches found 22618 and it took: 25620.8ms
query [17295]: # of matches found 22669 and it took: 26012.9ms
query [17296]: # of matches found 22702 and it took: 25445.7ms
query [17297]: # of matches found 22705 and it took: 25539.7ms
query [17298]: # of matches found 22671 and it took: 25645ms
query [17299]: # of matches found 22668 and it took: 25745ms
query [17300]: # of matches found 22646 and it took: 25702.3ms
query [17301]: # of matches found 21373 and it took: 25751.7ms
query [17302]: # of matches found 21363 and it took: 25915.4ms
query [17303]: # of matches found 21731 and it took: 25698.2ms
query [17304]: # of matches found 21738 and it took: 26007.2ms
query [17305]: # of matches found 21686 and it took: 25628.2ms
query [17306]: # of matches found 21702 and it took: 25644.4ms
query [17307]: # of matches found 21717 and it took: 25654.3ms
query [17308]: # of matches found 21713 and it took: 26351.6ms
query [17309]: # of matches found 21723 and it took: 26773.1ms
query [17310]: # of matches found 21887 and it took: 26397.3ms
query [17311]: # of matches found 22351 and it took: 26139.6ms
query [17312]: # of matches found 22978 and it took: 26147.3ms
query [17313]: # of matches found 23243 and it took: 26450.6ms
query [17314]: # of matches found 23243 and it took: 26725.6ms
query [17315]: # of matches found 23467 and it took: 26617.2ms
query [17316]: # of matches found 24238 and it took: 26566.4ms
query [17317]: # of matches found 24264 and it took: 26453.3ms
query [17318]: # of matches found 24293 and it took: 26437.2ms
query [17319]: # of matches found 24282 and it took: 26289.1ms
query [17320]: # of matches found 24276 and it took: 26461.8ms
query [17321]: # of matches found 24245 and it took: 26162.8ms
query [17322]: # of matches found 24281 and it took: 26176.3ms
query [17323]: # of matches found 24171 and it took: 26338.1ms
query [17324]: # of matches found 24189 and it took: 26265.9ms
query [17325]: # of matches found 24185 and it took: 26491.4ms
query [17326]: # of matches found 24191 and it took: 25900.8ms
query [17327]: # of matches found 23950 and it took: 26151ms
query [17328]: # of matches found 18219 and it took: 26479ms
query [17329]: # of matches found 18041 and it took: 26392.8ms
query [17330]: # of matches found 17957 and it took: 26490.7ms
query [17331]: # of matches found 17713 and it took: 26572.5ms
query [17332]: # of matches found 17611 and it took: 26590.6ms
query [17333]: # of matches found 17546 and it took: 26881ms
query [17334]: # of matches found 17532 and it took: 27034.1ms
query [17335]: # of matches found 17492 and it took: 26445.4ms
query [17336]: # of matches found 17456 and it took: 27011.5ms
query [17337]: # of matches found 17446 and it took: 27388.3ms
query [17338]: # of matches found 17408 and it took: 27013.5ms
query [17339]: # of matches found 17385 and it took: 27388.1ms
query [17340]: # of matches found 18107 and it took: 27348.9ms
query [17341]: # of matches found 18135 and it took: 27960ms
query [17342]: # of matches found 18110 and it took: 27776.5ms
query [17343]: # of matches found 18122 and it took: 27892.6ms
query [17344]: # of matches found 18057 and it took: 27633.2ms
query [17345]: # of matches found 18026 and it took: 28123.8ms
query [17346]: # of matches found 18316 and it took: 28446.6ms
query [17347]: # of matches found 18459 and it took: 28181ms
query [17348]: # of matches found 18429 and it took: 28389.7ms
query [17349]: # of matches found 18478 and it took: 27989.3ms
query [17350]: # of matches found 18448 and it took: 28283.2ms
query [17351]: # of matches found 18441 and it took: 28684ms
query [17352]: # of matches found 18425 and it took: 28156.8ms
query [17353]: # of matches found 18371 and it took: 28958.5ms
query [17354]: # of matches found 18200 and it took: 29030.1ms
query [17355]: # of matches found 18282 and it took: 27913.4ms
query [17356]: # of matches found 18355 and it took: 28514.1ms
query [17357]: # of matches found 18364 and it took: 28962ms
query [17358]: # of matches found 18584 and it took: 28093ms
query [17359]: # of matches found 18513 and it took: 28824.5ms
query [17360]: # of matches found 18420 and it took: 28447.5ms
query [17361]: # of matches found 18381 and it took: 28486.2ms
query [17362]: # of matches found 18825 and it took: 28470.8ms
query [17363]: # of matches found 18908 and it took: 29090.3ms
query [17364]: # of matches found 18923 and it took: 29077.1ms
query [17365]: # of matches found 18943 and it took: 28937.5ms
query [17366]: # of matches found 18410 and it took: 28986.7ms
query [17367]: # of matches found 18411 and it took: 28314.5ms
query [17368]: # of matches found 16122 and it took: 28829.2ms
query [17369]: # of matches found 16090 and it took: 29214.8ms
query [17370]: # of matches found 16060 and it took: 29198.6ms
query [17371]: # of matches found 16085 and it took: 28457.7ms
query [17372]: # of matches found 16068 and it took: 29393.8ms
query [17373]: # of matches found 16030 and it took: 29654.5ms
query [17374]: # of matches found 15942 and it took: 29513.7ms
query [17375]: # of matches found 15904 and it took: 29442.2ms
query [17376]: # of matches found 15841 and it took: 29349.5ms
query [17377]: # of matches found 15842 and it took: 29494.7ms
query [17378]: # of matches found 15792 and it took: 29261.3ms
query [17379]: # of matches found 15826 and it took: 29581.3ms
query [17380]: # of matches found 15586 and it took: 29453.5ms
query [17381]: # of matches found 15724 and it took: 29302.4ms
query [17382]: # of matches found 15771 and it took: 29599.6ms
query [17383]: # of matches found 15724 and it took: 29442.5ms
query [17384]: # of matches found 15662 and it took: 29294.6ms
query [17385]: # of matches found 15538 and it took: 29105.9ms
query [17386]: # of matches found 15432 and it took: 28031.9ms
query [17387]: # of matches found 15404 and it took: 29287.9ms
query [17388]: # of matches found 14875 and it took: 29104ms
query [17389]: # of matches found 14824 and it took: 29105.1ms
query [17390]: # of matches found 13415 and it took: 28859.9ms
query [17391]: # of matches found 12904 and it took: 28886.5ms
query [17392]: # of matches found 12802 and it took: 28929.4ms
query [17393]: # of matches found 12789 and it took: 28915.1ms
query [17394]: # of matches found 12755 and it took: 28000.2ms
query [17395]: # of matches found 12759 and it took: 28464.4ms
query [17396]: # of matches found 12798 and it took: 27465.7ms
query [17397]: # of matches found 12824 and it took: 28311.3ms
query [17398]: # of matches found 13083 and it took: 27615.9ms
query [17399]: # of matches found 13101 and it took: 27957.3ms
query [17400]: # of matches found 13111 and it took: 28118.7ms
query [17401]: # of matches found 13168 and it took: 28128.8ms
query [17402]: # of matches found 13145 and it took: 28094.8ms
query [17403]: # of matches found 13167 and it took: 28180.5ms
query [17404]: # of matches found 13206 and it took: 27614.8ms
query [17405]: # of matches found 13161 and it took: 27725.5ms
query [17406]: # of matches found 13152 and it took: 27302.1ms
query [17407]: # of matches found 13148 and it took: 27350.4ms
query [17408]: # of matches found 13161 and it took: 26912.5ms
query [17409]: # of matches found 13257 and it took: 27542ms
query [17410]: # of matches found 13358 and it took: 26975.7ms
query [17411]: # of matches found 13503 and it took: 27270.8ms
query [17412]: # of matches found 13596 and it took: 27125.8ms
query [17413]: # of matches found 13639 and it took: 27544.2ms
query [17414]: # of matches found 13956 and it took: 27264.3ms
query [17415]: # of matches found 14112 and it took: 27852ms
query [17416]: # of matches found 14162 and it took: 27600.7ms
query [17417]: # of matches found 14307 and it took: 28142.9ms
query [17418]: # of matches found 14411 and it took: 27318ms
query [17419]: # of matches found 14553 and it took: 26937.4ms
query [17420]: # of matches found 14564 and it took: 27894.6ms
query [17421]: # of matches found 14897 and it took: 27630ms
query [17422]: # of matches found 14699 and it took: 27932.9ms
query [17423]: # of matches found 14603 and it took: 28243.8ms
query [17424]: # of matches found 14610 and it took: 27951.7ms
query [17425]: # of matches found 14608 and it took: 27106.9ms
query [17426]: # of matches found 15348 and it took: 27978.7ms
query [17427]: # of matches found 15387 and it took: 27605ms
query [17428]: # of matches found 15523 and it took: 26839.8ms
query [17429]: # of matches found 15535 and it took: 27978.1ms
query [17430]: # of matches found 15625 and it took: 27771.1ms
query [17431]: # of matches found 15705 and it took: 27196.9ms
query [17432]: # of matches found 15761 and it took: 27893.8ms
query [17433]: # of matches found 15719 and it took: 27929.2ms
query [17434]: # of matches found 15872 and it took: 27338.3ms
query [17435]: # of matches found 15904 and it took: 27681.1ms
query [17436]: # of matches found 16284 and it took: 27784.4ms
query [17437]: # of matches found 16314 and it took: 27045.7ms
query [17438]: # of matches found 16401 and it took: 26794.8ms
query [17439]: # of matches found 16469 and it took: 26808.8ms
query [17440]: # of matches found 16509 and it took: 26884.6ms
query [17441]: # of matches found 16511 and it took: 26982.7ms
query [17442]: # of matches found 16548 and it took: 27139.6ms
query [17443]: # of matches found 16159 and it took: 27274.6ms
query [17444]: # of matches found 16133 and it took: 26514.4ms
query [17445]: # of matches found 16131 and it took: 26464.9ms
query [17446]: # of matches found 16130 and it took: 26995ms
query [17447]: # of matches found 16120 and it took: 27837.5ms
query [17448]: # of matches found 16142 and it took: 27347.3ms
query [17449]: # of matches found 16231 and it took: 26987.8ms
query [17450]: # of matches found 16177 and it took: 27036ms
query [17451]: # of matches found 15846 and it took: 26769.3ms
query [17452]: # of matches found 15129 and it took: 27318.7ms
query [17453]: # of matches found 15099 and it took: 28116.5ms
query [17454]: # of matches found 15064 and it took: 26667.7ms
query [17455]: # of matches found 14895 and it took: 26884.3ms
query [17456]: # of matches found 14204 and it took: 26936ms
query [17457]: # of matches found 14042 and it took: 27054.3ms
query [17458]: # of matches found 14230 and it took: 26802.4ms
query [17459]: # of matches found 14224 and it took: 27248.1ms
query [17460]: # of matches found 14694 and it took: 26710.4ms
query [17461]: # of matches found 14798 and it took: 26859.9ms
query [17462]: # of matches found 14789 and it took: 26881.3ms
query [17463]: # of matches found 14972 and it took: 26777.2ms
query [17464]: # of matches found 15006 and it took: 26721.9ms
query [17465]: # of matches found 15115 and it took: 26449.5ms
query [17466]: # of matches found 15145 and it took: 26505.2ms
query [17467]: # of matches found 15202 and it took: 26660.7ms
query [17468]: # of matches found 15684 and it took: 26199.9ms
query [17469]: # of matches found 15716 and it took: 26345.3ms
query [17470]: # of matches found 15744 and it took: 26421.6ms
query [17471]: # of matches found 15771 and it took: 27381.9ms
query [17472]: # of matches found 15891 and it took: 27120.2ms
query [17473]: # of matches found 15916 and it took: 26278.2ms
query [17474]: # of matches found 15974 and it took: 26344.4ms
query [17475]: # of matches found 15989 and it took: 26870.4ms
query [17476]: # of matches found 16018 and it took: 27140ms
query [17477]: # of matches found 16184 and it took: 26920.6ms
query [17478]: # of matches found 16223 and it took: 25864.8ms
query [17479]: # of matches found 16250 and it took: 26385.6ms
query [17480]: # of matches found 15715 and it took: 26127.1ms
query [17481]: # of matches found 15719 and it took: 26383.6ms
query [17482]: # of matches found 15724 and it took: 26500.6ms
query [17483]: # of matches found 15710 and it took: 25990.9ms
query [17484]: # of matches found 15750 and it took: 25769.2ms
query [17485]: # of matches found 15903 and it took: 26058.8ms
query [17486]: # of matches found 15596 and it took: 25833.2ms
query [17487]: # of matches found 15739 and it took: 26369.1ms
query [17488]: # of matches found 15786 and it took: 25683.6ms
query [17489]: # of matches found 16668 and it took: 26375.9ms
query [17490]: # of matches found 16668 and it took: 25681.2ms
query [17491]: # of matches found 16617 and it took: 25934.2ms
query [17492]: # of matches found 16593 and it took: 25638.6ms
query [17493]: # of matches found 16567 and it took: 25682.2ms
query [17494]: # of matches found 16490 and it took: 25404.7ms
query [17495]: # of matches found 16289 and it took: 25583.7ms
query [17496]: # of matches found 16173 and it took: 25839.2ms
query [17497]: # of matches found 16186 and it took: 25815.3ms
query [17498]: # of matches found 16177 and it took: 25505.5ms
query [17499]: # of matches found 16214 and it took: 25808ms
query [17500]: # of matches found 15901 and it took: 25539.1ms
query [17501]: # of matches found 15879 and it took: 25704.1ms
query [17502]: # of matches found 15871 and it took: 25525.5ms
query [17503]: # of matches found 15346 and it took: 25754.6ms
query [17504]: # of matches found 15236 and it took: 25271ms
query [17505]: # of matches found 15349 and it took: 25319.5ms
query [17506]: # of matches found 16577 and it took: 26432ms
query [17507]: # of matches found 16975 and it took: 25260ms
query [17508]: # of matches found 17217 and it took: 25290.1ms
query [17509]: # of matches found 17344 and it took: 25377.2ms
query [17510]: # of matches found 18654 and it took: 25260.3ms
query [17511]: # of matches found 18787 and it took: 25268.8ms
query [17512]: # of matches found 19112 and it took: 25216.7ms
query [17513]: # of matches found 19546 and it took: 24896.3ms
query [17514]: # of matches found 19663 and it took: 25445.3ms
query [17515]: # of matches found 23173 and it took: 25033ms
query [17516]: # of matches found 23320 and it took: 25106.6ms
query [17517]: # of matches found 23299 and it took: 25040.4ms
query [17518]: # of matches found 23459 and it took: 25463.5ms
query [17519]: # of matches found 23430 and it took: 25597.3ms
query [17520]: # of matches found 23417 and it took: 25719.2ms
query [17521]: # of matches found 22801 and it took: 25188.7ms
query [17522]: # of matches found 22703 and it took: 25580.4ms
query [17523]: # of matches found 22765 and it took: 24958.6ms
query [17524]: # of matches found 22774 and it took: 24565.7ms
query [17525]: # of matches found 22877 and it took: 24721.5ms
query [17526]: # of matches found 22890 and it took: 25276ms
query [17527]: # of matches found 23027 and it took: 25379.5ms
query [17528]: # of matches found 23051 and it took: 25025.5ms
query [17529]: # of matches found 23071 and it took: 24792ms
query [17530]: # of matches found 23044 and it took: 24951.7ms
query [17531]: # of matches found 23042 and it took: 25423.6ms
query [17532]: # of matches found 23035 and it took: 24307.7ms
query [17533]: # of matches found 23030 and it took: 24083.2ms
query [17534]: # of matches found 23027 and it took: 23649.6ms
query [17535]: # of matches found 22979 and it took: 23926.7ms
query [17536]: # of matches found 22974 and it took: 24080.6ms
query [17537]: # of matches found 22928 and it took: 24269.7ms
query [17538]: # of matches found 22939 and it took: 23655.6ms
query [17539]: # of matches found 22866 and it took: 23624.7ms
query [17540]: # of matches found 22860 and it took: 24128.2ms
query [17541]: # of matches found 22893 and it took: 23611.1ms
query [17542]: # of matches found 22922 and it took: 23448.8ms
query [17543]: # of matches found 22957 and it took: 23367.3ms
query [17544]: # of matches found 23117 and it took: 24058.1ms
query [17545]: # of matches found 23145 and it took: 23887.4ms
query [17546]: # of matches found 23217 and it took: 23856ms
query [17547]: # of matches found 23212 and it took: 23292.8ms
query [17548]: # of matches found 23354 and it took: 23539.7ms
query [17549]: # of matches found 23305 and it took: 23552.7ms
query [17550]: # of matches found 23357 and it took: 22951.7ms
query [17551]: # of matches found 23294 and it took: 22913.1ms
query [17552]: # of matches found 23066 and it took: 22957.8ms
query [17553]: # of matches found 23083 and it took: 23395.4ms
query [17554]: # of matches found 22985 and it took: 23204.5ms
query [17555]: # of matches found 22846 and it took: 23298.3ms
query [17556]: # of matches found 22836 and it took: 23176.3ms
query [17557]: # of matches found 22713 and it took: 23197.4ms
query [17558]: # of matches found 22842 and it took: 23286ms
query [17559]: # of matches found 22634 and it took: 23380.9ms
query [17560]: # of matches found 22695 and it took: 22811.4ms
query [17561]: # of matches found 22741 and it took: 23513.1ms
query [17562]: # of matches found 22413 and it took: 22911.5ms
query [17563]: # of matches found 22415 and it took: 23132.8ms
query [17564]: # of matches found 22400 and it took: 23256ms
query [17565]: # of matches found 22350 and it took: 23290.1ms
query [17566]: # of matches found 21605 and it took: 22616.4ms
query [17567]: # of matches found 21588 and it took: 23257.2ms
query [17568]: # of matches found 21436 and it took: 22954.5ms
query [17569]: # of matches found 21399 and it took: 23227.1ms
query [17570]: # of matches found 21296 and it took: 22956.3ms
query [17571]: # of matches found 21240 and it took: 23284.3ms
query [17572]: # of matches found 21196 and it took: 23352.1ms
query [17573]: # of matches found 21164 and it took: 23417.6ms
query [17574]: # of matches found 21114 and it took: 23323.9ms
query [17575]: # of matches found 20922 and it took: 23171.8ms
query [17576]: # of matches found 20487 and it took: 23111.1ms
query [17577]: # of matches found 20439 and it took: 22865.9ms
query [17578]: # of matches found 20414 and it took: 23676.5ms
query [17579]: # of matches found 20316 and it took: 23648.8ms
query [17580]: # of matches found 20214 and it took: 23699.2ms
query [17581]: # of matches found 20203 and it took: 23011.9ms
query [17582]: # of matches found 20202 and it took: 23677.4ms
query [17583]: # of matches found 20201 and it took: 23732.7ms
query [17584]: # of matches found 20227 and it took: 23733.4ms
query [17585]: # of matches found 20226 and it took: 23092.3ms
query [17586]: # of matches found 20287 and it took: 22882.9ms
query [17587]: # of matches found 20293 and it took: 23609.9ms
query [17588]: # of matches found 20253 and it took: 23016.5ms
query [17589]: # of matches found 20087 and it took: 23208.5ms
query [17590]: # of matches found 20068 and it took: 23642.3ms
query [17591]: # of matches found 20028 and it took: 23940.5ms
query [17592]: # of matches found 20002 and it took: 23866.2ms
query [17593]: # of matches found 19657 and it took: 23864.2ms
query [17594]: # of matches found 19592 and it took: 23139.2ms
query [17595]: # of matches found 19518 and it took: 23575.2ms
query [17596]: # of matches found 19508 and it took: 23839.3ms
query [17597]: # of matches found 19462 and it took: 23949.2ms
query [17598]: # of matches found 19183 and it took: 23546ms
query [17599]: # of matches found 19145 and it took: 24063.9ms
query [17600]: # of matches found 18660 and it took: 23980.5ms
query [17601]: # of matches found 18574 and it took: 23559.8ms
query [17602]: # of matches found 18593 and it took: 23575.3ms
query [17603]: # of matches found 18489 and it took: 23548.4ms
query [17604]: # of matches found 18480 and it took: 23981.3ms
query [17605]: # of matches found 18375 and it took: 24456.6ms
query [17606]: # of matches found 18402 and it took: 24296ms
query [17607]: # of matches found 18983 and it took: 24880.5ms
query [17608]: # of matches found 18521 and it took: 24588.1ms
query [17609]: # of matches found 18504 and it took: 24138.2ms
query [17610]: # of matches found 18784 and it took: 24691.8ms
query [17611]: # of matches found 18842 and it took: 24530.1ms
query [17612]: # of matches found 18838 and it took: 23981.4ms
query [17613]: # of matches found 18788 and it took: 24367.8ms
query [17614]: # of matches found 18796 and it took: 24842.1ms
query [17615]: # of matches found 18873 and it took: 24453ms
query [17616]: # of matches found 18874 and it took: 24840.4ms
query [17617]: # of matches found 18717 and it took: 24517ms
query [17618]: # of matches found 18733 and it took: 24968.5ms
query [17619]: # of matches found 18747 and it took: 25075.7ms
query [17620]: # of matches found 18713 and it took: 24708.7ms
query [17621]: # of matches found 18634 and it took: 25028.3ms
query [17622]: # of matches found 18722 and it took: 24505.5ms
query [17623]: # of matches found 18819 and it took: 24348.3ms
query [17624]: # of matches found 18811 and it took: 24622.2ms
query [17625]: # of matches found 18732 and it took: 24462.1ms
query [17626]: # of matches found 18717 and it took: 24913.3ms
query [17627]: # of matches found 18540 and it took: 24300.6ms
query [17628]: # of matches found 18543 and it took: 24635.9ms
query [17629]: # of matches found 17650 and it took: 25295.5ms
query [17630]: # of matches found 19549 and it took: 24110ms
query [17631]: # of matches found 19551 and it took: 25242.5ms
query [17632]: # of matches found 19562 and it took: 24634.1ms
query [17633]: # of matches found 19532 and it took: 25148.7ms
query [17634]: # of matches found 19540 and it took: 24960.7ms
query [17635]: # of matches found 19509 and it took: 24697.7ms
query [17636]: # of matches found 19471 and it took: 24325.4ms
query [17637]: # of matches found 19687 and it took: 25066.2ms
query [17638]: # of matches found 19543 and it took: 24408.8ms
query [17639]: # of matches found 19515 and it took: 24517.1ms
query [17640]: # of matches found 19438 and it took: 24356.9ms
query [17641]: # of matches found 19424 and it took: 24409.3ms
query [17642]: # of matches found 19480 and it took: 24251.7ms
query [17643]: # of matches found 19445 and it took: 24648.1ms
query [17644]: # of matches found 19448 and it took: 25028.4ms
query [17645]: # of matches found 19414 and it took: 24401.3ms
query [17646]: # of matches found 19199 and it took: 24347.4ms
query [17647]: # of matches found 17980 and it took: 24894.1ms
query [17648]: # of matches found 17659 and it took: 24671.5ms
query [17649]: # of matches found 17617 and it took: 24739.3ms
query [17650]: # of matches found 16302 and it took: 25688.9ms
query [17651]: # of matches found 16091 and it took: 24536.6ms
query [17652]: # of matches found 15780 and it took: 24756.8ms
query [17653]: # of matches found 15510 and it took: 24853.1ms
query [17654]: # of matches found 15336 and it took: 25435.2ms
query [17655]: # of matches found 15004 and it took: 24678.1ms
query [17656]: # of matches found 14845 and it took: 25079.8ms
query [17657]: # of matches found 14717 and it took: 25113.2ms
query [17658]: # of matches found 11892 and it took: 24794.1ms
query [17659]: # of matches found 11884 and it took: 25557.9ms
query [17660]: # of matches found 11899 and it took: 25303.4ms
query [17661]: # of matches found 11884 and it took: 25984.6ms
query [17662]: # of matches found 12104 and it took: 26335ms
query [17663]: # of matches found 12147 and it took: 25046.3ms
query [17664]: # of matches found 12254 and it took: 25065.9ms
query [17665]: # of matches found 12834 and it took: 24754.4ms
query [17666]: # of matches found 12846 and it took: 24756.3ms
query [17667]: # of matches found 12772 and it took: 24719.7ms
query [17668]: # of matches found 12748 and it took: 24683.2ms
query [17669]: # of matches found 12782 and it took: 24794.7ms
query [17670]: # of matches found 12789 and it took: 24208.1ms
query [17671]: # of matches found 12784 and it took: 25421.2ms
query [17672]: # of matches found 12767 and it took: 24507.4ms
query [17673]: # of matches found 12831 and it took: 24683.3ms
query [17674]: # of matches found 12824 and it took: 24382.1ms
query [17675]: # of matches found 12864 and it took: 24283.1ms
query [17676]: # of matches found 12853 and it took: 24219ms
query [17677]: # of matches found 12857 and it took: 24460.4ms
query [17678]: # of matches found 12675 and it took: 24283.1ms
query [17679]: # of matches found 12625 and it took: 24481.6ms
query [17680]: # of matches found 12696 and it took: 24300.9ms
query [17681]: # of matches found 12711 and it took: 24304.5ms
query [17682]: # of matches found 12643 and it took: 24699.6ms
query [17683]: # of matches found 12615 and it took: 24310.5ms
query [17684]: # of matches found 12536 and it took: 24202.6ms
query [17685]: # of matches found 12500 and it took: 24188.2ms
query [17686]: # of matches found 14643 and it took: 24107.6ms
query [17687]: # of matches found 14651 and it took: 24098.5ms
query [17688]: # of matches found 14640 and it took: 24107.8ms
query [17689]: # of matches found 14627 and it took: 24283.7ms
query [17690]: # of matches found 14613 and it took: 23626.1ms
query [17691]: # of matches found 14663 and it took: 24496.6ms
query [17692]: # of matches found 14786 and it took: 24053.9ms
query [17693]: # of matches found 14760 and it took: 24751.6ms
query [17694]: # of matches found 14642 and it took: 23972.7ms
query [17695]: # of matches found 14590 and it took: 24641ms
query [17696]: # of matches found 14592 and it took: 24158ms
query [17697]: # of matches found 14652 and it took: 24591.9ms
query [17698]: # of matches found 14615 and it took: 25065.2ms
query [17699]: # of matches found 14600 and it took: 24197.6ms
query [17700]: # of matches found 14407 and it took: 23860.3ms
query [17701]: # of matches found 14365 and it took: 24198.8ms
query [17702]: # of matches found 14369 and it took: 24741.8ms
query [17703]: # of matches found 14346 and it took: 24971.8ms
query [17704]: # of matches found 14334 and it took: 24226.2ms
query [17705]: # of matches found 14331 and it took: 24218.8ms
query [17706]: # of matches found 14251 and it took: 25022.7ms
query [17707]: # of matches found 14245 and it took: 24073.1ms
query [17708]: # of matches found 14301 and it took: 24337.6ms
query [17709]: # of matches found 14335 and it took: 24772.5ms
query [17710]: # of matches found 14459 and it took: 24774.3ms
query [17711]: # of matches found 14597 and it took: 24816.9ms
query [17712]: # of matches found 14746 and it took: 25072.3ms
query [17713]: # of matches found 14824 and it took: 24753.7ms
query [17714]: # of matches found 15006 and it took: 24843.9ms
query [17715]: # of matches found 15087 and it took: 24719.3ms
query [17716]: # of matches found 15045 and it took: 24388.5ms
query [17717]: # of matches found 15110 and it took: 24191.4ms
query [17718]: # of matches found 15071 and it took: 25339.5ms
query [17719]: # of matches found 15527 and it took: 25530.5ms
query [17720]: # of matches found 15587 and it took: 24313.7ms
query [17721]: # of matches found 15590 and it took: 25291.6ms
query [17722]: # of matches found 15628 and it took: 24668.8ms
query [17723]: # of matches found 15701 and it took: 25523.4ms
query [17724]: # of matches found 15794 and it took: 24682.2ms
query [17725]: # of matches found 15864 and it took: 25398.6ms
query [17726]: # of matches found 17556 and it took: 24508.3ms
query [17727]: # of matches found 17567 and it took: 24427.8ms
query [17728]: # of matches found 17628 and it took: 24670.4ms
query [17729]: # of matches found 17629 and it took: 24836.5ms
query [17730]: # of matches found 16275 and it took: 25030ms
query [17731]: # of matches found 16338 and it took: 24692.8ms
query [17732]: # of matches found 16344 and it took: 24759.5ms
query [17733]: # of matches found 16393 and it took: 24508.6ms
query [17734]: # of matches found 16653 and it took: 24823ms
query [17735]: # of matches found 16819 and it took: 24630.7ms
query [17736]: # of matches found 16854 and it took: 25218.4ms
query [17737]: # of matches found 16919 and it took: 24294ms
query [17738]: # of matches found 16921 and it took: 24869.3ms
query [17739]: # of matches found 17021 and it took: 24733.9ms
query [17740]: # of matches found 17048 and it took: 25119ms
query [17741]: # of matches found 18007 and it took: 24922.7ms
query [17742]: # of matches found 17979 and it took: 24889.5ms
query [17743]: # of matches found 17947 and it took: 25184ms
query [17744]: # of matches found 17906 and it took: 24807.9ms
query [17745]: # of matches found 18004 and it took: 24690.2ms
query [17746]: # of matches found 18042 and it took: 24647.7ms
query [17747]: # of matches found 17454 and it took: 24596.2ms
query [17748]: # of matches found 17400 and it took: 24829.9ms
query [17749]: # of matches found 17436 and it took: 25038.6ms
query [17750]: # of matches found 17284 and it took: 24565.4ms
query [17751]: # of matches found 17118 and it took: 24926.9ms
query [17752]: # of matches found 17074 and it took: 25238.1ms
query [17753]: # of matches found 17025 and it took: 25110.3ms
query [17754]: # of matches found 17002 and it took: 24918.6ms
query [17755]: # of matches found 16860 and it took: 25294.3ms
query [17756]: # of matches found 16851 and it took: 25097.2ms
query [17757]: # of matches found 16899 and it took: 24980.7ms
query [17758]: # of matches found 16885 and it took: 25012.7ms
query [17759]: # of matches found 16882 and it took: 25108.3ms
query [17760]: # of matches found 17725 and it took: 24818.3ms
query [17761]: # of matches found 17751 and it took: 25499.2ms
query [17762]: # of matches found 17787 and it took: 25184.9ms
query [17763]: # of matches found 17631 and it took: 25043.6ms
query [17764]: # of matches found 18059 and it took: 25065.3ms
query [17765]: # of matches found 18051 and it took: 25398ms
query [17766]: # of matches found 17921 and it took: 25181.7ms
query [17767]: # of matches found 17793 and it took: 25128.6ms
query [17768]: # of matches found 17811 and it took: 25307.6ms
query [17769]: # of matches found 17892 and it took: 25396ms
query [17770]: # of matches found 17187 and it took: 25212ms
query [17771]: # of matches found 17210 and it took: 25252.8ms
query [17772]: # of matches found 17199 and it took: 25454.7ms
query [17773]: # of matches found 17207 and it took: 25321.2ms
query [17774]: # of matches found 17480 and it took: 25169.1ms
query [17775]: # of matches found 17787 and it took: 25424.7ms
query [17776]: # of matches found 17891 and it took: 25340.1ms
query [17777]: # of matches found 17806 and it took: 25292ms
query [17778]: # of matches found 17811 and it took: 25334.4ms
query [17779]: # of matches found 17920 and it took: 25142.8ms
query [17780]: # of matches found 18022 and it took: 24899.7ms
query [17781]: # of matches found 18097 and it took: 25028.6ms
query [17782]: # of matches found 18077 and it took: 25240ms
query [17783]: # of matches found 18090 and it took: 25832.4ms
query [17784]: # of matches found 18082 and it took: 25521.1ms
query [17785]: # of matches found 18074 and it took: 25696.9ms
query [17786]: # of matches found 18060 and it took: 25545.9ms
query [17787]: # of matches found 17918 and it took: 25409.6ms
query [17788]: # of matches found 17913 and it took: 24835.9ms
query [17789]: # of matches found 17924 and it took: 25325.1ms
query [17790]: # of matches found 17920 and it took: 25188.3ms
query [17791]: # of matches found 17954 and it took: 24875.4ms
query [17792]: # of matches found 17954 and it took: 24588.3ms
query [17793]: # of matches found 17949 and it took: 24561.2ms
query [17794]: # of matches found 17990 and it took: 24740.5ms
query [17795]: # of matches found 18143 and it took: 24245.9ms
query [17796]: # of matches found 18242 and it took: 24152ms
query [17797]: # of matches found 18345 and it took: 24830.6ms
query [17798]: # of matches found 17766 and it took: 24237.9ms
query [17799]: # of matches found 17711 and it took: 24133.7ms
query [17800]: # of matches found 17708 and it took: 24779.7ms
query [17801]: # of matches found 17953 and it took: 24109.1ms
query [17802]: # of matches found 17752 and it took: 24204.1ms
query [17803]: # of matches found 17617 and it took: 24206ms
query [17804]: # of matches found 17459 and it took: 24154.1ms
query [17805]: # of matches found 16857 and it took: 24465.1ms
query [17806]: # of matches found 16856 and it took: 24295.4ms
query [17807]: # of matches found 16806 and it took: 24909.5ms
query [17808]: # of matches found 16893 and it took: 24326.2ms
query [17809]: # of matches found 16882 and it took: 24977.6ms
query [17810]: # of matches found 16940 and it took: 24284.4ms
query [17811]: # of matches found 16979 and it took: 24132.1ms
query [17812]: # of matches found 17005 and it took: 24293.6ms
query [17813]: # of matches found 16967 and it took: 24324.1ms
query [17814]: # of matches found 17036 and it took: 24958.1ms
query [17815]: # of matches found 17075 and it took: 24189.2ms
query [17816]: # of matches found 17070 and it took: 25014.6ms
query [17817]: # of matches found 17058 and it took: 24115.9ms
query [17818]: # of matches found 17103 and it took: 24074.6ms
query [17819]: # of matches found 17112 and it took: 23890.2ms
query [17820]: # of matches found 17099 and it took: 24054.7ms
query [17821]: # of matches found 17123 and it took: 24619.2ms
query [17822]: # of matches found 17090 and it took: 24996.6ms
query [17823]: # of matches found 17069 and it took: 24286ms
query [17824]: # of matches found 17007 and it took: 24135.9ms
query [17825]: # of matches found 16989 and it took: 24204.1ms
query [17826]: # of matches found 15869 and it took: 24904.3ms
query [17827]: # of matches found 15816 and it took: 24985.2ms
query [17828]: # of matches found 15769 and it took: 24910.2ms
query [17829]: # of matches found 15626 and it took: 24856.7ms
query [17830]: # of matches found 15586 and it took: 24918.7ms
query [17831]: # of matches found 15389 and it took: 24903.2ms
query [17832]: # of matches found 15321 and it took: 24214.3ms
query [17833]: # of matches found 15978 and it took: 24000.6ms
query [17834]: # of matches found 15917 and it took: 24671.4ms
query [17835]: # of matches found 15930 and it took: 23933.8ms
query [17836]: # of matches found 15898 and it took: 23903.9ms
query [17837]: # of matches found 15853 and it took: 24760.9ms
query [17838]: # of matches found 16323 and it took: 24851.1ms
query [17839]: # of matches found 16314 and it took: 24698.1ms
query [17840]: # of matches found 16314 and it took: 24632.2ms
query [17841]: # of matches found 16349 and it took: 24747.4ms
query [17842]: # of matches found 16396 and it took: 24039.9ms
query [17843]: # of matches found 16487 and it took: 24104ms
query [17844]: # of matches found 16534 and it took: 24581.6ms
query [17845]: # of matches found 16552 and it took: 24657.4ms
query [17846]: # of matches found 16647 and it took: 24740.9ms
query [17847]: # of matches found 17015 and it took: 24675.2ms
query [17848]: # of matches found 17013 and it took: 24694.8ms
query [17849]: # of matches found 17040 and it took: 24506ms
query [17850]: # of matches found 16945 and it took: 24257.9ms
query [17851]: # of matches found 16886 and it took: 23864ms
query [17852]: # of matches found 16685 and it took: 24679.5ms
query [17853]: # of matches found 16733 and it took: 24037ms
query [17854]: # of matches found 15892 and it took: 24571ms
query [17855]: # of matches found 15865 and it took: 23860.7ms
query [17856]: # of matches found 15914 and it took: 24611.4ms
query [17857]: # of matches found 15969 and it took: 23872.7ms
query [17858]: # of matches found 16017 and it took: 24717.1ms
query [17859]: # of matches found 15933 and it took: 24647.4ms
query [17860]: # of matches found 15565 and it took: 23813.8ms
query [17861]: # of matches found 15562 and it took: 23836.1ms
query [17862]: # of matches found 15562 and it took: 24081.6ms
query [17863]: # of matches found 15538 and it took: 24514.4ms
query [17864]: # of matches found 16536 and it took: 24029ms
query [17865]: # of matches found 16549 and it took: 24006.4ms
query [17866]: # of matches found 16478 and it took: 24164.7ms
query [17867]: # of matches found 16664 and it took: 24516.1ms
query [17868]: # of matches found 16770 and it took: 24548.3ms
query [17869]: # of matches found 16731 and it took: 23757.1ms
query [17870]: # of matches found 16734 and it took: 24654.7ms
query [17871]: # of matches found 16723 and it took: 24688ms
query [17872]: # of matches found 16811 and it took: 24276.9ms
query [17873]: # of matches found 16770 and it took: 24721.1ms
query [17874]: # of matches found 16552 and it took: 24392.6ms
query [17875]: # of matches found 16324 and it took: 24217.2ms
query [17876]: # of matches found 16268 and it took: 24169.8ms
query [17877]: # of matches found 16413 and it took: 24704.8ms
query [17878]: # of matches found 16399 and it took: 24442.2ms
query [17879]: # of matches found 16363 and it took: 24131.9ms
query [17880]: # of matches found 16473 and it took: 24974.6ms
query [17881]: # of matches found 16605 and it took: 24738.9ms
query [17882]: # of matches found 16593 and it took: 25030.3ms
query [17883]: # of matches found 15692 and it took: 24590.6ms
query [17884]: # of matches found 15756 and it took: 24278.2ms
query [17885]: # of matches found 15707 and it took: 24245.2ms
query [17886]: # of matches found 15693 and it took: 24954.3ms
query [17887]: # of matches found 15755 and it took: 24886ms
query [17888]: # of matches found 15759 and it took: 25125.7ms
query [17889]: # of matches found 15710 and it took: 24163.3ms
query [17890]: # of matches found 15827 and it took: 24237.1ms
query [17891]: # of matches found 15788 and it took: 24715.1ms
query [17892]: # of matches found 15814 and it took: 25090.7ms
query [17893]: # of matches found 15854 and it took: 24420.5ms
query [17894]: # of matches found 15878 and it took: 25204.6ms
query [17895]: # of matches found 15936 and it took: 25096.5ms
query [17896]: # of matches found 16004 and it took: 24301.2ms
query [17897]: # of matches found 16065 and it took: 24433.9ms
query [17898]: # of matches found 16135 and it took: 24302.1ms
query [17899]: # of matches found 16111 and it took: 24474.6ms
query [17900]: # of matches found 16273 and it took: 24576.4ms
query [17901]: # of matches found 15430 and it took: 24543.4ms
query [17902]: # of matches found 15556 and it took: 25299.8ms
query [17903]: # of matches found 15596 and it took: 24557.9ms
query [17904]: # of matches found 16007 and it took: 25357ms
query [17905]: # of matches found 16014 and it took: 24469.8ms
query [17906]: # of matches found 15984 and it took: 24769.3ms
query [17907]: # of matches found 16069 and it took: 24248.1ms
query [17908]: # of matches found 16024 and it took: 24793.5ms
query [17909]: # of matches found 15859 and it took: 24860.3ms
query [17910]: # of matches found 15759 and it took: 25721.7ms
query [17911]: # of matches found 15711 and it took: 25543.5ms
query [17912]: # of matches found 15798 and it took: 24936.1ms
query [17913]: # of matches found 15787 and it took: 25044ms
query [17914]: # of matches found 15953 and it took: 24721ms
query [17915]: # of matches found 15893 and it took: 24461.8ms
query [17916]: # of matches found 15514 and it took: 25072.5ms
query [17917]: # of matches found 15506 and it took: 24516.4ms
query [17918]: # of matches found 15505 and it took: 24611.9ms
query [17919]: # of matches found 15505 and it took: 25247ms
query [17920]: # of matches found 14030 and it took: 25218.3ms
query [17921]: # of matches found 15182 and it took: 24701.6ms
query [17922]: # of matches found 15126 and it took: 25039.3ms
query [17923]: # of matches found 15105 and it took: 24567.2ms
query [17924]: # of matches found 15111 and it took: 24601.8ms
query [17925]: # of matches found 15115 and it took: 24916.9ms
query [17926]: # of matches found 15368 and it took: 25385.8ms
query [17927]: # of matches found 15395 and it took: 24690.2ms
query [17928]: # of matches found 15392 and it took: 24797.3ms
query [17929]: # of matches found 15418 and it took: 24863.9ms
query [17930]: # of matches found 15440 and it took: 24656.5ms
query [17931]: # of matches found 15410 and it took: 25154.6ms
query [17932]: # of matches found 15349 and it took: 24785.9ms
query [17933]: # of matches found 15360 and it took: 24583.8ms
query [17934]: # of matches found 15274 and it took: 24563.6ms
query [17935]: # of matches found 15141 and it took: 24408.1ms
query [17936]: # of matches found 15094 and it took: 24650ms
query [17937]: # of matches found 14901 and it took: 24595.4ms
query [17938]: # of matches found 14908 and it took: 24461.6ms
query [17939]: # of matches found 14919 and it took: 24850.5ms
query [17940]: # of matches found 14896 and it took: 24735.5ms
query [17941]: # of matches found 14667 and it took: 24893.4ms
query [17942]: # of matches found 14693 and it took: 24618.4ms
query [17943]: # of matches found 14687 and it took: 25352ms
query [17944]: # of matches found 14710 and it took: 25089.4ms
query [17945]: # of matches found 14714 and it took: 24501.6ms
query [17946]: # of matches found 14680 and it took: 25270.4ms
query [17947]: # of matches found 14774 and it took: 25079.6ms
query [17948]: # of matches found 14894 and it took: 25063.4ms
query [17949]: # of matches found 14848 and it took: 25183.7ms
query [17950]: # of matches found 14813 and it took: 25229.9ms
query [17951]: # of matches found 14749 and it took: 24468.3ms
query [17952]: # of matches found 14719 and it took: 24676.5ms
query [17953]: # of matches found 14715 and it took: 25410ms
query [17954]: # of matches found 14686 and it took: 25118.1ms
query [17955]: # of matches found 14609 and it took: 24481.5ms
query [17956]: # of matches found 14592 and it took: 24446.5ms
query [17957]: # of matches found 14583 and it took: 24587.8ms
query [17958]: # of matches found 14566 and it took: 25254.5ms
query [17959]: # of matches found 14645 and it took: 24782.1ms
query [17960]: # of matches found 14687 and it took: 25614.1ms
query [17961]: # of matches found 14689 and it took: 25301.4ms
query [17962]: # of matches found 14660 and it took: 25061.7ms
query [17963]: # of matches found 14656 and it took: 25375.4ms
query [17964]: # of matches found 14643 and it took: 25178.3ms
query [17965]: # of matches found 14649 and it took: 25054.2ms
query [17966]: # of matches found 14659 and it took: 25311.5ms
query [17967]: # of matches found 14649 and it took: 24912.7ms
query [17968]: # of matches found 14707 and it took: 24700.4ms
query [17969]: # of matches found 14713 and it took: 24734.8ms
query [17970]: # of matches found 14749 and it took: 24604.4ms
query [17971]: # of matches found 14778 and it took: 24633.4ms
query [17972]: # of matches found 15052 and it took: 24735.7ms
query [17973]: # of matches found 15066 and it took: 24883.1ms
query [17974]: # of matches found 15041 and it took: 24875ms
query [17975]: # of matches found 15082 and it took: 24860.7ms
query [17976]: # of matches found 15084 and it took: 24896.4ms
query [17977]: # of matches found 15088 and it took: 24914.2ms
query [17978]: # of matches found 15033 and it took: 24899.6ms
query [17979]: # of matches found 15020 and it took: 24922.7ms
query [17980]: # of matches found 15051 and it took: 24706.6ms
query [17981]: # of matches found 15847 and it took: 24949.2ms
query [17982]: # of matches found 15838 and it took: 24899.4ms
query [17983]: # of matches found 15859 and it took: 24939.1ms
query [17984]: # of matches found 15691 and it took: 24867.6ms
query [17985]: # of matches found 16107 and it took: 25141.5ms
query [17986]: # of matches found 16066 and it took: 24803.5ms
query [17987]: # of matches found 15693 and it took: 26103.2ms
query [17988]: # of matches found 15654 and it took: 25055.8ms
query [17989]: # of matches found 15652 and it took: 24892ms
query [17990]: # of matches found 15732 and it took: 24709.7ms
query [17991]: # of matches found 15798 and it took: 24809.3ms
query [17992]: # of matches found 16164 and it took: 24970.8ms
query [17993]: # of matches found 16190 and it took: 24890.4ms
query [17994]: # of matches found 16195 and it took: 24834.1ms
query [17995]: # of matches found 16249 and it took: 24794.7ms
query [17996]: # of matches found 16275 and it took: 25538.3ms
query [17997]: # of matches found 16350 and it took: 24743.1ms
query [17998]: # of matches found 16363 and it took: 25649.1ms
query [17999]: # of matches found 16383 and it took: 24786.8ms
PARMIK's matches per query up to q (1000) => [average: 17899, median: 16856, sum: 17899383]
Starting alignment for all queries [rev]...
queryBaseIndex: 17000
query [17000]: # of matches found 441511 and it took: 26337.9ms
query [17001]: # of matches found 441493 and it took: 26322.7ms
query [17002]: # of matches found 441427 and it took: 26350.1ms
query [17003]: # of matches found 441410 and it took: 26825.8ms
query [17004]: # of matches found 441394 and it took: 26780.6ms
query [17005]: # of matches found 441318 and it took: 26894.6ms
query [17006]: # of matches found 441317 and it took: 26694.7ms
query [17007]: # of matches found 441288 and it took: 27123.6ms
query [17008]: # of matches found 441337 and it took: 26966.7ms
query [17009]: # of matches found 441364 and it took: 26620.2ms
query [17010]: # of matches found 441528 and it took: 26884.9ms
query [17011]: # of matches found 441474 and it took: 27252.8ms
query [17012]: # of matches found 441462 and it took: 27045.2ms
query [17013]: # of matches found 441493 and it took: 27257.3ms
query [17014]: # of matches found 441487 and it took: 26978.2ms
query [17015]: # of matches found 441524 and it took: 27066.1ms
query [17016]: # of matches found 441613 and it took: 27207.6ms
query [17017]: # of matches found 441711 and it took: 26844.9ms
query [17018]: # of matches found 441745 and it took: 27050.5ms
query [17019]: # of matches found 441718 and it took: 26964.7ms
query [17020]: # of matches found 441715 and it took: 27512.4ms
query [17021]: # of matches found 441673 and it took: 28030.8ms
query [17022]: # of matches found 441684 and it took: 27646.1ms
query [17023]: # of matches found 441667 and it took: 27992.9ms
query [17024]: # of matches found 441714 and it took: 27810.6ms
query [17025]: # of matches found 441692 and it took: 27967.8ms
query [17026]: # of matches found 441609 and it took: 28162.5ms
query [17027]: # of matches found 442231 and it took: 27761.6ms
query [17028]: # of matches found 442254 and it took: 27819.6ms
query [17029]: # of matches found 442411 and it took: 27561.2ms
query [17030]: # of matches found 442433 and it took: 28173.2ms
query [17031]: # of matches found 442312 and it took: 28082.6ms
query [17032]: # of matches found 441892 and it took: 28128.2ms
query [17033]: # of matches found 441896 and it took: 28143ms
query [17034]: # of matches found 441919 and it took: 28052.5ms
query [17035]: # of matches found 441867 and it took: 28110ms
query [17036]: # of matches found 441604 and it took: 28446.2ms
query [17037]: # of matches found 441449 and it took: 28218.7ms
query [17038]: # of matches found 441140 and it took: 28276.3ms
query [17039]: # of matches found 441010 and it took: 28544.5ms
query [17040]: # of matches found 444108 and it took: 28949.7ms
query [17041]: # of matches found 444095 and it took: 28805.6ms
query [17042]: # of matches found 444026 and it took: 29219.9ms
query [17043]: # of matches found 443977 and it took: 28830.4ms
query [17044]: # of matches found 444323 and it took: 28789.7ms
query [17045]: # of matches found 444397 and it took: 28886.2ms
query [17046]: # of matches found 444453 and it took: 29105.1ms
query [17047]: # of matches found 444461 and it took: 29725.3ms
query [17048]: # of matches found 444432 and it took: 29753.7ms
query [17049]: # of matches found 444414 and it took: 29321.4ms
query [17050]: # of matches found 444373 and it took: 29803.5ms
query [17051]: # of matches found 444446 and it took: 29861.7ms
query [17052]: # of matches found 444360 and it took: 30586.7ms
query [17053]: # of matches found 444491 and it took: 30410.7ms
query [17054]: # of matches found 444559 and it took: 30071.6ms
query [17055]: # of matches found 444589 and it took: 30042.2ms
query [17056]: # of matches found 444571 and it took: 30161ms
query [17057]: # of matches found 444632 and it took: 29436.3ms
query [17058]: # of matches found 445463 and it took: 29567.2ms
query [17059]: # of matches found 445856 and it took: 29026.1ms
query [17060]: # of matches found 446691 and it took: 30051.8ms
query [17061]: # of matches found 446787 and it took: 29495ms
query [17062]: # of matches found 446882 and it took: 29259.8ms
query [17063]: # of matches found 446918 and it took: 29867.6ms
query [17064]: # of matches found 446889 and it took: 29936.1ms
query [17065]: # of matches found 446862 and it took: 29261.3ms
query [17066]: # of matches found 446863 and it took: 29856.6ms
query [17067]: # of matches found 447345 and it took: 29634.9ms
query [17068]: # of matches found 446722 and it took: 28797.5ms
query [17069]: # of matches found 16852 and it took: 28916.6ms
query [17070]: # of matches found 16859 and it took: 29653.4ms
query [17071]: # of matches found 16852 and it took: 29350.8ms
query [17072]: # of matches found 16832 and it took: 29311.5ms
query [17073]: # of matches found 16888 and it took: 28320.3ms
query [17074]: # of matches found 16949 and it took: 29179.1ms
query [17075]: # of matches found 16942 and it took: 27927.5ms
query [17076]: # of matches found 16919 and it took: 28259.3ms
query [17077]: # of matches found 16936 and it took: 27626.5ms
query [17078]: # of matches found 16946 and it took: 27603.1ms
query [17079]: # of matches found 16863 and it took: 27622.9ms
query [17080]: # of matches found 16569 and it took: 27594.8ms
query [17081]: # of matches found 16375 and it took: 27023.9ms
query [17082]: # of matches found 16302 and it took: 27360.5ms
query [17083]: # of matches found 16207 and it took: 27052.2ms
query [17084]: # of matches found 16184 and it took: 27183ms
query [17085]: # of matches found 16218 and it took: 27115.3ms
query [17086]: # of matches found 16073 and it took: 27244ms
query [17087]: # of matches found 16222 and it took: 26780.1ms
query [17088]: # of matches found 17712 and it took: 27080.5ms
query [17089]: # of matches found 17337 and it took: 26676.5ms
query [17090]: # of matches found 17332 and it took: 26773.2ms
query [17091]: # of matches found 17335 and it took: 26555.9ms
query [17092]: # of matches found 17373 and it took: 26834ms
query [17093]: # of matches found 17355 and it took: 26579.2ms
query [17094]: # of matches found 17268 and it took: 28256ms
query [17095]: # of matches found 17298 and it took: 27362.1ms
query [17096]: # of matches found 17337 and it took: 27510.9ms
query [17097]: # of matches found 17144 and it took: 27139.8ms
query [17098]: # of matches found 17202 and it took: 26589.5ms
query [17099]: # of matches found 17309 and it took: 26424.4ms
query [17100]: # of matches found 17735 and it took: 26795.4ms
query [17101]: # of matches found 17726 and it took: 26536.9ms
query [17102]: # of matches found 18133 and it took: 26782ms
query [17103]: # of matches found 18127 and it took: 26579.5ms
query [17104]: # of matches found 18159 and it took: 26619.5ms
query [17105]: # of matches found 18281 and it took: 26615.4ms
query [17106]: # of matches found 18205 and it took: 26841.3ms
query [17107]: # of matches found 18206 and it took: 26517.6ms
query [17108]: # of matches found 18208 and it took: 26449.7ms
query [17109]: # of matches found 18195 and it took: 26440.8ms
query [17110]: # of matches found 18173 and it took: 26657.5ms
query [17111]: # of matches found 18261 and it took: 26528.4ms
query [17112]: # of matches found 18410 and it took: 26772.9ms
query [17113]: # of matches found 18884 and it took: 26462.6ms
query [17114]: # of matches found 18899 and it took: 26554.1ms
query [17115]: # of matches found 18960 and it took: 26708.4ms
query [17116]: # of matches found 19049 and it took: 27103.7ms
query [17117]: # of matches found 19103 and it took: 25881.8ms
query [17118]: # of matches found 19160 and it took: 26756.9ms
query [17119]: # of matches found 19238 and it took: 26571.2ms
query [17120]: # of matches found 22116 and it took: 26510.4ms
query [17121]: # of matches found 22225 and it took: 26553.2ms
query [17122]: # of matches found 22531 and it took: 25657.8ms
query [17123]: # of matches found 22710 and it took: 26165.5ms
query [17124]: # of matches found 22712 and it took: 25824.5ms
query [17125]: # of matches found 22785 and it took: 25578.3ms
query [17126]: # of matches found 22796 and it took: 25884.1ms
query [17127]: # of matches found 22933 and it took: 25709.5ms
query [17128]: # of matches found 23023 and it took: 26112ms
query [17129]: # of matches found 23234 and it took: 25688ms
query [17130]: # of matches found 23263 and it took: 26073.3ms
query [17131]: # of matches found 23293 and it took: 25734.5ms
query [17132]: # of matches found 23368 and it took: 25457.4ms
query [17133]: # of matches found 23230 and it took: 25268.1ms
query [17134]: # of matches found 23032 and it took: 25479.4ms
query [17135]: # of matches found 22847 and it took: 25262ms
query [17136]: # of matches found 22833 and it took: 25514.9ms
query [17137]: # of matches found 22871 and it took: 25725.7ms
query [17138]: # of matches found 22853 and it took: 25082.3ms
query [17139]: # of matches found 23031 and it took: 25421.7ms
query [17140]: # of matches found 23069 and it took: 24890.1ms
query [17141]: # of matches found 23232 and it took: 25176.4ms
query [17142]: # of matches found 23263 and it took: 24971ms
query [17143]: # of matches found 23371 and it took: 25164.9ms
query [17144]: # of matches found 23447 and it took: 25234.9ms
query [17145]: # of matches found 23465 and it took: 25088.8ms
query [17146]: # of matches found 23481 and it took: 24620.6ms
query [17147]: # of matches found 23508 and it took: 24510.6ms
query [17148]: # of matches found 23501 and it took: 24570.3ms
query [17149]: # of matches found 23460 and it took: 24774.9ms
query [17150]: # of matches found 23217 and it took: 24859.4ms
query [17151]: # of matches found 23228 and it took: 24787ms
query [17152]: # of matches found 23222 and it took: 24200.1ms
query [17153]: # of matches found 23163 and it took: 24714.5ms
query [17154]: # of matches found 23158 and it took: 24428.3ms
query [17155]: # of matches found 23087 and it took: 24258ms
query [17156]: # of matches found 23036 and it took: 24778.2ms
query [17157]: # of matches found 22885 and it took: 24658.8ms
query [17158]: # of matches found 22873 and it took: 24624ms
query [17159]: # of matches found 22914 and it took: 24530.1ms
query [17160]: # of matches found 22969 and it took: 23890.7ms
query [17161]: # of matches found 23503 and it took: 24340.3ms
query [17162]: # of matches found 23491 and it took: 24226.3ms
query [17163]: # of matches found 23576 and it took: 24081.7ms
query [17164]: # of matches found 23624 and it took: 24201ms
query [17165]: # of matches found 23725 and it took: 24071.6ms
query [17166]: # of matches found 23696 and it took: 24062.3ms
query [17167]: # of matches found 23560 and it took: 23382.9ms
query [17168]: # of matches found 23009 and it took: 23723.7ms
query [17169]: # of matches found 22849 and it took: 24150.1ms
query [17170]: # of matches found 22672 and it took: 23828.2ms
query [17171]: # of matches found 22671 and it took: 23684.9ms
query [17172]: # of matches found 22693 and it took: 23312.6ms
query [17173]: # of matches found 22660 and it took: 23583.5ms
query [17174]: # of matches found 22604 and it took: 23662.2ms
query [17175]: # of matches found 22659 and it took: 23129.5ms
query [17176]: # of matches found 22629 and it took: 23923.7ms
query [17177]: # of matches found 22688 and it took: 23369.4ms
query [17178]: # of matches found 22703 and it took: 23709.8ms
query [17179]: # of matches found 22760 and it took: 23197.3ms
query [17180]: # of matches found 19690 and it took: 23332ms
query [17181]: # of matches found 19692 and it took: 23810.2ms
query [17182]: # of matches found 19673 and it took: 23143.2ms
query [17183]: # of matches found 19807 and it took: 23158.8ms
query [17184]: # of matches found 19736 and it took: 23551.5ms
query [17185]: # of matches found 19709 and it took: 23512.8ms
query [17186]: # of matches found 19287 and it took: 23990.9ms
query [17187]: # of matches found 19886 and it took: 23886.1ms
query [17188]: # of matches found 20038 and it took: 24064.9ms
query [17189]: # of matches found 20128 and it took: 24198.2ms
query [17190]: # of matches found 20254 and it took: 23842.3ms
query [17191]: # of matches found 20448 and it took: 24219.8ms
query [17192]: # of matches found 20459 and it took: 23458.9ms
query [17193]: # of matches found 20295 and it took: 24098.2ms
query [17194]: # of matches found 20280 and it took: 23834.4ms
query [17195]: # of matches found 20184 and it took: 24104.4ms
query [17196]: # of matches found 20140 and it took: 23813.8ms
query [17197]: # of matches found 20131 and it took: 24373.1ms
query [17198]: # of matches found 19550 and it took: 24359.6ms
query [17199]: # of matches found 19105 and it took: 24404.7ms
query [17200]: # of matches found 18090 and it took: 23856.6ms
query [17201]: # of matches found 17926 and it took: 24618.3ms
query [17202]: # of matches found 17780 and it took: 24406.1ms
query [17203]: # of matches found 17730 and it took: 24453.7ms
query [17204]: # of matches found 17771 and it took: 23770.9ms
query [17205]: # of matches found 17828 and it took: 24589ms
query [17206]: # of matches found 17906 and it took: 24564.3ms
query [17207]: # of matches found 17407 and it took: 24150.3ms
query [17208]: # of matches found 17514 and it took: 24205ms
query [17209]: # of matches found 17543 and it took: 24757.9ms
query [17210]: # of matches found 17522 and it took: 24653.8ms
query [17211]: # of matches found 17646 and it took: 24898.5ms
query [17212]: # of matches found 17710 and it took: 24602.6ms
query [17213]: # of matches found 17829 and it took: 24930.9ms
query [17214]: # of matches found 17990 and it took: 24656.7ms
query [17215]: # of matches found 18084 and it took: 24627ms
query [17216]: # of matches found 18100 and it took: 24638.9ms
query [17217]: # of matches found 18189 and it took: 23702.6ms
query [17218]: # of matches found 18366 and it took: 24641.1ms
query [17219]: # of matches found 18400 and it took: 24610.7ms
query [17220]: # of matches found 18477 and it took: 23766.8ms
query [17221]: # of matches found 18582 and it took: 24681.4ms
query [17222]: # of matches found 18639 and it took: 23941.9ms
query [17223]: # of matches found 18613 and it took: 23711ms
query [17224]: # of matches found 18585 and it took: 24658.6ms
query [17225]: # of matches found 18536 and it took: 23613.6ms
query [17226]: # of matches found 18893 and it took: 23958.5ms
query [17227]: # of matches found 18720 and it took: 24380.6ms
query [17228]: # of matches found 17697 and it took: 24495.1ms
query [17229]: # of matches found 17696 and it took: 24542.1ms
query [17230]: # of matches found 17719 and it took: 24596.1ms
query [17231]: # of matches found 17721 and it took: 24049.4ms
query [17232]: # of matches found 17764 and it took: 23747.9ms
query [17233]: # of matches found 17792 and it took: 24543.8ms
query [17234]: # of matches found 17846 and it took: 24474.9ms
query [17235]: # of matches found 17838 and it took: 23754.7ms
query [17236]: # of matches found 17889 and it took: 24394.7ms
query [17237]: # of matches found 17949 and it took: 24831.8ms
query [17238]: # of matches found 18073 and it took: 23687.5ms
query [17239]: # of matches found 17983 and it took: 24129.1ms
query [17240]: # of matches found 17754 and it took: 24185.5ms
query [17241]: # of matches found 17601 and it took: 23508.4ms
query [17242]: # of matches found 16940 and it took: 24166.7ms
query [17243]: # of matches found 16986 and it took: 24085.4ms
query [17244]: # of matches found 17001 and it took: 23573.4ms
query [17245]: # of matches found 16918 and it took: 24076.4ms
query [17246]: # of matches found 16971 and it took: 24099ms
query [17247]: # of matches found 17092 and it took: 23221.1ms
query [17248]: # of matches found 17215 and it took: 23987.2ms
query [17249]: # of matches found 17264 and it took: 24061.7ms
query [17250]: # of matches found 18170 and it took: 23957.6ms
query [17251]: # of matches found 18485 and it took: 23215.8ms
query [17252]: # of matches found 18507 and it took: 24090.3ms
query [17253]: # of matches found 18071 and it took: 24050.2ms
query [17254]: # of matches found 18037 and it took: 23911.9ms
query [17255]: # of matches found 18058 and it took: 24062.9ms
query [17256]: # of matches found 18019 and it took: 23482.1ms
query [17257]: # of matches found 18046 and it took: 24074ms
query [17258]: # of matches found 17999 and it took: 24031.4ms
query [17259]: # of matches found 17938 and it took: 24227.5ms
query [17260]: # of matches found 15098 and it took: 24562.3ms
query [17261]: # of matches found 14983 and it took: 23796ms
query [17262]: # of matches found 14748 and it took: 24333.2ms
query [17263]: # of matches found 14552 and it took: 24300.4ms
query [17264]: # of matches found 14461 and it took: 24199.9ms
query [17265]: # of matches found 14466 and it took: 23809ms
query [17266]: # of matches found 14403 and it took: 24182.7ms
query [17267]: # of matches found 14170 and it took: 24495.3ms
query [17268]: # of matches found 14075 and it took: 24448ms
query [17269]: # of matches found 13950 and it took: 23951.8ms
query [17270]: # of matches found 13821 and it took: 24780.6ms
query [17271]: # of matches found 13784 and it took: 24181.1ms
query [17272]: # of matches found 13700 and it took: 25235.9ms
query [17273]: # of matches found 13625 and it took: 24781.2ms
query [17274]: # of matches found 13568 and it took: 24744.8ms
query [17275]: # of matches found 13548 and it took: 24975.1ms
query [17276]: # of matches found 13517 and it took: 24405.6ms
query [17277]: # of matches found 13488 and it took: 24967.6ms
query [17278]: # of matches found 13479 and it took: 24864.6ms
query [17279]: # of matches found 13453 and it took: 24211.1ms
query [17280]: # of matches found 13392 and it took: 25077.8ms
query [17281]: # of matches found 13287 and it took: 24358.7ms
query [17282]: # of matches found 13325 and it took: 25496.5ms
query [17283]: # of matches found 13320 and it took: 25528.2ms
query [17284]: # of matches found 13284 and it took: 25083.6ms
query [17285]: # of matches found 13289 and it took: 25393.3ms
query [17286]: # of matches found 13276 and it took: 25122.5ms
query [17287]: # of matches found 13534 and it took: 24827.7ms
query [17288]: # of matches found 13569 and it took: 25167.2ms
query [17289]: # of matches found 13655 and it took: 25171.9ms
query [17290]: # of matches found 13667 and it took: 25183.8ms
query [17291]: # of matches found 13689 and it took: 24992ms
query [17292]: # of matches found 13691 and it took: 25069.6ms
query [17293]: # of matches found 13764 and it took: 25000.3ms
query [17294]: # of matches found 13843 and it took: 25300.2ms
query [17295]: # of matches found 13938 and it took: 25489.1ms
query [17296]: # of matches found 13964 and it took: 26032.9ms
query [17297]: # of matches found 13975 and it took: 25011.5ms
query [17298]: # of matches found 13945 and it took: 25080.3ms
query [17299]: # of matches found 13940 and it took: 25985ms
query [17300]: # of matches found 13891 and it took: 25975.9ms
query [17301]: # of matches found 13381 and it took: 25722.2ms
query [17302]: # of matches found 13356 and it took: 25894.3ms
query [17303]: # of matches found 13454 and it took: 26128.8ms
query [17304]: # of matches found 13421 and it took: 26374.9ms
query [17305]: # of matches found 13277 and it took: 26120.5ms
query [17306]: # of matches found 13279 and it took: 26006.4ms
query [17307]: # of matches found 13270 and it took: 25499.7ms
query [17308]: # of matches found 13287 and it took: 25558.9ms
query [17309]: # of matches found 13319 and it took: 26793.4ms
query [17310]: # of matches found 13436 and it took: 26468.9ms
query [17311]: # of matches found 13781 and it took: 26096.5ms
query [17312]: # of matches found 14163 and it took: 26390.4ms
query [17313]: # of matches found 14478 and it took: 26701.8ms
query [17314]: # of matches found 14511 and it took: 26533.9ms
query [17315]: # of matches found 14643 and it took: 27013.7ms
query [17316]: # of matches found 15305 and it took: 27067.6ms
query [17317]: # of matches found 15255 and it took: 26684.5ms
query [17318]: # of matches found 15309 and it took: 26395ms
query [17319]: # of matches found 15248 and it took: 27437.4ms
query [17320]: # of matches found 15253 and it took: 26679ms
query [17321]: # of matches found 15213 and it took: 27300.3ms
query [17322]: # of matches found 15243 and it took: 27247.4ms
query [17323]: # of matches found 15122 and it took: 27275.1ms
query [17324]: # of matches found 15142 and it took: 27134.9ms
query [17325]: # of matches found 15162 and it took: 27412.5ms
query [17326]: # of matches found 15163 and it took: 28439.6ms
query [17327]: # of matches found 15130 and it took: 27565.4ms
query [17328]: # of matches found 14413 and it took: 27507.2ms
query [17329]: # of matches found 14333 and it took: 28058.7ms
query [17330]: # of matches found 14199 and it took: 27609.5ms
query [17331]: # of matches found 14037 and it took: 28467ms
query [17332]: # of matches found 13924 and it took: 26923.6ms
query [17333]: # of matches found 13859 and it took: 26842.1ms
query [17334]: # of matches found 13874 and it took: 27712.7ms
query [17335]: # of matches found 13826 and it took: 27136.8ms
query [17336]: # of matches found 13824 and it took: 27723ms
query [17337]: # of matches found 13783 and it took: 27276.5ms
query [17338]: # of matches found 13729 and it took: 27772.8ms
query [17339]: # of matches found 13698 and it took: 27722.8ms
query [17340]: # of matches found 13936 and it took: 26915.5ms
query [17341]: # of matches found 13925 and it took: 28740.2ms
query [17342]: # of matches found 13901 and it took: 28106.6ms
query [17343]: # of matches found 13909 and it took: 27336.5ms
query [17344]: # of matches found 13853 and it took: 28025ms
query [17345]: # of matches found 13767 and it took: 28118.9ms
query [17346]: # of matches found 13937 and it took: 29147.2ms
query [17347]: # of matches found 14115 and it took: 28616.4ms
query [17348]: # of matches found 14035 and it took: 28646.5ms
query [17349]: # of matches found 14033 and it took: 28815.2ms
query [17350]: # of matches found 14000 and it took: 29187.3ms
query [17351]: # of matches found 13961 and it took: 29257.1ms
query [17352]: # of matches found 13960 and it took: 29563.4ms
query [17353]: # of matches found 13890 and it took: 29428.4ms
query [17354]: # of matches found 13678 and it took: 29267.7ms
query [17355]: # of matches found 13959 and it took: 29309.7ms
query [17356]: # of matches found 14104 and it took: 28977.1ms
query [17357]: # of matches found 14133 and it took: 28728.3ms
query [17358]: # of matches found 14131 and it took: 29006.7ms
query [17359]: # of matches found 14034 and it took: 29013.8ms
query [17360]: # of matches found 13935 and it took: 29056.7ms
query [17361]: # of matches found 13918 and it took: 29174.8ms
query [17362]: # of matches found 13935 and it took: 29217ms
query [17363]: # of matches found 14019 and it took: 29085.4ms
query [17364]: # of matches found 14090 and it took: 29276.9ms
query [17365]: # of matches found 14145 and it took: 29392.9ms
query [17366]: # of matches found 13777 and it took: 29298.4ms
query [17367]: # of matches found 13771 and it took: 28463ms
query [17368]: # of matches found 13260 and it took: 29650.3ms
query [17369]: # of matches found 13255 and it took: 29394.9ms
query [17370]: # of matches found 13231 and it took: 29490.2ms
query [17371]: # of matches found 13220 and it took: 29699.4ms
query [17372]: # of matches found 13161 and it took: 29702.7ms
query [17373]: # of matches found 13145 and it took: 29821ms
query [17374]: # of matches found 13090 and it took: 29852.3ms
query [17375]: # of matches found 13044 and it took: 29722.5ms
query [17376]: # of matches found 13019 and it took: 29593ms
query [17377]: # of matches found 13023 and it took: 29673.3ms
query [17378]: # of matches found 12986 and it took: 29554.5ms
query [17379]: # of matches found 12986 and it took: 29581ms
query [17380]: # of matches found 12926 and it took: 29534.2ms
query [17381]: # of matches found 13304 and it took: 29989.6ms
query [17382]: # of matches found 13356 and it took: 30625.6ms
query [17383]: # of matches found 13327 and it took: 30181.7ms
query [17384]: # of matches found 13279 and it took: 28877.6ms
query [17385]: # of matches found 13180 and it took: 30307.1ms
query [17386]: # of matches found 13013 and it took: 30328.9ms
query [17387]: # of matches found 12958 and it took: 29571.7ms
query [17388]: # of matches found 12678 and it took: 29499.5ms
query [17389]: # of matches found 12625 and it took: 29490.7ms
query [17390]: # of matches found 11693 and it took: 29536.6ms
query [17391]: # of matches found 11304 and it took: 29562.9ms
query [17392]: # of matches found 11193 and it took: 30097.4ms
query [17393]: # of matches found 11191 and it took: 29292.1ms
query [17394]: # of matches found 11150 and it took: 29067.1ms
query [17395]: # of matches found 11298 and it took: 28194.4ms
query [17396]: # of matches found 11300 and it took: 29112.4ms
query [17397]: # of matches found 11257 and it took: 28440.1ms
query [17398]: # of matches found 11387 and it took: 28857.3ms
query [17399]: # of matches found 11427 and it took: 28694.6ms
query [17400]: # of matches found 11448 and it took: 28721.7ms
query [17401]: # of matches found 11498 and it took: 28940.5ms
query [17402]: # of matches found 11475 and it took: 28817ms
query [17403]: # of matches found 11500 and it took: 28348ms
query [17404]: # of matches found 11552 and it took: 28863.5ms
query [17405]: # of matches found 11485 and it took: 28477.3ms
query [17406]: # of matches found 11486 and it took: 29174.6ms
query [17407]: # of matches found 11530 and it took: 28727.8ms
query [17408]: # of matches found 11673 and it took: 28396.1ms
query [17409]: # of matches found 11819 and it took: 29133ms
query [17410]: # of matches found 11930 and it took: 27203.4ms
query [17411]: # of matches found 12243 and it took: 27780.5ms
query [17412]: # of matches found 12349 and it took: 28581.2ms
query [17413]: # of matches found 12355 and it took: 28499.9ms
query [17414]: # of matches found 12573 and it took: 28228.1ms
query [17415]: # of matches found 12721 and it took: 28632.2ms
query [17416]: # of matches found 12787 and it took: 27674ms
query [17417]: # of matches found 13263 and it took: 27572.3ms
query [17418]: # of matches found 13920 and it took: 27659.6ms
query [17419]: # of matches found 14038 and it took: 27496.9ms
query [17420]: # of matches found 14128 and it took: 27459.9ms
query [17421]: # of matches found 14292 and it took: 28222.8ms
query [17422]: # of matches found 14135 and it took: 28084.2ms
query [17423]: # of matches found 14236 and it took: 27933.5ms
query [17424]: # of matches found 14244 and it took: 27571.9ms
query [17425]: # of matches found 14330 and it took: 27562.7ms
query [17426]: # of matches found 14633 and it took: 27388.6ms
query [17427]: # of matches found 14655 and it took: 27131.9ms
query [17428]: # of matches found 14420 and it took: 27531.3ms
query [17429]: # of matches found 14423 and it took: 28201.8ms
query [17430]: # of matches found 14426 and it took: 27480.8ms
query [17431]: # of matches found 14497 and it took: 27388.5ms
query [17432]: # of matches found 14507 and it took: 27336.9ms
query [17433]: # of matches found 14447 and it took: 27602.6ms
query [17434]: # of matches found 14595 and it took: 27418.1ms
query [17435]: # of matches found 14567 and it took: 26896.9ms
query [17436]: # of matches found 15257 and it took: 26470.5ms
query [17437]: # of matches found 15290 and it took: 26864.6ms
query [17438]: # of matches found 15332 and it took: 27487.6ms
query [17439]: # of matches found 15381 and it took: 26732.1ms
query [17440]: # of matches found 15423 and it took: 26327.9ms
query [17441]: # of matches found 15442 and it took: 26923.3ms
query [17442]: # of matches found 15453 and it took: 27382.7ms
query [17443]: # of matches found 15288 and it took: 27003.1ms
query [17444]: # of matches found 15264 and it took: 26810.2ms
query [17445]: # of matches found 15262 and it took: 27097.3ms
query [17446]: # of matches found 15248 and it took: 26552.2ms
query [17447]: # of matches found 15234 and it took: 26459ms
query [17448]: # of matches found 15262 and it took: 26915ms
query [17449]: # of matches found 15521 and it took: 26734.6ms
query [17450]: # of matches found 15456 and it took: 27193.5ms
query [17451]: # of matches found 15142 and it took: 27185.6ms
query [17452]: # of matches found 14774 and it took: 26844.6ms
query [17453]: # of matches found 14421 and it took: 26365.5ms
query [17454]: # of matches found 14427 and it took: 26945.9ms
query [17455]: # of matches found 14363 and it took: 27460.4ms
query [17456]: # of matches found 13788 and it took: 26086.9ms
query [17457]: # of matches found 13691 and it took: 26528.1ms
query [17458]: # of matches found 14004 and it took: 26372.4ms
query [17459]: # of matches found 14009 and it took: 26138.8ms
query [17460]: # of matches found 14635 and it took: 26163.5ms
query [17461]: # of matches found 14662 and it took: 25988.9ms
query [17462]: # of matches found 14692 and it took: 26314.3ms
query [17463]: # of matches found 14914 and it took: 25739.6ms
query [17464]: # of matches found 14941 and it took: 25806.7ms
query [17465]: # of matches found 14998 and it took: 26138.4ms
query [17466]: # of matches found 15031 and it took: 26443.2ms
query [17467]: # of matches found 15071 and it took: 25661.7ms
query [17468]: # of matches found 15636 and it took: 26124.2ms
query [17469]: # of matches found 15662 and it took: 27151.5ms
query [17470]: # of matches found 15691 and it took: 25624.7ms
query [17471]: # of matches found 15712 and it took: 26376.7ms
query [17472]: # of matches found 15789 and it took: 26193.7ms
query [17473]: # of matches found 15828 and it took: 25915.7ms
query [17474]: # of matches found 15823 and it took: 25930.3ms
query [17475]: # of matches found 15835 and it took: 26077.5ms
query [17476]: # of matches found 15844 and it took: 25732.6ms
query [17477]: # of matches found 16186 and it took: 25857.2ms
query [17478]: # of matches found 16206 and it took: 26077.8ms
query [17479]: # of matches found 16213 and it took: 25868.5ms
query [17480]: # of matches found 16208 and it took: 26001.7ms
query [17481]: # of matches found 16270 and it took: 26031.8ms
query [17482]: # of matches found 16308 and it took: 25881ms
query [17483]: # of matches found 16346 and it took: 25775.2ms
query [17484]: # of matches found 16394 and it took: 25790.4ms
query [17485]: # of matches found 16501 and it took: 25833.7ms
query [17486]: # of matches found 16251 and it took: 25456.3ms
query [17487]: # of matches found 16219 and it took: 26333.8ms
query [17488]: # of matches found 16252 and it took: 25861.7ms
query [17489]: # of matches found 16830 and it took: 26692ms
query [17490]: # of matches found 16822 and it took: 25894.4ms
query [17491]: # of matches found 16785 and it took: 26678.1ms
query [17492]: # of matches found 16735 and it took: 26170.4ms
query [17493]: # of matches found 16708 and it took: 25670.3ms
query [17494]: # of matches found 16642 and it took: 25547.3ms
query [17495]: # of matches found 16250 and it took: 25507.2ms
query [17496]: # of matches found 16028 and it took: 26498.3ms
query [17497]: # of matches found 16045 and it took: 26680.8ms
query [17498]: # of matches found 16050 and it took: 25441ms
query [17499]: # of matches found 16049 and it took: 25652.3ms
query [17500]: # of matches found 15935 and it took: 26301.6ms
query [17501]: # of matches found 15917 and it took: 25581.1ms
query [17502]: # of matches found 15899 and it took: 26434.4ms
query [17503]: # of matches found 15778 and it took: 26830.4ms
query [17504]: # of matches found 15685 and it took: 26325.9ms
query [17505]: # of matches found 15771 and it took: 25628.7ms
query [17506]: # of matches found 17820 and it took: 25712.5ms
query [17507]: # of matches found 17954 and it took: 26164.7ms
query [17508]: # of matches found 18382 and it took: 25705.2ms
query [17509]: # of matches found 18478 and it took: 25966.7ms
query [17510]: # of matches found 19723 and it took: 25611.8ms
query [17511]: # of matches found 19854 and it took: 25856.5ms
query [17512]: # of matches found 20414 and it took: 26519.8ms
query [17513]: # of matches found 20738 and it took: 25878.9ms
query [17514]: # of matches found 20848 and it took: 26459.5ms
query [17515]: # of matches found 24108 and it took: 25984.8ms
query [17516]: # of matches found 24320 and it took: 25698ms
query [17517]: # of matches found 24365 and it took: 26166.5ms
query [17518]: # of matches found 24474 and it took: 25555.9ms
query [17519]: # of matches found 24454 and it took: 25071.2ms
query [17520]: # of matches found 24423 and it took: 25228.6ms
query [17521]: # of matches found 23878 and it took: 25501.9ms
query [17522]: # of matches found 23808 and it took: 25646.1ms
query [17523]: # of matches found 23802 and it took: 24964.3ms
query [17524]: # of matches found 23820 and it took: 25233.5ms
query [17525]: # of matches found 23869 and it took: 25002.4ms
query [17526]: # of matches found 23873 and it took: 25252.3ms
query [17527]: # of matches found 23925 and it took: 25420.2ms
query [17528]: # of matches found 23962 and it took: 25390.9ms
query [17529]: # of matches found 23977 and it took: 25395.8ms
query [17530]: # of matches found 23981 and it took: 25240.5ms
query [17531]: # of matches found 23986 and it took: 25844.9ms
query [17532]: # of matches found 23991 and it took: 24973.4ms
query [17533]: # of matches found 23990 and it took: 25226.8ms
query [17534]: # of matches found 24025 and it took: 24601.9ms
query [17535]: # of matches found 23821 and it took: 25472.4ms
query [17536]: # of matches found 23819 and it took: 24727.7ms
query [17537]: # of matches found 23784 and it took: 25009.2ms
query [17538]: # of matches found 23845 and it took: 24778.1ms
query [17539]: # of matches found 23742 and it took: 24872.1ms
query [17540]: # of matches found 23708 and it took: 24987ms
query [17541]: # of matches found 23762 and it took: 24458ms
