no kmerRangesFileAddressArg!
no otherToolArg!
**********************CONFIGURATIONS*****************************
PARMIK mode:                  3
readDatabaseAddress:          /p/lava/parmik/partialMatcherProject/datasets/metagenomicDB/SRR14381434/SRR14381434_reads
readFileName:                 SRR14381434_reads
queryFileAddress:             /p/lava/parmik/partialMatcherProject/datasets/queryFiles/covidQueryFiles/NC_045512_chunks/NC_045512_queries_23000-23999
queryFileName:                NC_045512_queries_23000-23999
otherToolOutputFileAddress:   /u/rgq5aw/GIT/PARMIK/partialMatcherProject/tools/blast/SRR14381434/NC_045512/blastn_ws30_results.out
outputDir:                    /p/lava/parmik/partialMatcherProject/tools/baseline_ssw/SRR14381434/NC_045512
penaltyFileAddress:           /u/rgq5aw/GIT/PARMIK/experiments/parmik/CK_SSW_ID_PRCNTG/PenaltySets/2484_1111_2444_2288_2848
kmerRangesFileAddress:        
readsCount:                   17000000
queryCount:                   30000
kmerLength:                   11
regionSize:                   48
cheapKmerThreshold:           0
identityPercentage:           0.85
minExactMatchLen:             0
minNumExactMatchKmer:         0
isIndexOffline:               1
offlineIndexAddress:          /p/lava/parmik/partialMatcherProject/tools/parmik/CK_INDEX/SRR14381434/
max editDistance in min region: 2
**********************CONFIGURATIONS*****************************
--------------Penalties--------------
m: 2, s: 4, go: 8, ge: 4
m: 1, s: 1, go: 1, ge: 1
m: 2, s: 4, go: 4, ge: 4
m: 2, s: 2, go: 8, ge: 8
m: 2, s: 8, go: 4, ge: 8
------------------------------------
numberOfReadsWithN : 0
queryCount : 1000
numberOfReadsWithN : 0
readCount : 9488668
offlineCheapIndexAddress: /p/lava/parmik/partialMatcherProject/tools/parmik/CK_INDEX/SRR14381434/ck_T0_K11_r17000000
pmrkAlignmentsAddress: /p/lava/parmik/partialMatcherProject/tools/baseline_ssw/SRR14381434/NC_045512/aln/pmAln_R48_PI85_L0_M0_E2_K11_T0_P_2484_1111_2444_2288_2848.txt
Starting alignment for all queries [fwd]...
queryBaseIndex: 23000
query [23000]: # of matches found 14944 and it took: 53114.5ms
query [23001]: # of matches found 14920 and it took: 53143.2ms
query [23002]: # of matches found 14988 and it took: 52682.5ms
query [23003]: # of matches found 14994 and it took: 53098.4ms
query [23004]: # of matches found 15001 and it took: 53120.5ms
query [23005]: # of matches found 14781 and it took: 53356.8ms
query [23006]: # of matches found 14078 and it took: 53417.3ms
query [23007]: # of matches found 13829 and it took: 53216.2ms
query [23008]: # of matches found 13642 and it took: 52998.2ms
query [23009]: # of matches found 13503 and it took: 53242ms
query [23010]: # of matches found 11912 and it took: 53334.9ms
query [23011]: # of matches found 11877 and it took: 53370.6ms
query [23012]: # of matches found 11852 and it took: 53155.7ms
query [23013]: # of matches found 11860 and it took: 53533.3ms
query [23014]: # of matches found 11839 and it took: 53628.7ms
query [23015]: # of matches found 11882 and it took: 53573.2ms
query [23016]: # of matches found 12019 and it took: 53755.3ms
query [23017]: # of matches found 11972 and it took: 53429.2ms
query [23018]: # of matches found 11930 and it took: 53334.1ms
query [23019]: # of matches found 12130 and it took: 53472.7ms
query [23020]: # of matches found 12100 and it took: 53895.6ms
query [23021]: # of matches found 12114 and it took: 53563.4ms
query [23022]: # of matches found 11788 and it took: 53367.9ms
query [23023]: # of matches found 12315 and it took: 53232.9ms
query [23024]: # of matches found 12655 and it took: 53478.8ms
query [23025]: # of matches found 12918 and it took: 53466.3ms
query [23026]: # of matches found 12997 and it took: 53436.5ms
query [23027]: # of matches found 12984 and it took: 53082.6ms
query [23028]: # of matches found 13021 and it took: 52874.6ms
query [23029]: # of matches found 12990 and it took: 53101.4ms
query [23030]: # of matches found 13027 and it took: 53152.5ms
query [23031]: # of matches found 14092 and it took: 53436ms
query [23032]: # of matches found 13125 and it took: 52993.3ms
query [23033]: # of matches found 13092 and it took: 52981.9ms
query [23034]: # of matches found 13067 and it took: 53053ms
query [23035]: # of matches found 13016 and it took: 53201.5ms
query [23036]: # of matches found 13362 and it took: 53209.5ms
query [23037]: # of matches found 13373 and it took: 52886.4ms
query [23038]: # of matches found 13482 and it took: 53320.3ms
query [23039]: # of matches found 13511 and it took: 53428.8ms
query [23040]: # of matches found 13699 and it took: 53059.5ms
query [23041]: # of matches found 13795 and it took: 53129.7ms
query [23042]: # of matches found 13809 and it took: 52686.7ms
query [23043]: # of matches found 14219 and it took: 52847.6ms
query [23044]: # of matches found 14362 and it took: 52880.5ms
query [23045]: # of matches found 14396 and it took: 52936.7ms
query [23046]: # of matches found 14387 and it took: 53091.3ms
query [23047]: # of matches found 14409 and it took: 52966.9ms
query [23048]: # of matches found 14412 and it took: 52538.8ms
query [23049]: # of matches found 15121 and it took: 52945.7ms
query [23050]: # of matches found 15135 and it took: 53128.4ms
query [23051]: # of matches found 15057 and it took: 53046.9ms
query [23052]: # of matches found 14979 and it took: 52659.9ms
query [23053]: # of matches found 14960 and it took: 52843ms
query [23054]: # of matches found 15097 and it took: 53807.9ms
query [23055]: # of matches found 15092 and it took: 53037.4ms
query [23056]: # of matches found 15112 and it took: 53096.9ms
query [23057]: # of matches found 15109 and it took: 52812.7ms
query [23058]: # of matches found 15104 and it took: 52415.3ms
query [23059]: # of matches found 15037 and it took: 52984ms
query [23060]: # of matches found 15149 and it took: 53102.3ms
query [23061]: # of matches found 14784 and it took: 53140.9ms
query [23062]: # of matches found 14823 and it took: 52834.7ms
query [23063]: # of matches found 14763 and it took: 53375.2ms
query [23064]: # of matches found 14727 and it took: 53293.6ms
query [23065]: # of matches found 14579 and it took: 53725.4ms
query [23066]: # of matches found 14602 and it took: 53741.2ms
query [23067]: # of matches found 14631 and it took: 53175.7ms
query [23068]: # of matches found 14594 and it took: 52781.5ms
query [23069]: # of matches found 14570 and it took: 52834ms
query [23070]: # of matches found 14591 and it took: 52734.1ms
query [23071]: # of matches found 14660 and it took: 52587.7ms
query [23072]: # of matches found 14671 and it took: 52240.2ms
query [23073]: # of matches found 14703 and it took: 52580.1ms
query [23074]: # of matches found 14673 and it took: 52501.7ms
query [23075]: # of matches found 14646 and it took: 52592.7ms
query [23076]: # of matches found 14463 and it took: 52652.6ms
query [23077]: # of matches found 14432 and it took: 52123.5ms
query [23078]: # of matches found 14407 and it took: 52149.3ms
query [23079]: # of matches found 14367 and it took: 52346.3ms
query [23080]: # of matches found 14314 and it took: 52558.6ms
query [23081]: # of matches found 14720 and it took: 52597.2ms
query [23082]: # of matches found 14690 and it took: 52230.3ms
query [23083]: # of matches found 14740 and it took: 52451.5ms
query [23084]: # of matches found 14771 and it took: 52622.6ms
query [23085]: # of matches found 14884 and it took: 52472.6ms
query [23086]: # of matches found 14976 and it took: 52316.6ms
query [23087]: # of matches found 15075 and it took: 51841.6ms
query [23088]: # of matches found 15190 and it took: 52487.3ms
query [23089]: # of matches found 15271 and it took: 51924.9ms
query [23090]: # of matches found 15342 and it took: 51994.7ms
query [23091]: # of matches found 15424 and it took: 52109.7ms
query [23092]: # of matches found 15600 and it took: 51756.6ms
query [23093]: # of matches found 15600 and it took: 52100ms
query [23094]: # of matches found 15600 and it took: 52336.8ms
query [23095]: # of matches found 15564 and it took: 52405.8ms
query [23096]: # of matches found 15578 and it took: 52225.2ms
query [23097]: # of matches found 15437 and it took: 51792.1ms
query [23098]: # of matches found 15402 and it took: 51912.1ms
query [23099]: # of matches found 15362 and it took: 52083.5ms
query [23100]: # of matches found 15266 and it took: 52447.4ms
query [23101]: # of matches found 15270 and it took: 52402.2ms
query [23102]: # of matches found 15287 and it took: 52223.5ms
query [23103]: # of matches found 15127 and it took: 52267.9ms
query [23104]: # of matches found 15104 and it took: 52337.7ms
query [23105]: # of matches found 15036 and it took: 52077.2ms
query [23106]: # of matches found 15053 and it took: 52005.6ms
query [23107]: # of matches found 15112 and it took: 51518.5ms
query [23108]: # of matches found 15120 and it took: 51976.5ms
query [23109]: # of matches found 15229 and it took: 51578.3ms
query [23110]: # of matches found 15276 and it took: 52052.6ms
query [23111]: # of matches found 15346 and it took: 51775.2ms
query [23112]: # of matches found 15366 and it took: 51344.9ms
query [23113]: # of matches found 15401 and it took: 51542.6ms
query [23114]: # of matches found 15473 and it took: 51760.2ms
query [23115]: # of matches found 15501 and it took: 51754.4ms
query [23116]: # of matches found 15447 and it took: 51693.7ms
query [23117]: # of matches found 15364 and it took: 51369.9ms
query [23118]: # of matches found 15222 and it took: 51866.8ms
query [23119]: # of matches found 15203 and it took: 51448.7ms
query [23120]: # of matches found 14597 and it took: 51668.7ms
query [23121]: # of matches found 14633 and it took: 51908.9ms
query [23122]: # of matches found 14585 and it took: 51818.1ms
query [23123]: # of matches found 14435 and it took: 52457.3ms
query [23124]: # of matches found 14275 and it took: 52372.4ms
query [23125]: # of matches found 14278 and it took: 52353.4ms
query [23126]: # of matches found 14308 and it took: 52286.9ms
query [23127]: # of matches found 14326 and it took: 52002.7ms
query [23128]: # of matches found 14288 and it took: 52406.8ms
query [23129]: # of matches found 14238 and it took: 52372.8ms
query [23130]: # of matches found 14381 and it took: 52456.1ms
query [23131]: # of matches found 14100 and it took: 52582.1ms
query [23132]: # of matches found 14122 and it took: 52427.9ms
query [23133]: # of matches found 14104 and it took: 52646.2ms
query [23134]: # of matches found 14121 and it took: 52795ms
query [23135]: # of matches found 14143 and it took: 52976.2ms
query [23136]: # of matches found 14153 and it took: 53962.6ms
query [23137]: # of matches found 14171 and it took: 53841.8ms
query [23138]: # of matches found 14302 and it took: 54457ms
query [23139]: # of matches found 14347 and it took: 54598ms
query [23140]: # of matches found 14482 and it took: 55211.4ms
query [23141]: # of matches found 14576 and it took: 55052.9ms
query [23142]: # of matches found 14613 and it took: 54783.7ms
query [23143]: # of matches found 14604 and it took: 55132.5ms
query [23144]: # of matches found 14596 and it took: 55349.2ms
query [23145]: # of matches found 14677 and it took: 55627.6ms
query [23146]: # of matches found 14687 and it took: 55638.4ms
query [23147]: # of matches found 14689 and it took: 55525.9ms
query [23148]: # of matches found 14683 and it took: 56162.8ms
query [23149]: # of matches found 14711 and it took: 56125.9ms
query [23150]: # of matches found 14744 and it took: 56485.5ms
query [23151]: # of matches found 14854 and it took: 56490.9ms
query [23152]: # of matches found 14857 and it took: 56308.1ms
query [23153]: # of matches found 14864 and it took: 56791.6ms
query [23154]: # of matches found 14866 and it took: 56649.2ms
query [23155]: # of matches found 14863 and it took: 56559.9ms
query [23156]: # of matches found 14898 and it took: 57275.3ms
query [23157]: # of matches found 14809 and it took: 56790.1ms
query [23158]: # of matches found 14799 and it took: 57552.7ms
query [23159]: # of matches found 14541 and it took: 57405.3ms
query [23160]: # of matches found 15895 and it took: 57949.2ms
query [23161]: # of matches found 16972 and it took: 58237.3ms
query [23162]: # of matches found 16882 and it took: 57631.9ms
query [23163]: # of matches found 16428 and it took: 58168.4ms
query [23164]: # of matches found 16145 and it took: 58062.1ms
query [23165]: # of matches found 15923 and it took: 58455.9ms
query [23166]: # of matches found 15787 and it took: 58467.6ms
query [23167]: # of matches found 15774 and it took: 58068.4ms
query [23168]: # of matches found 15722 and it took: 58672.8ms
query [23169]: # of matches found 15749 and it took: 58496.2ms
query [23170]: # of matches found 15716 and it took: 58685.3ms
query [23171]: # of matches found 14717 and it took: 58744.8ms
query [23172]: # of matches found 14892 and it took: 58333.1ms
query [23173]: # of matches found 15049 and it took: 58519.1ms
query [23174]: # of matches found 15194 and it took: 58484.6ms
query [23175]: # of matches found 15192 and it took: 58615.8ms
query [23176]: # of matches found 14838 and it took: 58411.7ms
query [23177]: # of matches found 14852 and it took: 58187.7ms
query [23178]: # of matches found 14787 and it took: 59103.9ms
query [23179]: # of matches found 14805 and it took: 58792.9ms
query [23180]: # of matches found 14552 and it took: 59008.4ms
query [23181]: # of matches found 14501 and it took: 58980.2ms
query [23182]: # of matches found 14420 and it took: 58409ms
query [23183]: # of matches found 14140 and it took: 58930ms
query [23184]: # of matches found 14000 and it took: 58836.1ms
query [23185]: # of matches found 13979 and it took: 58965.9ms
query [23186]: # of matches found 14117 and it took: 58613.4ms
query [23187]: # of matches found 14113 and it took: 58849.1ms
query [23188]: # of matches found 14167 and it took: 59053.7ms
query [23189]: # of matches found 13549 and it took: 58570.9ms
query [23190]: # of matches found 13578 and it took: 58743.1ms
query [23191]: # of matches found 13545 and it took: 58537.3ms
query [23192]: # of matches found 13649 and it took: 57997.7ms
query [23193]: # of matches found 13667 and it took: 58612.5ms
query [23194]: # of matches found 13611 and it took: 58450ms
query [23195]: # of matches found 14336 and it took: 58244.1ms
query [23196]: # of matches found 15661 and it took: 58024.9ms
query [23197]: # of matches found 15771 and it took: 58096.6ms
query [23198]: # of matches found 15940 and it took: 58631.5ms
query [23199]: # of matches found 15926 and it took: 58709.5ms
query [23200]: # of matches found 15867 and it took: 58670.4ms
query [23201]: # of matches found 15969 and it took: 58647.6ms
query [23202]: # of matches found 15926 and it took: 58104ms
query [23203]: # of matches found 15946 and it took: 58596.3ms
query [23204]: # of matches found 17155 and it took: 58400.4ms
query [23205]: # of matches found 17120 and it took: 58245.6ms
query [23206]: # of matches found 17154 and it took: 57963.4ms
query [23207]: # of matches found 17173 and it took: 58262.8ms
query [23208]: # of matches found 17176 and it took: 58629.5ms
query [23209]: # of matches found 17389 and it took: 58585.4ms
query [23210]: # of matches found 17630 and it took: 58605.8ms
query [23211]: # of matches found 17596 and it took: 58622.3ms
query [23212]: # of matches found 18690 and it took: 58543.3ms
query [23213]: # of matches found 18703 and it took: 58818.4ms
query [23214]: # of matches found 18670 and it took: 58458.4ms
query [23215]: # of matches found 18721 and it took: 58186.1ms
query [23216]: # of matches found 18873 and it took: 58222.4ms
query [23217]: # of matches found 19027 and it took: 59165ms
query [23218]: # of matches found 19296 and it took: 58712.8ms
query [23219]: # of matches found 19345 and it took: 58541.3ms
query [23220]: # of matches found 19483 and it took: 58729.1ms
query [23221]: # of matches found 19201 and it took: 58409.1ms
query [23222]: # of matches found 19211 and it took: 58166ms
query [23223]: # of matches found 19179 and it took: 58629ms
query [23224]: # of matches found 19222 and it took: 58308.8ms
query [23225]: # of matches found 19230 and it took: 58090.8ms
query [23226]: # of matches found 19198 and it took: 58047.3ms
query [23227]: # of matches found 19205 and it took: 58207.4ms
query [23228]: # of matches found 19089 and it took: 58465.1ms
query [23229]: # of matches found 19007 and it took: 58677.1ms
query [23230]: # of matches found 18984 and it took: 58848.6ms
query [23231]: # of matches found 18874 and it took: 58440.7ms
query [23232]: # of matches found 18762 and it took: 58462.7ms
query [23233]: # of matches found 18697 and it took: 59011.2ms
query [23234]: # of matches found 18654 and it took: 58667.2ms
query [23235]: # of matches found 18636 and it took: 58278.6ms
query [23236]: # of matches found 18510 and it took: 58146.1ms
query [23237]: # of matches found 18451 and it took: 58436ms
query [23238]: # of matches found 18433 and it took: 58483ms
query [23239]: # of matches found 18439 and it took: 58503.7ms
query [23240]: # of matches found 18507 and it took: 60043ms
query [23241]: # of matches found 18605 and it took: 58351.7ms
query [23242]: # of matches found 18874 and it took: 58545.5ms
query [23243]: # of matches found 19057 and it took: 58921.2ms
query [23244]: # of matches found 19283 and it took: 58661.4ms
query [23245]: # of matches found 19402 and it took: 58552.6ms
query [23246]: # of matches found 19420 and it took: 57949.9ms
query [23247]: # of matches found 19369 and it took: 58257.6ms
query [23248]: # of matches found 19304 and it took: 58955.1ms
query [23249]: # of matches found 19193 and it took: 58298ms
query [23250]: # of matches found 19267 and it took: 58532.2ms
query [23251]: # of matches found 19281 and it took: 58497.3ms
query [23252]: # of matches found 19265 and it took: 58461.5ms
query [23253]: # of matches found 19270 and it took: 58520.6ms
query [23254]: # of matches found 19764 and it took: 58266.4ms
query [23255]: # of matches found 20316 and it took: 57891.4ms
query [23256]: # of matches found 20354 and it took: 57751.7ms
query [23257]: # of matches found 20401 and it took: 58009.6ms
query [23258]: # of matches found 20396 and it took: 57898.3ms
query [23259]: # of matches found 20345 and it took: 57508.8ms
query [23260]: # of matches found 20340 and it took: 57441.6ms
query [23261]: # of matches found 20212 and it took: 57021ms
query [23262]: # of matches found 20218 and it took: 57036.8ms
query [23263]: # of matches found 20180 and it took: 57221ms
query [23264]: # of matches found 20192 and it took: 56918ms
query [23265]: # of matches found 20133 and it took: 56496.3ms
query [23266]: # of matches found 20097 and it took: 56404.8ms
query [23267]: # of matches found 20055 and it took: 56493.7ms
query [23268]: # of matches found 20023 and it took: 56672.3ms
query [23269]: # of matches found 20117 and it took: 56616.4ms
query [23270]: # of matches found 20106 and it took: 56405.1ms
query [23271]: # of matches found 20135 and it took: 55891ms
query [23272]: # of matches found 20171 and it took: 56288.2ms
query [23273]: # of matches found 20208 and it took: 56331.8ms
query [23274]: # of matches found 20190 and it took: 55951ms
query [23275]: # of matches found 20170 and it took: 55390.6ms
query [23276]: # of matches found 20177 and it took: 55660.4ms
query [23277]: # of matches found 20206 and it took: 55295.1ms
query [23278]: # of matches found 20083 and it took: 55749.9ms
query [23279]: # of matches found 20041 and it took: 55914.8ms
query [23280]: # of matches found 19917 and it took: 56791.8ms
query [23281]: # of matches found 19818 and it took: 55610.4ms
query [23282]: # of matches found 19766 and it took: 55906.3ms
query [23283]: # of matches found 19857 and it took: 56077.5ms
query [23284]: # of matches found 19844 and it took: 55198.9ms
query [23285]: # of matches found 19756 and it took: 55118.8ms
query [23286]: # of matches found 19731 and it took: 55146.3ms
query [23287]: # of matches found 19768 and it took: 54637.2ms
query [23288]: # of matches found 19778 and it took: 54940.2ms
query [23289]: # of matches found 19760 and it took: 55007.3ms
query [23290]: # of matches found 19681 and it took: 54925.9ms
query [23291]: # of matches found 19607 and it took: 54676.8ms
query [23292]: # of matches found 19692 and it took: 54736.4ms
query [23293]: # of matches found 19715 and it took: 55229.8ms
query [23294]: # of matches found 19740 and it took: 55137.7ms
query [23295]: # of matches found 19786 and it took: 55018.7ms
query [23296]: # of matches found 19747 and it took: 55228.6ms
query [23297]: # of matches found 19698 and it took: 54574.9ms
query [23298]: # of matches found 19662 and it took: 55026.1ms
query [23299]: # of matches found 19663 and it took: 55212.3ms
query [23300]: # of matches found 18234 and it took: 54885.8ms
query [23301]: # of matches found 17102 and it took: 54619.7ms
query [23302]: # of matches found 17125 and it took: 54581ms
query [23303]: # of matches found 17073 and it took: 55032.9ms
query [23304]: # of matches found 17063 and it took: 55034.3ms
query [23305]: # of matches found 17048 and it took: 54954.4ms
query [23306]: # of matches found 16954 and it took: 55154ms
query [23307]: # of matches found 17043 and it took: 54698.1ms
query [23308]: # of matches found 17037 and it took: 55116.7ms
query [23309]: # of matches found 16968 and it took: 55161.1ms
query [23310]: # of matches found 16941 and it took: 55452.5ms
query [23311]: # of matches found 17112 and it took: 55189.8ms
query [23312]: # of matches found 20009 and it took: 55913.9ms
query [23313]: # of matches found 19790 and it took: 55954.4ms
query [23314]: # of matches found 19666 and it took: 55941.8ms
query [23315]: # of matches found 19480 and it took: 56004.9ms
query [23316]: # of matches found 19448 and it took: 56201.8ms
query [23317]: # of matches found 19564 and it took: 55624.9ms
query [23318]: # of matches found 19564 and it took: 56155.4ms
query [23319]: # of matches found 19518 and it took: 56211.2ms
query [23320]: # of matches found 19494 and it took: 56669.9ms
query [23321]: # of matches found 19457 and it took: 56099.1ms
query [23322]: # of matches found 19436 and it took: 55986.9ms
query [23323]: # of matches found 19499 and it took: 56365.1ms
query [23324]: # of matches found 19562 and it took: 56042ms
query [23325]: # of matches found 19482 and it took: 56071.1ms
query [23326]: # of matches found 19370 and it took: 56334.5ms
query [23327]: # of matches found 19357 and it took: 55687ms
query [23328]: # of matches found 19298 and it took: 56429ms
query [23329]: # of matches found 19192 and it took: 56529.1ms
query [23330]: # of matches found 19164 and it took: 56966.8ms
query [23331]: # of matches found 19596 and it took: 57067.8ms
query [23332]: # of matches found 19484 and it took: 56689.5ms
query [23333]: # of matches found 19437 and it took: 57194.9ms
query [23334]: # of matches found 19465 and it took: 57015.4ms
query [23335]: # of matches found 18821 and it took: 56665.6ms
query [23336]: # of matches found 17441 and it took: 57026.6ms
query [23337]: # of matches found 19377 and it took: 56286.9ms
query [23338]: # of matches found 19241 and it took: 57067.6ms
query [23339]: # of matches found 19218 and it took: 57004.3ms
query [23340]: # of matches found 19136 and it took: 57044.9ms
query [23341]: # of matches found 18967 and it took: 57095.7ms
query [23342]: # of matches found 20541 and it took: 56392.8ms
query [23343]: # of matches found 20566 and it took: 57021.8ms
query [23344]: # of matches found 19416 and it took: 57164.7ms
query [23345]: # of matches found 20049 and it took: 56521.1ms
query [23346]: # of matches found 20363 and it took: 56283.4ms
query [23347]: # of matches found 20414 and it took: 55535.2ms
query [23348]: # of matches found 20441 and it took: 56153.5ms
query [23349]: # of matches found 20254 and it took: 56300.7ms
query [23350]: # of matches found 20279 and it took: 56359.9ms
query [23351]: # of matches found 20104 and it took: 56578.9ms
query [23352]: # of matches found 18940 and it took: 55946ms
query [23353]: # of matches found 18925 and it took: 56634.7ms
query [23354]: # of matches found 18998 and it took: 56548.2ms
query [23355]: # of matches found 19064 and it took: 56516.4ms
query [23356]: # of matches found 19226 and it took: 56525.5ms
query [23357]: # of matches found 19138 and it took: 55713.9ms
query [23358]: # of matches found 19270 and it took: 56483.5ms
query [23359]: # of matches found 19256 and it took: 56800.9ms
query [23360]: # of matches found 19283 and it took: 57109.7ms
query [23361]: # of matches found 19248 and it took: 57078.5ms
query [23362]: # of matches found 19209 and it took: 56563.2ms
query [23363]: # of matches found 19185 and it took: 57401.2ms
query [23364]: # of matches found 19141 and it took: 57218.1ms
query [23365]: # of matches found 19156 and it took: 56655.8ms
query [23366]: # of matches found 19118 and it took: 56571.8ms
query [23367]: # of matches found 19054 and it took: 55555.7ms
query [23368]: # of matches found 19001 and it took: 56199.9ms
query [23369]: # of matches found 19170 and it took: 56428.2ms
query [23370]: # of matches found 19136 and it took: 56668.8ms
query [23371]: # of matches found 19133 and it took: 56795.6ms
query [23372]: # of matches found 19112 and it took: 56141.6ms
query [23373]: # of matches found 19083 and it took: 56773.2ms
query [23374]: # of matches found 19087 and it took: 56535.8ms
query [23375]: # of matches found 19196 and it took: 56322.8ms
query [23376]: # of matches found 19260 and it took: 56812.7ms
query [23377]: # of matches found 19332 and it took: 55267.1ms
query [23378]: # of matches found 19359 and it took: 55489.9ms
query [23379]: # of matches found 19409 and it took: 56198.6ms
query [23380]: # of matches found 19405 and it took: 56686.8ms
query [23381]: # of matches found 19306 and it took: 56488.2ms
query [23382]: # of matches found 19010 and it took: 56716.8ms
query [23383]: # of matches found 18994 and it took: 56996.3ms
query [23384]: # of matches found 18847 and it took: 56897.2ms
query [23385]: # of matches found 18682 and it took: 56295.1ms
query [23386]: # of matches found 18560 and it took: 56305.6ms
query [23387]: # of matches found 18561 and it took: 55489.1ms
query [23388]: # of matches found 18534 and it took: 56279.4ms
query [23389]: # of matches found 18680 and it took: 56482ms
query [23390]: # of matches found 18743 and it took: 56659.6ms
query [23391]: # of matches found 18622 and it took: 56718.2ms
query [23392]: # of matches found 18604 and it took: 56172.2ms
query [23393]: # of matches found 18502 and it took: 56754.7ms
query [23394]: # of matches found 18324 and it took: 56794ms
query [23395]: # of matches found 17550 and it took: 56474.2ms
query [23396]: # of matches found 17721 and it took: 56436ms
query [23397]: # of matches found 17650 and it took: 55766.8ms
query [23398]: # of matches found 17656 and it took: 55986.5ms
query [23399]: # of matches found 17675 and it took: 56364.7ms
query [23400]: # of matches found 17646 and it took: 56613.7ms
query [23401]: # of matches found 17673 and it took: 56577.8ms
query [23402]: # of matches found 17728 and it took: 55716.9ms
query [23403]: # of matches found 17762 and it took: 56253.7ms
query [23404]: # of matches found 17783 and it took: 56273.8ms
query [23405]: # of matches found 17785 and it took: 56039.2ms
query [23406]: # of matches found 17787 and it took: 55980.4ms
query [23407]: # of matches found 17771 and it took: 55599.7ms
query [23408]: # of matches found 17764 and it took: 56258.7ms
query [23409]: # of matches found 17680 and it took: 55849.6ms
query [23410]: # of matches found 19106 and it took: 55984.5ms
query [23411]: # of matches found 19100 and it took: 56028.3ms
query [23412]: # of matches found 18880 and it took: 55209ms
query [23413]: # of matches found 18871 and it took: 55689.3ms
query [23414]: # of matches found 18919 and it took: 55568.6ms
query [23415]: # of matches found 18942 and it took: 55694.9ms
query [23416]: # of matches found 18975 and it took: 55809.4ms
query [23417]: # of matches found 19026 and it took: 56096.1ms
query [23418]: # of matches found 19031 and it took: 55853.8ms
query [23419]: # of matches found 19218 and it took: 56039.7ms
query [23420]: # of matches found 19351 and it took: 56338.8ms
query [23421]: # of matches found 19355 and it took: 56590.6ms
query [23422]: # of matches found 19397 and it took: 55980ms
query [23423]: # of matches found 19321 and it took: 56589.4ms
query [23424]: # of matches found 19227 and it took: 56711.4ms
query [23425]: # of matches found 19256 and it took: 56625.4ms
query [23426]: # of matches found 19269 and it took: 56722.2ms
query [23427]: # of matches found 19250 and it took: 56707.7ms
query [23428]: # of matches found 19274 and it took: 56915.3ms
query [23429]: # of matches found 19294 and it took: 56970.5ms
query [23430]: # of matches found 19293 and it took: 57147.9ms
query [23431]: # of matches found 19259 and it took: 57626.9ms
query [23432]: # of matches found 19151 and it took: 57147.5ms
query [23433]: # of matches found 19066 and it took: 56946.1ms
query [23434]: # of matches found 19008 and it took: 57180.4ms
query [23435]: # of matches found 18933 and it took: 57165.7ms
query [23436]: # of matches found 18888 and it took: 56986.2ms
query [23437]: # of matches found 18818 and it took: 56879.9ms
query [23438]: # of matches found 18811 and it took: 56853.5ms
query [23439]: # of matches found 18778 and it took: 57404.9ms
query [23440]: # of matches found 18815 and it took: 58040.2ms
query [23441]: # of matches found 18841 and it took: 58038.6ms
query [23442]: # of matches found 18877 and it took: 57884.7ms
query [23443]: # of matches found 18926 and it took: 57733.5ms
query [23444]: # of matches found 18962 and it took: 58271.2ms
query [23445]: # of matches found 19359 and it took: 58428.6ms
query [23446]: # of matches found 19378 and it took: 58525.7ms
query [23447]: # of matches found 19207 and it took: 58448.2ms
query [23448]: # of matches found 19194 and it took: 58442.8ms
query [23449]: # of matches found 19179 and it took: 58774ms
query [23450]: # of matches found 19250 and it took: 58289.6ms
query [23451]: # of matches found 18995 and it took: 59184.6ms
query [23452]: # of matches found 16005 and it took: 58764.8ms
query [23453]: # of matches found 16003 and it took: 58282.7ms
query [23454]: # of matches found 15988 and it took: 59033.2ms
query [23455]: # of matches found 15990 and it took: 58941.9ms
query [23456]: # of matches found 16027 and it took: 58998.5ms
query [23457]: # of matches found 15910 and it took: 59471.5ms
query [23458]: # of matches found 15995 and it took: 59434.7ms
query [23459]: # of matches found 16079 and it took: 60234.3ms
query [23460]: # of matches found 16295 and it took: 60699ms
query [23461]: # of matches found 16621 and it took: 61967.4ms
query [23462]: # of matches found 16887 and it took: 61795.2ms
query [23463]: # of matches found 17210 and it took: 61935.3ms
query [23464]: # of matches found 17138 and it took: 62533.8ms
query [23465]: # of matches found 17354 and it took: 62299.6ms
query [23466]: # of matches found 18808 and it took: 62571.4ms
query [23467]: # of matches found 19152 and it took: 62670.3ms
query [23468]: # of matches found 19163 and it took: 62253.4ms
query [23469]: # of matches found 19218 and it took: 63225.4ms
query [23470]: # of matches found 19207 and it took: 63091ms
query [23471]: # of matches found 18744 and it took: 63234.1ms
query [23472]: # of matches found 18793 and it took: 63407.7ms
query [23473]: # of matches found 18795 and it took: 63002.4ms
query [23474]: # of matches found 18721 and it took: 63544.6ms
query [23475]: # of matches found 18759 and it took: 63497.9ms
query [23476]: # of matches found 18775 and it took: 63737.4ms
query [23477]: # of matches found 16771 and it took: 63721.7ms
query [23478]: # of matches found 16767 and it took: 63514.1ms
query [23479]: # of matches found 16717 and it took: 64497.4ms
query [23480]: # of matches found 16690 and it took: 63853.6ms
query [23481]: # of matches found 16647 and it took: 64644.8ms
query [23482]: # of matches found 15035 and it took: 64507.2ms
query [23483]: # of matches found 14942 and it took: 64250.6ms
query [23484]: # of matches found 14801 and it took: 64676.7ms
query [23485]: # of matches found 14097 and it took: 64433.2ms
query [23486]: # of matches found 13780 and it took: 64336ms
query [23487]: # of matches found 13658 and it took: 64416.9ms
query [23488]: # of matches found 13618 and it took: 64371ms
query [23489]: # of matches found 13569 and it took: 65075.6ms
query [23490]: # of matches found 13629 and it took: 64313.1ms
query [23491]: # of matches found 13957 and it took: 65001.9ms
query [23492]: # of matches found 14067 and it took: 65046.8ms
query [23493]: # of matches found 14208 and it took: 64894ms
query [23494]: # of matches found 14155 and it took: 65067.6ms
query [23495]: # of matches found 14169 and it took: 65011.1ms
query [23496]: # of matches found 13868 and it took: 64846ms
query [23497]: # of matches found 13853 and it took: 64928.8ms
query [23498]: # of matches found 13449 and it took: 65253.1ms
query [23499]: # of matches found 13395 and it took: 66241.9ms
query [23500]: # of matches found 13209 and it took: 65476.2ms
query [23501]: # of matches found 13175 and it took: 66658ms
query [23502]: # of matches found 13147 and it took: 65864.4ms
query [23503]: # of matches found 13147 and it took: 66016.7ms
query [23504]: # of matches found 13145 and it took: 66287.3ms
query [23505]: # of matches found 13006 and it took: 65736ms
query [23506]: # of matches found 13021 and it took: 65671.9ms
query [23507]: # of matches found 13040 and it took: 65560.4ms
query [23508]: # of matches found 13049 and it took: 65780.4ms
query [23509]: # of matches found 12808 and it took: 66601.6ms
query [23510]: # of matches found 12859 and it took: 65584.9ms
query [23511]: # of matches found 12919 and it took: 66769.1ms
query [23512]: # of matches found 12970 and it took: 66160.1ms
query [23513]: # of matches found 13013 and it took: 66607.4ms
query [23514]: # of matches found 13481 and it took: 66778.3ms
query [23515]: # of matches found 13543 and it took: 66203.8ms
query [23516]: # of matches found 13435 and it took: 65959.9ms
query [23517]: # of matches found 13384 and it took: 65977.7ms
query [23518]: # of matches found 13473 and it took: 65453.8ms
query [23519]: # of matches found 13544 and it took: 65973.1ms
query [23520]: # of matches found 13543 and it took: 65766.7ms
query [23521]: # of matches found 13557 and it took: 66589ms
query [23522]: # of matches found 13917 and it took: 65936.8ms
query [23523]: # of matches found 14062 and it took: 66234.3ms
query [23524]: # of matches found 14245 and it took: 66141.9ms
query [23525]: # of matches found 14233 and it took: 66316ms
query [23526]: # of matches found 14277 and it took: 65085.8ms
query [23527]: # of matches found 14336 and it took: 65695ms
query [23528]: # of matches found 14391 and it took: 65079.8ms
query [23529]: # of matches found 14271 and it took: 65988.3ms
query [23530]: # of matches found 14230 and it took: 65611.7ms
query [23531]: # of matches found 14451 and it took: 66100.3ms
query [23532]: # of matches found 14444 and it took: 65600.6ms
query [23533]: # of matches found 14479 and it took: 65828.3ms
query [23534]: # of matches found 14463 and it took: 66925.8ms
query [23535]: # of matches found 14193 and it took: 66750.6ms
query [23536]: # of matches found 13949 and it took: 65020.4ms
query [23537]: # of matches found 13922 and it took: 66392ms
query [23538]: # of matches found 13895 and it took: 64891.8ms
query [23539]: # of matches found 13883 and it took: 65456.3ms
query [23540]: # of matches found 13856 and it took: 64926.9ms
query [23541]: # of matches found 13852 and it took: 65585.3ms
query [23542]: # of matches found 13823 and it took: 64707.4ms
query [23543]: # of matches found 13745 and it took: 64884.6ms
query [23544]: # of matches found 13744 and it took: 64868.1ms
query [23545]: # of matches found 13745 and it took: 64470.3ms
query [23546]: # of matches found 13752 and it took: 63712.2ms
query [23547]: # of matches found 13799 and it took: 63388.8ms
query [23548]: # of matches found 13828 and it took: 63277.8ms
query [23549]: # of matches found 13820 and it took: 63313ms
query [23550]: # of matches found 13784 and it took: 63156.4ms
query [23551]: # of matches found 12324 and it took: 63489.2ms
query [23552]: # of matches found 12378 and it took: 62858.3ms
query [23553]: # of matches found 12456 and it took: 63568.2ms
query [23554]: # of matches found 12417 and it took: 62956.9ms
query [23555]: # of matches found 12420 and it took: 62942.6ms
query [23556]: # of matches found 12408 and it took: 62499.8ms
query [23557]: # of matches found 12343 and it took: 62485ms
query [23558]: # of matches found 12368 and it took: 62505.2ms
query [23559]: # of matches found 12352 and it took: 62853.3ms
query [23560]: # of matches found 12303 and it took: 62394.3ms
query [23561]: # of matches found 12462 and it took: 62278.1ms
query [23562]: # of matches found 12486 and it took: 61578.5ms
query [23563]: # of matches found 12708 and it took: 61441.1ms
query [23564]: # of matches found 12855 and it took: 61401.3ms
query [23565]: # of matches found 12843 and it took: 60985.6ms
query [23566]: # of matches found 12876 and it took: 60928.9ms
query [23567]: # of matches found 13037 and it took: 60388.1ms
query [23568]: # of matches found 13052 and it took: 60361.8ms
query [23569]: # of matches found 13133 and it took: 60339ms
query [23570]: # of matches found 13220 and it took: 60001.6ms
query [23571]: # of matches found 13299 and it took: 60359.4ms
query [23572]: # of matches found 13388 and it took: 59933.2ms
query [23573]: # of matches found 13521 and it took: 60061.9ms
query [23574]: # of matches found 13547 and it took: 59561.7ms
query [23575]: # of matches found 13582 and it took: 59036.7ms
query [23576]: # of matches found 13628 and it took: 58632.3ms
query [23577]: # of matches found 13633 and it took: 58781.1ms
query [23578]: # of matches found 13675 and it took: 59307.2ms
query [23579]: # of matches found 13745 and it took: 59027.2ms
query [23580]: # of matches found 13739 and it took: 59146.1ms
query [23581]: # of matches found 13782 and it took: 59325.8ms
query [23582]: # of matches found 13702 and it took: 58715.4ms
query [23583]: # of matches found 13753 and it took: 58993.8ms
query [23584]: # of matches found 13826 and it took: 58925.6ms
query [23585]: # of matches found 13445 and it took: 58887.8ms
query [23586]: # of matches found 13428 and it took: 58401ms
query [23587]: # of matches found 13483 and it took: 58377.7ms
query [23588]: # of matches found 13543 and it took: 58488.7ms
query [23589]: # of matches found 13632 and it took: 58156ms
query [23590]: # of matches found 13652 and it took: 58119.5ms
query [23591]: # of matches found 13721 and it took: 58348.8ms
query [23592]: # of matches found 13668 and it took: 57151.5ms
query [23593]: # of matches found 13707 and it took: 57888.5ms
query [23594]: # of matches found 13772 and it took: 57923.9ms
query [23595]: # of matches found 14728 and it took: 57928.9ms
query [23596]: # of matches found 14847 and it took: 57263.4ms
query [23597]: # of matches found 14861 and it took: 57467.2ms
query [23598]: # of matches found 14798 and it took: 58361.7ms
query [23599]: # of matches found 14751 and it took: 57262.8ms
query [23600]: # of matches found 14563 and it took: 56971.6ms
query [23601]: # of matches found 14235 and it took: 57047.9ms
query [23602]: # of matches found 14201 and it took: 57483ms
query [23603]: # of matches found 13584 and it took: 56702.8ms
query [23604]: # of matches found 13407 and it took: 56202.3ms
query [23605]: # of matches found 13583 and it took: 56013.8ms
query [23606]: # of matches found 12485 and it took: 55390.4ms
query [23607]: # of matches found 11711 and it took: 55185.9ms
query [23608]: # of matches found 11706 and it took: 55786.9ms
query [23609]: # of matches found 11537 and it took: 55139.2ms
query [23610]: # of matches found 11539 and it took: 55712.8ms
query [23611]: # of matches found 13079 and it took: 55781.4ms
query [23612]: # of matches found 13056 and it took: 54535.8ms
query [23613]: # of matches found 13097 and it took: 54342.2ms
query [23614]: # of matches found 13113 and it took: 55280.5ms
query [23615]: # of matches found 13145 and it took: 53978.4ms
query [23616]: # of matches found 13190 and it took: 53815ms
query [23617]: # of matches found 13228 and it took: 53512.3ms
query [23618]: # of matches found 13209 and it took: 54088.8ms
query [23619]: # of matches found 13235 and it took: 53443.8ms
query [23620]: # of matches found 13252 and it took: 53615.9ms
query [23621]: # of matches found 13283 and it took: 53803.7ms
query [23622]: # of matches found 13759 and it took: 53488.9ms
query [23623]: # of matches found 13816 and it took: 53476.3ms
query [23624]: # of matches found 13859 and it took: 53690.1ms
query [23625]: # of matches found 13895 and it took: 53596ms
query [23626]: # of matches found 13890 and it took: 53396.2ms
query [23627]: # of matches found 13904 and it took: 53418.7ms
query [23628]: # of matches found 13937 and it took: 53508.2ms
query [23629]: # of matches found 14002 and it took: 53065.2ms
query [23630]: # of matches found 13978 and it took: 53380.8ms
query [23631]: # of matches found 13585 and it took: 53536ms
query [23632]: # of matches found 13546 and it took: 53420.2ms
query [23633]: # of matches found 13415 and it took: 53430.1ms
query [23634]: # of matches found 13345 and it took: 53668.2ms
query [23635]: # of matches found 13317 and it took: 53235.9ms
query [23636]: # of matches found 13364 and it took: 53508.9ms
query [23637]: # of matches found 13709 and it took: 53551.8ms
query [23638]: # of matches found 13716 and it took: 53231.7ms
query [23639]: # of matches found 13854 and it took: 53021.9ms
query [23640]: # of matches found 17635 and it took: 53170.3ms
query [23641]: # of matches found 17695 and it took: 53355.6ms
query [23642]: # of matches found 17690 and it took: 53214.8ms
query [23643]: # of matches found 17695 and it took: 53230.3ms
query [23644]: # of matches found 17777 and it took: 53646.6ms
query [23645]: # of matches found 17945 and it took: 53555.4ms
query [23646]: # of matches found 17994 and it took: 53186.4ms
query [23647]: # of matches found 18038 and it took: 54165.6ms
query [23648]: # of matches found 18322 and it took: 53413.9ms
query [23649]: # of matches found 18346 and it took: 53235.6ms
query [23650]: # of matches found 18633 and it took: 53574.2ms
query [23651]: # of matches found 18602 and it took: 53596.9ms
query [23652]: # of matches found 18665 and it took: 53493.3ms
query [23653]: # of matches found 18608 and it took: 53489.2ms
query [23654]: # of matches found 18626 and it took: 53615.2ms
query [23655]: # of matches found 18201 and it took: 53372.1ms
query [23656]: # of matches found 18209 and it took: 53438.5ms
query [23657]: # of matches found 18184 and it took: 53665.2ms
query [23658]: # of matches found 18157 and it took: 53667.2ms
query [23659]: # of matches found 18099 and it took: 54320.9ms
query [23660]: # of matches found 18076 and it took: 54849.2ms
query [23661]: # of matches found 18040 and it took: 54582ms
query [23662]: # of matches found 17579 and it took: 54092.4ms
query [23663]: # of matches found 17524 and it took: 54171.5ms
query [23664]: # of matches found 17589 and it took: 54181.7ms
query [23665]: # of matches found 17359 and it took: 54015.4ms
query [23666]: # of matches found 17308 and it took: 53727ms
query [23667]: # of matches found 17241 and it took: 54331.6ms
query [23668]: # of matches found 17208 and it took: 54452.9ms
query [23669]: # of matches found 17202 and it took: 54423.1ms
query [23670]: # of matches found 17180 and it took: 54517.9ms
query [23671]: # of matches found 16972 and it took: 54475.2ms
query [23672]: # of matches found 17022 and it took: 54547.1ms
query [23673]: # of matches found 17233 and it took: 54513.7ms
query [23674]: # of matches found 17290 and it took: 54715.1ms
query [23675]: # of matches found 17339 and it took: 54375.4ms
query [23676]: # of matches found 17423 and it took: 54024.7ms
query [23677]: # of matches found 17552 and it took: 54623.8ms
query [23678]: # of matches found 17648 and it took: 54329.5ms
query [23679]: # of matches found 17674 and it took: 54371.5ms
query [23680]: # of matches found 17793 and it took: 54602.1ms
query [23681]: # of matches found 17785 and it took: 54926ms
query [23682]: # of matches found 19464 and it took: 54509.2ms
query [23683]: # of matches found 19529 and it took: 54794.6ms
query [23684]: # of matches found 19522 and it took: 54719.4ms
