no kmerRangesFileAddressArg!
no otherToolArg!
**********************CONFIGURATIONS*****************************
PARMIK mode:                  3
readDatabaseAddress:          /p/lava/parmik/partialMatcherProject/datasets/metagenomicDB/SRR14381434/SRR14381434_reads
readFileName:                 SRR14381434_reads
queryFileAddress:             /p/lava/parmik/partialMatcherProject/datasets/queryFiles/covidQueryFiles/NC_045512_chunks/NC_045512_queries_27000-27999
queryFileName:                NC_045512_queries_27000-27999
otherToolOutputFileAddress:   /u/rgq5aw/GIT/PARMIK/partialMatcherProject/tools/blast/SRR14381434/NC_045512/blastn_ws30_results.out
outputDir:                    /p/lava/parmik/partialMatcherProject/tools/baseline_ssw/SRR14381434/NC_045512
penaltyFileAddress:           /u/rgq5aw/GIT/PARMIK/experiments/parmik/CK_SSW_ID_PRCNTG/PenaltySets/2484_1111_2444_2288_2848
kmerRangesFileAddress:        
readsCount:                   17000000
queryCount:                   30000
kmerLength:                   11
regionSize:                   48
cheapKmerThreshold:           0
identityPercentage:           0.85
minExactMatchLen:             0
minNumExactMatchKmer:         0
isIndexOffline:               1
offlineIndexAddress:          /p/lava/parmik/partialMatcherProject/tools/parmik/CK_INDEX/SRR14381434/
max editDistance in min region: 2
**********************CONFIGURATIONS*****************************
--------------Penalties--------------
m: 2, s: 4, go: 8, ge: 4
m: 1, s: 1, go: 1, ge: 1
m: 2, s: 4, go: 4, ge: 4
m: 2, s: 2, go: 8, ge: 8
m: 2, s: 8, go: 4, ge: 8
------------------------------------
numberOfReadsWithN : 0
queryCount : 1000
numberOfReadsWithN : 0
readCount : 9488668
offlineCheapIndexAddress: /p/lava/parmik/partialMatcherProject/tools/parmik/CK_INDEX/SRR14381434/ck_T0_K11_r17000000
pmrkAlignmentsAddress: /p/lava/parmik/partialMatcherProject/tools/baseline_ssw/SRR14381434/NC_045512/aln/pmAln_R48_PI85_L0_M0_E2_K11_T0_P_2484_1111_2444_2288_2848.txt
Starting alignment for all queries [fwd]...
queryBaseIndex: 27000
query [27000]: # of matches found 11857 and it took: 64458.7ms
query [27001]: # of matches found 11769 and it took: 64873.4ms
query [27002]: # of matches found 11685 and it took: 64752.2ms
query [27003]: # of matches found 11690 and it took: 64287.6ms
query [27004]: # of matches found 11609 and it took: 64369.2ms
query [27005]: # of matches found 11480 and it took: 64353.9ms
query [27006]: # of matches found 11407 and it took: 64084.9ms
query [27007]: # of matches found 11449 and it took: 63988.5ms
query [27008]: # of matches found 11463 and it took: 63531.8ms
query [27009]: # of matches found 11466 and it took: 64419.1ms
query [27010]: # of matches found 11481 and it took: 63721.8ms
query [27011]: # of matches found 11499 and it took: 63993.6ms
query [27012]: # of matches found 11525 and it took: 63764ms
query [27013]: # of matches found 11506 and it took: 63820.1ms
query [27014]: # of matches found 11555 and it took: 64033.6ms
query [27015]: # of matches found 11669 and it took: 63784.9ms
query [27016]: # of matches found 11639 and it took: 64474.8ms
query [27017]: # of matches found 11574 and it took: 64548.2ms
query [27018]: # of matches found 11575 and it took: 63829.2ms
query [27019]: # of matches found 11596 and it took: 64244.5ms
query [27020]: # of matches found 11544 and it took: 64084.6ms
query [27021]: # of matches found 11520 and it took: 64105.5ms
query [27022]: # of matches found 11668 and it took: 63866.2ms
query [27023]: # of matches found 11777 and it took: 63927.1ms
query [27024]: # of matches found 11826 and it took: 63996.6ms
query [27025]: # of matches found 11749 and it took: 63835.9ms
query [27026]: # of matches found 11801 and it took: 64475.9ms
query [27027]: # of matches found 11905 and it took: 64469.7ms
query [27028]: # of matches found 12010 and it took: 64019.4ms
query [27029]: # of matches found 13657 and it took: 63817.3ms
query [27030]: # of matches found 13659 and it took: 63878.4ms
query [27031]: # of matches found 13702 and it took: 63654.6ms
query [27032]: # of matches found 13792 and it took: 63243.2ms
query [27033]: # of matches found 13845 and it took: 63032.6ms
query [27034]: # of matches found 13843 and it took: 63386.5ms
query [27035]: # of matches found 13944 and it took: 63362ms
query [27036]: # of matches found 13945 and it took: 63777.3ms
query [27037]: # of matches found 13877 and it took: 63620.2ms
query [27038]: # of matches found 14171 and it took: 63423.7ms
query [27039]: # of matches found 14200 and it took: 63390.4ms
query [27040]: # of matches found 14072 and it took: 63158.1ms
query [27041]: # of matches found 14100 and it took: 63503.7ms
query [27042]: # of matches found 14095 and it took: 63867.9ms
query [27043]: # of matches found 14059 and it took: 64006.8ms
query [27044]: # of matches found 14052 and it took: 64657.2ms
query [27045]: # of matches found 14048 and it took: 64758.8ms
query [27046]: # of matches found 14046 and it took: 65469.1ms
query [27047]: # of matches found 14107 and it took: 65912.8ms
query [27048]: # of matches found 14046 and it took: 65496.6ms
query [27049]: # of matches found 13996 and it took: 65614ms
query [27050]: # of matches found 13855 and it took: 65069.4ms
query [27051]: # of matches found 13833 and it took: 65056.7ms
query [27052]: # of matches found 13818 and it took: 65243.5ms
query [27053]: # of matches found 13755 and it took: 64943.5ms
query [27054]: # of matches found 13677 and it took: 65803.8ms
query [27055]: # of matches found 13219 and it took: 65653.3ms
query [27056]: # of matches found 13415 and it took: 65982.8ms
query [27057]: # of matches found 15623 and it took: 65804.2ms
query [27058]: # of matches found 15654 and it took: 66344.9ms
query [27059]: # of matches found 15688 and it took: 65297.7ms
query [27060]: # of matches found 15507 and it took: 64728.2ms
query [27061]: # of matches found 15505 and it took: 64827.7ms
query [27062]: # of matches found 15666 and it took: 65399ms
query [27063]: # of matches found 15584 and it took: 65225.7ms
query [27064]: # of matches found 15627 and it took: 66164.8ms
query [27065]: # of matches found 15676 and it took: 65458.3ms
query [27066]: # of matches found 15743 and it took: 65234.5ms
query [27067]: # of matches found 15799 and it took: 64629.3ms
query [27068]: # of matches found 15780 and it took: 64459.8ms
query [27069]: # of matches found 15762 and it took: 64895.5ms
query [27070]: # of matches found 15737 and it took: 64773.4ms
query [27071]: # of matches found 15725 and it took: 63841.7ms
query [27072]: # of matches found 15687 and it took: 63769.5ms
query [27073]: # of matches found 15640 and it took: 63258.4ms
query [27074]: # of matches found 15622 and it took: 63801.2ms
query [27075]: # of matches found 15850 and it took: 63477.8ms
query [27076]: # of matches found 15856 and it took: 63504.8ms
query [27077]: # of matches found 15825 and it took: 63038.4ms
query [27078]: # of matches found 15869 and it took: 62542ms
query [27079]: # of matches found 15880 and it took: 62408.5ms
query [27080]: # of matches found 15475 and it took: 62378.9ms
query [27081]: # of matches found 15427 and it took: 61879.5ms
query [27082]: # of matches found 15426 and it took: 62203.4ms
query [27083]: # of matches found 15425 and it took: 61471.4ms
query [27084]: # of matches found 15355 and it took: 61460.1ms
query [27085]: # of matches found 15386 and it took: 61062.1ms
query [27086]: # of matches found 15382 and it took: 61729.7ms
query [27087]: # of matches found 15390 and it took: 60908.3ms
query [27088]: # of matches found 15373 and it took: 60835.7ms
query [27089]: # of matches found 15936 and it took: 61124.5ms
query [27090]: # of matches found 15979 and it took: 61032.5ms
query [27091]: # of matches found 15968 and it took: 60366.8ms
query [27092]: # of matches found 16057 and it took: 61048.4ms
query [27093]: # of matches found 16045 and it took: 60778.3ms
query [27094]: # of matches found 16118 and it took: 61174ms
query [27095]: # of matches found 16098 and it took: 61039ms
query [27096]: # of matches found 16061 and it took: 61102ms
query [27097]: # of matches found 15835 and it took: 60783.5ms
query [27098]: # of matches found 15652 and it took: 60923ms
query [27099]: # of matches found 15630 and it took: 60925.2ms
query [27100]: # of matches found 15632 and it took: 60589ms
query [27101]: # of matches found 15645 and it took: 60028ms
query [27102]: # of matches found 15659 and it took: 60408.6ms
query [27103]: # of matches found 15653 and it took: 59923.7ms
query [27104]: # of matches found 15712 and it took: 60456.4ms
query [27105]: # of matches found 15724 and it took: 59908.1ms
query [27106]: # of matches found 15707 and it took: 59666.1ms
query [27107]: # of matches found 16134 and it took: 59345ms
query [27108]: # of matches found 16221 and it took: 59231.8ms
query [27109]: # of matches found 16389 and it took: 59311.5ms
query [27110]: # of matches found 16432 and it took: 59168.4ms
query [27111]: # of matches found 16360 and it took: 58919.3ms
query [27112]: # of matches found 16347 and it took: 59309.3ms
query [27113]: # of matches found 16400 and it took: 58865.4ms
query [27114]: # of matches found 16430 and it took: 58626ms
query [27115]: # of matches found 16446 and it took: 58803.9ms
query [27116]: # of matches found 16509 and it took: 59096.9ms
query [27117]: # of matches found 16567 and it took: 58320.5ms
query [27118]: # of matches found 16543 and it took: 58414.3ms
query [27119]: # of matches found 17178 and it took: 58526.3ms
query [27120]: # of matches found 17160 and it took: 58511.1ms
query [27121]: # of matches found 17191 and it took: 58230.2ms
query [27122]: # of matches found 17279 and it took: 58643.9ms
query [27123]: # of matches found 17349 and it took: 58306.4ms
query [27124]: # of matches found 17583 and it took: 58175.5ms
query [27125]: # of matches found 17764 and it took: 58231.5ms
query [27126]: # of matches found 17925 and it took: 58219.6ms
query [27127]: # of matches found 17497 and it took: 57994.3ms
query [27128]: # of matches found 17524 and it took: 58118.4ms
query [27129]: # of matches found 17485 and it took: 58192.1ms
query [27130]: # of matches found 17121 and it took: 58089.7ms
query [27131]: # of matches found 17196 and it took: 57660.4ms
query [27132]: # of matches found 16877 and it took: 58644.1ms
query [27133]: # of matches found 16692 and it took: 58099.7ms
query [27134]: # of matches found 16615 and it took: 58050.8ms
query [27135]: # of matches found 16626 and it took: 58472.9ms
query [27136]: # of matches found 16509 and it took: 58182.7ms
query [27137]: # of matches found 16500 and it took: 57872.4ms
query [27138]: # of matches found 16499 and it took: 58014.7ms
query [27139]: # of matches found 16477 and it took: 57781.8ms
query [27140]: # of matches found 16502 and it took: 57924.8ms
query [27141]: # of matches found 16453 and it took: 56890.3ms
query [27142]: # of matches found 16409 and it took: 57239.5ms
query [27143]: # of matches found 16416 and it took: 56859.7ms
query [27144]: # of matches found 16404 and it took: 56510.3ms
query [27145]: # of matches found 16409 and it took: 56790.9ms
query [27146]: # of matches found 16393 and it took: 56731ms
query [27147]: # of matches found 16416 and it took: 57141.1ms
query [27148]: # of matches found 16432 and it took: 56854.2ms
query [27149]: # of matches found 16486 and it took: 56487.3ms
query [27150]: # of matches found 16524 and it took: 56441.8ms
query [27151]: # of matches found 17590 and it took: 56183.3ms
query [27152]: # of matches found 17674 and it took: 56530ms
query [27153]: # of matches found 17879 and it took: 56138ms
query [27154]: # of matches found 18082 and it took: 55544.5ms
query [27155]: # of matches found 17853 and it took: 55754.8ms
query [27156]: # of matches found 17846 and it took: 55692.9ms
query [27157]: # of matches found 17822 and it took: 55713.9ms
query [27158]: # of matches found 17843 and it took: 56465.9ms
query [27159]: # of matches found 17767 and it took: 55594.5ms
query [27160]: # of matches found 17785 and it took: 55392.9ms
query [27161]: # of matches found 17737 and it took: 55188.6ms
query [27162]: # of matches found 17561 and it took: 55322.2ms
query [27163]: # of matches found 17452 and it took: 55124.9ms
query [27164]: # of matches found 17303 and it took: 54482.8ms
query [27165]: # of matches found 17356 and it took: 55246.7ms
query [27166]: # of matches found 17553 and it took: 54819.3ms
query [27167]: # of matches found 18257 and it took: 54920.5ms
query [27168]: # of matches found 18612 and it took: 54823.2ms
query [27169]: # of matches found 18271 and it took: 54606.2ms
query [27170]: # of matches found 18775 and it took: 54735.9ms
query [27171]: # of matches found 19669 and it took: 54975ms
query [27172]: # of matches found 19868 and it took: 54537.7ms
query [27173]: # of matches found 19969 and it took: 54196.5ms
query [27174]: # of matches found 20022 and it took: 54046.2ms
query [27175]: # of matches found 19954 and it took: 54180.3ms
query [27176]: # of matches found 19996 and it took: 53997.1ms
query [27177]: # of matches found 20042 and it took: 54036.8ms
query [27178]: # of matches found 19505 and it took: 53857.9ms
query [27179]: # of matches found 19470 and it took: 53624.1ms
query [27180]: # of matches found 19514 and it took: 54375.4ms
query [27181]: # of matches found 19474 and it took: 53732.8ms
query [27182]: # of matches found 19476 and it took: 53454.5ms
query [27183]: # of matches found 19479 and it took: 53657.5ms
query [27184]: # of matches found 19460 and it took: 52892.7ms
query [27185]: # of matches found 19457 and it took: 53448.9ms
query [27186]: # of matches found 19453 and it took: 52912ms
query [27187]: # of matches found 19362 and it took: 53086.3ms
query [27188]: # of matches found 19361 and it took: 53055.4ms
query [27189]: # of matches found 19359 and it took: 53272.1ms
query [27190]: # of matches found 19494 and it took: 52836.9ms
query [27191]: # of matches found 19467 and it took: 53115.4ms
query [27192]: # of matches found 19477 and it took: 52632.9ms
query [27193]: # of matches found 19467 and it took: 52469.6ms
query [27194]: # of matches found 19470 and it took: 52125.6ms
query [27195]: # of matches found 19451 and it took: 52456ms
query [27196]: # of matches found 19362 and it took: 52228.7ms
query [27197]: # of matches found 17159 and it took: 52279.6ms
query [27198]: # of matches found 17264 and it took: 52177.4ms
query [27199]: # of matches found 17369 and it took: 52275ms
query [27200]: # of matches found 17552 and it took: 52008.6ms
query [27201]: # of matches found 17580 and it took: 52203.3ms
query [27202]: # of matches found 17474 and it took: 51884.6ms
query [27203]: # of matches found 17708 and it took: 51724.3ms
query [27204]: # of matches found 17795 and it took: 51484ms
query [27205]: # of matches found 17817 and it took: 51790.7ms
query [27206]: # of matches found 17806 and it took: 51840ms
query [27207]: # of matches found 18301 and it took: 51910.7ms
query [27208]: # of matches found 18442 and it took: 51616.9ms
query [27209]: # of matches found 18397 and it took: 51599.4ms
query [27210]: # of matches found 18348 and it took: 51596.5ms
query [27211]: # of matches found 18642 and it took: 51705.7ms
query [27212]: # of matches found 18614 and it took: 51393.9ms
query [27213]: # of matches found 18675 and it took: 51400.5ms
query [27214]: # of matches found 18678 and it took: 51950.1ms
query [27215]: # of matches found 18566 and it took: 51454.5ms
query [27216]: # of matches found 18545 and it took: 51683.9ms
query [27217]: # of matches found 18633 and it took: 51617.8ms
query [27218]: # of matches found 18653 and it took: 51438.2ms
query [27219]: # of matches found 19261 and it took: 51683ms
query [27220]: # of matches found 19606 and it took: 51644.9ms
query [27221]: # of matches found 19989 and it took: 51728.4ms
query [27222]: # of matches found 20057 and it took: 51384.9ms
query [27223]: # of matches found 20022 and it took: 51389.2ms
query [27224]: # of matches found 20026 and it took: 51280ms
query [27225]: # of matches found 20024 and it took: 51392.2ms
query [27226]: # of matches found 20039 and it took: 51653ms
query [27227]: # of matches found 20623 and it took: 51387.5ms
query [27228]: # of matches found 20617 and it took: 51464.8ms
query [27229]: # of matches found 20011 and it took: 51521.4ms
query [27230]: # of matches found 20028 and it took: 51684.4ms
query [27231]: # of matches found 20099 and it took: 51727ms
query [27232]: # of matches found 20220 and it took: 51577.1ms
query [27233]: # of matches found 20232 and it took: 52104.9ms
query [27234]: # of matches found 20258 and it took: 51868.1ms
query [27235]: # of matches found 20154 and it took: 52038.4ms
query [27236]: # of matches found 20160 and it took: 52106.8ms
query [27237]: # of matches found 20195 and it took: 52068ms
query [27238]: # of matches found 20238 and it took: 51999.1ms
query [27239]: # of matches found 20243 and it took: 51845.9ms
query [27240]: # of matches found 20237 and it took: 51978.4ms
query [27241]: # of matches found 20169 and it took: 51875.2ms
query [27242]: # of matches found 20086 and it took: 51875.7ms
query [27243]: # of matches found 20075 and it took: 52117.2ms
query [27244]: # of matches found 20041 and it took: 52083.9ms
query [27245]: # of matches found 20037 and it took: 52349ms
query [27246]: # of matches found 20037 and it took: 52372.3ms
query [27247]: # of matches found 19609 and it took: 52386.2ms
query [27248]: # of matches found 19675 and it took: 52283.5ms
query [27249]: # of matches found 19535 and it took: 52749.8ms
query [27250]: # of matches found 19574 and it took: 52200.3ms
query [27251]: # of matches found 19751 and it took: 52071.4ms
query [27252]: # of matches found 19795 and it took: 52011ms
query [27253]: # of matches found 19754 and it took: 52128.5ms
query [27254]: # of matches found 19983 and it took: 52007ms
query [27255]: # of matches found 20037 and it took: 52217.2ms
query [27256]: # of matches found 20068 and it took: 52240.8ms
query [27257]: # of matches found 20188 and it took: 52264.3ms
query [27258]: # of matches found 20323 and it took: 52307.6ms
query [27259]: # of matches found 19716 and it took: 52349.5ms
query [27260]: # of matches found 19891 and it took: 52289.8ms
query [27261]: # of matches found 20137 and it took: 52366.2ms
query [27262]: # of matches found 20136 and it took: 52204.3ms
query [27263]: # of matches found 20124 and it took: 52525.3ms
query [27264]: # of matches found 20036 and it took: 52180ms
query [27265]: # of matches found 19756 and it took: 52397.7ms
query [27266]: # of matches found 19936 and it took: 52423.8ms
query [27267]: # of matches found 19803 and it took: 52411.2ms
query [27268]: # of matches found 19733 and it took: 52432.1ms
query [27269]: # of matches found 19668 and it took: 52109.1ms
query [27270]: # of matches found 19632 and it took: 52290.8ms
query [27271]: # of matches found 19644 and it took: 52376.4ms
query [27272]: # of matches found 19737 and it took: 52110ms
query [27273]: # of matches found 19722 and it took: 52365.8ms
query [27274]: # of matches found 19703 and it took: 52246.5ms
query [27275]: # of matches found 19550 and it took: 52393.4ms
query [27276]: # of matches found 19591 and it took: 52573.5ms
query [27277]: # of matches found 19828 and it took: 52468.1ms
query [27278]: # of matches found 19812 and it took: 52539.1ms
query [27279]: # of matches found 19805 and it took: 52316.6ms
query [27280]: # of matches found 19788 and it took: 52708.3ms
query [27281]: # of matches found 19756 and it took: 52780.8ms
query [27282]: # of matches found 19734 and it took: 52695.7ms
query [27283]: # of matches found 19773 and it took: 53349.5ms
query [27284]: # of matches found 19812 and it took: 52842.9ms
query [27285]: # of matches found 19806 and it took: 52885.8ms
query [27286]: # of matches found 19768 and it took: 53043.3ms
query [27287]: # of matches found 19750 and it took: 53154.7ms
query [27288]: # of matches found 19687 and it took: 53112.6ms
query [27289]: # of matches found 19690 and it took: 52917.1ms
query [27290]: # of matches found 19670 and it took: 53344.9ms
query [27291]: # of matches found 19614 and it took: 53401.9ms
query [27292]: # of matches found 19493 and it took: 53404.1ms
query [27293]: # of matches found 18222 and it took: 53555.8ms
query [27294]: # of matches found 17972 and it took: 53610.1ms
query [27295]: # of matches found 17974 and it took: 53912.1ms
query [27296]: # of matches found 18010 and it took: 54306.5ms
query [27297]: # of matches found 17998 and it took: 54051.5ms
query [27298]: # of matches found 18044 and it took: 53950.1ms
query [27299]: # of matches found 18010 and it took: 54226.5ms
query [27300]: # of matches found 17985 and it took: 54298.5ms
query [27301]: # of matches found 17969 and it took: 53937.2ms
query [27302]: # of matches found 17981 and it took: 54221.8ms
query [27303]: # of matches found 18071 and it took: 54236.5ms
query [27304]: # of matches found 18092 and it took: 54621ms
query [27305]: # of matches found 18209 and it took: 54934.9ms
query [27306]: # of matches found 18047 and it took: 54856ms
query [27307]: # of matches found 17413 and it took: 54987.4ms
query [27308]: # of matches found 16875 and it took: 55039.1ms
query [27309]: # of matches found 16356 and it took: 55134.5ms
query [27310]: # of matches found 15234 and it took: 55290.4ms
query [27311]: # of matches found 14323 and it took: 55106.7ms
query [27312]: # of matches found 13795 and it took: 55216.4ms
query [27313]: # of matches found 13729 and it took: 55566.4ms
query [27314]: # of matches found 13733 and it took: 55599.3ms
query [27315]: # of matches found 13804 and it took: 55863.2ms
query [27316]: # of matches found 13747 and it took: 55983.9ms
query [27317]: # of matches found 13708 and it took: 56018.8ms
query [27318]: # of matches found 13754 and it took: 55885.4ms
query [27319]: # of matches found 13766 and it took: 55926.3ms
query [27320]: # of matches found 13701 and it took: 56027ms
query [27321]: # of matches found 13691 and it took: 55907.7ms
query [27322]: # of matches found 13678 and it took: 55732.5ms
query [27323]: # of matches found 13663 and it took: 55731.3ms
query [27324]: # of matches found 13672 and it took: 56018.9ms
query [27325]: # of matches found 13666 and it took: 56498.4ms
query [27326]: # of matches found 13680 and it took: 56525.8ms
query [27327]: # of matches found 13682 and it took: 56399.4ms
query [27328]: # of matches found 13668 and it took: 56619.3ms
query [27329]: # of matches found 13702 and it took: 56736.7ms
query [27330]: # of matches found 13580 and it took: 56546.2ms
query [27331]: # of matches found 13594 and it took: 56389.9ms
query [27332]: # of matches found 13589 and it took: 56697.8ms
query [27333]: # of matches found 13619 and it took: 56685.6ms
query [27334]: # of matches found 13693 and it took: 56913.5ms
query [27335]: # of matches found 13654 and it took: 57013.5ms
query [27336]: # of matches found 13545 and it took: 57161.5ms
query [27337]: # of matches found 13512 and it took: 57166.6ms
query [27338]: # of matches found 13432 and it took: 56975.2ms
query [27339]: # of matches found 13457 and it took: 57033.1ms
query [27340]: # of matches found 13344 and it took: 56925.3ms
query [27341]: # of matches found 13331 and it took: 56720ms
query [27342]: # of matches found 13557 and it took: 56777.5ms
query [27343]: # of matches found 13407 and it took: 56726.4ms
query [27344]: # of matches found 13205 and it took: 56641.2ms
query [27345]: # of matches found 13602 and it took: 56945.5ms
query [27346]: # of matches found 13548 and it took: 56703.2ms
query [27347]: # of matches found 13039 and it took: 56883.3ms
query [27348]: # of matches found 12870 and it took: 57274.1ms
query [27349]: # of matches found 12853 and it took: 56792.8ms
query [27350]: # of matches found 12860 and it took: 56480ms
query [27351]: # of matches found 12647 and it took: 56474.4ms
query [27352]: # of matches found 12701 and it took: 56643.5ms
query [27353]: # of matches found 12812 and it took: 56565ms
query [27354]: # of matches found 12932 and it took: 56641.8ms
query [27355]: # of matches found 12991 and it took: 56977.3ms
query [27356]: # of matches found 14012 and it took: 56970.2ms
query [27357]: # of matches found 13984 and it took: 57031.1ms
query [27358]: # of matches found 13922 and it took: 57201.9ms
query [27359]: # of matches found 13428 and it took: 57101ms
query [27360]: # of matches found 13096 and it took: 56830.6ms
query [27361]: # of matches found 12922 and it took: 56878ms
query [27362]: # of matches found 12718 and it took: 56981.7ms
query [27363]: # of matches found 12684 and it took: 56963.3ms
query [27364]: # of matches found 12681 and it took: 56919.6ms
query [27365]: # of matches found 12619 and it took: 57566.7ms
query [27366]: # of matches found 12648 and it took: 57618ms
query [27367]: # of matches found 12598 and it took: 57863.1ms
query [27368]: # of matches found 12086 and it took: 58211ms
query [27369]: # of matches found 12061 and it took: 58451.2ms
query [27370]: # of matches found 11994 and it took: 58111.8ms
query [27371]: # of matches found 11950 and it took: 58285.9ms
query [27372]: # of matches found 11686 and it took: 58097.8ms
query [27373]: # of matches found 11714 and it took: 57919.6ms
query [27374]: # of matches found 11652 and it took: 57938ms
query [27375]: # of matches found 11610 and it took: 58672.5ms
query [27376]: # of matches found 11531 and it took: 58684.9ms
query [27377]: # of matches found 11534 and it took: 58961.7ms
query [27378]: # of matches found 11531 and it took: 58799.7ms
query [27379]: # of matches found 11543 and it took: 58915.3ms
query [27380]: # of matches found 11574 and it took: 59161.5ms
query [27381]: # of matches found 11614 and it took: 58758.1ms
query [27382]: # of matches found 11640 and it took: 58559.7ms
query [27383]: # of matches found 11701 and it took: 58354ms
query [27384]: # of matches found 11739 and it took: 58588.9ms
query [27385]: # of matches found 11769 and it took: 58895.5ms
query [27386]: # of matches found 11743 and it took: 58790.4ms
query [27387]: # of matches found 11814 and it took: 58938.9ms
query [27388]: # of matches found 12362 and it took: 59222.3ms
query [27389]: # of matches found 12884 and it took: 59343.5ms
query [27390]: # of matches found 12810 and it took: 58786.5ms
query [27391]: # of matches found 12667 and it took: 59205ms
query [27392]: # of matches found 12618 and it took: 58920.8ms
query [27393]: # of matches found 12594 and it took: 59036.3ms
query [27394]: # of matches found 12388 and it took: 59048.3ms
query [27395]: # of matches found 12174 and it took: 59882.4ms
query [27396]: # of matches found 12119 and it took: 59515.3ms
query [27397]: # of matches found 12028 and it took: 59927.3ms
query [27398]: # of matches found 11952 and it took: 60002.3ms
query [27399]: # of matches found 11805 and it took: 59864.5ms
query [27400]: # of matches found 11602 and it took: 59743.9ms
query [27401]: # of matches found 11590 and it took: 60371.1ms
query [27402]: # of matches found 11570 and it took: 59959ms
query [27403]: # of matches found 11405 and it took: 60068.7ms
query [27404]: # of matches found 11385 and it took: 59808.2ms
query [27405]: # of matches found 11443 and it took: 60539ms
query [27406]: # of matches found 11359 and it took: 60132ms
query [27407]: # of matches found 11351 and it took: 60212.5ms
query [27408]: # of matches found 11507 and it took: 60531.7ms
query [27409]: # of matches found 11633 and it took: 60178.2ms
query [27410]: # of matches found 11646 and it took: 60458.7ms
query [27411]: # of matches found 11614 and it took: 60410.8ms
query [27412]: # of matches found 11492 and it took: 59920.5ms
query [27413]: # of matches found 11458 and it took: 59990.8ms
query [27414]: # of matches found 11455 and it took: 59287.4ms
query [27415]: # of matches found 11457 and it took: 59770ms
query [27416]: # of matches found 11975 and it took: 59702.7ms
query [27417]: # of matches found 12026 and it took: 60098.3ms
query [27418]: # of matches found 11790 and it took: 60153.7ms
query [27419]: # of matches found 11817 and it took: 59591.5ms
query [27420]: # of matches found 11855 and it took: 59677.3ms
query [27421]: # of matches found 11879 and it took: 59868.9ms
query [27422]: # of matches found 11878 and it took: 59799.4ms
query [27423]: # of matches found 11844 and it took: 59642.7ms
query [27424]: # of matches found 11863 and it took: 59295.3ms
query [27425]: # of matches found 11869 and it took: 59801.3ms
query [27426]: # of matches found 11836 and it took: 59581ms
query [27427]: # of matches found 11855 and it took: 60702.3ms
query [27428]: # of matches found 11863 and it took: 60352.4ms
query [27429]: # of matches found 11867 and it took: 59438.8ms
query [27430]: # of matches found 11806 and it took: 59379.4ms
query [27431]: # of matches found 11809 and it took: 59453.3ms
query [27432]: # of matches found 11841 and it took: 59384.6ms
query [27433]: # of matches found 11869 and it took: 59005.8ms
query [27434]: # of matches found 11862 and it took: 59291.7ms
query [27435]: # of matches found 11851 and it took: 59269.3ms
query [27436]: # of matches found 11889 and it took: 58688ms
query [27437]: # of matches found 11961 and it took: 58738.2ms
query [27438]: # of matches found 12070 and it took: 58566.6ms
query [27439]: # of matches found 12094 and it took: 58129.4ms
query [27440]: # of matches found 12145 and it took: 58619.2ms
query [27441]: # of matches found 12206 and it took: 58105.2ms
query [27442]: # of matches found 12265 and it took: 58208.9ms
query [27443]: # of matches found 12281 and it took: 57600.5ms
query [27444]: # of matches found 12243 and it took: 58013.2ms
query [27445]: # of matches found 12183 and it took: 58172.1ms
query [27446]: # of matches found 12149 and it took: 57743ms
query [27447]: # of matches found 12162 and it took: 58042.6ms
query [27448]: # of matches found 12180 and it took: 57842.9ms
query [27449]: # of matches found 12160 and it took: 57663ms
query [27450]: # of matches found 12167 and it took: 57624.3ms
query [27451]: # of matches found 12165 and it took: 57767.6ms
query [27452]: # of matches found 12174 and it took: 58397.4ms
query [27453]: # of matches found 12194 and it took: 58054.4ms
query [27454]: # of matches found 12407 and it took: 59059.4ms
query [27455]: # of matches found 12501 and it took: 59363.5ms
query [27456]: # of matches found 12509 and it took: 59243ms
query [27457]: # of matches found 12522 and it took: 59879.4ms
query [27458]: # of matches found 12505 and it took: 59781.2ms
query [27459]: # of matches found 12527 and it took: 59688.7ms
query [27460]: # of matches found 12538 and it took: 59953.6ms
query [27461]: # of matches found 12586 and it took: 59856.2ms
query [27462]: # of matches found 13227 and it took: 60132.5ms
query [27463]: # of matches found 13237 and it took: 60144.3ms
query [27464]: # of matches found 13241 and it took: 60253.9ms
query [27465]: # of matches found 13245 and it took: 60598.5ms
query [27466]: # of matches found 13260 and it took: 61059.9ms
query [27467]: # of matches found 13266 and it took: 60935.9ms
query [27468]: # of matches found 13246 and it took: 61187ms
query [27469]: # of matches found 13238 and it took: 61144.8ms
query [27470]: # of matches found 13237 and it took: 61807ms
query [27471]: # of matches found 13197 and it took: 61567.7ms
query [27472]: # of matches found 13174 and it took: 61342.6ms
query [27473]: # of matches found 13146 and it took: 61385.1ms
query [27474]: # of matches found 13138 and it took: 61810.2ms
query [27475]: # of matches found 13016 and it took: 62278.6ms
query [27476]: # of matches found 12972 and it took: 61826ms
query [27477]: # of matches found 12968 and it took: 62239.6ms
query [27478]: # of matches found 13012 and it took: 62214.4ms
query [27479]: # of matches found 12847 and it took: 61952.9ms
query [27480]: # of matches found 12720 and it took: 62571.6ms
query [27481]: # of matches found 12646 and it took: 63021.6ms
query [27482]: # of matches found 12415 and it took: 63392.2ms
query [27483]: # of matches found 12311 and it took: 63663.1ms
query [27484]: # of matches found 12433 and it took: 63513.8ms
query [27485]: # of matches found 12053 and it took: 63606.8ms
query [27486]: # of matches found 12080 and it took: 64326.8ms
query [27487]: # of matches found 12152 and it took: 64172.6ms
query [27488]: # of matches found 12170 and it took: 64449.1ms
query [27489]: # of matches found 12186 and it took: 63138ms
query [27490]: # of matches found 12215 and it took: 63709.8ms
query [27491]: # of matches found 12152 and it took: 64281.9ms
query [27492]: # of matches found 12153 and it took: 64158.9ms
query [27493]: # of matches found 12085 and it took: 63993.8ms
query [27494]: # of matches found 11989 and it took: 64262.7ms
query [27495]: # of matches found 11895 and it took: 64322ms
query [27496]: # of matches found 10849 and it took: 63925.2ms
query [27497]: # of matches found 10766 and it took: 63638.6ms
query [27498]: # of matches found 10790 and it took: 63497.3ms
query [27499]: # of matches found 10710 and it took: 63929.4ms
query [27500]: # of matches found 10583 and it took: 63534.3ms
query [27501]: # of matches found 10506 and it took: 63716.6ms
query [27502]: # of matches found 10490 and it took: 63534.4ms
query [27503]: # of matches found 10480 and it took: 63426.3ms
query [27504]: # of matches found 10505 and it took: 63681.1ms
query [27505]: # of matches found 10565 and it took: 63486.6ms
query [27506]: # of matches found 10589 and it took: 63527.6ms
query [27507]: # of matches found 10636 and it took: 63224ms
query [27508]: # of matches found 10645 and it took: 62959.2ms
query [27509]: # of matches found 10731 and it took: 62396.1ms
query [27510]: # of matches found 10903 and it took: 62816.7ms
query [27511]: # of matches found 10927 and it took: 63348.5ms
query [27512]: # of matches found 10973 and it took: 63011.7ms
query [27513]: # of matches found 10995 and it took: 62503.9ms
query [27514]: # of matches found 11037 and it took: 62854ms
query [27515]: # of matches found 11151 and it took: 63078.6ms
query [27516]: # of matches found 11183 and it took: 63180.9ms
query [27517]: # of matches found 11170 and it took: 63084.5ms
query [27518]: # of matches found 11134 and it took: 63373.9ms
query [27519]: # of matches found 11136 and it took: 63455ms
query [27520]: # of matches found 11223 and it took: 63699.2ms
query [27521]: # of matches found 11261 and it took: 63585.4ms
query [27522]: # of matches found 11263 and it took: 63854.2ms
query [27523]: # of matches found 11215 and it took: 63659.3ms
query [27524]: # of matches found 11320 and it took: 63693.8ms
query [27525]: # of matches found 11348 and it took: 64074ms
query [27526]: # of matches found 11386 and it took: 64056.9ms
query [27527]: # of matches found 11549 and it took: 64922.1ms
query [27528]: # of matches found 11016 and it took: 64088.6ms
query [27529]: # of matches found 10511 and it took: 64682ms
query [27530]: # of matches found 10554 and it took: 64398.3ms
query [27531]: # of matches found 11034 and it took: 64217.5ms
query [27532]: # of matches found 11094 and it took: 64330.4ms
query [27533]: # of matches found 11151 and it took: 63957.8ms
query [27534]: # of matches found 11152 and it took: 64112.6ms
query [27535]: # of matches found 11302 and it took: 63578.3ms
query [27536]: # of matches found 33472 and it took: 63622.8ms
query [27537]: # of matches found 33475 and it took: 63549.3ms
query [27538]: # of matches found 33475 and it took: 63425.6ms
query [27539]: # of matches found 33474 and it took: 63872.6ms
query [27540]: # of matches found 33391 and it took: 63652.8ms
query [27541]: # of matches found 33372 and it took: 63582.7ms
query [27542]: # of matches found 33299 and it took: 63650.5ms
query [27543]: # of matches found 33189 and it took: 63458.8ms
query [27544]: # of matches found 33210 and it took: 63517.2ms
query [27545]: # of matches found 33072 and it took: 63213.2ms
query [27546]: # of matches found 32977 and it took: 63036.2ms
query [27547]: # of matches found 33005 and it took: 62921.3ms
query [27548]: # of matches found 32885 and it took: 63134.8ms
query [27549]: # of matches found 33015 and it took: 63230ms
query [27550]: # of matches found 33100 and it took: 63125.1ms
query [27551]: # of matches found 33263 and it took: 62826.7ms
query [27552]: # of matches found 33584 and it took: 62768.9ms
query [27553]: # of matches found 35770 and it took: 62426.6ms
query [27554]: # of matches found 38015 and it took: 62540ms
query [27555]: # of matches found 38312 and it took: 62047.4ms
query [27556]: # of matches found 40910 and it took: 62149ms
query [27557]: # of matches found 41024 and it took: 61744.9ms
query [27558]: # of matches found 41035 and it took: 61554.7ms
query [27559]: # of matches found 40993 and it took: 61950.5ms
query [27560]: # of matches found 40962 and it took: 61578.2ms
query [27561]: # of matches found 41004 and it took: 61265.6ms
query [27562]: # of matches found 40995 and it took: 61516ms
query [27563]: # of matches found 41009 and it took: 61359.8ms
query [27564]: # of matches found 41020 and it took: 61439ms
query [27565]: # of matches found 41018 and it took: 61292ms
query [27566]: # of matches found 41059 and it took: 61145.3ms
query [27567]: # of matches found 41043 and it took: 61544.1ms
query [27568]: # of matches found 41138 and it took: 61219.9ms
query [27569]: # of matches found 41181 and it took: 61561.3ms
query [27570]: # of matches found 41206 and it took: 61378.1ms
query [27571]: # of matches found 41244 and it took: 60971.6ms
query [27572]: # of matches found 41256 and it took: 60816.5ms
query [27573]: # of matches found 41286 and it took: 60787.5ms
query [27574]: # of matches found 41336 and it took: 61064.1ms
query [27575]: # of matches found 41359 and it took: 60933.9ms
query [27576]: # of matches found 41436 and it took: 60724.7ms
query [27577]: # of matches found 41313 and it took: 60759ms
query [27578]: # of matches found 41221 and it took: 60825.4ms
query [27579]: # of matches found 41197 and it took: 60786.3ms
query [27580]: # of matches found 41174 and it took: 60683ms
query [27581]: # of matches found 41096 and it took: 60911.1ms
query [27582]: # of matches found 41050 and it took: 60846.3ms
query [27583]: # of matches found 41105 and it took: 60408.1ms
query [27584]: # of matches found 41073 and it took: 60573.4ms
query [27585]: # of matches found 41076 and it took: 60745.3ms
query [27586]: # of matches found 41785 and it took: 60358.7ms
query [27587]: # of matches found 41739 and it took: 60295.1ms
query [27588]: # of matches found 41737 and it took: 60041.5ms
query [27589]: # of matches found 41781 and it took: 59953ms
query [27590]: # of matches found 41793 and it took: 59740.1ms
query [27591]: # of matches found 41796 and it took: 59297ms
query [27592]: # of matches found 41806 and it took: 59161ms
query [27593]: # of matches found 41892 and it took: 59091.3ms
query [27594]: # of matches found 41731 and it took: 59087.6ms
query [27595]: # of matches found 41444 and it took: 57701.6ms
query [27596]: # of matches found 41461 and it took: 57496.6ms
query [27597]: # of matches found 41446 and it took: 57173.5ms
query [27598]: # of matches found 41606 and it took: 57340.6ms
query [27599]: # of matches found 41677 and it took: 57659.5ms
query [27600]: # of matches found 41788 and it took: 57178.8ms
query [27601]: # of matches found 42071 and it took: 56831.4ms
query [27602]: # of matches found 41655 and it took: 56985.2ms
query [27603]: # of matches found 42174 and it took: 56901.7ms
query [27604]: # of matches found 42237 and it took: 57157.6ms
query [27605]: # of matches found 42367 and it took: 57150.8ms
query [27606]: # of matches found 42551 and it took: 56962.8ms
query [27607]: # of matches found 42637 and it took: 56466.1ms
query [27608]: # of matches found 42664 and it took: 56805.9ms
query [27609]: # of matches found 42749 and it took: 56839.4ms
query [27610]: # of matches found 42758 and it took: 56553.9ms
query [27611]: # of matches found 42833 and it took: 56384.4ms
query [27612]: # of matches found 42840 and it took: 56467.8ms
query [27613]: # of matches found 42821 and it took: 56150.7ms
query [27614]: # of matches found 43055 and it took: 56157.1ms
query [27615]: # of matches found 43086 and it took: 56017.3ms
query [27616]: # of matches found 43099 and it took: 56261.1ms
query [27617]: # of matches found 43100 and it took: 55396.5ms
query [27618]: # of matches found 43038 and it took: 55580.3ms
query [27619]: # of matches found 43080 and it took: 55675.6ms
query [27620]: # of matches found 43177 and it took: 55398.1ms
query [27621]: # of matches found 43188 and it took: 55558.3ms
query [27622]: # of matches found 43209 and it took: 55423.2ms
query [27623]: # of matches found 43291 and it took: 55222.7ms
query [27624]: # of matches found 43358 and it took: 55302.2ms
query [27625]: # of matches found 43162 and it took: 55117.5ms
query [27626]: # of matches found 43418 and it took: 55115ms
query [27627]: # of matches found 43350 and it took: 54201ms
query [27628]: # of matches found 43371 and it took: 54122ms
query [27629]: # of matches found 43376 and it took: 54041.4ms
query [27630]: # of matches found 43363 and it took: 53788.4ms
query [27631]: # of matches found 43349 and it took: 53917.2ms
query [27632]: # of matches found 43293 and it took: 53751.7ms
query [27633]: # of matches found 43228 and it took: 53766.2ms
query [27634]: # of matches found 43177 and it took: 53655.4ms
query [27635]: # of matches found 43132 and it took: 53683ms
query [27636]: # of matches found 43158 and it took: 53736.3ms
query [27637]: # of matches found 43195 and it took: 53404.6ms
query [27638]: # of matches found 43211 and it took: 53537.9ms
query [27639]: # of matches found 43237 and it took: 53508.9ms
query [27640]: # of matches found 43260 and it took: 53185.9ms
query [27641]: # of matches found 43260 and it took: 53443.3ms
query [27642]: # of matches found 43258 and it took: 53254.2ms
query [27643]: # of matches found 43301 and it took: 53144.1ms
query [27644]: # of matches found 43370 and it took: 53173.5ms
query [27645]: # of matches found 45365 and it took: 53144.2ms
query [27646]: # of matches found 45373 and it took: 52922ms
query [27647]: # of matches found 45353 and it took: 52392.1ms
query [27648]: # of matches found 45291 and it took: 52713.7ms
query [27649]: # of matches found 45230 and it took: 53085.1ms
query [27650]: # of matches found 45164 and it took: 52051.3ms
query [27651]: # of matches found 45145 and it took: 52206.6ms
query [27652]: # of matches found 45070 and it took: 52033ms
query [27653]: # of matches found 44991 and it took: 52165.9ms
query [27654]: # of matches found 44968 and it took: 52043.2ms
query [27655]: # of matches found 44925 and it took: 51936.9ms
query [27656]: # of matches found 44825 and it took: 51811.1ms
query [27657]: # of matches found 44857 and it took: 51588.7ms
query [27658]: # of matches found 44888 and it took: 51828.5ms
query [27659]: # of matches found 44942 and it took: 51584.6ms
query [27660]: # of matches found 44843 and it took: 51496.3ms
query [27661]: # of matches found 44806 and it took: 51822.2ms
query [27662]: # of matches found 44751 and it took: 51492.9ms
query [27663]: # of matches found 44750 and it took: 51594.5ms
query [27664]: # of matches found 44641 and it took: 51599.1ms
query [27665]: # of matches found 44546 and it took: 51769.1ms
query [27666]: # of matches found 44484 and it took: 51587.3ms
query [27667]: # of matches found 44425 and it took: 51243.3ms
query [27668]: # of matches found 44381 and it took: 51421.7ms
