no kmerRangesFileAddressArg!
no otherToolArg!
**********************CONFIGURATIONS*****************************
PARMIK mode:                  3
readDatabaseAddress:          /p/lava/parmik/partialMatcherProject/datasets/metagenomicDB/SRR14381434/SRR14381434_reads
readFileName:                 SRR14381434_reads
queryFileAddress:             /p/lava/parmik/partialMatcherProject/datasets/queryFiles/covidQueryFiles/NC_045512_chunks/NC_045512_queries_25000-25999
queryFileName:                NC_045512_queries_25000-25999
otherToolOutputFileAddress:   /u/rgq5aw/GIT/PARMIK/partialMatcherProject/tools/blast/SRR14381434/NC_045512/blastn_ws30_results.out
outputDir:                    /p/lava/parmik/partialMatcherProject/tools/baseline_ssw/SRR14381434/NC_045512
penaltyFileAddress:           /u/rgq5aw/GIT/PARMIK/experiments/parmik/CK_SSW_ID_PRCNTG/PenaltySets/2484_1111_2444_2288_2848
kmerRangesFileAddress:        
readsCount:                   17000000
queryCount:                   30000
kmerLength:                   11
regionSize:                   48
cheapKmerThreshold:           0
identityPercentage:           0.85
minExactMatchLen:             0
minNumExactMatchKmer:         0
isIndexOffline:               1
offlineIndexAddress:          /p/lava/parmik/partialMatcherProject/tools/parmik/CK_INDEX/SRR14381434/
max editDistance in min region: 2
**********************CONFIGURATIONS*****************************
--------------Penalties--------------
m: 2, s: 4, go: 8, ge: 4
m: 1, s: 1, go: 1, ge: 1
m: 2, s: 4, go: 4, ge: 4
m: 2, s: 2, go: 8, ge: 8
m: 2, s: 8, go: 4, ge: 8
------------------------------------
numberOfReadsWithN : 0
queryCount : 1000
numberOfReadsWithN : 0
readCount : 9488668
offlineCheapIndexAddress: /p/lava/parmik/partialMatcherProject/tools/parmik/CK_INDEX/SRR14381434/ck_T0_K11_r17000000
pmrkAlignmentsAddress: /p/lava/parmik/partialMatcherProject/tools/baseline_ssw/SRR14381434/NC_045512/aln/pmAln_R48_PI85_L0_M0_E2_K11_T0_P_2484_1111_2444_2288_2848.txt
Starting alignment for all queries [fwd]...
queryBaseIndex: 25000
query [25000]: # of matches found 23373 and it took: 52933.1ms
query [25001]: # of matches found 23326 and it took: 53265.3ms
query [25002]: # of matches found 23554 and it took: 52491ms
query [25003]: # of matches found 105172 and it took: 52624.2ms
query [25004]: # of matches found 105065 and it took: 53604.3ms
query [25005]: # of matches found 104878 and it took: 53390.5ms
query [25006]: # of matches found 104781 and it took: 53036.6ms
query [25007]: # of matches found 104839 and it took: 53377.6ms
query [25008]: # of matches found 104666 and it took: 53469.5ms
query [25009]: # of matches found 104718 and it took: 53507.3ms
query [25010]: # of matches found 104650 and it took: 53509.7ms
query [25011]: # of matches found 104619 and it took: 54227.5ms
query [25012]: # of matches found 104654 and it took: 53497.3ms
query [25013]: # of matches found 104706 and it took: 53636.4ms
query [25014]: # of matches found 104758 and it took: 54421.6ms
query [25015]: # of matches found 104758 and it took: 54352.2ms
query [25016]: # of matches found 104713 and it took: 54141.4ms
query [25017]: # of matches found 104742 and it took: 54362.2ms
query [25018]: # of matches found 104685 and it took: 54567.8ms
query [25019]: # of matches found 104259 and it took: 55175.1ms
query [25020]: # of matches found 103895 and it took: 54178ms
query [25021]: # of matches found 103433 and it took: 54543.5ms
query [25022]: # of matches found 102460 and it took: 54001.1ms
query [25023]: # of matches found 102246 and it took: 54078.1ms
query [25024]: # of matches found 102235 and it took: 54874.8ms
query [25025]: # of matches found 102127 and it took: 54415.2ms
query [25026]: # of matches found 102079 and it took: 54188.2ms
query [25027]: # of matches found 101887 and it took: 54494.6ms
query [25028]: # of matches found 102198 and it took: 54706.7ms
query [25029]: # of matches found 102162 and it took: 54561ms
query [25030]: # of matches found 102165 and it took: 54257.4ms
query [25031]: # of matches found 102199 and it took: 54496ms
query [25032]: # of matches found 102173 and it took: 54040ms
query [25033]: # of matches found 102150 and it took: 54050.7ms
query [25034]: # of matches found 102172 and it took: 54866.1ms
query [25035]: # of matches found 102280 and it took: 54680.4ms
query [25036]: # of matches found 102311 and it took: 54334.1ms
query [25037]: # of matches found 102247 and it took: 54855ms
query [25038]: # of matches found 100089 and it took: 54952.1ms
query [25039]: # of matches found 100072 and it took: 54912.4ms
query [25040]: # of matches found 99989 and it took: 54708ms
query [25041]: # of matches found 99259 and it took: 54750.9ms
query [25042]: # of matches found 99257 and it took: 54325.1ms
query [25043]: # of matches found 99252 and it took: 54342.9ms
query [25044]: # of matches found 99321 and it took: 54968.3ms
query [25045]: # of matches found 99731 and it took: 54938.8ms
query [25046]: # of matches found 99615 and it took: 54819.3ms
query [25047]: # of matches found 99615 and it took: 54763.8ms
query [25048]: # of matches found 99628 and it took: 55203.8ms
query [25049]: # of matches found 99589 and it took: 54792.1ms
query [25050]: # of matches found 99130 and it took: 54831.2ms
query [25051]: # of matches found 99120 and it took: 54926.7ms
query [25052]: # of matches found 99142 and it took: 55633.4ms
query [25053]: # of matches found 100367 and it took: 54457.7ms
query [25054]: # of matches found 100392 and it took: 55115.2ms
query [25055]: # of matches found 100484 and it took: 54802.2ms
query [25056]: # of matches found 100556 and it took: 54680.3ms
query [25057]: # of matches found 100514 and it took: 54637ms
query [25058]: # of matches found 100541 and it took: 54906.1ms
query [25059]: # of matches found 100404 and it took: 54300.4ms
query [25060]: # of matches found 100359 and it took: 54359.9ms
query [25061]: # of matches found 100346 and it took: 53995ms
query [25062]: # of matches found 100400 and it took: 53975.2ms
query [25063]: # of matches found 100385 and it took: 53915.2ms
query [25064]: # of matches found 100367 and it took: 54319.5ms
query [25065]: # of matches found 100301 and it took: 54279.3ms
query [25066]: # of matches found 100280 and it took: 53965.1ms
query [25067]: # of matches found 100258 and it took: 54258.8ms
query [25068]: # of matches found 100283 and it took: 54415.7ms
query [25069]: # of matches found 100747 and it took: 54406.3ms
query [25070]: # of matches found 100732 and it took: 53882.2ms
query [25071]: # of matches found 100681 and it took: 54016.5ms
query [25072]: # of matches found 99253 and it took: 54077.9ms
query [25073]: # of matches found 99205 and it took: 53836.5ms
query [25074]: # of matches found 99208 and it took: 54367.8ms
query [25075]: # of matches found 99221 and it took: 54057.8ms
query [25076]: # of matches found 99212 and it took: 53908.2ms
query [25077]: # of matches found 99094 and it took: 54165.2ms
query [25078]: # of matches found 98966 and it took: 54095.5ms
query [25079]: # of matches found 98986 and it took: 54120.9ms
query [25080]: # of matches found 98985 and it took: 53829.9ms
query [25081]: # of matches found 98919 and it took: 54150.2ms
query [25082]: # of matches found 98910 and it took: 54001ms
query [25083]: # of matches found 98962 and it took: 53950.6ms
query [25084]: # of matches found 98996 and it took: 54219.2ms
query [25085]: # of matches found 99062 and it took: 54541.4ms
query [25086]: # of matches found 99027 and it took: 53837.9ms
query [25087]: # of matches found 99013 and it took: 54354.7ms
query [25088]: # of matches found 98997 and it took: 54668.6ms
query [25089]: # of matches found 98871 and it took: 54501.5ms
query [25090]: # of matches found 97636 and it took: 54295.5ms
query [25091]: # of matches found 97736 and it took: 54590.9ms
query [25092]: # of matches found 97709 and it took: 54625.1ms
query [25093]: # of matches found 97074 and it took: 54495.7ms
query [25094]: # of matches found 96813 and it took: 54694.8ms
query [25095]: # of matches found 96412 and it took: 54450.2ms
query [25096]: # of matches found 96330 and it took: 54188ms
query [25097]: # of matches found 96249 and it took: 54904.8ms
query [25098]: # of matches found 95887 and it took: 54831.3ms
query [25099]: # of matches found 95713 and it took: 54796.8ms
query [25100]: # of matches found 95513 and it took: 54685.9ms
query [25101]: # of matches found 95185 and it took: 54920.8ms
query [25102]: # of matches found 94935 and it took: 54996.2ms
query [25103]: # of matches found 94745 and it took: 54848ms
query [25104]: # of matches found 94785 and it took: 55207.2ms
query [25105]: # of matches found 94863 and it took: 55073.1ms
query [25106]: # of matches found 94926 and it took: 54882ms
query [25107]: # of matches found 99189 and it took: 55535.8ms
query [25108]: # of matches found 99264 and it took: 55234.8ms
query [25109]: # of matches found 99314 and it took: 55227.8ms
query [25110]: # of matches found 99212 and it took: 55073.7ms
query [25111]: # of matches found 99222 and it took: 55036.3ms
query [25112]: # of matches found 99092 and it took: 55168.3ms
query [25113]: # of matches found 99029 and it took: 55156ms
query [25114]: # of matches found 99005 and it took: 55467.7ms
query [25115]: # of matches found 99068 and it took: 55101.9ms
query [25116]: # of matches found 100653 and it took: 54676.5ms
query [25117]: # of matches found 100637 and it took: 55426ms
query [25118]: # of matches found 100624 and it took: 55133.2ms
query [25119]: # of matches found 100611 and it took: 54902.6ms
query [25120]: # of matches found 100644 and it took: 54788ms
query [25121]: # of matches found 100990 and it took: 54968ms
query [25122]: # of matches found 101027 and it took: 55203.5ms
query [25123]: # of matches found 101099 and it took: 54853.4ms
query [25124]: # of matches found 101144 and it took: 55049.7ms
query [25125]: # of matches found 101163 and it took: 55430.1ms
query [25126]: # of matches found 101142 and it took: 54994ms
query [25127]: # of matches found 101087 and it took: 55646.9ms
query [25128]: # of matches found 100817 and it took: 55313.3ms
query [25129]: # of matches found 100794 and it took: 55595ms
query [25130]: # of matches found 100760 and it took: 55150.7ms
query [25131]: # of matches found 100818 and it took: 55648.1ms
query [25132]: # of matches found 100715 and it took: 55966.5ms
query [25133]: # of matches found 100322 and it took: 55865.9ms
query [25134]: # of matches found 100152 and it took: 55794ms
query [25135]: # of matches found 103035 and it took: 56200.7ms
query [25136]: # of matches found 102933 and it took: 55973.5ms
query [25137]: # of matches found 102787 and it took: 56842.9ms
query [25138]: # of matches found 102629 and it took: 56375.4ms
query [25139]: # of matches found 102622 and it took: 56406.1ms
query [25140]: # of matches found 102655 and it took: 56045.8ms
query [25141]: # of matches found 102704 and it took: 56473.2ms
query [25142]: # of matches found 102658 and it took: 56791.5ms
query [25143]: # of matches found 23973 and it took: 56756.1ms
query [25144]: # of matches found 20782 and it took: 56295.7ms
query [25145]: # of matches found 20661 and it took: 56382.8ms
query [25146]: # of matches found 20674 and it took: 56415.1ms
query [25147]: # of matches found 20484 and it took: 56934ms
query [25148]: # of matches found 20516 and it took: 56180.6ms
query [25149]: # of matches found 20855 and it took: 56534.5ms
query [25150]: # of matches found 21004 and it took: 56881.7ms
query [25151]: # of matches found 20981 and it took: 57888.2ms
query [25152]: # of matches found 20986 and it took: 57956.7ms
query [25153]: # of matches found 20937 and it took: 58222.1ms
query [25154]: # of matches found 20862 and it took: 56689.5ms
query [25155]: # of matches found 20829 and it took: 56954ms
query [25156]: # of matches found 20874 and it took: 57015.5ms
query [25157]: # of matches found 20821 and it took: 57627.9ms
query [25158]: # of matches found 20821 and it took: 56487.7ms
query [25159]: # of matches found 20766 and it took: 56973.9ms
query [25160]: # of matches found 20788 and it took: 56683ms
query [25161]: # of matches found 20945 and it took: 57747.6ms
query [25162]: # of matches found 20924 and it took: 58025.3ms
query [25163]: # of matches found 20964 and it took: 58043.2ms
query [25164]: # of matches found 20672 and it took: 56253.7ms
query [25165]: # of matches found 20726 and it took: 56968.1ms
query [25166]: # of matches found 20829 and it took: 57392.3ms
query [25167]: # of matches found 20816 and it took: 57430.2ms
query [25168]: # of matches found 20551 and it took: 56202ms
query [25169]: # of matches found 20556 and it took: 56318.4ms
query [25170]: # of matches found 20589 and it took: 56546.4ms
query [25171]: # of matches found 20586 and it took: 56765.6ms
query [25172]: # of matches found 20600 and it took: 57102.1ms
query [25173]: # of matches found 20630 and it took: 57345.3ms
query [25174]: # of matches found 20914 and it took: 56414.8ms
query [25175]: # of matches found 21032 and it took: 57355.5ms
query [25176]: # of matches found 21062 and it took: 57827ms
query [25177]: # of matches found 21116 and it took: 57992.1ms
query [25178]: # of matches found 21254 and it took: 56669ms
query [25179]: # of matches found 21296 and it took: 57619.6ms
query [25180]: # of matches found 21331 and it took: 57424.2ms
query [25181]: # of matches found 21384 and it took: 57918.2ms
query [25182]: # of matches found 21416 and it took: 57198.1ms
query [25183]: # of matches found 21496 and it took: 57360.3ms
query [25184]: # of matches found 21543 and it took: 56385.5ms
query [25185]: # of matches found 21649 and it took: 57155.8ms
query [25186]: # of matches found 21603 and it took: 57254.3ms
query [25187]: # of matches found 21538 and it took: 57555.5ms
query [25188]: # of matches found 23283 and it took: 56656.5ms
query [25189]: # of matches found 23272 and it took: 57682.9ms
query [25190]: # of matches found 23436 and it took: 57720.1ms
query [25191]: # of matches found 23570 and it took: 57945.8ms
query [25192]: # of matches found 23626 and it took: 57766.5ms
query [25193]: # of matches found 23670 and it took: 58154.9ms
query [25194]: # of matches found 23660 and it took: 57433.2ms
query [25195]: # of matches found 23579 and it took: 57881.4ms
query [25196]: # of matches found 22216 and it took: 58946.2ms
query [25197]: # of matches found 22354 and it took: 59042.3ms
query [25198]: # of matches found 22717 and it took: 57495ms
query [25199]: # of matches found 22814 and it took: 58916.8ms
query [25200]: # of matches found 22809 and it took: 60085.9ms
query [25201]: # of matches found 22776 and it took: 59518.5ms
query [25202]: # of matches found 22792 and it took: 58959.9ms
query [25203]: # of matches found 22857 and it took: 59586.7ms
query [25204]: # of matches found 23089 and it took: 59337.9ms
query [25205]: # of matches found 23181 and it took: 59786.6ms
query [25206]: # of matches found 23250 and it took: 60257.2ms
query [25207]: # of matches found 23309 and it took: 59944.6ms
query [25208]: # of matches found 23377 and it took: 59334.5ms
query [25209]: # of matches found 22920 and it took: 61384.3ms
query [25210]: # of matches found 22910 and it took: 61509.2ms
query [25211]: # of matches found 23070 and it took: 61554.2ms
query [25212]: # of matches found 23113 and it took: 61402.8ms
query [25213]: # of matches found 23111 and it took: 61563.4ms
query [25214]: # of matches found 23158 and it took: 60557ms
query [25215]: # of matches found 23130 and it took: 61237.3ms
query [25216]: # of matches found 23729 and it took: 62322.4ms
query [25217]: # of matches found 23751 and it took: 61981.9ms
query [25218]: # of matches found 23775 and it took: 60736.1ms
query [25219]: # of matches found 23761 and it took: 62804.3ms
query [25220]: # of matches found 23747 and it took: 62970.5ms
query [25221]: # of matches found 23789 and it took: 62720.7ms
query [25222]: # of matches found 23910 and it took: 61552.4ms
query [25223]: # of matches found 23875 and it took: 62467.8ms
query [25224]: # of matches found 23824 and it took: 61037.5ms
query [25225]: # of matches found 23838 and it took: 61325.7ms
query [25226]: # of matches found 23841 and it took: 61436.6ms
query [25227]: # of matches found 23951 and it took: 60780.3ms
query [25228]: # of matches found 23942 and it took: 60245.6ms
query [25229]: # of matches found 24115 and it took: 61552.5ms
query [25230]: # of matches found 24481 and it took: 61248.2ms
query [25231]: # of matches found 24521 and it took: 61741.3ms
query [25232]: # of matches found 24600 and it took: 60915.8ms
query [25233]: # of matches found 24410 and it took: 61323ms
query [25234]: # of matches found 24513 and it took: 60322.2ms
query [25235]: # of matches found 24576 and it took: 60701.8ms
query [25236]: # of matches found 24617 and it took: 60595.8ms
query [25237]: # of matches found 27043 and it took: 60442ms
query [25238]: # of matches found 26999 and it took: 60051.7ms
query [25239]: # of matches found 26995 and it took: 61506.1ms
query [25240]: # of matches found 27012 and it took: 61009.3ms
query [25241]: # of matches found 27018 and it took: 61709ms
query [25242]: # of matches found 26975 and it took: 60798.6ms
query [25243]: # of matches found 26995 and it took: 61108.5ms
query [25244]: # of matches found 26878 and it took: 59504.2ms
query [25245]: # of matches found 26737 and it took: 60114.9ms
query [25246]: # of matches found 26662 and it took: 60251ms
query [25247]: # of matches found 22368 and it took: 59525ms
query [25248]: # of matches found 22293 and it took: 59205.5ms
query [25249]: # of matches found 22442 and it took: 60804.4ms
query [25250]: # of matches found 22454 and it took: 60512.1ms
query [25251]: # of matches found 22544 and it took: 60542.6ms
query [25252]: # of matches found 22621 and it took: 60022.9ms
query [25253]: # of matches found 23009 and it took: 61165.2ms
query [25254]: # of matches found 23149 and it took: 59171.4ms
query [25255]: # of matches found 23138 and it took: 59864.8ms
query [25256]: # of matches found 21467 and it took: 59827.7ms
query [25257]: # of matches found 23761 and it took: 59308.2ms
query [25258]: # of matches found 23906 and it took: 59105.5ms
query [25259]: # of matches found 23890 and it took: 61210.3ms
query [25260]: # of matches found 23865 and it took: 61252.4ms
query [25261]: # of matches found 23435 and it took: 61254.9ms
query [25262]: # of matches found 23460 and it took: 60861.7ms
query [25263]: # of matches found 23421 and it took: 61389.1ms
query [25264]: # of matches found 23330 and it took: 59030.6ms
query [25265]: # of matches found 23340 and it took: 59588.5ms
query [25266]: # of matches found 23358 and it took: 59609ms
query [25267]: # of matches found 23465 and it took: 58989.7ms
query [25268]: # of matches found 23474 and it took: 58965.5ms
query [25269]: # of matches found 23484 and it took: 61277.3ms
query [25270]: # of matches found 23421 and it took: 61510ms
query [25271]: # of matches found 23661 and it took: 61714.1ms
query [25272]: # of matches found 23711 and it took: 60211ms
query [25273]: # of matches found 23689 and it took: 60394.8ms
query [25274]: # of matches found 23586 and it took: 58074.3ms
query [25275]: # of matches found 20639 and it took: 58285.8ms
query [25276]: # of matches found 20634 and it took: 58407.6ms
query [25277]: # of matches found 20618 and it took: 58273ms
query [25278]: # of matches found 20600 and it took: 57497.3ms
query [25279]: # of matches found 20599 and it took: 59618.4ms
query [25280]: # of matches found 20616 and it took: 59476.5ms
query [25281]: # of matches found 20561 and it took: 59081.4ms
query [25282]: # of matches found 21625 and it took: 58706.5ms
query [25283]: # of matches found 21609 and it took: 58631.7ms
query [25284]: # of matches found 21643 and it took: 56303.6ms
query [25285]: # of matches found 21728 and it took: 56676.1ms
query [25286]: # of matches found 21759 and it took: 56910.4ms
query [25287]: # of matches found 21741 and it took: 56964.7ms
query [25288]: # of matches found 21900 and it took: 56287.9ms
query [25289]: # of matches found 21549 and it took: 58598.3ms
query [25290]: # of matches found 21462 and it took: 58661.1ms
query [25291]: # of matches found 21495 and it took: 58315.2ms
query [25292]: # of matches found 21496 and it took: 58228.4ms
query [25293]: # of matches found 21659 and it took: 58345.8ms
query [25294]: # of matches found 21756 and it took: 55938.2ms
query [25295]: # of matches found 21768 and it took: 56396.3ms
query [25296]: # of matches found 21931 and it took: 56575.9ms
query [25297]: # of matches found 21904 and it took: 56084.6ms
query [25298]: # of matches found 21838 and it took: 55774.5ms
query [25299]: # of matches found 21795 and it took: 56024.5ms
query [25300]: # of matches found 21758 and it took: 55774.9ms
query [25301]: # of matches found 21624 and it took: 56128.2ms
query [25302]: # of matches found 21619 and it took: 56787.5ms
query [25303]: # of matches found 21613 and it took: 55647.1ms
query [25304]: # of matches found 21723 and it took: 55157.9ms
query [25305]: # of matches found 21681 and it took: 55547.9ms
query [25306]: # of matches found 21518 and it took: 55625.1ms
query [25307]: # of matches found 21551 and it took: 55282.3ms
query [25308]: # of matches found 21571 and it took: 55007.3ms
query [25309]: # of matches found 21515 and it took: 55332.1ms
query [25310]: # of matches found 21553 and it took: 55451.1ms
query [25311]: # of matches found 21595 and it took: 55637.8ms
query [25312]: # of matches found 21580 and it took: 55569.6ms
query [25313]: # of matches found 21559 and it took: 55316.7ms
query [25314]: # of matches found 21347 and it took: 55033.1ms
query [25315]: # of matches found 21135 and it took: 55377.7ms
query [25316]: # of matches found 21041 and it took: 55127.6ms
query [25317]: # of matches found 20958 and it took: 55066.5ms
query [25318]: # of matches found 20739 and it took: 55148ms
query [25319]: # of matches found 20662 and it took: 55388.8ms
query [25320]: # of matches found 20654 and it took: 54915.9ms
query [25321]: # of matches found 20619 and it took: 55147.1ms
query [25322]: # of matches found 20594 and it took: 55090.7ms
query [25323]: # of matches found 20847 and it took: 55017.9ms
query [25324]: # of matches found 20807 and it took: 55024.8ms
query [25325]: # of matches found 20386 and it took: 55376.5ms
query [25326]: # of matches found 20327 and it took: 55127.9ms
query [25327]: # of matches found 20333 and it took: 55062.2ms
query [25328]: # of matches found 18612 and it took: 55036ms
query [25329]: # of matches found 20660 and it took: 54988.1ms
query [25330]: # of matches found 20432 and it took: 54889.5ms
query [25331]: # of matches found 21545 and it took: 55308.1ms
query [25332]: # of matches found 21467 and it took: 55222.6ms
query [25333]: # of matches found 21421 and it took: 55280.4ms
query [25334]: # of matches found 21442 and it took: 55012.4ms
query [25335]: # of matches found 21444 and it took: 56252.8ms
query [25336]: # of matches found 21447 and it took: 54942.3ms
query [25337]: # of matches found 21364 and it took: 55044.7ms
query [25338]: # of matches found 20921 and it took: 55090ms
query [25339]: # of matches found 20836 and it took: 55467.2ms
query [25340]: # of matches found 20920 and it took: 55449.9ms
query [25341]: # of matches found 20967 and it took: 55908.4ms
query [25342]: # of matches found 20927 and it took: 55700.7ms
query [25343]: # of matches found 20961 and it took: 55891.9ms
query [25344]: # of matches found 20720 and it took: 55984.9ms
query [25345]: # of matches found 20562 and it took: 56486.8ms
query [25346]: # of matches found 20519 and it took: 56327.3ms
query [25347]: # of matches found 20466 and it took: 56127.8ms
query [25348]: # of matches found 20404 and it took: 56245.9ms
query [25349]: # of matches found 20391 and it took: 56311.5ms
query [25350]: # of matches found 20396 and it took: 56179.8ms
query [25351]: # of matches found 20511 and it took: 56324.9ms
query [25352]: # of matches found 20339 and it took: 56385.9ms
query [25353]: # of matches found 20394 and it took: 56607.8ms
query [25354]: # of matches found 20335 and it took: 56174.5ms
query [25355]: # of matches found 20408 and it took: 56891.3ms
query [25356]: # of matches found 20387 and it took: 56583.7ms
query [25357]: # of matches found 20359 and it took: 56563.7ms
query [25358]: # of matches found 19742 and it took: 56841.2ms
query [25359]: # of matches found 19710 and it took: 57054.7ms
query [25360]: # of matches found 19702 and it took: 57003.7ms
query [25361]: # of matches found 19680 and it took: 56997.6ms
query [25362]: # of matches found 19515 and it took: 56998.1ms
query [25363]: # of matches found 19603 and it took: 57446.1ms
query [25364]: # of matches found 19610 and it took: 57386.4ms
query [25365]: # of matches found 19551 and it took: 58934.8ms
query [25366]: # of matches found 19508 and it took: 58922.6ms
query [25367]: # of matches found 19401 and it took: 58812.4ms
query [25368]: # of matches found 19415 and it took: 59196.3ms
query [25369]: # of matches found 19316 and it took: 59222.1ms
query [25370]: # of matches found 19225 and it took: 58641.1ms
query [25371]: # of matches found 18916 and it took: 58643.2ms
query [25372]: # of matches found 19816 and it took: 58526.2ms
query [25373]: # of matches found 19748 and it took: 58905.9ms
query [25374]: # of matches found 19664 and it took: 58312.3ms
query [25375]: # of matches found 19512 and it took: 59857.3ms
query [25376]: # of matches found 19427 and it took: 59507.9ms
query [25377]: # of matches found 17010 and it took: 58746.5ms
query [25378]: # of matches found 17020 and it took: 59539.3ms
query [25379]: # of matches found 16988 and it took: 59691.7ms
query [25380]: # of matches found 16990 and it took: 59594ms
query [25381]: # of matches found 16960 and it took: 59437.6ms
query [25382]: # of matches found 16953 and it took: 59167.5ms
query [25383]: # of matches found 16930 and it took: 59237.7ms
query [25384]: # of matches found 17003 and it took: 58747.2ms
query [25385]: # of matches found 17048 and it took: 59943ms
query [25386]: # of matches found 17054 and it took: 59609.4ms
query [25387]: # of matches found 17172 and it took: 59196.5ms
query [25388]: # of matches found 17259 and it took: 59852.7ms
query [25389]: # of matches found 17054 and it took: 60131.9ms
query [25390]: # of matches found 17056 and it took: 59755.6ms
query [25391]: # of matches found 17043 and it took: 60053.2ms
query [25392]: # of matches found 17113 and it took: 59889.6ms
query [25393]: # of matches found 16817 and it took: 59809.5ms
query [25394]: # of matches found 16690 and it took: 59612.5ms
query [25395]: # of matches found 16690 and it took: 60825.8ms
query [25396]: # of matches found 16701 and it took: 61121.1ms
query [25397]: # of matches found 16555 and it took: 61266.4ms
query [25398]: # of matches found 14317 and it took: 61510.8ms
query [25399]: # of matches found 14886 and it took: 61826.9ms
query [25400]: # of matches found 15004 and it took: 61322.1ms
query [25401]: # of matches found 15030 and it took: 61313.8ms
query [25402]: # of matches found 15119 and it took: 61231.3ms
query [25403]: # of matches found 15213 and it took: 61308.6ms
query [25404]: # of matches found 15212 and it took: 60841.9ms
query [25405]: # of matches found 15347 and it took: 61822.3ms
query [25406]: # of matches found 15436 and it took: 61778.2ms
query [25407]: # of matches found 15481 and it took: 60816.6ms
query [25408]: # of matches found 15557 and it took: 61511.5ms
query [25409]: # of matches found 15602 and it took: 61757.1ms
query [25410]: # of matches found 15950 and it took: 61122.3ms
query [25411]: # of matches found 15792 and it took: 61077.3ms
query [25412]: # of matches found 15756 and it took: 60871.7ms
query [25413]: # of matches found 15786 and it took: 60786.7ms
query [25414]: # of matches found 15862 and it took: 60033.1ms
query [25415]: # of matches found 15877 and it took: 61197.8ms
query [25416]: # of matches found 16063 and it took: 60858.6ms
query [25417]: # of matches found 16028 and it took: 60458.2ms
query [25418]: # of matches found 16042 and it took: 60994ms
query [25419]: # of matches found 16041 and it took: 61257.1ms
query [25420]: # of matches found 15990 and it took: 60677ms
query [25421]: # of matches found 16027 and it took: 60923.3ms
query [25422]: # of matches found 14919 and it took: 60547.3ms
query [25423]: # of matches found 14989 and it took: 60440.5ms
query [25424]: # of matches found 15063 and it took: 60121.9ms
query [25425]: # of matches found 14977 and it took: 60684.7ms
query [25426]: # of matches found 14877 and it took: 61000ms
query [25427]: # of matches found 14928 and it took: 59828.7ms
query [25428]: # of matches found 14906 and it took: 60194.4ms
query [25429]: # of matches found 14966 and it took: 60586.7ms
query [25430]: # of matches found 14952 and it took: 60158.4ms
query [25431]: # of matches found 15986 and it took: 60303.3ms
query [25432]: # of matches found 16124 and it took: 60056.2ms
query [25433]: # of matches found 17144 and it took: 60141.1ms
query [25434]: # of matches found 17016 and it took: 59665.1ms
query [25435]: # of matches found 16958 and it took: 60496.6ms
query [25436]: # of matches found 16734 and it took: 59922.2ms
query [25437]: # of matches found 16689 and it took: 59177.6ms
query [25438]: # of matches found 16694 and it took: 59266.4ms
query [25439]: # of matches found 16667 and it took: 59650.1ms
query [25440]: # of matches found 16637 and it took: 59000.3ms
query [25441]: # of matches found 16677 and it took: 59196.8ms
query [25442]: # of matches found 17469 and it took: 59499.7ms
query [25443]: # of matches found 17534 and it took: 59384.8ms
query [25444]: # of matches found 17437 and it took: 58836.6ms
query [25445]: # of matches found 17419 and it took: 59061.7ms
query [25446]: # of matches found 17698 and it took: 59041.4ms
query [25447]: # of matches found 18042 and it took: 58463.6ms
query [25448]: # of matches found 18146 and it took: 58626.1ms
query [25449]: # of matches found 18332 and it took: 58951.4ms
query [25450]: # of matches found 18345 and it took: 58192.7ms
query [25451]: # of matches found 18307 and it took: 58612.3ms
query [25452]: # of matches found 18325 and it took: 58963.7ms
query [25453]: # of matches found 18518 and it took: 58692.3ms
query [25454]: # of matches found 18572 and it took: 58175ms
query [25455]: # of matches found 18606 and it took: 58605.2ms
query [25456]: # of matches found 18633 and it took: 58056.5ms
query [25457]: # of matches found 18704 and it took: 58303.7ms
query [25458]: # of matches found 18682 and it took: 57844.6ms
query [25459]: # of matches found 18734 and it took: 58000.8ms
query [25460]: # of matches found 18715 and it took: 57507.4ms
query [25461]: # of matches found 20605 and it took: 57887ms
query [25462]: # of matches found 20556 and it took: 58424.2ms
query [25463]: # of matches found 20320 and it took: 57911.5ms
query [25464]: # of matches found 20289 and it took: 57872.1ms
query [25465]: # of matches found 20314 and it took: 58330.7ms
query [25466]: # of matches found 20354 and it took: 58450.3ms
query [25467]: # of matches found 20349 and it took: 58041.3ms
query [25468]: # of matches found 20318 and it took: 58186.1ms
query [25469]: # of matches found 18110 and it took: 58439.1ms
query [25470]: # of matches found 18073 and it took: 57608.4ms
query [25471]: # of matches found 16824 and it took: 58280.6ms
query [25472]: # of matches found 16788 and it took: 58596.3ms
query [25473]: # of matches found 16762 and it took: 58410.6ms
query [25474]: # of matches found 16709 and it took: 58027ms
query [25475]: # of matches found 16849 and it took: 58558.8ms
query [25476]: # of matches found 16840 and it took: 58375.4ms
query [25477]: # of matches found 16917 and it took: 57616.7ms
query [25478]: # of matches found 16930 and it took: 57641.5ms
query [25479]: # of matches found 16986 and it took: 57646.1ms
query [25480]: # of matches found 16958 and it took: 56660.8ms
query [25481]: # of matches found 17047 and it took: 56907.9ms
query [25482]: # of matches found 17164 and it took: 56605.1ms
query [25483]: # of matches found 17170 and it took: 56404.5ms
query [25484]: # of matches found 17155 and it took: 56041.5ms
query [25485]: # of matches found 17883 and it took: 56054.3ms
query [25486]: # of matches found 17993 and it took: 55865.6ms
query [25487]: # of matches found 18124 and it took: 55491.7ms
query [25488]: # of matches found 18174 and it took: 55958.3ms
query [25489]: # of matches found 18195 and it took: 55307.2ms
query [25490]: # of matches found 18254 and it took: 54810.1ms
query [25491]: # of matches found 20876 and it took: 55049.7ms
query [25492]: # of matches found 20964 and it took: 54965ms
query [25493]: # of matches found 20967 and it took: 54826.3ms
query [25494]: # of matches found 20991 and it took: 54810ms
query [25495]: # of matches found 20981 and it took: 54899.6ms
query [25496]: # of matches found 21028 and it took: 54685.9ms
query [25497]: # of matches found 21078 and it took: 54590.2ms
query [25498]: # of matches found 21216 and it took: 54654.1ms
query [25499]: # of matches found 25027 and it took: 54695.6ms
query [25500]: # of matches found 26569 and it took: 54089.8ms
query [25501]: # of matches found 26976 and it took: 54223.7ms
query [25502]: # of matches found 27128 and it took: 54256.8ms
query [25503]: # of matches found 29995 and it took: 54385.1ms
query [25504]: # of matches found 30137 and it took: 54156.5ms
query [25505]: # of matches found 30946 and it took: 54092.7ms
query [25506]: # of matches found 30962 and it took: 53890.3ms
query [25507]: # of matches found 31061 and it took: 53878.3ms
query [25508]: # of matches found 31118 and it took: 53872.7ms
query [25509]: # of matches found 31181 and it took: 54025.5ms
query [25510]: # of matches found 31198 and it took: 53667.7ms
query [25511]: # of matches found 31219 and it took: 53965.5ms
query [25512]: # of matches found 30250 and it took: 53871.7ms
query [25513]: # of matches found 30290 and it took: 53812.8ms
query [25514]: # of matches found 30323 and it took: 53671ms
query [25515]: # of matches found 30352 and it took: 53693.6ms
query [25516]: # of matches found 30410 and it took: 53567.6ms
query [25517]: # of matches found 30387 and it took: 53518.9ms
query [25518]: # of matches found 30446 and it took: 53547.9ms
query [25519]: # of matches found 30459 and it took: 53664.9ms
query [25520]: # of matches found 30411 and it took: 53012ms
query [25521]: # of matches found 30431 and it took: 54095.8ms
query [25522]: # of matches found 30446 and it took: 53481.8ms
query [25523]: # of matches found 30418 and it took: 53379.4ms
query [25524]: # of matches found 30322 and it took: 53184ms
query [25525]: # of matches found 30350 and it took: 53184.8ms
query [25526]: # of matches found 30365 and it took: 53020.4ms
query [25527]: # of matches found 30234 and it took: 52844ms
query [25528]: # of matches found 30152 and it took: 52824.7ms
query [25529]: # of matches found 30159 and it took: 53012.8ms
query [25530]: # of matches found 30201 and it took: 52627.3ms
query [25531]: # of matches found 30127 and it took: 52894ms
query [25532]: # of matches found 30096 and it took: 52968.4ms
query [25533]: # of matches found 29992 and it took: 52996.5ms
query [25534]: # of matches found 29986 and it took: 52938.1ms
query [25535]: # of matches found 29978 and it took: 52696.2ms
query [25536]: # of matches found 29865 and it took: 52900.4ms
query [25537]: # of matches found 29927 and it took: 53067ms
query [25538]: # of matches found 30004 and it took: 52885ms
query [25539]: # of matches found 29518 and it took: 53073.8ms
query [25540]: # of matches found 29670 and it took: 52682.8ms
query [25541]: # of matches found 30091 and it took: 52750.5ms
query [25542]: # of matches found 30186 and it took: 53245ms
query [25543]: # of matches found 30797 and it took: 53530ms
query [25544]: # of matches found 31041 and it took: 53245.7ms
query [25545]: # of matches found 31045 and it took: 53598.1ms
query [25546]: # of matches found 30979 and it took: 53597.8ms
query [25547]: # of matches found 30990 and it took: 53487.6ms
query [25548]: # of matches found 30884 and it took: 53845.9ms
query [25549]: # of matches found 30945 and it took: 53973.1ms
query [25550]: # of matches found 30556 and it took: 53591.8ms
query [25551]: # of matches found 30629 and it took: 53751.4ms
query [25552]: # of matches found 30758 and it took: 54203ms
query [25553]: # of matches found 30722 and it took: 54217.2ms
query [25554]: # of matches found 30605 and it took: 54063.8ms
query [25555]: # of matches found 30552 and it took: 54755.4ms
query [25556]: # of matches found 30332 and it took: 54154.1ms
query [25557]: # of matches found 30328 and it took: 53620.2ms
query [25558]: # of matches found 30328 and it took: 54144.6ms
query [25559]: # of matches found 30349 and it took: 54109.6ms
query [25560]: # of matches found 30379 and it took: 53657.4ms
query [25561]: # of matches found 30366 and it took: 53520.9ms
query [25562]: # of matches found 30345 and it took: 53885.2ms
query [25563]: # of matches found 30299 and it took: 53767.2ms
query [25564]: # of matches found 30231 and it took: 53634.8ms
query [25565]: # of matches found 30526 and it took: 53926.6ms
query [25566]: # of matches found 30567 and it took: 53925.3ms
query [25567]: # of matches found 30602 and it took: 53627.2ms
query [25568]: # of matches found 30471 and it took: 54100.6ms
query [25569]: # of matches found 30474 and it took: 54229ms
query [25570]: # of matches found 32439 and it took: 53846.3ms
query [25571]: # of matches found 32408 and it took: 53526.5ms
query [25572]: # of matches found 31282 and it took: 53967.4ms
query [25573]: # of matches found 30238 and it took: 53556.9ms
query [25574]: # of matches found 30200 and it took: 53448.3ms
query [25575]: # of matches found 30276 and it took: 53755.1ms
query [25576]: # of matches found 30273 and it took: 53533.7ms
query [25577]: # of matches found 30265 and it took: 53296.6ms
query [25578]: # of matches found 30262 and it took: 53690.3ms
query [25579]: # of matches found 30236 and it took: 53612.2ms
query [25580]: # of matches found 30168 and it took: 53235.7ms
query [25581]: # of matches found 30144 and it took: 52863.1ms
query [25582]: # of matches found 30089 and it took: 53396.2ms
query [25583]: # of matches found 29124 and it took: 53156.5ms
query [25584]: # of matches found 29075 and it took: 52882.8ms
query [25585]: # of matches found 29065 and it took: 53104.9ms
query [25586]: # of matches found 29118 and it took: 53243.3ms
query [25587]: # of matches found 28570 and it took: 52978.7ms
query [25588]: # of matches found 28576 and it took: 53996.5ms
query [25589]: # of matches found 28371 and it took: 53185.1ms
query [25590]: # of matches found 28393 and it took: 53009.4ms
query [25591]: # of matches found 28585 and it took: 52478.9ms
query [25592]: # of matches found 28750 and it took: 53010.7ms
query [25593]: # of matches found 28579 and it took: 52838.7ms
query [25594]: # of matches found 28536 and it took: 52680.9ms
query [25595]: # of matches found 28531 and it took: 52465.6ms
query [25596]: # of matches found 28521 and it took: 52951.2ms
query [25597]: # of matches found 28474 and it took: 52595.9ms
query [25598]: # of matches found 28481 and it took: 52889.8ms
query [25599]: # of matches found 28427 and it took: 52977.1ms
query [25600]: # of matches found 28421 and it took: 52589.2ms
query [25601]: # of matches found 26494 and it took: 51906.3ms
query [25602]: # of matches found 26565 and it took: 52337.1ms
query [25603]: # of matches found 26573 and it took: 52147.8ms
query [25604]: # of matches found 26571 and it took: 52134.6ms
query [25605]: # of matches found 26484 and it took: 52083ms
query [25606]: # of matches found 26539 and it took: 52274.9ms
query [25607]: # of matches found 26532 and it took: 51977.5ms
query [25608]: # of matches found 26553 and it took: 52094.7ms
query [25609]: # of matches found 26587 and it took: 52196ms
query [25610]: # of matches found 26704 and it took: 51878.4ms
query [25611]: # of matches found 26708 and it took: 51392ms
query [25612]: # of matches found 26783 and it took: 52105ms
query [25613]: # of matches found 26801 and it took: 51649.3ms
query [25614]: # of matches found 26855 and it took: 51638.7ms
query [25615]: # of matches found 26877 and it took: 51612ms
query [25616]: # of matches found 27018 and it took: 51650.8ms
query [25617]: # of matches found 26972 and it took: 51814.9ms
query [25618]: # of matches found 27337 and it took: 51847.2ms
query [25619]: # of matches found 27280 and it took: 51706ms
query [25620]: # of matches found 27271 and it took: 51955.3ms
query [25621]: # of matches found 27280 and it took: 51537.9ms
query [25622]: # of matches found 27161 and it took: 52099.3ms
query [25623]: # of matches found 27278 and it took: 53003.9ms
query [25624]: # of matches found 27247 and it took: 52015.7ms
query [25625]: # of matches found 26517 and it took: 51869.6ms
query [25626]: # of matches found 26409 and it took: 52034.5ms
query [25627]: # of matches found 26319 and it took: 52294.1ms
query [25628]: # of matches found 26298 and it took: 52176.8ms
query [25629]: # of matches found 26338 and it took: 51929ms
query [25630]: # of matches found 26372 and it took: 51764ms
query [25631]: # of matches found 23811 and it took: 51755.4ms
query [25632]: # of matches found 23827 and it took: 52063.4ms
query [25633]: # of matches found 25385 and it took: 51657.2ms
query [25634]: # of matches found 25476 and it took: 51629.3ms
query [25635]: # of matches found 25510 and it took: 51713.6ms
query [25636]: # of matches found 25571 and it took: 51740ms
query [25637]: # of matches found 25584 and it took: 52066.2ms
query [25638]: # of matches found 25566 and it took: 52027ms
query [25639]: # of matches found 25312 and it took: 51979.5ms
query [25640]: # of matches found 21394 and it took: 51864.8ms
query [25641]: # of matches found 21092 and it took: 51506.8ms
query [25642]: # of matches found 20105 and it took: 51969.3ms
query [25643]: # of matches found 17516 and it took: 51780ms
query [25644]: # of matches found 17350 and it took: 51876.8ms
query [25645]: # of matches found 16269 and it took: 51872.7ms
query [25646]: # of matches found 16154 and it took: 52022.6ms
query [25647]: # of matches found 16061 and it took: 52202.5ms
query [25648]: # of matches found 16046 and it took: 52019.1ms
query [25649]: # of matches found 15910 and it took: 52104.1ms
query [25650]: # of matches found 15861 and it took: 52008.8ms
query [25651]: # of matches found 15862 and it took: 51915.5ms
query [25652]: # of matches found 15872 and it took: 52092.1ms
query [25653]: # of matches found 15883 and it took: 51776.2ms
query [25654]: # of matches found 15876 and it took: 51844.9ms
query [25655]: # of matches found 15902 and it took: 51900.8ms
query [25656]: # of matches found 16101 and it took: 51832.3ms
query [25657]: # of matches found 16158 and it took: 52391.7ms
query [25658]: # of matches found 16132 and it took: 51631.4ms
query [25659]: # of matches found 16164 and it took: 51512.3ms
query [25660]: # of matches found 16161 and it took: 51309ms
query [25661]: # of matches found 16184 and it took: 51178.9ms
query [25662]: # of matches found 16166 and it took: 51526.8ms
query [25663]: # of matches found 16212 and it took: 51390.6ms
query [25664]: # of matches found 16221 and it took: 51357.9ms
query [25665]: # of matches found 16222 and it took: 51280.2ms
query [25666]: # of matches found 17132 and it took: 51255.9ms
query [25667]: # of matches found 17147 and it took: 51336.6ms
query [25668]: # of matches found 17161 and it took: 51148.5ms
query [25669]: # of matches found 17163 and it took: 51299.2ms
query [25670]: # of matches found 17139 and it took: 51095.1ms
query [25671]: # of matches found 17157 and it took: 50948.2ms
query [25672]: # of matches found 17220 and it took: 51232.6ms
query [25673]: # of matches found 17165 and it took: 51039.8ms
query [25674]: # of matches found 17183 and it took: 51268.9ms
query [25675]: # of matches found 17228 and it took: 51216.9ms
query [25676]: # of matches found 17226 and it took: 51096ms
query [25677]: # of matches found 17224 and it took: 51014.6ms
query [25678]: # of matches found 17165 and it took: 51145.2ms
query [25679]: # of matches found 17155 and it took: 51164.6ms
query [25680]: # of matches found 16886 and it took: 50870.4ms
query [25681]: # of matches found 16304 and it took: 50629.1ms
query [25682]: # of matches found 16283 and it took: 50647.8ms
query [25683]: # of matches found 15544 and it took: 50136.2ms
query [25684]: # of matches found 17402 and it took: 50044.9ms
query [25685]: # of matches found 17303 and it took: 50031.2ms
query [25686]: # of matches found 17383 and it took: 50102.4ms
query [25687]: # of matches found 17421 and it took: 50119.8ms
query [25688]: # of matches found 17548 and it took: 49710.9ms
query [25689]: # of matches found 17517 and it took: 49886.8ms
query [25690]: # of matches found 17509 and it took: 49665.1ms
query [25691]: # of matches found 17316 and it took: 49648.3ms
query [25692]: # of matches found 17215 and it took: 49827.7ms
query [25693]: # of matches found 17252 and it took: 50175.4ms
query [25694]: # of matches found 17271 and it took: 49758.4ms
query [25695]: # of matches found 17327 and it took: 49818.7ms
query [25696]: # of matches found 17342 and it took: 49987.1ms
query [25697]: # of matches found 17375 and it took: 50105.6ms
