no kmerRangesFileAddressArg!
no otherToolArg!
**********************CONFIGURATIONS*****************************
PARMIK mode:                  3
readDatabaseAddress:          /p/lava/parmik/partialMatcherProject/datasets/metagenomicDB/SRR14381434/SRR14381434_reads
readFileName:                 SRR14381434_reads
queryFileAddress:             /p/lava/parmik/partialMatcherProject/datasets/queryFiles/covidQueryFiles/NC_045512_chunks/NC_045512_queries_26000-26999
queryFileName:                NC_045512_queries_26000-26999
otherToolOutputFileAddress:   /u/rgq5aw/GIT/PARMIK/partialMatcherProject/tools/blast/SRR14381434/NC_045512/blastn_ws30_results.out
outputDir:                    /p/lava/parmik/partialMatcherProject/tools/baseline_ssw/SRR14381434/NC_045512
penaltyFileAddress:           /u/rgq5aw/GIT/PARMIK/experiments/parmik/CK_SSW_ID_PRCNTG/PenaltySets/2484_1111_2444_2288_2848
kmerRangesFileAddress:        
readsCount:                   17000000
queryCount:                   30000
kmerLength:                   11
regionSize:                   48
cheapKmerThreshold:           0
identityPercentage:           0.85
minExactMatchLen:             0
minNumExactMatchKmer:         0
isIndexOffline:               1
offlineIndexAddress:          /p/lava/parmik/partialMatcherProject/tools/parmik/CK_INDEX/SRR14381434/
max editDistance in min region: 2
**********************CONFIGURATIONS*****************************
--------------Penalties--------------
m: 2, s: 4, go: 8, ge: 4
m: 1, s: 1, go: 1, ge: 1
m: 2, s: 4, go: 4, ge: 4
m: 2, s: 2, go: 8, ge: 8
m: 2, s: 8, go: 4, ge: 8
------------------------------------
numberOfReadsWithN : 0
queryCount : 1000
numberOfReadsWithN : 0
readCount : 9488668
offlineCheapIndexAddress: /p/lava/parmik/partialMatcherProject/tools/parmik/CK_INDEX/SRR14381434/ck_T0_K11_r17000000
pmrkAlignmentsAddress: /p/lava/parmik/partialMatcherProject/tools/baseline_ssw/SRR14381434/NC_045512/aln/pmAln_R48_PI85_L0_M0_E2_K11_T0_P_2484_1111_2444_2288_2848.txt
Starting alignment for all queries [fwd]...
queryBaseIndex: 26000
query [26000]: # of matches found 16102 and it took: 59457.9ms
query [26001]: # of matches found 16111 and it took: 59134.6ms
query [26002]: # of matches found 16112 and it took: 59749.4ms
query [26003]: # of matches found 16076 and it took: 59990.3ms
query [26004]: # of matches found 16060 and it took: 59483.1ms
query [26005]: # of matches found 16127 and it took: 59950.3ms
query [26006]: # of matches found 16189 and it took: 59492.9ms
query [26007]: # of matches found 16167 and it took: 59627.1ms
query [26008]: # of matches found 16114 and it took: 59475.3ms
query [26009]: # of matches found 16014 and it took: 59514.3ms
query [26010]: # of matches found 16342 and it took: 60071.5ms
query [26011]: # of matches found 16261 and it took: 59669.5ms
query [26012]: # of matches found 16253 and it took: 60210.3ms
query [26013]: # of matches found 16260 and it took: 59964.1ms
query [26014]: # of matches found 16242 and it took: 59602.8ms
query [26015]: # of matches found 16258 and it took: 59790ms
query [26016]: # of matches found 16401 and it took: 59655.2ms
query [26017]: # of matches found 16363 and it took: 60107.1ms
query [26018]: # of matches found 16376 and it took: 59635.9ms
query [26019]: # of matches found 16368 and it took: 59536.4ms
query [26020]: # of matches found 16414 and it took: 59876.2ms
query [26021]: # of matches found 16320 and it took: 59772.7ms
query [26022]: # of matches found 16284 and it took: 60239.6ms
query [26023]: # of matches found 16293 and it took: 60087ms
query [26024]: # of matches found 16285 and it took: 59890.9ms
query [26025]: # of matches found 16316 and it took: 60167ms
query [26026]: # of matches found 16272 and it took: 60047.9ms
query [26027]: # of matches found 16175 and it took: 60220.9ms
query [26028]: # of matches found 16165 and it took: 59822.9ms
query [26029]: # of matches found 16168 and it took: 59302.4ms
query [26030]: # of matches found 16161 and it took: 60238.5ms
query [26031]: # of matches found 14522 and it took: 59444.1ms
query [26032]: # of matches found 15084 and it took: 59670.1ms
query [26033]: # of matches found 15110 and it took: 59548.1ms
query [26034]: # of matches found 15194 and it took: 59162.9ms
query [26035]: # of matches found 15227 and it took: 59385ms
query [26036]: # of matches found 15216 and it took: 59336ms
query [26037]: # of matches found 15251 and it took: 59662.2ms
query [26038]: # of matches found 15380 and it took: 59252.6ms
query [26039]: # of matches found 15488 and it took: 59158.2ms
query [26040]: # of matches found 15615 and it took: 59782.8ms
query [26041]: # of matches found 15622 and it took: 59267.2ms
query [26042]: # of matches found 15509 and it took: 59665.6ms
query [26043]: # of matches found 15581 and it took: 59462.4ms
query [26044]: # of matches found 15590 and it took: 59306.4ms
query [26045]: # of matches found 15562 and it took: 59246.2ms
query [26046]: # of matches found 15485 and it took: 59724.1ms
query [26047]: # of matches found 15433 and it took: 60428.9ms
query [26048]: # of matches found 15553 and it took: 59442.3ms
query [26049]: # of matches found 15581 and it took: 59982.5ms
query [26050]: # of matches found 15706 and it took: 60191.3ms
query [26051]: # of matches found 16253 and it took: 60025ms
query [26052]: # of matches found 16464 and it took: 60335.2ms
query [26053]: # of matches found 16487 and it took: 60098.8ms
query [26054]: # of matches found 16559 and it took: 60002ms
query [26055]: # of matches found 16451 and it took: 60162ms
query [26056]: # of matches found 16425 and it took: 60212.5ms
query [26057]: # of matches found 16411 and it took: 60393.2ms
query [26058]: # of matches found 16222 and it took: 60343.8ms
query [26059]: # of matches found 16171 and it took: 61276.7ms
query [26060]: # of matches found 16139 and it took: 61899.2ms
query [26061]: # of matches found 16112 and it took: 62106.6ms
query [26062]: # of matches found 16025 and it took: 62401.2ms
query [26063]: # of matches found 15969 and it took: 62124.4ms
query [26064]: # of matches found 15835 and it took: 62524.2ms
query [26065]: # of matches found 15193 and it took: 63042.7ms
query [26066]: # of matches found 15174 and it took: 63029.1ms
query [26067]: # of matches found 14942 and it took: 63014.7ms
query [26068]: # of matches found 14885 and it took: 62350ms
query [26069]: # of matches found 14908 and it took: 63046ms
query [26070]: # of matches found 15179 and it took: 63162.2ms
query [26071]: # of matches found 15168 and it took: 62995.4ms
query [26072]: # of matches found 15163 and it took: 63551.1ms
query [26073]: # of matches found 15185 and it took: 62712.9ms
query [26074]: # of matches found 15186 and it took: 63049.1ms
query [26075]: # of matches found 15141 and it took: 63045.1ms
query [26076]: # of matches found 15129 and it took: 64221.9ms
query [26077]: # of matches found 15071 and it took: 63818ms
query [26078]: # of matches found 14974 and it took: 63402.8ms
query [26079]: # of matches found 14598 and it took: 63968ms
query [26080]: # of matches found 14615 and it took: 64006.2ms
query [26081]: # of matches found 14589 and it took: 64028.6ms
query [26082]: # of matches found 14577 and it took: 64757.2ms
query [26083]: # of matches found 14605 and it took: 63872.5ms
query [26084]: # of matches found 14314 and it took: 64091.2ms
query [26085]: # of matches found 14325 and it took: 64481.9ms
query [26086]: # of matches found 14273 and it took: 64990.8ms
query [26087]: # of matches found 14253 and it took: 64865.1ms
query [26088]: # of matches found 14162 and it took: 64060.5ms
query [26089]: # of matches found 15013 and it took: 65221ms
query [26090]: # of matches found 15112 and it took: 65667.4ms
query [26091]: # of matches found 14988 and it took: 65263ms
query [26092]: # of matches found 14814 and it took: 65901.5ms
query [26093]: # of matches found 14586 and it took: 65085.6ms
query [26094]: # of matches found 14434 and it took: 65388.6ms
query [26095]: # of matches found 13835 and it took: 65896.5ms
query [26096]: # of matches found 13713 and it took: 65883ms
query [26097]: # of matches found 13663 and it took: 65734.1ms
query [26098]: # of matches found 13536 and it took: 65203.7ms
query [26099]: # of matches found 13210 and it took: 65658.6ms
query [26100]: # of matches found 13835 and it took: 65956.1ms
query [26101]: # of matches found 13903 and it took: 66098.6ms
query [26102]: # of matches found 13848 and it took: 66737.2ms
query [26103]: # of matches found 13657 and it took: 65674ms
query [26104]: # of matches found 13692 and it took: 66271.6ms
query [26105]: # of matches found 14015 and it took: 65987ms
query [26106]: # of matches found 13942 and it took: 66474.9ms
query [26107]: # of matches found 13946 and it took: 66117.5ms
query [26108]: # of matches found 13933 and it took: 65409.7ms
query [26109]: # of matches found 13869 and it took: 65751.4ms
query [26110]: # of matches found 13817 and it took: 65418.6ms
query [26111]: # of matches found 13805 and it took: 65333.9ms
query [26112]: # of matches found 13759 and it took: 65984.1ms
query [26113]: # of matches found 13685 and it took: 66077.3ms
query [26114]: # of matches found 13563 and it took: 66179.3ms
query [26115]: # of matches found 13475 and it took: 65326.1ms
query [26116]: # of matches found 13455 and it took: 66979.8ms
query [26117]: # of matches found 13425 and it took: 66533.6ms
query [26118]: # of matches found 13475 and it took: 65845ms
query [26119]: # of matches found 13454 and it took: 65353ms
query [26120]: # of matches found 13569 and it took: 65685.7ms
query [26121]: # of matches found 12947 and it took: 65586.3ms
query [26122]: # of matches found 13109 and it took: 65662.9ms
query [26123]: # of matches found 13223 and it took: 65241.8ms
query [26124]: # of matches found 13185 and it took: 65640.4ms
query [26125]: # of matches found 13202 and it took: 65501ms
query [26126]: # of matches found 13108 and it took: 66109.2ms
query [26127]: # of matches found 13092 and it took: 66119.2ms
query [26128]: # of matches found 13057 and it took: 65332.9ms
query [26129]: # of matches found 13063 and it took: 65889.3ms
query [26130]: # of matches found 13041 and it took: 66211ms
query [26131]: # of matches found 13011 and it took: 66258.7ms
query [26132]: # of matches found 12987 and it took: 66517.8ms
query [26133]: # of matches found 12623 and it took: 65775.2ms
query [26134]: # of matches found 12635 and it took: 65830.1ms
query [26135]: # of matches found 13647 and it took: 65575.4ms
query [26136]: # of matches found 13664 and it took: 66373.3ms
query [26137]: # of matches found 13693 and it took: 65925.5ms
query [26138]: # of matches found 13789 and it took: 65235.7ms
query [26139]: # of matches found 13810 and it took: 65376.5ms
query [26140]: # of matches found 13815 and it took: 65417.6ms
query [26141]: # of matches found 13838 and it took: 64657.1ms
query [26142]: # of matches found 13811 and it took: 65195.5ms
query [26143]: # of matches found 13810 and it took: 65101ms
query [26144]: # of matches found 13770 and it took: 64930.8ms
query [26145]: # of matches found 13673 and it took: 64771.4ms
query [26146]: # of matches found 13660 and it took: 65210.3ms
query [26147]: # of matches found 13655 and it took: 64730.9ms
query [26148]: # of matches found 13698 and it took: 64765.6ms
query [26149]: # of matches found 13676 and it took: 65118.5ms
query [26150]: # of matches found 13296 and it took: 64823.3ms
query [26151]: # of matches found 13396 and it took: 64264.3ms
query [26152]: # of matches found 13438 and it took: 64723.8ms
query [26153]: # of matches found 13506 and it took: 64234.6ms
query [26154]: # of matches found 13565 and it took: 64236.9ms
query [26155]: # of matches found 14536 and it took: 64700.4ms
query [26156]: # of matches found 14868 and it took: 64873.4ms
query [26157]: # of matches found 15257 and it took: 64265.4ms
query [26158]: # of matches found 15301 and it took: 64423.9ms
query [26159]: # of matches found 15592 and it took: 64879.9ms
query [26160]: # of matches found 15653 and it took: 64169.6ms
query [26161]: # of matches found 15875 and it took: 63653.1ms
query [26162]: # of matches found 15912 and it took: 64113.8ms
query [26163]: # of matches found 15916 and it took: 63378.3ms
query [26164]: # of matches found 15964 and it took: 63298.2ms
query [26165]: # of matches found 15905 and it took: 63592.9ms
query [26166]: # of matches found 15899 and it took: 63810.7ms
query [26167]: # of matches found 15954 and it took: 63625.5ms
query [26168]: # of matches found 15944 and it took: 63890.6ms
query [26169]: # of matches found 15956 and it took: 63875.4ms
query [26170]: # of matches found 15927 and it took: 63614.3ms
query [26171]: # of matches found 15948 and it took: 62864.2ms
query [26172]: # of matches found 16033 and it took: 63316.4ms
query [26173]: # of matches found 15409 and it took: 63125.7ms
query [26174]: # of matches found 15457 and it took: 62682ms
query [26175]: # of matches found 15613 and it took: 63045ms
query [26176]: # of matches found 15605 and it took: 63235.2ms
query [26177]: # of matches found 15565 and it took: 62745.3ms
query [26178]: # of matches found 15757 and it took: 62843.3ms
query [26179]: # of matches found 15628 and it took: 62923.6ms
query [26180]: # of matches found 15471 and it took: 62672.5ms
query [26181]: # of matches found 15430 and it took: 61835.5ms
query [26182]: # of matches found 15384 and it took: 62432.9ms
query [26183]: # of matches found 15303 and it took: 62120ms
query [26184]: # of matches found 15274 and it took: 61750.1ms
query [26185]: # of matches found 15252 and it took: 61978.9ms
query [26186]: # of matches found 15272 and it took: 62192ms
query [26187]: # of matches found 15244 and it took: 61407.6ms
query [26188]: # of matches found 15227 and it took: 62067.5ms
query [26189]: # of matches found 15094 and it took: 61340.3ms
query [26190]: # of matches found 15006 and it took: 61277.6ms
query [26191]: # of matches found 14497 and it took: 60427.6ms
query [26192]: # of matches found 14154 and it took: 60490.5ms
query [26193]: # of matches found 14032 and it took: 60232.8ms
query [26194]: # of matches found 13883 and it took: 60069.9ms
query [26195]: # of matches found 13872 and it took: 60201.1ms
query [26196]: # of matches found 13864 and it took: 60290ms
query [26197]: # of matches found 13898 and it took: 59936.9ms
query [26198]: # of matches found 14034 and it took: 59282.7ms
query [26199]: # of matches found 14088 and it took: 58966.5ms
query [26200]: # of matches found 14150 and it took: 59260.6ms
query [26201]: # of matches found 14189 and it took: 59018.8ms
query [26202]: # of matches found 14198 and it took: 58930.8ms
query [26203]: # of matches found 14282 and it took: 58576.7ms
query [26204]: # of matches found 14293 and it took: 58163.9ms
query [26205]: # of matches found 14305 and it took: 58853.9ms
query [26206]: # of matches found 14240 and it took: 59124.4ms
query [26207]: # of matches found 14390 and it took: 58800.6ms
query [26208]: # of matches found 14470 and it took: 58848.8ms
query [26209]: # of matches found 14601 and it took: 58278.3ms
query [26210]: # of matches found 14338 and it took: 58545.5ms
query [26211]: # of matches found 14352 and it took: 59302.4ms
query [26212]: # of matches found 14371 and it took: 58519.5ms
query [26213]: # of matches found 14341 and it took: 58340.4ms
query [26214]: # of matches found 14366 and it took: 58220.2ms
query [26215]: # of matches found 14338 and it took: 58263.1ms
query [26216]: # of matches found 14272 and it took: 58344.2ms
query [26217]: # of matches found 14311 and it took: 58452.8ms
query [26218]: # of matches found 14276 and it took: 58936.9ms
query [26219]: # of matches found 14377 and it took: 58220.5ms
query [26220]: # of matches found 14292 and it took: 58389.3ms
query [26221]: # of matches found 14294 and it took: 58322.3ms
query [26222]: # of matches found 14403 and it took: 58165.7ms
query [26223]: # of matches found 14426 and it took: 58441.3ms
query [26224]: # of matches found 14329 and it took: 58446.1ms
query [26225]: # of matches found 14350 and it took: 58421.9ms
query [26226]: # of matches found 14431 and it took: 58874.6ms
query [26227]: # of matches found 14680 and it took: 59114.5ms
query [26228]: # of matches found 14768 and it took: 59414.4ms
query [26229]: # of matches found 14655 and it took: 59166.8ms
query [26230]: # of matches found 13350 and it took: 59356.2ms
query [26231]: # of matches found 13351 and it took: 59494.3ms
query [26232]: # of matches found 13384 and it took: 59262.7ms
query [26233]: # of matches found 13424 and it took: 59060ms
query [26234]: # of matches found 13447 and it took: 59140.5ms
query [26235]: # of matches found 13478 and it took: 58972.8ms
query [26236]: # of matches found 13594 and it took: 58893.7ms
query [26237]: # of matches found 13754 and it took: 59325.8ms
query [26238]: # of matches found 13743 and it took: 59129.6ms
query [26239]: # of matches found 13716 and it took: 58769.5ms
query [26240]: # of matches found 13075 and it took: 58994.9ms
query [26241]: # of matches found 12982 and it took: 59207.6ms
query [26242]: # of matches found 12948 and it took: 59240.6ms
query [26243]: # of matches found 12916 and it took: 59082.8ms
query [26244]: # of matches found 12898 and it took: 59280.8ms
query [26245]: # of matches found 12522 and it took: 59239.2ms
query [26246]: # of matches found 12461 and it took: 59216.5ms
query [26247]: # of matches found 12391 and it took: 59330ms
query [26248]: # of matches found 12370 and it took: 59872.7ms
query [26249]: # of matches found 12337 and it took: 58796.9ms
query [26250]: # of matches found 12330 and it took: 59381ms
query [26251]: # of matches found 12376 and it took: 59462.3ms
query [26252]: # of matches found 12391 and it took: 59394.4ms
query [26253]: # of matches found 12691 and it took: 59337.7ms
query [26254]: # of matches found 12737 and it took: 59227.4ms
query [26255]: # of matches found 12749 and it took: 59295ms
query [26256]: # of matches found 12807 and it took: 59071.8ms
query [26257]: # of matches found 12705 and it took: 59372.4ms
query [26258]: # of matches found 12697 and it took: 59441.8ms
query [26259]: # of matches found 12693 and it took: 59459.5ms
query [26260]: # of matches found 12760 and it took: 59826.7ms
query [26261]: # of matches found 12627 and it took: 60160.5ms
query [26262]: # of matches found 12434 and it took: 60189.6ms
query [26263]: # of matches found 12320 and it took: 59982.4ms
query [26264]: # of matches found 12402 and it took: 59762.2ms
query [26265]: # of matches found 12393 and it took: 59484.8ms
query [26266]: # of matches found 12408 and it took: 59252.5ms
query [26267]: # of matches found 12364 and it took: 59421.1ms
query [26268]: # of matches found 12361 and it took: 59245.9ms
query [26269]: # of matches found 12431 and it took: 59444.4ms
query [26270]: # of matches found 12495 and it took: 59322.4ms
query [26271]: # of matches found 12510 and it took: 59326.3ms
query [26272]: # of matches found 12534 and it took: 59123.5ms
query [26273]: # of matches found 12533 and it took: 58502.2ms
query [26274]: # of matches found 12534 and it took: 58814ms
query [26275]: # of matches found 11428 and it took: 58338.1ms
query [26276]: # of matches found 11422 and it took: 59008.3ms
query [26277]: # of matches found 11361 and it took: 59002.5ms
query [26278]: # of matches found 11318 and it took: 58834.7ms
query [26279]: # of matches found 11267 and it took: 59447.6ms
query [26280]: # of matches found 11246 and it took: 59178.5ms
query [26281]: # of matches found 11240 and it took: 59265.9ms
query [26282]: # of matches found 11224 and it took: 59074.2ms
query [26283]: # of matches found 11226 and it took: 58461.6ms
query [26284]: # of matches found 11287 and it took: 58887ms
query [26285]: # of matches found 11321 and it took: 58614ms
query [26286]: # of matches found 11507 and it took: 58903ms
query [26287]: # of matches found 11596 and it took: 58921.3ms
query [26288]: # of matches found 11769 and it took: 58608ms
query [26289]: # of matches found 11903 and it took: 58918.9ms
query [26290]: # of matches found 11954 and it took: 59045.1ms
query [26291]: # of matches found 12025 and it took: 59327.1ms
query [26292]: # of matches found 12108 and it took: 59259.2ms
query [26293]: # of matches found 12119 and it took: 58563.1ms
query [26294]: # of matches found 12059 and it took: 58839.5ms
query [26295]: # of matches found 11956 and it took: 58617.2ms
query [26296]: # of matches found 11636 and it took: 59104.5ms
query [26297]: # of matches found 10360 and it took: 59081.4ms
query [26298]: # of matches found 10296 and it took: 59019.5ms
query [26299]: # of matches found 10012 and it took: 59258.1ms
query [26300]: # of matches found 9933 and it took: 59452ms
query [26301]: # of matches found 9922 and it took: 59762.7ms
query [26302]: # of matches found 9858 and it took: 59451.3ms
query [26303]: # of matches found 9888 and it took: 58767ms
query [26304]: # of matches found 9822 and it took: 59185.6ms
query [26305]: # of matches found 9867 and it took: 58832.2ms
query [26306]: # of matches found 9870 and it took: 58973.1ms
query [26307]: # of matches found 9851 and it took: 58957ms
query [26308]: # of matches found 9822 and it took: 58876.5ms
query [26309]: # of matches found 9826 and it took: 59564.6ms
query [26310]: # of matches found 9856 and it took: 59185.4ms
query [26311]: # of matches found 9862 and it took: 59338ms
query [26312]: # of matches found 9798 and it took: 59208.8ms
query [26313]: # of matches found 9829 and it took: 58500.6ms
query [26314]: # of matches found 9801 and it took: 58555.4ms
query [26315]: # of matches found 9667 and it took: 58582.1ms
query [26316]: # of matches found 9737 and it took: 58342.2ms
query [26317]: # of matches found 9791 and it took: 58632.6ms
query [26318]: # of matches found 9479 and it took: 58409.1ms
query [26319]: # of matches found 9598 and it took: 58705.5ms
query [26320]: # of matches found 9652 and it took: 58744.9ms
query [26321]: # of matches found 9663 and it took: 58689.6ms
query [26322]: # of matches found 9645 and it took: 58230ms
query [26323]: # of matches found 9636 and it took: 57434.3ms
query [26324]: # of matches found 9630 and it took: 57416.9ms
query [26325]: # of matches found 9635 and it took: 56834.1ms
query [26326]: # of matches found 9608 and it took: 57077.5ms
query [26327]: # of matches found 9603 and it took: 57110.4ms
query [26328]: # of matches found 9563 and it took: 56727ms
query [26329]: # of matches found 9585 and it took: 57300.7ms
query [26330]: # of matches found 9595 and it took: 57041.8ms
query [26331]: # of matches found 9596 and it took: 56951.4ms
query [26332]: # of matches found 9606 and it took: 57104.3ms
query [26333]: # of matches found 9608 and it took: 56247.6ms
query [26334]: # of matches found 9601 and it took: 56458ms
query [26335]: # of matches found 9719 and it took: 56404.3ms
query [26336]: # of matches found 9807 and it took: 56724.7ms
query [26337]: # of matches found 10415 and it took: 56354.6ms
query [26338]: # of matches found 10435 and it took: 55536.2ms
query [26339]: # of matches found 10632 and it took: 55838.7ms
query [26340]: # of matches found 11056 and it took: 56016.5ms
query [26341]: # of matches found 11343 and it took: 55513.9ms
query [26342]: # of matches found 11469 and it took: 56213.5ms
query [26343]: # of matches found 11461 and it took: 56126.8ms
query [26344]: # of matches found 11415 and it took: 55798.7ms
query [26345]: # of matches found 11461 and it took: 54784.9ms
query [26346]: # of matches found 11497 and it took: 54866.7ms
query [26347]: # of matches found 11366 and it took: 54590.4ms
query [26348]: # of matches found 11396 and it took: 54622.3ms
query [26349]: # of matches found 11298 and it took: 54710ms
query [26350]: # of matches found 11299 and it took: 54582.7ms
query [26351]: # of matches found 11329 and it took: 54378.1ms
query [26352]: # of matches found 11383 and it took: 54462.9ms
query [26353]: # of matches found 11481 and it took: 54147.8ms
query [26354]: # of matches found 12485 and it took: 53757.7ms
query [26355]: # of matches found 12547 and it took: 53450.2ms
query [26356]: # of matches found 12686 and it took: 53413.8ms
query [26357]: # of matches found 12698 and it took: 53289ms
query [26358]: # of matches found 12683 and it took: 53260ms
query [26359]: # of matches found 12566 and it took: 53236.2ms
query [26360]: # of matches found 12574 and it took: 52901ms
query [26361]: # of matches found 12558 and it took: 52733.2ms
query [26362]: # of matches found 12643 and it took: 52982.6ms
query [26363]: # of matches found 12548 and it took: 53081.7ms
query [26364]: # of matches found 12470 and it took: 52709.6ms
query [26365]: # of matches found 12443 and it took: 52330.6ms
query [26366]: # of matches found 12386 and it took: 52368.5ms
query [26367]: # of matches found 12450 and it took: 52309.3ms
query [26368]: # of matches found 12472 and it took: 52100.7ms
query [26369]: # of matches found 12913 and it took: 52110.9ms
query [26370]: # of matches found 13043 and it took: 52138.1ms
query [26371]: # of matches found 13117 and it took: 51868ms
query [26372]: # of matches found 13095 and it took: 52072.2ms
query [26373]: # of matches found 13106 and it took: 52052.1ms
query [26374]: # of matches found 13078 and it took: 52649.6ms
query [26375]: # of matches found 13160 and it took: 51853ms
query [26376]: # of matches found 13068 and it took: 51973.1ms
query [26377]: # of matches found 12928 and it took: 51881ms
query [26378]: # of matches found 12914 and it took: 51835.7ms
query [26379]: # of matches found 13003 and it took: 51759.1ms
query [26380]: # of matches found 12954 and it took: 51897ms
query [26381]: # of matches found 13020 and it took: 51713.5ms
query [26382]: # of matches found 13043 and it took: 51867.8ms
query [26383]: # of matches found 13118 and it took: 51858.9ms
query [26384]: # of matches found 13091 and it took: 51894.3ms
query [26385]: # of matches found 13113 and it took: 51724ms
query [26386]: # of matches found 13139 and it took: 51823.5ms
query [26387]: # of matches found 13198 and it took: 51789ms
query [26388]: # of matches found 13231 and it took: 51778.9ms
query [26389]: # of matches found 13237 and it took: 52042.2ms
query [26390]: # of matches found 13235 and it took: 51854.4ms
query [26391]: # of matches found 13146 and it took: 51892.9ms
query [26392]: # of matches found 13066 and it took: 52075.9ms
query [26393]: # of matches found 12854 and it took: 52274.4ms
query [26394]: # of matches found 12720 and it took: 52029.7ms
query [26395]: # of matches found 12697 and it took: 52032.2ms
query [26396]: # of matches found 12635 and it took: 52293.5ms
query [26397]: # of matches found 12593 and it took: 52353.8ms
query [26398]: # of matches found 12668 and it took: 52401.5ms
query [26399]: # of matches found 12720 and it took: 52297ms
query [26400]: # of matches found 12609 and it took: 52247.3ms
query [26401]: # of matches found 12618 and it took: 52629.8ms
query [26402]: # of matches found 12646 and it took: 52958.2ms
query [26403]: # of matches found 12640 and it took: 53074.7ms
query [26404]: # of matches found 12538 and it took: 52808ms
query [26405]: # of matches found 12415 and it took: 53111.2ms
query [26406]: # of matches found 12417 and it took: 53368.5ms
query [26407]: # of matches found 12415 and it took: 53411.8ms
query [26408]: # of matches found 12445 and it took: 53977.8ms
query [26409]: # of matches found 12437 and it took: 54005.6ms
query [26410]: # of matches found 12406 and it took: 53954.4ms
query [26411]: # of matches found 12430 and it took: 54163.5ms
query [26412]: # of matches found 12459 and it took: 54269.8ms
query [26413]: # of matches found 12482 and it took: 54340.4ms
query [26414]: # of matches found 12494 and it took: 54180.8ms
query [26415]: # of matches found 12550 and it took: 54506.8ms
query [26416]: # of matches found 12589 and it took: 54350.5ms
query [26417]: # of matches found 12614 and it took: 54435.2ms
query [26418]: # of matches found 12640 and it took: 54492.3ms
query [26419]: # of matches found 12649 and it took: 54147.4ms
query [26420]: # of matches found 12969 and it took: 53943.7ms
query [26421]: # of matches found 12953 and it took: 54425.6ms
query [26422]: # of matches found 13058 and it took: 54429.9ms
query [26423]: # of matches found 13074 and it took: 54643.5ms
query [26424]: # of matches found 13067 and it took: 54339.2ms
query [26425]: # of matches found 13084 and it took: 54615.2ms
query [26426]: # of matches found 12838 and it took: 54868.2ms
query [26427]: # of matches found 12818 and it took: 54916.4ms
query [26428]: # of matches found 12799 and it took: 55049.4ms
query [26429]: # of matches found 12626 and it took: 54683.3ms
query [26430]: # of matches found 12597 and it took: 55152.7ms
query [26431]: # of matches found 12513 and it took: 55392.6ms
query [26432]: # of matches found 12444 and it took: 56353.9ms
query [26433]: # of matches found 12397 and it took: 55756.7ms
query [26434]: # of matches found 12418 and it took: 55237.6ms
query [26435]: # of matches found 12445 and it took: 55934.1ms
query [26436]: # of matches found 12435 and it took: 55974.1ms
query [26437]: # of matches found 12368 and it took: 55561.4ms
query [26438]: # of matches found 12316 and it took: 55746ms
query [26439]: # of matches found 12281 and it took: 55257.8ms
query [26440]: # of matches found 12271 and it took: 55234.1ms
query [26441]: # of matches found 12062 and it took: 56114.5ms
query [26442]: # of matches found 12179 and it took: 55801ms
query [26443]: # of matches found 12181 and it took: 56082.7ms
query [26444]: # of matches found 12125 and it took: 55453.7ms
query [26445]: # of matches found 12062 and it took: 55865.4ms
query [26446]: # of matches found 12063 and it took: 56075.9ms
query [26447]: # of matches found 12056 and it took: 55878.3ms
query [26448]: # of matches found 12062 and it took: 56473.5ms
query [26449]: # of matches found 12076 and it took: 56004.3ms
query [26450]: # of matches found 12095 and it took: 55887.5ms
query [26451]: # of matches found 12239 and it took: 56574.2ms
query [26452]: # of matches found 12237 and it took: 56546.8ms
query [26453]: # of matches found 12193 and it took: 56814.1ms
query [26454]: # of matches found 12103 and it took: 56736.4ms
query [26455]: # of matches found 12058 and it took: 56749ms
query [26456]: # of matches found 12046 and it took: 56820.6ms
query [26457]: # of matches found 12001 and it took: 56643ms
query [26458]: # of matches found 12082 and it took: 57051.6ms
query [26459]: # of matches found 11965 and it took: 56635.4ms
query [26460]: # of matches found 11893 and it took: 57513.2ms
query [26461]: # of matches found 11880 and it took: 58189.4ms
query [26462]: # of matches found 11905 and it took: 57964.5ms
query [26463]: # of matches found 11938 and it took: 57695.4ms
query [26464]: # of matches found 12015 and it took: 57179.5ms
query [26465]: # of matches found 12023 and it took: 57964.1ms
query [26466]: # of matches found 12040 and it took: 57430.1ms
query [26467]: # of matches found 12044 and it took: 57677.8ms
query [26468]: # of matches found 12081 and it took: 58282.6ms
query [26469]: # of matches found 12079 and it took: 57731.1ms
query [26470]: # of matches found 12160 and it took: 57579.3ms
query [26471]: # of matches found 12208 and it took: 58200.5ms
query [26472]: # of matches found 12208 and it took: 58236ms
query [26473]: # of matches found 12272 and it took: 58874.3ms
query [26474]: # of matches found 12293 and it took: 57925.1ms
query [26475]: # of matches found 12215 and it took: 58870.4ms
query [26476]: # of matches found 12199 and it took: 57964.3ms
query [26477]: # of matches found 11664 and it took: 58421.5ms
query [26478]: # of matches found 11660 and it took: 59072.6ms
query [26479]: # of matches found 11515 and it took: 58381.6ms
query [26480]: # of matches found 11272 and it took: 58094.7ms
query [26481]: # of matches found 10806 and it took: 58884ms
query [26482]: # of matches found 10616 and it took: 58986.7ms
query [26483]: # of matches found 10673 and it took: 59045.1ms
query [26484]: # of matches found 10670 and it took: 58335.9ms
query [26485]: # of matches found 10637 and it took: 59222.4ms
query [26486]: # of matches found 10603 and it took: 58457.2ms
query [26487]: # of matches found 10528 and it took: 58575.2ms
query [26488]: # of matches found 10423 and it took: 58948ms
query [26489]: # of matches found 10399 and it took: 58376ms
query [26490]: # of matches found 10356 and it took: 58096.5ms
query [26491]: # of matches found 10344 and it took: 59392ms
query [26492]: # of matches found 10307 and it took: 59424.7ms
query [26493]: # of matches found 10258 and it took: 58860.1ms
query [26494]: # of matches found 9759 and it took: 58230.7ms
query [26495]: # of matches found 9202 and it took: 59256.4ms
query [26496]: # of matches found 9186 and it took: 58830.4ms
query [26497]: # of matches found 9129 and it took: 58569.5ms
query [26498]: # of matches found 9054 and it took: 59109.4ms
query [26499]: # of matches found 8992 and it took: 58652.1ms
query [26500]: # of matches found 9092 and it took: 58373.2ms
query [26501]: # of matches found 9222 and it took: 58995.3ms
query [26502]: # of matches found 9208 and it took: 58977.4ms
query [26503]: # of matches found 9160 and it took: 59237.5ms
query [26504]: # of matches found 9148 and it took: 59009.6ms
query [26505]: # of matches found 9124 and it took: 59706.1ms
query [26506]: # of matches found 9102 and it took: 58882.7ms
query [26507]: # of matches found 9005 and it took: 58853.1ms
query [26508]: # of matches found 8673 and it took: 59347.1ms
query [26509]: # of matches found 10514 and it took: 58837.1ms
query [26510]: # of matches found 10150 and it took: 58404.5ms
query [26511]: # of matches found 10046 and it took: 59010.6ms
query [26512]: # of matches found 10156 and it took: 58968.1ms
query [26513]: # of matches found 10236 and it took: 59267.1ms
query [26514]: # of matches found 10346 and it took: 58601.8ms
query [26515]: # of matches found 10463 and it took: 59395.6ms
query [26516]: # of matches found 10673 and it took: 58526.3ms
query [26517]: # of matches found 10771 and it took: 58371.4ms
query [26518]: # of matches found 10811 and it took: 58696.9ms
query [26519]: # of matches found 10837 and it took: 57935.7ms
query [26520]: # of matches found 10932 and it took: 56990.6ms
query [26521]: # of matches found 11072 and it took: 57387ms
query [26522]: # of matches found 11128 and it took: 57438.7ms
query [26523]: # of matches found 11084 and it took: 57203.6ms
query [26524]: # of matches found 11154 and it took: 56860.6ms
query [26525]: # of matches found 11167 and it took: 56854.6ms
query [26526]: # of matches found 11219 and it took: 55958.9ms
query [26527]: # of matches found 11193 and it took: 55256.7ms
query [26528]: # of matches found 11285 and it took: 56058ms
query [26529]: # of matches found 11285 and it took: 55730ms
query [26530]: # of matches found 11432 and it took: 55329.9ms
query [26531]: # of matches found 11579 and it took: 55540.2ms
query [26532]: # of matches found 11604 and it took: 55216.1ms
query [26533]: # of matches found 11795 and it took: 55275.6ms
query [26534]: # of matches found 11854 and it took: 55003.7ms
query [26535]: # of matches found 11913 and it took: 55928.5ms
query [26536]: # of matches found 11954 and it took: 55073.8ms
query [26537]: # of matches found 12252 and it took: 54226.3ms
query [26538]: # of matches found 12607 and it took: 54907ms
query [26539]: # of matches found 12583 and it took: 54788.9ms
query [26540]: # of matches found 12615 and it took: 54129.5ms
query [26541]: # of matches found 12590 and it took: 54391.1ms
query [26542]: # of matches found 12535 and it took: 54240.9ms
query [26543]: # of matches found 12638 and it took: 54337.5ms
query [26544]: # of matches found 12609 and it took: 54344.8ms
query [26545]: # of matches found 12663 and it took: 54306.1ms
query [26546]: # of matches found 12674 and it took: 54128.4ms
query [26547]: # of matches found 12679 and it took: 53746.8ms
query [26548]: # of matches found 12656 and it took: 54172.8ms
query [26549]: # of matches found 12617 and it took: 53944.5ms
query [26550]: # of matches found 12613 and it took: 53596.4ms
query [26551]: # of matches found 12551 and it took: 53859.3ms
query [26552]: # of matches found 12525 and it took: 53779.2ms
query [26553]: # of matches found 12484 and it took: 54095.8ms
query [26554]: # of matches found 12549 and it took: 54095.7ms
query [26555]: # of matches found 12520 and it took: 54391.6ms
query [26556]: # of matches found 12536 and it took: 54311ms
query [26557]: # of matches found 12597 and it took: 54161ms
query [26558]: # of matches found 12691 and it took: 54140.5ms
query [26559]: # of matches found 12685 and it took: 54306.1ms
query [26560]: # of matches found 12258 and it took: 53963ms
query [26561]: # of matches found 12274 and it took: 54336.1ms
query [26562]: # of matches found 12224 and it took: 54212.1ms
query [26563]: # of matches found 12220 and it took: 54569.3ms
query [26564]: # of matches found 12219 and it took: 54180.2ms
query [26565]: # of matches found 12201 and it took: 54332.9ms
query [26566]: # of matches found 12194 and it took: 54111.4ms
query [26567]: # of matches found 12152 and it took: 53730.2ms
query [26568]: # of matches found 12155 and it took: 54257.9ms
query [26569]: # of matches found 12179 and it took: 53890.2ms
query [26570]: # of matches found 12238 and it took: 53355.4ms
query [26571]: # of matches found 12296 and it took: 53506.7ms
query [26572]: # of matches found 12407 and it took: 53338.7ms
query [26573]: # of matches found 14305 and it took: 53558.7ms
query [26574]: # of matches found 14315 and it took: 53297.6ms
query [26575]: # of matches found 14293 and it took: 53477.6ms
query [26576]: # of matches found 14282 and it took: 53396.6ms
query [26577]: # of matches found 14343 and it took: 52950ms
query [26578]: # of matches found 14585 and it took: 53254.7ms
query [26579]: # of matches found 15147 and it took: 53282.9ms
query [26580]: # of matches found 15571 and it took: 53063.9ms
query [26581]: # of matches found 15814 and it took: 53137.1ms
query [26582]: # of matches found 16790 and it took: 53191ms
query [26583]: # of matches found 17092 and it took: 53034.4ms
query [26584]: # of matches found 17956 and it took: 53024ms
query [26585]: # of matches found 18024 and it took: 53024.6ms
query [26586]: # of matches found 18105 and it took: 52934ms
query [26587]: # of matches found 18112 and it took: 52771.3ms
query [26588]: # of matches found 18129 and it took: 52915.3ms
query [26589]: # of matches found 18140 and it took: 53046.2ms
query [26590]: # of matches found 18093 and it took: 52945.2ms
query [26591]: # of matches found 18029 and it took: 52976ms
query [26592]: # of matches found 18247 and it took: 53104.8ms
query [26593]: # of matches found 18373 and it took: 53207.6ms
query [26594]: # of matches found 18470 and it took: 52975.1ms
query [26595]: # of matches found 18497 and it took: 52918.6ms
query [26596]: # of matches found 18587 and it took: 52939.7ms
query [26597]: # of matches found 18541 and it took: 52821.1ms
query [26598]: # of matches found 18569 and it took: 52894.2ms
query [26599]: # of matches found 18611 and it took: 53058.8ms
query [26600]: # of matches found 18618 and it took: 52789ms
query [26601]: # of matches found 18664 and it took: 52895ms
query [26602]: # of matches found 18693 and it took: 53559ms
query [26603]: # of matches found 18675 and it took: 53247.3ms
query [26604]: # of matches found 18617 and it took: 53171.2ms
query [26605]: # of matches found 18652 and it took: 53457.7ms
query [26606]: # of matches found 18697 and it took: 53524.3ms
query [26607]: # of matches found 18741 and it took: 53470.7ms
query [26608]: # of matches found 18747 and it took: 54106.4ms
query [26609]: # of matches found 18816 and it took: 53922.4ms
query [26610]: # of matches found 18845 and it took: 53623.2ms
query [26611]: # of matches found 18812 and it took: 53673.4ms
query [26612]: # of matches found 18863 and it took: 53916.8ms
query [26613]: # of matches found 18943 and it took: 53729.8ms
query [26614]: # of matches found 19013 and it took: 53501.3ms
query [26615]: # of matches found 19041 and it took: 53837.4ms
query [26616]: # of matches found 18988 and it took: 53975.1ms
query [26617]: # of matches found 18898 and it took: 53850.1ms
query [26618]: # of matches found 18870 and it took: 54019.4ms
query [26619]: # of matches found 18780 and it took: 54380.3ms
query [26620]: # of matches found 18725 and it took: 54409ms
query [26621]: # of matches found 18707 and it took: 54993.6ms
query [26622]: # of matches found 18698 and it took: 55336.8ms
query [26623]: # of matches found 18645 and it took: 54785.8ms
query [26624]: # of matches found 18646 and it took: 55049.3ms
query [26625]: # of matches found 18657 and it took: 55288.5ms
query [26626]: # of matches found 18653 and it took: 55576.3ms
query [26627]: # of matches found 18667 and it took: 55647.1ms
query [26628]: # of matches found 18669 and it took: 55606.4ms
query [26629]: # of matches found 18667 and it took: 55978.4ms
query [26630]: # of matches found 18664 and it took: 55363.9ms
query [26631]: # of matches found 18676 and it took: 55783.7ms
query [26632]: # of matches found 18673 and it took: 56161ms
query [26633]: # of matches found 18932 and it took: 56095.9ms
query [26634]: # of matches found 18913 and it took: 56250.2ms
query [26635]: # of matches found 18898 and it took: 56770.3ms
query [26636]: # of matches found 18913 and it took: 56322.4ms
query [26637]: # of matches found 19236 and it took: 56175.7ms
query [26638]: # of matches found 19206 and it took: 56501.1ms
query [26639]: # of matches found 19205 and it took: 56847.8ms
query [26640]: # of matches found 19108 and it took: 56331.3ms
query [26641]: # of matches found 18947 and it took: 56709.7ms
query [26642]: # of matches found 18901 and it took: 57420.4ms
query [26643]: # of matches found 18914 and it took: 57063.7ms
query [26644]: # of matches found 18914 and it took: 56753.4ms
query [26645]: # of matches found 18910 and it took: 56854.7ms
query [26646]: # of matches found 18949 and it took: 57314.9ms
query [26647]: # of matches found 18971 and it took: 57362.5ms
query [26648]: # of matches found 19098 and it took: 57315.2ms
query [26649]: # of matches found 17031 and it took: 57781.5ms
query [26650]: # of matches found 17001 and it took: 56988.9ms
query [26651]: # of matches found 16990 and it took: 57740.4ms
query [26652]: # of matches found 16919 and it took: 58503.9ms
query [26653]: # of matches found 16904 and it took: 58408.7ms
query [26654]: # of matches found 16826 and it took: 58862ms
query [26655]: # of matches found 16711 and it took: 59074.4ms
query [26656]: # of matches found 16524 and it took: 59186ms
query [26657]: # of matches found 16384 and it took: 59184.4ms
query [26658]: # of matches found 16345 and it took: 59339.8ms
query [26659]: # of matches found 16267 and it took: 59794.3ms
query [26660]: # of matches found 16183 and it took: 59243.1ms
query [26661]: # of matches found 15931 and it took: 59844.9ms
query [26662]: # of matches found 15855 and it took: 60304.9ms
query [26663]: # of matches found 15848 and it took: 59850.4ms
query [26664]: # of matches found 15797 and it took: 60143ms
query [26665]: # of matches found 15783 and it took: 60608.4ms
query [26666]: # of matches found 15755 and it took: 60713.5ms
query [26667]: # of matches found 15770 and it took: 60714.1ms
query [26668]: # of matches found 15754 and it took: 61004.8ms
