no kmerRangesFileAddressArg!
no otherToolArg!
**********************CONFIGURATIONS*****************************
PARMIK mode:                  3
readDatabaseAddress:          /p/lava/parmik/partialMatcherProject/datasets/metagenomicDB/SRR14381434/SRR14381434_reads
readFileName:                 SRR14381434_reads
queryFileAddress:             /p/lava/parmik/partialMatcherProject/datasets/queryFiles/covidQueryFiles/NC_045512_chunks/NC_045512_queries_22000-22999
queryFileName:                NC_045512_queries_22000-22999
otherToolOutputFileAddress:   /u/rgq5aw/GIT/PARMIK/partialMatcherProject/tools/blast/SRR14381434/NC_045512/blastn_ws30_results.out
outputDir:                    /p/lava/parmik/partialMatcherProject/tools/baseline_ssw/SRR14381434/NC_045512
penaltyFileAddress:           /u/rgq5aw/GIT/PARMIK/experiments/parmik/CK_SSW_ID_PRCNTG/PenaltySets/2484_1111_2444_2288_2848
kmerRangesFileAddress:        
readsCount:                   17000000
queryCount:                   30000
kmerLength:                   11
regionSize:                   48
cheapKmerThreshold:           0
identityPercentage:           0.85
minExactMatchLen:             0
minNumExactMatchKmer:         0
isIndexOffline:               1
offlineIndexAddress:          /p/lava/parmik/partialMatcherProject/tools/parmik/CK_INDEX/SRR14381434/
max editDistance in min region: 2
**********************CONFIGURATIONS*****************************
--------------Penalties--------------
m: 2, s: 4, go: 8, ge: 4
m: 1, s: 1, go: 1, ge: 1
m: 2, s: 4, go: 4, ge: 4
m: 2, s: 2, go: 8, ge: 8
m: 2, s: 8, go: 4, ge: 8
------------------------------------
numberOfReadsWithN : 0
queryCount : 1000
numberOfReadsWithN : 0
readCount : 9488668
offlineCheapIndexAddress: /p/lava/parmik/partialMatcherProject/tools/parmik/CK_INDEX/SRR14381434/ck_T0_K11_r17000000
pmrkAlignmentsAddress: /p/lava/parmik/partialMatcherProject/tools/baseline_ssw/SRR14381434/NC_045512/aln/pmAln_R48_PI85_L0_M0_E2_K11_T0_P_2484_1111_2444_2288_2848.txt
Starting alignment for all queries [fwd]...
queryBaseIndex: 22000
query [22000]: # of matches found 18238 and it took: 51366.6ms
query [22001]: # of matches found 17254 and it took: 51100ms
query [22002]: # of matches found 16313 and it took: 51380.3ms
query [22003]: # of matches found 14612 and it took: 51582ms
query [22004]: # of matches found 14287 and it took: 51300ms
query [22005]: # of matches found 14280 and it took: 51354.4ms
query [22006]: # of matches found 14376 and it took: 51189.3ms
query [22007]: # of matches found 14229 and it took: 51008.8ms
query [22008]: # of matches found 14253 and it took: 51248.7ms
query [22009]: # of matches found 14231 and it took: 51386.1ms
query [22010]: # of matches found 13929 and it took: 51030.9ms
query [22011]: # of matches found 13856 and it took: 50733.7ms
query [22012]: # of matches found 13843 and it took: 50944.3ms
query [22013]: # of matches found 13907 and it took: 51161.9ms
query [22014]: # of matches found 13891 and it took: 51089.2ms
query [22015]: # of matches found 13952 and it took: 50962.2ms
query [22016]: # of matches found 13546 and it took: 50893.2ms
query [22017]: # of matches found 13468 and it took: 50538.6ms
query [22018]: # of matches found 13557 and it took: 50477.3ms
query [22019]: # of matches found 14690 and it took: 50691.9ms
query [22020]: # of matches found 15232 and it took: 50490.4ms
query [22021]: # of matches found 15573 and it took: 50309.6ms
query [22022]: # of matches found 16871 and it took: 50544.8ms
query [22023]: # of matches found 17565 and it took: 50293.1ms
query [22024]: # of matches found 17979 and it took: 49963.2ms
query [22025]: # of matches found 18239 and it took: 49970ms
query [22026]: # of matches found 18305 and it took: 49916.7ms
query [22027]: # of matches found 18380 and it took: 49557.6ms
query [22028]: # of matches found 18396 and it took: 49717.5ms
query [22029]: # of matches found 18590 and it took: 49884.7ms
query [22030]: # of matches found 18574 and it took: 49570.7ms
query [22031]: # of matches found 18514 and it took: 49323.3ms
query [22032]: # of matches found 18531 and it took: 49602.1ms
query [22033]: # of matches found 18506 and it took: 49526.8ms
query [22034]: # of matches found 18526 and it took: 49587ms
query [22035]: # of matches found 18460 and it took: 49591.3ms
query [22036]: # of matches found 18412 and it took: 49773.7ms
query [22037]: # of matches found 18427 and it took: 49325.8ms
query [22038]: # of matches found 18441 and it took: 49814.6ms
query [22039]: # of matches found 18548 and it took: 50116.8ms
query [22040]: # of matches found 18557 and it took: 49901.3ms
query [22041]: # of matches found 18556 and it took: 49538.1ms
query [22042]: # of matches found 18583 and it took: 49655ms
query [22043]: # of matches found 18601 and it took: 49701.1ms
query [22044]: # of matches found 18595 and it took: 49651.5ms
query [22045]: # of matches found 18644 and it took: 49531.6ms
query [22046]: # of matches found 18716 and it took: 49337.8ms
query [22047]: # of matches found 19789 and it took: 48800.3ms
query [22048]: # of matches found 19902 and it took: 49306.2ms
query [22049]: # of matches found 20031 and it took: 49373.3ms
query [22050]: # of matches found 20063 and it took: 49030.6ms
query [22051]: # of matches found 19822 and it took: 48763.7ms
query [22052]: # of matches found 19768 and it took: 48821.7ms
query [22053]: # of matches found 19733 and it took: 48928.1ms
query [22054]: # of matches found 19844 and it took: 49022.9ms
query [22055]: # of matches found 19770 and it took: 48872.6ms
query [22056]: # of matches found 19704 and it took: 48961.8ms
query [22057]: # of matches found 19678 and it took: 48739.9ms
query [22058]: # of matches found 19656 and it took: 49380.8ms
query [22059]: # of matches found 19607 and it took: 49006.4ms
query [22060]: # of matches found 19621 and it took: 48754.8ms
query [22061]: # of matches found 19657 and it took: 48682.4ms
query [22062]: # of matches found 19564 and it took: 48807.7ms
query [22063]: # of matches found 19459 and it took: 49049.4ms
query [22064]: # of matches found 19457 and it took: 48978.3ms
query [22065]: # of matches found 19410 and it took: 48982.7ms
query [22066]: # of matches found 19372 and it took: 49060.9ms
query [22067]: # of matches found 19392 and it took: 48748.4ms
query [22068]: # of matches found 19394 and it took: 49219.1ms
query [22069]: # of matches found 19415 and it took: 49428.5ms
query [22070]: # of matches found 19404 and it took: 49193.8ms
query [22071]: # of matches found 19388 and it took: 49057.2ms
query [22072]: # of matches found 19418 and it took: 49008.9ms
query [22073]: # of matches found 19393 and it took: 49101.1ms
query [22074]: # of matches found 19382 and it took: 49002.4ms
query [22075]: # of matches found 19402 and it took: 48971.2ms
query [22076]: # of matches found 19427 and it took: 48973.9ms
query [22077]: # of matches found 19425 and it took: 48987ms
query [22078]: # of matches found 19411 and it took: 49411.7ms
query [22079]: # of matches found 19450 and it took: 49323.1ms
query [22080]: # of matches found 19462 and it took: 49246.4ms
query [22081]: # of matches found 19501 and it took: 49417.4ms
query [22082]: # of matches found 19479 and it took: 49322.9ms
query [22083]: # of matches found 19543 and it took: 49403.5ms
query [22084]: # of matches found 22692 and it took: 49433ms
query [22085]: # of matches found 22707 and it took: 49529.3ms
query [22086]: # of matches found 22760 and it took: 49618.5ms
query [22087]: # of matches found 22753 and it took: 49520ms
query [22088]: # of matches found 20791 and it took: 49741.3ms
query [22089]: # of matches found 20803 and it took: 49737.6ms
query [22090]: # of matches found 20814 and it took: 49609.6ms
query [22091]: # of matches found 20734 and it took: 49635.7ms
query [22092]: # of matches found 20694 and it took: 49672.4ms
query [22093]: # of matches found 20696 and it took: 49635.4ms
query [22094]: # of matches found 20685 and it took: 50133.4ms
query [22095]: # of matches found 20677 and it took: 49731.1ms
query [22096]: # of matches found 20685 and it took: 49754.4ms
query [22097]: # of matches found 20665 and it took: 49872.3ms
query [22098]: # of matches found 20550 and it took: 50069.2ms
query [22099]: # of matches found 20527 and it took: 50202.7ms
query [22100]: # of matches found 20255 and it took: 50142.9ms
query [22101]: # of matches found 20197 and it took: 50136.4ms
query [22102]: # of matches found 20199 and it took: 50206.2ms
query [22103]: # of matches found 20145 and it took: 50251.4ms
query [22104]: # of matches found 20203 and it took: 50190.7ms
query [22105]: # of matches found 20274 and it took: 50243.4ms
query [22106]: # of matches found 20295 and it took: 50183.4ms
query [22107]: # of matches found 20296 and it took: 50212.6ms
query [22108]: # of matches found 20319 and it took: 50633.6ms
query [22109]: # of matches found 20262 and it took: 50541.9ms
query [22110]: # of matches found 20235 and it took: 50612.4ms
query [22111]: # of matches found 20237 and it took: 50722.2ms
query [22112]: # of matches found 20214 and it took: 50775.3ms
query [22113]: # of matches found 20139 and it took: 50862.1ms
query [22114]: # of matches found 19908 and it took: 50772.8ms
query [22115]: # of matches found 19630 and it took: 50617.4ms
query [22116]: # of matches found 19309 and it took: 50786.3ms
query [22117]: # of matches found 19004 and it took: 50895.9ms
query [22118]: # of matches found 20301 and it took: 51212.9ms
query [22119]: # of matches found 20252 and it took: 51343.2ms
query [22120]: # of matches found 20196 and it took: 51416.4ms
query [22121]: # of matches found 20608 and it took: 51490.3ms
query [22122]: # of matches found 20653 and it took: 51371.3ms
query [22123]: # of matches found 20672 and it took: 51516.2ms
query [22124]: # of matches found 20674 and it took: 51359.9ms
query [22125]: # of matches found 20675 and it took: 51356ms
query [22126]: # of matches found 20695 and it took: 51442.4ms
query [22127]: # of matches found 20691 and it took: 51563.2ms
query [22128]: # of matches found 20559 and it took: 51773.2ms
query [22129]: # of matches found 20547 and it took: 51740.7ms
query [22130]: # of matches found 20595 and it took: 52766.9ms
query [22131]: # of matches found 20597 and it took: 52084.2ms
query [22132]: # of matches found 20573 and it took: 51943.7ms
query [22133]: # of matches found 20788 and it took: 52062.7ms
query [22134]: # of matches found 20465 and it took: 51869.6ms
query [22135]: # of matches found 20439 and it took: 51952.3ms
query [22136]: # of matches found 20356 and it took: 51892.1ms
query [22137]: # of matches found 20327 and it took: 52096.6ms
query [22138]: # of matches found 20362 and it took: 52350.7ms
query [22139]: # of matches found 20405 and it took: 52233.9ms
query [22140]: # of matches found 20339 and it took: 52384ms
query [22141]: # of matches found 20366 and it took: 52473.7ms
query [22142]: # of matches found 20332 and it took: 52932.3ms
query [22143]: # of matches found 20186 and it took: 52461.3ms
query [22144]: # of matches found 20126 and it took: 52257.3ms
query [22145]: # of matches found 20038 and it took: 52091ms
query [22146]: # of matches found 19856 and it took: 52076.3ms
query [22147]: # of matches found 20512 and it took: 52459ms
query [22148]: # of matches found 20572 and it took: 52319.5ms
query [22149]: # of matches found 20535 and it took: 52217.1ms
query [22150]: # of matches found 20468 and it took: 52334.4ms
query [22151]: # of matches found 20932 and it took: 52222.3ms
query [22152]: # of matches found 20919 and it took: 52252.5ms
query [22153]: # of matches found 20743 and it took: 52486.1ms
query [22154]: # of matches found 20760 and it took: 52187.6ms
query [22155]: # of matches found 20704 and it took: 51977ms
query [22156]: # of matches found 20699 and it took: 51914.5ms
query [22157]: # of matches found 20694 and it took: 52035.3ms
query [22158]: # of matches found 20614 and it took: 52229.2ms
query [22159]: # of matches found 19471 and it took: 51954.5ms
query [22160]: # of matches found 19175 and it took: 52177.2ms
query [22161]: # of matches found 18633 and it took: 51912.9ms
query [22162]: # of matches found 17340 and it took: 52207ms
query [22163]: # of matches found 16808 and it took: 52191.6ms
query [22164]: # of matches found 16383 and it took: 52231.3ms
query [22165]: # of matches found 15752 and it took: 51669.8ms
query [22166]: # of matches found 15646 and it took: 51843.3ms
query [22167]: # of matches found 15536 and it took: 51862ms
query [22168]: # of matches found 15556 and it took: 51982.1ms
query [22169]: # of matches found 15393 and it took: 51912.5ms
query [22170]: # of matches found 15354 and it took: 52032.9ms
query [22171]: # of matches found 15416 and it took: 51976.3ms
query [22172]: # of matches found 15471 and it took: 52080ms
query [22173]: # of matches found 15447 and it took: 52221.2ms
query [22174]: # of matches found 15514 and it took: 51897.9ms
query [22175]: # of matches found 15567 and it took: 51609.2ms
query [22176]: # of matches found 15609 and it took: 51693.1ms
query [22177]: # of matches found 15748 and it took: 51910.5ms
query [22178]: # of matches found 15819 and it took: 51851.7ms
query [22179]: # of matches found 15692 and it took: 51641.7ms
query [22180]: # of matches found 15887 and it took: 52103.7ms
query [22181]: # of matches found 17479 and it took: 51987.2ms
query [22182]: # of matches found 17555 and it took: 52033.5ms
query [22183]: # of matches found 17771 and it took: 52224.5ms
query [22184]: # of matches found 17842 and it took: 52215.7ms
query [22185]: # of matches found 17922 and it took: 51977ms
query [22186]: # of matches found 17962 and it took: 52150.1ms
query [22187]: # of matches found 17903 and it took: 52313.7ms
query [22188]: # of matches found 17034 and it took: 52472.7ms
query [22189]: # of matches found 17011 and it took: 52176.5ms
query [22190]: # of matches found 16949 and it took: 52576ms
query [22191]: # of matches found 16992 and it took: 52548.9ms
query [22192]: # of matches found 16992 and it took: 52736.7ms
query [22193]: # of matches found 17114 and it took: 52957.8ms
query [22194]: # of matches found 17166 and it took: 52995.6ms
query [22195]: # of matches found 17080 and it took: 52845ms
query [22196]: # of matches found 17219 and it took: 52937.4ms
query [22197]: # of matches found 17375 and it took: 53517.8ms
query [22198]: # of matches found 17636 and it took: 53321.1ms
query [22199]: # of matches found 17972 and it took: 53851ms
query [22200]: # of matches found 19092 and it took: 53719.5ms
query [22201]: # of matches found 19361 and it took: 53783.4ms
query [22202]: # of matches found 19803 and it took: 54021.3ms
query [22203]: # of matches found 20373 and it took: 54288ms
query [22204]: # of matches found 20510 and it took: 54375.9ms
query [22205]: # of matches found 21913 and it took: 54363.1ms
query [22206]: # of matches found 21944 and it took: 54522.2ms
query [22207]: # of matches found 21921 and it took: 54762.2ms
query [22208]: # of matches found 21987 and it took: 54801.5ms
query [22209]: # of matches found 21960 and it took: 54711.3ms
query [22210]: # of matches found 21996 and it took: 54820.2ms
query [22211]: # of matches found 22008 and it took: 54959.2ms
query [22212]: # of matches found 21985 and it took: 54713.6ms
query [22213]: # of matches found 21916 and it took: 54940.3ms
query [22214]: # of matches found 21685 and it took: 54993.4ms
query [22215]: # of matches found 21739 and it took: 54900.9ms
query [22216]: # of matches found 21702 and it took: 55023.2ms
query [22217]: # of matches found 21715 and it took: 55454.9ms
query [22218]: # of matches found 21716 and it took: 55505.1ms
query [22219]: # of matches found 21740 and it took: 55082ms
query [22220]: # of matches found 21691 and it took: 55159.3ms
query [22221]: # of matches found 21672 and it took: 54972.6ms
query [22222]: # of matches found 21695 and it took: 54918.3ms
query [22223]: # of matches found 21771 and it took: 55211ms
query [22224]: # of matches found 21577 and it took: 55315.6ms
query [22225]: # of matches found 21516 and it took: 55000.7ms
query [22226]: # of matches found 18264 and it took: 55114.2ms
query [22227]: # of matches found 18251 and it took: 55519ms
query [22228]: # of matches found 18209 and it took: 55251.1ms
query [22229]: # of matches found 18214 and it took: 55156ms
query [22230]: # of matches found 18170 and it took: 55100.6ms
query [22231]: # of matches found 18155 and it took: 55116.1ms
query [22232]: # of matches found 18134 and it took: 55166.5ms
query [22233]: # of matches found 18105 and it took: 55114.3ms
query [22234]: # of matches found 18094 and it took: 55287.1ms
query [22235]: # of matches found 18031 and it took: 54851.6ms
query [22236]: # of matches found 18038 and it took: 55054.1ms
query [22237]: # of matches found 18000 and it took: 55296.8ms
query [22238]: # of matches found 17990 and it took: 55101.6ms
query [22239]: # of matches found 17888 and it took: 54903.6ms
query [22240]: # of matches found 18024 and it took: 54784.3ms
query [22241]: # of matches found 18071 and it took: 54813.4ms
query [22242]: # of matches found 18098 and it took: 54751.5ms
query [22243]: # of matches found 18110 and it took: 54929.1ms
query [22244]: # of matches found 18233 and it took: 55274.2ms
query [22245]: # of matches found 18189 and it took: 54930.9ms
query [22246]: # of matches found 18327 and it took: 55114.6ms
query [22247]: # of matches found 19512 and it took: 55501.9ms
query [22248]: # of matches found 19607 and it took: 55305.5ms
query [22249]: # of matches found 20125 and it took: 55208.3ms
query [22250]: # of matches found 20767 and it took: 54977ms
query [22251]: # of matches found 21195 and it took: 55190.2ms
query [22252]: # of matches found 21622 and it took: 55026.9ms
query [22253]: # of matches found 21860 and it took: 55017.3ms
query [22254]: # of matches found 22288 and it took: 55146.5ms
query [22255]: # of matches found 22396 and it took: 54820.7ms
query [22256]: # of matches found 22607 and it took: 54944.6ms
query [22257]: # of matches found 22771 and it took: 55136.5ms
query [22258]: # of matches found 21721 and it took: 55022.2ms
query [22259]: # of matches found 21768 and it took: 54736.9ms
query [22260]: # of matches found 21937 and it took: 54666.9ms
query [22261]: # of matches found 21610 and it took: 54798.6ms
query [22262]: # of matches found 21688 and it took: 54456.4ms
query [22263]: # of matches found 23469 and it took: 54500.4ms
query [22264]: # of matches found 23559 and it took: 55231.7ms
query [22265]: # of matches found 23594 and it took: 54251.8ms
query [22266]: # of matches found 23611 and it took: 54416.7ms
query [22267]: # of matches found 23666 and it took: 54730.7ms
query [22268]: # of matches found 26431 and it took: 54577.3ms
query [22269]: # of matches found 26618 and it took: 54577.3ms
query [22270]: # of matches found 26544 and it took: 54299.3ms
query [22271]: # of matches found 26533 and it took: 54625.9ms
query [22272]: # of matches found 26509 and it took: 54443.7ms
query [22273]: # of matches found 26205 and it took: 54337.6ms
query [22274]: # of matches found 26050 and it took: 54512.2ms
query [22275]: # of matches found 25911 and it took: 54073.2ms
query [22276]: # of matches found 26188 and it took: 54324ms
query [22277]: # of matches found 26388 and it took: 54496.6ms
query [22278]: # of matches found 26357 and it took: 54521.2ms
query [22279]: # of matches found 26467 and it took: 54401.2ms
query [22280]: # of matches found 29006 and it took: 54272.2ms
query [22281]: # of matches found 29050 and it took: 54810.1ms
query [22282]: # of matches found 29068 and it took: 54589.1ms
query [22283]: # of matches found 29046 and it took: 54492.9ms
query [22284]: # of matches found 29034 and it took: 54780.8ms
query [22285]: # of matches found 29006 and it took: 54436.9ms
query [22286]: # of matches found 28994 and it took: 54681.5ms
query [22287]: # of matches found 28299 and it took: 55065.7ms
query [22288]: # of matches found 28245 and it took: 54937.8ms
query [22289]: # of matches found 28240 and it took: 55076.8ms
query [22290]: # of matches found 28281 and it took: 54978.8ms
query [22291]: # of matches found 27857 and it took: 55594.9ms
query [22292]: # of matches found 27932 and it took: 55388.4ms
query [22293]: # of matches found 27940 and it took: 55326.1ms
query [22294]: # of matches found 27938 and it took: 55491.3ms
query [22295]: # of matches found 27947 and it took: 55177.4ms
query [22296]: # of matches found 27915 and it took: 55414.2ms
query [22297]: # of matches found 27919 and it took: 55989.2ms
query [22298]: # of matches found 27884 and it took: 55582.2ms
query [22299]: # of matches found 27875 and it took: 55138.6ms
query [22300]: # of matches found 27658 and it took: 55248.6ms
query [22301]: # of matches found 27659 and it took: 55576.5ms
query [22302]: # of matches found 27666 and it took: 55456.9ms
query [22303]: # of matches found 27670 and it took: 55390.3ms
query [22304]: # of matches found 27682 and it took: 55588.5ms
query [22305]: # of matches found 27663 and it took: 55067.2ms
query [22306]: # of matches found 27686 and it took: 55265.6ms
query [22307]: # of matches found 27699 and it took: 55396.6ms
query [22308]: # of matches found 27694 and it took: 56364.7ms
query [22309]: # of matches found 27668 and it took: 56036.6ms
query [22310]: # of matches found 27753 and it took: 55670.5ms
query [22311]: # of matches found 34071 and it took: 55052.9ms
query [22312]: # of matches found 34152 and it took: 54740.4ms
query [22313]: # of matches found 34208 and it took: 54302.4ms
query [22314]: # of matches found 34185 and it took: 54451.7ms
query [22315]: # of matches found 34169 and it took: 54235.6ms
query [22316]: # of matches found 34171 and it took: 54381ms
query [22317]: # of matches found 34093 and it took: 54261.5ms
query [22318]: # of matches found 34034 and it took: 54667.4ms
query [22319]: # of matches found 33940 and it took: 54397.9ms
query [22320]: # of matches found 33774 and it took: 54479.1ms
query [22321]: # of matches found 32202 and it took: 54752.1ms
query [22322]: # of matches found 32104 and it took: 54860.2ms
query [22323]: # of matches found 31896 and it took: 54921.9ms
query [22324]: # of matches found 31916 and it took: 55033.9ms
query [22325]: # of matches found 31826 and it took: 54787.4ms
query [22326]: # of matches found 31792 and it took: 55146.1ms
query [22327]: # of matches found 31613 and it took: 55328.4ms
query [22328]: # of matches found 31614 and it took: 55230.7ms
query [22329]: # of matches found 31687 and it took: 54759.4ms
query [22330]: # of matches found 31645 and it took: 55876.8ms
query [22331]: # of matches found 31595 and it took: 55106.6ms
query [22332]: # of matches found 31632 and it took: 55236ms
query [22333]: # of matches found 31557 and it took: 55091.1ms
query [22334]: # of matches found 31467 and it took: 55225.2ms
query [22335]: # of matches found 31497 and it took: 54906.8ms
query [22336]: # of matches found 31451 and it took: 55544.5ms
query [22337]: # of matches found 31320 and it took: 55517.5ms
query [22338]: # of matches found 31287 and it took: 55648.5ms
query [22339]: # of matches found 31057 and it took: 55470.4ms
query [22340]: # of matches found 29983 and it took: 56084.7ms
query [22341]: # of matches found 29870 and it took: 55991ms
query [22342]: # of matches found 29492 and it took: 56103.1ms
query [22343]: # of matches found 28931 and it took: 55824.4ms
query [22344]: # of matches found 28506 and it took: 55857.7ms
query [22345]: # of matches found 27326 and it took: 55359.7ms
query [22346]: # of matches found 27610 and it took: 56233ms
query [22347]: # of matches found 27425 and it took: 56062.3ms
query [22348]: # of matches found 27429 and it took: 55849.4ms
query [22349]: # of matches found 27514 and it took: 55951.3ms
query [22350]: # of matches found 27506 and it took: 56138.6ms
query [22351]: # of matches found 27515 and it took: 55965ms
query [22352]: # of matches found 27485 and it took: 56211ms
query [22353]: # of matches found 27477 and it took: 56321.4ms
query [22354]: # of matches found 27529 and it took: 56156ms
query [22355]: # of matches found 27562 and it took: 55844ms
query [22356]: # of matches found 27565 and it took: 56448.1ms
query [22357]: # of matches found 27640 and it took: 56167.7ms
query [22358]: # of matches found 27654 and it took: 55867.1ms
query [22359]: # of matches found 27599 and it took: 55712.6ms
query [22360]: # of matches found 27816 and it took: 56070.7ms
query [22361]: # of matches found 27821 and it took: 55976.9ms
query [22362]: # of matches found 27821 and it took: 56596.5ms
query [22363]: # of matches found 27865 and it took: 56434.1ms
query [22364]: # of matches found 27750 and it took: 56092.8ms
query [22365]: # of matches found 27946 and it took: 55802.1ms
query [22366]: # of matches found 27944 and it took: 56435.7ms
query [22367]: # of matches found 27997 and it took: 56363.8ms
query [22368]: # of matches found 27977 and it took: 56032.4ms
query [22369]: # of matches found 27974 and it took: 55906.8ms
query [22370]: # of matches found 27970 and it took: 56199.3ms
query [22371]: # of matches found 27975 and it took: 56140.4ms
query [22372]: # of matches found 27980 and it took: 56404.6ms
query [22373]: # of matches found 27980 and it took: 56514.9ms
query [22374]: # of matches found 28000 and it took: 56342.9ms
query [22375]: # of matches found 28020 and it took: 55995.1ms
query [22376]: # of matches found 27989 and it took: 56834ms
query [22377]: # of matches found 28000 and it took: 56493.3ms
query [22378]: # of matches found 27992 and it took: 56349.7ms
query [22379]: # of matches found 27997 and it took: 56348.5ms
query [22380]: # of matches found 28159 and it took: 56532.5ms
query [22381]: # of matches found 28075 and it took: 56502ms
query [22382]: # of matches found 28116 and it took: 56824ms
query [22383]: # of matches found 28326 and it took: 56708.5ms
query [22384]: # of matches found 28360 and it took: 56432.4ms
query [22385]: # of matches found 28297 and it took: 56302ms
query [22386]: # of matches found 28148 and it took: 56791.2ms
query [22387]: # of matches found 26971 and it took: 56692ms
query [22388]: # of matches found 26849 and it took: 56268.5ms
query [22389]: # of matches found 26418 and it took: 56402ms
query [22390]: # of matches found 25959 and it took: 56570.3ms
query [22391]: # of matches found 25597 and it took: 56260.9ms
query [22392]: # of matches found 24897 and it took: 56470.1ms
query [22393]: # of matches found 24824 and it took: 56603.9ms
query [22394]: # of matches found 24917 and it took: 56714.9ms
query [22395]: # of matches found 24750 and it took: 56014.7ms
query [22396]: # of matches found 24577 and it took: 56588.4ms
query [22397]: # of matches found 24026 and it took: 56466.5ms
query [22398]: # of matches found 23729 and it took: 56222.4ms
query [22399]: # of matches found 23557 and it took: 56262.1ms
query [22400]: # of matches found 23388 and it took: 56491.4ms
query [22401]: # of matches found 23236 and it took: 56303.7ms
query [22402]: # of matches found 23105 and it took: 56331.4ms
query [22403]: # of matches found 22758 and it took: 56308.1ms
query [22404]: # of matches found 22666 and it took: 55970.4ms
query [22405]: # of matches found 21192 and it took: 55833.4ms
query [22406]: # of matches found 21229 and it took: 56239.2ms
query [22407]: # of matches found 21203 and it took: 56256.4ms
query [22408]: # of matches found 18513 and it took: 55768.8ms
query [22409]: # of matches found 18494 and it took: 55520.8ms
query [22410]: # of matches found 18491 and it took: 55428.5ms
query [22411]: # of matches found 18555 and it took: 54881.4ms
query [22412]: # of matches found 18750 and it took: 55081ms
query [22413]: # of matches found 18906 and it took: 54994.2ms
query [22414]: # of matches found 18950 and it took: 54655.2ms
query [22415]: # of matches found 18975 and it took: 54861.1ms
query [22416]: # of matches found 20480 and it took: 54807.6ms
query [22417]: # of matches found 20306 and it took: 54523.8ms
query [22418]: # of matches found 20158 and it took: 54009.6ms
query [22419]: # of matches found 20068 and it took: 53780.1ms
query [22420]: # of matches found 20069 and it took: 53815.4ms
query [22421]: # of matches found 17556 and it took: 53405.3ms
query [22422]: # of matches found 17526 and it took: 53399.6ms
query [22423]: # of matches found 17530 and it took: 53444.4ms
query [22424]: # of matches found 17525 and it took: 52850.5ms
query [22425]: # of matches found 17561 and it took: 52708.2ms
query [22426]: # of matches found 17579 and it took: 53105.4ms
query [22427]: # of matches found 17575 and it took: 52915.7ms
query [22428]: # of matches found 17502 and it took: 52460.5ms
query [22429]: # of matches found 17560 and it took: 52016.4ms
query [22430]: # of matches found 17514 and it took: 52325.5ms
query [22431]: # of matches found 17568 and it took: 51653.2ms
query [22432]: # of matches found 17557 and it took: 51575.2ms
query [22433]: # of matches found 17742 and it took: 51468.8ms
query [22434]: # of matches found 17886 and it took: 51667.4ms
query [22435]: # of matches found 18384 and it took: 51846.2ms
query [22436]: # of matches found 18457 and it took: 51137.2ms
query [22437]: # of matches found 18469 and it took: 51213.5ms
query [22438]: # of matches found 18525 and it took: 50956.8ms
query [22439]: # of matches found 18593 and it took: 50881.9ms
query [22440]: # of matches found 18671 and it took: 50513.5ms
query [22441]: # of matches found 18863 and it took: 50404.7ms
query [22442]: # of matches found 18860 and it took: 50330.1ms
query [22443]: # of matches found 18864 and it took: 50404.7ms
query [22444]: # of matches found 18893 and it took: 50394.6ms
query [22445]: # of matches found 18920 and it took: 50465.8ms
query [22446]: # of matches found 18927 and it took: 50526ms
query [22447]: # of matches found 18984 and it took: 50745.1ms
query [22448]: # of matches found 19033 and it took: 50728ms
query [22449]: # of matches found 19316 and it took: 50573ms
query [22450]: # of matches found 19271 and it took: 50505.5ms
query [22451]: # of matches found 13029 and it took: 50396.7ms
query [22452]: # of matches found 12949 and it took: 50142.6ms
query [22453]: # of matches found 12987 and it took: 50213.3ms
query [22454]: # of matches found 13104 and it took: 50091.6ms
query [22455]: # of matches found 13067 and it took: 50283.2ms
query [22456]: # of matches found 13035 and it took: 50303ms
query [22457]: # of matches found 13068 and it took: 50251.9ms
query [22458]: # of matches found 13088 and it took: 50387.6ms
query [22459]: # of matches found 13096 and it took: 50242.4ms
query [22460]: # of matches found 13175 and it took: 50224.5ms
query [22461]: # of matches found 13209 and it took: 50324ms
query [22462]: # of matches found 13246 and it took: 50851.3ms
query [22463]: # of matches found 13281 and it took: 50422.9ms
query [22464]: # of matches found 13209 and it took: 50360ms
query [22465]: # of matches found 13229 and it took: 50518.8ms
query [22466]: # of matches found 13300 and it took: 50419.3ms
query [22467]: # of matches found 13306 and it took: 50678.6ms
query [22468]: # of matches found 13316 and it took: 50722.9ms
query [22469]: # of matches found 13301 and it took: 50763.8ms
query [22470]: # of matches found 13311 and it took: 50556.5ms
query [22471]: # of matches found 13262 and it took: 50688.4ms
query [22472]: # of matches found 13412 and it took: 50811.3ms
query [22473]: # of matches found 13486 and it took: 51005ms
query [22474]: # of matches found 13477 and it took: 50843.3ms
query [22475]: # of matches found 13468 and it took: 51012.1ms
query [22476]: # of matches found 13472 and it took: 51144.8ms
query [22477]: # of matches found 13466 and it took: 51523.2ms
query [22478]: # of matches found 13463 and it took: 51467.8ms
query [22479]: # of matches found 13513 and it took: 51499.7ms
query [22480]: # of matches found 13625 and it took: 51570.8ms
query [22481]: # of matches found 13683 and it took: 51819ms
query [22482]: # of matches found 13686 and it took: 52042.1ms
query [22483]: # of matches found 13603 and it took: 51982.1ms
query [22484]: # of matches found 13656 and it took: 52123.1ms
query [22485]: # of matches found 13673 and it took: 52004.6ms
query [22486]: # of matches found 13502 and it took: 52118.6ms
query [22487]: # of matches found 13466 and it took: 52469ms
query [22488]: # of matches found 13411 and it took: 52617ms
query [22489]: # of matches found 13368 and it took: 52600.6ms
query [22490]: # of matches found 13369 and it took: 52705.2ms
query [22491]: # of matches found 13462 and it took: 52762.6ms
query [22492]: # of matches found 13493 and it took: 53042ms
query [22493]: # of matches found 13546 and it took: 52989.9ms
query [22494]: # of matches found 13585 and it took: 53083.8ms
query [22495]: # of matches found 13569 and it took: 53043.9ms
query [22496]: # of matches found 13681 and it took: 53312.8ms
query [22497]: # of matches found 13633 and it took: 53922.1ms
query [22498]: # of matches found 13660 and it took: 54055ms
query [22499]: # of matches found 13607 and it took: 54048.6ms
query [22500]: # of matches found 13440 and it took: 54401.1ms
query [22501]: # of matches found 13464 and it took: 54308.9ms
query [22502]: # of matches found 13538 and it took: 54665.4ms
query [22503]: # of matches found 13603 and it took: 55105.2ms
query [22504]: # of matches found 15005 and it took: 54998ms
query [22505]: # of matches found 14958 and it took: 54780ms
query [22506]: # of matches found 14969 and it took: 54929.2ms
query [22507]: # of matches found 14977 and it took: 54972.1ms
query [22508]: # of matches found 15095 and it took: 55113.2ms
query [22509]: # of matches found 15057 and it took: 54822.5ms
query [22510]: # of matches found 15125 and it took: 54724.3ms
query [22511]: # of matches found 15158 and it took: 54833.1ms
query [22512]: # of matches found 15163 and it took: 54951.8ms
query [22513]: # of matches found 15201 and it took: 55188.1ms
query [22514]: # of matches found 15230 and it took: 55260.3ms
query [22515]: # of matches found 15238 and it took: 55172.8ms
query [22516]: # of matches found 15251 and it took: 55098ms
query [22517]: # of matches found 15568 and it took: 54971.5ms
query [22518]: # of matches found 15597 and it took: 55313.9ms
query [22519]: # of matches found 15823 and it took: 55106.1ms
query [22520]: # of matches found 15670 and it took: 55073.3ms
query [22521]: # of matches found 15738 and it took: 55116.7ms
query [22522]: # of matches found 15757 and it took: 55178.1ms
query [22523]: # of matches found 15656 and it took: 55335.1ms
query [22524]: # of matches found 15371 and it took: 55204.5ms
query [22525]: # of matches found 15423 and it took: 55198.5ms
query [22526]: # of matches found 15402 and it took: 55166.4ms
query [22527]: # of matches found 15396 and it took: 55052.2ms
query [22528]: # of matches found 15394 and it took: 55252.7ms
query [22529]: # of matches found 15382 and it took: 55675ms
query [22530]: # of matches found 15381 and it took: 55171.1ms
query [22531]: # of matches found 15442 and it took: 54955.4ms
query [22532]: # of matches found 15501 and it took: 54966.7ms
query [22533]: # of matches found 15480 and it took: 55113.9ms
query [22534]: # of matches found 15298 and it took: 55073.9ms
query [22535]: # of matches found 15376 and it took: 54933.7ms
query [22536]: # of matches found 15459 and it took: 54929.4ms
query [22537]: # of matches found 15518 and it took: 54854.5ms
query [22538]: # of matches found 15998 and it took: 55050.4ms
query [22539]: # of matches found 15974 and it took: 54902.5ms
query [22540]: # of matches found 16043 and it took: 54778.2ms
query [22541]: # of matches found 16147 and it took: 54797.7ms
query [22542]: # of matches found 16279 and it took: 54728.3ms
query [22543]: # of matches found 16358 and it took: 54717.9ms
query [22544]: # of matches found 16424 and it took: 55091.1ms
query [22545]: # of matches found 16446 and it took: 54742.9ms
query [22546]: # of matches found 17024 and it took: 54878.3ms
query [22547]: # of matches found 17033 and it took: 54921.4ms
query [22548]: # of matches found 16962 and it took: 55075.9ms
query [22549]: # of matches found 16789 and it took: 54779.9ms
query [22550]: # of matches found 16928 and it took: 54801.6ms
query [22551]: # of matches found 16861 and it took: 54642.4ms
query [22552]: # of matches found 16741 and it took: 54646.6ms
query [22553]: # of matches found 16525 and it took: 54569.8ms
query [22554]: # of matches found 16449 and it took: 54976.8ms
query [22555]: # of matches found 16406 and it took: 55294.9ms
query [22556]: # of matches found 15514 and it took: 54829.5ms
query [22557]: # of matches found 14770 and it took: 54697.2ms
query [22558]: # of matches found 14689 and it took: 54771ms
query [22559]: # of matches found 14704 and it took: 54566.9ms
query [22560]: # of matches found 14617 and it took: 54729.4ms
query [22561]: # of matches found 14536 and it took: 54407.2ms
query [22562]: # of matches found 14552 and it took: 54831ms
query [22563]: # of matches found 14717 and it took: 54335.8ms
query [22564]: # of matches found 14730 and it took: 55966.1ms
query [22565]: # of matches found 14701 and it took: 54727.5ms
query [22566]: # of matches found 14674 and it took: 54669.6ms
query [22567]: # of matches found 14676 and it took: 54660.8ms
query [22568]: # of matches found 14689 and it took: 54715.2ms
query [22569]: # of matches found 14608 and it took: 54659.7ms
query [22570]: # of matches found 14592 and it took: 54805.2ms
query [22571]: # of matches found 14519 and it took: 54330.5ms
query [22572]: # of matches found 14487 and it took: 54432.1ms
query [22573]: # of matches found 14293 and it took: 54538.2ms
query [22574]: # of matches found 14215 and it took: 55040.3ms
query [22575]: # of matches found 13866 and it took: 54914.1ms
query [22576]: # of matches found 13884 and it took: 54796.4ms
query [22577]: # of matches found 14080 and it took: 54599.4ms
query [22578]: # of matches found 14290 and it took: 54773.7ms
query [22579]: # of matches found 14368 and it took: 54515.5ms
query [22580]: # of matches found 14294 and it took: 54628.6ms
query [22581]: # of matches found 14099 and it took: 54229.7ms
query [22582]: # of matches found 14133 and it took: 54395.4ms
query [22583]: # of matches found 14134 and it took: 54310.2ms
query [22584]: # of matches found 14117 and it took: 54999.9ms
query [22585]: # of matches found 14100 and it took: 55257.1ms
query [22586]: # of matches found 14091 and it took: 55210.5ms
query [22587]: # of matches found 14007 and it took: 55007ms
query [22588]: # of matches found 13995 and it took: 55248.2ms
query [22589]: # of matches found 13739 and it took: 54398.2ms
query [22590]: # of matches found 16079 and it took: 54564.2ms
query [22591]: # of matches found 15956 and it took: 53663.6ms
query [22592]: # of matches found 15942 and it took: 53595.6ms
query [22593]: # of matches found 15967 and it took: 53453.2ms
query [22594]: # of matches found 15826 and it took: 54116.6ms
query [22595]: # of matches found 24177 and it took: 54376.8ms
query [22596]: # of matches found 24156 and it took: 54042.2ms
query [22597]: # of matches found 24120 and it took: 53900.1ms
query [22598]: # of matches found 24155 and it took: 53803.7ms
query [22599]: # of matches found 24145 and it took: 53283.9ms
query [22600]: # of matches found 24083 and it took: 53559.3ms
query [22601]: # of matches found 24079 and it took: 53162.3ms
query [22602]: # of matches found 24078 and it took: 52883.5ms
query [22603]: # of matches found 24013 and it took: 52390.1ms
query [22604]: # of matches found 24061 and it took: 53427.5ms
query [22605]: # of matches found 24050 and it took: 53114.7ms
query [22606]: # of matches found 24020 and it took: 52947.6ms
query [22607]: # of matches found 23999 and it took: 53065.4ms
query [22608]: # of matches found 23909 and it took: 53116.1ms
query [22609]: # of matches found 23867 and it took: 52965.8ms
query [22610]: # of matches found 23858 and it took: 53033.5ms
query [22611]: # of matches found 23942 and it took: 52580.4ms
query [22612]: # of matches found 23922 and it took: 52523.9ms
query [22613]: # of matches found 23726 and it took: 52218.3ms
query [22614]: # of matches found 23787 and it took: 52837.7ms
query [22615]: # of matches found 23843 and it took: 52708.2ms
query [22616]: # of matches found 23953 and it took: 52669.5ms
query [22617]: # of matches found 23995 and it took: 52530ms
query [22618]: # of matches found 24005 and it took: 52487.4ms
query [22619]: # of matches found 24094 and it took: 52236.5ms
query [22620]: # of matches found 23953 and it took: 52214.3ms
query [22621]: # of matches found 23801 and it took: 51291.9ms
query [22622]: # of matches found 23917 and it took: 51854.8ms
query [22623]: # of matches found 23811 and it took: 51587.2ms
query [22624]: # of matches found 23861 and it took: 52193ms
query [22625]: # of matches found 23797 and it took: 51975.9ms
query [22626]: # of matches found 23747 and it took: 51707.2ms
query [22627]: # of matches found 24170 and it took: 51641.1ms
query [22628]: # of matches found 24301 and it took: 51660.9ms
query [22629]: # of matches found 24275 and it took: 52382.1ms
query [22630]: # of matches found 24240 and it took: 51541.5ms
query [22631]: # of matches found 24238 and it took: 50875ms
query [22632]: # of matches found 24494 and it took: 51041.7ms
query [22633]: # of matches found 24540 and it took: 50755.4ms
query [22634]: # of matches found 24627 and it took: 51272ms
query [22635]: # of matches found 24617 and it took: 50974.7ms
query [22636]: # of matches found 24473 and it took: 51065.6ms
query [22637]: # of matches found 24479 and it took: 51265.1ms
query [22638]: # of matches found 24420 and it took: 51240.2ms
query [22639]: # of matches found 24494 and it took: 51212.3ms
query [22640]: # of matches found 24536 and it took: 51178.3ms
query [22641]: # of matches found 24624 and it took: 51216.7ms
query [22642]: # of matches found 24517 and it took: 51241.6ms
query [22643]: # of matches found 24749 and it took: 51943.8ms
query [22644]: # of matches found 24095 and it took: 52268.5ms
query [22645]: # of matches found 23979 and it took: 51838.2ms
query [22646]: # of matches found 23957 and it took: 51546.5ms
query [22647]: # of matches found 23886 and it took: 51772.3ms
query [22648]: # of matches found 23777 and it took: 51837ms
query [22649]: # of matches found 23773 and it took: 51999.9ms
query [22650]: # of matches found 23773 and it took: 52139.6ms
query [22651]: # of matches found 23835 and it took: 52317ms
query [22652]: # of matches found 26785 and it took: 53002.2ms
query [22653]: # of matches found 29257 and it took: 53067.4ms
query [22654]: # of matches found 29289 and it took: 53470.1ms
query [22655]: # of matches found 29327 and it took: 53321.2ms
query [22656]: # of matches found 29388 and it took: 53375.8ms
query [22657]: # of matches found 29082 and it took: 53451.7ms
query [22658]: # of matches found 29164 and it took: 53383.4ms
query [22659]: # of matches found 29060 and it took: 53541.5ms
query [22660]: # of matches found 29170 and it took: 53604.2ms
query [22661]: # of matches found 31860 and it took: 53480.7ms
query [22662]: # of matches found 31797 and it took: 53642.8ms
query [22663]: # of matches found 31850 and it took: 53656.9ms
query [22664]: # of matches found 31904 and it took: 54523.7ms
query [22665]: # of matches found 31864 and it took: 53757.5ms
query [22666]: # of matches found 31953 and it took: 53917.3ms
query [22667]: # of matches found 31968 and it took: 54161.6ms
query [22668]: # of matches found 31963 and it took: 54262.5ms
query [22669]: # of matches found 32055 and it took: 54633.6ms
query [22670]: # of matches found 32082 and it took: 54667.8ms
query [22671]: # of matches found 32004 and it took: 54658.5ms
query [22672]: # of matches found 31946 and it took: 55031.9ms
query [22673]: # of matches found 31978 and it took: 55230ms
query [22674]: # of matches found 32028 and it took: 55521.3ms
query [22675]: # of matches found 32100 and it took: 55014.4ms
query [22676]: # of matches found 32910 and it took: 55502.7ms
query [22677]: # of matches found 32904 and it took: 55625ms
query [22678]: # of matches found 32887 and it took: 55817ms
query [22679]: # of matches found 33117 and it took: 55753.8ms
query [22680]: # of matches found 33164 and it took: 55800.5ms
query [22681]: # of matches found 33505 and it took: 55414.5ms
query [22682]: # of matches found 34203 and it took: 55785.3ms
query [22683]: # of matches found 34618 and it took: 55782.1ms
query [22684]: # of matches found 34988 and it took: 55928.3ms
query [22685]: # of matches found 35071 and it took: 55225.8ms
query [22686]: # of matches found 34678 and it took: 55761.6ms
query [22687]: # of matches found 34782 and it took: 55921.6ms
query [22688]: # of matches found 34851 and it took: 55840.8ms
query [22689]: # of matches found 34889 and it took: 55768.1ms
query [22690]: # of matches found 34877 and it took: 55681.2ms
query [22691]: # of matches found 34883 and it took: 55191.9ms
query [22692]: # of matches found 35074 and it took: 55730.9ms
query [22693]: # of matches found 35336 and it took: 55743.1ms
query [22694]: # of matches found 35360 and it took: 55370.4ms
query [22695]: # of matches found 35391 and it took: 54928.2ms
query [22696]: # of matches found 35449 and it took: 55790ms
query [22697]: # of matches found 35432 and it took: 55505.2ms
query [22698]: # of matches found 35499 and it took: 55553ms
query [22699]: # of matches found 35565 and it took: 55566.6ms
query [22700]: # of matches found 35596 and it took: 55490.6ms
query [22701]: # of matches found 35850 and it took: 54898.5ms
query [22702]: # of matches found 35862 and it took: 55432ms
query [22703]: # of matches found 35743 and it took: 55427.4ms
query [22704]: # of matches found 35733 and it took: 55315.8ms
query [22705]: # of matches found 35816 and it took: 54671.4ms
query [22706]: # of matches found 35841 and it took: 54924ms
query [22707]: # of matches found 35883 and it took: 55077ms
query [22708]: # of matches found 35902 and it took: 54914.4ms
query [22709]: # of matches found 36009 and it took: 54966.2ms
query [22710]: # of matches found 36028 and it took: 55165.7ms
query [22711]: # of matches found 36058 and it took: 54918.4ms
query [22712]: # of matches found 36078 and it took: 55211ms
query [22713]: # of matches found 36054 and it took: 55284ms
query [22714]: # of matches found 36009 and it took: 55056.2ms
query [22715]: # of matches found 35892 and it took: 54804ms
query [22716]: # of matches found 35778 and it took: 55295.8ms
query [22717]: # of matches found 35568 and it took: 55399.5ms
query [22718]: # of matches found 35282 and it took: 55333.6ms
query [22719]: # of matches found 35274 and it took: 55342.7ms
query [22720]: # of matches found 35218 and it took: 55449.5ms
query [22721]: # of matches found 35225 and it took: 55061.8ms
query [22722]: # of matches found 35861 and it took: 55564.1ms
query [22723]: # of matches found 35856 and it took: 55668.1ms
query [22724]: # of matches found 35858 and it took: 55214ms
query [22725]: # of matches found 35839 and it took: 54877.5ms
query [22726]: # of matches found 35904 and it took: 55202.5ms
query [22727]: # of matches found 35949 and it took: 55013.4ms
query [22728]: # of matches found 35917 and it took: 54892.2ms
query [22729]: # of matches found 35877 and it took: 55604.3ms
query [22730]: # of matches found 35813 and it took: 55018.8ms
query [22731]: # of matches found 33564 and it took: 54817.6ms
query [22732]: # of matches found 33540 and it took: 54883ms
