Starting the job at Wed Aug 21 07:01:34 PM EDT 2024
no kmerRangesFileAddressArg!
no baselineBaseAddress!
no otherToolArg!
**********************CONFIGURATIONS*****************************
PARMIK mode:                  3
readDatabaseAddress:          /p/lava/parmik/partialMatcherProject/datasets/metagenomicDB/SRR14381422/SRR14381422_reads
readFileName:                 SRR14381422_reads
queryFileAddress:             /p/lava/parmik/partialMatcherProject/datasets/queryFiles/covidQueryFiles/NC_045512_chunks/NC_045512_queries_6000-6999
queryFileName:                NC_045512_queries_6000-6999
otherToolOutputFileAddress:   /u/rgq5aw/GIT/PARMIK/partialMatcherProject/tools/blast/SRR14381422/NC_045512/blastn_ws30_results.out
outputDir:                    /p/lava/parmik/partialMatcherProject/tools/baseline_ssw/SRR14381422/NC_045512
penaltyFileAddress:           /u/rgq5aw/GIT/PARMIK/experiments/parmik/CK_SSW_ID_PRCNTG/PenaltySets/2484_1111_2444_2288_2848
kmerRangesFileAddress:        
readsCount:                   17000000
queryCount:                   30000
kmerLength:                   11
regionSize:                   48
cheapKmerThreshold:           0
percentageIdentity:           0.85
minExactMatchLen:             0
numThreads:                   1
isSecondChanceOff:            F
minNumExactMatchKmer:         0
isIndexOffline:               1
offlineIndexAddress:          /p/lava/parmik/partialMatcherProject/tools/parmik/CK_INDEX/SRR14381422/
baselineBaseAddress:          
max editDistance in min region: 2
otherTool:                    
**********************CONFIGURATIONS*****************************
--------------Penalties--------------
m: 2, s: 4, go: 8, ge: 4
m: 1, s: 1, go: 1, ge: 1
m: 2, s: 4, go: 4, ge: 4
m: 2, s: 2, go: 8, ge: 8
m: 2, s: 8, go: 4, ge: 8
------------------------------------
experiment dir: /p/lava/parmik/partialMatcherProject/tools/baseline_ssw/SRR14381422/NC_045512/IKT0_K11_PI85_M0_T1_SC1_P_2484_1111_2444_2288_2848
Directory already exists or could not be created: /p/lava/parmik/partialMatcherProject/tools/baseline_ssw/SRR14381422/NC_045512/IKT0_K11_PI85_M0_T1_SC1_P_2484_1111_2444_2288_2848
numberOfReadsWithN : 0
queryCount : 1000
numberOfReadsWithN : 0
readCount : 17000000
offlineCheapIndexAddress: /p/lava/parmik/partialMatcherProject/tools/parmik/CK_INDEX/SRR14381422/ck_T0_K11_r17000000
offlineExpensiveIndexAddress: /p/lava/parmik/partialMatcherProject/tools/parmik/CK_INDEX/SRR14381422/ek_T0_K11_r17000000
pmrkAlignmentsAddress: /p/lava/parmik/partialMatcherProject/tools/baseline_ssw/SRR14381422/NC_045512/IKT0_K11_PI85_M0_T1_SC1_P_2484_1111_2444_2288_2848/parmikAln.txt
Starting alignment for all queries [fwd]...
queryBaseIndex: 6000
query [6000]: # of matches found 109206 and it took: 25449.4ms
query [6001]: # of matches found 109263 and it took: 25918.8ms
query [6002]: # of matches found 109495 and it took: 24708.3ms
query [6003]: # of matches found 109325 and it took: 24803.4ms
query [6004]: # of matches found 109074 and it took: 24736.7ms
query [6005]: # of matches found 109496 and it took: 24757.3ms
query [6006]: # of matches found 111235 and it took: 24762.9ms
query [6007]: # of matches found 111829 and it took: 24775.1ms
query [6008]: # of matches found 111994 and it took: 24873.9ms
query [6009]: # of matches found 111503 and it took: 25063.6ms
query [6010]: # of matches found 111184 and it took: 24715.3ms
query [6011]: # of matches found 111579 and it took: 25590.9ms
query [6012]: # of matches found 116018 and it took: 26638.3ms
query [6013]: # of matches found 116680 and it took: 28502ms
query [6014]: # of matches found 116466 and it took: 26582.4ms
query [6015]: # of matches found 117012 and it took: 26472.1ms
query [6016]: # of matches found 116051 and it took: 26448.3ms
query [6017]: # of matches found 116997 and it took: 27086ms
query [6018]: # of matches found 116548 and it took: 26593.4ms
query [6019]: # of matches found 115997 and it took: 26309.2ms
query [6020]: # of matches found 115870 and it took: 27011.8ms
query [6021]: # of matches found 115446 and it took: 27283.3ms
query [6022]: # of matches found 115463 and it took: 29833ms
query [6023]: # of matches found 115566 and it took: 27966.8ms
query [6024]: # of matches found 116203 and it took: 26468ms
query [6025]: # of matches found 116342 and it took: 25917.7ms
query [6026]: # of matches found 116232 and it took: 26310.3ms
query [6027]: # of matches found 115847 and it took: 26935.5ms
query [6028]: # of matches found 115954 and it took: 26518.7ms
query [6029]: # of matches found 115893 and it took: 26354ms
query [6030]: # of matches found 116082 and it took: 26919.9ms
query [6031]: # of matches found 116740 and it took: 26928.8ms
query [6032]: # of matches found 117492 and it took: 26816.9ms
query [6033]: # of matches found 117714 and it took: 26493.7ms
query [6034]: # of matches found 118938 and it took: 27084.7ms
query [6035]: # of matches found 119393 and it took: 27334.6ms
query [6036]: # of matches found 119576 and it took: 27455.8ms
query [6037]: # of matches found 120036 and it took: 26214.1ms
query [6038]: # of matches found 119767 and it took: 26512ms
query [6039]: # of matches found 119430 and it took: 27152.5ms
query [6040]: # of matches found 118650 and it took: 26877.5ms
query [6041]: # of matches found 117809 and it took: 27203.9ms
query [6042]: # of matches found 116407 and it took: 26406.8ms
query [6043]: # of matches found 115438 and it took: 26821.4ms
query [6044]: # of matches found 113938 and it took: 25959.7ms
query [6045]: # of matches found 111841 and it took: 28064.3ms
query [6046]: # of matches found 110029 and it took: 26917.6ms
query [6047]: # of matches found 109347 and it took: 26369.3ms
query [6048]: # of matches found 108958 and it took: 26466.9ms
query [6049]: # of matches found 108194 and it took: 27258.5ms
query [6050]: # of matches found 108252 and it took: 26317ms
query [6051]: # of matches found 108006 and it took: 27200.2ms
query [6052]: # of matches found 108238 and it took: 26680ms
query [6053]: # of matches found 108411 and it took: 26738.9ms
query [6054]: # of matches found 108451 and it took: 25927.5ms
query [6055]: # of matches found 108562 and it took: 26405.5ms
query [6056]: # of matches found 109002 and it took: 26589.2ms
query [6057]: # of matches found 112001 and it took: 27444ms
query [6058]: # of matches found 112989 and it took: 26931ms
query [6059]: # of matches found 114649 and it took: 26344.4ms
query [6060]: # of matches found 114803 and it took: 26395.9ms
query [6061]: # of matches found 114928 and it took: 26718.1ms
query [6062]: # of matches found 115110 and it took: 27066ms
query [6063]: # of matches found 114076 and it took: 27274.8ms
query [6064]: # of matches found 113636 and it took: 26684.7ms
query [6065]: # of matches found 112462 and it took: 26057.6ms
query [6066]: # of matches found 112399 and it took: 27166.3ms
query [6067]: # of matches found 112018 and it took: 26123.1ms
query [6068]: # of matches found 112116 and it took: 27120.8ms
query [6069]: # of matches found 111834 and it took: 26413.5ms
query [6070]: # of matches found 111314 and it took: 26550.5ms
query [6071]: # of matches found 110071 and it took: 25915.4ms
query [6072]: # of matches found 109407 and it took: 25687.4ms
query [6073]: # of matches found 109035 and it took: 26209.3ms
query [6074]: # of matches found 108542 and it took: 26914.8ms
query [6075]: # of matches found 107221 and it took: 27683.4ms
query [6076]: # of matches found 107033 and it took: 27144.4ms
query [6077]: # of matches found 106493 and it took: 27153.7ms
query [6078]: # of matches found 105618 and it took: 28131.6ms
query [6079]: # of matches found 104364 and it took: 27134.7ms
query [6080]: # of matches found 103281 and it took: 26797.8ms
query [6081]: # of matches found 102995 and it took: 26104ms
query [6082]: # of matches found 102649 and it took: 26442.9ms
query [6083]: # of matches found 101597 and it took: 28178.1ms
query [6084]: # of matches found 101110 and it took: 26718.3ms
query [6085]: # of matches found 101086 and it took: 28313.9ms
query [6086]: # of matches found 100896 and it took: 27662.5ms
query [6087]: # of matches found 100400 and it took: 26832.3ms
query [6088]: # of matches found 96752 and it took: 26521.3ms
query [6089]: # of matches found 97323 and it took: 28321.3ms
query [6090]: # of matches found 95098 and it took: 26363ms
query [6091]: # of matches found 95365 and it took: 26021.5ms
query [6092]: # of matches found 95579 and it took: 25048.4ms
query [6093]: # of matches found 94060 and it took: 26053.8ms
query [6094]: # of matches found 94287 and it took: 25412.6ms
query [6095]: # of matches found 94063 and it took: 26307.1ms
query [6096]: # of matches found 93916 and it took: 26423.9ms
query [6097]: # of matches found 94360 and it took: 26173.7ms
query [6098]: # of matches found 93525 and it took: 26567.1ms
query [6099]: # of matches found 93751 and it took: 26020.5ms
query [6100]: # of matches found 94040 and it took: 26013.6ms
query [6101]: # of matches found 93862 and it took: 26000.5ms
query [6102]: # of matches found 95837 and it took: 26678.7ms
query [6103]: # of matches found 95486 and it took: 26942.5ms
query [6104]: # of matches found 95892 and it took: 26654.4ms
query [6105]: # of matches found 95675 and it took: 28204.8ms
query [6106]: # of matches found 95669 and it took: 27095.8ms
query [6107]: # of matches found 95904 and it took: 28980.1ms
query [6108]: # of matches found 95588 and it took: 26847.7ms
query [6109]: # of matches found 95644 and it took: 26875.9ms
query [6110]: # of matches found 96530 and it took: 26496.3ms
query [6111]: # of matches found 96341 and it took: 27156.3ms
query [6112]: # of matches found 95077 and it took: 27290.5ms
query [6113]: # of matches found 94895 and it took: 26532.4ms
query [6114]: # of matches found 94675 and it took: 26059.4ms
query [6115]: # of matches found 94446 and it took: 27474.7ms
query [6116]: # of matches found 95204 and it took: 26482.3ms
query [6117]: # of matches found 94466 and it took: 25738.2ms
query [6118]: # of matches found 94400 and it took: 25941.2ms
query [6119]: # of matches found 94905 and it took: 26003.3ms
query [6120]: # of matches found 94874 and it took: 26272.1ms
query [6121]: # of matches found 94670 and it took: 26760.3ms
query [6122]: # of matches found 95100 and it took: 25390.4ms
query [6123]: # of matches found 94889 and it took: 27077.2ms
query [6124]: # of matches found 94053 and it took: 26030.6ms
query [6125]: # of matches found 93981 and it took: 25964.2ms
query [6126]: # of matches found 93695 and it took: 25897ms
query [6127]: # of matches found 93702 and it took: 25568.3ms
query [6128]: # of matches found 93605 and it took: 26753.6ms
query [6129]: # of matches found 92762 and it took: 27135.5ms
query [6130]: # of matches found 91365 and it took: 25415.5ms
query [6131]: # of matches found 91289 and it took: 27050.8ms
query [6132]: # of matches found 91584 and it took: 26519.5ms
query [6133]: # of matches found 92198 and it took: 25357.8ms
query [6134]: # of matches found 91782 and it took: 26473.5ms
query [6135]: # of matches found 90418 and it took: 25033.9ms
query [6136]: # of matches found 90413 and it took: 25105.4ms
query [6137]: # of matches found 90341 and it took: 25636.9ms
query [6138]: # of matches found 89071 and it took: 25424.2ms
query [6139]: # of matches found 90782 and it took: 27025.1ms
query [6140]: # of matches found 90727 and it took: 27285.9ms
query [6141]: # of matches found 90633 and it took: 25125.4ms
query [6142]: # of matches found 90650 and it took: 25471.4ms
query [6143]: # of matches found 90384 and it took: 26385.7ms
query [6144]: # of matches found 90585 and it took: 27122.3ms
query [6145]: # of matches found 90350 and it took: 26206ms
query [6146]: # of matches found 88496 and it took: 25771.2ms
query [6147]: # of matches found 88090 and it took: 26680ms
query [6148]: # of matches found 87393 and it took: 25383.9ms
query [6149]: # of matches found 87444 and it took: 27162.4ms
query [6150]: # of matches found 86973 and it took: 26450.3ms
query [6151]: # of matches found 86458 and it took: 26478.5ms
query [6152]: # of matches found 81087 and it took: 25492.9ms
query [6153]: # of matches found 79864 and it took: 26998.5ms
query [6154]: # of matches found 78133 and it took: 26244.8ms
query [6155]: # of matches found 78268 and it took: 26387.6ms
query [6156]: # of matches found 84416 and it took: 26069.9ms
query [6157]: # of matches found 83697 and it took: 27275.2ms
query [6158]: # of matches found 84233 and it took: 26263.4ms
query [6159]: # of matches found 86268 and it took: 25432.4ms
query [6160]: # of matches found 86072 and it took: 26528.7ms
query [6161]: # of matches found 86617 and it took: 26423.8ms
query [6162]: # of matches found 86559 and it took: 27237.1ms
query [6163]: # of matches found 86619 and it took: 27702.9ms
query [6164]: # of matches found 85953 and it took: 27213.9ms
query [6165]: # of matches found 86111 and it took: 27284.6ms
query [6166]: # of matches found 85940 and it took: 27056.3ms
query [6167]: # of matches found 86038 and it took: 27674.5ms
query [6168]: # of matches found 86059 and it took: 26171.7ms
query [6169]: # of matches found 86244 and it took: 26339.5ms
query [6170]: # of matches found 86822 and it took: 27686.7ms
query [6171]: # of matches found 91274 and it took: 27190.5ms
query [6172]: # of matches found 91330 and it took: 27211ms
query [6173]: # of matches found 91787 and it took: 25706ms
query [6174]: # of matches found 91067 and it took: 25831.9ms
query [6175]: # of matches found 90848 and it took: 25743.7ms
query [6176]: # of matches found 91669 and it took: 25457.3ms
query [6177]: # of matches found 91737 and it took: 25693.6ms
query [6178]: # of matches found 92649 and it took: 25755.4ms
query [6179]: # of matches found 93031 and it took: 26182.6ms
query [6180]: # of matches found 93315 and it took: 26607.9ms
query [6181]: # of matches found 94131 and it took: 26138.9ms
query [6182]: # of matches found 94643 and it took: 26573.5ms
query [6183]: # of matches found 95259 and it took: 25911.2ms
query [6184]: # of matches found 96679 and it took: 26818.3ms
query [6185]: # of matches found 97771 and it took: 27180.7ms
query [6186]: # of matches found 98953 and it took: 28193.1ms
query [6187]: # of matches found 99228 and it took: 26637.5ms
query [6188]: # of matches found 103522 and it took: 26756.6ms
query [6189]: # of matches found 103765 and it took: 27656ms
query [6190]: # of matches found 103728 and it took: 26488.1ms
query [6191]: # of matches found 103782 and it took: 28666.7ms
query [6192]: # of matches found 103631 and it took: 27536.8ms
query [6193]: # of matches found 103474 and it took: 29091.6ms
query [6194]: # of matches found 103197 and it took: 27462.9ms
query [6195]: # of matches found 103093 and it took: 25738.9ms
query [6196]: # of matches found 103085 and it took: 27190.2ms
query [6197]: # of matches found 100560 and it took: 26723.5ms
query [6198]: # of matches found 99141 and it took: 27436.8ms
query [6199]: # of matches found 98141 and it took: 27425.2ms
query [6200]: # of matches found 97718 and it took: 26712.1ms
query [6201]: # of matches found 96401 and it took: 27118.8ms
query [6202]: # of matches found 95827 and it took: 27166ms
query [6203]: # of matches found 95775 and it took: 27921.4ms
query [6204]: # of matches found 95400 and it took: 28317.4ms
query [6205]: # of matches found 95075 and it took: 27271.1ms
query [6206]: # of matches found 94846 and it took: 28120.9ms
query [6207]: # of matches found 94729 and it took: 28009ms
query [6208]: # of matches found 95110 and it took: 28584.2ms
query [6209]: # of matches found 95342 and it took: 28561.3ms
query [6210]: # of matches found 95581 and it took: 28350.1ms
query [6211]: # of matches found 95176 and it took: 28339.3ms
query [6212]: # of matches found 95020 and it took: 28080.4ms
query [6213]: # of matches found 94826 and it took: 27760.3ms
query [6214]: # of matches found 94782 and it took: 27419.3ms
query [6215]: # of matches found 93719 and it took: 26820.7ms
query [6216]: # of matches found 93836 and it took: 27815.8ms
query [6217]: # of matches found 93422 and it took: 27987.4ms
query [6218]: # of matches found 93370 and it took: 27643.9ms
query [6219]: # of matches found 92807 and it took: 28201.5ms
query [6220]: # of matches found 92469 and it took: 29590.7ms
query [6221]: # of matches found 92394 and it took: 28282.8ms
query [6222]: # of matches found 92159 and it took: 27549.5ms
query [6223]: # of matches found 92113 and it took: 28194.8ms
query [6224]: # of matches found 92385 and it took: 27444.4ms
query [6225]: # of matches found 92358 and it took: 27355.6ms
query [6226]: # of matches found 91921 and it took: 27012.4ms
query [6227]: # of matches found 92780 and it took: 27574.7ms
query [6228]: # of matches found 92830 and it took: 28659.8ms
query [6229]: # of matches found 93125 and it took: 27035.8ms
query [6230]: # of matches found 93184 and it took: 28306.4ms
query [6231]: # of matches found 92840 and it took: 28143.6ms
query [6232]: # of matches found 93141 and it took: 27657.5ms
query [6233]: # of matches found 93328 and it took: 27317ms
query [6234]: # of matches found 94310 and it took: 27559ms
query [6235]: # of matches found 93771 and it took: 28237.1ms
query [6236]: # of matches found 93870 and it took: 26986.5ms
query [6237]: # of matches found 93263 and it took: 26799.2ms
query [6238]: # of matches found 93174 and it took: 27271.8ms
query [6239]: # of matches found 92734 and it took: 27762ms
query [6240]: # of matches found 92528 and it took: 27834.7ms
query [6241]: # of matches found 92433 and it took: 27764.7ms
query [6242]: # of matches found 89514 and it took: 26846.2ms
query [6243]: # of matches found 89120 and it took: 26706.8ms
query [6244]: # of matches found 88485 and it took: 27562.5ms
query [6245]: # of matches found 88451 and it took: 27223.9ms
query [6246]: # of matches found 88105 and it took: 27112.7ms
query [6247]: # of matches found 87435 and it took: 27966.1ms
query [6248]: # of matches found 87235 and it took: 27719.1ms
query [6249]: # of matches found 87492 and it took: 30538.3ms
query [6250]: # of matches found 88183 and it took: 27398.6ms
query [6251]: # of matches found 87712 and it took: 27398.9ms
query [6252]: # of matches found 87050 and it took: 27425.7ms
query [6253]: # of matches found 87617 and it took: 28090.3ms
query [6254]: # of matches found 88101 and it took: 27985ms
query [6255]: # of matches found 86234 and it took: 26707.9ms
query [6256]: # of matches found 85724 and it took: 27179.9ms
query [6257]: # of matches found 85434 and it took: 28809.1ms
query [6258]: # of matches found 85402 and it took: 27261.8ms
query [6259]: # of matches found 84969 and it took: 27685.6ms
query [6260]: # of matches found 84683 and it took: 28016.6ms
query [6261]: # of matches found 85019 and it took: 28746.3ms
query [6262]: # of matches found 84682 and it took: 27345.5ms
query [6263]: # of matches found 84958 and it took: 27751.9ms
query [6264]: # of matches found 85692 and it took: 27912ms
query [6265]: # of matches found 86862 and it took: 27132.1ms
query [6266]: # of matches found 87604 and it took: 28775.6ms
query [6267]: # of matches found 88381 and it took: 27784.8ms
query [6268]: # of matches found 90278 and it took: 28177.6ms
query [6269]: # of matches found 91621 and it took: 27848.6ms
query [6270]: # of matches found 92124 and it took: 27690.6ms
query [6271]: # of matches found 92038 and it took: 28742.4ms
query [6272]: # of matches found 91005 and it took: 28124.4ms
query [6273]: # of matches found 89608 and it took: 27805.3ms
query [6274]: # of matches found 89270 and it took: 29117.7ms
query [6275]: # of matches found 88955 and it took: 28290.4ms
query [6276]: # of matches found 89013 and it took: 30453.5ms
query [6277]: # of matches found 89007 and it took: 27640ms
query [6278]: # of matches found 89306 and it took: 28388.9ms
query [6279]: # of matches found 88383 and it took: 27697.8ms
query [6280]: # of matches found 89268 and it took: 27261.6ms
query [6281]: # of matches found 89057 and it took: 27531.2ms
query [6282]: # of matches found 89286 and it took: 28050.5ms
query [6283]: # of matches found 89370 and it took: 28766ms
query [6284]: # of matches found 89241 and it took: 29361ms
query [6285]: # of matches found 88860 and it took: 28505.9ms
query [6286]: # of matches found 88741 and it took: 28343.6ms
query [6287]: # of matches found 88703 and it took: 27604.3ms
query [6288]: # of matches found 88786 and it took: 28336.1ms
query [6289]: # of matches found 88747 and it took: 27478.5ms
query [6290]: # of matches found 88863 and it took: 28464ms
query [6291]: # of matches found 89378 and it took: 27312.8ms
query [6292]: # of matches found 89542 and it took: 27882.8ms
query [6293]: # of matches found 89869 and it took: 27698.3ms
query [6294]: # of matches found 90727 and it took: 28334.1ms
query [6295]: # of matches found 89917 and it took: 27663.5ms
query [6296]: # of matches found 83631 and it took: 27168.3ms
query [6297]: # of matches found 83339 and it took: 27856.1ms
query [6298]: # of matches found 82608 and it took: 27296.9ms
query [6299]: # of matches found 80298 and it took: 28696.4ms
query [6300]: # of matches found 80604 and it took: 28284.8ms
query [6301]: # of matches found 80141 and it took: 29818.1ms
query [6302]: # of matches found 80045 and it took: 28685.1ms
query [6303]: # of matches found 80071 and it took: 27887.1ms
query [6304]: # of matches found 80459 and it took: 27822.3ms
query [6305]: # of matches found 80246 and it took: 27972.1ms
query [6306]: # of matches found 80418 and it took: 28514.4ms
query [6307]: # of matches found 80976 and it took: 27563.4ms
query [6308]: # of matches found 81111 and it took: 28542ms
query [6309]: # of matches found 80842 and it took: 28597.9ms
query [6310]: # of matches found 80509 and it took: 28994.3ms
query [6311]: # of matches found 80031 and it took: 28568.8ms
query [6312]: # of matches found 76522 and it took: 28720.8ms
query [6313]: # of matches found 75837 and it took: 28807.8ms
query [6314]: # of matches found 75353 and it took: 76140.8ms
query [6315]: # of matches found 75228 and it took: 29104.6ms
query [6316]: # of matches found 74424 and it took: 29831.3ms
query [6317]: # of matches found 74789 and it took: 27938.7ms
query [6318]: # of matches found 74003 and it took: 28413.2ms
query [6319]: # of matches found 73890 and it took: 27844.5ms
query [6320]: # of matches found 73978 and it took: 28050ms
query [6321]: # of matches found 73642 and it took: 28906.6ms
query [6322]: # of matches found 73245 and it took: 28450.5ms
query [6323]: # of matches found 72469 and it took: 27663.8ms
query [6324]: # of matches found 71430 and it took: 28011.8ms
query [6325]: # of matches found 70242 and it took: 28615.1ms
query [6326]: # of matches found 68868 and it took: 27583ms
query [6327]: # of matches found 68484 and it took: 27836ms
query [6328]: # of matches found 68278 and it took: 29799.2ms
query [6329]: # of matches found 68250 and it took: 30842.1ms
query [6330]: # of matches found 66016 and it took: 32148.5ms
query [6331]: # of matches found 65875 and it took: 32437.4ms
query [6332]: # of matches found 66180 and it took: 31377.6ms
query [6333]: # of matches found 66552 and it took: 28563.5ms
query [6334]: # of matches found 66554 and it took: 30904.1ms
query [6335]: # of matches found 66927 and it took: 29899.2ms
query [6336]: # of matches found 67901 and it took: 27634.5ms
query [6337]: # of matches found 68124 and it took: 27521.2ms
query [6338]: # of matches found 68178 and it took: 28295.9ms
query [6339]: # of matches found 67626 and it took: 28041.7ms
query [6340]: # of matches found 67814 and it took: 27313.2ms
query [6341]: # of matches found 67909 and it took: 28083.6ms
query [6342]: # of matches found 67962 and it took: 27455.8ms
query [6343]: # of matches found 67743 and it took: 26824.3ms
query [6344]: # of matches found 67745 and it took: 27840.2ms
query [6345]: # of matches found 67589 and it took: 28344.2ms
query [6346]: # of matches found 67776 and it took: 27162.4ms
query [6347]: # of matches found 68959 and it took: 27163.2ms
query [6348]: # of matches found 68745 and it took: 28789.6ms
query [6349]: # of matches found 69174 and it took: 28418.8ms
query [6350]: # of matches found 68929 and it took: 28418.2ms
query [6351]: # of matches found 68902 and it took: 29078.7ms
query [6352]: # of matches found 68897 and it took: 27648.9ms
query [6353]: # of matches found 69535 and it took: 27637ms
query [6354]: # of matches found 69939 and it took: 27606.8ms
query [6355]: # of matches found 70296 and it took: 29567ms
query [6356]: # of matches found 71156 and it took: 28249.7ms
query [6357]: # of matches found 72026 and it took: 28306.4ms
query [6358]: # of matches found 72596 and it took: 28570.6ms
query [6359]: # of matches found 72747 and it took: 28358.6ms
query [6360]: # of matches found 73421 and it took: 27756.6ms
query [6361]: # of matches found 74582 and it took: 28010.9ms
query [6362]: # of matches found 81231 and it took: 28488.1ms
query [6363]: # of matches found 81457 and it took: 28217.1ms
query [6364]: # of matches found 81432 and it took: 27835.5ms
query [6365]: # of matches found 82680 and it took: 27322.9ms
query [6366]: # of matches found 82911 and it took: 29483.6ms
query [6367]: # of matches found 82699 and it took: 27935.8ms
query [6368]: # of matches found 82548 and it took: 27753.2ms
query [6369]: # of matches found 82905 and it took: 28869ms
query [6370]: # of matches found 83864 and it took: 27610.2ms
query [6371]: # of matches found 84436 and it took: 28168.5ms
query [6372]: # of matches found 85524 and it took: 27051.4ms
query [6373]: # of matches found 86577 and it took: 26644.1ms
query [6374]: # of matches found 89173 and it took: 27886.3ms
query [6375]: # of matches found 90275 and it took: 27077.1ms
query [6376]: # of matches found 91546 and it took: 27030ms
query [6377]: # of matches found 92493 and it took: 27452.1ms
query [6378]: # of matches found 93167 and it took: 26927.1ms
query [6379]: # of matches found 94344 and it took: 26868.4ms
query [6380]: # of matches found 94927 and it took: 26644ms
query [6381]: # of matches found 95933 and it took: 26626.8ms
query [6382]: # of matches found 98306 and it took: 28848.1ms
query [6383]: # of matches found 98460 and it took: 27197ms
query [6384]: # of matches found 99228 and it took: 27443.9ms
query [6385]: # of matches found 100005 and it took: 28123.2ms
query [6386]: # of matches found 101121 and it took: 29382.5ms
query [6387]: # of matches found 101708 and it took: 27925.4ms
query [6388]: # of matches found 101997 and it took: 27636.9ms
query [6389]: # of matches found 101674 and it took: 26814.9ms
query [6390]: # of matches found 101064 and it took: 26598.4ms
query [6391]: # of matches found 101177 and it took: 25835.2ms
query [6392]: # of matches found 101233 and it took: 27564.5ms
query [6393]: # of matches found 100795 and it took: 25778.6ms
query [6394]: # of matches found 100871 and it took: 26714.9ms
query [6395]: # of matches found 100499 and it took: 27823.2ms
query [6396]: # of matches found 100608 and it took: 26248.9ms
query [6397]: # of matches found 100622 and it took: 25972.4ms
query [6398]: # of matches found 100727 and it took: 27050.8ms
query [6399]: # of matches found 100649 and it took: 27414.1ms
query [6400]: # of matches found 100447 and it took: 26917.6ms
query [6401]: # of matches found 100318 and it took: 26493ms
query [6402]: # of matches found 99998 and it took: 26962.6ms
query [6403]: # of matches found 99809 and it took: 26262.4ms
query [6404]: # of matches found 99371 and it took: 26562.6ms
query [6405]: # of matches found 98228 and it took: 26350.2ms
query [6406]: # of matches found 97290 and it took: 26130.4ms
query [6407]: # of matches found 96586 and it took: 26525.3ms
query [6408]: # of matches found 95098 and it took: 26140.7ms
query [6409]: # of matches found 93894 and it took: 26254.3ms
query [6410]: # of matches found 94153 and it took: 26295.4ms
query [6411]: # of matches found 94259 and it took: 26213.1ms
query [6412]: # of matches found 94312 and it took: 26389.2ms
query [6413]: # of matches found 94395 and it took: 26540.4ms
query [6414]: # of matches found 94138 and it took: 26676ms
query [6415]: # of matches found 93999 and it took: 26261.6ms
query [6416]: # of matches found 93974 and it took: 26250.4ms
query [6417]: # of matches found 93958 and it took: 26352.1ms
query [6418]: # of matches found 93410 and it took: 26267.4ms
query [6419]: # of matches found 92537 and it took: 26728.5ms
query [6420]: # of matches found 91669 and it took: 26881.9ms
query [6421]: # of matches found 91430 and it took: 28167.4ms
query [6422]: # of matches found 91056 and it took: 28459.5ms
query [6423]: # of matches found 91193 and it took: 27215.2ms
query [6424]: # of matches found 91496 and it took: 29968.5ms
query [6425]: # of matches found 91447 and it took: 26719.3ms
query [6426]: # of matches found 91496 and it took: 27072ms
query [6427]: # of matches found 91657 and it took: 26754ms
query [6428]: # of matches found 91690 and it took: 26796.4ms
query [6429]: # of matches found 91820 and it took: 27393.2ms
query [6430]: # of matches found 91976 and it took: 27473.3ms
query [6431]: # of matches found 92218 and it took: 27738.4ms
query [6432]: # of matches found 91605 and it took: 27482.6ms
query [6433]: # of matches found 91365 and it took: 26727.6ms
query [6434]: # of matches found 90608 and it took: 27587.1ms
query [6435]: # of matches found 90229 and it took: 27431.3ms
query [6436]: # of matches found 90202 and it took: 27661.5ms
query [6437]: # of matches found 90881 and it took: 26851.5ms
query [6438]: # of matches found 91475 and it took: 26521.6ms
query [6439]: # of matches found 91402 and it took: 27679.3ms
query [6440]: # of matches found 91129 and it took: 28051.5ms
query [6441]: # of matches found 91009 and it took: 27329.4ms
query [6442]: # of matches found 91065 and it took: 27681.7ms
query [6443]: # of matches found 91000 and it took: 26586.5ms
query [6444]: # of matches found 90962 and it took: 27467.9ms
query [6445]: # of matches found 91554 and it took: 27087.6ms
query [6446]: # of matches found 93218 and it took: 27472ms
query [6447]: # of matches found 93808 and it took: 26922.9ms
query [6448]: # of matches found 93081 and it took: 26715ms
query [6449]: # of matches found 93093 and it took: 28433.3ms
query [6450]: # of matches found 93418 and it took: 27118ms
query [6451]: # of matches found 93105 and it took: 26281.3ms
query [6452]: # of matches found 93318 and it took: 27882.3ms
query [6453]: # of matches found 92497 and it took: 26776.1ms
query [6454]: # of matches found 93795 and it took: 26233.6ms
query [6455]: # of matches found 96012 and it took: 26283.8ms
query [6456]: # of matches found 96051 and it took: 26231.1ms
query [6457]: # of matches found 95626 and it took: 26093.4ms
query [6458]: # of matches found 95611 and it took: 26287.1ms
query [6459]: # of matches found 95101 and it took: 26878.1ms
query [6460]: # of matches found 94972 and it took: 26351.3ms
query [6461]: # of matches found 95023 and it took: 26987.6ms
query [6462]: # of matches found 94720 and it took: 28023.4ms
query [6463]: # of matches found 94687 and it took: 26996.9ms
query [6464]: # of matches found 94748 and it took: 26434.6ms
query [6465]: # of matches found 94833 and it took: 27075.9ms
query [6466]: # of matches found 95220 and it took: 26398.5ms
query [6467]: # of matches found 96508 and it took: 26644.4ms
query [6468]: # of matches found 96194 and it took: 26934.3ms
query [6469]: # of matches found 95824 and it took: 27709.9ms
query [6470]: # of matches found 94861 and it took: 26521.2ms
query [6471]: # of matches found 94925 and it took: 26065.9ms
query [6472]: # of matches found 94527 and it took: 26853.5ms
query [6473]: # of matches found 94323 and it took: 27146.2ms
query [6474]: # of matches found 94172 and it took: 26255.3ms
query [6475]: # of matches found 93938 and it took: 26517.8ms
query [6476]: # of matches found 93697 and it took: 26358.7ms
query [6477]: # of matches found 94638 and it took: 27108ms
query [6478]: # of matches found 94755 and it took: 25921.7ms
query [6479]: # of matches found 95163 and it took: 27047.4ms
query [6480]: # of matches found 95521 and it took: 26993.3ms
query [6481]: # of matches found 95477 and it took: 27251.2ms
query [6482]: # of matches found 95619 and it took: 26690.2ms
query [6483]: # of matches found 95982 and it took: 26770.5ms
query [6484]: # of matches found 96129 and it took: 26492.7ms
query [6485]: # of matches found 96193 and it took: 27793.5ms
query [6486]: # of matches found 95737 and it took: 27193.7ms
query [6487]: # of matches found 94278 and it took: 26265.3ms
query [6488]: # of matches found 94022 and it took: 27281ms
query [6489]: # of matches found 92890 and it took: 27014.2ms
query [6490]: # of matches found 92840 and it took: 26857.5ms
query [6491]: # of matches found 92894 and it took: 26895ms
query [6492]: # of matches found 92960 and it took: 27830.7ms
query [6493]: # of matches found 92350 and it took: 26680.5ms
query [6494]: # of matches found 92262 and it took: 27596.3ms
query [6495]: # of matches found 92086 and it took: 27921ms
query [6496]: # of matches found 91281 and it took: 26556.7ms
query [6497]: # of matches found 90556 and it took: 27530.2ms
query [6498]: # of matches found 90113 and it took: 26536.8ms
query [6499]: # of matches found 90285 and it took: 26073ms
query [6500]: # of matches found 91598 and it took: 27171.5ms
query [6501]: # of matches found 92802 and it took: 26953.4ms
query [6502]: # of matches found 86261 and it took: 26680.9ms
query [6503]: # of matches found 87199 and it took: 27242.8ms
query [6504]: # of matches found 87191 and it took: 29118.9ms
query [6505]: # of matches found 87193 and it took: 26769.6ms
query [6506]: # of matches found 87842 and it took: 27209.2ms
query [6507]: # of matches found 88272 and it took: 27898.6ms
query [6508]: # of matches found 88867 and it took: 27079.2ms
query [6509]: # of matches found 88105 and it took: 26926.8ms
query [6510]: # of matches found 87057 and it took: 27138.4ms
query [6511]: # of matches found 86126 and it took: 27448.2ms
query [6512]: # of matches found 84844 and it took: 27922ms
query [6513]: # of matches found 83533 and it took: 27732.7ms
query [6514]: # of matches found 79584 and it took: 27407.4ms
query [6515]: # of matches found 78302 and it took: 26996.8ms
query [6516]: # of matches found 77210 and it took: 27122.2ms
query [6517]: # of matches found 76138 and it took: 28435.1ms
query [6518]: # of matches found 74918 and it took: 28859.7ms
query [6519]: # of matches found 73913 and it took: 28217.8ms
query [6520]: # of matches found 73755 and it took: 28173.8ms
query [6521]: # of matches found 73117 and it took: 29127.7ms
query [6522]: # of matches found 72628 and it took: 27299.1ms
query [6523]: # of matches found 70645 and it took: 27546.7ms
query [6524]: # of matches found 70079 and it took: 27748.3ms
query [6525]: # of matches found 69608 and it took: 29172.7ms
query [6526]: # of matches found 68249 and it took: 27012.1ms
query [6527]: # of matches found 67770 and it took: 29602ms
query [6528]: # of matches found 67605 and it took: 27869.1ms
query [6529]: # of matches found 67611 and it took: 26952.9ms
query [6530]: # of matches found 67269 and it took: 26855.5ms
query [6531]: # of matches found 67115 and it took: 27118.7ms
query [6532]: # of matches found 67221 and it took: 28711.1ms
query [6533]: # of matches found 68256 and it took: 28185.3ms
query [6534]: # of matches found 68310 and it took: 28203.3ms
query [6535]: # of matches found 68332 and it took: 28603.4ms
query [6536]: # of matches found 68048 and it took: 26997.7ms
query [6537]: # of matches found 67921 and it took: 28528.4ms
query [6538]: # of matches found 67699 and it took: 27866.7ms
query [6539]: # of matches found 68028 and it took: 29019.1ms
query [6540]: # of matches found 68401 and it took: 28034.2ms
query [6541]: # of matches found 68372 and it took: 31190ms
query [6542]: # of matches found 68955 and it took: 28072ms
query [6543]: # of matches found 69133 and it took: 27183.6ms
query [6544]: # of matches found 69905 and it took: 28809.4ms
query [6545]: # of matches found 70003 and it took: 28479.3ms
query [6546]: # of matches found 70024 and it took: 27790.5ms
query [6547]: # of matches found 70146 and it took: 28603.4ms
query [6548]: # of matches found 70286 and it took: 27665.7ms
query [6549]: # of matches found 70063 and it took: 29004.9ms
query [6550]: # of matches found 69514 and it took: 27823.1ms
query [6551]: # of matches found 69710 and it took: 29074.6ms
query [6552]: # of matches found 70546 and it took: 28492.2ms
query [6553]: # of matches found 71118 and it took: 28515ms
query [6554]: # of matches found 71774 and it took: 26805.9ms
query [6555]: # of matches found 72098 and it took: 27335.3ms
query [6556]: # of matches found 72740 and it took: 28805.6ms
query [6557]: # of matches found 74021 and it took: 29154.9ms
query [6558]: # of matches found 75008 and it took: 28861.7ms
query [6559]: # of matches found 75878 and it took: 27596.4ms
query [6560]: # of matches found 76259 and it took: 28344.2ms
query [6561]: # of matches found 76214 and it took: 28676.6ms
query [6562]: # of matches found 76726 and it took: 26843.8ms
query [6563]: # of matches found 77458 and it took: 27437.3ms
query [6564]: # of matches found 77159 and it took: 27911.4ms
query [6565]: # of matches found 77754 and it took: 28750.2ms
query [6566]: # of matches found 78254 and it took: 27878.2ms
query [6567]: # of matches found 78547 and it took: 28711.4ms
query [6568]: # of matches found 78982 and it took: 27360.8ms
query [6569]: # of matches found 78980 and it took: 27882ms
query [6570]: # of matches found 78780 and it took: 26703ms
query [6571]: # of matches found 78380 and it took: 27300.1ms
query [6572]: # of matches found 78563 and it took: 27700.2ms
query [6573]: # of matches found 78566 and it took: 27005.2ms
query [6574]: # of matches found 79098 and it took: 29262ms
query [6575]: # of matches found 79328 and it took: 27974.2ms
query [6576]: # of matches found 79060 and it took: 28480.3ms
query [6577]: # of matches found 78557 and it took: 27643ms
query [6578]: # of matches found 79014 and it took: 28348.9ms
query [6579]: # of matches found 81392 and it took: 27676.5ms
query [6580]: # of matches found 81318 and it took: 27249.9ms
query [6581]: # of matches found 81667 and it took: 26373.8ms
query [6582]: # of matches found 81355 and it took: 28094.5ms
query [6583]: # of matches found 81185 and it took: 28303.6ms
query [6584]: # of matches found 80662 and it took: 28253.8ms
query [6585]: # of matches found 82134 and it took: 29040.9ms
query [6586]: # of matches found 88069 and it took: 27347.7ms
query [6587]: # of matches found 85955 and it took: 27677.5ms
query [6588]: # of matches found 85712 and it took: 27641.3ms
query [6589]: # of matches found 85710 and it took: 29164.5ms
query [6590]: # of matches found 85403 and it took: 28144ms
query [6591]: # of matches found 84823 and it took: 27816.2ms
query [6592]: # of matches found 84447 and it took: 27337ms
query [6593]: # of matches found 84045 and it took: 28009.7ms
query [6594]: # of matches found 83522 and it took: 27438.6ms
query [6595]: # of matches found 81026 and it took: 27385.2ms
query [6596]: # of matches found 82475 and it took: 28280.5ms
query [6597]: # of matches found 82080 and it took: 27303.5ms
query [6598]: # of matches found 81335 and it took: 28162.4ms
query [6599]: # of matches found 81184 and it took: 29192.2ms
query [6600]: # of matches found 80820 and it took: 29565ms
query [6601]: # of matches found 80642 and it took: 27824ms
query [6602]: # of matches found 80748 and it took: 28757.3ms
query [6603]: # of matches found 80859 and it took: 27714.1ms
query [6604]: # of matches found 80734 and it took: 27574.1ms
query [6605]: # of matches found 80669 and it took: 27936.1ms
query [6606]: # of matches found 80363 and it took: 27420.5ms
query [6607]: # of matches found 80147 and it took: 27256.2ms
query [6608]: # of matches found 79042 and it took: 27044.4ms
query [6609]: # of matches found 78954 and it took: 26904.5ms
query [6610]: # of matches found 78884 and it took: 26834.4ms
query [6611]: # of matches found 77921 and it took: 26393.3ms
query [6612]: # of matches found 77782 and it took: 28259.3ms
query [6613]: # of matches found 78299 and it took: 28175ms
query [6614]: # of matches found 78267 and it took: 26421.1ms
query [6615]: # of matches found 78357 and it took: 27149.2ms
query [6616]: # of matches found 77765 and it took: 27130.3ms
query [6617]: # of matches found 77962 and it took: 27847.7ms
query [6618]: # of matches found 76624 and it took: 28538.7ms
query [6619]: # of matches found 76248 and it took: 27764.3ms
query [6620]: # of matches found 76026 and it took: 26840.1ms
query [6621]: # of matches found 75953 and it took: 27114.4ms
query [6622]: # of matches found 75897 and it took: 27884.6ms
query [6623]: # of matches found 75892 and it took: 26703.6ms
query [6624]: # of matches found 75850 and it took: 27969ms
query [6625]: # of matches found 75907 and it took: 28541.2ms
query [6626]: # of matches found 76099 and it took: 27197.7ms
query [6627]: # of matches found 76330 and it took: 27706.5ms
query [6628]: # of matches found 76524 and it took: 28055.7ms
query [6629]: # of matches found 76607 and it took: 26557.6ms
query [6630]: # of matches found 77308 and it took: 26878.8ms
query [6631]: # of matches found 77393 and it took: 27763.2ms
query [6632]: # of matches found 77714 and it took: 26932.7ms
query [6633]: # of matches found 79317 and it took: 27541.2ms
query [6634]: # of matches found 80784 and it took: 26745.7ms
query [6635]: # of matches found 84052 and it took: 25996.9ms
query [6636]: # of matches found 85056 and it took: 25805.7ms
query [6637]: # of matches found 86499 and it took: 26446.5ms
query [6638]: # of matches found 89192 and it took: 27727.4ms
query [6639]: # of matches found 89585 and it took: 27102.5ms
query [6640]: # of matches found 88898 and it took: 25960.9ms
query [6641]: # of matches found 88269 and it took: 26646.5ms
query [6642]: # of matches found 86891 and it took: 28455ms
query [6643]: # of matches found 85853 and it took: 26357.2ms
query [6644]: # of matches found 85581 and it took: 25821.9ms
query [6645]: # of matches found 84862 and it took: 26911.4ms
query [6646]: # of matches found 84650 and it took: 25994.7ms
query [6647]: # of matches found 83289 and it took: 25854.7ms
query [6648]: # of matches found 82632 and it took: 25893.3ms
query [6649]: # of matches found 82591 and it took: 26537.5ms
query [6650]: # of matches found 82720 and it took: 26167ms
query [6651]: # of matches found 83362 and it took: 25790.8ms
query [6652]: # of matches found 83798 and it took: 26930.7ms
query [6653]: # of matches found 83788 and it took: 25595ms
query [6654]: # of matches found 84854 and it took: 25830.8ms
query [6655]: # of matches found 84883 and it took: 25986.7ms
query [6656]: # of matches found 84976 and it took: 25549.5ms
query [6657]: # of matches found 85525 and it took: 25280.9ms
query [6658]: # of matches found 85609 and it took: 25282.6ms
query [6659]: # of matches found 85854 and it took: 26617.8ms
query [6660]: # of matches found 86129 and it took: 26243.2ms
query [6661]: # of matches found 85707 and it took: 25590.4ms
query [6662]: # of matches found 85289 and it took: 26261.9ms
query [6663]: # of matches found 85465 and it took: 25438.1ms
query [6664]: # of matches found 85589 and it took: 25726.8ms
query [6665]: # of matches found 86024 and it took: 26249.8ms
query [6666]: # of matches found 86060 and it took: 25278.1ms
query [6667]: # of matches found 86068 and it took: 25384.8ms
query [6668]: # of matches found 86734 and it took: 25727.9ms
query [6669]: # of matches found 87054 and it took: 26361.2ms
query [6670]: # of matches found 87085 and it took: 25053.5ms
query [6671]: # of matches found 87247 and it took: 25453.4ms
query [6672]: # of matches found 87183 and it took: 25135.4ms
query [6673]: # of matches found 86542 and it took: 25121.8ms
query [6674]: # of matches found 87218 and it took: 25302.4ms
query [6675]: # of matches found 87216 and it took: 25941.4ms
query [6676]: # of matches found 87835 and it took: 25752.7ms
query [6677]: # of matches found 88253 and it took: 25936.5ms
query [6678]: # of matches found 88340 and it took: 25981.4ms
query [6679]: # of matches found 88161 and it took: 26127.7ms
query [6680]: # of matches found 87978 and it took: 26929ms
query [6681]: # of matches found 88174 and it took: 25454.9ms
query [6682]: # of matches found 88248 and it took: 25948.4ms
query [6683]: # of matches found 88472 and it took: 25357.7ms
query [6684]: # of matches found 87909 and it took: 25077.8ms
query [6685]: # of matches found 87952 and it took: 24964.2ms
query [6686]: # of matches found 88323 and it took: 25764.6ms
query [6687]: # of matches found 88530 and it took: 25369.1ms
query [6688]: # of matches found 88980 and it took: 25238.9ms
query [6689]: # of matches found 89546 and it took: 27019.7ms
query [6690]: # of matches found 91002 and it took: 26049.4ms
query [6691]: # of matches found 91359 and it took: 26177.1ms
query [6692]: # of matches found 91523 and it took: 25522.4ms
query [6693]: # of matches found 91513 and it took: 25401.9ms
query [6694]: # of matches found 92593 and it took: 25536.4ms
query [6695]: # of matches found 93061 and it took: 25281.9ms
query [6696]: # of matches found 93184 and it took: 25669.1ms
query [6697]: # of matches found 92474 and it took: 25436.6ms
query [6698]: # of matches found 91577 and it took: 25328.8ms
query [6699]: # of matches found 90641 and it took: 25140.8ms
query [6700]: # of matches found 89682 and it took: 25446ms
query [6701]: # of matches found 89403 and it took: 26098.4ms
query [6702]: # of matches found 88702 and it took: 25623.2ms
query [6703]: # of matches found 87807 and it took: 26319.7ms
query [6704]: # of matches found 87385 and it took: 25884ms
query [6705]: # of matches found 86788 and it took: 24967.5ms
query [6706]: # of matches found 86090 and it took: 25374.4ms
query [6707]: # of matches found 85623 and it took: 26888ms
query [6708]: # of matches found 85043 and it took: 25226.3ms
query [6709]: # of matches found 84865 and it took: 25186.5ms
query [6710]: # of matches found 84907 and it took: 25282.7ms
query [6711]: # of matches found 84975 and it took: 26305.1ms
query [6712]: # of matches found 86432 and it took: 25621.6ms
query [6713]: # of matches found 87160 and it took: 26525.3ms
query [6714]: # of matches found 86937 and it took: 26651.9ms
query [6715]: # of matches found 86783 and it took: 25357.2ms
query [6716]: # of matches found 87592 and it took: 26010.7ms
query [6717]: # of matches found 88453 and it took: 26165.7ms
query [6718]: # of matches found 87451 and it took: 25712.8ms
query [6719]: # of matches found 85856 and it took: 25845.5ms
query [6720]: # of matches found 86696 and it took: 26410.2ms
query [6721]: # of matches found 87237 and it took: 26574.8ms
query [6722]: # of matches found 87382 and it took: 24776.5ms
query [6723]: # of matches found 87626 and it took: 26320ms
query [6724]: # of matches found 87785 and it took: 25479.4ms
query [6725]: # of matches found 87957 and it took: 26602.1ms
query [6726]: # of matches found 80602 and it took: 25903.1ms
query [6727]: # of matches found 80435 and it took: 27011.3ms
query [6728]: # of matches found 80651 and it took: 25612.9ms
query [6729]: # of matches found 80704 and it took: 29646.3ms
query [6730]: # of matches found 80834 and it took: 27306ms
query [6731]: # of matches found 81209 and it took: 29913.9ms
query [6732]: # of matches found 81495 and it took: 29910.3ms
query [6733]: # of matches found 81492 and it took: 25869.5ms
query [6734]: # of matches found 80851 and it took: 26683.1ms
query [6735]: # of matches found 80739 and it took: 26959.6ms
query [6736]: # of matches found 78926 and it took: 27210.6ms
query [6737]: # of matches found 78729 and it took: 28000.4ms
query [6738]: # of matches found 78634 and it took: 25906.9ms
query [6739]: # of matches found 78929 and it took: 25467.1ms
query [6740]: # of matches found 79068 and it took: 26908.1ms
query [6741]: # of matches found 78953 and it took: 26293.1ms
query [6742]: # of matches found 78909 and it took: 25886.2ms
query [6743]: # of matches found 78763 and it took: 26040.1ms
query [6744]: # of matches found 79244 and it took: 27879.3ms
query [6745]: # of matches found 79970 and it took: 25890.4ms
query [6746]: # of matches found 80263 and it took: 25954.2ms
query [6747]: # of matches found 80840 and it took: 25752.8ms
query [6748]: # of matches found 81262 and it took: 25668.5ms
query [6749]: # of matches found 81577 and it took: 27154.2ms
query [6750]: # of matches found 81680 and it took: 28790.7ms
query [6751]: # of matches found 81925 and it took: 26822.9ms
query [6752]: # of matches found 81927 and it took: 26931.6ms
query [6753]: # of matches found 81200 and it took: 27251.6ms
query [6754]: # of matches found 81145 and it took: 27503.5ms
query [6755]: # of matches found 81258 and it took: 27066.3ms
query [6756]: # of matches found 80718 and it took: 27180.9ms
query [6757]: # of matches found 79832 and it took: 27371.4ms
query [6758]: # of matches found 80520 and it took: 28057ms
query [6759]: # of matches found 80668 and it took: 26029ms
query [6760]: # of matches found 81078 and it took: 27018.1ms
query [6761]: # of matches found 81279 and it took: 27165.3ms
query [6762]: # of matches found 82334 and it took: 27173.5ms
query [6763]: # of matches found 84204 and it took: 26573.8ms
query [6764]: # of matches found 86114 and it took: 28402.7ms
query [6765]: # of matches found 86689 and it took: 26602.4ms
query [6766]: # of matches found 87063 and it took: 25971.2ms
query [6767]: # of matches found 89161 and it took: 26213.9ms
query [6768]: # of matches found 97694 and it took: 26275.2ms
query [6769]: # of matches found 98104 and it took: 26630.3ms
query [6770]: # of matches found 98154 and it took: 27482.7ms
query [6771]: # of matches found 100649 and it took: 27191.2ms
query [6772]: # of matches found 101676 and it took: 28499.9ms
query [6773]: # of matches found 101053 and it took: 26700.2ms
query [6774]: # of matches found 99453 and it took: 27566.4ms
query [6775]: # of matches found 96117 and it took: 27121.7ms
query [6776]: # of matches found 95678 and it took: 27300.9ms
query [6777]: # of matches found 94839 and it took: 28497.3ms
query [6778]: # of matches found 92631 and it took: 27409.5ms
query [6779]: # of matches found 90564 and it took: 27640.6ms
query [6780]: # of matches found 90611 and it took: 27979.4ms
query [6781]: # of matches found 90346 and it took: 27202ms
query [6782]: # of matches found 89334 and it took: 27045.6ms
query [6783]: # of matches found 89654 and it took: 26803.4ms
query [6784]: # of matches found 90091 and it took: 28406.1ms
query [6785]: # of matches found 91970 and it took: 27159.6ms
query [6786]: # of matches found 92995 and it took: 28190.2ms
query [6787]: # of matches found 98118 and it took: 26843.8ms
query [6788]: # of matches found 100481 and it took: 27092.5ms
query [6789]: # of matches found 102130 and it took: 26633.5ms
query [6790]: # of matches found 103768 and it took: 26738.9ms
query [6791]: # of matches found 104558 and it took: 27539.1ms
query [6792]: # of matches found 104318 and it took: 26997.9ms
query [6793]: # of matches found 104506 and it took: 26504.8ms
query [6794]: # of matches found 104705 and it took: 26947ms
query [6795]: # of matches found 104721 and it took: 27109.4ms
query [6796]: # of matches found 104683 and it took: 27197.4ms
query [6797]: # of matches found 103418 and it took: 27873.3ms
query [6798]: # of matches found 105183 and it took: 26871.8ms
query [6799]: # of matches found 106239 and it took: 27200ms
query [6800]: # of matches found 106392 and it took: 26712.7ms
query [6801]: # of matches found 106489 and it took: 27587.4ms
query [6802]: # of matches found 107601 and it took: 27839.7ms
query [6803]: # of matches found 107478 and it took: 27801.4ms
query [6804]: # of matches found 109366 and it took: 30525ms
query [6805]: # of matches found 109808 and it took: 26850.2ms
query [6806]: # of matches found 111203 and it took: 26752.9ms
query [6807]: # of matches found 112128 and it took: 26897ms
query [6808]: # of matches found 112263 and it took: 27559.4ms
query [6809]: # of matches found 113032 and it took: 26664.3ms
query [6810]: # of matches found 113582 and it took: 27324ms
query [6811]: # of matches found 113640 and it took: 26893.1ms
query [6812]: # of matches found 113799 and it took: 26292.3ms
query [6813]: # of matches found 114294 and it took: 27922.9ms
query [6814]: # of matches found 114296 and it took: 27019.9ms
query [6815]: # of matches found 114744 and it took: 27204.8ms
query [6816]: # of matches found 116478 and it took: 27175.9ms
query [6817]: # of matches found 119447 and it took: 26848.1ms
query [6818]: # of matches found 119410 and it took: 26814.6ms
query [6819]: # of matches found 119240 and it took: 27017.6ms
query [6820]: # of matches found 118978 and it took: 25631.2ms
query [6821]: # of matches found 119212 and it took: 26213.9ms
query [6822]: # of matches found 122432 and it took: 26481.1ms
query [6823]: # of matches found 122566 and it took: 27642.6ms
query [6824]: # of matches found 122855 and it took: 26777.5ms
query [6825]: # of matches found 122710 and it took: 26111.5ms
query [6826]: # of matches found 122457 and it took: 27643.7ms
query [6827]: # of matches found 122459 and it took: 27161.8ms
query [6828]: # of matches found 121949 and it took: 26545ms
query [6829]: # of matches found 121263 and it took: 26461.3ms
query [6830]: # of matches found 119808 and it took: 24991.5ms
query [6831]: # of matches found 119252 and it took: 26123.7ms
query [6832]: # of matches found 118455 and it took: 25085.6ms
query [6833]: # of matches found 117462 and it took: 25614.7ms
query [6834]: # of matches found 116600 and it took: 26249.8ms
query [6835]: # of matches found 115646 and it took: 24974.2ms
query [6836]: # of matches found 114287 and it took: 26144.7ms
query [6837]: # of matches found 113739 and it took: 25497.5ms
query [6838]: # of matches found 113623 and it took: 25065ms
query [6839]: # of matches found 113466 and it took: 24857.9ms
query [6840]: # of matches found 113049 and it took: 25442.4ms
query [6841]: # of matches found 113021 and it took: 27458.6ms
query [6842]: # of matches found 113611 and it took: 25960ms
query [6843]: # of matches found 114005 and it took: 24655.1ms
query [6844]: # of matches found 114822 and it took: 25204.6ms
query [6845]: # of matches found 115426 and it took: 24657.6ms
query [6846]: # of matches found 115751 and it took: 24150.6ms
query [6847]: # of matches found 116906 and it took: 26665.4ms
query [6848]: # of matches found 118865 and it took: 26124.4ms
query [6849]: # of matches found 119052 and it took: 25878.4ms
query [6850]: # of matches found 119102 and it took: 24136.7ms
query [6851]: # of matches found 119023 and it took: 24463.8ms
query [6852]: # of matches found 117659 and it took: 25374.3ms
query [6853]: # of matches found 116758 and it took: 25504.8ms
query [6854]: # of matches found 116680 and it took: 24379.1ms
query [6855]: # of matches found 116562 and it took: 24736.4ms
query [6856]: # of matches found 116398 and it took: 24795.5ms
query [6857]: # of matches found 115401 and it took: 25331.9ms
query [6858]: # of matches found 114879 and it took: 24754.1ms
query [6859]: # of matches found 113258 and it took: 24994.5ms
query [6860]: # of matches found 112751 and it took: 24464.8ms
query [6861]: # of matches found 112279 and it took: 25199.5ms
query [6862]: # of matches found 112122 and it took: 24779ms
query [6863]: # of matches found 111886 and it took: 25838.8ms
query [6864]: # of matches found 111613 and it took: 24534.6ms
query [6865]: # of matches found 111547 and it took: 24441.7ms
query [6866]: # of matches found 111183 and it took: 24794ms
query [6867]: # of matches found 111779 and it took: 25403.8ms
query [6868]: # of matches found 111811 and it took: 25428.9ms
query [6869]: # of matches found 112642 and it took: 24114.3ms
query [6870]: # of matches found 113045 and it took: 24946.6ms
query [6871]: # of matches found 115138 and it took: 23969.6ms
query [6872]: # of matches found 115602 and it took: 23991.8ms
query [6873]: # of matches found 115770 and it took: 24122.5ms
query [6874]: # of matches found 116258 and it took: 24120.2ms
query [6875]: # of matches found 117254 and it took: 23380.6ms
query [6876]: # of matches found 117724 and it took: 25003.2ms
query [6877]: # of matches found 118067 and it took: 25089.1ms
query [6878]: # of matches found 120615 and it took: 24347.8ms
query [6879]: # of matches found 120627 and it took: 23846.3ms
query [6880]: # of matches found 121791 and it took: 25306.5ms
query [6881]: # of matches found 121871 and it took: 23758.5ms
query [6882]: # of matches found 121813 and it took: 24038.6ms
query [6883]: # of matches found 121793 and it took: 25892.4ms
query [6884]: # of matches found 121667 and it took: 24601ms
query [6885]: # of matches found 121268 and it took: 24886.6ms
query [6886]: # of matches found 121178 and it took: 23650ms
query [6887]: # of matches found 121022 and it took: 24783.6ms
query [6888]: # of matches found 121397 and it took: 24013.9ms
query [6889]: # of matches found 120994 and it took: 25744.7ms
query [6890]: # of matches found 121092 and it took: 24056.5ms
query [6891]: # of matches found 121034 and it took: 24000.2ms
query [6892]: # of matches found 121120 and it took: 25739.6ms
