Starting the job at Sun Aug 18 09:33:57 PM EDT 2024
no kmerRangesFileAddressArg!
no baselineBaseAddress!
no otherToolArg!
**********************CONFIGURATIONS*****************************
PARMIK mode:                  3
readDatabaseAddress:          /p/lava/parmik/partialMatcherProject/datasets/metagenomicDB/SRR14381422/SRR14381422_reads
readFileName:                 SRR14381422_reads
queryFileAddress:             /p/lava/parmik/partialMatcherProject/datasets/queryFiles/covidQueryFiles/NC_045512_chunks/NC_045512_queries_11000-11999
queryFileName:                NC_045512_queries_11000-11999
otherToolOutputFileAddress:   /u/rgq5aw/GIT/PARMIK/partialMatcherProject/tools/blast/SRR14381422/NC_045512/blastn_ws30_results.out
outputDir:                    /p/lava/parmik/partialMatcherProject/tools/baseline_ssw/SRR14381422/NC_045512
penaltyFileAddress:           /u/rgq5aw/GIT/PARMIK/experiments/parmik/CK_SSW_ID_PRCNTG/PenaltySets/2484_1111_2444_2288_2848
kmerRangesFileAddress:        
readsCount:                   17000000
queryCount:                   30000
kmerLength:                   11
regionSize:                   48
cheapKmerThreshold:           0
percentageIdentity:           0.85
minExactMatchLen:             0
numThreads:                   1
isSecondChanceOff:            F
minNumExactMatchKmer:         0
isIndexOffline:               1
offlineIndexAddress:          /p/lava/parmik/partialMatcherProject/tools/parmik/CK_INDEX/SRR14381422/
baselineBaseAddress:          
max editDistance in min region: 2
otherTool:                    
**********************CONFIGURATIONS*****************************
--------------Penalties--------------
m: 2, s: 4, go: 8, ge: 4
m: 1, s: 1, go: 1, ge: 1
m: 2, s: 4, go: 4, ge: 4
m: 2, s: 2, go: 8, ge: 8
m: 2, s: 8, go: 4, ge: 8
------------------------------------
experiment dir: /p/lava/parmik/partialMatcherProject/tools/baseline_ssw/SRR14381422/NC_045512/IKT0_K11_PI85_M0_T1_SC1_P_2484_1111_2444_2288_2848
Directory already exists or could not be created: /p/lava/parmik/partialMatcherProject/tools/baseline_ssw/SRR14381422/NC_045512/IKT0_K11_PI85_M0_T1_SC1_P_2484_1111_2444_2288_2848
numberOfReadsWithN : 0
queryCount : 1000
numberOfReadsWithN : 0
readCount : 17000000
offlineCheapIndexAddress: /p/lava/parmik/partialMatcherProject/tools/parmik/CK_INDEX/SRR14381422/ck_T0_K11_r17000000
offlineExpensiveIndexAddress: /p/lava/parmik/partialMatcherProject/tools/parmik/CK_INDEX/SRR14381422/ek_T0_K11_r17000000
pmrkAlignmentsAddress: /p/lava/parmik/partialMatcherProject/tools/baseline_ssw/SRR14381422/NC_045512/IKT0_K11_PI85_M0_T1_SC1_P_2484_1111_2444_2288_2848/parmikAln.txt
Starting alignment for all queries [fwd]...
queryBaseIndex: 11000
query [11000]: # of matches found 122114 and it took: 70017.4ms
query [11001]: # of matches found 115670 and it took: 69821.6ms
query [11002]: # of matches found 115836 and it took: 70826.6ms
query [11003]: # of matches found 115699 and it took: 70160.2ms
query [11004]: # of matches found 115326 and it took: 70580.6ms
query [11005]: # of matches found 115904 and it took: 70819ms
query [11006]: # of matches found 116164 and it took: 70534.8ms
query [11007]: # of matches found 116438 and it took: 70115.2ms
query [11008]: # of matches found 116657 and it took: 70293.7ms
query [11009]: # of matches found 116607 and it took: 70615ms
query [11010]: # of matches found 116805 and it took: 70445.9ms
query [11011]: # of matches found 117211 and it took: 71219.5ms
query [11012]: # of matches found 117128 and it took: 70983.5ms
query [11013]: # of matches found 117848 and it took: 70652.4ms
query [11014]: # of matches found 118201 and it took: 71074.2ms
query [11015]: # of matches found 118516 and it took: 71205.1ms
query [11016]: # of matches found 118742 and it took: 71060.4ms
query [11017]: # of matches found 118648 and it took: 71159.1ms
query [11018]: # of matches found 118470 and it took: 71313.6ms
query [11019]: # of matches found 118791 and it took: 71850.7ms
query [11020]: # of matches found 118647 and it took: 71486.3ms
query [11021]: # of matches found 118435 and it took: 71600.9ms
query [11022]: # of matches found 119104 and it took: 72169.5ms
query [11023]: # of matches found 118717 and it took: 71270.7ms
query [11024]: # of matches found 119001 and it took: 74352.7ms
query [11025]: # of matches found 118754 and it took: 72110.6ms
query [11026]: # of matches found 118584 and it took: 72429.6ms
query [11027]: # of matches found 119295 and it took: 72639.1ms
query [11028]: # of matches found 120153 and it took: 72675.3ms
query [11029]: # of matches found 120220 and it took: 72372ms
query [11030]: # of matches found 119820 and it took: 72716.5ms
query [11031]: # of matches found 120345 and it took: 71937.3ms
query [11032]: # of matches found 121057 and it took: 72374.3ms
query [11033]: # of matches found 122576 and it took: 71614.1ms
query [11034]: # of matches found 127610 and it took: 71948.7ms
query [11035]: # of matches found 130306 and it took: 73157.9ms
query [11036]: # of matches found 133761 and it took: 72274.9ms
query [11037]: # of matches found 134446 and it took: 71653.6ms
query [11038]: # of matches found 132653 and it took: 72242.1ms
query [11039]: # of matches found 131986 and it took: 71845.5ms
query [11040]: # of matches found 132300 and it took: 71649.5ms
query [11041]: # of matches found 132554 and it took: 71947.5ms
query [11042]: # of matches found 131932 and it took: 72963.2ms
query [11043]: # of matches found 132207 and it took: 70926.2ms
query [11044]: # of matches found 132485 and it took: 72894.1ms
query [11045]: # of matches found 132512 and it took: 71743.5ms
query [11046]: # of matches found 133623 and it took: 71192.8ms
query [11047]: # of matches found 133963 and it took: 71285.1ms
query [11048]: # of matches found 134192 and it took: 71308.9ms
query [11049]: # of matches found 134926 and it took: 71472.3ms
query [11050]: # of matches found 135438 and it took: 70818.6ms
query [11051]: # of matches found 136075 and it took: 70759.6ms
query [11052]: # of matches found 136570 and it took: 71201.4ms
query [11053]: # of matches found 136795 and it took: 70954.3ms
query [11054]: # of matches found 137078 and it took: 71221.2ms
query [11055]: # of matches found 137119 and it took: 71986ms
query [11056]: # of matches found 136907 and it took: 71118.2ms
query [11057]: # of matches found 137208 and it took: 71123.6ms
query [11058]: # of matches found 137053 and it took: 71375.9ms
query [11059]: # of matches found 137018 and it took: 72127.1ms
query [11060]: # of matches found 136902 and it took: 72668.6ms
query [11061]: # of matches found 136660 and it took: 71817ms
query [11062]: # of matches found 136774 and it took: 71753.5ms
query [11063]: # of matches found 135835 and it took: 72156.2ms
query [11064]: # of matches found 135515 and it took: 72494.1ms
query [11065]: # of matches found 135787 and it took: 72939.7ms
query [11066]: # of matches found 135622 and it took: 71895.6ms
query [11067]: # of matches found 134921 and it took: 72096ms
query [11068]: # of matches found 134480 and it took: 72307.1ms
query [11069]: # of matches found 135024 and it took: 72754.7ms
query [11070]: # of matches found 134447 and it took: 72279.2ms
query [11071]: # of matches found 133619 and it took: 72501.2ms
query [11072]: # of matches found 121681 and it took: 72711.7ms
query [11073]: # of matches found 121130 and it took: 72754.2ms
query [11074]: # of matches found 120100 and it took: 73054.3ms
query [11075]: # of matches found 118045 and it took: 72851.8ms
query [11076]: # of matches found 115795 and it took: 73337ms
query [11077]: # of matches found 113740 and it took: 72897.9ms
query [11078]: # of matches found 113342 and it took: 72842.5ms
query [11079]: # of matches found 113096 and it took: 73659.6ms
query [11080]: # of matches found 112804 and it took: 73324.6ms
query [11081]: # of matches found 112296 and it took: 73590.5ms
query [11082]: # of matches found 111229 and it took: 73423.9ms
query [11083]: # of matches found 110401 and it took: 73581.9ms
query [11084]: # of matches found 109997 and it took: 74573.6ms
query [11085]: # of matches found 109014 and it took: 73226.8ms
query [11086]: # of matches found 108518 and it took: 73592.2ms
query [11087]: # of matches found 107626 and it took: 73526.8ms
query [11088]: # of matches found 106470 and it took: 73377.6ms
query [11089]: # of matches found 105689 and it took: 73800.8ms
query [11090]: # of matches found 104736 and it took: 73577.6ms
query [11091]: # of matches found 104235 and it took: 73936.3ms
query [11092]: # of matches found 103743 and it took: 74327.2ms
query [11093]: # of matches found 103438 and it took: 74549.7ms
query [11094]: # of matches found 103017 and it took: 74992.8ms
query [11095]: # of matches found 102499 and it took: 74312.7ms
query [11096]: # of matches found 100920 and it took: 74406.6ms
query [11097]: # of matches found 99058 and it took: 74588.1ms
query [11098]: # of matches found 99115 and it took: 74223ms
query [11099]: # of matches found 99101 and it took: 75227.8ms
query [11100]: # of matches found 98155 and it took: 73919.1ms
query [11101]: # of matches found 97659 and it took: 75117.3ms
query [11102]: # of matches found 97370 and it took: 74742.1ms
query [11103]: # of matches found 97167 and it took: 74934ms
query [11104]: # of matches found 97103 and it took: 75487ms
query [11105]: # of matches found 96538 and it took: 74431.1ms
query [11106]: # of matches found 96441 and it took: 74454.9ms
query [11107]: # of matches found 96310 and it took: 74909ms
query [11108]: # of matches found 96098 and it took: 74369ms
query [11109]: # of matches found 96007 and it took: 76246.6ms
query [11110]: # of matches found 96185 and it took: 75193ms
query [11111]: # of matches found 96234 and it took: 75511.5ms
query [11112]: # of matches found 96289 and it took: 75802.2ms
query [11113]: # of matches found 96354 and it took: 75614.4ms
query [11114]: # of matches found 96625 and it took: 75828.7ms
query [11115]: # of matches found 96247 and it took: 75644.2ms
query [11116]: # of matches found 95725 and it took: 75860.2ms
query [11117]: # of matches found 94561 and it took: 77161.5ms
query [11118]: # of matches found 94279 and it took: 75631.8ms
query [11119]: # of matches found 97773 and it took: 76403.8ms
query [11120]: # of matches found 97772 and it took: 76042.9ms
query [11121]: # of matches found 97935 and it took: 76156.2ms
query [11122]: # of matches found 96993 and it took: 76081.6ms
query [11123]: # of matches found 97503 and it took: 76149.1ms
query [11124]: # of matches found 98102 and it took: 76885.1ms
query [11125]: # of matches found 98563 and it took: 76485.7ms
query [11126]: # of matches found 97725 and it took: 76122.3ms
query [11127]: # of matches found 99299 and it took: 76360.8ms
query [11128]: # of matches found 99027 and it took: 75731ms
query [11129]: # of matches found 98620 and it took: 76721.5ms
query [11130]: # of matches found 98198 and it took: 75731.2ms
query [11131]: # of matches found 97077 and it took: 75883.8ms
query [11132]: # of matches found 96714 and it took: 76291.2ms
query [11133]: # of matches found 96633 and it took: 76503.8ms
query [11134]: # of matches found 95770 and it took: 76227ms
query [11135]: # of matches found 94905 and it took: 76169.3ms
query [11136]: # of matches found 94239 and it took: 76893ms
query [11137]: # of matches found 93917 and it took: 77078.8ms
query [11138]: # of matches found 93199 and it took: 76100.8ms
query [11139]: # of matches found 92629 and it took: 76684.1ms
query [11140]: # of matches found 91034 and it took: 76091ms
query [11141]: # of matches found 90797 and it took: 79640.9ms
query [11142]: # of matches found 90777 and it took: 76335ms
query [11143]: # of matches found 90675 and it took: 76113.1ms
query [11144]: # of matches found 91174 and it took: 76627.1ms
query [11145]: # of matches found 90930 and it took: 76060.2ms
query [11146]: # of matches found 90767 and it took: 76294.3ms
query [11147]: # of matches found 90819 and it took: 76694.8ms
query [11148]: # of matches found 91361 and it took: 76117.7ms
query [11149]: # of matches found 91374 and it took: 76250.5ms
query [11150]: # of matches found 91772 and it took: 76073.8ms
query [11151]: # of matches found 91754 and it took: 76282ms
query [11152]: # of matches found 91946 and it took: 76562.5ms
query [11153]: # of matches found 91904 and it took: 76306.9ms
query [11154]: # of matches found 91694 and it took: 77116.7ms
query [11155]: # of matches found 91761 and it took: 76081.5ms
query [11156]: # of matches found 91213 and it took: 76236.9ms
query [11157]: # of matches found 92025 and it took: 77138.5ms
query [11158]: # of matches found 92419 and it took: 76108.4ms
query [11159]: # of matches found 92306 and it took: 77075.3ms
query [11160]: # of matches found 92537 and it took: 76748.7ms
query [11161]: # of matches found 92569 and it took: 76669.8ms
query [11162]: # of matches found 92526 and it took: 76746.3ms
query [11163]: # of matches found 91789 and it took: 77033.6ms
query [11164]: # of matches found 91085 and it took: 77959ms
query [11165]: # of matches found 90417 and it took: 76936.3ms
query [11166]: # of matches found 90267 and it took: 77609.7ms
query [11167]: # of matches found 89495 and it took: 78233.1ms
query [11168]: # of matches found 88483 and it took: 77560.4ms
query [11169]: # of matches found 88626 and it took: 78875.6ms
query [11170]: # of matches found 88813 and it took: 77683.3ms
query [11171]: # of matches found 88136 and it took: 77954.2ms
query [11172]: # of matches found 87453 and it took: 78269.4ms
query [11173]: # of matches found 86817 and it took: 78384.2ms
query [11174]: # of matches found 80800 and it took: 79160.3ms
query [11175]: # of matches found 77525 and it took: 78920.7ms
query [11176]: # of matches found 75374 and it took: 78689.2ms
query [11177]: # of matches found 69677 and it took: 81981.6ms
query [11178]: # of matches found 69541 and it took: 79619.8ms
query [11179]: # of matches found 68972 and it took: 80467.7ms
query [11180]: # of matches found 69565 and it took: 81075.9ms
query [11181]: # of matches found 70255 and it took: 80869.5ms
query [11182]: # of matches found 70309 and it took: 81628.1ms
query [11183]: # of matches found 70139 and it took: 81522.1ms
query [11184]: # of matches found 70663 and it took: 81844.3ms
query [11185]: # of matches found 70694 and it took: 81642.7ms
query [11186]: # of matches found 70469 and it took: 81716.5ms
query [11187]: # of matches found 69658 and it took: 81621.4ms
query [11188]: # of matches found 69151 and it took: 81631.5ms
query [11189]: # of matches found 68307 and it took: 82242.1ms
query [11190]: # of matches found 67865 and it took: 81802.8ms
query [11191]: # of matches found 67054 and it took: 81763.5ms
query [11192]: # of matches found 66643 and it took: 82135.2ms
query [11193]: # of matches found 66649 and it took: 82542.3ms
query [11194]: # of matches found 66484 and it took: 82750.7ms
query [11195]: # of matches found 66247 and it took: 82572.5ms
query [11196]: # of matches found 66386 and it took: 82323.5ms
query [11197]: # of matches found 66411 and it took: 83345.6ms
query [11198]: # of matches found 66265 and it took: 82614.4ms
query [11199]: # of matches found 66910 and it took: 82591.6ms
query [11200]: # of matches found 67261 and it took: 82138.7ms
query [11201]: # of matches found 67174 and it took: 82070.5ms
query [11202]: # of matches found 66823 and it took: 82106ms
query [11203]: # of matches found 66787 and it took: 82149.7ms
query [11204]: # of matches found 66876 and it took: 83135.8ms
query [11205]: # of matches found 66397 and it took: 82133.3ms
query [11206]: # of matches found 66084 and it took: 83025.2ms
query [11207]: # of matches found 65804 and it took: 83756.1ms
query [11208]: # of matches found 65083 and it took: 83152.6ms
query [11209]: # of matches found 63538 and it took: 83279.1ms
query [11210]: # of matches found 61811 and it took: 83069.6ms
query [11211]: # of matches found 61624 and it took: 83630.2ms
query [11212]: # of matches found 61736 and it took: 84180.5ms
query [11213]: # of matches found 61967 and it took: 83767.1ms
query [11214]: # of matches found 62148 and it took: 84459ms
query [11215]: # of matches found 62493 and it took: 83744.5ms
query [11216]: # of matches found 62831 and it took: 83624.1ms
query [11217]: # of matches found 63029 and it took: 84154.5ms
query [11218]: # of matches found 63246 and it took: 84072.3ms
query [11219]: # of matches found 63389 and it took: 84023ms
query [11220]: # of matches found 64419 and it took: 83556.1ms
query [11221]: # of matches found 64775 and it took: 83864.4ms
query [11222]: # of matches found 65159 and it took: 83287ms
query [11223]: # of matches found 65488 and it took: 83221.7ms
query [11224]: # of matches found 65790 and it took: 83670.8ms
query [11225]: # of matches found 66566 and it took: 83133.3ms
query [11226]: # of matches found 67368 and it took: 83068.4ms
query [11227]: # of matches found 68536 and it took: 83811.1ms
query [11228]: # of matches found 70158 and it took: 83376.7ms
query [11229]: # of matches found 70534 and it took: 83334.3ms
query [11230]: # of matches found 71543 and it took: 83244.5ms
query [11231]: # of matches found 72583 and it took: 83003.7ms
query [11232]: # of matches found 72534 and it took: 83490ms
query [11233]: # of matches found 72584 and it took: 83087.9ms
query [11234]: # of matches found 72749 and it took: 83387.8ms
query [11235]: # of matches found 72839 and it took: 82706.5ms
query [11236]: # of matches found 72863 and it took: 85260.8ms
query [11237]: # of matches found 72715 and it took: 83530.8ms
query [11238]: # of matches found 71127 and it took: 83563.4ms
query [11239]: # of matches found 70896 and it took: 83488.5ms
query [11240]: # of matches found 70854 and it took: 83623.9ms
query [11241]: # of matches found 71186 and it took: 83554.7ms
query [11242]: # of matches found 71656 and it took: 83694.7ms
query [11243]: # of matches found 71787 and it took: 83695ms
query [11244]: # of matches found 71496 and it took: 84054.9ms
query [11245]: # of matches found 71735 and it took: 84750.5ms
query [11246]: # of matches found 72018 and it took: 83201.6ms
query [11247]: # of matches found 72202 and it took: 83482.2ms
query [11248]: # of matches found 72325 and it took: 83427.6ms
query [11249]: # of matches found 72506 and it took: 83391.1ms
query [11250]: # of matches found 72380 and it took: 83365.6ms
query [11251]: # of matches found 72045 and it took: 83261.3ms
query [11252]: # of matches found 71859 and it took: 83491.1ms
query [11253]: # of matches found 72226 and it took: 83643.3ms
query [11254]: # of matches found 71946 and it took: 83977.4ms
query [11255]: # of matches found 72193 and it took: 83517.1ms
query [11256]: # of matches found 72484 and it took: 83480.6ms
query [11257]: # of matches found 72419 and it took: 83738.1ms
query [11258]: # of matches found 72349 and it took: 83894ms
query [11259]: # of matches found 69308 and it took: 84022.8ms
query [11260]: # of matches found 69541 and it took: 84066ms
query [11261]: # of matches found 69551 and it took: 84146ms
query [11262]: # of matches found 70421 and it took: 84395.7ms
query [11263]: # of matches found 69913 and it took: 84480.2ms
query [11264]: # of matches found 69099 and it took: 84804.5ms
query [11265]: # of matches found 69037 and it took: 84613.3ms
query [11266]: # of matches found 68874 and it took: 84829.7ms
query [11267]: # of matches found 66685 and it took: 85147.5ms
query [11268]: # of matches found 66053 and it took: 84943.2ms
query [11269]: # of matches found 65653 and it took: 85305.4ms
query [11270]: # of matches found 65199 and it took: 85551.9ms
query [11271]: # of matches found 63784 and it took: 85664.6ms
query [11272]: # of matches found 63790 and it took: 86361.8ms
query [11273]: # of matches found 63586 and it took: 86526.5ms
query [11274]: # of matches found 63913 and it took: 86362.8ms
query [11275]: # of matches found 64401 and it took: 85905.8ms
query [11276]: # of matches found 64527 and it took: 86185.8ms
query [11277]: # of matches found 65175 and it took: 85815.4ms
query [11278]: # of matches found 66819 and it took: 86477.8ms
query [11279]: # of matches found 67785 and it took: 86262.9ms
query [11280]: # of matches found 68552 and it took: 86224.9ms
query [11281]: # of matches found 70355 and it took: 86405.6ms
query [11282]: # of matches found 71522 and it took: 86738.4ms
query [11283]: # of matches found 72518 and it took: 86785.9ms
query [11284]: # of matches found 73836 and it took: 86867.7ms
query [11285]: # of matches found 73973 and it took: 86124ms
query [11286]: # of matches found 73766 and it took: 86556.4ms
query [11287]: # of matches found 73926 and it took: 86562.5ms
query [11288]: # of matches found 73491 and it took: 86007.7ms
query [11289]: # of matches found 73404 and it took: 86359.1ms
query [11290]: # of matches found 72950 and it took: 86054.6ms
query [11291]: # of matches found 72740 and it took: 86407.2ms
query [11292]: # of matches found 73039 and it took: 86944.5ms
query [11293]: # of matches found 73514 and it took: 87060.5ms
query [11294]: # of matches found 73976 and it took: 87902.8ms
query [11295]: # of matches found 75088 and it took: 86372.7ms
query [11296]: # of matches found 74952 and it took: 86758.4ms
query [11297]: # of matches found 77346 and it took: 87210.6ms
query [11298]: # of matches found 78068 and it took: 86316.2ms
query [11299]: # of matches found 79299 and it took: 86401.7ms
query [11300]: # of matches found 79101 and it took: 86441ms
query [11301]: # of matches found 79183 and it took: 87006.7ms
query [11302]: # of matches found 79272 and it took: 87632.7ms
query [11303]: # of matches found 79755 and it took: 87086.3ms
query [11304]: # of matches found 80091 and it took: 87033.3ms
query [11305]: # of matches found 79995 and it took: 87343.7ms
query [11306]: # of matches found 79906 and it took: 87272.8ms
query [11307]: # of matches found 80690 and it took: 86641.1ms
query [11308]: # of matches found 80989 and it took: 86010ms
query [11309]: # of matches found 81417 and it took: 86974.8ms
query [11310]: # of matches found 81555 and it took: 86258.4ms
query [11311]: # of matches found 81800 and it took: 87532.1ms
query [11312]: # of matches found 82583 and it took: 87063.2ms
query [11313]: # of matches found 82681 and it took: 86522.8ms
query [11314]: # of matches found 82989 and it took: 86602.2ms
query [11315]: # of matches found 83537 and it took: 86828.9ms
query [11316]: # of matches found 83712 and it took: 88464ms
query [11317]: # of matches found 83974 and it took: 86156.3ms
query [11318]: # of matches found 83158 and it took: 85960.1ms
query [11319]: # of matches found 83159 and it took: 85802ms
query [11320]: # of matches found 82663 and it took: 84852.7ms
query [11321]: # of matches found 81517 and it took: 85602.2ms
query [11322]: # of matches found 81283 and it took: 85717.8ms
query [11323]: # of matches found 81024 and it took: 84966.3ms
query [11324]: # of matches found 80843 and it took: 85735.6ms
query [11325]: # of matches found 80869 and it took: 85056.3ms
query [11326]: # of matches found 80776 and it took: 84549.8ms
query [11327]: # of matches found 80707 and it took: 83772.8ms
query [11328]: # of matches found 83979 and it took: 84139ms
query [11329]: # of matches found 84145 and it took: 84248.3ms
query [11330]: # of matches found 84368 and it took: 83737.3ms
query [11331]: # of matches found 84580 and it took: 86992.2ms
query [11332]: # of matches found 84891 and it took: 84191.9ms
query [11333]: # of matches found 84689 and it took: 83858.4ms
query [11334]: # of matches found 84883 and it took: 83736.3ms
query [11335]: # of matches found 85339 and it took: 84134.1ms
query [11336]: # of matches found 85313 and it took: 83383.9ms
query [11337]: # of matches found 85114 and it took: 83944ms
query [11338]: # of matches found 85857 and it took: 83319.1ms
query [11339]: # of matches found 85985 and it took: 83697.1ms
query [11340]: # of matches found 87250 and it took: 83187.6ms
query [11341]: # of matches found 86804 and it took: 83032.6ms
query [11342]: # of matches found 87581 and it took: 83180.8ms
query [11343]: # of matches found 88245 and it took: 83276.1ms
query [11344]: # of matches found 88562 and it took: 83211.7ms
query [11345]: # of matches found 88755 and it took: 83037.8ms
query [11346]: # of matches found 88850 and it took: 82317.5ms
query [11347]: # of matches found 88502 and it took: 82810.8ms
query [11348]: # of matches found 88569 and it took: 82275.4ms
query [11349]: # of matches found 88227 and it took: 82424.2ms
query [11350]: # of matches found 87569 and it took: 83388.8ms
query [11351]: # of matches found 87018 and it took: 83276.8ms
query [11352]: # of matches found 86527 and it took: 82587ms
query [11353]: # of matches found 86788 and it took: 83843.7ms
query [11354]: # of matches found 86523 and it took: 82390ms
query [11355]: # of matches found 86757 and it took: 82546.3ms
query [11356]: # of matches found 86030 and it took: 81645.2ms
query [11357]: # of matches found 85985 and it took: 81887.1ms
query [11358]: # of matches found 85777 and it took: 82327.7ms
query [11359]: # of matches found 85813 and it took: 82037.3ms
query [11360]: # of matches found 86404 and it took: 81614.8ms
query [11361]: # of matches found 85130 and it took: 82474.7ms
query [11362]: # of matches found 85088 and it took: 82493.3ms
query [11363]: # of matches found 85139 and it took: 82223.6ms
query [11364]: # of matches found 84763 and it took: 82403.4ms
query [11365]: # of matches found 84575 and it took: 82339.4ms
query [11366]: # of matches found 84522 and it took: 82872.6ms
query [11367]: # of matches found 84000 and it took: 82111ms
query [11368]: # of matches found 82173 and it took: 83021.5ms
query [11369]: # of matches found 82346 and it took: 82414.7ms
query [11370]: # of matches found 81515 and it took: 83093.8ms
query [11371]: # of matches found 80684 and it took: 83313.8ms
query [11372]: # of matches found 80353 and it took: 84070.3ms
query [11373]: # of matches found 80507 and it took: 83402ms
query [11374]: # of matches found 80873 and it took: 83519.8ms
query [11375]: # of matches found 81503 and it took: 83765.6ms
query [11376]: # of matches found 82027 and it took: 83319.1ms
query [11377]: # of matches found 82998 and it took: 82564.9ms
query [11378]: # of matches found 83477 and it took: 83582.5ms
query [11379]: # of matches found 83841 and it took: 83264.2ms
query [11380]: # of matches found 84237 and it took: 83072.2ms
query [11381]: # of matches found 84537 and it took: 83412.7ms
query [11382]: # of matches found 102303 and it took: 83544.2ms
query [11383]: # of matches found 103561 and it took: 82550.6ms
query [11384]: # of matches found 104635 and it took: 83218.1ms
query [11385]: # of matches found 105005 and it took: 83335.9ms
query [11386]: # of matches found 104852 and it took: 82607.1ms
query [11387]: # of matches found 104805 and it took: 82143.5ms
query [11388]: # of matches found 104655 and it took: 83260.1ms
query [11389]: # of matches found 104682 and it took: 83141.1ms
query [11390]: # of matches found 104649 and it took: 83201.5ms
query [11391]: # of matches found 104956 and it took: 83443.4ms
query [11392]: # of matches found 105053 and it took: 83374ms
query [11393]: # of matches found 105030 and it took: 82488.1ms
query [11394]: # of matches found 105080 and it took: 83914.4ms
query [11395]: # of matches found 105374 and it took: 82293.9ms
query [11396]: # of matches found 106750 and it took: 82236.9ms
query [11397]: # of matches found 108039 and it took: 81472.4ms
query [11398]: # of matches found 109105 and it took: 81726.4ms
query [11399]: # of matches found 109163 and it took: 81975.7ms
query [11400]: # of matches found 109081 and it took: 81544.7ms
query [11401]: # of matches found 109946 and it took: 81018.3ms
query [11402]: # of matches found 108900 and it took: 82414.7ms
query [11403]: # of matches found 109132 and it took: 80457.5ms
query [11404]: # of matches found 109604 and it took: 80998.2ms
query [11405]: # of matches found 109379 and it took: 80796.8ms
query [11406]: # of matches found 109548 and it took: 80441ms
query [11407]: # of matches found 109592 and it took: 79822.4ms
query [11408]: # of matches found 109207 and it took: 79990ms
query [11409]: # of matches found 109327 and it took: 80135.8ms
query [11410]: # of matches found 109181 and it took: 79800ms
query [11411]: # of matches found 109599 and it took: 79787.4ms
query [11412]: # of matches found 109684 and it took: 79881.5ms
query [11413]: # of matches found 109607 and it took: 79274.8ms
query [11414]: # of matches found 109086 and it took: 80021.9ms
query [11415]: # of matches found 108671 and it took: 79696.9ms
query [11416]: # of matches found 108676 and it took: 79285.1ms
query [11417]: # of matches found 108453 and it took: 78831.3ms
query [11418]: # of matches found 107342 and it took: 79759.9ms
query [11419]: # of matches found 106152 and it took: 79500.6ms
query [11420]: # of matches found 105428 and it took: 79145.8ms
query [11421]: # of matches found 103922 and it took: 79577ms
query [11422]: # of matches found 101873 and it took: 79736.5ms
query [11423]: # of matches found 101432 and it took: 78723.7ms
query [11424]: # of matches found 100653 and it took: 79503.3ms
query [11425]: # of matches found 100827 and it took: 79640.7ms
query [11426]: # of matches found 104376 and it took: 78995.9ms
query [11427]: # of matches found 107332 and it took: 78497.7ms
query [11428]: # of matches found 110326 and it took: 79095.2ms
query [11429]: # of matches found 111830 and it took: 79112.1ms
query [11430]: # of matches found 112659 and it took: 79756.6ms
query [11431]: # of matches found 112735 and it took: 78707.2ms
query [11432]: # of matches found 113946 and it took: 78843.5ms
query [11433]: # of matches found 113753 and it took: 78108ms
query [11434]: # of matches found 112838 and it took: 79371.7ms
query [11435]: # of matches found 111731 and it took: 78451.3ms
query [11436]: # of matches found 111712 and it took: 77892ms
query [11437]: # of matches found 109190 and it took: 77998.5ms
query [11438]: # of matches found 108349 and it took: 78374.1ms
query [11439]: # of matches found 106593 and it took: 78252.2ms
query [11440]: # of matches found 107668 and it took: 78124.1ms
query [11441]: # of matches found 107665 and it took: 77995.8ms
query [11442]: # of matches found 107535 and it took: 78247.1ms
query [11443]: # of matches found 107219 and it took: 77037.1ms
query [11444]: # of matches found 106740 and it took: 79000.9ms
query [11445]: # of matches found 106902 and it took: 77962.9ms
query [11446]: # of matches found 106757 and it took: 77558.7ms
query [11447]: # of matches found 106806 and it took: 77306.3ms
query [11448]: # of matches found 106261 and it took: 77971ms
query [11449]: # of matches found 105929 and it took: 77914.5ms
query [11450]: # of matches found 105783 and it took: 78096.6ms
query [11451]: # of matches found 105604 and it took: 77496.1ms
query [11452]: # of matches found 104871 and it took: 77796.7ms
query [11453]: # of matches found 104464 and it took: 77916.8ms
query [11454]: # of matches found 104096 and it took: 77964.6ms
query [11455]: # of matches found 103584 and it took: 78365.6ms
query [11456]: # of matches found 103078 and it took: 77999ms
query [11457]: # of matches found 102838 and it took: 77894.4ms
query [11458]: # of matches found 102745 and it took: 78662.9ms
query [11459]: # of matches found 102657 and it took: 78530.4ms
query [11460]: # of matches found 102480 and it took: 78424.9ms
query [11461]: # of matches found 102633 and it took: 78129.1ms
query [11462]: # of matches found 103241 and it took: 78320.8ms
query [11463]: # of matches found 103219 and it took: 78330ms
query [11464]: # of matches found 102943 and it took: 78635ms
query [11465]: # of matches found 102459 and it took: 79082.4ms
query [11466]: # of matches found 102576 and it took: 78386.5ms
query [11467]: # of matches found 103225 and it took: 78281.5ms
query [11468]: # of matches found 101665 and it took: 78730.9ms
query [11469]: # of matches found 101610 and it took: 78541.2ms
query [11470]: # of matches found 102501 and it took: 78741.5ms
query [11471]: # of matches found 103231 and it took: 78083.9ms
query [11472]: # of matches found 105205 and it took: 78526ms
query [11473]: # of matches found 105996 and it took: 77867.4ms
query [11474]: # of matches found 106633 and it took: 78305.6ms
query [11475]: # of matches found 107723 and it took: 78366.3ms
query [11476]: # of matches found 107501 and it took: 77598.7ms
query [11477]: # of matches found 108025 and it took: 77479.9ms
query [11478]: # of matches found 107786 and it took: 77925.2ms
query [11479]: # of matches found 107157 and it took: 78079.9ms
query [11480]: # of matches found 105705 and it took: 77749.3ms
query [11481]: # of matches found 104750 and it took: 77419.7ms
query [11482]: # of matches found 104131 and it took: 77214.8ms
query [11483]: # of matches found 103220 and it took: 77454.4ms
query [11484]: # of matches found 102941 and it took: 76654ms
query [11485]: # of matches found 103096 and it took: 76758.3ms
query [11486]: # of matches found 103504 and it took: 75907.4ms
query [11487]: # of matches found 104061 and it took: 76023.2ms
query [11488]: # of matches found 104521 and it took: 75754.4ms
query [11489]: # of matches found 105529 and it took: 75729.5ms
query [11490]: # of matches found 105639 and it took: 75349.5ms
query [11491]: # of matches found 106102 and it took: 74941ms
query [11492]: # of matches found 106693 and it took: 74685.2ms
query [11493]: # of matches found 106105 and it took: 74253.6ms
query [11494]: # of matches found 106193 and it took: 74399.4ms
query [11495]: # of matches found 105853 and it took: 74481.9ms
query [11496]: # of matches found 105978 and it took: 73856.8ms
query [11497]: # of matches found 106231 and it took: 73827.1ms
query [11498]: # of matches found 106785 and it took: 73725.1ms
query [11499]: # of matches found 106960 and it took: 73516.5ms
query [11500]: # of matches found 106328 and it took: 73539.1ms
query [11501]: # of matches found 106015 and it took: 72992.4ms
query [11502]: # of matches found 105752 and it took: 73385.8ms
query [11503]: # of matches found 105825 and it took: 72500.3ms
query [11504]: # of matches found 106075 and it took: 72654.9ms
query [11505]: # of matches found 106354 and it took: 72838.8ms
query [11506]: # of matches found 105717 and it took: 73498.2ms
query [11507]: # of matches found 105753 and it took: 72398.4ms
query [11508]: # of matches found 105891 and it took: 72516.2ms
query [11509]: # of matches found 105935 and it took: 72438.1ms
query [11510]: # of matches found 106123 and it took: 72161.5ms
query [11511]: # of matches found 106596 and it took: 71531.4ms
query [11512]: # of matches found 107547 and it took: 71392.1ms
query [11513]: # of matches found 108086 and it took: 71105.4ms
query [11514]: # of matches found 108744 and it took: 71236.7ms
query [11515]: # of matches found 108995 and it took: 71465.6ms
query [11516]: # of matches found 108126 and it took: 71302.5ms
query [11517]: # of matches found 107519 and it took: 71498.5ms
query [11518]: # of matches found 107606 and it took: 71278.1ms
query [11519]: # of matches found 107352 and it took: 72470.2ms
query [11520]: # of matches found 106941 and it took: 71081.8ms
query [11521]: # of matches found 106508 and it took: 70924.8ms
query [11522]: # of matches found 105651 and it took: 71293.8ms
query [11523]: # of matches found 105100 and it took: 71023.5ms
query [11524]: # of matches found 85995 and it took: 71205.2ms
query [11525]: # of matches found 85346 and it took: 70886ms
query [11526]: # of matches found 85018 and it took: 71326ms
query [11527]: # of matches found 85094 and it took: 70827ms
query [11528]: # of matches found 85157 and it took: 71256.9ms
query [11529]: # of matches found 84962 and it took: 71347ms
query [11530]: # of matches found 87454 and it took: 71140.3ms
query [11531]: # of matches found 87495 and it took: 71796.2ms
query [11532]: # of matches found 87470 and it took: 71662.6ms
query [11533]: # of matches found 87259 and it took: 71133.3ms
query [11534]: # of matches found 86833 and it took: 71596.5ms
query [11535]: # of matches found 85858 and it took: 72019.7ms
query [11536]: # of matches found 84868 and it took: 72259.1ms
query [11537]: # of matches found 82622 and it took: 71960.3ms
query [11538]: # of matches found 81716 and it took: 72946.6ms
query [11539]: # of matches found 81060 and it took: 72163.6ms
query [11540]: # of matches found 80839 and it took: 72273.2ms
query [11541]: # of matches found 80069 and it took: 72587.3ms
query [11542]: # of matches found 80018 and it took: 72790.3ms
query [11543]: # of matches found 79760 and it took: 72820.2ms
query [11544]: # of matches found 79270 and it took: 72811ms
query [11545]: # of matches found 79511 and it took: 72839.4ms
query [11546]: # of matches found 79864 and it took: 73246.8ms
query [11547]: # of matches found 79758 and it took: 72552.5ms
query [11548]: # of matches found 80759 and it took: 73463ms
query [11549]: # of matches found 81328 and it took: 72346.8ms
query [11550]: # of matches found 81971 and it took: 72760.2ms
query [11551]: # of matches found 81889 and it took: 72785.3ms
query [11552]: # of matches found 83138 and it took: 73092.9ms
query [11553]: # of matches found 83249 and it took: 72431.7ms
query [11554]: # of matches found 83911 and it took: 72671.5ms
query [11555]: # of matches found 84441 and it took: 72856.8ms
query [11556]: # of matches found 84686 and it took: 73465.6ms
query [11557]: # of matches found 85128 and it took: 73139.6ms
query [11558]: # of matches found 85408 and it took: 73354.9ms
query [11559]: # of matches found 85489 and it took: 72929.2ms
query [11560]: # of matches found 85583 and it took: 73019.8ms
query [11561]: # of matches found 85763 and it took: 73406.1ms
query [11562]: # of matches found 86097 and it took: 73313.2ms
query [11563]: # of matches found 86150 and it took: 73301.8ms
query [11564]: # of matches found 85778 and it took: 73589.2ms
query [11565]: # of matches found 85240 and it took: 73304.3ms
query [11566]: # of matches found 83465 and it took: 73951.4ms
query [11567]: # of matches found 80081 and it took: 72576.7ms
query [11568]: # of matches found 77798 and it took: 73567.1ms
query [11569]: # of matches found 75666 and it took: 73656.2ms
query [11570]: # of matches found 74287 and it took: 73318.1ms
query [11571]: # of matches found 73862 and it took: 73987.9ms
query [11572]: # of matches found 71990 and it took: 74275.9ms
query [11573]: # of matches found 71772 and it took: 73799.8ms
query [11574]: # of matches found 71937 and it took: 73550.8ms
query [11575]: # of matches found 72091 and it took: 73217.5ms
query [11576]: # of matches found 72000 and it took: 74048.3ms
query [11577]: # of matches found 71754 and it took: 73424.2ms
query [11578]: # of matches found 71527 and it took: 73716.9ms
query [11579]: # of matches found 70985 and it took: 75567ms
query [11580]: # of matches found 69398 and it took: 73610.2ms
query [11581]: # of matches found 70174 and it took: 73967.6ms
query [11582]: # of matches found 70116 and it took: 73737.8ms
query [11583]: # of matches found 71102 and it took: 73414.5ms
query [11584]: # of matches found 70953 and it took: 73510.1ms
query [11585]: # of matches found 71018 and it took: 73854.3ms
query [11586]: # of matches found 71380 and it took: 74374.8ms
query [11587]: # of matches found 71487 and it took: 73744.4ms
query [11588]: # of matches found 72075 and it took: 73882.1ms
query [11589]: # of matches found 72038 and it took: 74139.1ms
query [11590]: # of matches found 72370 and it took: 74256.7ms
query [11591]: # of matches found 72719 and it took: 73865.1ms
query [11592]: # of matches found 73180 and it took: 74242.1ms
query [11593]: # of matches found 73433 and it took: 74000ms
query [11594]: # of matches found 73463 and it took: 74429.8ms
query [11595]: # of matches found 73555 and it took: 74055.3ms
query [11596]: # of matches found 73919 and it took: 74466.3ms
query [11597]: # of matches found 73822 and it took: 74244.4ms
query [11598]: # of matches found 73767 and it took: 74796.2ms
query [11599]: # of matches found 73777 and it took: 74604.3ms
query [11600]: # of matches found 73749 and it took: 74628ms
query [11601]: # of matches found 73664 and it took: 75104ms
query [11602]: # of matches found 73381 and it took: 75028.5ms
query [11603]: # of matches found 72713 and it took: 74641.9ms
query [11604]: # of matches found 72555 and it took: 74784ms
query [11605]: # of matches found 72565 and it took: 75306.6ms
query [11606]: # of matches found 72600 and it took: 75537.3ms
query [11607]: # of matches found 72616 and it took: 75446.5ms
query [11608]: # of matches found 71905 and it took: 75097.8ms
query [11609]: # of matches found 70122 and it took: 75654.2ms
query [11610]: # of matches found 69612 and it took: 75482.5ms
query [11611]: # of matches found 68801 and it took: 75960.6ms
query [11612]: # of matches found 65972 and it took: 75671.4ms
query [11613]: # of matches found 65554 and it took: 75787.7ms
query [11614]: # of matches found 64862 and it took: 75662.1ms
query [11615]: # of matches found 64955 and it took: 75761.7ms
query [11616]: # of matches found 65033 and it took: 76525.1ms
query [11617]: # of matches found 64207 and it took: 75945ms
query [11618]: # of matches found 64822 and it took: 76620.7ms
query [11619]: # of matches found 65028 and it took: 76336.1ms
query [11620]: # of matches found 65109 and it took: 76373.2ms
query [11621]: # of matches found 65082 and it took: 76546.1ms
query [11622]: # of matches found 65694 and it took: 76879.6ms
query [11623]: # of matches found 65418 and it took: 76708.3ms
query [11624]: # of matches found 65518 and it took: 76989.8ms
query [11625]: # of matches found 65161 and it took: 77683.7ms
query [11626]: # of matches found 64567 and it took: 77848.4ms
query [11627]: # of matches found 64263 and it took: 76931.2ms
query [11628]: # of matches found 65823 and it took: 77580.3ms
query [11629]: # of matches found 65070 and it took: 78631.2ms
query [11630]: # of matches found 65239 and it took: 78538.5ms
query [11631]: # of matches found 65591 and it took: 78944.8ms
query [11632]: # of matches found 65249 and it took: 78535.7ms
query [11633]: # of matches found 65590 and it took: 78959.4ms
query [11634]: # of matches found 65741 and it took: 78852ms
query [11635]: # of matches found 65939 and it took: 79053.7ms
query [11636]: # of matches found 67363 and it took: 79255.7ms
query [11637]: # of matches found 67684 and it took: 79258.3ms
query [11638]: # of matches found 68027 and it took: 79373.8ms
query [11639]: # of matches found 68566 and it took: 80036.5ms
query [11640]: # of matches found 68857 and it took: 80151ms
query [11641]: # of matches found 69227 and it took: 79897.2ms
query [11642]: # of matches found 69268 and it took: 79834.8ms
query [11643]: # of matches found 69155 and it took: 80170.4ms
query [11644]: # of matches found 69924 and it took: 79886.4ms
query [11645]: # of matches found 69811 and it took: 80228.6ms
query [11646]: # of matches found 71869 and it took: 80479.4ms
query [11647]: # of matches found 71817 and it took: 80799.7ms
query [11648]: # of matches found 71836 and it took: 80358.9ms
query [11649]: # of matches found 72463 and it took: 80997.8ms
query [11650]: # of matches found 72781 and it took: 81343ms
query [11651]: # of matches found 71937 and it took: 81354.7ms
query [11652]: # of matches found 71359 and it took: 81167ms
query [11653]: # of matches found 71151 and it took: 81639ms
query [11654]: # of matches found 70072 and it took: 80780.5ms
query [11655]: # of matches found 69868 and it took: 81158.9ms
query [11656]: # of matches found 69641 and it took: 81173.4ms
query [11657]: # of matches found 69604 and it took: 81516.7ms
query [11658]: # of matches found 69333 and it took: 81074.8ms
query [11659]: # of matches found 71104 and it took: 81402.4ms
query [11660]: # of matches found 72095 and it took: 81248.4ms
query [11661]: # of matches found 74335 and it took: 80833.1ms
query [11662]: # of matches found 74760 and it took: 80214.7ms
query [11663]: # of matches found 75506 and it took: 81298.6ms
query [11664]: # of matches found 75656 and it took: 80071.6ms
query [11665]: # of matches found 76170 and it took: 80450.3ms
query [11666]: # of matches found 76458 and it took: 80378.6ms
query [11667]: # of matches found 76264 and it took: 80516.2ms
query [11668]: # of matches found 76259 and it took: 80187.1ms
query [11669]: # of matches found 76729 and it took: 79750.2ms
query [11670]: # of matches found 74476 and it took: 80583.5ms
query [11671]: # of matches found 74534 and it took: 80413.8ms
query [11672]: # of matches found 74755 and it took: 80267.8ms
query [11673]: # of matches found 75001 and it took: 80293.6ms
query [11674]: # of matches found 75093 and it took: 79665.9ms
query [11675]: # of matches found 75243 and it took: 80306.2ms
query [11676]: # of matches found 75221 and it took: 79697.6ms
query [11677]: # of matches found 75815 and it took: 80343.3ms
query [11678]: # of matches found 76527 and it took: 81639.1ms
query [11679]: # of matches found 76576 and it took: 80584.8ms
query [11680]: # of matches found 76481 and it took: 80088.6ms
query [11681]: # of matches found 77739 and it took: 80534.9ms
query [11682]: # of matches found 77729 and it took: 80025.4ms
query [11683]: # of matches found 79470 and it took: 80032ms
query [11684]: # of matches found 79673 and it took: 80080.1ms
query [11685]: # of matches found 79318 and it took: 80587.6ms
query [11686]: # of matches found 78778 and it took: 80682.6ms
query [11687]: # of matches found 78656 and it took: 81158.6ms
query [11688]: # of matches found 78044 and it took: 80985.9ms
query [11689]: # of matches found 77479 and it took: 81628ms
query [11690]: # of matches found 77015 and it took: 81766.5ms
