Starting the job at Wed Aug 21 07:00:04 PM EDT 2024
no kmerRangesFileAddressArg!
no baselineBaseAddress!
no otherToolArg!
**********************CONFIGURATIONS*****************************
PARMIK mode:                  3
readDatabaseAddress:          /p/lava/parmik/partialMatcherProject/datasets/metagenomicDB/SRR14381422/SRR14381422_reads
readFileName:                 SRR14381422_reads
queryFileAddress:             /p/lava/parmik/partialMatcherProject/datasets/queryFiles/covidQueryFiles/NC_045512_chunks/NC_045512_queries_1000-1999
queryFileName:                NC_045512_queries_1000-1999
otherToolOutputFileAddress:   /u/rgq5aw/GIT/PARMIK/partialMatcherProject/tools/blast/SRR14381422/NC_045512/blastn_ws30_results.out
outputDir:                    /p/lava/parmik/partialMatcherProject/tools/baseline_ssw/SRR14381422/NC_045512
penaltyFileAddress:           /u/rgq5aw/GIT/PARMIK/experiments/parmik/CK_SSW_ID_PRCNTG/PenaltySets/2484_1111_2444_2288_2848
kmerRangesFileAddress:        
readsCount:                   17000000
queryCount:                   30000
kmerLength:                   11
regionSize:                   48
cheapKmerThreshold:           0
percentageIdentity:           0.85
minExactMatchLen:             0
numThreads:                   1
isSecondChanceOff:            F
minNumExactMatchKmer:         0
isIndexOffline:               1
offlineIndexAddress:          /p/lava/parmik/partialMatcherProject/tools/parmik/CK_INDEX/SRR14381422/
baselineBaseAddress:          
max editDistance in min region: 2
otherTool:                    
**********************CONFIGURATIONS*****************************
--------------Penalties--------------
m: 2, s: 4, go: 8, ge: 4
m: 1, s: 1, go: 1, ge: 1
m: 2, s: 4, go: 4, ge: 4
m: 2, s: 2, go: 8, ge: 8
m: 2, s: 8, go: 4, ge: 8
------------------------------------
experiment dir: /p/lava/parmik/partialMatcherProject/tools/baseline_ssw/SRR14381422/NC_045512/IKT0_K11_PI85_M0_T1_SC1_P_2484_1111_2444_2288_2848
Directory already exists or could not be created: /p/lava/parmik/partialMatcherProject/tools/baseline_ssw/SRR14381422/NC_045512/IKT0_K11_PI85_M0_T1_SC1_P_2484_1111_2444_2288_2848
numberOfReadsWithN : 0
queryCount : 1000
numberOfReadsWithN : 0
readCount : 17000000
offlineCheapIndexAddress: /p/lava/parmik/partialMatcherProject/tools/parmik/CK_INDEX/SRR14381422/ck_T0_K11_r17000000
offlineExpensiveIndexAddress: /p/lava/parmik/partialMatcherProject/tools/parmik/CK_INDEX/SRR14381422/ek_T0_K11_r17000000
pmrkAlignmentsAddress: /p/lava/parmik/partialMatcherProject/tools/baseline_ssw/SRR14381422/NC_045512/IKT0_K11_PI85_M0_T1_SC1_P_2484_1111_2444_2288_2848/parmikAln.txt
Starting alignment for all queries [fwd]...
queryBaseIndex: 1000
query [1000]: # of matches found 123481 and it took: 24941ms
query [1001]: # of matches found 123557 and it took: 24295.8ms
query [1002]: # of matches found 123272 and it took: 25397.9ms
query [1003]: # of matches found 124337 and it took: 24908.9ms
query [1004]: # of matches found 125242 and it took: 25569.7ms
query [1005]: # of matches found 123906 and it took: 24790.8ms
query [1006]: # of matches found 123941 and it took: 24807.2ms
query [1007]: # of matches found 123438 and it took: 24490.8ms
query [1008]: # of matches found 123728 and it took: 24317.1ms
query [1009]: # of matches found 123603 and it took: 24656.3ms
query [1010]: # of matches found 123917 and it took: 24376.6ms
query [1011]: # of matches found 123791 and it took: 24386.7ms
query [1012]: # of matches found 122931 and it took: 24265.9ms
query [1013]: # of matches found 123174 and it took: 24293.9ms
query [1014]: # of matches found 122918 and it took: 24096.8ms
query [1015]: # of matches found 122956 and it took: 24877.7ms
query [1016]: # of matches found 123565 and it took: 24548.6ms
query [1017]: # of matches found 123427 and it took: 24413.8ms
query [1018]: # of matches found 123294 and it took: 23999.5ms
query [1019]: # of matches found 123108 and it took: 24153.3ms
query [1020]: # of matches found 123649 and it took: 24194.2ms
query [1021]: # of matches found 123762 and it took: 24222.8ms
query [1022]: # of matches found 123558 and it took: 24252.3ms
query [1023]: # of matches found 123327 and it took: 24516.8ms
query [1024]: # of matches found 122636 and it took: 24320ms
query [1025]: # of matches found 120855 and it took: 25384.6ms
query [1026]: # of matches found 118880 and it took: 25463.5ms
query [1027]: # of matches found 117843 and it took: 24629.6ms
query [1028]: # of matches found 116532 and it took: 24390.2ms
query [1029]: # of matches found 114641 and it took: 24703.6ms
query [1030]: # of matches found 112848 and it took: 24273.8ms
query [1031]: # of matches found 111187 and it took: 24504.3ms
query [1032]: # of matches found 110196 and it took: 24882.1ms
query [1033]: # of matches found 110124 and it took: 24587.9ms
query [1034]: # of matches found 110129 and it took: 24824.3ms
query [1035]: # of matches found 110007 and it took: 25003.9ms
query [1036]: # of matches found 109849 and it took: 24855.5ms
query [1037]: # of matches found 109453 and it took: 24624ms
query [1038]: # of matches found 108858 and it took: 25604.4ms
query [1039]: # of matches found 108438 and it took: 25325.5ms
query [1040]: # of matches found 107293 and it took: 25146.7ms
query [1041]: # of matches found 106217 and it took: 25143.2ms
query [1042]: # of matches found 105145 and it took: 25030.6ms
query [1043]: # of matches found 104058 and it took: 24975ms
query [1044]: # of matches found 102862 and it took: 25036.1ms
query [1045]: # of matches found 101611 and it took: 25279.8ms
query [1046]: # of matches found 100662 and it took: 25401.7ms
query [1047]: # of matches found 102403 and it took: 25110ms
query [1048]: # of matches found 102778 and it took: 24959.7ms
query [1049]: # of matches found 103254 and it took: 25335.2ms
query [1050]: # of matches found 103596 and it took: 25109.3ms
query [1051]: # of matches found 104160 and it took: 26291.9ms
query [1052]: # of matches found 104503 and it took: 25315.1ms
query [1053]: # of matches found 104641 and it took: 25248.9ms
query [1054]: # of matches found 104591 and it took: 25007.7ms
query [1055]: # of matches found 104111 and it took: 25073.5ms
query [1056]: # of matches found 103059 and it took: 25742.5ms
query [1057]: # of matches found 102920 and it took: 25227.9ms
query [1058]: # of matches found 102765 and it took: 25302.2ms
query [1059]: # of matches found 102744 and it took: 25411.1ms
query [1060]: # of matches found 102766 and it took: 25052.7ms
query [1061]: # of matches found 102769 and it took: 24987.9ms
query [1062]: # of matches found 102355 and it took: 24887.8ms
query [1063]: # of matches found 102251 and it took: 25746.6ms
query [1064]: # of matches found 102022 and it took: 25673.7ms
query [1065]: # of matches found 101918 and it took: 25451.3ms
query [1066]: # of matches found 102280 and it took: 25355.5ms
query [1067]: # of matches found 102467 and it took: 25344.7ms
query [1068]: # of matches found 102463 and it took: 25795.7ms
query [1069]: # of matches found 102615 and it took: 26408.9ms
query [1070]: # of matches found 100719 and it took: 25961.5ms
query [1071]: # of matches found 100687 and it took: 25624ms
query [1072]: # of matches found 100343 and it took: 25776.2ms
query [1073]: # of matches found 100486 and it took: 25724.9ms
query [1074]: # of matches found 106604 and it took: 25535.6ms
query [1075]: # of matches found 106222 and it took: 25449.8ms
query [1076]: # of matches found 106277 and it took: 25798.6ms
query [1077]: # of matches found 105856 and it took: 25924.4ms
query [1078]: # of matches found 104979 and it took: 25736.4ms
query [1079]: # of matches found 103911 and it took: 25894.9ms
query [1080]: # of matches found 101722 and it took: 26320.1ms
query [1081]: # of matches found 99085 and it took: 26594.3ms
query [1082]: # of matches found 98608 and it took: 27257.8ms
query [1083]: # of matches found 98585 and it took: 27017ms
query [1084]: # of matches found 99483 and it took: 27493.8ms
query [1085]: # of matches found 99204 and it took: 27107.7ms
query [1086]: # of matches found 99219 and it took: 26787.2ms
query [1087]: # of matches found 98854 and it took: 26899.6ms
query [1088]: # of matches found 98406 and it took: 27022.1ms
query [1089]: # of matches found 98248 and it took: 27182.2ms
query [1090]: # of matches found 98065 and it took: 27505.3ms
query [1091]: # of matches found 97814 and it took: 27140.7ms
query [1092]: # of matches found 98427 and it took: 27958.8ms
query [1093]: # of matches found 98227 and it took: 27311.5ms
query [1094]: # of matches found 98285 and it took: 27238.2ms
query [1095]: # of matches found 97760 and it took: 27204.8ms
query [1096]: # of matches found 97048 and it took: 27946.2ms
query [1097]: # of matches found 96018 and it took: 26335.5ms
query [1098]: # of matches found 96191 and it took: 26351.1ms
query [1099]: # of matches found 96033 and it took: 26668.2ms
query [1100]: # of matches found 96878 and it took: 26790ms
query [1101]: # of matches found 97216 and it took: 26628.9ms
query [1102]: # of matches found 97429 and it took: 26558.7ms
query [1103]: # of matches found 98364 and it took: 27384.9ms
query [1104]: # of matches found 98446 and it took: 27420.1ms
query [1105]: # of matches found 98572 and it took: 27281.3ms
query [1106]: # of matches found 99713 and it took: 27205.4ms
query [1107]: # of matches found 99987 and it took: 26739.4ms
query [1108]: # of matches found 100396 and it took: 26944.1ms
query [1109]: # of matches found 100738 and it took: 27132.8ms
query [1110]: # of matches found 100802 and it took: 26940.7ms
query [1111]: # of matches found 101666 and it took: 26892.2ms
query [1112]: # of matches found 101952 and it took: 26972.3ms
query [1113]: # of matches found 102165 and it took: 28463.4ms
query [1114]: # of matches found 102361 and it took: 27874.8ms
query [1115]: # of matches found 100714 and it took: 26878.9ms
query [1116]: # of matches found 100579 and it took: 27296.3ms
query [1117]: # of matches found 100642 and it took: 27457.5ms
query [1118]: # of matches found 100661 and it took: 27472.8ms
query [1119]: # of matches found 100634 and it took: 27338.7ms
query [1120]: # of matches found 100173 and it took: 27019.3ms
query [1121]: # of matches found 99993 and it took: 27285.4ms
query [1122]: # of matches found 99660 and it took: 27131.5ms
query [1123]: # of matches found 99265 and it took: 27173.8ms
query [1124]: # of matches found 98621 and it took: 26976.7ms
query [1125]: # of matches found 98910 and it took: 27024.5ms
query [1126]: # of matches found 98826 and it took: 26996.2ms
query [1127]: # of matches found 98180 and it took: 28043.7ms
query [1128]: # of matches found 97232 and it took: 27414ms
query [1129]: # of matches found 96313 and it took: 27286ms
query [1130]: # of matches found 90093 and it took: 27914.8ms
query [1131]: # of matches found 83762 and it took: 27068.5ms
query [1132]: # of matches found 81436 and it took: 27331.9ms
query [1133]: # of matches found 76419 and it took: 27317.8ms
query [1134]: # of matches found 73567 and it took: 27610.1ms
query [1135]: # of matches found 73120 and it took: 27815ms
query [1136]: # of matches found 71762 and it took: 27110.5ms
query [1137]: # of matches found 71222 and it took: 28416.4ms
query [1138]: # of matches found 70810 and it took: 27616.9ms
query [1139]: # of matches found 70568 and it took: 27555ms
query [1140]: # of matches found 70353 and it took: 27225.4ms
query [1141]: # of matches found 70064 and it took: 26893.4ms
query [1142]: # of matches found 69121 and it took: 27312.4ms
query [1143]: # of matches found 67989 and it took: 27588.6ms
query [1144]: # of matches found 67429 and it took: 28527.2ms
query [1145]: # of matches found 66785 and it took: 27750.9ms
query [1146]: # of matches found 66224 and it took: 27050.6ms
query [1147]: # of matches found 66088 and it took: 27440.8ms
query [1148]: # of matches found 65984 and it took: 27764.6ms
query [1149]: # of matches found 66317 and it took: 28101ms
query [1150]: # of matches found 66173 and it took: 27616.5ms
query [1151]: # of matches found 66352 and it took: 27694.5ms
query [1152]: # of matches found 66445 and it took: 28288.1ms
query [1153]: # of matches found 66732 and it took: 27607.9ms
query [1154]: # of matches found 66963 and it took: 27307.3ms
query [1155]: # of matches found 67939 and it took: 27389.7ms
query [1156]: # of matches found 67479 and it took: 27058.5ms
query [1157]: # of matches found 67663 and it took: 27175.5ms
query [1158]: # of matches found 67837 and it took: 27327.1ms
query [1159]: # of matches found 68055 and it took: 27303.9ms
query [1160]: # of matches found 67543 and it took: 27830.5ms
query [1161]: # of matches found 67998 and it took: 28314.2ms
query [1162]: # of matches found 68676 and it took: 27726.2ms
query [1163]: # of matches found 68975 and it took: 27030.7ms
query [1164]: # of matches found 68870 and it took: 26810ms
query [1165]: # of matches found 69449 and it took: 27138.6ms
query [1166]: # of matches found 70359 and it took: 27518.7ms
query [1167]: # of matches found 70279 and it took: 26507.3ms
query [1168]: # of matches found 70378 and it took: 27141.9ms
query [1169]: # of matches found 70792 and it took: 27382.2ms
query [1170]: # of matches found 70970 and it took: 27599ms
query [1171]: # of matches found 72009 and it took: 27400ms
query [1172]: # of matches found 72428 and it took: 27424.5ms
query [1173]: # of matches found 74020 and it took: 27185.5ms
query [1174]: # of matches found 74877 and it took: 27853.5ms
query [1175]: # of matches found 75627 and it took: 27293.1ms
query [1176]: # of matches found 76144 and it took: 26505.3ms
query [1177]: # of matches found 76534 and it took: 26755.1ms
query [1178]: # of matches found 76939 and it took: 27060.5ms
query [1179]: # of matches found 76774 and it took: 26784.5ms
query [1180]: # of matches found 76877 and it took: 27334.8ms
query [1181]: # of matches found 76917 and it took: 27026ms
query [1182]: # of matches found 76874 and it took: 27163.8ms
query [1183]: # of matches found 76818 and it took: 27061.7ms
query [1184]: # of matches found 76083 and it took: 27085.3ms
query [1185]: # of matches found 76017 and it took: 27448ms
query [1186]: # of matches found 75764 and it took: 26839.5ms
query [1187]: # of matches found 74373 and it took: 27410.6ms
query [1188]: # of matches found 73250 and it took: 27391.9ms
query [1189]: # of matches found 73244 and it took: 27797ms
query [1190]: # of matches found 72804 and it took: 28132.4ms
query [1191]: # of matches found 72300 and it took: 27599.9ms
query [1192]: # of matches found 71723 and it took: 28284.6ms
query [1193]: # of matches found 71951 and it took: 27465.8ms
query [1194]: # of matches found 71781 and it took: 28316.3ms
query [1195]: # of matches found 71756 and it took: 28729.4ms
query [1196]: # of matches found 72092 and it took: 28282.2ms
query [1197]: # of matches found 71898 and it took: 28730.9ms
query [1198]: # of matches found 71559 and it took: 27029.2ms
query [1199]: # of matches found 71140 and it took: 27158ms
query [1200]: # of matches found 71225 and it took: 27229.5ms
query [1201]: # of matches found 71004 and it took: 27228.5ms
query [1202]: # of matches found 70890 and it took: 27271.7ms
query [1203]: # of matches found 71102 and it took: 27196.6ms
query [1204]: # of matches found 71156 and it took: 27044ms
query [1205]: # of matches found 71611 and it took: 27200.1ms
query [1206]: # of matches found 71624 and it took: 26807.1ms
query [1207]: # of matches found 71236 and it took: 26860.9ms
query [1208]: # of matches found 71787 and it took: 26812.9ms
query [1209]: # of matches found 71808 and it took: 27912.3ms
query [1210]: # of matches found 74370 and it took: 27972.1ms
query [1211]: # of matches found 75816 and it took: 27725.7ms
query [1212]: # of matches found 76444 and it took: 27775.9ms
query [1213]: # of matches found 77221 and it took: 27514ms
query [1214]: # of matches found 70923 and it took: 27567ms
query [1215]: # of matches found 71023 and it took: 27280ms
query [1216]: # of matches found 71232 and it took: 27165.5ms
query [1217]: # of matches found 73317 and it took: 27086.5ms
query [1218]: # of matches found 74023 and it took: 26645.9ms
query [1219]: # of matches found 75505 and it took: 26694.7ms
query [1220]: # of matches found 76603 and it took: 26874.9ms
query [1221]: # of matches found 76801 and it took: 26437.3ms
query [1222]: # of matches found 80248 and it took: 26753.1ms
query [1223]: # of matches found 81782 and it took: 27009.5ms
query [1224]: # of matches found 82864 and it took: 26857.8ms
query [1225]: # of matches found 83453 and it took: 27109.4ms
query [1226]: # of matches found 83097 and it took: 25946.2ms
query [1227]: # of matches found 82513 and it took: 26340.2ms
query [1228]: # of matches found 82593 and it took: 26916.8ms
query [1229]: # of matches found 82577 and it took: 25979ms
query [1230]: # of matches found 82626 and it took: 26440.4ms
query [1231]: # of matches found 83139 and it took: 26114.3ms
query [1232]: # of matches found 83251 and it took: 26858.4ms
query [1233]: # of matches found 83492 and it took: 26606.6ms
query [1234]: # of matches found 82913 and it took: 27325.5ms
query [1235]: # of matches found 83332 and it took: 26637.7ms
query [1236]: # of matches found 83162 and it took: 26420.4ms
query [1237]: # of matches found 83122 and it took: 26356.7ms
query [1238]: # of matches found 82851 and it took: 26407.3ms
query [1239]: # of matches found 82329 and it took: 26222.1ms
query [1240]: # of matches found 81860 and it took: 27037.5ms
query [1241]: # of matches found 82099 and it took: 25942.4ms
query [1242]: # of matches found 81543 and it took: 26226.9ms
query [1243]: # of matches found 80081 and it took: 26311.9ms
query [1244]: # of matches found 80102 and it took: 26412.7ms
query [1245]: # of matches found 79628 and it took: 26328ms
query [1246]: # of matches found 79589 and it took: 26643.1ms
query [1247]: # of matches found 79061 and it took: 26347.7ms
query [1248]: # of matches found 79560 and it took: 25975.2ms
query [1249]: # of matches found 80004 and it took: 25932.4ms
query [1250]: # of matches found 80740 and it took: 26590.8ms
query [1251]: # of matches found 79871 and it took: 25943.1ms
query [1252]: # of matches found 80809 and it took: 26405.6ms
query [1253]: # of matches found 80777 and it took: 27087ms
query [1254]: # of matches found 80286 and it took: 27203.6ms
query [1255]: # of matches found 80306 and it took: 26574.3ms
query [1256]: # of matches found 81066 and it took: 26455.5ms
query [1257]: # of matches found 80861 and it took: 26230.7ms
query [1258]: # of matches found 80707 and it took: 27069.3ms
query [1259]: # of matches found 81142 and it took: 26907ms
query [1260]: # of matches found 81432 and it took: 26481.7ms
query [1261]: # of matches found 81836 and it took: 26173.3ms
query [1262]: # of matches found 81875 and it took: 27047.2ms
query [1263]: # of matches found 82192 and it took: 27269.6ms
query [1264]: # of matches found 82149 and it took: 27283.5ms
query [1265]: # of matches found 82035 and it took: 26853.4ms
query [1266]: # of matches found 81641 and it took: 26929.7ms
query [1267]: # of matches found 81508 and it took: 26924.9ms
query [1268]: # of matches found 80789 and it took: 26812.2ms
query [1269]: # of matches found 79369 and it took: 26786.6ms
query [1270]: # of matches found 78647 and it took: 27335.8ms
query [1271]: # of matches found 77865 and it took: 26982.4ms
query [1272]: # of matches found 77692 and it took: 27605.5ms
query [1273]: # of matches found 86659 and it took: 27536.6ms
query [1274]: # of matches found 86712 and it took: 27947.7ms
query [1275]: # of matches found 86392 and it took: 27802.9ms
query [1276]: # of matches found 86353 and it took: 27294.9ms
query [1277]: # of matches found 86027 and it took: 27624.9ms
query [1278]: # of matches found 86069 and it took: 26728.7ms
query [1279]: # of matches found 86103 and it took: 26574.3ms
query [1280]: # of matches found 85997 and it took: 27252.2ms
query [1281]: # of matches found 86582 and it took: 27436.7ms
query [1282]: # of matches found 86901 and it took: 27565ms
query [1283]: # of matches found 86992 and it took: 27877ms
query [1284]: # of matches found 87480 and it took: 27252.8ms
query [1285]: # of matches found 87635 and it took: 27570.8ms
query [1286]: # of matches found 87755 and it took: 26949.1ms
query [1287]: # of matches found 87786 and it took: 26789.7ms
query [1288]: # of matches found 88456 and it took: 26788.2ms
query [1289]: # of matches found 88296 and it took: 27965.8ms
query [1290]: # of matches found 88127 and it took: 28010.5ms
query [1291]: # of matches found 89111 and it took: 27733.4ms
query [1292]: # of matches found 89136 and it took: 28036.7ms
query [1293]: # of matches found 89120 and it took: 27727.4ms
query [1294]: # of matches found 88803 and it took: 27710.7ms
query [1295]: # of matches found 88280 and it took: 27472.5ms
query [1296]: # of matches found 88262 and it took: 27573.2ms
query [1297]: # of matches found 89749 and it took: 27613.8ms
query [1298]: # of matches found 90074 and it took: 26991.2ms
query [1299]: # of matches found 90028 and it took: 27755.8ms
query [1300]: # of matches found 90152 and it took: 27141.7ms
query [1301]: # of matches found 89928 and it took: 27123.4ms
query [1302]: # of matches found 90698 and it took: 26671ms
query [1303]: # of matches found 90825 and it took: 26872.3ms
query [1304]: # of matches found 91148 and it took: 26710.1ms
query [1305]: # of matches found 91748 and it took: 27137.9ms
query [1306]: # of matches found 91478 and it took: 27721ms
query [1307]: # of matches found 91901 and it took: 27513.6ms
query [1308]: # of matches found 91883 and it took: 27231.3ms
query [1309]: # of matches found 91822 and it took: 27285.1ms
query [1310]: # of matches found 91724 and it took: 26829.7ms
query [1311]: # of matches found 91528 and it took: 26136.9ms
query [1312]: # of matches found 91146 and it took: 26474.6ms
query [1313]: # of matches found 90780 and it took: 26632.6ms
query [1314]: # of matches found 88792 and it took: 27399.4ms
query [1315]: # of matches found 87700 and it took: 26963.3ms
query [1316]: # of matches found 86863 and it took: 26957.2ms
query [1317]: # of matches found 86283 and it took: 26704.7ms
query [1318]: # of matches found 85738 and it took: 26301ms
query [1319]: # of matches found 85641 and it took: 26781.8ms
query [1320]: # of matches found 85642 and it took: 27847.6ms
query [1321]: # of matches found 85734 and it took: 26431.8ms
query [1322]: # of matches found 85726 and it took: 26364.4ms
query [1323]: # of matches found 85728 and it took: 26233.3ms
query [1324]: # of matches found 85475 and it took: 27485.5ms
query [1325]: # of matches found 85308 and it took: 26963.3ms
query [1326]: # of matches found 85275 and it took: 26599.8ms
query [1327]: # of matches found 85307 and it took: 26582.3ms
query [1328]: # of matches found 85152 and it took: 26444.7ms
query [1329]: # of matches found 84456 and it took: 26330ms
query [1330]: # of matches found 84370 and it took: 26725.4ms
query [1331]: # of matches found 84395 and it took: 26954.4ms
query [1332]: # of matches found 84730 and it took: 27006ms
query [1333]: # of matches found 85201 and it took: 26609.4ms
query [1334]: # of matches found 85889 and it took: 26581.2ms
query [1335]: # of matches found 86150 and it took: 27300.1ms
query [1336]: # of matches found 86292 and it took: 26935.2ms
query [1337]: # of matches found 88408 and it took: 27297.4ms
query [1338]: # of matches found 88609 and it took: 26010.2ms
query [1339]: # of matches found 88824 and it took: 25850.2ms
query [1340]: # of matches found 89302 and it took: 26077.4ms
query [1341]: # of matches found 89590 and it took: 25788.1ms
query [1342]: # of matches found 89879 and it took: 26027.4ms
query [1343]: # of matches found 90447 and it took: 26154.4ms
query [1344]: # of matches found 90467 and it took: 26365.7ms
query [1345]: # of matches found 90162 and it took: 25970.6ms
query [1346]: # of matches found 90279 and it took: 26509.4ms
query [1347]: # of matches found 90953 and it took: 27889.3ms
query [1348]: # of matches found 90750 and it took: 27200.8ms
query [1349]: # of matches found 90758 and it took: 27322ms
query [1350]: # of matches found 88667 and it took: 27445ms
query [1351]: # of matches found 87566 and it took: 26943.8ms
query [1352]: # of matches found 87337 and it took: 27146.7ms
query [1353]: # of matches found 86984 and it took: 27200.4ms
query [1354]: # of matches found 86515 and it took: 27103.1ms
query [1355]: # of matches found 85918 and it took: 26951.5ms
query [1356]: # of matches found 85426 and it took: 27082.2ms
query [1357]: # of matches found 83787 and it took: 27034.4ms
query [1358]: # of matches found 83140 and it took: 26688.2ms
query [1359]: # of matches found 81600 and it took: 26787.7ms
query [1360]: # of matches found 80936 and it took: 27490.3ms
query [1361]: # of matches found 81042 and it took: 27057.9ms
query [1362]: # of matches found 78757 and it took: 28067.6ms
query [1363]: # of matches found 75777 and it took: 28124.7ms
query [1364]: # of matches found 74427 and it took: 26989.5ms
query [1365]: # of matches found 74166 and it took: 26661.4ms
query [1366]: # of matches found 74000 and it took: 26809.5ms
query [1367]: # of matches found 74110 and it took: 27816.2ms
query [1368]: # of matches found 74085 and it took: 27684.6ms
query [1369]: # of matches found 74179 and it took: 27461.2ms
query [1370]: # of matches found 74369 and it took: 27609.6ms
query [1371]: # of matches found 74483 and it took: 27184.2ms
query [1372]: # of matches found 73779 and it took: 27287.4ms
query [1373]: # of matches found 74472 and it took: 27369.4ms
query [1374]: # of matches found 74458 and it took: 27223.8ms
query [1375]: # of matches found 74341 and it took: 26879.1ms
query [1376]: # of matches found 74593 and it took: 26739.5ms
query [1377]: # of matches found 75082 and it took: 26544.4ms
query [1378]: # of matches found 75053 and it took: 27606.7ms
query [1379]: # of matches found 75034 and it took: 27473.5ms
query [1380]: # of matches found 74918 and it took: 26767.6ms
query [1381]: # of matches found 74690 and it took: 27086ms
query [1382]: # of matches found 74237 and it took: 27081.9ms
query [1383]: # of matches found 74310 and it took: 27185ms
query [1384]: # of matches found 74188 and it took: 26753ms
query [1385]: # of matches found 74047 and it took: 26267.7ms
query [1386]: # of matches found 73750 and it took: 26827.7ms
query [1387]: # of matches found 73241 and it took: 26695.8ms
query [1388]: # of matches found 72612 and it took: 26570.6ms
query [1389]: # of matches found 71855 and it took: 26561.7ms
query [1390]: # of matches found 70479 and it took: 26730.5ms
query [1391]: # of matches found 70781 and it took: 26285.8ms
query [1392]: # of matches found 69649 and it took: 26317.2ms
query [1393]: # of matches found 69357 and it took: 26556.5ms
query [1394]: # of matches found 69123 and it took: 26536.5ms
query [1395]: # of matches found 69137 and it took: 26281.5ms
query [1396]: # of matches found 68848 and it took: 25946.5ms
query [1397]: # of matches found 68872 and it took: 25954ms
query [1398]: # of matches found 68805 and it took: 27144.4ms
query [1399]: # of matches found 68381 and it took: 27227.1ms
query [1400]: # of matches found 67967 and it took: 27089.3ms
query [1401]: # of matches found 67338 and it took: 26515.1ms
query [1402]: # of matches found 67133 and it took: 26170.9ms
query [1403]: # of matches found 66707 and it took: 26405ms
query [1404]: # of matches found 66695 and it took: 26486.5ms
query [1405]: # of matches found 66407 and it took: 26294.3ms
query [1406]: # of matches found 66373 and it took: 26691.9ms
query [1407]: # of matches found 66540 and it took: 26529.8ms
query [1408]: # of matches found 66457 and it took: 27011.8ms
query [1409]: # of matches found 66419 and it took: 26956.3ms
query [1410]: # of matches found 66384 and it took: 26123.7ms
query [1411]: # of matches found 66561 and it took: 26325.6ms
query [1412]: # of matches found 66658 and it took: 26295.4ms
query [1413]: # of matches found 56872 and it took: 26663.1ms
query [1414]: # of matches found 56764 and it took: 26690ms
query [1415]: # of matches found 57211 and it took: 26175.2ms
query [1416]: # of matches found 57770 and it took: 26273.5ms
query [1417]: # of matches found 57634 and it took: 26398.9ms
query [1418]: # of matches found 57384 and it took: 26331.6ms
query [1419]: # of matches found 57485 and it took: 26516.2ms
query [1420]: # of matches found 57871 and it took: 26438.4ms
query [1421]: # of matches found 57773 and it took: 26305.2ms
query [1422]: # of matches found 57411 and it took: 26250.8ms
query [1423]: # of matches found 57407 and it took: 26539.3ms
query [1424]: # of matches found 58981 and it took: 26656.6ms
query [1425]: # of matches found 58925 and it took: 26160.4ms
query [1426]: # of matches found 58702 and it took: 26205.9ms
query [1427]: # of matches found 59193 and it took: 26224.6ms
query [1428]: # of matches found 59126 and it took: 26282.3ms
query [1429]: # of matches found 59246 and it took: 26389.9ms
query [1430]: # of matches found 60397 and it took: 26026.3ms
query [1431]: # of matches found 59508 and it took: 26213.9ms
query [1432]: # of matches found 60759 and it took: 25920.3ms
query [1433]: # of matches found 61275 and it took: 25990.9ms
query [1434]: # of matches found 62728 and it took: 27287.7ms
query [1435]: # of matches found 62868 and it took: 27143.9ms
query [1436]: # of matches found 64110 and it took: 26249.1ms
query [1437]: # of matches found 64820 and it took: 26157.4ms
query [1438]: # of matches found 66510 and it took: 26559ms
query [1439]: # of matches found 67769 and it took: 26304.3ms
query [1440]: # of matches found 68465 and it took: 26001.9ms
query [1441]: # of matches found 68843 and it took: 26106.3ms
query [1442]: # of matches found 68295 and it took: 25812.7ms
query [1443]: # of matches found 67843 and it took: 25948.7ms
query [1444]: # of matches found 69390 and it took: 25956.8ms
query [1445]: # of matches found 68916 and it took: 26508.8ms
query [1446]: # of matches found 68230 and it took: 25930.8ms
query [1447]: # of matches found 67488 and it took: 25791.3ms
query [1448]: # of matches found 67547 and it took: 25885.4ms
query [1449]: # of matches found 68365 and it took: 26377.9ms
query [1450]: # of matches found 69021 and it took: 26101.1ms
query [1451]: # of matches found 68963 and it took: 26047.1ms
query [1452]: # of matches found 68229 and it took: 25841.2ms
query [1453]: # of matches found 68434 and it took: 25791.7ms
query [1454]: # of matches found 68615 and it took: 27075.2ms
query [1455]: # of matches found 68931 and it took: 26080.3ms
query [1456]: # of matches found 69209 and it took: 25908.8ms
query [1457]: # of matches found 69439 and it took: 25793.6ms
query [1458]: # of matches found 69942 and it took: 26396.4ms
query [1459]: # of matches found 69990 and it took: 26051.9ms
query [1460]: # of matches found 70068 and it took: 26295.4ms
query [1461]: # of matches found 70082 and it took: 26438.3ms
query [1462]: # of matches found 71271 and it took: 26159.3ms
query [1463]: # of matches found 71454 and it took: 26284.8ms
query [1464]: # of matches found 71863 and it took: 26495.8ms
query [1465]: # of matches found 72107 and it took: 26370.6ms
query [1466]: # of matches found 72292 and it took: 26319.1ms
query [1467]: # of matches found 72588 and it took: 26890.3ms
query [1468]: # of matches found 73119 and it took: 26280ms
query [1469]: # of matches found 73730 and it took: 26452ms
query [1470]: # of matches found 74259 and it took: 26126.5ms
query [1471]: # of matches found 75103 and it took: 26473.5ms
query [1472]: # of matches found 76177 and it took: 26386.9ms
query [1473]: # of matches found 76151 and it took: 26360.5ms
query [1474]: # of matches found 76813 and it took: 26748.1ms
query [1475]: # of matches found 76882 and it took: 26521.6ms
query [1476]: # of matches found 76582 and it took: 26491.5ms
query [1477]: # of matches found 75724 and it took: 26429.1ms
query [1478]: # of matches found 74273 and it took: 27709.3ms
query [1479]: # of matches found 74479 and it took: 26798.2ms
query [1480]: # of matches found 74870 and it took: 26526.9ms
query [1481]: # of matches found 74908 and it took: 26642.8ms
query [1482]: # of matches found 75076 and it took: 26560.6ms
query [1483]: # of matches found 74811 and it took: 26687.6ms
query [1484]: # of matches found 74818 and it took: 28159.4ms
query [1485]: # of matches found 75521 and it took: 26825ms
query [1486]: # of matches found 75826 and it took: 26859.3ms
query [1487]: # of matches found 75705 and it took: 26837.7ms
query [1488]: # of matches found 76767 and it took: 27027.6ms
query [1489]: # of matches found 80595 and it took: 26961.5ms
query [1490]: # of matches found 87155 and it took: 26633.8ms
query [1491]: # of matches found 88176 and it took: 26889.3ms
query [1492]: # of matches found 88034 and it took: 26932.3ms
query [1493]: # of matches found 87556 and it took: 26826.9ms
query [1494]: # of matches found 87605 and it took: 27689.6ms
query [1495]: # of matches found 87792 and it took: 27214.2ms
query [1496]: # of matches found 87865 and it took: 26927.4ms
query [1497]: # of matches found 88073 and it took: 27403.2ms
query [1498]: # of matches found 88343 and it took: 27110.8ms
query [1499]: # of matches found 88620 and it took: 27508.7ms
query [1500]: # of matches found 89203 and it took: 26866.7ms
query [1501]: # of matches found 89753 and it took: 27349.1ms
query [1502]: # of matches found 90347 and it took: 26452ms
query [1503]: # of matches found 90926 and it took: 26649.6ms
query [1504]: # of matches found 91479 and it took: 27509.2ms
query [1505]: # of matches found 91397 and it took: 26877.8ms
query [1506]: # of matches found 91374 and it took: 26705.3ms
query [1507]: # of matches found 91866 and it took: 27198ms
query [1508]: # of matches found 92067 and it took: 27356.8ms
query [1509]: # of matches found 92539 and it took: 26823.6ms
query [1510]: # of matches found 92559 and it took: 26714.3ms
query [1511]: # of matches found 92546 and it took: 26632.6ms
query [1512]: # of matches found 93687 and it took: 26898.4ms
query [1513]: # of matches found 93512 and it took: 26008.1ms
query [1514]: # of matches found 94298 and it took: 26395.3ms
query [1515]: # of matches found 94140 and it took: 26195.8ms
query [1516]: # of matches found 94588 and it took: 25998.8ms
query [1517]: # of matches found 94100 and it took: 26051.3ms
query [1518]: # of matches found 95094 and it took: 26707.5ms
query [1519]: # of matches found 96334 and it took: 26913.4ms
query [1520]: # of matches found 96655 and it took: 26029.7ms
query [1521]: # of matches found 96862 and it took: 26317.9ms
query [1522]: # of matches found 97430 and it took: 26198ms
query [1523]: # of matches found 98404 and it took: 26446.8ms
query [1524]: # of matches found 99789 and it took: 26267.7ms
query [1525]: # of matches found 100693 and it took: 26098.7ms
query [1526]: # of matches found 101857 and it took: 26813.9ms
query [1527]: # of matches found 102749 and it took: 26436.9ms
query [1528]: # of matches found 103245 and it took: 26402.8ms
query [1529]: # of matches found 104122 and it took: 26420.5ms
query [1530]: # of matches found 105140 and it took: 25949.7ms
query [1531]: # of matches found 105689 and it took: 25892.1ms
query [1532]: # of matches found 106308 and it took: 26701.7ms
query [1533]: # of matches found 108569 and it took: 26924.2ms
query [1534]: # of matches found 109716 and it took: 26614.8ms
query [1535]: # of matches found 113379 and it took: 26749.6ms
query [1536]: # of matches found 113245 and it took: 26737.4ms
query [1537]: # of matches found 113352 and it took: 26749.8ms
query [1538]: # of matches found 113425 and it took: 25817.2ms
query [1539]: # of matches found 113823 and it took: 25782.6ms
query [1540]: # of matches found 114028 and it took: 25895ms
query [1541]: # of matches found 114249 and it took: 26097.1ms
query [1542]: # of matches found 114461 and it took: 25932.3ms
query [1543]: # of matches found 114742 and it took: 26195.7ms
query [1544]: # of matches found 114868 and it took: 26994.3ms
query [1545]: # of matches found 115902 and it took: 25834.2ms
query [1546]: # of matches found 116598 and it took: 25390.5ms
query [1547]: # of matches found 117310 and it took: 25707.1ms
query [1548]: # of matches found 118068 and it took: 26313.7ms
query [1549]: # of matches found 118543 and it took: 26183.2ms
query [1550]: # of matches found 118856 and it took: 25553.3ms
query [1551]: # of matches found 119315 and it took: 25980.3ms
query [1552]: # of matches found 119513 and it took: 26073ms
query [1553]: # of matches found 120258 and it took: 25307.5ms
query [1554]: # of matches found 120710 and it took: 25949.3ms
query [1555]: # of matches found 120645 and it took: 25694.5ms
query [1556]: # of matches found 120553 and it took: 25389.8ms
query [1557]: # of matches found 122806 and it took: 25554.5ms
query [1558]: # of matches found 125384 and it took: 26281.2ms
query [1559]: # of matches found 128290 and it took: 27095.1ms
query [1560]: # of matches found 130291 and it took: 25224.8ms
query [1561]: # of matches found 131316 and it took: 25105.5ms
query [1562]: # of matches found 132844 and it took: 25496.6ms
query [1563]: # of matches found 133855 and it took: 25852.5ms
query [1564]: # of matches found 133728 and it took: 24951.4ms
query [1565]: # of matches found 132994 and it took: 24959.3ms
query [1566]: # of matches found 133463 and it took: 25121ms
query [1567]: # of matches found 133713 and it took: 25472.5ms
query [1568]: # of matches found 133713 and it took: 25507.4ms
query [1569]: # of matches found 133718 and it took: 25727.9ms
query [1570]: # of matches found 132735 and it took: 24890.7ms
query [1571]: # of matches found 132776 and it took: 25344.1ms
query [1572]: # of matches found 131644 and it took: 25347.4ms
query [1573]: # of matches found 130897 and it took: 24676ms
query [1574]: # of matches found 129649 and it took: 24861.3ms
query [1575]: # of matches found 129506 and it took: 24827.6ms
query [1576]: # of matches found 129825 and it took: 25696.9ms
query [1577]: # of matches found 129574 and it took: 25286.6ms
query [1578]: # of matches found 126507 and it took: 25674.4ms
query [1579]: # of matches found 125244 and it took: 24758.3ms
query [1580]: # of matches found 124547 and it took: 24896.7ms
query [1581]: # of matches found 124111 and it took: 25116.3ms
query [1582]: # of matches found 125238 and it took: 24266.4ms
query [1583]: # of matches found 125727 and it took: 24437.8ms
query [1584]: # of matches found 124479 and it took: 24969.9ms
query [1585]: # of matches found 124599 and it took: 24977.3ms
query [1586]: # of matches found 127121 and it took: 25029.2ms
query [1587]: # of matches found 127285 and it took: 25454.7ms
query [1588]: # of matches found 127193 and it took: 24386.6ms
query [1589]: # of matches found 126249 and it took: 25033.2ms
query [1590]: # of matches found 125841 and it took: 24724.5ms
query [1591]: # of matches found 127168 and it took: 24267.9ms
query [1592]: # of matches found 127183 and it took: 24151.2ms
query [1593]: # of matches found 127230 and it took: 24420ms
query [1594]: # of matches found 127415 and it took: 24763.4ms
query [1595]: # of matches found 127345 and it took: 25357.6ms
query [1596]: # of matches found 127282 and it took: 25186.7ms
query [1597]: # of matches found 128280 and it took: 24721ms
query [1598]: # of matches found 127841 and it took: 24288.9ms
query [1599]: # of matches found 128185 and it took: 24968.5ms
query [1600]: # of matches found 128357 and it took: 24874.9ms
query [1601]: # of matches found 128840 and it took: 24623.1ms
query [1602]: # of matches found 128328 and it took: 24153ms
query [1603]: # of matches found 128105 and it took: 24224ms
query [1604]: # of matches found 128667 and it took: 24407.4ms
query [1605]: # of matches found 128765 and it took: 24229.4ms
query [1606]: # of matches found 128967 and it took: 24229.3ms
query [1607]: # of matches found 128963 and it took: 24342.9ms
query [1608]: # of matches found 129339 and it took: 24727.5ms
query [1609]: # of matches found 129256 and it took: 24461.3ms
query [1610]: # of matches found 129739 and it took: 25649.8ms
query [1611]: # of matches found 130109 and it took: 25464.3ms
query [1612]: # of matches found 129085 and it took: 24520.7ms
query [1613]: # of matches found 129000 and it took: 24997.3ms
query [1614]: # of matches found 128363 and it took: 25600.8ms
query [1615]: # of matches found 128252 and it took: 24436.2ms
query [1616]: # of matches found 128088 and it took: 24833.9ms
query [1617]: # of matches found 127999 and it took: 24400.1ms
query [1618]: # of matches found 128324 and it took: 24370.2ms
query [1619]: # of matches found 129272 and it took: 24981.7ms
query [1620]: # of matches found 133108 and it took: 24562.1ms
query [1621]: # of matches found 132982 and it took: 24982.8ms
query [1622]: # of matches found 133360 and it took: 25193.9ms
query [1623]: # of matches found 133470 and it took: 26322.2ms
query [1624]: # of matches found 134463 and it took: 26428.6ms
query [1625]: # of matches found 134760 and it took: 24875.1ms
query [1626]: # of matches found 134643 and it took: 25307.7ms
query [1627]: # of matches found 136990 and it took: 25521.6ms
query [1628]: # of matches found 137171 and it took: 25274.6ms
query [1629]: # of matches found 134490 and it took: 25283.9ms
query [1630]: # of matches found 127160 and it took: 25781.8ms
query [1631]: # of matches found 125770 and it took: 25489.2ms
query [1632]: # of matches found 125346 and it took: 25074.7ms
query [1633]: # of matches found 125306 and it took: 24977.7ms
query [1634]: # of matches found 125144 and it took: 25226.6ms
query [1635]: # of matches found 125841 and it took: 24999.7ms
query [1636]: # of matches found 125602 and it took: 25113ms
query [1637]: # of matches found 127611 and it took: 25483ms
query [1638]: # of matches found 127394 and it took: 25578.5ms
query [1639]: # of matches found 127289 and it took: 25710.3ms
query [1640]: # of matches found 126760 and it took: 24860.7ms
query [1641]: # of matches found 125768 and it took: 25376.5ms
query [1642]: # of matches found 125394 and it took: 24897.7ms
query [1643]: # of matches found 126548 and it took: 25233.2ms
query [1644]: # of matches found 126534 and it took: 25082ms
query [1645]: # of matches found 127844 and it took: 26178.5ms
query [1646]: # of matches found 129528 and it took: 24666ms
query [1647]: # of matches found 131272 and it took: 24967.8ms
query [1648]: # of matches found 134817 and it took: 25239.5ms
query [1649]: # of matches found 136285 and it took: 25070.4ms
query [1650]: # of matches found 136563 and it took: 24819.3ms
query [1651]: # of matches found 136585 and it took: 25319.7ms
query [1652]: # of matches found 136488 and it took: 24884.6ms
query [1653]: # of matches found 135907 and it took: 24816.8ms
query [1654]: # of matches found 135954 and it took: 25033.3ms
query [1655]: # of matches found 137230 and it took: 25175.7ms
query [1656]: # of matches found 136897 and it took: 24545.2ms
query [1657]: # of matches found 137294 and it took: 24468.2ms
query [1658]: # of matches found 137336 and it took: 24935.4ms
query [1659]: # of matches found 136318 and it took: 24512.8ms
query [1660]: # of matches found 137976 and it took: 24837.8ms
query [1661]: # of matches found 141504 and it took: 24492.4ms
query [1662]: # of matches found 143059 and it took: 24391ms
query [1663]: # of matches found 144143 and it took: 24633.5ms
query [1664]: # of matches found 143690 and it took: 24522.3ms
query [1665]: # of matches found 143260 and it took: 24451.4ms
query [1666]: # of matches found 148469 and it took: 24325.4ms
query [1667]: # of matches found 151150 and it took: 24937.5ms
query [1668]: # of matches found 152406 and it took: 24129.7ms
query [1669]: # of matches found 153440 and it took: 24099.3ms
query [1670]: # of matches found 154829 and it took: 24969.2ms
query [1671]: # of matches found 155734 and it took: 25084.4ms
query [1672]: # of matches found 155348 and it took: 23926.6ms
query [1673]: # of matches found 156472 and it took: 23784.1ms
query [1674]: # of matches found 156283 and it took: 23932.9ms
query [1675]: # of matches found 151795 and it took: 23591.7ms
query [1676]: # of matches found 152036 and it took: 23633.3ms
query [1677]: # of matches found 151903 and it took: 23577.4ms
query [1678]: # of matches found 151967 and it took: 23694ms
query [1679]: # of matches found 152237 and it took: 23473.4ms
query [1680]: # of matches found 151993 and it took: 23658.1ms
query [1681]: # of matches found 152444 and it took: 23693.5ms
query [1682]: # of matches found 152591 and it took: 24166.5ms
query [1683]: # of matches found 152404 and it took: 23385.7ms
query [1684]: # of matches found 159714 and it took: 23783.9ms
query [1685]: # of matches found 159259 and it took: 23705.1ms
query [1686]: # of matches found 160709 and it took: 23262ms
query [1687]: # of matches found 159975 and it took: 23590.6ms
query [1688]: # of matches found 159672 and it took: 23496ms
query [1689]: # of matches found 161645 and it took: 23841.5ms
query [1690]: # of matches found 162002 and it took: 23767.5ms
query [1691]: # of matches found 161763 and it took: 23787.9ms
query [1692]: # of matches found 161805 and it took: 23728.7ms
query [1693]: # of matches found 161527 and it took: 23611.8ms
query [1694]: # of matches found 161172 and it took: 23704.1ms
query [1695]: # of matches found 160910 and it took: 23846.6ms
query [1696]: # of matches found 160724 and it took: 23473.9ms
query [1697]: # of matches found 160634 and it took: 23707.1ms
query [1698]: # of matches found 158061 and it took: 23553ms
query [1699]: # of matches found 155962 and it took: 23562.5ms
query [1700]: # of matches found 155257 and it took: 24074.8ms
query [1701]: # of matches found 153349 and it took: 23903.9ms
query [1702]: # of matches found 152982 and it took: 23916.3ms
query [1703]: # of matches found 151769 and it took: 23693.4ms
query [1704]: # of matches found 152070 and it took: 23810.7ms
query [1705]: # of matches found 151481 and it took: 23783ms
query [1706]: # of matches found 150884 and it took: 23600.7ms
query [1707]: # of matches found 150074 and it took: 23777.7ms
query [1708]: # of matches found 149663 and it took: 24280.6ms
query [1709]: # of matches found 149980 and it took: 23703.2ms
query [1710]: # of matches found 149532 and it took: 23975.3ms
query [1711]: # of matches found 149294 and it took: 23944.2ms
query [1712]: # of matches found 149468 and it took: 24424.5ms
query [1713]: # of matches found 149467 and it took: 23637ms
query [1714]: # of matches found 149387 and it took: 23890.8ms
query [1715]: # of matches found 149275 and it took: 24159.1ms
query [1716]: # of matches found 148496 and it took: 23640.3ms
query [1717]: # of matches found 147268 and it took: 23971.1ms
query [1718]: # of matches found 146780 and it took: 23858.4ms
query [1719]: # of matches found 146089 and it took: 23954ms
query [1720]: # of matches found 146045 and it took: 24105.3ms
query [1721]: # of matches found 146161 and it took: 24800.8ms
query [1722]: # of matches found 145466 and it took: 24607.4ms
query [1723]: # of matches found 144648 and it took: 24329.4ms
query [1724]: # of matches found 144328 and it took: 24068.9ms
query [1725]: # of matches found 144216 and it took: 24354.3ms
query [1726]: # of matches found 143946 and it took: 23917.4ms
query [1727]: # of matches found 144277 and it took: 24103.4ms
query [1728]: # of matches found 142528 and it took: 24035ms
query [1729]: # of matches found 143277 and it took: 24597.3ms
query [1730]: # of matches found 143481 and it took: 24398ms
query [1731]: # of matches found 142971 and it took: 24372ms
query [1732]: # of matches found 143330 and it took: 24334.5ms
query [1733]: # of matches found 143123 and it took: 24270.7ms
query [1734]: # of matches found 143172 and it took: 24539.4ms
query [1735]: # of matches found 143251 and it took: 24572.3ms
query [1736]: # of matches found 143355 and it took: 25092.4ms
query [1737]: # of matches found 142634 and it took: 26251.9ms
query [1738]: # of matches found 143750 and it took: 24785ms
query [1739]: # of matches found 143994 and it took: 24595.5ms
query [1740]: # of matches found 143831 and it took: 25542.4ms
query [1741]: # of matches found 143696 and it took: 24815.7ms
query [1742]: # of matches found 143889 and it took: 24768.9ms
query [1743]: # of matches found 143336 and it took: 24587.7ms
query [1744]: # of matches found 143117 and it took: 24652.6ms
query [1745]: # of matches found 142967 and it took: 24990.5ms
query [1746]: # of matches found 145136 and it took: 24908.9ms
query [1747]: # of matches found 144641 and it took: 25539.5ms
query [1748]: # of matches found 143945 and it took: 24621.5ms
query [1749]: # of matches found 143484 and it took: 25207.5ms
query [1750]: # of matches found 142861 and it took: 25561.1ms
query [1751]: # of matches found 141382 and it took: 25180ms
query [1752]: # of matches found 140930 and it took: 25137.6ms
query [1753]: # of matches found 140350 and it took: 25266.4ms
query [1754]: # of matches found 139458 and it took: 25399.1ms
query [1755]: # of matches found 138796 and it took: 25426.9ms
query [1756]: # of matches found 138734 and it took: 24824.3ms
query [1757]: # of matches found 138877 and it took: 25062.8ms
query [1758]: # of matches found 138632 and it took: 24575.4ms
query [1759]: # of matches found 138058 and it took: 25051.8ms
query [1760]: # of matches found 134842 and it took: 24973.9ms
query [1761]: # of matches found 134604 and it took: 24783.1ms
query [1762]: # of matches found 134121 and it took: 24914.8ms
query [1763]: # of matches found 134285 and it took: 24813.8ms
query [1764]: # of matches found 133040 and it took: 25637.2ms
query [1765]: # of matches found 132318 and it took: 25030ms
query [1766]: # of matches found 131925 and it took: 26312.2ms
query [1767]: # of matches found 128941 and it took: 25865.7ms
query [1768]: # of matches found 127534 and it took: 25067.7ms
query [1769]: # of matches found 126230 and it took: 25600.9ms
query [1770]: # of matches found 125905 and it took: 25525.5ms
query [1771]: # of matches found 125338 and it took: 25412ms
query [1772]: # of matches found 125295 and it took: 25243.1ms
query [1773]: # of matches found 125415 and it took: 24385.1ms
query [1774]: # of matches found 125540 and it took: 24695ms
query [1775]: # of matches found 124661 and it took: 25634.4ms
query [1776]: # of matches found 125113 and it took: 24822ms
query [1777]: # of matches found 123385 and it took: 24821.7ms
query [1778]: # of matches found 124189 and it took: 24534.6ms
query [1779]: # of matches found 125385 and it took: 25310.8ms
query [1780]: # of matches found 125797 and it took: 25293.8ms
query [1781]: # of matches found 125597 and it took: 24980.2ms
query [1782]: # of matches found 125556 and it took: 24896.2ms
query [1783]: # of matches found 125297 and it took: 24896.6ms
query [1784]: # of matches found 125041 and it took: 25218.3ms
query [1785]: # of matches found 123799 and it took: 26820.8ms
query [1786]: # of matches found 122889 and it took: 26851.2ms
query [1787]: # of matches found 122732 and it took: 25957.5ms
query [1788]: # of matches found 118555 and it took: 25776.7ms
query [1789]: # of matches found 116245 and it took: 26109.2ms
query [1790]: # of matches found 116070 and it took: 26242.6ms
query [1791]: # of matches found 116034 and it took: 26147.9ms
query [1792]: # of matches found 116345 and it took: 26130.5ms
query [1793]: # of matches found 115933 and it took: 26181.9ms
query [1794]: # of matches found 115016 and it took: 26240.2ms
query [1795]: # of matches found 114069 and it took: 25455.6ms
query [1796]: # of matches found 113820 and it took: 25302.6ms
query [1797]: # of matches found 113365 and it took: 26163ms
query [1798]: # of matches found 112921 and it took: 25587.1ms
query [1799]: # of matches found 112256 and it took: 26174.3ms
query [1800]: # of matches found 110409 and it took: 26109.5ms
query [1801]: # of matches found 106811 and it took: 25992.7ms
query [1802]: # of matches found 104647 and it took: 25740.4ms
query [1803]: # of matches found 103183 and it took: 25808ms
query [1804]: # of matches found 102676 and it took: 26050.6ms
query [1805]: # of matches found 101767 and it took: 25912.3ms
query [1806]: # of matches found 96173 and it took: 26324.5ms
query [1807]: # of matches found 96057 and it took: 27053.7ms
query [1808]: # of matches found 94186 and it took: 27104.5ms
query [1809]: # of matches found 92740 and it took: 26410.5ms
query [1810]: # of matches found 89536 and it took: 27146.3ms
query [1811]: # of matches found 88170 and it took: 27125.9ms
query [1812]: # of matches found 87845 and it took: 26768.8ms
query [1813]: # of matches found 84701 and it took: 26990.1ms
query [1814]: # of matches found 83723 and it took: 27082.9ms
query [1815]: # of matches found 83543 and it took: 26473.5ms
query [1816]: # of matches found 83102 and it took: 26921.2ms
query [1817]: # of matches found 82854 and it took: 27610.7ms
query [1818]: # of matches found 82573 and it took: 26478.7ms
query [1819]: # of matches found 82374 and it took: 26995.5ms
query [1820]: # of matches found 82284 and it took: 26945ms
query [1821]: # of matches found 82396 and it took: 27538.2ms
query [1822]: # of matches found 82678 and it took: 26478.2ms
query [1823]: # of matches found 83129 and it took: 26591.2ms
query [1824]: # of matches found 76343 and it took: 26920.9ms
query [1825]: # of matches found 76279 and it took: 26801.1ms
query [1826]: # of matches found 74303 and it took: 26455.2ms
query [1827]: # of matches found 74353 and it took: 27030.8ms
query [1828]: # of matches found 74099 and it took: 26957.9ms
query [1829]: # of matches found 72366 and it took: 27271.4ms
query [1830]: # of matches found 71100 and it took: 26898.9ms
query [1831]: # of matches found 70984 and it took: 27180.1ms
query [1832]: # of matches found 71291 and it took: 27391.6ms
query [1833]: # of matches found 71321 and it took: 27598.4ms
query [1834]: # of matches found 71244 and it took: 27632.7ms
query [1835]: # of matches found 71662 and it took: 27868.3ms
query [1836]: # of matches found 71790 and it took: 27391.5ms
query [1837]: # of matches found 72227 and it took: 27679.8ms
query [1838]: # of matches found 72237 and it took: 27862ms
query [1839]: # of matches found 71822 and it took: 27908.9ms
query [1840]: # of matches found 71629 and it took: 28288.9ms
query [1841]: # of matches found 71094 and it took: 27671.8ms
query [1842]: # of matches found 70722 and it took: 27661.5ms
query [1843]: # of matches found 70891 and it took: 27218ms
query [1844]: # of matches found 70336 and it took: 27793.1ms
query [1845]: # of matches found 70686 and it took: 27220.9ms
query [1846]: # of matches found 70678 and it took: 27514.4ms
query [1847]: # of matches found 70821 and it took: 27861.2ms
query [1848]: # of matches found 70881 and it took: 26909ms
query [1849]: # of matches found 70663 and it took: 28051.5ms
query [1850]: # of matches found 70825 and it took: 28077.6ms
query [1851]: # of matches found 71135 and it took: 27289.7ms
query [1852]: # of matches found 71198 and it took: 27874.3ms
query [1853]: # of matches found 71396 and it took: 28242.6ms
query [1854]: # of matches found 72064 and it took: 27426.5ms
query [1855]: # of matches found 71869 and it took: 27896.8ms
query [1856]: # of matches found 71665 and it took: 27347.3ms
query [1857]: # of matches found 71604 and it took: 27378.8ms
query [1858]: # of matches found 71564 and it took: 27598ms
query [1859]: # of matches found 71547 and it took: 28023ms
query [1860]: # of matches found 71589 and it took: 28332.8ms
query [1861]: # of matches found 71317 and it took: 28148.6ms
query [1862]: # of matches found 71632 and it took: 28021.8ms
query [1863]: # of matches found 71169 and it took: 28428.1ms
query [1864]: # of matches found 71844 and it took: 28527.6ms
query [1865]: # of matches found 71870 and it took: 27298.1ms
query [1866]: # of matches found 72178 and it took: 27509.5ms
query [1867]: # of matches found 71832 and it took: 27785.6ms
query [1868]: # of matches found 71847 and it took: 27689.2ms
query [1869]: # of matches found 71373 and it took: 27952.4ms
query [1870]: # of matches found 71316 and it took: 27715.5ms
query [1871]: # of matches found 70942 and it took: 28219ms
query [1872]: # of matches found 70079 and it took: 27342.4ms
query [1873]: # of matches found 70011 and it took: 27448.7ms
query [1874]: # of matches found 69985 and it took: 27557.1ms
query [1875]: # of matches found 71479 and it took: 27581.1ms
query [1876]: # of matches found 71275 and it took: 28010ms
query [1877]: # of matches found 71053 and it took: 28255.1ms
query [1878]: # of matches found 69967 and it took: 26946.2ms
query [1879]: # of matches found 69555 and it took: 27452.9ms
query [1880]: # of matches found 69856 and it took: 27825.8ms
query [1881]: # of matches found 71269 and it took: 28186.1ms
query [1882]: # of matches found 71000 and it took: 28059.1ms
query [1883]: # of matches found 70837 and it took: 28616.9ms
query [1884]: # of matches found 70983 and it took: 28044.1ms
query [1885]: # of matches found 71619 and it took: 27903.2ms
query [1886]: # of matches found 69659 and it took: 27992.7ms
query [1887]: # of matches found 69919 and it took: 28438.2ms
query [1888]: # of matches found 70290 and it took: 26969.3ms
query [1889]: # of matches found 70505 and it took: 27684ms
query [1890]: # of matches found 70440 and it took: 27499.3ms
query [1891]: # of matches found 70590 and it took: 27927.2ms
query [1892]: # of matches found 70734 and it took: 28056.8ms
query [1893]: # of matches found 70844 and it took: 27215.3ms
query [1894]: # of matches found 70908 and it took: 27434.1ms
query [1895]: # of matches found 71356 and it took: 27874.9ms
query [1896]: # of matches found 71395 and it took: 28089.7ms
query [1897]: # of matches found 71452 and it took: 27248ms
query [1898]: # of matches found 71359 and it took: 27309.6ms
query [1899]: # of matches found 71244 and it took: 27889.7ms
query [1900]: # of matches found 70738 and it took: 28270.1ms
query [1901]: # of matches found 69547 and it took: 27312.3ms
query [1902]: # of matches found 69105 and it took: 27522.7ms
query [1903]: # of matches found 68362 and it took: 27229.7ms
query [1904]: # of matches found 69397 and it took: 27546.9ms
query [1905]: # of matches found 69492 and it took: 27188.7ms
query [1906]: # of matches found 69298 and it took: 27569.1ms
query [1907]: # of matches found 69165 and it took: 28303.4ms
query [1908]: # of matches found 69229 and it took: 28556.5ms
query [1909]: # of matches found 69722 and it took: 27546.9ms
query [1910]: # of matches found 70051 and it took: 28135.1ms
query [1911]: # of matches found 70078 and it took: 28487.7ms
query [1912]: # of matches found 70080 and it took: 27438.2ms
query [1913]: # of matches found 69827 and it took: 27874.9ms
query [1914]: # of matches found 69492 and it took: 28146.9ms
query [1915]: # of matches found 69226 and it took: 28484.1ms
query [1916]: # of matches found 69161 and it took: 27084.4ms
query [1917]: # of matches found 68736 and it took: 27903.6ms
query [1918]: # of matches found 67786 and it took: 27445.6ms
query [1919]: # of matches found 66657 and it took: 28657.6ms
query [1920]: # of matches found 65360 and it took: 27876.9ms
