Starting the job at Wed Aug 14 08:04:56 PM EDT 2024
no kmerRangesFileAddressArg!
no baselineBaseAddress!
no otherToolArg!
**********************CONFIGURATIONS*****************************
PARMIK mode:                  3
readDatabaseAddress:          /p/lava/parmik/partialMatcherProject/datasets/metagenomicDB/SRR14381422/SRR14381422_reads
readFileName:                 SRR14381422_reads
queryFileAddress:             /p/lava/parmik/partialMatcherProject/datasets/queryFiles/covidQueryFiles/NC_045512_chunks/NC_045512_queries_25000-25999
queryFileName:                NC_045512_queries_25000-25999
otherToolOutputFileAddress:   /u/rgq5aw/GIT/PARMIK/partialMatcherProject/tools/blast/SRR14381422/NC_045512/blastn_ws30_results.out
outputDir:                    /p/lava/parmik/partialMatcherProject/tools/baseline_ssw/SRR14381422/NC_045512
penaltyFileAddress:           /u/rgq5aw/GIT/PARMIK/experiments/parmik/CK_SSW_ID_PRCNTG/PenaltySets/2484_1111_2444_2288_2848
kmerRangesFileAddress:        
readsCount:                   17000000
queryCount:                   30000
kmerLength:                   11
regionSize:                   48
cheapKmerThreshold:           0
percentageIdentity:           0.85
minExactMatchLen:             0
numThreads:                   1
isSecondChanceOff:            F
minNumExactMatchKmer:         0
isIndexOffline:               1
offlineIndexAddress:          /p/lava/parmik/partialMatcherProject/tools/parmik/CK_INDEX/SRR14381422/
baselineBaseAddress:          
max editDistance in min region: 2
otherTool:                    
**********************CONFIGURATIONS*****************************
--------------Penalties--------------
m: 2, s: 4, go: 8, ge: 4
m: 1, s: 1, go: 1, ge: 1
m: 2, s: 4, go: 4, ge: 4
m: 2, s: 2, go: 8, ge: 8
m: 2, s: 8, go: 4, ge: 8
------------------------------------
experiment dir: /p/lava/parmik/partialMatcherProject/tools/baseline_ssw/SRR14381422/NC_045512/IKT0_K11_PI85_M0_T1_SC1_P_2484_1111_2444_2288_2848
Directory already exists or could not be created: /p/lava/parmik/partialMatcherProject/tools/baseline_ssw/SRR14381422/NC_045512/IKT0_K11_PI85_M0_T1_SC1_P_2484_1111_2444_2288_2848
numberOfReadsWithN : 0
queryCount : 1000
numberOfReadsWithN : 0
readCount : 17000000
offlineCheapIndexAddress: /p/lava/parmik/partialMatcherProject/tools/parmik/CK_INDEX/SRR14381422/ck_T0_K11_r17000000
offlineExpensiveIndexAddress: /p/lava/parmik/partialMatcherProject/tools/parmik/CK_INDEX/SRR14381422/ek_T0_K11_r17000000
pmrkAlignmentsAddress: /p/lava/parmik/partialMatcherProject/tools/baseline_ssw/SRR14381422/NC_045512/IKT0_K11_PI85_M0_T1_SC1_P_2484_1111_2444_2288_2848/parmikAln.txt
Starting alignment for all queries [fwd]...
queryBaseIndex: 25000
query [25000]: # of matches found 143707 and it took: 132164ms
query [25001]: # of matches found 143839 and it took: 133148ms
query [25002]: # of matches found 143521 and it took: 132871ms
query [25003]: # of matches found 143482 and it took: 132725ms
query [25004]: # of matches found 142608 and it took: 134050ms
query [25005]: # of matches found 140995 and it took: 133290ms
query [25006]: # of matches found 140760 and it took: 132928ms
query [25007]: # of matches found 139909 and it took: 133713ms
query [25008]: # of matches found 139464 and it took: 134529ms
query [25009]: # of matches found 139821 and it took: 134681ms
query [25010]: # of matches found 139650 and it took: 133866ms
query [25011]: # of matches found 139705 and it took: 135336ms
query [25012]: # of matches found 139813 and it took: 134785ms
query [25013]: # of matches found 139604 and it took: 135274ms
query [25014]: # of matches found 138963 and it took: 136334ms
query [25015]: # of matches found 139363 and it took: 135426ms
query [25016]: # of matches found 138880 and it took: 135226ms
query [25017]: # of matches found 141457 and it took: 136478ms
query [25018]: # of matches found 141836 and it took: 137177ms
query [25019]: # of matches found 140931 and it took: 137264ms
query [25020]: # of matches found 138634 and it took: 136150ms
query [25021]: # of matches found 137030 and it took: 137479ms
query [25022]: # of matches found 132925 and it took: 136937ms
query [25023]: # of matches found 132575 and it took: 137044ms
query [25024]: # of matches found 132840 and it took: 138715ms
query [25025]: # of matches found 131995 and it took: 137869ms
query [25026]: # of matches found 131508 and it took: 138368ms
query [25027]: # of matches found 130937 and it took: 138962ms
query [25028]: # of matches found 131017 and it took: 139494ms
query [25029]: # of matches found 131058 and it took: 139382ms
query [25030]: # of matches found 131990 and it took: 138402ms
query [25031]: # of matches found 134049 and it took: 139082ms
query [25032]: # of matches found 133189 and it took: 138354ms
query [25033]: # of matches found 132893 and it took: 138208ms
query [25034]: # of matches found 132317 and it took: 139310ms
query [25035]: # of matches found 132938 and it took: 138526ms
query [25036]: # of matches found 132721 and it took: 138078ms
query [25037]: # of matches found 131974 and it took: 139165ms
query [25038]: # of matches found 131767 and it took: 139971ms
query [25039]: # of matches found 131269 and it took: 139931ms
query [25040]: # of matches found 130796 and it took: 138407ms
query [25041]: # of matches found 130059 and it took: 138730ms
query [25042]: # of matches found 129885 and it took: 138424ms
query [25043]: # of matches found 129534 and it took: 138227ms
query [25044]: # of matches found 129683 and it took: 139790ms
query [25045]: # of matches found 130255 and it took: 138640ms
query [25046]: # of matches found 129979 and it took: 138012ms
query [25047]: # of matches found 128530 and it took: 139028ms
query [25048]: # of matches found 128857 and it took: 139322ms
query [25049]: # of matches found 128155 and it took: 147452ms
query [25050]: # of matches found 121852 and it took: 146580ms
query [25051]: # of matches found 120832 and it took: 147448ms
query [25052]: # of matches found 120908 and it took: 147279ms
query [25053]: # of matches found 120129 and it took: 146571ms
query [25054]: # of matches found 118913 and it took: 147871ms
query [25055]: # of matches found 118805 and it took: 146517ms
query [25056]: # of matches found 118486 and it took: 145825ms
query [25057]: # of matches found 118008 and it took: 146949ms
query [25058]: # of matches found 118047 and it took: 147277ms
query [25059]: # of matches found 117984 and it took: 147004ms
query [25060]: # of matches found 117925 and it took: 146393ms
query [25061]: # of matches found 118155 and it took: 141569ms
query [25062]: # of matches found 118490 and it took: 136937ms
query [25063]: # of matches found 118262 and it took: 136505ms
query [25064]: # of matches found 117873 and it took: 138016ms
query [25065]: # of matches found 117700 and it took: 136285ms
query [25066]: # of matches found 117462 and it took: 135380ms
query [25067]: # of matches found 117296 and it took: 136849ms
query [25068]: # of matches found 117212 and it took: 137019ms
query [25069]: # of matches found 117192 and it took: 136898ms
query [25070]: # of matches found 117133 and it took: 135960ms
query [25071]: # of matches found 116395 and it took: 135661ms
query [25072]: # of matches found 115785 and it took: 136160ms
query [25073]: # of matches found 115716 and it took: 135394ms
query [25074]: # of matches found 115772 and it took: 136257ms
query [25075]: # of matches found 115896 and it took: 134645ms
query [25076]: # of matches found 115580 and it took: 134082ms
query [25077]: # of matches found 113862 and it took: 136085ms
query [25078]: # of matches found 114145 and it took: 135845ms
query [25079]: # of matches found 114495 and it took: 134925ms
query [25080]: # of matches found 113903 and it took: 134384ms
query [25081]: # of matches found 113284 and it took: 133804ms
query [25082]: # of matches found 112619 and it took: 134086ms
query [25083]: # of matches found 111908 and it took: 136710ms
query [25084]: # of matches found 111287 and it took: 141027ms
query [25085]: # of matches found 110819 and it took: 142546ms
query [25086]: # of matches found 110818 and it took: 142330ms
query [25087]: # of matches found 110868 and it took: 144543ms
query [25088]: # of matches found 111077 and it took: 144112ms
query [25089]: # of matches found 110534 and it took: 143388ms
query [25090]: # of matches found 109577 and it took: 142936ms
query [25091]: # of matches found 109303 and it took: 142912ms
query [25092]: # of matches found 109188 and it took: 143698ms
query [25093]: # of matches found 108512 and it took: 143604ms
query [25094]: # of matches found 106914 and it took: 144425ms
query [25095]: # of matches found 104666 and it took: 143450ms
query [25096]: # of matches found 103686 and it took: 143106ms
query [25097]: # of matches found 102490 and it took: 146157ms
query [25098]: # of matches found 101070 and it took: 145489ms
query [25099]: # of matches found 92031 and it took: 145436ms
query [25100]: # of matches found 90063 and it took: 145853ms
query [25101]: # of matches found 86828 and it took: 145366ms
query [25102]: # of matches found 84370 and it took: 146547ms
query [25103]: # of matches found 81914 and it took: 146281ms
query [25104]: # of matches found 80661 and it took: 147248ms
query [25105]: # of matches found 80798 and it took: 146247ms
query [25106]: # of matches found 100834 and it took: 146162ms
query [25107]: # of matches found 101293 and it took: 148734ms
query [25108]: # of matches found 101451 and it took: 147320ms
query [25109]: # of matches found 101496 and it took: 147688ms
query [25110]: # of matches found 101563 and it took: 147646ms
query [25111]: # of matches found 101857 and it took: 146446ms
query [25112]: # of matches found 101779 and it took: 147553ms
query [25113]: # of matches found 100236 and it took: 147885ms
query [25114]: # of matches found 100290 and it took: 148815ms
query [25115]: # of matches found 100796 and it took: 147594ms
query [25116]: # of matches found 101018 and it took: 147464ms
query [25117]: # of matches found 100783 and it took: 149080ms
query [25118]: # of matches found 100782 and it took: 147565ms
query [25119]: # of matches found 100794 and it took: 147881ms
query [25120]: # of matches found 100992 and it took: 148303ms
query [25121]: # of matches found 101057 and it took: 147011ms
query [25122]: # of matches found 101226 and it took: 147926ms
query [25123]: # of matches found 101689 and it took: 147670ms
query [25124]: # of matches found 101480 and it took: 148251ms
query [25125]: # of matches found 101405 and it took: 147673ms
query [25126]: # of matches found 101320 and it took: 147369ms
query [25127]: # of matches found 100984 and it took: 149815ms
query [25128]: # of matches found 100585 and it took: 148019ms
query [25129]: # of matches found 100401 and it took: 148812ms
query [25130]: # of matches found 100366 and it took: 150063ms
query [25131]: # of matches found 99743 and it took: 148404ms
query [25132]: # of matches found 99256 and it took: 149478ms
query [25133]: # of matches found 96812 and it took: 149355ms
query [25134]: # of matches found 96165 and it took: 149857ms
query [25135]: # of matches found 96284 and it took: 149627ms
query [25136]: # of matches found 95754 and it took: 148791ms
query [25137]: # of matches found 94179 and it took: 151809ms
query [25138]: # of matches found 92664 and it took: 149807ms
query [25139]: # of matches found 92018 and it took: 150373ms
query [25140]: # of matches found 92312 and it took: 151494ms
query [25141]: # of matches found 92489 and it took: 149300ms
query [25142]: # of matches found 92415 and it took: 150437ms
query [25143]: # of matches found 92352 and it took: 150689ms
query [25144]: # of matches found 92283 and it took: 150364ms
query [25145]: # of matches found 92075 and it took: 150253ms
query [25146]: # of matches found 92064 and it took: 148879ms
query [25147]: # of matches found 92263 and it took: 151335ms
query [25148]: # of matches found 92409 and it took: 149216ms
query [25149]: # of matches found 91691 and it took: 149915ms
query [25150]: # of matches found 91604 and it took: 150959ms
query [25151]: # of matches found 91757 and it took: 148704ms
query [25152]: # of matches found 91848 and it took: 149656ms
query [25153]: # of matches found 91885 and it took: 149406ms
query [25154]: # of matches found 92239 and it took: 149001ms
query [25155]: # of matches found 92356 and it took: 148674ms
query [25156]: # of matches found 91668 and it took: 147221ms
query [25157]: # of matches found 88539 and it took: 149786ms
query [25158]: # of matches found 88348 and it took: 147348ms
query [25159]: # of matches found 89169 and it took: 148164ms
query [25160]: # of matches found 89642 and it took: 145645ms
query [25161]: # of matches found 89876 and it took: 137741ms
query [25162]: # of matches found 89957 and it took: 137918ms
query [25163]: # of matches found 89745 and it took: 138433ms
query [25164]: # of matches found 88824 and it took: 137338ms
query [25165]: # of matches found 87778 and it took: 137289ms
query [25166]: # of matches found 87270 and it took: 136153ms
query [25167]: # of matches found 86733 and it took: 138216ms
query [25168]: # of matches found 86685 and it took: 136291ms
query [25169]: # of matches found 87091 and it took: 137646ms
query [25170]: # of matches found 86805 and it took: 137994ms
query [25171]: # of matches found 84353 and it took: 136935ms
query [25172]: # of matches found 84363 and it took: 137020ms
query [25173]: # of matches found 84587 and it took: 137231ms
query [25174]: # of matches found 86061 and it took: 136550ms
query [25175]: # of matches found 87162 and it took: 136192ms
query [25176]: # of matches found 88248 and it took: 135582ms
query [25177]: # of matches found 88170 and it took: 138181ms
query [25178]: # of matches found 89559 and it took: 135896ms
query [25179]: # of matches found 90140 and it took: 137385ms
query [25180]: # of matches found 90572 and it took: 137662ms
query [25181]: # of matches found 90833 and it took: 136710ms
query [25182]: # of matches found 90945 and it took: 136584ms
query [25183]: # of matches found 90745 and it took: 137194ms
query [25184]: # of matches found 93025 and it took: 136212ms
query [25185]: # of matches found 94172 and it took: 136162ms
query [25186]: # of matches found 94489 and it took: 135971ms
query [25187]: # of matches found 94603 and it took: 138117ms
query [25188]: # of matches found 95611 and it took: 136686ms
query [25189]: # of matches found 96487 and it took: 138587ms
query [25190]: # of matches found 96645 and it took: 139874ms
query [25191]: # of matches found 96858 and it took: 138038ms
query [25192]: # of matches found 96373 and it took: 137837ms
query [25193]: # of matches found 97612 and it took: 138570ms
query [25194]: # of matches found 97562 and it took: 137157ms
query [25195]: # of matches found 96895 and it took: 137685ms
query [25196]: # of matches found 96577 and it took: 137601ms
query [25197]: # of matches found 96659 and it took: 139065ms
query [25198]: # of matches found 96552 and it took: 137767ms
query [25199]: # of matches found 96533 and it took: 139445ms
query [25200]: # of matches found 96728 and it took: 139882ms
query [25201]: # of matches found 96832 and it took: 138973ms
query [25202]: # of matches found 96971 and it took: 139048ms
query [25203]: # of matches found 97374 and it took: 140780ms
query [25204]: # of matches found 100405 and it took: 139166ms
query [25205]: # of matches found 101062 and it took: 139643ms
query [25206]: # of matches found 101197 and it took: 139759ms
query [25207]: # of matches found 101160 and it took: 140771ms
query [25208]: # of matches found 101290 and it took: 139848ms
query [25209]: # of matches found 101350 and it took: 141926ms
query [25210]: # of matches found 101651 and it took: 142773ms
query [25211]: # of matches found 102775 and it took: 142117ms
query [25212]: # of matches found 103098 and it took: 141336ms
query [25213]: # of matches found 103612 and it took: 142396ms
query [25214]: # of matches found 103566 and it took: 140676ms
query [25215]: # of matches found 103146 and it took: 142002ms
query [25216]: # of matches found 103123 and it took: 141769ms
query [25217]: # of matches found 103286 and it took: 142226ms
query [25218]: # of matches found 102944 and it took: 140859ms
query [25219]: # of matches found 102769 and it took: 143434ms
query [25220]: # of matches found 102518 and it took: 143485ms
query [25221]: # of matches found 102664 and it took: 142818ms
query [25222]: # of matches found 102964 and it took: 142127ms
query [25223]: # of matches found 103028 and it took: 142697ms
query [25224]: # of matches found 103139 and it took: 141158ms
query [25225]: # of matches found 103160 and it took: 142021ms
query [25226]: # of matches found 103452 and it took: 141955ms
query [25227]: # of matches found 103698 and it took: 142066ms
query [25228]: # of matches found 103544 and it took: 141566ms
query [25229]: # of matches found 103559 and it took: 142649ms
query [25230]: # of matches found 103540 and it took: 142140ms
query [25231]: # of matches found 103375 and it took: 141899ms
query [25232]: # of matches found 102768 and it took: 140863ms
query [25233]: # of matches found 102885 and it took: 141430ms
query [25234]: # of matches found 102760 and it took: 139572ms
query [25235]: # of matches found 102985 and it took: 140789ms
query [25236]: # of matches found 107156 and it took: 139865ms
query [25237]: # of matches found 106975 and it took: 140079ms
query [25238]: # of matches found 106804 and it took: 139301ms
query [25239]: # of matches found 106721 and it took: 140317ms
query [25240]: # of matches found 107987 and it took: 139702ms
query [25241]: # of matches found 107886 and it took: 140113ms
query [25242]: # of matches found 108115 and it took: 138785ms
query [25243]: # of matches found 107219 and it took: 139192ms
query [25244]: # of matches found 106907 and it took: 137443ms
query [25245]: # of matches found 106780 and it took: 138820ms
query [25246]: # of matches found 86073 and it took: 138044ms
query [25247]: # of matches found 86170 and it took: 138215ms
query [25248]: # of matches found 86533 and it took: 137941ms
query [25249]: # of matches found 86529 and it took: 139201ms
query [25250]: # of matches found 87122 and it took: 138718ms
query [25251]: # of matches found 87682 and it took: 138983ms
query [25252]: # of matches found 88055 and it took: 137898ms
query [25253]: # of matches found 89175 and it took: 138779ms
query [25254]: # of matches found 90280 and it took: 137272ms
query [25255]: # of matches found 89986 and it took: 137773ms
query [25256]: # of matches found 93335 and it took: 137452ms
query [25257]: # of matches found 93564 and it took: 136739ms
query [25258]: # of matches found 94683 and it took: 136821ms
query [25259]: # of matches found 94542 and it took: 138149ms
query [25260]: # of matches found 94290 and it took: 137701ms
query [25261]: # of matches found 94294 and it took: 137998ms
query [25262]: # of matches found 94557 and it took: 137004ms
query [25263]: # of matches found 94272 and it took: 137615ms
query [25264]: # of matches found 93972 and it took: 135636ms
query [25265]: # of matches found 94643 and it took: 136920ms
query [25266]: # of matches found 95116 and it took: 136865ms
query [25267]: # of matches found 95316 and it took: 136333ms
query [25268]: # of matches found 95737 and it took: 135981ms
query [25269]: # of matches found 95938 and it took: 137332ms
query [25270]: # of matches found 95967 and it took: 137034ms
query [25271]: # of matches found 96052 and it took: 137429ms
query [25272]: # of matches found 96132 and it took: 136301ms
query [25273]: # of matches found 96288 and it took: 136429ms
query [25274]: # of matches found 95411 and it took: 135164ms
query [25275]: # of matches found 94686 and it took: 135997ms
query [25276]: # of matches found 94778 and it took: 136330ms
query [25277]: # of matches found 94210 and it took: 135435ms
query [25278]: # of matches found 95690 and it took: 135790ms
query [25279]: # of matches found 95804 and it took: 136595ms
query [25280]: # of matches found 94945 and it took: 136961ms
query [25281]: # of matches found 94222 and it took: 137341ms
query [25282]: # of matches found 94837 and it took: 136301ms
query [25283]: # of matches found 94815 and it took: 136365ms
query [25284]: # of matches found 94814 and it took: 135608ms
query [25285]: # of matches found 97003 and it took: 136797ms
query [25286]: # of matches found 97101 and it took: 137291ms
query [25287]: # of matches found 97560 and it took: 136793ms
query [25288]: # of matches found 98199 and it took: 142932ms
query [25289]: # of matches found 98721 and it took: 146808ms
query [25290]: # of matches found 99836 and it took: 146514ms
query [25291]: # of matches found 102045 and it took: 148087ms
query [25292]: # of matches found 102164 and it took: 146829ms
query [25293]: # of matches found 109061 and it took: 146952ms
query [25294]: # of matches found 109466 and it took: 145951ms
query [25295]: # of matches found 109493 and it took: 147474ms
query [25296]: # of matches found 109564 and it took: 148099ms
query [25297]: # of matches found 109804 and it took: 147419ms
query [25298]: # of matches found 109539 and it took: 147588ms
query [25299]: # of matches found 109139 and it took: 148787ms
query [25300]: # of matches found 107961 and it took: 147781ms
query [25301]: # of matches found 107650 and it took: 149317ms
query [25302]: # of matches found 107976 and it took: 148574ms
query [25303]: # of matches found 107562 and it took: 148404ms
query [25304]: # of matches found 107786 and it took: 147704ms
query [25305]: # of matches found 107740 and it took: 149412ms
query [25306]: # of matches found 107991 and it took: 148607ms
query [25307]: # of matches found 108173 and it took: 147827ms
query [25308]: # of matches found 108927 and it took: 148388ms
query [25309]: # of matches found 108925 and it took: 148016ms
query [25310]: # of matches found 108862 and it took: 147158ms
query [25311]: # of matches found 110545 and it took: 149188ms
query [25312]: # of matches found 110503 and it took: 148315ms
query [25313]: # of matches found 110191 and it took: 147779ms
query [25314]: # of matches found 108912 and it took: 146601ms
query [25315]: # of matches found 107594 and it took: 148218ms
query [25316]: # of matches found 106531 and it took: 139288ms
query [25317]: # of matches found 105807 and it took: 138211ms
query [25318]: # of matches found 104861 and it took: 137778ms
query [25319]: # of matches found 104096 and it took: 138789ms
query [25320]: # of matches found 103897 and it took: 137716ms
query [25321]: # of matches found 103998 and it took: 139522ms
query [25322]: # of matches found 103929 and it took: 139024ms
query [25323]: # of matches found 104382 and it took: 138771ms
query [25324]: # of matches found 103173 and it took: 139786ms
query [25325]: # of matches found 102150 and it took: 149671ms
query [25326]: # of matches found 100491 and it took: 149738ms
query [25327]: # of matches found 100408 and it took: 148282ms
query [25328]: # of matches found 99282 and it took: 147977ms
query [25329]: # of matches found 98753 and it took: 148388ms
query [25330]: # of matches found 98502 and it took: 146967ms
query [25331]: # of matches found 97957 and it took: 148505ms
query [25332]: # of matches found 97870 and it took: 147716ms
query [25333]: # of matches found 96251 and it took: 146840ms
query [25334]: # of matches found 96168 and it took: 145473ms
query [25335]: # of matches found 96256 and it took: 147020ms
query [25336]: # of matches found 96088 and it took: 146574ms
query [25337]: # of matches found 95882 and it took: 145363ms
query [25338]: # of matches found 95865 and it took: 145161ms
query [25339]: # of matches found 95744 and it took: 146174ms
query [25340]: # of matches found 95614 and it took: 144630ms
query [25341]: # of matches found 95295 and it took: 146162ms
query [25342]: # of matches found 94552 and it took: 146024ms
query [25343]: # of matches found 94409 and it took: 145066ms
query [25344]: # of matches found 91460 and it took: 144013ms
query [25345]: # of matches found 90537 and it took: 145520ms
query [25346]: # of matches found 90400 and it took: 145846ms
query [25347]: # of matches found 89987 and it took: 144653ms
query [25348]: # of matches found 89701 and it took: 145030ms
query [25349]: # of matches found 90075 and it took: 145633ms
query [25350]: # of matches found 90588 and it took: 144474ms
query [25351]: # of matches found 89376 and it took: 145889ms
query [25352]: # of matches found 89362 and it took: 145324ms
query [25353]: # of matches found 89295 and it took: 145289ms
query [25354]: # of matches found 89603 and it took: 144103ms
query [25355]: # of matches found 89484 and it took: 146341ms
query [25356]: # of matches found 89385 and it took: 147192ms
query [25357]: # of matches found 89089 and it took: 146274ms
query [25358]: # of matches found 88853 and it took: 146208ms
query [25359]: # of matches found 88315 and it took: 146932ms
query [25360]: # of matches found 88035 and it took: 146081ms
query [25361]: # of matches found 88145 and it took: 147119ms
query [25362]: # of matches found 88194 and it took: 147253ms
query [25363]: # of matches found 88928 and it took: 147077ms
query [25364]: # of matches found 88521 and it took: 146153ms
query [25365]: # of matches found 88336 and it took: 147704ms
query [25366]: # of matches found 88015 and it took: 147788ms
query [25367]: # of matches found 87461 and it took: 146217ms
query [25368]: # of matches found 87720 and it took: 146035ms
query [25369]: # of matches found 87438 and it took: 147251ms
query [25370]: # of matches found 87580 and it took: 145650ms
query [25371]: # of matches found 87619 and it took: 147134ms
query [25372]: # of matches found 87791 and it took: 146526ms
query [25373]: # of matches found 87852 and it took: 146303ms
query [25374]: # of matches found 87717 and it took: 145372ms
query [25375]: # of matches found 87337 and it took: 146800ms
query [25376]: # of matches found 83002 and it took: 146756ms
query [25377]: # of matches found 83099 and it took: 145391ms
query [25378]: # of matches found 83124 and it took: 145692ms
query [25379]: # of matches found 83014 and it took: 146667ms
query [25380]: # of matches found 82640 and it took: 145294ms
query [25381]: # of matches found 81786 and it took: 146631ms
query [25382]: # of matches found 81182 and it took: 146301ms
query [25383]: # of matches found 81350 and it took: 145839ms
query [25384]: # of matches found 81652 and it took: 144784ms
query [25385]: # of matches found 81840 and it took: 146414ms
query [25386]: # of matches found 81879 and it took: 146673ms
query [25387]: # of matches found 81596 and it took: 145411ms
query [25388]: # of matches found 81355 and it took: 145794ms
query [25389]: # of matches found 81043 and it took: 146701ms
query [25390]: # of matches found 80219 and it took: 145039ms
query [25391]: # of matches found 79535 and it took: 146398ms
query [25392]: # of matches found 79835 and it took: 146479ms
query [25393]: # of matches found 78930 and it took: 146368ms
query [25394]: # of matches found 77766 and it took: 145308ms
query [25395]: # of matches found 77768 and it took: 146793ms
query [25396]: # of matches found 77249 and it took: 146823ms
query [25397]: # of matches found 73545 and it took: 145347ms
query [25398]: # of matches found 73764 and it took: 146770ms
query [25399]: # of matches found 73685 and it took: 147803ms
query [25400]: # of matches found 73746 and it took: 146617ms
query [25401]: # of matches found 74060 and it took: 147406ms
query [25402]: # of matches found 74994 and it took: 147007ms
query [25403]: # of matches found 75128 and it took: 147036ms
query [25404]: # of matches found 74998 and it took: 145698ms
query [25405]: # of matches found 75864 and it took: 147416ms
query [25406]: # of matches found 75795 and it took: 146625ms
query [25407]: # of matches found 76214 and it took: 145366ms
query [25408]: # of matches found 76541 and it took: 146148ms
query [25409]: # of matches found 82304 and it took: 147195ms
query [25410]: # of matches found 83650 and it took: 145569ms
query [25411]: # of matches found 83913 and it took: 145896ms
query [25412]: # of matches found 83966 and it took: 145727ms
query [25413]: # of matches found 84530 and it took: 145824ms
query [25414]: # of matches found 85708 and it took: 143750ms
query [25415]: # of matches found 86118 and it took: 144774ms
query [25416]: # of matches found 86233 and it took: 144121ms
query [25417]: # of matches found 85900 and it took: 142868ms
query [25418]: # of matches found 84864 and it took: 143319ms
query [25419]: # of matches found 83937 and it took: 144110ms
query [25420]: # of matches found 83631 and it took: 143263ms
query [25421]: # of matches found 83500 and it took: 142922ms
query [25422]: # of matches found 83132 and it took: 143271ms
query [25423]: # of matches found 83115 and it took: 143178ms
query [25424]: # of matches found 83187 and it took: 141266ms
query [25425]: # of matches found 81003 and it took: 142846ms
query [25426]: # of matches found 80898 and it took: 142365ms
query [25427]: # of matches found 81156 and it took: 141112ms
query [25428]: # of matches found 81209 and it took: 141673ms
query [25429]: # of matches found 81847 and it took: 142991ms
query [25430]: # of matches found 81419 and it took: 142396ms
query [25431]: # of matches found 79886 and it took: 142197ms
query [25432]: # of matches found 80942 and it took: 142827ms
query [25433]: # of matches found 75044 and it took: 143307ms
query [25434]: # of matches found 74140 and it took: 141292ms
query [25435]: # of matches found 73982 and it took: 141497ms
query [25436]: # of matches found 81493 and it took: 140980ms
query [25437]: # of matches found 81172 and it took: 140001ms
query [25438]: # of matches found 81404 and it took: 140523ms
query [25439]: # of matches found 81425 and it took: 141803ms
query [25440]: # of matches found 81365 and it took: 140374ms
query [25441]: # of matches found 81355 and it took: 140500ms
query [25442]: # of matches found 80326 and it took: 140409ms
query [25443]: # of matches found 80342 and it took: 141121ms
query [25444]: # of matches found 80426 and it took: 139129ms
query [25445]: # of matches found 81315 and it took: 139730ms
query [25446]: # of matches found 81673 and it took: 138872ms
query [25447]: # of matches found 82468 and it took: 138205ms
query [25448]: # of matches found 82644 and it took: 138549ms
query [25449]: # of matches found 82735 and it took: 139205ms
query [25450]: # of matches found 82453 and it took: 137762ms
query [25451]: # of matches found 80701 and it took: 138094ms
query [25452]: # of matches found 81840 and it took: 138327ms
query [25453]: # of matches found 81895 and it took: 138428ms
query [25454]: # of matches found 82045 and it took: 137478ms
query [25455]: # of matches found 82217 and it took: 137415ms
query [25456]: # of matches found 82187 and it took: 136084ms
query [25457]: # of matches found 82241 and it took: 136315ms
query [25458]: # of matches found 81806 and it took: 137078ms
query [25459]: # of matches found 81682 and it took: 137816ms
query [25460]: # of matches found 81010 and it took: 136568ms
query [25461]: # of matches found 96277 and it took: 137289ms
query [25462]: # of matches found 96248 and it took: 137795ms
query [25463]: # of matches found 95656 and it took: 138540ms
query [25464]: # of matches found 95453 and it took: 137583ms
query [25465]: # of matches found 95356 and it took: 137531ms
query [25466]: # of matches found 94580 and it took: 137134ms
query [25467]: # of matches found 93927 and it took: 137017ms
query [25468]: # of matches found 92717 and it took: 137549ms
query [25469]: # of matches found 92124 and it took: 138328ms
query [25470]: # of matches found 91787 and it took: 136361ms
query [25471]: # of matches found 91761 and it took: 137191ms
query [25472]: # of matches found 91680 and it took: 137384ms
query [25473]: # of matches found 91736 and it took: 138167ms
query [25474]: # of matches found 92282 and it took: 137381ms
query [25475]: # of matches found 93998 and it took: 137697ms
query [25476]: # of matches found 94437 and it took: 136707ms
query [25477]: # of matches found 94516 and it took: 136077ms
query [25478]: # of matches found 95561 and it took: 136700ms
query [25479]: # of matches found 95769 and it took: 137448ms
query [25480]: # of matches found 96258 and it took: 135936ms
query [25481]: # of matches found 96129 and it took: 136973ms
query [25482]: # of matches found 97074 and it took: 136921ms
query [25483]: # of matches found 97402 and it took: 137836ms
query [25484]: # of matches found 97465 and it took: 136983ms
query [25485]: # of matches found 97618 and it took: 136870ms
query [25486]: # of matches found 98196 and it took: 136230ms
query [25487]: # of matches found 98783 and it took: 135777ms
query [25488]: # of matches found 99044 and it took: 136141ms
query [25489]: # of matches found 99120 and it took: 136681ms
query [25490]: # of matches found 98594 and it took: 136414ms
query [25491]: # of matches found 98788 and it took: 136247ms
query [25492]: # of matches found 99097 and it took: 135050ms
query [25493]: # of matches found 99670 and it took: 136007ms
query [25494]: # of matches found 99663 and it took: 135737ms
query [25495]: # of matches found 100049 and it took: 135877ms
query [25496]: # of matches found 100620 and it took: 135933ms
query [25497]: # of matches found 101192 and it took: 135480ms
query [25498]: # of matches found 101693 and it took: 136211ms
query [25499]: # of matches found 104547 and it took: 136973ms
query [25500]: # of matches found 108236 and it took: 134418ms
query [25501]: # of matches found 109211 and it took: 135223ms
query [25502]: # of matches found 111010 and it took: 135485ms
query [25503]: # of matches found 114280 and it took: 135971ms
query [25504]: # of matches found 114036 and it took: 135087ms
query [25505]: # of matches found 115297 and it took: 134847ms
query [25506]: # of matches found 116287 and it took: 134267ms
query [25507]: # of matches found 116423 and it took: 134314ms
query [25508]: # of matches found 116691 and it took: 134830ms
query [25509]: # of matches found 116919 and it took: 136018ms
query [25510]: # of matches found 117305 and it took: 134151ms
query [25511]: # of matches found 117635 and it took: 135103ms
query [25512]: # of matches found 117738 and it took: 135308ms
query [25513]: # of matches found 119334 and it took: 135842ms
query [25514]: # of matches found 119392 and it took: 135449ms
query [25515]: # of matches found 120017 and it took: 135740ms
query [25516]: # of matches found 120341 and it took: 135027ms
query [25517]: # of matches found 120284 and it took: 134825ms
query [25518]: # of matches found 120895 and it took: 135859ms
query [25519]: # of matches found 121667 and it took: 136003ms
query [25520]: # of matches found 121707 and it took: 134255ms
query [25521]: # of matches found 121956 and it took: 135573ms
query [25522]: # of matches found 121967 and it took: 135155ms
query [25523]: # of matches found 121515 and it took: 135548ms
query [25524]: # of matches found 121499 and it took: 135426ms
query [25525]: # of matches found 121546 and it took: 135748ms
query [25526]: # of matches found 121941 and it took: 134599ms
query [25527]: # of matches found 122211 and it took: 134722ms
query [25528]: # of matches found 122444 and it took: 135151ms
query [25529]: # of matches found 122463 and it took: 135797ms
query [25530]: # of matches found 123183 and it took: 133887ms
query [25531]: # of matches found 123187 and it took: 135019ms
query [25532]: # of matches found 123380 and it took: 134571ms
query [25533]: # of matches found 123252 and it took: 134837ms
query [25534]: # of matches found 122769 and it took: 134637ms
query [25535]: # of matches found 122301 and it took: 135046ms
query [25536]: # of matches found 122343 and it took: 134943ms
query [25537]: # of matches found 122528 and it took: 134435ms
query [25538]: # of matches found 122699 and it took: 135283ms
query [25539]: # of matches found 121785 and it took: 136019ms
query [25540]: # of matches found 123463 and it took: 133849ms
query [25541]: # of matches found 126112 and it took: 134680ms
query [25542]: # of matches found 125735 and it took: 134193ms
query [25543]: # of matches found 128348 and it took: 134187ms
query [25544]: # of matches found 129779 and it took: 133739ms
query [25545]: # of matches found 129643 and it took: 133961ms
query [25546]: # of matches found 129351 and it took: 134285ms
query [25547]: # of matches found 129101 and it took: 133799ms
query [25548]: # of matches found 128914 and it took: 134354ms
query [25549]: # of matches found 127198 and it took: 134932ms
query [25550]: # of matches found 122401 and it took: 132737ms
query [25551]: # of matches found 121861 and it took: 133665ms
query [25552]: # of matches found 121779 and it took: 134115ms
query [25553]: # of matches found 120681 and it took: 134219ms
query [25554]: # of matches found 119534 and it took: 133978ms
query [25555]: # of matches found 119276 and it took: 134181ms
query [25556]: # of matches found 118730 and it took: 133434ms
query [25557]: # of matches found 118761 and it took: 132710ms
query [25558]: # of matches found 118877 and it took: 132998ms
query [25559]: # of matches found 119023 and it took: 133323ms
query [25560]: # of matches found 119499 and it took: 131826ms
query [25561]: # of matches found 120104 and it took: 131204ms
query [25562]: # of matches found 121082 and it took: 131914ms
query [25563]: # of matches found 122580 and it took: 132280ms
query [25564]: # of matches found 123161 and it took: 131530ms
query [25565]: # of matches found 127725 and it took: 131850ms
query [25566]: # of matches found 128396 and it took: 131920ms
query [25567]: # of matches found 128127 and it took: 131462ms
query [25568]: # of matches found 128817 and it took: 132159ms
query [25569]: # of matches found 127794 and it took: 132618ms
query [25570]: # of matches found 127258 and it took: 131548ms
query [25571]: # of matches found 127027 and it took: 131015ms
query [25572]: # of matches found 125573 and it took: 132019ms
query [25573]: # of matches found 125371 and it took: 131929ms
query [25574]: # of matches found 126037 and it took: 131629ms
query [25575]: # of matches found 126402 and it took: 131274ms
query [25576]: # of matches found 118790 and it took: 131613ms
query [25577]: # of matches found 119128 and it took: 130982ms
query [25578]: # of matches found 118744 and it took: 131766ms
query [25579]: # of matches found 118770 and it took: 131836ms
query [25580]: # of matches found 118424 and it took: 130917ms
query [25581]: # of matches found 118198 and it took: 130326ms
query [25582]: # of matches found 117688 and it took: 131362ms
query [25583]: # of matches found 117472 and it took: 131372ms
query [25584]: # of matches found 117125 and it took: 131065ms
query [25585]: # of matches found 116604 and it took: 131095ms
query [25586]: # of matches found 116118 and it took: 131327ms
query [25587]: # of matches found 115283 and it took: 130706ms
query [25588]: # of matches found 114537 and it took: 131340ms
query [25589]: # of matches found 114122 and it took: 131234ms
query [25590]: # of matches found 114122 and it took: 130491ms
query [25591]: # of matches found 114386 and it took: 129401ms
query [25592]: # of matches found 113541 and it took: 130787ms
query [25593]: # of matches found 113355 and it took: 130395ms
query [25594]: # of matches found 113624 and it took: 129728ms
query [25595]: # of matches found 113299 and it took: 129962ms
query [25596]: # of matches found 113483 and it took: 130097ms
query [25597]: # of matches found 113992 and it took: 130147ms
query [25598]: # of matches found 114087 and it took: 129766ms
query [25599]: # of matches found 114376 and it took: 130469ms
query [25600]: # of matches found 114431 and it took: 130002ms
query [25601]: # of matches found 99983 and it took: 128885ms
query [25602]: # of matches found 100740 and it took: 130308ms
query [25603]: # of matches found 103228 and it took: 129822ms
query [25604]: # of matches found 103535 and it took: 129363ms
query [25605]: # of matches found 107463 and it took: 129566ms
query [25606]: # of matches found 108117 and it took: 129812ms
query [25607]: # of matches found 108798 and it took: 130427ms
query [25608]: # of matches found 109108 and it took: 129957ms
query [25609]: # of matches found 109349 and it took: 130557ms
query [25610]: # of matches found 109841 and it took: 129840ms
query [25611]: # of matches found 110571 and it took: 129346ms
query [25612]: # of matches found 111089 and it took: 131587ms
query [25613]: # of matches found 113039 and it took: 131016ms
query [25614]: # of matches found 113952 and it took: 130027ms
query [25615]: # of matches found 114401 and it took: 130034ms
query [25616]: # of matches found 114928 and it took: 130204ms
query [25617]: # of matches found 116147 and it took: 130453ms
query [25618]: # of matches found 117151 and it took: 130349ms
query [25619]: # of matches found 117184 and it took: 130082ms
query [25620]: # of matches found 116894 and it took: 130006ms
query [25621]: # of matches found 117206 and it took: 129554ms
query [25622]: # of matches found 116581 and it took: 131768ms
query [25623]: # of matches found 115742 and it took: 131130ms
query [25624]: # of matches found 116312 and it took: 130677ms
query [25625]: # of matches found 116345 and it took: 130532ms
query [25626]: # of matches found 116284 and it took: 130957ms
query [25627]: # of matches found 115951 and it took: 131146ms
query [25628]: # of matches found 116301 and it took: 131046ms
query [25629]: # of matches found 116746 and it took: 130637ms
query [25630]: # of matches found 118699 and it took: 130423ms
query [25631]: # of matches found 119280 and it took: 129843ms
query [25632]: # of matches found 119935 and it took: 131630ms
query [25633]: # of matches found 123632 and it took: 130796ms
query [25634]: # of matches found 123818 and it took: 130207ms
query [25635]: # of matches found 123988 and it took: 130566ms
query [25636]: # of matches found 124108 and it took: 130764ms
query [25637]: # of matches found 124528 and it took: 130903ms
query [25638]: # of matches found 124769 and it took: 131134ms
query [25639]: # of matches found 123936 and it took: 130665ms
query [25640]: # of matches found 120907 and it took: 130680ms
query [25641]: # of matches found 120555 and it took: 130039ms
query [25642]: # of matches found 118437 and it took: 131865ms
query [25643]: # of matches found 115111 and it took: 131083ms
query [25644]: # of matches found 114559 and it took: 130797ms
query [25645]: # of matches found 113723 and it took: 131245ms
query [25646]: # of matches found 113235 and it took: 131786ms
query [25647]: # of matches found 112698 and it took: 131897ms
query [25648]: # of matches found 112143 and it took: 132006ms
query [25649]: # of matches found 111875 and it took: 131965ms
query [25650]: # of matches found 111462 and it took: 132116ms
query [25651]: # of matches found 111149 and it took: 131508ms
query [25652]: # of matches found 110811 and it took: 132886ms
query [25653]: # of matches found 109593 and it took: 131967ms
query [25654]: # of matches found 109790 and it took: 131462ms
query [25655]: # of matches found 109202 and it took: 131633ms
query [25656]: # of matches found 109212 and it took: 131667ms
query [25657]: # of matches found 109712 and it took: 131894ms
query [25658]: # of matches found 109390 and it took: 130963ms
query [25659]: # of matches found 108914 and it took: 130590ms
query [25660]: # of matches found 108889 and it took: 130394ms
query [25661]: # of matches found 109204 and it took: 130043ms
query [25662]: # of matches found 109290 and it took: 131648ms
query [25663]: # of matches found 109378 and it took: 130839ms
query [25664]: # of matches found 109350 and it took: 130744ms
query [25665]: # of matches found 109887 and it took: 131072ms
query [25666]: # of matches found 109788 and it took: 131032ms
query [25667]: # of matches found 109417 and it took: 132685ms
query [25668]: # of matches found 109490 and it took: 132530ms
query [25669]: # of matches found 110080 and it took: 132517ms
query [25670]: # of matches found 109725 and it took: 132637ms
query [25671]: # of matches found 109891 and it took: 131798ms
query [25672]: # of matches found 109873 and it took: 133526ms
query [25673]: # of matches found 109773 and it took: 132874ms
query [25674]: # of matches found 110121 and it took: 132743ms
query [25675]: # of matches found 110458 and it took: 133222ms
query [25676]: # of matches found 110393 and it took: 133989ms
query [25677]: # of matches found 111943 and it took: 134364ms
query [25678]: # of matches found 111927 and it took: 134093ms
query [25679]: # of matches found 111508 and it took: 134451ms
query [25680]: # of matches found 109786 and it took: 134863ms
query [25681]: # of matches found 108321 and it took: 134928ms
query [25682]: # of matches found 108222 and it took: 135004ms
query [25683]: # of matches found 105827 and it took: 134302ms
query [25684]: # of matches found 107223 and it took: 134118ms
query [25685]: # of matches found 108222 and it took: 134363ms
query [25686]: # of matches found 110803 and it took: 134833ms
query [25687]: # of matches found 112279 and it took: 135435ms
query [25688]: # of matches found 112974 and it took: 134368ms
query [25689]: # of matches found 112995 and it took: 135174ms
query [25690]: # of matches found 113306 and it took: 134830ms
query [25691]: # of matches found 113253 and it took: 135202ms
query [25692]: # of matches found 112847 and it took: 135834ms
query [25693]: # of matches found 114568 and it took: 134691ms
query [25694]: # of matches found 114331 and it took: 134788ms
query [25695]: # of matches found 114087 and it took: 134862ms
query [25696]: # of matches found 113920 and it took: 135577ms
query [25697]: # of matches found 113887 and it took: 136613ms
query [25698]: # of matches found 113726 and it took: 136348ms
query [25699]: # of matches found 113453 and it took: 137083ms
query [25700]: # of matches found 113224 and it took: 137167ms
query [25701]: # of matches found 112789 and it took: 137651ms
query [25702]: # of matches found 112574 and it took: 138539ms
query [25703]: # of matches found 110487 and it took: 137646ms
query [25704]: # of matches found 109935 and it took: 138186ms
query [25705]: # of matches found 109756 and it took: 138329ms
query [25706]: # of matches found 105222 and it took: 139193ms
query [25707]: # of matches found 104588 and it took: 139223ms
query [25708]: # of matches found 107201 and it took: 138997ms
query [25709]: # of matches found 105803 and it took: 139081ms
query [25710]: # of matches found 105451 and it took: 139216ms
query [25711]: # of matches found 105376 and it took: 140093ms
query [25712]: # of matches found 104964 and it took: 140653ms
query [25713]: # of matches found 104576 and it took: 139590ms
query [25714]: # of matches found 103011 and it took: 140197ms
query [25715]: # of matches found 102479 and it took: 139908ms
query [25716]: # of matches found 102540 and it took: 140425ms
query [25717]: # of matches found 102414 and it took: 140638ms
query [25718]: # of matches found 102219 and it took: 140393ms
query [25719]: # of matches found 102165 and it took: 141117ms
query [25720]: # of matches found 102336 and it took: 140403ms
query [25721]: # of matches found 102270 and it took: 141401ms
query [25722]: # of matches found 102224 and it took: 141533ms
query [25723]: # of matches found 102315 and it took: 139388ms
query [25724]: # of matches found 102293 and it took: 140222ms
query [25725]: # of matches found 102268 and it took: 139866ms
query [25726]: # of matches found 101671 and it took: 140154ms
query [25727]: # of matches found 101207 and it took: 140240ms
query [25728]: # of matches found 101257 and it took: 140033ms
query [25729]: # of matches found 101200 and it took: 140422ms
query [25730]: # of matches found 101122 and it took: 140129ms
query [25731]: # of matches found 100575 and it took: 140971ms
query [25732]: # of matches found 100196 and it took: 141097ms
query [25733]: # of matches found 100127 and it took: 140204ms
query [25734]: # of matches found 99730 and it took: 140844ms
query [25735]: # of matches found 99835 and it took: 140504ms
query [25736]: # of matches found 100060 and it took: 141150ms
query [25737]: # of matches found 99830 and it took: 141012ms
query [25738]: # of matches found 101171 and it took: 140507ms
query [25739]: # of matches found 102089 and it took: 140725ms
query [25740]: # of matches found 105545 and it took: 140707ms
query [25741]: # of matches found 107763 and it took: 141620ms
query [25742]: # of matches found 107787 and it took: 141690ms
query [25743]: # of matches found 108431 and it took: 140459ms
query [25744]: # of matches found 109761 and it took: 141401ms
query [25745]: # of matches found 106845 and it took: 140871ms
query [25746]: # of matches found 106188 and it took: 141114ms
query [25747]: # of matches found 106098 and it took: 141413ms
query [25748]: # of matches found 105885 and it took: 140729ms
query [25749]: # of matches found 105712 and it took: 140841ms
query [25750]: # of matches found 105889 and it took: 140620ms
query [25751]: # of matches found 105661 and it took: 140849ms
query [25752]: # of matches found 105635 and it took: 140888ms
query [25753]: # of matches found 104467 and it took: 139879ms
query [25754]: # of matches found 103292 and it took: 139979ms
query [25755]: # of matches found 102313 and it took: 140016ms
query [25756]: # of matches found 101151 and it took: 140489ms
query [25757]: # of matches found 100633 and it took: 141385ms
query [25758]: # of matches found 99189 and it took: 140450ms
query [25759]: # of matches found 98925 and it took: 140251ms
query [25760]: # of matches found 99405 and it took: 140404ms
query [25761]: # of matches found 100361 and it took: 140738ms
query [25762]: # of matches found 100373 and it took: 141156ms
query [25763]: # of matches found 100569 and it took: 140342ms
query [25764]: # of matches found 100373 and it took: 141849ms
query [25765]: # of matches found 100532 and it took: 140686ms
query [25766]: # of matches found 100776 and it took: 140768ms
query [25767]: # of matches found 100720 and it took: 141425ms
query [25768]: # of matches found 101006 and it took: 142126ms
query [25769]: # of matches found 100353 and it took: 141683ms
query [25770]: # of matches found 99784 and it took: 141815ms
query [25771]: # of matches found 99875 and it took: 142042ms
query [25772]: # of matches found 99283 and it took: 142776ms
query [25773]: # of matches found 94755 and it took: 141790ms
query [25774]: # of matches found 94176 and it took: 143278ms
query [25775]: # of matches found 94091 and it took: 142333ms
query [25776]: # of matches found 94054 and it took: 142798ms
query [25777]: # of matches found 93415 and it took: 142871ms
query [25778]: # of matches found 92677 and it took: 143172ms
query [25779]: # of matches found 92438 and it took: 141995ms
query [25780]: # of matches found 91946 and it took: 143167ms
query [25781]: # of matches found 91196 and it took: 142418ms
query [25782]: # of matches found 90954 and it took: 143014ms
query [25783]: # of matches found 91009 and it took: 142385ms
query [25784]: # of matches found 91220 and it took: 143388ms
query [25785]: # of matches found 91526 and it took: 143265ms
query [25786]: # of matches found 91359 and it took: 143019ms
query [25787]: # of matches found 92312 and it took: 143846ms
query [25788]: # of matches found 95608 and it took: 143761ms
query [25789]: # of matches found 95935 and it took: 143135ms
query [25790]: # of matches found 95942 and it took: 144883ms
query [25791]: # of matches found 96065 and it took: 143786ms
query [25792]: # of matches found 96004 and it took: 146084ms
query [25793]: # of matches found 95614 and it took: 145708ms
query [25794]: # of matches found 95334 and it took: 145758ms
query [25795]: # of matches found 95246 and it took: 145822ms
query [25796]: # of matches found 94893 and it took: 145749ms
query [25797]: # of matches found 94501 and it took: 145840ms
query [25798]: # of matches found 94610 and it took: 146659ms
query [25799]: # of matches found 94422 and it took: 145996ms
query [25800]: # of matches found 94322 and it took: 147570ms
query [25801]: # of matches found 94009 and it took: 146512ms
query [25802]: # of matches found 94047 and it took: 148384ms
query [25803]: # of matches found 94088 and it took: 147709ms
query [25804]: # of matches found 93983 and it took: 148815ms
query [25805]: # of matches found 93768 and it took: 148283ms
query [25806]: # of matches found 93920 and it took: 147977ms
query [25807]: # of matches found 93878 and it took: 148058ms
query [25808]: # of matches found 93622 and it took: 148308ms
query [25809]: # of matches found 93229 and it took: 147297ms
query [25810]: # of matches found 93041 and it took: 148377ms
query [25811]: # of matches found 92886 and it took: 146907ms
query [25812]: # of matches found 92679 and it took: 148424ms
query [25813]: # of matches found 92636 and it took: 147531ms
query [25814]: # of matches found 92249 and it took: 149254ms
query [25815]: # of matches found 92008 and it took: 149129ms
query [25816]: # of matches found 92445 and it took: 148485ms
query [25817]: # of matches found 91270 and it took: 149292ms
query [25818]: # of matches found 93931 and it took: 149524ms
query [25819]: # of matches found 94747 and it took: 149083ms
query [25820]: # of matches found 94744 and it took: 149718ms
query [25821]: # of matches found 95227 and it took: 148812ms
query [25822]: # of matches found 95135 and it took: 150299ms
query [25823]: # of matches found 95066 and it took: 148934ms
query [25824]: # of matches found 92874 and it took: 151183ms
query [25825]: # of matches found 92469 and it took: 150481ms
query [25826]: # of matches found 91783 and it took: 150052ms
query [25827]: # of matches found 87654 and it took: 150584ms
query [25828]: # of matches found 86368 and it took: 150229ms
query [25829]: # of matches found 85334 and it took: 149498ms
query [25830]: # of matches found 85490 and it took: 150105ms
query [25831]: # of matches found 85206 and it took: 149004ms
query [25832]: # of matches found 85213 and it took: 150467ms
query [25833]: # of matches found 83444 and it took: 148597ms
query [25834]: # of matches found 83562 and it took: 150681ms
query [25835]: # of matches found 83906 and it took: 149733ms
query [25836]: # of matches found 84369 and it took: 149357ms
query [25837]: # of matches found 84833 and it took: 148869ms
query [25838]: # of matches found 85084 and it took: 149339ms
query [25839]: # of matches found 85236 and it took: 148480ms
query [25840]: # of matches found 85553 and it took: 148548ms
query [25841]: # of matches found 85316 and it took: 147678ms
query [25842]: # of matches found 85095 and it took: 149047ms
query [25843]: # of matches found 85128 and it took: 147540ms
query [25844]: # of matches found 85284 and it took: 149975ms
query [25845]: # of matches found 84945 and it took: 148935ms
query [25846]: # of matches found 85230 and it took: 148909ms
query [25847]: # of matches found 87523 and it took: 149177ms
query [25848]: # of matches found 84653 and it took: 148555ms
query [25849]: # of matches found 84808 and it took: 147815ms
query [25850]: # of matches found 85130 and it took: 148101ms
query [25851]: # of matches found 86431 and it took: 146463ms
query [25852]: # of matches found 86907 and it took: 148068ms
query [25853]: # of matches found 86949 and it took: 147146ms
query [25854]: # of matches found 87060 and it took: 149274ms
query [25855]: # of matches found 87125 and it took: 147997ms
query [25856]: # of matches found 86970 and it took: 148211ms
query [25857]: # of matches found 86913 and it took: 148535ms
query [25858]: # of matches found 87383 and it took: 148406ms
query [25859]: # of matches found 88248 and it took: 148294ms
query [25860]: # of matches found 88115 and it took: 148038ms
query [25861]: # of matches found 88161 and it took: 147520ms
query [25862]: # of matches found 88360 and it took: 149459ms
query [25863]: # of matches found 88981 and it took: 148276ms
query [25864]: # of matches found 90837 and it took: 151334ms
query [25865]: # of matches found 90936 and it took: 149916ms
query [25866]: # of matches found 92151 and it took: 150214ms
query [25867]: # of matches found 92823 and it took: 150112ms
query [25868]: # of matches found 93416 and it took: 150009ms
query [25869]: # of matches found 93208 and it took: 149111ms
query [25870]: # of matches found 93224 and it took: 149561ms
query [25871]: # of matches found 93865 and it took: 149214ms
query [25872]: # of matches found 94046 and it took: 150916ms
query [25873]: # of matches found 94112 and it took: 149117ms
query [25874]: # of matches found 94316 and it took: 151269ms
query [25875]: # of matches found 94755 and it took: 150936ms
query [25876]: # of matches found 94536 and it took: 151401ms
query [25877]: # of matches found 94243 and it took: 151196ms
query [25878]: # of matches found 92824 and it took: 150370ms
query [25879]: # of matches found 92296 and it took: 150646ms
query [25880]: # of matches found 90273 and it took: 151118ms
query [25881]: # of matches found 86388 and it took: 150101ms
query [25882]: # of matches found 85400 and it took: 151526ms
query [25883]: # of matches found 82438 and it took: 150479ms
query [25884]: # of matches found 82029 and it took: 152061ms
query [25885]: # of matches found 80163 and it took: 151596ms
query [25886]: # of matches found 80339 and it took: 152245ms
query [25887]: # of matches found 79861 and it took: 151518ms
query [25888]: # of matches found 79762 and it took: 150755ms
query [25889]: # of matches found 79546 and it took: 151400ms
query [25890]: # of matches found 78812 and it took: 150967ms
query [25891]: # of matches found 78824 and it took: 150856ms
query [25892]: # of matches found 78406 and it took: 151636ms
query [25893]: # of matches found 77746 and it took: 149388ms
query [25894]: # of matches found 77672 and it took: 151188ms
query [25895]: # of matches found 76859 and it took: 150726ms
query [25896]: # of matches found 77016 and it took: 150777ms
query [25897]: # of matches found 76816 and it took: 150356ms
query [25898]: # of matches found 76790 and it took: 149367ms
query [25899]: # of matches found 76794 and it took: 149857ms
query [25900]: # of matches found 76476 and it took: 149698ms
query [25901]: # of matches found 75597 and it took: 149545ms
query [25902]: # of matches found 75111 and it took: 150194ms
query [25903]: # of matches found 74790 and it took: 148750ms
query [25904]: # of matches found 74317 and it took: 149946ms
query [25905]: # of matches found 74579 and it took: 150091ms
query [25906]: # of matches found 74263 and it took: 150249ms
query [25907]: # of matches found 74118 and it took: 149620ms
query [25908]: # of matches found 73739 and it took: 149192ms
query [25909]: # of matches found 73478 and it took: 150072ms
query [25910]: # of matches found 73371 and it took: 149101ms
query [25911]: # of matches found 72257 and it took: 149650ms
query [25912]: # of matches found 72240 and it took: 150453ms
query [25913]: # of matches found 72106 and it took: 149236ms
query [25914]: # of matches found 71987 and it took: 150163ms
query [25915]: # of matches found 71607 and it took: 150832ms
query [25916]: # of matches found 71592 and it took: 150322ms
query [25917]: # of matches found 71451 and it took: 149769ms
query [25918]: # of matches found 71772 and it took: 149645ms
query [25919]: # of matches found 72893 and it took: 150172ms
query [25920]: # of matches found 74700 and it took: 149814ms
query [25921]: # of matches found 75902 and it took: 150755ms
query [25922]: # of matches found 76240 and it took: 150671ms
query [25923]: # of matches found 76386 and it took: 149555ms
query [25924]: # of matches found 76657 and it took: 149648ms
query [25925]: # of matches found 75779 and it took: 149790ms
query [25926]: # of matches found 76060 and it took: 150233ms
query [25927]: # of matches found 75509 and it took: 150382ms
query [25928]: # of matches found 71933 and it took: 149198ms
query [25929]: # of matches found 71493 and it took: 149138ms
query [25930]: # of matches found 71310 and it took: 148764ms
query [25931]: # of matches found 71269 and it took: 148863ms
query [25932]: # of matches found 71407 and it took: 149443ms
query [25933]: # of matches found 71751 and it took: 148813ms
query [25934]: # of matches found 72008 and it took: 148252ms
query [25935]: # of matches found 73996 and it took: 148033ms
query [25936]: # of matches found 75857 and it took: 148134ms
query [25937]: # of matches found 77381 and it took: 148058ms
query [25938]: # of matches found 79629 and it took: 147975ms
query [25939]: # of matches found 83080 and it took: 148392ms
query [25940]: # of matches found 85263 and it took: 147480ms
query [25941]: # of matches found 85906 and it took: 147592ms
query [25942]: # of matches found 86989 and it took: 148473ms
query [25943]: # of matches found 87623 and it took: 148819ms
query [25944]: # of matches found 87699 and it took: 146825ms
query [25945]: # of matches found 88012 and it took: 147701ms
query [25946]: # of matches found 87869 and it took: 148139ms
query [25947]: # of matches found 87976 and it took: 147806ms
query [25948]: # of matches found 88615 and it took: 147897ms
query [25949]: # of matches found 89245 and it took: 148337ms
query [25950]: # of matches found 89985 and it took: 148463ms
query [25951]: # of matches found 90945 and it took: 148611ms
query [25952]: # of matches found 92097 and it took: 149061ms
query [25953]: # of matches found 92873 and it took: 149402ms
query [25954]: # of matches found 94090 and it took: 148076ms
query [25955]: # of matches found 96154 and it took: 148560ms
query [25956]: # of matches found 97405 and it took: 148453ms
query [25957]: # of matches found 98003 and it took: 147923ms
query [25958]: # of matches found 98546 and it took: 148252ms
query [25959]: # of matches found 96369 and it took: 149295ms
query [25960]: # of matches found 96398 and it took: 149934ms
query [25961]: # of matches found 95912 and it took: 149207ms
query [25962]: # of matches found 95542 and it took: 150250ms
query [25963]: # of matches found 95346 and it took: 150964ms
query [25964]: # of matches found 94338 and it took: 149766ms
query [25965]: # of matches found 100710 and it took: 150212ms
query [25966]: # of matches found 100312 and it took: 150467ms
query [25967]: # of matches found 100466 and it took: 150112ms
query [25968]: # of matches found 101697 and it took: 150563ms
query [25969]: # of matches found 101912 and it took: 151327ms
query [25970]: # of matches found 102530 and it took: 151910ms
query [25971]: # of matches found 103411 and it took: 150900ms
query [25972]: # of matches found 104341 and it took: 152543ms
query [25973]: # of matches found 104654 and it took: 152918ms
query [25974]: # of matches found 104866 and it took: 151347ms
query [25975]: # of matches found 104503 and it took: 151793ms
query [25976]: # of matches found 104381 and it took: 152095ms
query [25977]: # of matches found 104040 and it took: 151714ms
query [25978]: # of matches found 103949 and it took: 151984ms
query [25979]: # of matches found 104311 and it took: 152450ms
query [25980]: # of matches found 104439 and it took: 153814ms
query [25981]: # of matches found 104577 and it took: 152632ms
query [25982]: # of matches found 104804 and it took: 154474ms
query [25983]: # of matches found 105820 and it took: 154614ms
query [25984]: # of matches found 106025 and it took: 152130ms
query [25985]: # of matches found 106060 and it took: 151843ms
query [25986]: # of matches found 106155 and it took: 151872ms
query [25987]: # of matches found 104502 and it took: 151761ms
query [25988]: # of matches found 104754 and it took: 152010ms
query [25989]: # of matches found 105152 and it took: 151523ms
query [25990]: # of matches found 104887 and it took: 152452ms
query [25991]: # of matches found 104822 and it took: 151271ms
query [25992]: # of matches found 103608 and it took: 153677ms
query [25993]: # of matches found 103437 and it took: 152465ms
query [25994]: # of matches found 103364 and it took: 150966ms
query [25995]: # of matches found 103290 and it took: 150904ms
query [25996]: # of matches found 103018 and it took: 151307ms
query [25997]: # of matches found 102945 and it took: 151177ms
query [25998]: # of matches found 102359 and it took: 151271ms
query [25999]: # of matches found 101411 and it took: 151426ms
PARMIK's matches per query up to q (1000) => [average: 100869, median: 100301, sum: 100869670]
Starting alignment for all queries [rev]...
queryBaseIndex: 25000
query [25000]: # of matches found 159381 and it took: 142140ms
query [25001]: # of matches found 159539 and it took: 142381ms
query [25002]: # of matches found 159232 and it took: 141112ms
query [25003]: # of matches found 159394 and it took: 142598ms
query [25004]: # of matches found 158611 and it took: 141599ms
query [25005]: # of matches found 157305 and it took: 141574ms
query [25006]: # of matches found 157069 and it took: 143523ms
query [25007]: # of matches found 156276 and it took: 142112ms
query [25008]: # of matches found 155821 and it took: 142564ms
query [25009]: # of matches found 156250 and it took: 143608ms
query [25010]: # of matches found 156065 and it took: 144910ms
query [25011]: # of matches found 156125 and it took: 144802ms
query [25012]: # of matches found 156210 and it took: 143794ms
query [25013]: # of matches found 156143 and it took: 145611ms
query [25014]: # of matches found 155527 and it took: 144747ms
query [25015]: # of matches found 155928 and it took: 145121ms
query [25016]: # of matches found 157031 and it took: 146430ms
query [25017]: # of matches found 161875 and it took: 145086ms
query [25018]: # of matches found 162123 and it took: 145709ms
query [25019]: # of matches found 161298 and it took: 146807ms
query [25020]: # of matches found 158742 and it took: 147851ms
query [25021]: # of matches found 157079 and it took: 148028ms
query [25022]: # of matches found 153063 and it took: 146482ms
query [25023]: # of matches found 152787 and it took: 147677ms
query [25024]: # of matches found 153193 and it took: 146996ms
query [25025]: # of matches found 152867 and it took: 147554ms
query [25026]: # of matches found 152332 and it took: 148795ms
query [25027]: # of matches found 152287 and it took: 147355ms
query [25028]: # of matches found 152343 and it took: 147303ms
query [25029]: # of matches found 152506 and it took: 147985ms
query [25030]: # of matches found 153005 and it took: 149236ms
query [25031]: # of matches found 154629 and it took: 149088ms
query [25032]: # of matches found 153286 and it took: 147686ms
query [25033]: # of matches found 153144 and it took: 148245ms
query [25034]: # of matches found 152449 and it took: 147748ms
query [25035]: # of matches found 152895 and it took: 147843ms
query [25036]: # of matches found 152631 and it took: 148910ms
query [25037]: # of matches found 152050 and it took: 147626ms
query [25038]: # of matches found 151711 and it took: 147398ms
query [25039]: # of matches found 150900 and it took: 148867ms
query [25040]: # of matches found 150495 and it took: 149360ms
query [25041]: # of matches found 149852 and it took: 149121ms
query [25042]: # of matches found 149705 and it took: 147767ms
query [25043]: # of matches found 149315 and it took: 148176ms
query [25044]: # of matches found 149372 and it took: 148200ms
query [25045]: # of matches found 150106 and it took: 147336ms
query [25046]: # of matches found 149731 and it took: 148710ms
query [25047]: # of matches found 147915 and it took: 147226ms
query [25048]: # of matches found 147897 and it took: 147093ms
query [25049]: # of matches found 147131 and it took: 148235ms
query [25050]: # of matches found 141331 and it took: 148351ms
query [25051]: # of matches found 140290 and it took: 148114ms
query [25052]: # of matches found 140330 and it took: 147035ms
query [25053]: # of matches found 139488 and it took: 146967ms
query [25054]: # of matches found 138269 and it took: 147132ms
query [25055]: # of matches found 138000 and it took: 146507ms
query [25056]: # of matches found 137781 and it took: 147427ms
query [25057]: # of matches found 137623 and it took: 145511ms
query [25058]: # of matches found 137651 and it took: 145420ms
query [25059]: # of matches found 137548 and it took: 146906ms
query [25060]: # of matches found 137537 and it took: 147203ms
query [25061]: # of matches found 137850 and it took: 147124ms
query [25062]: # of matches found 138293 and it took: 146388ms
query [25063]: # of matches found 138117 and it took: 145941ms
query [25064]: # of matches found 137685 and it took: 145994ms
query [25065]: # of matches found 137660 and it took: 145707ms
query [25066]: # of matches found 137464 and it took: 147139ms
query [25067]: # of matches found 137083 and it took: 144800ms
query [25068]: # of matches found 136879 and it took: 144724ms
query [25069]: # of matches found 136844 and it took: 146084ms
query [25070]: # of matches found 136657 and it took: 146023ms
query [25071]: # of matches found 136138 and it took: 146424ms
query [25072]: # of matches found 135739 and it took: 145656ms
query [25073]: # of matches found 135690 and it took: 144997ms
query [25074]: # of matches found 135869 and it took: 144973ms
query [25075]: # of matches found 135899 and it took: 144696ms
query [25076]: # of matches found 135668 and it took: 145742ms
query [25077]: # of matches found 134222 and it took: 144044ms
query [25078]: # of matches found 134642 and it took: 143842ms
query [25079]: # of matches found 134917 and it took: 144926ms
query [25080]: # of matches found 134437 and it took: 145104ms
query [25081]: # of matches found 133809 and it took: 144734ms
query [25082]: # of matches found 132759 and it took: 144341ms
query [25083]: # of matches found 132393 and it took: 143084ms
query [25084]: # of matches found 131656 and it took: 143174ms
query [25085]: # of matches found 130543 and it took: 143082ms
query [25086]: # of matches found 130656 and it took: 143960ms
query [25087]: # of matches found 130808 and it took: 142685ms
query [25088]: # of matches found 130995 and it took: 142220ms
query [25089]: # of matches found 130350 and it took: 144176ms
query [25090]: # of matches found 128897 and it took: 143562ms
query [25091]: # of matches found 128779 and it took: 144074ms
query [25092]: # of matches found 128553 and it took: 143483ms
query [25093]: # of matches found 128045 and it took: 143196ms
query [25094]: # of matches found 126383 and it took: 144031ms
query [25095]: # of matches found 124096 and it took: 144443ms
query [25096]: # of matches found 123009 and it took: 145676ms
query [25097]: # of matches found 121846 and it took: 144534ms
query [25098]: # of matches found 120173 and it took: 144276ms
query [25099]: # of matches found 94631 and it took: 146857ms
query [25100]: # of matches found 92827 and it took: 145532ms
query [25101]: # of matches found 89729 and it took: 147476ms
query [25102]: # of matches found 87639 and it took: 146573ms
query [25103]: # of matches found 85200 and it took: 145557ms
query [25104]: # of matches found 82770 and it took: 146334ms
query [25105]: # of matches found 83115 and it took: 147006ms
query [25106]: # of matches found 95263 and it took: 148343ms
query [25107]: # of matches found 95790 and it took: 146146ms
query [25108]: # of matches found 95978 and it took: 146691ms
query [25109]: # of matches found 95996 and it took: 148477ms
query [25110]: # of matches found 96150 and it took: 146460ms
query [25111]: # of matches found 96812 and it took: 147778ms
query [25112]: # of matches found 96718 and it took: 148296ms
query [25113]: # of matches found 96789 and it took: 147425ms
query [25114]: # of matches found 96899 and it took: 149005ms
query [25115]: # of matches found 97383 and it took: 148818ms
query [25116]: # of matches found 97670 and it took: 149451ms
query [25117]: # of matches found 96528 and it took: 148144ms
query [25118]: # of matches found 96549 and it took: 148033ms
query [25119]: # of matches found 96664 and it took: 150024ms
query [25120]: # of matches found 97004 and it took: 147334ms
query [25121]: # of matches found 97124 and it took: 148781ms
query [25122]: # of matches found 97213 and it took: 149946ms
query [25123]: # of matches found 97499 and it took: 148090ms
query [25124]: # of matches found 97154 and it took: 149685ms
query [25125]: # of matches found 97025 and it took: 149127ms
query [25126]: # of matches found 97032 and it took: 149830ms
query [25127]: # of matches found 96730 and it took: 149549ms
query [25128]: # of matches found 96323 and it took: 149241ms
query [25129]: # of matches found 96014 and it took: 151499ms
query [25130]: # of matches found 95883 and it took: 150037ms
query [25131]: # of matches found 95587 and it took: 151266ms
query [25132]: # of matches found 94922 and it took: 152660ms
query [25133]: # of matches found 92344 and it took: 150102ms
query [25134]: # of matches found 91471 and it took: 151261ms
query [25135]: # of matches found 91511 and it took: 151359ms
query [25136]: # of matches found 90492 and it took: 151984ms
query [25137]: # of matches found 88641 and it took: 151769ms
query [25138]: # of matches found 87370 and it took: 150903ms
query [25139]: # of matches found 86797 and it took: 153167ms
query [25140]: # of matches found 87021 and it took: 150272ms
query [25141]: # of matches found 87553 and it took: 152150ms
query [25142]: # of matches found 87576 and it took: 152571ms
query [25143]: # of matches found 87276 and it took: 150799ms
query [25144]: # of matches found 87223 and it took: 152033ms
query [25145]: # of matches found 86959 and it took: 152141ms
query [25146]: # of matches found 87022 and it took: 151975ms
query [25147]: # of matches found 87072 and it took: 150640ms
query [25148]: # of matches found 87140 and it took: 150032ms
query [25149]: # of matches found 86314 and it took: 152100ms
query [25150]: # of matches found 86168 and it took: 149280ms
query [25151]: # of matches found 86322 and it took: 150928ms
query [25152]: # of matches found 86447 and it took: 150532ms
query [25153]: # of matches found 86430 and it took: 149005ms
query [25154]: # of matches found 86737 and it took: 149954ms
query [25155]: # of matches found 86848 and it took: 149751ms
query [25156]: # of matches found 85140 and it took: 148815ms
query [25157]: # of matches found 79445 and it took: 147619ms
query [25158]: # of matches found 79056 and it took: 147478ms
query [25159]: # of matches found 79698 and it took: 149042ms
query [25160]: # of matches found 80120 and it took: 146732ms
query [25161]: # of matches found 80570 and it took: 148313ms
query [25162]: # of matches found 80927 and it took: 148263ms
query [25163]: # of matches found 81008 and it took: 146996ms
query [25164]: # of matches found 79967 and it took: 147266ms
query [25165]: # of matches found 78760 and it took: 147359ms
query [25166]: # of matches found 78339 and it took: 146427ms
query [25167]: # of matches found 78017 and it took: 146113ms
query [25168]: # of matches found 77908 and it took: 145620ms
query [25169]: # of matches found 78257 and it took: 146737ms
query [25170]: # of matches found 78223 and it took: 145048ms
query [25171]: # of matches found 76488 and it took: 147310ms
query [25172]: # of matches found 76471 and it took: 147490ms
query [25173]: # of matches found 76668 and it took: 146447ms
query [25174]: # of matches found 78235 and it took: 146300ms
query [25175]: # of matches found 79308 and it took: 145865ms
query [25176]: # of matches found 80297 and it took: 145272ms
query [25177]: # of matches found 80464 and it took: 145372ms
query [25178]: # of matches found 81918 and it took: 144701ms
query [25179]: # of matches found 82414 and it took: 145453ms
query [25180]: # of matches found 82750 and it took: 144446ms
query [25181]: # of matches found 83191 and it took: 146735ms
query [25182]: # of matches found 83288 and it took: 146916ms
query [25183]: # of matches found 83001 and it took: 145395ms
query [25184]: # of matches found 85405 and it took: 145560ms
query [25185]: # of matches found 86571 and it took: 145954ms
query [25186]: # of matches found 86910 and it took: 145345ms
query [25187]: # of matches found 87081 and it took: 145861ms
query [25188]: # of matches found 88208 and it took: 144819ms
query [25189]: # of matches found 89064 and it took: 146239ms
