Starting the job at Sun Aug 18 09:34:57 PM EDT 2024
no kmerRangesFileAddressArg!
no baselineBaseAddress!
no otherToolArg!
**********************CONFIGURATIONS*****************************
PARMIK mode:                  3
readDatabaseAddress:          /p/lava/parmik/partialMatcherProject/datasets/metagenomicDB/SRR14381422/SRR14381422_reads
readFileName:                 SRR14381422_reads
queryFileAddress:             /p/lava/parmik/partialMatcherProject/datasets/queryFiles/covidQueryFiles/NC_045512_chunks/NC_045512_queries_16000-16999
queryFileName:                NC_045512_queries_16000-16999
otherToolOutputFileAddress:   /u/rgq5aw/GIT/PARMIK/partialMatcherProject/tools/blast/SRR14381422/NC_045512/blastn_ws30_results.out
outputDir:                    /p/lava/parmik/partialMatcherProject/tools/baseline_ssw/SRR14381422/NC_045512
penaltyFileAddress:           /u/rgq5aw/GIT/PARMIK/experiments/parmik/CK_SSW_ID_PRCNTG/PenaltySets/2484_1111_2444_2288_2848
kmerRangesFileAddress:        
readsCount:                   17000000
queryCount:                   30000
kmerLength:                   11
regionSize:                   48
cheapKmerThreshold:           0
percentageIdentity:           0.85
minExactMatchLen:             0
numThreads:                   1
isSecondChanceOff:            F
minNumExactMatchKmer:         0
isIndexOffline:               1
offlineIndexAddress:          /p/lava/parmik/partialMatcherProject/tools/parmik/CK_INDEX/SRR14381422/
baselineBaseAddress:          
max editDistance in min region: 2
otherTool:                    
**********************CONFIGURATIONS*****************************
--------------Penalties--------------
m: 2, s: 4, go: 8, ge: 4
m: 1, s: 1, go: 1, ge: 1
m: 2, s: 4, go: 4, ge: 4
m: 2, s: 2, go: 8, ge: 8
m: 2, s: 8, go: 4, ge: 8
------------------------------------
experiment dir: /p/lava/parmik/partialMatcherProject/tools/baseline_ssw/SRR14381422/NC_045512/IKT0_K11_PI85_M0_T1_SC1_P_2484_1111_2444_2288_2848
Directory already exists or could not be created: /p/lava/parmik/partialMatcherProject/tools/baseline_ssw/SRR14381422/NC_045512/IKT0_K11_PI85_M0_T1_SC1_P_2484_1111_2444_2288_2848
numberOfReadsWithN : 0
queryCount : 1000
numberOfReadsWithN : 0
readCount : 17000000
offlineCheapIndexAddress: /p/lava/parmik/partialMatcherProject/tools/parmik/CK_INDEX/SRR14381422/ck_T0_K11_r17000000
offlineExpensiveIndexAddress: /p/lava/parmik/partialMatcherProject/tools/parmik/CK_INDEX/SRR14381422/ek_T0_K11_r17000000
pmrkAlignmentsAddress: /p/lava/parmik/partialMatcherProject/tools/baseline_ssw/SRR14381422/NC_045512/IKT0_K11_PI85_M0_T1_SC1_P_2484_1111_2444_2288_2848/parmikAln.txt
Starting alignment for all queries [fwd]...
queryBaseIndex: 16000
query [16000]: # of matches found 69326 and it took: 82210.5ms
query [16001]: # of matches found 68499 and it took: 83047.3ms
query [16002]: # of matches found 68663 and it took: 81807.9ms
query [16003]: # of matches found 69703 and it took: 82463.5ms
query [16004]: # of matches found 69651 and it took: 82257.5ms
query [16005]: # of matches found 70064 and it took: 82753.5ms
query [16006]: # of matches found 70271 and it took: 83234.7ms
query [16007]: # of matches found 70663 and it took: 82214ms
query [16008]: # of matches found 72334 and it took: 82770.2ms
query [16009]: # of matches found 72424 and it took: 82503.6ms
query [16010]: # of matches found 72592 and it took: 81968.1ms
query [16011]: # of matches found 72816 and it took: 82359ms
query [16012]: # of matches found 72976 and it took: 81770.5ms
query [16013]: # of matches found 76995 and it took: 82616.1ms
query [16014]: # of matches found 76826 and it took: 81785.3ms
query [16015]: # of matches found 76735 and it took: 81617.6ms
query [16016]: # of matches found 76788 and it took: 81836.1ms
query [16017]: # of matches found 76879 and it took: 81966.1ms
query [16018]: # of matches found 76747 and it took: 82533.9ms
query [16019]: # of matches found 76700 and it took: 82691ms
query [16020]: # of matches found 76424 and it took: 82604.2ms
query [16021]: # of matches found 76082 and it took: 81753.1ms
query [16022]: # of matches found 75567 and it took: 82283.1ms
query [16023]: # of matches found 74523 and it took: 81989.8ms
query [16024]: # of matches found 74140 and it took: 81674.4ms
query [16025]: # of matches found 73682 and it took: 82016.4ms
query [16026]: # of matches found 73271 and it took: 81533.4ms
query [16027]: # of matches found 74018 and it took: 81568.1ms
query [16028]: # of matches found 73772 and it took: 81865.5ms
query [16029]: # of matches found 72904 and it took: 81697.7ms
query [16030]: # of matches found 73683 and it took: 81742.8ms
query [16031]: # of matches found 73989 and it took: 81828.8ms
query [16032]: # of matches found 74281 and it took: 81652.5ms
query [16033]: # of matches found 76652 and it took: 81816.1ms
query [16034]: # of matches found 77913 and it took: 81486ms
query [16035]: # of matches found 78303 and it took: 81834.3ms
query [16036]: # of matches found 81011 and it took: 81764.4ms
query [16037]: # of matches found 81118 and it took: 82046.7ms
query [16038]: # of matches found 81467 and it took: 82374.6ms
query [16039]: # of matches found 81382 and it took: 82161.2ms
query [16040]: # of matches found 81473 and it took: 82332.6ms
query [16041]: # of matches found 81999 and it took: 82381.5ms
query [16042]: # of matches found 81901 and it took: 82295ms
query [16043]: # of matches found 81188 and it took: 82696ms
query [16044]: # of matches found 81215 and it took: 82292.5ms
query [16045]: # of matches found 81670 and it took: 85473.8ms
query [16046]: # of matches found 81969 and it took: 82094.6ms
query [16047]: # of matches found 82102 and it took: 82181.4ms
query [16048]: # of matches found 82757 and it took: 82693.3ms
query [16049]: # of matches found 82846 and it took: 82401.7ms
query [16050]: # of matches found 83200 and it took: 82631ms
query [16051]: # of matches found 83252 and it took: 82901.7ms
query [16052]: # of matches found 83674 and it took: 82564.9ms
query [16053]: # of matches found 83779 and it took: 82475.7ms
query [16054]: # of matches found 83908 and it took: 83576.1ms
query [16055]: # of matches found 84551 and it took: 82892.7ms
query [16056]: # of matches found 84830 and it took: 82274.4ms
query [16057]: # of matches found 84857 and it took: 81992.4ms
query [16058]: # of matches found 85124 and it took: 81926ms
query [16059]: # of matches found 85348 and it took: 82357.8ms
query [16060]: # of matches found 84685 and it took: 82252.4ms
query [16061]: # of matches found 84326 and it took: 81629.9ms
query [16062]: # of matches found 84312 and it took: 81422ms
query [16063]: # of matches found 84245 and it took: 81533.6ms
query [16064]: # of matches found 84263 and it took: 81452.9ms
query [16065]: # of matches found 84209 and it took: 81604.1ms
query [16066]: # of matches found 85214 and it took: 81587.8ms
query [16067]: # of matches found 85447 and it took: 81152.5ms
query [16068]: # of matches found 85004 and it took: 81225.9ms
query [16069]: # of matches found 85074 and it took: 81398.8ms
query [16070]: # of matches found 84622 and it took: 81371.1ms
query [16071]: # of matches found 89544 and it took: 81845.8ms
query [16072]: # of matches found 89195 and it took: 81744ms
query [16073]: # of matches found 88748 and it took: 81680.7ms
query [16074]: # of matches found 88435 and it took: 81358.4ms
query [16075]: # of matches found 87732 and it took: 81320.3ms
query [16076]: # of matches found 87174 and it took: 81836.6ms
query [16077]: # of matches found 86710 and it took: 81409.7ms
query [16078]: # of matches found 84646 and it took: 81661.5ms
query [16079]: # of matches found 81311 and it took: 82204.2ms
query [16080]: # of matches found 80578 and it took: 84572.2ms
query [16081]: # of matches found 78755 and it took: 85006.3ms
query [16082]: # of matches found 74939 and it took: 83398.4ms
query [16083]: # of matches found 74697 and it took: 83529.8ms
query [16084]: # of matches found 74146 and it took: 82899.5ms
query [16085]: # of matches found 73880 and it took: 83152.1ms
query [16086]: # of matches found 73941 and it took: 83248.6ms
query [16087]: # of matches found 73231 and it took: 82762.1ms
query [16088]: # of matches found 72943 and it took: 82668ms
query [16089]: # of matches found 72245 and it took: 82942.1ms
query [16090]: # of matches found 71901 and it took: 83256.4ms
query [16091]: # of matches found 71590 and it took: 83691.9ms
query [16092]: # of matches found 72143 and it took: 83823.5ms
query [16093]: # of matches found 72360 and it took: 83876.7ms
query [16094]: # of matches found 73252 and it took: 83820.8ms
query [16095]: # of matches found 73033 and it took: 84034.7ms
query [16096]: # of matches found 73261 and it took: 84163.7ms
query [16097]: # of matches found 73399 and it took: 83672.3ms
query [16098]: # of matches found 73231 and it took: 83368.9ms
query [16099]: # of matches found 72814 and it took: 83791.3ms
query [16100]: # of matches found 72758 and it took: 83746.6ms
query [16101]: # of matches found 72826 and it took: 84013.1ms
query [16102]: # of matches found 72030 and it took: 84038.8ms
query [16103]: # of matches found 71653 and it took: 84167.7ms
query [16104]: # of matches found 71685 and it took: 83626ms
query [16105]: # of matches found 71163 and it took: 84738ms
query [16106]: # of matches found 70867 and it took: 83832.6ms
query [16107]: # of matches found 71617 and it took: 83340ms
query [16108]: # of matches found 75274 and it took: 82955.3ms
query [16109]: # of matches found 75847 and it took: 83314ms
query [16110]: # of matches found 75821 and it took: 82754.1ms
query [16111]: # of matches found 76277 and it took: 82816ms
query [16112]: # of matches found 76614 and it took: 82706.1ms
query [16113]: # of matches found 77161 and it took: 82719.8ms
query [16114]: # of matches found 77356 and it took: 82221.5ms
query [16115]: # of matches found 76773 and it took: 82248ms
query [16116]: # of matches found 75928 and it took: 82725.5ms
query [16117]: # of matches found 75960 and it took: 82533.4ms
query [16118]: # of matches found 76298 and it took: 81658.3ms
query [16119]: # of matches found 76151 and it took: 82137.9ms
query [16120]: # of matches found 76593 and it took: 81784.4ms
query [16121]: # of matches found 76320 and it took: 82797.4ms
query [16122]: # of matches found 76975 and it took: 82289.4ms
query [16123]: # of matches found 78409 and it took: 82539.2ms
query [16124]: # of matches found 79033 and it took: 82239.6ms
query [16125]: # of matches found 79537 and it took: 82011.8ms
query [16126]: # of matches found 79897 and it took: 82336.1ms
query [16127]: # of matches found 80170 and it took: 81917.8ms
query [16128]: # of matches found 80408 and it took: 81984.9ms
query [16129]: # of matches found 80440 and it took: 83316.7ms
query [16130]: # of matches found 81029 and it took: 82832.6ms
query [16131]: # of matches found 82324 and it took: 82700.6ms
query [16132]: # of matches found 82683 and it took: 82465.5ms
query [16133]: # of matches found 83039 and it took: 82628.2ms
query [16134]: # of matches found 82924 and it took: 82592.1ms
query [16135]: # of matches found 82874 and it took: 82821.9ms
query [16136]: # of matches found 83056 and it took: 82540.9ms
query [16137]: # of matches found 83141 and it took: 82459.7ms
query [16138]: # of matches found 83409 and it took: 82804.6ms
query [16139]: # of matches found 83491 and it took: 82673.7ms
query [16140]: # of matches found 83811 and it took: 82104.5ms
query [16141]: # of matches found 83926 and it took: 83076.7ms
query [16142]: # of matches found 83965 and it took: 82387.5ms
query [16143]: # of matches found 82917 and it took: 82474.1ms
query [16144]: # of matches found 82882 and it took: 82775.8ms
query [16145]: # of matches found 82787 and it took: 82181.8ms
query [16146]: # of matches found 82591 and it took: 82728.7ms
query [16147]: # of matches found 82167 and it took: 85562.6ms
query [16148]: # of matches found 80388 and it took: 83681ms
query [16149]: # of matches found 80462 and it took: 84103.5ms
query [16150]: # of matches found 80352 and it took: 84179.3ms
query [16151]: # of matches found 80097 and it took: 82851.4ms
query [16152]: # of matches found 80050 and it took: 82845.4ms
query [16153]: # of matches found 78752 and it took: 83440ms
query [16154]: # of matches found 78551 and it took: 82978.5ms
query [16155]: # of matches found 78324 and it took: 82598.1ms
query [16156]: # of matches found 78248 and it took: 83264.9ms
query [16157]: # of matches found 78047 and it took: 82821.6ms
query [16158]: # of matches found 78039 and it took: 83051.5ms
query [16159]: # of matches found 78267 and it took: 83277.3ms
query [16160]: # of matches found 79802 and it took: 82532.8ms
query [16161]: # of matches found 79572 and it took: 83040.1ms
query [16162]: # of matches found 79278 and it took: 82784.1ms
query [16163]: # of matches found 79571 and it took: 83431.5ms
query [16164]: # of matches found 79433 and it took: 83427ms
query [16165]: # of matches found 79764 and it took: 82476.1ms
query [16166]: # of matches found 79667 and it took: 83130.2ms
query [16167]: # of matches found 79110 and it took: 82287.8ms
query [16168]: # of matches found 78960 and it took: 82384.8ms
query [16169]: # of matches found 78876 and it took: 82290.3ms
query [16170]: # of matches found 78507 and it took: 83156.7ms
query [16171]: # of matches found 78573 and it took: 82326.8ms
query [16172]: # of matches found 80038 and it took: 81853.4ms
query [16173]: # of matches found 79700 and it took: 82313.4ms
query [16174]: # of matches found 77706 and it took: 82616.9ms
query [16175]: # of matches found 78118 and it took: 81725.5ms
query [16176]: # of matches found 76077 and it took: 82181.8ms
query [16177]: # of matches found 78218 and it took: 81782.4ms
query [16178]: # of matches found 79518 and it took: 82028.6ms
query [16179]: # of matches found 79824 and it took: 81902ms
query [16180]: # of matches found 79994 and it took: 82242ms
query [16181]: # of matches found 79580 and it took: 81667.2ms
query [16182]: # of matches found 79536 and it took: 83647.6ms
query [16183]: # of matches found 82708 and it took: 82881.8ms
query [16184]: # of matches found 83414 and it took: 82513.2ms
query [16185]: # of matches found 83002 and it took: 81533.3ms
query [16186]: # of matches found 82899 and it took: 82333.4ms
query [16187]: # of matches found 82471 and it took: 82007.3ms
query [16188]: # of matches found 81968 and it took: 81941.3ms
query [16189]: # of matches found 81725 and it took: 82729.4ms
query [16190]: # of matches found 81450 and it took: 82105.7ms
query [16191]: # of matches found 81241 and it took: 82601.4ms
query [16192]: # of matches found 81112 and it took: 81962.3ms
query [16193]: # of matches found 80762 and it took: 82623.3ms
query [16194]: # of matches found 80684 and it took: 82772.3ms
query [16195]: # of matches found 80001 and it took: 81998.4ms
query [16196]: # of matches found 79915 and it took: 82929.5ms
query [16197]: # of matches found 80193 and it took: 82429.1ms
query [16198]: # of matches found 81864 and it took: 82452.4ms
query [16199]: # of matches found 82903 and it took: 82926.7ms
query [16200]: # of matches found 85128 and it took: 82343.4ms
query [16201]: # of matches found 90890 and it took: 82322.9ms
query [16202]: # of matches found 93537 and it took: 81948ms
query [16203]: # of matches found 93901 and it took: 82267.2ms
query [16204]: # of matches found 94394 and it took: 82425.6ms
query [16205]: # of matches found 94795 and it took: 81634.5ms
query [16206]: # of matches found 93777 and it took: 82058.6ms
query [16207]: # of matches found 93771 and it took: 81322.8ms
query [16208]: # of matches found 93987 and it took: 81404.3ms
query [16209]: # of matches found 93790 and it took: 81839.7ms
query [16210]: # of matches found 94318 and it took: 81183.7ms
query [16211]: # of matches found 94368 and it took: 81069.9ms
query [16212]: # of matches found 89042 and it took: 80693.1ms
query [16213]: # of matches found 89162 and it took: 81126.8ms
query [16214]: # of matches found 89613 and it took: 81631.6ms
query [16215]: # of matches found 89479 and it took: 81092.8ms
query [16216]: # of matches found 89478 and it took: 81638.5ms
query [16217]: # of matches found 91769 and it took: 80940.3ms
query [16218]: # of matches found 91908 and it took: 81263.1ms
query [16219]: # of matches found 92136 and it took: 81774.6ms
query [16220]: # of matches found 92348 and it took: 81156.3ms
query [16221]: # of matches found 93248 and it took: 81155.7ms
query [16222]: # of matches found 93159 and it took: 80998.5ms
query [16223]: # of matches found 93040 and it took: 81321.4ms
query [16224]: # of matches found 93842 and it took: 81735.8ms
query [16225]: # of matches found 94491 and it took: 81069.2ms
query [16226]: # of matches found 94675 and it took: 81551.4ms
query [16227]: # of matches found 94615 and it took: 80719.6ms
query [16228]: # of matches found 94611 and it took: 80886.5ms
query [16229]: # of matches found 94457 and it took: 81209.4ms
query [16230]: # of matches found 94374 and it took: 81636.1ms
query [16231]: # of matches found 94233 and it took: 82130ms
query [16232]: # of matches found 93626 and it took: 80966.7ms
query [16233]: # of matches found 93136 and it took: 81348.7ms
query [16234]: # of matches found 92128 and it took: 81755.2ms
query [16235]: # of matches found 91898 and it took: 81427.9ms
query [16236]: # of matches found 92202 and it took: 81645.2ms
query [16237]: # of matches found 92268 and it took: 81581ms
query [16238]: # of matches found 93267 and it took: 81778.2ms
query [16239]: # of matches found 93650 and it took: 83057.7ms
query [16240]: # of matches found 93656 and it took: 82673ms
query [16241]: # of matches found 93474 and it took: 82003ms
query [16242]: # of matches found 93562 and it took: 82571.4ms
query [16243]: # of matches found 93589 and it took: 82775.2ms
query [16244]: # of matches found 93429 and it took: 83354.5ms
query [16245]: # of matches found 93374 and it took: 83251.9ms
query [16246]: # of matches found 93553 and it took: 83476ms
query [16247]: # of matches found 93145 and it took: 83231.5ms
query [16248]: # of matches found 89678 and it took: 83224.5ms
query [16249]: # of matches found 89436 and it took: 83583.3ms
query [16250]: # of matches found 93767 and it took: 84009.5ms
query [16251]: # of matches found 96038 and it took: 83400.1ms
query [16252]: # of matches found 96443 and it took: 83451.3ms
query [16253]: # of matches found 96495 and it took: 83699.9ms
query [16254]: # of matches found 96148 and it took: 83867.7ms
query [16255]: # of matches found 96121 and it took: 84190.7ms
query [16256]: # of matches found 95072 and it took: 84519.6ms
query [16257]: # of matches found 95015 and it took: 83289.9ms
query [16258]: # of matches found 94823 and it took: 83109ms
query [16259]: # of matches found 94857 and it took: 83683.8ms
query [16260]: # of matches found 94891 and it took: 83987.7ms
query [16261]: # of matches found 95803 and it took: 83260.2ms
query [16262]: # of matches found 95773 and it took: 83779.2ms
query [16263]: # of matches found 91189 and it took: 83675.1ms
query [16264]: # of matches found 90762 and it took: 83775.1ms
query [16265]: # of matches found 89942 and it took: 83412.4ms
query [16266]: # of matches found 89885 and it took: 83644.9ms
query [16267]: # of matches found 89429 and it took: 83528ms
query [16268]: # of matches found 89373 and it took: 83700.7ms
query [16269]: # of matches found 88880 and it took: 84065.2ms
query [16270]: # of matches found 88449 and it took: 84837.5ms
query [16271]: # of matches found 87700 and it took: 83996.6ms
query [16272]: # of matches found 87252 and it took: 83823.2ms
query [16273]: # of matches found 86925 and it took: 84147.6ms
query [16274]: # of matches found 86741 and it took: 84350.7ms
query [16275]: # of matches found 87045 and it took: 84098.3ms
query [16276]: # of matches found 86872 and it took: 84288.9ms
query [16277]: # of matches found 87807 and it took: 84998.9ms
query [16278]: # of matches found 87795 and it took: 84313ms
query [16279]: # of matches found 88264 and it took: 84637.4ms
query [16280]: # of matches found 88606 and it took: 85156.4ms
query [16281]: # of matches found 89051 and it took: 83868.9ms
query [16282]: # of matches found 88796 and it took: 84017.1ms
query [16283]: # of matches found 88975 and it took: 84729.6ms
query [16284]: # of matches found 89255 and it took: 84794.7ms
query [16285]: # of matches found 90073 and it took: 84094.9ms
query [16286]: # of matches found 89587 and it took: 83930.4ms
query [16287]: # of matches found 89497 and it took: 84121.1ms
query [16288]: # of matches found 89967 and it took: 84067.1ms
query [16289]: # of matches found 90437 and it took: 84159.7ms
query [16290]: # of matches found 90390 and it took: 84225.6ms
query [16291]: # of matches found 90546 and it took: 83268.4ms
query [16292]: # of matches found 90490 and it took: 83194.1ms
query [16293]: # of matches found 90557 and it took: 83604ms
query [16294]: # of matches found 90616 and it took: 83475.7ms
query [16295]: # of matches found 90625 and it took: 83289.3ms
query [16296]: # of matches found 91358 and it took: 83273.8ms
query [16297]: # of matches found 91832 and it took: 83593.1ms
query [16298]: # of matches found 92309 and it took: 83753.3ms
query [16299]: # of matches found 92413 and it took: 83597.7ms
query [16300]: # of matches found 92545 and it took: 84205.8ms
query [16301]: # of matches found 92901 and it took: 83259.4ms
query [16302]: # of matches found 91249 and it took: 83629.3ms
query [16303]: # of matches found 91431 and it took: 83750.7ms
query [16304]: # of matches found 91953 and it took: 83595.1ms
query [16305]: # of matches found 92276 and it took: 83789.9ms
query [16306]: # of matches found 92582 and it took: 85004.8ms
query [16307]: # of matches found 92444 and it took: 84318.5ms
query [16308]: # of matches found 93476 and it took: 84212.9ms
query [16309]: # of matches found 93532 and it took: 84151ms
query [16310]: # of matches found 93488 and it took: 84697.4ms
query [16311]: # of matches found 92601 and it took: 83635.2ms
query [16312]: # of matches found 92173 and it took: 83850.5ms
query [16313]: # of matches found 91460 and it took: 84527ms
query [16314]: # of matches found 90935 and it took: 83756.8ms
query [16315]: # of matches found 90023 and it took: 83718.9ms
query [16316]: # of matches found 89700 and it took: 83602.4ms
query [16317]: # of matches found 89196 and it took: 84112.1ms
query [16318]: # of matches found 87757 and it took: 83609.7ms
query [16319]: # of matches found 86497 and it took: 83370.2ms
query [16320]: # of matches found 86239 and it took: 83448.9ms
query [16321]: # of matches found 86745 and it took: 82427.6ms
query [16322]: # of matches found 87612 and it took: 82480ms
query [16323]: # of matches found 88131 and it took: 82370.9ms
query [16324]: # of matches found 87681 and it took: 81745.6ms
query [16325]: # of matches found 85900 and it took: 81607.2ms
query [16326]: # of matches found 86041 and it took: 81339.2ms
query [16327]: # of matches found 86498 and it took: 81782.2ms
query [16328]: # of matches found 86387 and it took: 81739.5ms
query [16329]: # of matches found 87422 and it took: 81559.6ms
query [16330]: # of matches found 87558 and it took: 81947ms
query [16331]: # of matches found 87293 and it took: 80939.8ms
query [16332]: # of matches found 87111 and it took: 80764ms
query [16333]: # of matches found 87910 and it took: 80979.5ms
query [16334]: # of matches found 88938 and it took: 80391ms
query [16335]: # of matches found 89958 and it took: 80086.7ms
query [16336]: # of matches found 90782 and it took: 80502.7ms
query [16337]: # of matches found 90822 and it took: 80768.6ms
query [16338]: # of matches found 91489 and it took: 80146ms
query [16339]: # of matches found 90636 and it took: 80482.1ms
query [16340]: # of matches found 88897 and it took: 80884.4ms
query [16341]: # of matches found 88186 and it took: 79933.7ms
query [16342]: # of matches found 83738 and it took: 79962.7ms
query [16343]: # of matches found 78646 and it took: 80459ms
query [16344]: # of matches found 78069 and it took: 79827.9ms
query [16345]: # of matches found 77676 and it took: 79647.7ms
query [16346]: # of matches found 77227 and it took: 80689.5ms
query [16347]: # of matches found 80111 and it took: 80789.8ms
query [16348]: # of matches found 80140 and it took: 79916.7ms
query [16349]: # of matches found 79793 and it took: 80520.2ms
query [16350]: # of matches found 80110 and it took: 81127ms
query [16351]: # of matches found 80621 and it took: 80225.5ms
query [16352]: # of matches found 80949 and it took: 80271.8ms
query [16353]: # of matches found 82332 and it took: 81043.2ms
query [16354]: # of matches found 82764 and it took: 80231ms
query [16355]: # of matches found 83011 and it took: 80181.2ms
query [16356]: # of matches found 83307 and it took: 80964.8ms
query [16357]: # of matches found 82928 and it took: 80951.3ms
query [16358]: # of matches found 85005 and it took: 80449.3ms
query [16359]: # of matches found 85491 and it took: 80742.2ms
query [16360]: # of matches found 86074 and it took: 81188.4ms
query [16361]: # of matches found 86589 and it took: 80304.1ms
query [16362]: # of matches found 87995 and it took: 80351.8ms
query [16363]: # of matches found 89766 and it took: 80466.2ms
query [16364]: # of matches found 89804 and it took: 79659.4ms
query [16365]: # of matches found 90205 and it took: 79580.6ms
query [16366]: # of matches found 90097 and it took: 80404.4ms
query [16367]: # of matches found 90612 and it took: 80419.2ms
query [16368]: # of matches found 93120 and it took: 79668.1ms
query [16369]: # of matches found 96020 and it took: 79977.2ms
query [16370]: # of matches found 97895 and it took: 80872.2ms
query [16371]: # of matches found 99388 and it took: 79226.2ms
query [16372]: # of matches found 102584 and it took: 78878.4ms
query [16373]: # of matches found 103838 and it took: 79476.3ms
query [16374]: # of matches found 105757 and it took: 78672.5ms
query [16375]: # of matches found 107290 and it took: 78430ms
query [16376]: # of matches found 107757 and it took: 79443ms
query [16377]: # of matches found 108280 and it took: 79269.2ms
query [16378]: # of matches found 109003 and it took: 78347.4ms
query [16379]: # of matches found 107790 and it took: 78784.1ms
query [16380]: # of matches found 107230 and it took: 79287ms
query [16381]: # of matches found 107206 and it took: 78189.2ms
query [16382]: # of matches found 106968 and it took: 78009.2ms
query [16383]: # of matches found 107043 and it took: 78308.1ms
query [16384]: # of matches found 107312 and it took: 77744.8ms
query [16385]: # of matches found 107393 and it took: 77639.5ms
query [16386]: # of matches found 107090 and it took: 78198.4ms
query [16387]: # of matches found 107027 and it took: 77658.8ms
query [16388]: # of matches found 106569 and it took: 76737.3ms
query [16389]: # of matches found 106259 and it took: 77468.7ms
query [16390]: # of matches found 101501 and it took: 77455.7ms
query [16391]: # of matches found 98800 and it took: 76683ms
query [16392]: # of matches found 97755 and it took: 77006.1ms
query [16393]: # of matches found 97116 and it took: 77027.6ms
query [16394]: # of matches found 96960 and it took: 76996.7ms
query [16395]: # of matches found 96865 and it took: 77091.1ms
query [16396]: # of matches found 96528 and it took: 78011.9ms
query [16397]: # of matches found 97136 and it took: 77278.7ms
query [16398]: # of matches found 97347 and it took: 76424.7ms
query [16399]: # of matches found 98118 and it took: 76813.3ms
query [16400]: # of matches found 98544 and it took: 77310.1ms
query [16401]: # of matches found 98024 and it took: 76527.9ms
query [16402]: # of matches found 97980 and it took: 76681.2ms
query [16403]: # of matches found 99880 and it took: 77100.4ms
query [16404]: # of matches found 100017 and it took: 76579ms
query [16405]: # of matches found 100058 and it took: 76797.2ms
query [16406]: # of matches found 99867 and it took: 76972.8ms
query [16407]: # of matches found 99789 and it took: 76871.5ms
query [16408]: # of matches found 100317 and it took: 75852ms
query [16409]: # of matches found 100108 and it took: 75984.6ms
query [16410]: # of matches found 100314 and it took: 76522.4ms
query [16411]: # of matches found 100138 and it took: 75871.5ms
query [16412]: # of matches found 100958 and it took: 75970.7ms
query [16413]: # of matches found 101281 and it took: 76220.4ms
query [16414]: # of matches found 102283 and it took: 75877.5ms
query [16415]: # of matches found 102228 and it took: 76012.8ms
query [16416]: # of matches found 103142 and it took: 76220.1ms
query [16417]: # of matches found 104237 and it took: 76294.3ms
query [16418]: # of matches found 103346 and it took: 75589.9ms
query [16419]: # of matches found 104150 and it took: 75935.3ms
query [16420]: # of matches found 104688 and it took: 76596.1ms
query [16421]: # of matches found 103492 and it took: 76017.8ms
query [16422]: # of matches found 103530 and it took: 76064.8ms
query [16423]: # of matches found 103508 and it took: 76574.9ms
query [16424]: # of matches found 103659 and it took: 76270.6ms
query [16425]: # of matches found 102837 and it took: 76342.4ms
query [16426]: # of matches found 102586 and it took: 76546.9ms
query [16427]: # of matches found 102719 and it took: 76532.4ms
query [16428]: # of matches found 102577 and it took: 76122.2ms
query [16429]: # of matches found 102113 and it took: 76156.4ms
query [16430]: # of matches found 102125 and it took: 76865.3ms
query [16431]: # of matches found 102067 and it took: 76231.2ms
query [16432]: # of matches found 102245 and it took: 76399.3ms
query [16433]: # of matches found 102367 and it took: 76704.8ms
query [16434]: # of matches found 102689 and it took: 76585.4ms
query [16435]: # of matches found 103481 and it took: 76676.6ms
query [16436]: # of matches found 102995 and it took: 76822.5ms
query [16437]: # of matches found 102716 and it took: 76760.4ms
query [16438]: # of matches found 102817 and it took: 76214.6ms
query [16439]: # of matches found 103313 and it took: 76100.8ms
query [16440]: # of matches found 105074 and it took: 76856.4ms
query [16441]: # of matches found 105561 and it took: 77297.5ms
query [16442]: # of matches found 105600 and it took: 76798.7ms
query [16443]: # of matches found 105679 and it took: 76333ms
query [16444]: # of matches found 106720 and it took: 76556.4ms
query [16445]: # of matches found 106175 and it took: 76993.7ms
query [16446]: # of matches found 105816 and it took: 76661.8ms
query [16447]: # of matches found 105518 and it took: 76802.3ms
query [16448]: # of matches found 104541 and it took: 76567.9ms
query [16449]: # of matches found 104427 and it took: 76767.5ms
query [16450]: # of matches found 104708 and it took: 77277ms
query [16451]: # of matches found 105046 and it took: 76696.1ms
query [16452]: # of matches found 105595 and it took: 76746ms
query [16453]: # of matches found 105759 and it took: 76593.1ms
query [16454]: # of matches found 105743 and it took: 76746.1ms
query [16455]: # of matches found 105890 and it took: 76967.5ms
query [16456]: # of matches found 106562 and it took: 76857.3ms
query [16457]: # of matches found 108035 and it took: 77090.6ms
query [16458]: # of matches found 108026 and it took: 76854.3ms
query [16459]: # of matches found 110808 and it took: 76691.3ms
query [16460]: # of matches found 110944 and it took: 77362.8ms
query [16461]: # of matches found 110687 and it took: 76975.8ms
query [16462]: # of matches found 109918 and it took: 77021.3ms
query [16463]: # of matches found 109746 and it took: 77871.4ms
query [16464]: # of matches found 109408 and it took: 77509.4ms
query [16465]: # of matches found 109653 and it took: 77669.9ms
query [16466]: # of matches found 109930 and it took: 77739.6ms
query [16467]: # of matches found 108555 and it took: 78049.3ms
query [16468]: # of matches found 108663 and it took: 77982.9ms
query [16469]: # of matches found 107793 and it took: 77881.5ms
query [16470]: # of matches found 107646 and it took: 78798.2ms
query [16471]: # of matches found 108014 and it took: 78654.3ms
query [16472]: # of matches found 107850 and it took: 78802.8ms
query [16473]: # of matches found 107774 and it took: 79562.7ms
query [16474]: # of matches found 107203 and it took: 80161.6ms
query [16475]: # of matches found 106256 and it took: 79428.3ms
query [16476]: # of matches found 109513 and it took: 80339.6ms
query [16477]: # of matches found 109227 and it took: 79759.9ms
query [16478]: # of matches found 109091 and it took: 79832.4ms
query [16479]: # of matches found 108805 and it took: 79577.8ms
query [16480]: # of matches found 108816 and it took: 80042.3ms
query [16481]: # of matches found 109347 and it took: 79877.3ms
query [16482]: # of matches found 109177 and it took: 79917.1ms
query [16483]: # of matches found 110380 and it took: 79847.9ms
query [16484]: # of matches found 110794 and it took: 79995.1ms
query [16485]: # of matches found 111399 and it took: 80226.5ms
query [16486]: # of matches found 111813 and it took: 80223.4ms
query [16487]: # of matches found 108774 and it took: 80532ms
query [16488]: # of matches found 108962 and it took: 80537.2ms
query [16489]: # of matches found 109401 and it took: 80340.7ms
query [16490]: # of matches found 109468 and it took: 80723.4ms
query [16491]: # of matches found 110002 and it took: 80608.6ms
query [16492]: # of matches found 111008 and it took: 80488.5ms
query [16493]: # of matches found 109667 and it took: 80344.4ms
query [16494]: # of matches found 110321 and it took: 81105.5ms
query [16495]: # of matches found 119567 and it took: 81227.1ms
query [16496]: # of matches found 121321 and it took: 81259.2ms
query [16497]: # of matches found 120815 and it took: 81484.2ms
query [16498]: # of matches found 118841 and it took: 81740.8ms
query [16499]: # of matches found 118581 and it took: 81499ms
query [16500]: # of matches found 118221 and it took: 82060.6ms
query [16501]: # of matches found 116297 and it took: 82083.1ms
query [16502]: # of matches found 123378 and it took: 82268.6ms
query [16503]: # of matches found 121694 and it took: 82116.7ms
query [16504]: # of matches found 120945 and it took: 82539.6ms
query [16505]: # of matches found 120030 and it took: 82550.2ms
query [16506]: # of matches found 120130 and it took: 82652.8ms
query [16507]: # of matches found 120689 and it took: 83119.7ms
query [16508]: # of matches found 118560 and it took: 83132.4ms
query [16509]: # of matches found 116642 and it took: 82875.7ms
query [16510]: # of matches found 114643 and it took: 83823.5ms
query [16511]: # of matches found 113824 and it took: 84853.9ms
query [16512]: # of matches found 110931 and it took: 84758.2ms
query [16513]: # of matches found 110403 and it took: 83967.7ms
query [16514]: # of matches found 108569 and it took: 84538.5ms
query [16515]: # of matches found 106964 and it took: 84481.3ms
query [16516]: # of matches found 106759 and it took: 84662ms
query [16517]: # of matches found 105974 and it took: 85049.9ms
query [16518]: # of matches found 105870 and it took: 85533.1ms
query [16519]: # of matches found 104973 and it took: 84478.8ms
query [16520]: # of matches found 105076 and it took: 85267.1ms
query [16521]: # of matches found 105544 and it took: 87013.3ms
query [16522]: # of matches found 105764 and it took: 85752.6ms
query [16523]: # of matches found 105763 and it took: 84746.4ms
query [16524]: # of matches found 106748 and it took: 85277.9ms
query [16525]: # of matches found 106672 and it took: 85826.9ms
query [16526]: # of matches found 107370 and it took: 85659.7ms
query [16527]: # of matches found 107426 and it took: 85297.3ms
query [16528]: # of matches found 107828 and it took: 85236.1ms
query [16529]: # of matches found 108047 and it took: 85001.7ms
query [16530]: # of matches found 108110 and it took: 85908.9ms
query [16531]: # of matches found 108460 and it took: 85355.9ms
query [16532]: # of matches found 108811 and it took: 85252.7ms
query [16533]: # of matches found 109139 and it took: 85361.8ms
query [16534]: # of matches found 109188 and it took: 85895.7ms
query [16535]: # of matches found 109100 and it took: 85172ms
query [16536]: # of matches found 109064 and it took: 85326.8ms
query [16537]: # of matches found 108754 and it took: 85329.3ms
query [16538]: # of matches found 108172 and it took: 85349.3ms
query [16539]: # of matches found 107681 and it took: 85531.3ms
query [16540]: # of matches found 107129 and it took: 86319.6ms
query [16541]: # of matches found 108436 and it took: 85476.4ms
query [16542]: # of matches found 108345 and it took: 86319.9ms
query [16543]: # of matches found 106696 and it took: 87344.7ms
query [16544]: # of matches found 106565 and it took: 86580.4ms
query [16545]: # of matches found 106539 and it took: 85029.7ms
query [16546]: # of matches found 107122 and it took: 85292.6ms
query [16547]: # of matches found 107555 and it took: 88183.6ms
query [16548]: # of matches found 106929 and it took: 85402.7ms
query [16549]: # of matches found 107004 and it took: 85144.4ms
query [16550]: # of matches found 106785 and it took: 85846.8ms
query [16551]: # of matches found 106410 and it took: 85309.1ms
query [16552]: # of matches found 105712 and it took: 85044.6ms
query [16553]: # of matches found 105277 and it took: 85291ms
query [16554]: # of matches found 104681 and it took: 85502.7ms
query [16555]: # of matches found 104920 and it took: 85696.4ms
query [16556]: # of matches found 104260 and it took: 87546.8ms
query [16557]: # of matches found 102909 and it took: 86456.9ms
query [16558]: # of matches found 102648 and it took: 86593.5ms
query [16559]: # of matches found 102506 and it took: 85562.5ms
query [16560]: # of matches found 102052 and it took: 86121.1ms
query [16561]: # of matches found 102240 and it took: 85834ms
query [16562]: # of matches found 102285 and it took: 85852.8ms
query [16563]: # of matches found 102372 and it took: 85559.1ms
query [16564]: # of matches found 102435 and it took: 85037ms
query [16565]: # of matches found 103267 and it took: 87244ms
query [16566]: # of matches found 103344 and it took: 84804.2ms
query [16567]: # of matches found 103343 and it took: 85081.3ms
query [16568]: # of matches found 103399 and it took: 84875ms
query [16569]: # of matches found 103963 and it took: 84646.5ms
query [16570]: # of matches found 103896 and it took: 85891.8ms
query [16571]: # of matches found 104155 and it took: 86326.1ms
query [16572]: # of matches found 104535 and it took: 84885.4ms
query [16573]: # of matches found 104685 and it took: 84871.5ms
query [16574]: # of matches found 104581 and it took: 85782.7ms
query [16575]: # of matches found 104022 and it took: 85181.6ms
query [16576]: # of matches found 103845 and it took: 85236.7ms
query [16577]: # of matches found 104012 and it took: 85198.1ms
query [16578]: # of matches found 104303 and it took: 85135.3ms
query [16579]: # of matches found 104310 and it took: 85129.8ms
query [16580]: # of matches found 105102 and it took: 86113.4ms
query [16581]: # of matches found 105374 and it took: 85639.4ms
query [16582]: # of matches found 104639 and it took: 86393.5ms
query [16583]: # of matches found 104940 and it took: 85285.9ms
query [16584]: # of matches found 103612 and it took: 85611.6ms
query [16585]: # of matches found 104108 and it took: 85439.5ms
query [16586]: # of matches found 104675 and it took: 85260.3ms
query [16587]: # of matches found 104616 and it took: 85526.5ms
query [16588]: # of matches found 104331 and it took: 84963.8ms
query [16589]: # of matches found 105071 and it took: 84885.3ms
query [16590]: # of matches found 105825 and it took: 85481.9ms
query [16591]: # of matches found 105672 and it took: 85072.5ms
query [16592]: # of matches found 104988 and it took: 85251.6ms
query [16593]: # of matches found 104527 and it took: 85085ms
query [16594]: # of matches found 104495 and it took: 85192.4ms
query [16595]: # of matches found 104552 and it took: 85205.3ms
query [16596]: # of matches found 104402 and it took: 84528.5ms
query [16597]: # of matches found 102491 and it took: 84813.8ms
query [16598]: # of matches found 103197 and it took: 84549ms
query [16599]: # of matches found 101294 and it took: 84216.3ms
query [16600]: # of matches found 101391 and it took: 84560.9ms
query [16601]: # of matches found 101460 and it took: 84143.9ms
query [16602]: # of matches found 101784 and it took: 83704.4ms
query [16603]: # of matches found 102116 and it took: 83781.6ms
query [16604]: # of matches found 102097 and it took: 84183.3ms
query [16605]: # of matches found 105218 and it took: 84095.4ms
query [16606]: # of matches found 104817 and it took: 83461.2ms
query [16607]: # of matches found 104939 and it took: 83899.5ms
query [16608]: # of matches found 104713 and it took: 83615.8ms
query [16609]: # of matches found 104633 and it took: 83898.5ms
query [16610]: # of matches found 104560 and it took: 83952.9ms
query [16611]: # of matches found 103858 and it took: 83546.1ms
query [16612]: # of matches found 103726 and it took: 82815.4ms
query [16613]: # of matches found 104418 and it took: 82923.1ms
query [16614]: # of matches found 105063 and it took: 83583.1ms
query [16615]: # of matches found 104942 and it took: 83284ms
query [16616]: # of matches found 104778 and it took: 82627.9ms
query [16617]: # of matches found 100674 and it took: 83042ms
query [16618]: # of matches found 100368 and it took: 82801.2ms
query [16619]: # of matches found 99762 and it took: 82589.4ms
query [16620]: # of matches found 99494 and it took: 82534.1ms
query [16621]: # of matches found 99367 and it took: 82357.6ms
query [16622]: # of matches found 98567 and it took: 81985.1ms
query [16623]: # of matches found 98218 and it took: 82307.7ms
query [16624]: # of matches found 97921 and it took: 82797.6ms
query [16625]: # of matches found 97147 and it took: 82261ms
query [16626]: # of matches found 95914 and it took: 81876.7ms
query [16627]: # of matches found 95442 and it took: 82300.6ms
query [16628]: # of matches found 95000 and it took: 82257.5ms
query [16629]: # of matches found 94973 and it took: 82243.4ms
query [16630]: # of matches found 94941 and it took: 82625.2ms
query [16631]: # of matches found 94359 and it took: 82676ms
query [16632]: # of matches found 93124 and it took: 82342.7ms
query [16633]: # of matches found 93211 and it took: 82481.9ms
query [16634]: # of matches found 92463 and it took: 82600.1ms
query [16635]: # of matches found 91497 and it took: 82454.6ms
query [16636]: # of matches found 90077 and it took: 82192.2ms
query [16637]: # of matches found 80280 and it took: 82467.4ms
query [16638]: # of matches found 80033 and it took: 82495.2ms
query [16639]: # of matches found 79896 and it took: 82355.5ms
query [16640]: # of matches found 79871 and it took: 82656.3ms
query [16641]: # of matches found 79982 and it took: 82626.7ms
query [16642]: # of matches found 79512 and it took: 82705.8ms
query [16643]: # of matches found 78977 and it took: 82694ms
query [16644]: # of matches found 71039 and it took: 82767.5ms
query [16645]: # of matches found 71464 and it took: 82521.2ms
query [16646]: # of matches found 70416 and it took: 82186.4ms
query [16647]: # of matches found 69891 and it took: 82683.2ms
query [16648]: # of matches found 69874 and it took: 82844.1ms
query [16649]: # of matches found 69495 and it took: 82496.6ms
query [16650]: # of matches found 69280 and it took: 83631.6ms
query [16651]: # of matches found 68434 and it took: 82925.2ms
query [16652]: # of matches found 68260 and it took: 81929.2ms
query [16653]: # of matches found 68492 and it took: 82541.3ms
query [16654]: # of matches found 67847 and it took: 82863.6ms
query [16655]: # of matches found 67901 and it took: 82471.1ms
query [16656]: # of matches found 68287 and it took: 82102.3ms
query [16657]: # of matches found 69207 and it took: 82397.5ms
query [16658]: # of matches found 69332 and it took: 82452.2ms
