Starting the job at Wed Aug 14 08:03:57 PM EDT 2024
no kmerRangesFileAddressArg!
no baselineBaseAddress!
no otherToolArg!
**********************CONFIGURATIONS*****************************
PARMIK mode:                  3
readDatabaseAddress:          /p/lava/parmik/partialMatcherProject/datasets/metagenomicDB/SRR14381422/SRR14381422_reads
readFileName:                 SRR14381422_reads
queryFileAddress:             /p/lava/parmik/partialMatcherProject/datasets/queryFiles/covidQueryFiles/NC_045512_chunks/NC_045512_queries_20000-20999
queryFileName:                NC_045512_queries_20000-20999
otherToolOutputFileAddress:   /u/rgq5aw/GIT/PARMIK/partialMatcherProject/tools/blast/SRR14381422/NC_045512/blastn_ws30_results.out
outputDir:                    /p/lava/parmik/partialMatcherProject/tools/baseline_ssw/SRR14381422/NC_045512
penaltyFileAddress:           /u/rgq5aw/GIT/PARMIK/experiments/parmik/CK_SSW_ID_PRCNTG/PenaltySets/2484_1111_2444_2288_2848
kmerRangesFileAddress:        
readsCount:                   17000000
queryCount:                   30000
kmerLength:                   11
regionSize:                   48
cheapKmerThreshold:           0
percentageIdentity:           0.85
minExactMatchLen:             0
numThreads:                   1
isSecondChanceOff:            F
minNumExactMatchKmer:         0
isIndexOffline:               1
offlineIndexAddress:          /p/lava/parmik/partialMatcherProject/tools/parmik/CK_INDEX/SRR14381422/
baselineBaseAddress:          
max editDistance in min region: 2
otherTool:                    
**********************CONFIGURATIONS*****************************
--------------Penalties--------------
m: 2, s: 4, go: 8, ge: 4
m: 1, s: 1, go: 1, ge: 1
m: 2, s: 4, go: 4, ge: 4
m: 2, s: 2, go: 8, ge: 8
m: 2, s: 8, go: 4, ge: 8
------------------------------------
experiment dir: /p/lava/parmik/partialMatcherProject/tools/baseline_ssw/SRR14381422/NC_045512/IKT0_K11_PI85_M0_T1_SC1_P_2484_1111_2444_2288_2848
Directory already exists or could not be created: /p/lava/parmik/partialMatcherProject/tools/baseline_ssw/SRR14381422/NC_045512/IKT0_K11_PI85_M0_T1_SC1_P_2484_1111_2444_2288_2848
numberOfReadsWithN : 0
queryCount : 1000
numberOfReadsWithN : 0
readCount : 17000000
offlineCheapIndexAddress: /p/lava/parmik/partialMatcherProject/tools/parmik/CK_INDEX/SRR14381422/ck_T0_K11_r17000000
offlineExpensiveIndexAddress: /p/lava/parmik/partialMatcherProject/tools/parmik/CK_INDEX/SRR14381422/ek_T0_K11_r17000000
pmrkAlignmentsAddress: /p/lava/parmik/partialMatcherProject/tools/baseline_ssw/SRR14381422/NC_045512/IKT0_K11_PI85_M0_T1_SC1_P_2484_1111_2444_2288_2848/parmikAln.txt
Starting alignment for all queries [fwd]...
queryBaseIndex: 20000
query [20000]: # of matches found 67863 and it took: 118705ms
query [20001]: # of matches found 67473 and it took: 119865ms
query [20002]: # of matches found 66868 and it took: 118742ms
query [20003]: # of matches found 66930 and it took: 119560ms
query [20004]: # of matches found 67151 and it took: 117968ms
query [20005]: # of matches found 67913 and it took: 118150ms
query [20006]: # of matches found 68782 and it took: 118649ms
query [20007]: # of matches found 69563 and it took: 118034ms
query [20008]: # of matches found 69840 and it took: 117660ms
query [20009]: # of matches found 71599 and it took: 117528ms
query [20010]: # of matches found 72136 and it took: 117781ms
query [20011]: # of matches found 74624 and it took: 118042ms
query [20012]: # of matches found 75342 and it took: 117513ms
query [20013]: # of matches found 75590 and it took: 117862ms
query [20014]: # of matches found 76247 and it took: 116508ms
query [20015]: # of matches found 76324 and it took: 116683ms
query [20016]: # of matches found 77205 and it took: 117750ms
query [20017]: # of matches found 78357 and it took: 116673ms
query [20018]: # of matches found 77933 and it took: 116691ms
query [20019]: # of matches found 77161 and it took: 116804ms
query [20020]: # of matches found 76673 and it took: 117238ms
query [20021]: # of matches found 77241 and it took: 117336ms
query [20022]: # of matches found 79820 and it took: 116862ms
query [20023]: # of matches found 80845 and it took: 116764ms
query [20024]: # of matches found 82517 and it took: 115970ms
query [20025]: # of matches found 83974 and it took: 115982ms
query [20026]: # of matches found 85284 and it took: 116459ms
query [20027]: # of matches found 86751 and it took: 116002ms
query [20028]: # of matches found 87113 and it took: 115826ms
query [20029]: # of matches found 87898 and it took: 115955ms
query [20030]: # of matches found 88187 and it took: 116313ms
query [20031]: # of matches found 88280 and it took: 116788ms
query [20032]: # of matches found 88856 and it took: 116092ms
query [20033]: # of matches found 88483 and it took: 116255ms
query [20034]: # of matches found 88830 and it took: 116073ms
query [20035]: # of matches found 89124 and it took: 115458ms
query [20036]: # of matches found 89208 and it took: 116391ms
query [20037]: # of matches found 89718 and it took: 116331ms
query [20038]: # of matches found 89668 and it took: 115727ms
query [20039]: # of matches found 88740 and it took: 116065ms
query [20040]: # of matches found 88286 and it took: 116276ms
query [20041]: # of matches found 88377 and it took: 116713ms
query [20042]: # of matches found 87636 and it took: 116369ms
query [20043]: # of matches found 88688 and it took: 116454ms
query [20044]: # of matches found 89272 and it took: 115924ms
query [20045]: # of matches found 89369 and it took: 115692ms
query [20046]: # of matches found 87995 and it took: 116211ms
query [20047]: # of matches found 87980 and it took: 115786ms
query [20048]: # of matches found 87460 and it took: 115273ms
query [20049]: # of matches found 86861 and it took: 115570ms
query [20050]: # of matches found 86722 and it took: 116002ms
query [20051]: # of matches found 87047 and it took: 116643ms
query [20052]: # of matches found 87915 and it took: 116090ms
query [20053]: # of matches found 88162 and it took: 115665ms
query [20054]: # of matches found 88315 and it took: 115299ms
query [20055]: # of matches found 88424 and it took: 115493ms
query [20056]: # of matches found 88255 and it took: 115212ms
query [20057]: # of matches found 88622 and it took: 114971ms
query [20058]: # of matches found 88743 and it took: 115825ms
query [20059]: # of matches found 88583 and it took: 116230ms
query [20060]: # of matches found 87939 and it took: 116539ms
query [20061]: # of matches found 87759 and it took: 116944ms
query [20062]: # of matches found 87353 and it took: 117318ms
query [20063]: # of matches found 86628 and it took: 116666ms
query [20064]: # of matches found 86762 and it took: 116636ms
query [20065]: # of matches found 86431 and it took: 117336ms
query [20066]: # of matches found 85959 and it took: 117907ms
query [20067]: # of matches found 85954 and it took: 116979ms
query [20068]: # of matches found 85997 and it took: 117535ms
query [20069]: # of matches found 86396 and it took: 117444ms
query [20070]: # of matches found 86475 and it took: 117935ms
query [20071]: # of matches found 86187 and it took: 116728ms
query [20072]: # of matches found 86829 and it took: 117324ms
query [20073]: # of matches found 87059 and it took: 117270ms
query [20074]: # of matches found 87562 and it took: 116045ms
query [20075]: # of matches found 87586 and it took: 116611ms
query [20076]: # of matches found 88697 and it took: 116820ms
query [20077]: # of matches found 89385 and it took: 116006ms
query [20078]: # of matches found 90069 and it took: 116097ms
query [20079]: # of matches found 90487 and it took: 116109ms
query [20080]: # of matches found 90767 and it took: 116274ms
query [20081]: # of matches found 91747 and it took: 116026ms
query [20082]: # of matches found 95222 and it took: 115575ms
query [20083]: # of matches found 95154 and it took: 115522ms
query [20084]: # of matches found 95472 and it took: 115571ms
query [20085]: # of matches found 95500 and it took: 116017ms
query [20086]: # of matches found 95865 and it took: 115866ms
query [20087]: # of matches found 95684 and it took: 114875ms
query [20088]: # of matches found 95530 and it took: 115417ms
query [20089]: # of matches found 94969 and it took: 115348ms
query [20090]: # of matches found 94709 and it took: 115523ms
query [20091]: # of matches found 94560 and it took: 115497ms
query [20092]: # of matches found 94540 and it took: 115124ms
query [20093]: # of matches found 101387 and it took: 114904ms
query [20094]: # of matches found 101638 and it took: 114818ms
query [20095]: # of matches found 102148 and it took: 115095ms
query [20096]: # of matches found 102218 and it took: 114894ms
query [20097]: # of matches found 102618 and it took: 113921ms
query [20098]: # of matches found 104617 and it took: 114095ms
query [20099]: # of matches found 104793 and it took: 112427ms
query [20100]: # of matches found 104809 and it took: 115109ms
query [20101]: # of matches found 106936 and it took: 114734ms
query [20102]: # of matches found 107798 and it took: 114303ms
query [20103]: # of matches found 109316 and it took: 114279ms
query [20104]: # of matches found 108067 and it took: 114220ms
query [20105]: # of matches found 108602 and it took: 114634ms
query [20106]: # of matches found 109171 and it took: 114162ms
query [20107]: # of matches found 109172 and it took: 114215ms
query [20108]: # of matches found 110484 and it took: 113980ms
query [20109]: # of matches found 111148 and it took: 113455ms
query [20110]: # of matches found 111862 and it took: 112984ms
query [20111]: # of matches found 113090 and it took: 113974ms
query [20112]: # of matches found 114463 and it took: 112556ms
query [20113]: # of matches found 115973 and it took: 113001ms
query [20114]: # of matches found 116548 and it took: 112617ms
query [20115]: # of matches found 118227 and it took: 113496ms
query [20116]: # of matches found 118971 and it took: 113839ms
query [20117]: # of matches found 119103 and it took: 113331ms
query [20118]: # of matches found 119420 and it took: 114488ms
query [20119]: # of matches found 119267 and it took: 113317ms
query [20120]: # of matches found 119504 and it took: 114721ms
query [20121]: # of matches found 119589 and it took: 113065ms
query [20122]: # of matches found 121134 and it took: 114695ms
query [20123]: # of matches found 121003 and it took: 113880ms
query [20124]: # of matches found 120709 and it took: 114410ms
query [20125]: # of matches found 120899 and it took: 115817ms
query [20126]: # of matches found 121230 and it took: 114719ms
query [20127]: # of matches found 121336 and it took: 115704ms
query [20128]: # of matches found 121810 and it took: 115759ms
query [20129]: # of matches found 123948 and it took: 114704ms
query [20130]: # of matches found 123860 and it took: 115852ms
query [20131]: # of matches found 124273 and it took: 115659ms
query [20132]: # of matches found 125026 and it took: 116586ms
query [20133]: # of matches found 126246 and it took: 116387ms
query [20134]: # of matches found 125784 and it took: 116687ms
query [20135]: # of matches found 125818 and it took: 116883ms
query [20136]: # of matches found 126218 and it took: 115521ms
query [20137]: # of matches found 126103 and it took: 116687ms
query [20138]: # of matches found 126130 and it took: 117322ms
query [20139]: # of matches found 127032 and it took: 116107ms
query [20140]: # of matches found 126823 and it took: 116240ms
query [20141]: # of matches found 126867 and it took: 117337ms
query [20142]: # of matches found 126582 and it took: 116882ms
query [20143]: # of matches found 126426 and it took: 115832ms
query [20144]: # of matches found 126705 and it took: 117706ms
query [20145]: # of matches found 125987 and it took: 117592ms
query [20146]: # of matches found 125630 and it took: 117358ms
query [20147]: # of matches found 124730 and it took: 117019ms
query [20148]: # of matches found 124477 and it took: 118391ms
query [20149]: # of matches found 122555 and it took: 116899ms
query [20150]: # of matches found 122221 and it took: 118334ms
query [20151]: # of matches found 120060 and it took: 118009ms
query [20152]: # of matches found 119530 and it took: 117507ms
query [20153]: # of matches found 118488 and it took: 116720ms
query [20154]: # of matches found 119367 and it took: 118020ms
query [20155]: # of matches found 120666 and it took: 117206ms
query [20156]: # of matches found 119716 and it took: 117402ms
query [20157]: # of matches found 117658 and it took: 116953ms
query [20158]: # of matches found 116960 and it took: 118075ms
query [20159]: # of matches found 115675 and it took: 116870ms
query [20160]: # of matches found 114951 and it took: 117610ms
query [20161]: # of matches found 114740 and it took: 117983ms
query [20162]: # of matches found 111905 and it took: 117405ms
query [20163]: # of matches found 111237 and it took: 116825ms
query [20164]: # of matches found 109678 and it took: 117590ms
query [20165]: # of matches found 108715 and it took: 117459ms
query [20166]: # of matches found 107079 and it took: 117648ms
query [20167]: # of matches found 105439 and it took: 117183ms
query [20168]: # of matches found 105047 and it took: 118375ms
query [20169]: # of matches found 104612 and it took: 117320ms
query [20170]: # of matches found 104390 and it took: 117319ms
query [20171]: # of matches found 104847 and it took: 118870ms
query [20172]: # of matches found 104421 and it took: 117930ms
query [20173]: # of matches found 104265 and it took: 117047ms
query [20174]: # of matches found 103738 and it took: 117681ms
query [20175]: # of matches found 103874 and it took: 117343ms
query [20176]: # of matches found 102972 and it took: 118335ms
query [20177]: # of matches found 102382 and it took: 118890ms
query [20178]: # of matches found 101967 and it took: 117590ms
query [20179]: # of matches found 102051 and it took: 117241ms
query [20180]: # of matches found 102196 and it took: 117961ms
query [20181]: # of matches found 102127 and it took: 118927ms
query [20182]: # of matches found 102469 and it took: 119074ms
query [20183]: # of matches found 101960 and it took: 119178ms
query [20184]: # of matches found 100758 and it took: 118980ms
query [20185]: # of matches found 99790 and it took: 118632ms
query [20186]: # of matches found 100284 and it took: 117809ms
query [20187]: # of matches found 100284 and it took: 117670ms
query [20188]: # of matches found 100305 and it took: 118055ms
query [20189]: # of matches found 100529 and it took: 117249ms
query [20190]: # of matches found 101103 and it took: 117614ms
query [20191]: # of matches found 101397 and it took: 117951ms
query [20192]: # of matches found 100405 and it took: 118207ms
query [20193]: # of matches found 99738 and it took: 117870ms
query [20194]: # of matches found 99581 and it took: 117998ms
query [20195]: # of matches found 99818 and it took: 118092ms
query [20196]: # of matches found 100275 and it took: 118009ms
query [20197]: # of matches found 100158 and it took: 118181ms
query [20198]: # of matches found 100126 and it took: 118332ms
query [20199]: # of matches found 100322 and it took: 118134ms
query [20200]: # of matches found 100378 and it took: 117819ms
query [20201]: # of matches found 100560 and it took: 118187ms
query [20202]: # of matches found 101347 and it took: 119025ms
query [20203]: # of matches found 101957 and it took: 117954ms
query [20204]: # of matches found 102064 and it took: 117358ms
query [20205]: # of matches found 102657 and it took: 118130ms
query [20206]: # of matches found 102246 and it took: 117386ms
query [20207]: # of matches found 101894 and it took: 118199ms
query [20208]: # of matches found 101625 and it took: 118570ms
query [20209]: # of matches found 101266 and it took: 118469ms
query [20210]: # of matches found 100786 and it took: 118550ms
query [20211]: # of matches found 100782 and it took: 118581ms
query [20212]: # of matches found 100407 and it took: 119152ms
query [20213]: # of matches found 100100 and it took: 118647ms
query [20214]: # of matches found 100370 and it took: 118686ms
query [20215]: # of matches found 99870 and it took: 118681ms
query [20216]: # of matches found 99057 and it took: 118003ms
query [20217]: # of matches found 98333 and it took: 118713ms
query [20218]: # of matches found 97784 and it took: 118523ms
query [20219]: # of matches found 97061 and it took: 118198ms
query [20220]: # of matches found 96716 and it took: 118621ms
query [20221]: # of matches found 97252 and it took: 118993ms
query [20222]: # of matches found 94442 and it took: 119423ms
query [20223]: # of matches found 93482 and it took: 119040ms
query [20224]: # of matches found 93350 and it took: 119689ms
query [20225]: # of matches found 93472 and it took: 119731ms
query [20226]: # of matches found 93462 and it took: 119570ms
query [20227]: # of matches found 93297 and it took: 119603ms
query [20228]: # of matches found 93143 and it took: 119353ms
query [20229]: # of matches found 93670 and it took: 120268ms
query [20230]: # of matches found 93190 and it took: 120200ms
query [20231]: # of matches found 93678 and it took: 119890ms
query [20232]: # of matches found 93827 and it took: 120734ms
query [20233]: # of matches found 86882 and it took: 120965ms
query [20234]: # of matches found 87014 and it took: 120893ms
query [20235]: # of matches found 86625 and it took: 120897ms
query [20236]: # of matches found 86446 and it took: 120603ms
query [20237]: # of matches found 86107 and it took: 121574ms
query [20238]: # of matches found 84143 and it took: 121664ms
query [20239]: # of matches found 83996 and it took: 122318ms
query [20240]: # of matches found 83676 and it took: 121810ms
query [20241]: # of matches found 82614 and it took: 121715ms
query [20242]: # of matches found 81128 and it took: 122638ms
query [20243]: # of matches found 79880 and it took: 122827ms
query [20244]: # of matches found 79061 and it took: 122519ms
query [20245]: # of matches found 79509 and it took: 122633ms
query [20246]: # of matches found 79543 and it took: 123033ms
query [20247]: # of matches found 79394 and it took: 123173ms
query [20248]: # of matches found 77868 and it took: 122856ms
query [20249]: # of matches found 77255 and it took: 123696ms
query [20250]: # of matches found 77094 and it took: 123000ms
query [20251]: # of matches found 76341 and it took: 123159ms
query [20252]: # of matches found 76323 and it took: 123958ms
query [20253]: # of matches found 75245 and it took: 124062ms
query [20254]: # of matches found 74760 and it took: 123507ms
query [20255]: # of matches found 72775 and it took: 123562ms
query [20256]: # of matches found 71730 and it took: 123424ms
query [20257]: # of matches found 71229 and it took: 123406ms
query [20258]: # of matches found 70297 and it took: 122756ms
query [20259]: # of matches found 70542 and it took: 123936ms
query [20260]: # of matches found 70584 and it took: 122918ms
query [20261]: # of matches found 70084 and it took: 123112ms
query [20262]: # of matches found 68187 and it took: 123699ms
query [20263]: # of matches found 68629 and it took: 123683ms
query [20264]: # of matches found 69213 and it took: 122644ms
query [20265]: # of matches found 69644 and it took: 122710ms
query [20266]: # of matches found 70607 and it took: 122100ms
query [20267]: # of matches found 72219 and it took: 122463ms
query [20268]: # of matches found 73620 and it took: 121819ms
query [20269]: # of matches found 73673 and it took: 122735ms
query [20270]: # of matches found 72508 and it took: 121710ms
query [20271]: # of matches found 72759 and it took: 121843ms
query [20272]: # of matches found 72426 and it took: 122934ms
query [20273]: # of matches found 72741 and it took: 122907ms
query [20274]: # of matches found 73169 and it took: 121815ms
query [20275]: # of matches found 76273 and it took: 121987ms
query [20276]: # of matches found 76346 and it took: 120635ms
query [20277]: # of matches found 79512 and it took: 121796ms
query [20278]: # of matches found 79112 and it took: 121296ms
query [20279]: # of matches found 78480 and it took: 121544ms
query [20280]: # of matches found 79463 and it took: 120628ms
query [20281]: # of matches found 80077 and it took: 119771ms
query [20282]: # of matches found 80428 and it took: 120760ms
query [20283]: # of matches found 81608 and it took: 120814ms
query [20284]: # of matches found 81636 and it took: 120320ms
query [20285]: # of matches found 83662 and it took: 120165ms
query [20286]: # of matches found 83695 and it took: 119331ms
query [20287]: # of matches found 83219 and it took: 120225ms
query [20288]: # of matches found 83125 and it took: 119815ms
query [20289]: # of matches found 83258 and it took: 120722ms
query [20290]: # of matches found 83254 and it took: 120048ms
query [20291]: # of matches found 83098 and it took: 119645ms
query [20292]: # of matches found 83000 and it took: 120332ms
query [20293]: # of matches found 82612 and it took: 121001ms
query [20294]: # of matches found 81719 and it took: 120719ms
query [20295]: # of matches found 80588 and it took: 121165ms
query [20296]: # of matches found 79538 and it took: 120066ms
query [20297]: # of matches found 79415 and it took: 121022ms
query [20298]: # of matches found 80516 and it took: 120774ms
query [20299]: # of matches found 81880 and it took: 121447ms
query [20300]: # of matches found 83296 and it took: 120026ms
query [20301]: # of matches found 83476 and it took: 120054ms
query [20302]: # of matches found 84254 and it took: 120085ms
query [20303]: # of matches found 84378 and it took: 120211ms
query [20304]: # of matches found 85517 and it took: 119923ms
query [20305]: # of matches found 86615 and it took: 119647ms
query [20306]: # of matches found 88582 and it took: 119015ms
query [20307]: # of matches found 88916 and it took: 119216ms
query [20308]: # of matches found 89733 and it took: 119015ms
query [20309]: # of matches found 90754 and it took: 119501ms
query [20310]: # of matches found 90971 and it took: 118348ms
query [20311]: # of matches found 91356 and it took: 118278ms
query [20312]: # of matches found 91014 and it took: 118282ms
query [20313]: # of matches found 91355 and it took: 118791ms
query [20314]: # of matches found 91802 and it took: 118437ms
query [20315]: # of matches found 91703 and it took: 118333ms
query [20316]: # of matches found 91861 and it took: 117792ms
query [20317]: # of matches found 92319 and it took: 118669ms
query [20318]: # of matches found 92549 and it took: 118210ms
query [20319]: # of matches found 92609 and it took: 118587ms
query [20320]: # of matches found 92984 and it took: 117353ms
query [20321]: # of matches found 92877 and it took: 117684ms
query [20322]: # of matches found 92199 and it took: 117798ms
query [20323]: # of matches found 91714 and it took: 118565ms
query [20324]: # of matches found 93034 and it took: 118821ms
query [20325]: # of matches found 93510 and it took: 118698ms
query [20326]: # of matches found 94365 and it took: 118192ms
query [20327]: # of matches found 93683 and it took: 119105ms
query [20328]: # of matches found 93532 and it took: 118491ms
query [20329]: # of matches found 93561 and it took: 119080ms
query [20330]: # of matches found 93123 and it took: 118638ms
query [20331]: # of matches found 93001 and it took: 118588ms
query [20332]: # of matches found 98508 and it took: 118212ms
query [20333]: # of matches found 98739 and it took: 118683ms
query [20334]: # of matches found 99157 and it took: 118941ms
query [20335]: # of matches found 99162 and it took: 118718ms
query [20336]: # of matches found 98939 and it took: 118887ms
query [20337]: # of matches found 99323 and it took: 119769ms
query [20338]: # of matches found 99388 and it took: 119054ms
query [20339]: # of matches found 99129 and it took: 119628ms
query [20340]: # of matches found 99123 and it took: 118731ms
query [20341]: # of matches found 98877 and it took: 119211ms
query [20342]: # of matches found 98144 and it took: 118936ms
query [20343]: # of matches found 97563 and it took: 119281ms
query [20344]: # of matches found 97434 and it took: 119400ms
query [20345]: # of matches found 105751 and it took: 119966ms
query [20346]: # of matches found 107889 and it took: 120068ms
query [20347]: # of matches found 110530 and it took: 120879ms
query [20348]: # of matches found 111533 and it took: 118803ms
query [20349]: # of matches found 111934 and it took: 119673ms
query [20350]: # of matches found 112297 and it took: 121663ms
query [20351]: # of matches found 112368 and it took: 119415ms
query [20352]: # of matches found 112728 and it took: 120220ms
query [20353]: # of matches found 112350 and it took: 120508ms
query [20354]: # of matches found 111428 and it took: 119566ms
query [20355]: # of matches found 111492 and it took: 119794ms
query [20356]: # of matches found 112672 and it took: 119102ms
query [20357]: # of matches found 112717 and it took: 119949ms
query [20358]: # of matches found 113170 and it took: 120463ms
query [20359]: # of matches found 113938 and it took: 120860ms
query [20360]: # of matches found 113822 and it took: 118891ms
query [20361]: # of matches found 115379 and it took: 119188ms
query [20362]: # of matches found 114636 and it took: 120484ms
query [20363]: # of matches found 115600 and it took: 118394ms
query [20364]: # of matches found 116636 and it took: 119587ms
query [20365]: # of matches found 117124 and it took: 118138ms
query [20366]: # of matches found 116890 and it took: 117919ms
query [20367]: # of matches found 118187 and it took: 115770ms
query [20368]: # of matches found 118619 and it took: 117205ms
query [20369]: # of matches found 118432 and it took: 119311ms
query [20370]: # of matches found 118802 and it took: 119281ms
query [20371]: # of matches found 118883 and it took: 116379ms
query [20372]: # of matches found 119234 and it took: 117245ms
query [20373]: # of matches found 119743 and it took: 116336ms
query [20374]: # of matches found 120530 and it took: 114996ms
query [20375]: # of matches found 122987 and it took: 115039ms
query [20376]: # of matches found 125264 and it took: 113865ms
query [20377]: # of matches found 126134 and it took: 115388ms
query [20378]: # of matches found 127325 and it took: 114241ms
query [20379]: # of matches found 128308 and it took: 112890ms
query [20380]: # of matches found 129966 and it took: 112172ms
query [20381]: # of matches found 130650 and it took: 112694ms
query [20382]: # of matches found 132392 and it took: 112599ms
query [20383]: # of matches found 133976 and it took: 112313ms
query [20384]: # of matches found 134825 and it took: 112229ms
query [20385]: # of matches found 134866 and it took: 111971ms
query [20386]: # of matches found 135031 and it took: 112360ms
query [20387]: # of matches found 135520 and it took: 112157ms
query [20388]: # of matches found 136735 and it took: 112418ms
query [20389]: # of matches found 138910 and it took: 113127ms
query [20390]: # of matches found 141509 and it took: 115044ms
query [20391]: # of matches found 147630 and it took: 113888ms
query [20392]: # of matches found 148473 and it took: 114969ms
query [20393]: # of matches found 148871 and it took: 113689ms
query [20394]: # of matches found 149044 and it took: 112460ms
query [20395]: # of matches found 149234 and it took: 111464ms
query [20396]: # of matches found 149601 and it took: 113525ms
query [20397]: # of matches found 150131 and it took: 113437ms
query [20398]: # of matches found 150271 and it took: 112502ms
query [20399]: # of matches found 150328 and it took: 112376ms
query [20400]: # of matches found 150641 and it took: 112573ms
query [20401]: # of matches found 150292 and it took: 112259ms
query [20402]: # of matches found 150028 and it took: 111871ms
query [20403]: # of matches found 150431 and it took: 112586ms
query [20404]: # of matches found 149862 and it took: 112907ms
query [20405]: # of matches found 149082 and it took: 112741ms
query [20406]: # of matches found 149220 and it took: 114079ms
query [20407]: # of matches found 148000 and it took: 111014ms
query [20408]: # of matches found 147162 and it took: 111379ms
query [20409]: # of matches found 147307 and it took: 112700ms
query [20410]: # of matches found 146072 and it took: 111653ms
query [20411]: # of matches found 146309 and it took: 111206ms
query [20412]: # of matches found 146363 and it took: 112213ms
query [20413]: # of matches found 144905 and it took: 111231ms
query [20414]: # of matches found 145089 and it took: 112689ms
query [20415]: # of matches found 142004 and it took: 109556ms
query [20416]: # of matches found 140997 and it took: 111298ms
query [20417]: # of matches found 137209 and it took: 111928ms
query [20418]: # of matches found 137821 and it took: 111880ms
query [20419]: # of matches found 137757 and it took: 113569ms
query [20420]: # of matches found 138362 and it took: 112395ms
query [20421]: # of matches found 138582 and it took: 113886ms
query [20422]: # of matches found 138614 and it took: 111904ms
query [20423]: # of matches found 137340 and it took: 113292ms
query [20424]: # of matches found 137433 and it took: 112195ms
query [20425]: # of matches found 137442 and it took: 111826ms
query [20426]: # of matches found 136328 and it took: 112859ms
query [20427]: # of matches found 136597 and it took: 110950ms
query [20428]: # of matches found 136898 and it took: 112129ms
query [20429]: # of matches found 137070 and it took: 111394ms
query [20430]: # of matches found 137126 and it took: 111382ms
query [20431]: # of matches found 137885 and it took: 111035ms
query [20432]: # of matches found 137982 and it took: 110274ms
query [20433]: # of matches found 138122 and it took: 110308ms
query [20434]: # of matches found 138270 and it took: 110120ms
query [20435]: # of matches found 138341 and it took: 110927ms
query [20436]: # of matches found 138476 and it took: 112445ms
query [20437]: # of matches found 138304 and it took: 110659ms
query [20438]: # of matches found 137266 and it took: 110711ms
query [20439]: # of matches found 136324 and it took: 111567ms
query [20440]: # of matches found 134672 and it took: 110829ms
query [20441]: # of matches found 133596 and it took: 111713ms
query [20442]: # of matches found 132819 and it took: 111779ms
query [20443]: # of matches found 132900 and it took: 110982ms
query [20444]: # of matches found 132183 and it took: 110757ms
query [20445]: # of matches found 131278 and it took: 111401ms
query [20446]: # of matches found 128758 and it took: 111761ms
query [20447]: # of matches found 128116 and it took: 110793ms
query [20448]: # of matches found 127414 and it took: 113846ms
query [20449]: # of matches found 126366 and it took: 112946ms
query [20450]: # of matches found 126452 and it took: 111919ms
query [20451]: # of matches found 126881 and it took: 111411ms
query [20452]: # of matches found 127160 and it took: 112873ms
query [20453]: # of matches found 127724 and it took: 112031ms
query [20454]: # of matches found 129055 and it took: 111506ms
query [20455]: # of matches found 129633 and it took: 110547ms
query [20456]: # of matches found 130809 and it took: 111092ms
query [20457]: # of matches found 132155 and it took: 110354ms
query [20458]: # of matches found 133718 and it took: 110491ms
query [20459]: # of matches found 135017 and it took: 110238ms
query [20460]: # of matches found 135956 and it took: 110410ms
query [20461]: # of matches found 136128 and it took: 111499ms
query [20462]: # of matches found 136102 and it took: 110715ms
query [20463]: # of matches found 136283 and it took: 110747ms
query [20464]: # of matches found 135641 and it took: 109902ms
query [20465]: # of matches found 136866 and it took: 109607ms
query [20466]: # of matches found 135870 and it took: 110898ms
query [20467]: # of matches found 135926 and it took: 109340ms
query [20468]: # of matches found 135988 and it took: 111303ms
query [20469]: # of matches found 136079 and it took: 111370ms
query [20470]: # of matches found 136136 and it took: 112299ms
query [20471]: # of matches found 136309 and it took: 110809ms
query [20472]: # of matches found 136856 and it took: 109629ms
query [20473]: # of matches found 131419 and it took: 110809ms
query [20474]: # of matches found 131126 and it took: 111478ms
query [20475]: # of matches found 130806 and it took: 109349ms
query [20476]: # of matches found 130431 and it took: 109961ms
query [20477]: # of matches found 130317 and it took: 109930ms
query [20478]: # of matches found 130466 and it took: 112343ms
query [20479]: # of matches found 130701 and it took: 109821ms
query [20480]: # of matches found 131017 and it took: 110165ms
query [20481]: # of matches found 131436 and it took: 111648ms
query [20482]: # of matches found 131815 and it took: 110372ms
query [20483]: # of matches found 131966 and it took: 110825ms
query [20484]: # of matches found 132173 and it took: 110014ms
query [20485]: # of matches found 124153 and it took: 111154ms
query [20486]: # of matches found 121705 and it took: 111254ms
query [20487]: # of matches found 119477 and it took: 111160ms
query [20488]: # of matches found 118975 and it took: 111568ms
query [20489]: # of matches found 118438 and it took: 112517ms
query [20490]: # of matches found 118439 and it took: 112497ms
query [20491]: # of matches found 118413 and it took: 113469ms
query [20492]: # of matches found 118177 and it took: 113035ms
query [20493]: # of matches found 118938 and it took: 113339ms
query [20494]: # of matches found 120398 and it took: 113300ms
query [20495]: # of matches found 120624 and it took: 112581ms
query [20496]: # of matches found 121076 and it took: 115628ms
query [20497]: # of matches found 121255 and it took: 113732ms
query [20498]: # of matches found 119842 and it took: 113369ms
query [20499]: # of matches found 119534 and it took: 113436ms
query [20500]: # of matches found 119015 and it took: 114258ms
query [20501]: # of matches found 117685 and it took: 114616ms
query [20502]: # of matches found 117377 and it took: 114023ms
query [20503]: # of matches found 116307 and it took: 113946ms
query [20504]: # of matches found 114876 and it took: 112928ms
query [20505]: # of matches found 114462 and it took: 113019ms
query [20506]: # of matches found 114443 and it took: 113306ms
query [20507]: # of matches found 113548 and it took: 114538ms
query [20508]: # of matches found 113980 and it took: 114288ms
query [20509]: # of matches found 114979 and it took: 116286ms
query [20510]: # of matches found 114895 and it took: 116131ms
query [20511]: # of matches found 114494 and it took: 115361ms
query [20512]: # of matches found 113804 and it took: 116230ms
query [20513]: # of matches found 113226 and it took: 116606ms
query [20514]: # of matches found 112783 and it took: 115378ms
query [20515]: # of matches found 110909 and it took: 114872ms
query [20516]: # of matches found 108345 and it took: 117507ms
query [20517]: # of matches found 107009 and it took: 116841ms
query [20518]: # of matches found 105717 and it took: 115546ms
query [20519]: # of matches found 104571 and it took: 116485ms
query [20520]: # of matches found 102919 and it took: 117015ms
query [20521]: # of matches found 102290 and it took: 117653ms
query [20522]: # of matches found 100596 and it took: 117661ms
query [20523]: # of matches found 98214 and it took: 116860ms
query [20524]: # of matches found 97093 and it took: 115587ms
query [20525]: # of matches found 96263 and it took: 115073ms
query [20526]: # of matches found 95386 and it took: 117039ms
query [20527]: # of matches found 95136 and it took: 118123ms
query [20528]: # of matches found 94003 and it took: 118218ms
query [20529]: # of matches found 92385 and it took: 116690ms
query [20530]: # of matches found 89175 and it took: 117604ms
query [20531]: # of matches found 83381 and it took: 116257ms
query [20532]: # of matches found 79794 and it took: 116639ms
query [20533]: # of matches found 78881 and it took: 118041ms
query [20534]: # of matches found 78303 and it took: 115905ms
query [20535]: # of matches found 78071 and it took: 116573ms
query [20536]: # of matches found 77659 and it took: 117538ms
query [20537]: # of matches found 77781 and it took: 118093ms
query [20538]: # of matches found 77576 and it took: 117967ms
query [20539]: # of matches found 77087 and it took: 116994ms
query [20540]: # of matches found 78624 and it took: 116564ms
query [20541]: # of matches found 78595 and it took: 117181ms
query [20542]: # of matches found 80320 and it took: 117606ms
query [20543]: # of matches found 80092 and it took: 118037ms
query [20544]: # of matches found 79293 and it took: 118036ms
query [20545]: # of matches found 79244 and it took: 116746ms
query [20546]: # of matches found 78161 and it took: 119423ms
query [20547]: # of matches found 77475 and it took: 116899ms
query [20548]: # of matches found 77099 and it took: 119410ms
query [20549]: # of matches found 76234 and it took: 118911ms
query [20550]: # of matches found 76005 and it took: 118375ms
query [20551]: # of matches found 75623 and it took: 119097ms
query [20552]: # of matches found 74045 and it took: 119244ms
query [20553]: # of matches found 74049 and it took: 120516ms
query [20554]: # of matches found 74142 and it took: 118652ms
query [20555]: # of matches found 73702 and it took: 117808ms
query [20556]: # of matches found 73905 and it took: 119283ms
query [20557]: # of matches found 75011 and it took: 121247ms
query [20558]: # of matches found 75038 and it took: 120508ms
query [20559]: # of matches found 75904 and it took: 119201ms
query [20560]: # of matches found 76314 and it took: 120614ms
query [20561]: # of matches found 74487 and it took: 119810ms
query [20562]: # of matches found 74200 and it took: 119884ms
query [20563]: # of matches found 74630 and it took: 119677ms
query [20564]: # of matches found 76544 and it took: 119184ms
query [20565]: # of matches found 77234 and it took: 117570ms
query [20566]: # of matches found 77229 and it took: 117622ms
query [20567]: # of matches found 77769 and it took: 120178ms
query [20568]: # of matches found 78208 and it took: 118930ms
query [20569]: # of matches found 77828 and it took: 119032ms
query [20570]: # of matches found 78143 and it took: 119026ms
query [20571]: # of matches found 78219 and it took: 118298ms
query [20572]: # of matches found 78001 and it took: 118490ms
query [20573]: # of matches found 77783 and it took: 121471ms
query [20574]: # of matches found 77566 and it took: 118879ms
query [20575]: # of matches found 77723 and it took: 119154ms
query [20576]: # of matches found 77631 and it took: 118645ms
query [20577]: # of matches found 78435 and it took: 119549ms
query [20578]: # of matches found 78610 and it took: 117895ms
query [20579]: # of matches found 79534 and it took: 118042ms
query [20580]: # of matches found 80871 and it took: 118731ms
query [20581]: # of matches found 81534 and it took: 118221ms
query [20582]: # of matches found 81811 and it took: 118697ms
query [20583]: # of matches found 81569 and it took: 118318ms
query [20584]: # of matches found 81965 and it took: 118795ms
query [20585]: # of matches found 82381 and it took: 118136ms
query [20586]: # of matches found 82466 and it took: 117738ms
query [20587]: # of matches found 83944 and it took: 117699ms
query [20588]: # of matches found 84018 and it took: 117412ms
query [20589]: # of matches found 84018 and it took: 117873ms
query [20590]: # of matches found 83840 and it took: 117864ms
query [20591]: # of matches found 83525 and it took: 117391ms
query [20592]: # of matches found 83120 and it took: 118609ms
query [20593]: # of matches found 82852 and it took: 119658ms
query [20594]: # of matches found 82287 and it took: 118083ms
query [20595]: # of matches found 82319 and it took: 118214ms
query [20596]: # of matches found 82157 and it took: 117837ms
query [20597]: # of matches found 81450 and it took: 119293ms
query [20598]: # of matches found 84864 and it took: 118764ms
query [20599]: # of matches found 83516 and it took: 119386ms
query [20600]: # of matches found 82035 and it took: 120589ms
query [20601]: # of matches found 82380 and it took: 123209ms
query [20602]: # of matches found 82544 and it took: 120488ms
query [20603]: # of matches found 82578 and it took: 119121ms
query [20604]: # of matches found 82172 and it took: 119136ms
query [20605]: # of matches found 81163 and it took: 120487ms
query [20606]: # of matches found 81080 and it took: 120116ms
query [20607]: # of matches found 81082 and it took: 119291ms
query [20608]: # of matches found 81179 and it took: 119250ms
query [20609]: # of matches found 80776 and it took: 121359ms
query [20610]: # of matches found 80390 and it took: 120276ms
query [20611]: # of matches found 80199 and it took: 121020ms
query [20612]: # of matches found 80067 and it took: 119353ms
query [20613]: # of matches found 79859 and it took: 121486ms
query [20614]: # of matches found 79670 and it took: 118900ms
query [20615]: # of matches found 79525 and it took: 118169ms
query [20616]: # of matches found 79510 and it took: 117999ms
query [20617]: # of matches found 80176 and it took: 117991ms
query [20618]: # of matches found 79508 and it took: 118203ms
query [20619]: # of matches found 79653 and it took: 118428ms
query [20620]: # of matches found 79431 and it took: 119254ms
query [20621]: # of matches found 79108 and it took: 117826ms
query [20622]: # of matches found 79181 and it took: 118532ms
query [20623]: # of matches found 79197 and it took: 118496ms
query [20624]: # of matches found 79046 and it took: 118230ms
query [20625]: # of matches found 78952 and it took: 118362ms
query [20626]: # of matches found 79254 and it took: 117138ms
query [20627]: # of matches found 78814 and it took: 117847ms
query [20628]: # of matches found 80068 and it took: 118454ms
query [20629]: # of matches found 80350 and it took: 117664ms
query [20630]: # of matches found 80109 and it took: 118608ms
query [20631]: # of matches found 80111 and it took: 118343ms
query [20632]: # of matches found 79942 and it took: 119195ms
query [20633]: # of matches found 79495 and it took: 119621ms
query [20634]: # of matches found 78305 and it took: 119253ms
query [20635]: # of matches found 78113 and it took: 120898ms
query [20636]: # of matches found 78652 and it took: 119637ms
query [20637]: # of matches found 79874 and it took: 119630ms
query [20638]: # of matches found 81545 and it took: 119403ms
query [20639]: # of matches found 82306 and it took: 119330ms
query [20640]: # of matches found 82983 and it took: 120785ms
query [20641]: # of matches found 82516 and it took: 119377ms
query [20642]: # of matches found 82356 and it took: 120014ms
query [20643]: # of matches found 81939 and it took: 120875ms
query [20644]: # of matches found 81775 and it took: 120372ms
query [20645]: # of matches found 81611 and it took: 121078ms
query [20646]: # of matches found 81571 and it took: 121092ms
query [20647]: # of matches found 81466 and it took: 120004ms
query [20648]: # of matches found 80425 and it took: 119863ms
query [20649]: # of matches found 79041 and it took: 120194ms
query [20650]: # of matches found 78702 and it took: 121038ms
query [20651]: # of matches found 78800 and it took: 118293ms
query [20652]: # of matches found 78816 and it took: 120098ms
query [20653]: # of matches found 79640 and it took: 119246ms
query [20654]: # of matches found 81479 and it took: 120220ms
query [20655]: # of matches found 82071 and it took: 118765ms
query [20656]: # of matches found 82144 and it took: 118622ms
query [20657]: # of matches found 82901 and it took: 119414ms
query [20658]: # of matches found 82997 and it took: 118524ms
query [20659]: # of matches found 82937 and it took: 117923ms
query [20660]: # of matches found 83213 and it took: 117993ms
query [20661]: # of matches found 83389 and it took: 117568ms
query [20662]: # of matches found 83593 and it took: 118557ms
query [20663]: # of matches found 83788 and it took: 117846ms
query [20664]: # of matches found 83897 and it took: 117385ms
query [20665]: # of matches found 83983 and it took: 117702ms
query [20666]: # of matches found 84939 and it took: 118144ms
query [20667]: # of matches found 85446 and it took: 117244ms
query [20668]: # of matches found 85583 and it took: 118146ms
query [20669]: # of matches found 86086 and it took: 118003ms
query [20670]: # of matches found 86472 and it took: 118585ms
query [20671]: # of matches found 87470 and it took: 118671ms
query [20672]: # of matches found 89630 and it took: 118143ms
query [20673]: # of matches found 90658 and it took: 118361ms
query [20674]: # of matches found 91560 and it took: 117852ms
query [20675]: # of matches found 91972 and it took: 118981ms
query [20676]: # of matches found 92432 and it took: 119455ms
query [20677]: # of matches found 92414 and it took: 118088ms
query [20678]: # of matches found 92787 and it took: 119815ms
query [20679]: # of matches found 93389 and it took: 119270ms
query [20680]: # of matches found 92076 and it took: 118506ms
query [20681]: # of matches found 91637 and it took: 118044ms
query [20682]: # of matches found 89811 and it took: 118154ms
query [20683]: # of matches found 90183 and it took: 120421ms
query [20684]: # of matches found 91189 and it took: 117159ms
query [20685]: # of matches found 107516 and it took: 117709ms
query [20686]: # of matches found 108108 and it took: 118147ms
query [20687]: # of matches found 108531 and it took: 116949ms
query [20688]: # of matches found 109109 and it took: 116922ms
query [20689]: # of matches found 109470 and it took: 119510ms
query [20690]: # of matches found 110412 and it took: 119201ms
query [20691]: # of matches found 111337 and it took: 118290ms
query [20692]: # of matches found 111623 and it took: 118482ms
query [20693]: # of matches found 111537 and it took: 118872ms
query [20694]: # of matches found 111270 and it took: 118562ms
query [20695]: # of matches found 110544 and it took: 119152ms
query [20696]: # of matches found 110153 and it took: 120569ms
query [20697]: # of matches found 109076 and it took: 120432ms
query [20698]: # of matches found 107932 and it took: 121186ms
query [20699]: # of matches found 106572 and it took: 120230ms
query [20700]: # of matches found 106115 and it took: 121593ms
query [20701]: # of matches found 105458 and it took: 119013ms
query [20702]: # of matches found 105021 and it took: 119439ms
query [20703]: # of matches found 104165 and it took: 119756ms
query [20704]: # of matches found 103195 and it took: 118692ms
query [20705]: # of matches found 102568 and it took: 119926ms
query [20706]: # of matches found 101427 and it took: 119218ms
query [20707]: # of matches found 100451 and it took: 120919ms
query [20708]: # of matches found 101161 and it took: 119120ms
query [20709]: # of matches found 100788 and it took: 118337ms
query [20710]: # of matches found 100253 and it took: 118880ms
query [20711]: # of matches found 100037 and it took: 118726ms
query [20712]: # of matches found 99730 and it took: 117789ms
query [20713]: # of matches found 99502 and it took: 118139ms
query [20714]: # of matches found 99878 and it took: 119469ms
query [20715]: # of matches found 99763 and it took: 119322ms
query [20716]: # of matches found 100047 and it took: 119539ms
query [20717]: # of matches found 99740 and it took: 118754ms
query [20718]: # of matches found 100355 and it took: 120264ms
query [20719]: # of matches found 99784 and it took: 123879ms
query [20720]: # of matches found 99181 and it took: 119446ms
query [20721]: # of matches found 98365 and it took: 120022ms
query [20722]: # of matches found 98331 and it took: 118822ms
query [20723]: # of matches found 98613 and it took: 119723ms
query [20724]: # of matches found 99496 and it took: 120068ms
query [20725]: # of matches found 99830 and it took: 119270ms
query [20726]: # of matches found 100237 and it took: 119133ms
query [20727]: # of matches found 101402 and it took: 118149ms
query [20728]: # of matches found 101193 and it took: 118506ms
query [20729]: # of matches found 101613 and it took: 118688ms
query [20730]: # of matches found 101604 and it took: 118738ms
query [20731]: # of matches found 102703 and it took: 118710ms
query [20732]: # of matches found 103489 and it took: 117794ms
query [20733]: # of matches found 103354 and it took: 118622ms
query [20734]: # of matches found 102596 and it took: 118473ms
query [20735]: # of matches found 101850 and it took: 119062ms
query [20736]: # of matches found 102065 and it took: 117804ms
query [20737]: # of matches found 101952 and it took: 118309ms
query [20738]: # of matches found 96294 and it took: 119982ms
query [20739]: # of matches found 96088 and it took: 117946ms
query [20740]: # of matches found 96371 and it took: 118185ms
query [20741]: # of matches found 96081 and it took: 118555ms
query [20742]: # of matches found 97890 and it took: 117335ms
query [20743]: # of matches found 98953 and it took: 117644ms
query [20744]: # of matches found 98881 and it took: 117351ms
query [20745]: # of matches found 98846 and it took: 116826ms
query [20746]: # of matches found 98806 and it took: 116694ms
query [20747]: # of matches found 98695 and it took: 116720ms
query [20748]: # of matches found 98459 and it took: 117380ms
query [20749]: # of matches found 99231 and it took: 116424ms
query [20750]: # of matches found 99424 and it took: 116778ms
query [20751]: # of matches found 99676 and it took: 117772ms
query [20752]: # of matches found 100351 and it took: 116283ms
query [20753]: # of matches found 99117 and it took: 117281ms
query [20754]: # of matches found 100003 and it took: 117891ms
query [20755]: # of matches found 100353 and it took: 118181ms
query [20756]: # of matches found 100671 and it took: 117993ms
query [20757]: # of matches found 100689 and it took: 117047ms
query [20758]: # of matches found 100606 and it took: 118034ms
query [20759]: # of matches found 100146 and it took: 117911ms
query [20760]: # of matches found 100316 and it took: 118606ms
query [20761]: # of matches found 101003 and it took: 118655ms
query [20762]: # of matches found 102155 and it took: 119553ms
query [20763]: # of matches found 102509 and it took: 118149ms
query [20764]: # of matches found 103709 and it took: 117611ms
query [20765]: # of matches found 104202 and it took: 118146ms
query [20766]: # of matches found 104296 and it took: 119061ms
query [20767]: # of matches found 104599 and it took: 117374ms
query [20768]: # of matches found 103333 and it took: 118196ms
query [20769]: # of matches found 103377 and it took: 117930ms
query [20770]: # of matches found 102875 and it took: 117372ms
query [20771]: # of matches found 102898 and it took: 119851ms
query [20772]: # of matches found 102915 and it took: 117490ms
query [20773]: # of matches found 103294 and it took: 117665ms
query [20774]: # of matches found 103588 and it took: 116930ms
query [20775]: # of matches found 102971 and it took: 117615ms
query [20776]: # of matches found 102249 and it took: 118620ms
query [20777]: # of matches found 101069 and it took: 118942ms
query [20778]: # of matches found 99264 and it took: 117888ms
query [20779]: # of matches found 98278 and it took: 118291ms
query [20780]: # of matches found 97279 and it took: 117162ms
query [20781]: # of matches found 97223 and it took: 119815ms
query [20782]: # of matches found 97148 and it took: 117401ms
query [20783]: # of matches found 97179 and it took: 120356ms
query [20784]: # of matches found 97194 and it took: 118768ms
query [20785]: # of matches found 97255 and it took: 118653ms
query [20786]: # of matches found 97095 and it took: 118854ms
query [20787]: # of matches found 97014 and it took: 119053ms
query [20788]: # of matches found 114377 and it took: 119219ms
query [20789]: # of matches found 114350 and it took: 119922ms
query [20790]: # of matches found 114344 and it took: 119477ms
query [20791]: # of matches found 114263 and it took: 118813ms
query [20792]: # of matches found 114110 and it took: 120385ms
query [20793]: # of matches found 113842 and it took: 122395ms
query [20794]: # of matches found 113266 and it took: 119973ms
query [20795]: # of matches found 111127 and it took: 119996ms
query [20796]: # of matches found 111306 and it took: 119758ms
query [20797]: # of matches found 110419 and it took: 118813ms
query [20798]: # of matches found 110555 and it took: 118474ms
query [20799]: # of matches found 110515 and it took: 119669ms
query [20800]: # of matches found 110551 and it took: 118711ms
query [20801]: # of matches found 110431 and it took: 119081ms
query [20802]: # of matches found 110184 and it took: 119324ms
query [20803]: # of matches found 110030 and it took: 119273ms
query [20804]: # of matches found 109902 and it took: 119675ms
query [20805]: # of matches found 110011 and it took: 119161ms
query [20806]: # of matches found 108920 and it took: 118982ms
query [20807]: # of matches found 108273 and it took: 120197ms
query [20808]: # of matches found 108485 and it took: 119310ms
query [20809]: # of matches found 107935 and it took: 120519ms
query [20810]: # of matches found 107882 and it took: 120377ms
query [20811]: # of matches found 107549 and it took: 121005ms
query [20812]: # of matches found 105064 and it took: 120208ms
query [20813]: # of matches found 104323 and it took: 121513ms
query [20814]: # of matches found 103258 and it took: 120901ms
query [20815]: # of matches found 103344 and it took: 121282ms
query [20816]: # of matches found 102919 and it took: 121078ms
query [20817]: # of matches found 103353 and it took: 122458ms
query [20818]: # of matches found 103579 and it took: 122034ms
query [20819]: # of matches found 103685 and it took: 122642ms
query [20820]: # of matches found 104060 and it took: 122511ms
query [20821]: # of matches found 104811 and it took: 122792ms
query [20822]: # of matches found 104629 and it took: 122873ms
query [20823]: # of matches found 104586 and it took: 123378ms
query [20824]: # of matches found 104210 and it took: 122391ms
query [20825]: # of matches found 88664 and it took: 123187ms
query [20826]: # of matches found 87495 and it took: 122500ms
query [20827]: # of matches found 87810 and it took: 123534ms
query [20828]: # of matches found 87270 and it took: 123337ms
query [20829]: # of matches found 87234 and it took: 124486ms
query [20830]: # of matches found 86734 and it took: 123778ms
query [20831]: # of matches found 86074 and it took: 124158ms
query [20832]: # of matches found 86905 and it took: 122298ms
query [20833]: # of matches found 87884 and it took: 123470ms
query [20834]: # of matches found 88104 and it took: 123473ms
query [20835]: # of matches found 90119 and it took: 123417ms
query [20836]: # of matches found 90638 and it took: 122473ms
query [20837]: # of matches found 91288 and it took: 123677ms
query [20838]: # of matches found 92044 and it took: 121769ms
query [20839]: # of matches found 92298 and it took: 123558ms
query [20840]: # of matches found 93266 and it took: 122453ms
query [20841]: # of matches found 94404 and it took: 125079ms
query [20842]: # of matches found 97077 and it took: 123527ms
query [20843]: # of matches found 97642 and it took: 124185ms
query [20844]: # of matches found 98697 and it took: 123163ms
query [20845]: # of matches found 98697 and it took: 122864ms
query [20846]: # of matches found 98933 and it took: 123413ms
query [20847]: # of matches found 99116 and it took: 124295ms
query [20848]: # of matches found 98207 and it took: 123394ms
query [20849]: # of matches found 98916 and it took: 123828ms
query [20850]: # of matches found 99311 and it took: 122978ms
query [20851]: # of matches found 99364 and it took: 124271ms
query [20852]: # of matches found 100172 and it took: 124481ms
query [20853]: # of matches found 100438 and it took: 123684ms
query [20854]: # of matches found 100737 and it took: 123461ms
query [20855]: # of matches found 101312 and it took: 124105ms
query [20856]: # of matches found 101063 and it took: 123207ms
query [20857]: # of matches found 100896 and it took: 125440ms
query [20858]: # of matches found 99680 and it took: 123187ms
query [20859]: # of matches found 99318 and it took: 123665ms
query [20860]: # of matches found 99306 and it took: 122350ms
query [20861]: # of matches found 99207 and it took: 123843ms
query [20862]: # of matches found 99266 and it took: 123646ms
query [20863]: # of matches found 98684 and it took: 124136ms
query [20864]: # of matches found 97602 and it took: 123236ms
query [20865]: # of matches found 97273 and it took: 123932ms
query [20866]: # of matches found 97063 and it took: 122898ms
query [20867]: # of matches found 95856 and it took: 123278ms
query [20868]: # of matches found 95310 and it took: 124009ms
query [20869]: # of matches found 94999 and it took: 125596ms
query [20870]: # of matches found 94654 and it took: 125771ms
query [20871]: # of matches found 93332 and it took: 125371ms
query [20872]: # of matches found 92393 and it took: 124231ms
query [20873]: # of matches found 92082 and it took: 125817ms
query [20874]: # of matches found 92717 and it took: 124681ms
query [20875]: # of matches found 92897 and it took: 124717ms
query [20876]: # of matches found 92761 and it took: 125475ms
query [20877]: # of matches found 92734 and it took: 125317ms
query [20878]: # of matches found 94874 and it took: 124974ms
query [20879]: # of matches found 94463 and it took: 125847ms
query [20880]: # of matches found 94008 and it took: 124176ms
query [20881]: # of matches found 94560 and it took: 125262ms
query [20882]: # of matches found 92798 and it took: 124150ms
query [20883]: # of matches found 91638 and it took: 125471ms
query [20884]: # of matches found 91420 and it took: 124517ms
query [20885]: # of matches found 91207 and it took: 123578ms
query [20886]: # of matches found 91160 and it took: 124223ms
query [20887]: # of matches found 91049 and it took: 123853ms
query [20888]: # of matches found 91204 and it took: 126584ms
query [20889]: # of matches found 90256 and it took: 124762ms
query [20890]: # of matches found 90035 and it took: 125244ms
query [20891]: # of matches found 89960 and it took: 124619ms
query [20892]: # of matches found 90069 and it took: 123426ms
query [20893]: # of matches found 90374 and it took: 124520ms
query [20894]: # of matches found 89907 and it took: 122699ms
query [20895]: # of matches found 90324 and it took: 123345ms
query [20896]: # of matches found 89991 and it took: 123134ms
query [20897]: # of matches found 89833 and it took: 123710ms
query [20898]: # of matches found 89356 and it took: 122711ms
query [20899]: # of matches found 89219 and it took: 122959ms
query [20900]: # of matches found 89309 and it took: 123427ms
query [20901]: # of matches found 88654 and it took: 122557ms
query [20902]: # of matches found 86926 and it took: 122434ms
query [20903]: # of matches found 86542 and it took: 123228ms
query [20904]: # of matches found 85111 and it took: 121894ms
query [20905]: # of matches found 84772 and it took: 121853ms
query [20906]: # of matches found 84264 and it took: 122862ms
query [20907]: # of matches found 84175 and it took: 126386ms
query [20908]: # of matches found 83640 and it took: 124429ms
query [20909]: # of matches found 83304 and it took: 123745ms
query [20910]: # of matches found 83011 and it took: 122547ms
query [20911]: # of matches found 82847 and it took: 122707ms
query [20912]: # of matches found 82662 and it took: 122661ms
query [20913]: # of matches found 82121 and it took: 122772ms
query [20914]: # of matches found 81521 and it took: 122281ms
query [20915]: # of matches found 81400 and it took: 122438ms
query [20916]: # of matches found 81241 and it took: 124894ms
query [20917]: # of matches found 81095 and it took: 124393ms
query [20918]: # of matches found 80970 and it took: 122512ms
query [20919]: # of matches found 81447 and it took: 123511ms
query [20920]: # of matches found 81716 and it took: 122996ms
query [20921]: # of matches found 82630 and it took: 122776ms
query [20922]: # of matches found 83121 and it took: 122753ms
query [20923]: # of matches found 83446 and it took: 123195ms
query [20924]: # of matches found 84180 and it took: 122102ms
query [20925]: # of matches found 85265 and it took: 122887ms
query [20926]: # of matches found 87957 and it took: 122279ms
query [20927]: # of matches found 89105 and it took: 122147ms
query [20928]: # of matches found 72746 and it took: 122098ms
query [20929]: # of matches found 73831 and it took: 123035ms
query [20930]: # of matches found 74363 and it took: 123454ms
query [20931]: # of matches found 74931 and it took: 122058ms
query [20932]: # of matches found 76498 and it took: 122445ms
query [20933]: # of matches found 77061 and it took: 122016ms
query [20934]: # of matches found 78241 and it took: 121480ms
query [20935]: # of matches found 79868 and it took: 121052ms
query [20936]: # of matches found 82437 and it took: 121343ms
query [20937]: # of matches found 84779 and it took: 120681ms
query [20938]: # of matches found 89220 and it took: 119979ms
query [20939]: # of matches found 91969 and it took: 120374ms
query [20940]: # of matches found 92828 and it took: 120477ms
query [20941]: # of matches found 93486 and it took: 121361ms
query [20942]: # of matches found 93706 and it took: 119833ms
query [20943]: # of matches found 94106 and it took: 123188ms
query [20944]: # of matches found 94679 and it took: 120692ms
query [20945]: # of matches found 95159 and it took: 119602ms
query [20946]: # of matches found 96839 and it took: 122299ms
query [20947]: # of matches found 97156 and it took: 119995ms
query [20948]: # of matches found 96768 and it took: 120441ms
query [20949]: # of matches found 96714 and it took: 120553ms
query [20950]: # of matches found 96607 and it took: 120592ms
query [20951]: # of matches found 96725 and it took: 120931ms
query [20952]: # of matches found 96579 and it took: 118208ms
query [20953]: # of matches found 96453 and it took: 120154ms
query [20954]: # of matches found 96818 and it took: 117897ms
query [20955]: # of matches found 97802 and it took: 118556ms
query [20956]: # of matches found 97659 and it took: 117813ms
query [20957]: # of matches found 97188 and it took: 116398ms
query [20958]: # of matches found 96623 and it took: 117131ms
query [20959]: # of matches found 96247 and it took: 116499ms
query [20960]: # of matches found 96206 and it took: 116449ms
query [20961]: # of matches found 95693 and it took: 115321ms
query [20962]: # of matches found 97898 and it took: 115766ms
query [20963]: # of matches found 98936 and it took: 116202ms
query [20964]: # of matches found 98739 and it took: 114705ms
query [20965]: # of matches found 98685 and it took: 115252ms
query [20966]: # of matches found 98725 and it took: 115569ms
query [20967]: # of matches found 98335 and it took: 114070ms
query [20968]: # of matches found 98810 and it took: 114599ms
query [20969]: # of matches found 98714 and it took: 114082ms
query [20970]: # of matches found 98684 and it took: 114847ms
query [20971]: # of matches found 98693 and it took: 114883ms
query [20972]: # of matches found 97843 and it took: 114994ms
query [20973]: # of matches found 96650 and it took: 114549ms
query [20974]: # of matches found 96500 and it took: 112574ms
query [20975]: # of matches found 95149 and it took: 113583ms
query [20976]: # of matches found 95269 and it took: 114208ms
query [20977]: # of matches found 94739 and it took: 112770ms
query [20978]: # of matches found 94489 and it took: 112748ms
query [20979]: # of matches found 94313 and it took: 111339ms
query [20980]: # of matches found 93995 and it took: 111523ms
query [20981]: # of matches found 93363 and it took: 112202ms
query [20982]: # of matches found 91432 and it took: 112575ms
query [20983]: # of matches found 90168 and it took: 112199ms
query [20984]: # of matches found 89504 and it took: 112047ms
query [20985]: # of matches found 89813 and it took: 111395ms
query [20986]: # of matches found 90101 and it took: 112044ms
query [20987]: # of matches found 90568 and it took: 112344ms
query [20988]: # of matches found 91122 and it took: 111036ms
query [20989]: # of matches found 91160 and it took: 110807ms
query [20990]: # of matches found 91620 and it took: 110532ms
query [20991]: # of matches found 92248 and it took: 110602ms
query [20992]: # of matches found 91684 and it took: 111215ms
query [20993]: # of matches found 91049 and it took: 109954ms
query [20994]: # of matches found 91095 and it took: 109672ms
query [20995]: # of matches found 90324 and it took: 110434ms
query [20996]: # of matches found 90304 and it took: 110985ms
query [20997]: # of matches found 90420 and it took: 109187ms
query [20998]: # of matches found 90348 and it took: 108922ms
query [20999]: # of matches found 90277 and it took: 110514ms
PARMIK's matches per query up to q (1000) => [average: 99235, median: 96746, sum: 99235330]
Starting alignment for all queries [rev]...
queryBaseIndex: 20000
query [20000]: # of matches found 67671 and it took: 120749ms
query [20001]: # of matches found 67383 and it took: 120206ms
query [20002]: # of matches found 66834 and it took: 120207ms
query [20003]: # of matches found 66871 and it took: 120086ms
query [20004]: # of matches found 66762 and it took: 121057ms
query [20005]: # of matches found 67675 and it took: 119863ms
query [20006]: # of matches found 68581 and it took: 118927ms
query [20007]: # of matches found 69385 and it took: 118698ms
query [20008]: # of matches found 69766 and it took: 121080ms
query [20009]: # of matches found 71353 and it took: 118353ms
query [20010]: # of matches found 71894 and it took: 117208ms
query [20011]: # of matches found 74893 and it took: 118307ms
query [20012]: # of matches found 75454 and it took: 118656ms
query [20013]: # of matches found 75446 and it took: 118788ms
query [20014]: # of matches found 75858 and it took: 118302ms
query [20015]: # of matches found 75768 and it took: 118605ms
query [20016]: # of matches found 76533 and it took: 117452ms
query [20017]: # of matches found 76671 and it took: 117432ms
query [20018]: # of matches found 76308 and it took: 119399ms
query [20019]: # of matches found 75445 and it took: 118206ms
query [20020]: # of matches found 74959 and it took: 117630ms
query [20021]: # of matches found 75804 and it took: 118687ms
query [20022]: # of matches found 77472 and it took: 118917ms
query [20023]: # of matches found 78499 and it took: 119356ms
query [20024]: # of matches found 80090 and it took: 119230ms
query [20025]: # of matches found 81555 and it took: 119428ms
query [20026]: # of matches found 82751 and it took: 117023ms
query [20027]: # of matches found 83975 and it took: 116913ms
query [20028]: # of matches found 84319 and it took: 118272ms
query [20029]: # of matches found 85041 and it took: 117864ms
query [20030]: # of matches found 85275 and it took: 116290ms
query [20031]: # of matches found 85370 and it took: 117067ms
query [20032]: # of matches found 85940 and it took: 116495ms
query [20033]: # of matches found 85488 and it took: 116957ms
query [20034]: # of matches found 85834 and it took: 116839ms
query [20035]: # of matches found 86123 and it took: 117083ms
query [20036]: # of matches found 86144 and it took: 119931ms
query [20037]: # of matches found 86547 and it took: 118642ms
query [20038]: # of matches found 86449 and it took: 117229ms
query [20039]: # of matches found 85474 and it took: 118144ms
query [20040]: # of matches found 85032 and it took: 117389ms
query [20041]: # of matches found 85140 and it took: 119093ms
query [20042]: # of matches found 84597 and it took: 118814ms
query [20043]: # of matches found 85625 and it took: 119226ms
query [20044]: # of matches found 86195 and it took: 118278ms
query [20045]: # of matches found 86478 and it took: 115595ms
query [20046]: # of matches found 85324 and it took: 116498ms
query [20047]: # of matches found 85449 and it took: 117176ms
query [20048]: # of matches found 84979 and it took: 115942ms
query [20049]: # of matches found 84562 and it took: 114480ms
query [20050]: # of matches found 84542 and it took: 116315ms
query [20051]: # of matches found 84909 and it took: 116330ms
query [20052]: # of matches found 85810 and it took: 116844ms
query [20053]: # of matches found 86139 and it took: 116876ms
query [20054]: # of matches found 86191 and it took: 117296ms
query [20055]: # of matches found 86381 and it took: 117360ms
query [20056]: # of matches found 86066 and it took: 116507ms
query [20057]: # of matches found 86552 and it took: 116594ms
query [20058]: # of matches found 86580 and it took: 118767ms
query [20059]: # of matches found 86378 and it took: 115762ms
query [20060]: # of matches found 85479 and it took: 117651ms
query [20061]: # of matches found 85322 and it took: 116785ms
query [20062]: # of matches found 85076 and it took: 118665ms
query [20063]: # of matches found 84437 and it took: 118239ms
query [20064]: # of matches found 84474 and it took: 117502ms
query [20065]: # of matches found 84066 and it took: 119022ms
query [20066]: # of matches found 83723 and it took: 116913ms
query [20067]: # of matches found 83676 and it took: 117023ms
query [20068]: # of matches found 83717 and it took: 117846ms
query [20069]: # of matches found 84134 and it took: 117269ms
query [20070]: # of matches found 84205 and it took: 118500ms
query [20071]: # of matches found 84060 and it took: 117199ms
query [20072]: # of matches found 84664 and it took: 116700ms
query [20073]: # of matches found 84803 and it took: 116445ms
query [20074]: # of matches found 85335 and it took: 118165ms
query [20075]: # of matches found 85260 and it took: 117042ms
query [20076]: # of matches found 86417 and it took: 116943ms
query [20077]: # of matches found 86779 and it took: 118226ms
query [20078]: # of matches found 87378 and it took: 116486ms
query [20079]: # of matches found 87884 and it took: 115364ms
query [20080]: # of matches found 88157 and it took: 114558ms
query [20081]: # of matches found 89302 and it took: 114506ms
query [20082]: # of matches found 92794 and it took: 114582ms
query [20083]: # of matches found 92539 and it took: 115682ms
query [20084]: # of matches found 92805 and it took: 116626ms
query [20085]: # of matches found 92795 and it took: 115557ms
query [20086]: # of matches found 93030 and it took: 116172ms
query [20087]: # of matches found 92931 and it took: 116594ms
query [20088]: # of matches found 92718 and it took: 116212ms
query [20089]: # of matches found 91897 and it took: 115206ms
query [20090]: # of matches found 91204 and it took: 115245ms
query [20091]: # of matches found 90965 and it took: 113448ms
query [20092]: # of matches found 91000 and it took: 114487ms
query [20093]: # of matches found 106571 and it took: 114807ms
query [20094]: # of matches found 106855 and it took: 113905ms
query [20095]: # of matches found 107294 and it took: 114230ms
query [20096]: # of matches found 107367 and it took: 114419ms
query [20097]: # of matches found 107749 and it took: 114384ms
query [20098]: # of matches found 109908 and it took: 113628ms
query [20099]: # of matches found 110084 and it took: 114099ms
query [20100]: # of matches found 110067 and it took: 114433ms
query [20101]: # of matches found 112267 and it took: 113693ms
query [20102]: # of matches found 112958 and it took: 115163ms
query [20103]: # of matches found 114632 and it took: 115573ms
query [20104]: # of matches found 114166 and it took: 114327ms
query [20105]: # of matches found 114780 and it took: 114079ms
query [20106]: # of matches found 115461 and it took: 115164ms
query [20107]: # of matches found 115450 and it took: 116091ms
query [20108]: # of matches found 116761 and it took: 113574ms
query [20109]: # of matches found 117471 and it took: 113491ms
query [20110]: # of matches found 118472 and it took: 114551ms
query [20111]: # of matches found 119924 and it took: 112813ms
query [20112]: # of matches found 121569 and it took: 113522ms
query [20113]: # of matches found 122964 and it took: 113589ms
query [20114]: # of matches found 123492 and it took: 113632ms
query [20115]: # of matches found 124895 and it took: 112847ms
query [20116]: # of matches found 125516 and it took: 113045ms
query [20117]: # of matches found 125651 and it took: 113382ms
query [20118]: # of matches found 126163 and it took: 112902ms
query [20119]: # of matches found 126056 and it took: 112498ms
query [20120]: # of matches found 126137 and it took: 113865ms
query [20121]: # of matches found 126340 and it took: 113673ms
query [20122]: # of matches found 127666 and it took: 112951ms
query [20123]: # of matches found 127483 and it took: 113700ms
query [20124]: # of matches found 127124 and it took: 113716ms
query [20125]: # of matches found 127379 and it took: 114731ms
query [20126]: # of matches found 127747 and it took: 113897ms
query [20127]: # of matches found 127927 and it took: 114463ms
query [20128]: # of matches found 128814 and it took: 114497ms
query [20129]: # of matches found 131824 and it took: 114146ms
query [20130]: # of matches found 131796 and it took: 115448ms
query [20131]: # of matches found 131928 and it took: 115639ms
query [20132]: # of matches found 132655 and it took: 115169ms
query [20133]: # of matches found 133821 and it took: 116566ms
query [20134]: # of matches found 133383 and it took: 116061ms
query [20135]: # of matches found 133689 and it took: 116183ms
query [20136]: # of matches found 134076 and it took: 117502ms
query [20137]: # of matches found 133814 and it took: 117291ms
query [20138]: # of matches found 133939 and it took: 116800ms
query [20139]: # of matches found 134874 and it took: 116981ms
query [20140]: # of matches found 134716 and it took: 116829ms
query [20141]: # of matches found 134787 and it took: 116596ms
query [20142]: # of matches found 134439 and it took: 117205ms
query [20143]: # of matches found 134322 and it took: 117247ms
query [20144]: # of matches found 134537 and it took: 116963ms
query [20145]: # of matches found 133660 and it took: 116887ms
query [20146]: # of matches found 133298 and it took: 117029ms
query [20147]: # of matches found 132173 and it took: 117520ms
query [20148]: # of matches found 131889 and it took: 117971ms
query [20149]: # of matches found 130094 and it took: 116742ms
query [20150]: # of matches found 129670 and it took: 118347ms
query [20151]: # of matches found 127093 and it took: 116231ms
query [20152]: # of matches found 126507 and it took: 116459ms
query [20153]: # of matches found 126001 and it took: 117187ms
query [20154]: # of matches found 126885 and it took: 117609ms
query [20155]: # of matches found 128261 and it took: 117451ms
query [20156]: # of matches found 127662 and it took: 117807ms
query [20157]: # of matches found 126358 and it took: 117582ms
query [20158]: # of matches found 125574 and it took: 117178ms
query [20159]: # of matches found 124781 and it took: 117605ms
query [20160]: # of matches found 124039 and it took: 118556ms
query [20161]: # of matches found 123818 and it took: 117442ms
query [20162]: # of matches found 121966 and it took: 117873ms
query [20163]: # of matches found 121412 and it took: 117942ms
query [20164]: # of matches found 119833 and it took: 117986ms
query [20165]: # of matches found 119005 and it took: 118204ms
query [20166]: # of matches found 117259 and it took: 118796ms
query [20167]: # of matches found 115995 and it took: 117894ms
query [20168]: # of matches found 115624 and it took: 117172ms
query [20169]: # of matches found 115158 and it took: 117535ms
query [20170]: # of matches found 114976 and it took: 117944ms
query [20171]: # of matches found 115865 and it took: 117994ms
query [20172]: # of matches found 115589 and it took: 118150ms
query [20173]: # of matches found 115397 and it took: 117853ms
query [20174]: # of matches found 114892 and it took: 118262ms
query [20175]: # of matches found 114876 and it took: 118134ms
query [20176]: # of matches found 114046 and it took: 120714ms
query [20177]: # of matches found 113551 and it took: 117030ms
query [20178]: # of matches found 113168 and it took: 119147ms
query [20179]: # of matches found 113115 and it took: 118640ms
query [20180]: # of matches found 113019 and it took: 118944ms
query [20181]: # of matches found 112934 and it took: 118896ms
query [20182]: # of matches found 113180 and it took: 119890ms
query [20183]: # of matches found 112316 and it took: 118625ms
query [20184]: # of matches found 111231 and it took: 119104ms
query [20185]: # of matches found 110298 and it took: 120774ms
query [20186]: # of matches found 110688 and it took: 118517ms
query [20187]: # of matches found 110544 and it took: 120182ms
query [20188]: # of matches found 110529 and it took: 118315ms
query [20189]: # of matches found 110775 and it took: 118880ms
query [20190]: # of matches found 111284 and it took: 118475ms
query [20191]: # of matches found 111422 and it took: 119010ms
query [20192]: # of matches found 110351 and it took: 117801ms
query [20193]: # of matches found 109708 and it took: 118860ms
query [20194]: # of matches found 109468 and it took: 118972ms
query [20195]: # of matches found 109655 and it took: 118668ms
query [20196]: # of matches found 110153 and it took: 119013ms
query [20197]: # of matches found 109846 and it took: 118449ms
query [20198]: # of matches found 109936 and it took: 116927ms
query [20199]: # of matches found 110156 and it took: 118424ms
query [20200]: # of matches found 110133 and it took: 118185ms
query [20201]: # of matches found 110321 and it took: 117575ms
query [20202]: # of matches found 110873 and it took: 118575ms
query [20203]: # of matches found 111152 and it took: 120258ms
query [20204]: # of matches found 111393 and it took: 120868ms
query [20205]: # of matches found 111950 and it took: 120301ms
query [20206]: # of matches found 111567 and it took: 119480ms
query [20207]: # of matches found 111224 and it took: 119852ms
query [20208]: # of matches found 110918 and it took: 118370ms
query [20209]: # of matches found 110458 and it took: 119674ms
query [20210]: # of matches found 110111 and it took: 120349ms
query [20211]: # of matches found 110068 and it took: 118903ms
query [20212]: # of matches found 109654 and it took: 118961ms
query [20213]: # of matches found 109389 and it took: 119248ms
query [20214]: # of matches found 110045 and it took: 120139ms
query [20215]: # of matches found 109602 and it took: 119316ms
query [20216]: # of matches found 108725 and it took: 119253ms
query [20217]: # of matches found 108206 and it took: 120410ms
query [20218]: # of matches found 107677 and it took: 119004ms
query [20219]: # of matches found 106816 and it took: 119284ms
query [20220]: # of matches found 106503 and it took: 120356ms
query [20221]: # of matches found 106404 and it took: 119778ms
query [20222]: # of matches found 103931 and it took: 119431ms
query [20223]: # of matches found 103050 and it took: 120585ms
query [20224]: # of matches found 102952 and it took: 120091ms
query [20225]: # of matches found 102992 and it took: 120527ms
query [20226]: # of matches found 103282 and it took: 120087ms
query [20227]: # of matches found 102952 and it took: 119772ms
query [20228]: # of matches found 102775 and it took: 119658ms
query [20229]: # of matches found 103251 and it took: 119612ms
query [20230]: # of matches found 102852 and it took: 119648ms
query [20231]: # of matches found 103192 and it took: 120734ms
query [20232]: # of matches found 103286 and it took: 121513ms
query [20233]: # of matches found 87611 and it took: 120602ms
query [20234]: # of matches found 87652 and it took: 121749ms
query [20235]: # of matches found 87267 and it took: 120785ms
query [20236]: # of matches found 87077 and it took: 121405ms
query [20237]: # of matches found 86663 and it took: 121593ms
query [20238]: # of matches found 84532 and it took: 123620ms
query [20239]: # of matches found 84401 and it took: 122446ms
query [20240]: # of matches found 84085 and it took: 122999ms
query [20241]: # of matches found 82989 and it took: 122983ms
query [20242]: # of matches found 81414 and it took: 122847ms
query [20243]: # of matches found 80124 and it took: 123323ms
query [20244]: # of matches found 79283 and it took: 123614ms
query [20245]: # of matches found 80176 and it took: 124064ms
query [20246]: # of matches found 80081 and it took: 122694ms
query [20247]: # of matches found 79919 and it took: 122897ms
query [20248]: # of matches found 78388 and it took: 122692ms
query [20249]: # of matches found 77802 and it took: 123667ms
query [20250]: # of matches found 77509 and it took: 122430ms
query [20251]: # of matches found 76470 and it took: 124181ms
query [20252]: # of matches found 77083 and it took: 122211ms
query [20253]: # of matches found 76137 and it took: 123378ms
query [20254]: # of matches found 75748 and it took: 123684ms
query [20255]: # of matches found 73723 and it took: 123677ms
query [20256]: # of matches found 73059 and it took: 122894ms
query [20257]: # of matches found 72489 and it took: 123492ms
query [20258]: # of matches found 71248 and it took: 122475ms
query [20259]: # of matches found 71605 and it took: 123972ms
query [20260]: # of matches found 71682 and it took: 123236ms
query [20261]: # of matches found 71153 and it took: 124155ms
query [20262]: # of matches found 69339 and it took: 122875ms
query [20263]: # of matches found 69807 and it took: 122611ms
query [20264]: # of matches found 70366 and it took: 123772ms
query [20265]: # of matches found 70866 and it took: 124547ms
query [20266]: # of matches found 71818 and it took: 122927ms
query [20267]: # of matches found 74650 and it took: 122866ms
query [20268]: # of matches found 75984 and it took: 121984ms
query [20269]: # of matches found 76219 and it took: 121669ms
query [20270]: # of matches found 73829 and it took: 121680ms
query [20271]: # of matches found 74134 and it took: 122937ms
query [20272]: # of matches found 73932 and it took: 122207ms
query [20273]: # of matches found 75041 and it took: 121520ms
query [20274]: # of matches found 75484 and it took: 121589ms
query [20275]: # of matches found 78659 and it took: 122629ms
query [20276]: # of matches found 78646 and it took: 122079ms
query [20277]: # of matches found 82255 and it took: 121694ms
query [20278]: # of matches found 81966 and it took: 121425ms
query [20279]: # of matches found 81387 and it took: 121627ms
query [20280]: # of matches found 82259 and it took: 122100ms
query [20281]: # of matches found 82740 and it took: 120874ms
query [20282]: # of matches found 83233 and it took: 119796ms
query [20283]: # of matches found 83883 and it took: 121416ms
query [20284]: # of matches found 83501 and it took: 120046ms
query [20285]: # of matches found 86578 and it took: 119363ms
query [20286]: # of matches found 86684 and it took: 119616ms
query [20287]: # of matches found 86413 and it took: 120530ms
query [20288]: # of matches found 86314 and it took: 119256ms
query [20289]: # of matches found 86422 and it took: 120857ms
query [20290]: # of matches found 86480 and it took: 122005ms
query [20291]: # of matches found 86301 and it took: 121818ms
query [20292]: # of matches found 86199 and it took: 120815ms
query [20293]: # of matches found 85731 and it took: 120361ms
query [20294]: # of matches found 84764 and it took: 120399ms
query [20295]: # of matches found 83730 and it took: 122733ms
query [20296]: # of matches found 82498 and it took: 122186ms
query [20297]: # of matches found 81985 and it took: 120443ms
query [20298]: # of matches found 82975 and it took: 119461ms
query [20299]: # of matches found 84356 and it took: 120614ms
query [20300]: # of matches found 85744 and it took: 120289ms
query [20301]: # of matches found 85624 and it took: 123092ms
query [20302]: # of matches found 86375 and it took: 120659ms
query [20303]: # of matches found 86474 and it took: 120792ms
query [20304]: # of matches found 87888 and it took: 121293ms
query [20305]: # of matches found 88847 and it took: 121275ms
query [20306]: # of matches found 90885 and it took: 120309ms
query [20307]: # of matches found 91196 and it took: 122452ms
query [20308]: # of matches found 91953 and it took: 118327ms
query [20309]: # of matches found 93161 and it took: 121105ms
query [20310]: # of matches found 93297 and it took: 119044ms
query [20311]: # of matches found 93802 and it took: 119760ms
query [20312]: # of matches found 93006 and it took: 118284ms
query [20313]: # of matches found 93356 and it took: 117985ms
query [20314]: # of matches found 93917 and it took: 117675ms
query [20315]: # of matches found 93723 and it took: 119443ms
query [20316]: # of matches found 93816 and it took: 117248ms
query [20317]: # of matches found 94083 and it took: 117355ms
query [20318]: # of matches found 94338 and it took: 117432ms
query [20319]: # of matches found 94467 and it took: 116685ms
query [20320]: # of matches found 94739 and it took: 116410ms
query [20321]: # of matches found 94620 and it took: 117664ms
query [20322]: # of matches found 94256 and it took: 117004ms
query [20323]: # of matches found 94119 and it took: 117670ms
query [20324]: # of matches found 94988 and it took: 118197ms
query [20325]: # of matches found 95436 and it took: 117592ms
query [20326]: # of matches found 96457 and it took: 117608ms
query [20327]: # of matches found 95921 and it took: 118855ms
query [20328]: # of matches found 95717 and it took: 117557ms
query [20329]: # of matches found 95782 and it took: 120411ms
query [20330]: # of matches found 95217 and it took: 118544ms
query [20331]: # of matches found 95392 and it took: 117965ms
query [20332]: # of matches found 99992 and it took: 118097ms
query [20333]: # of matches found 100125 and it took: 118496ms
query [20334]: # of matches found 100593 and it took: 118045ms
query [20335]: # of matches found 100576 and it took: 117926ms
query [20336]: # of matches found 100403 and it took: 118145ms
query [20337]: # of matches found 100612 and it took: 118859ms
query [20338]: # of matches found 100702 and it took: 118155ms
query [20339]: # of matches found 100384 and it took: 118405ms
query [20340]: # of matches found 100446 and it took: 119315ms
query [20341]: # of matches found 100222 and it took: 119054ms
query [20342]: # of matches found 99743 and it took: 119449ms
query [20343]: # of matches found 99385 and it took: 121248ms
query [20344]: # of matches found 99244 and it took: 119541ms
query [20345]: # of matches found 102890 and it took: 118532ms
query [20346]: # of matches found 104767 and it took: 118525ms
query [20347]: # of matches found 107626 and it took: 117082ms
query [20348]: # of matches found 108614 and it took: 118054ms
query [20349]: # of matches found 109134 and it took: 117666ms
query [20350]: # of matches found 109504 and it took: 118879ms
query [20351]: # of matches found 109599 and it took: 118292ms
query [20352]: # of matches found 109969 and it took: 118979ms
query [20353]: # of matches found 109710 and it took: 120693ms
query [20354]: # of matches found 108514 and it took: 118526ms
query [20355]: # of matches found 108577 and it took: 118501ms
query [20356]: # of matches found 109180 and it took: 118558ms
query [20357]: # of matches found 109281 and it took: 118041ms
query [20358]: # of matches found 109765 and it took: 117459ms
query [20359]: # of matches found 110587 and it took: 117527ms
query [20360]: # of matches found 110709 and it took: 117891ms
query [20361]: # of matches found 112113 and it took: 118632ms
query [20362]: # of matches found 111735 and it took: 117060ms
query [20363]: # of matches found 112770 and it took: 118103ms
query [20364]: # of matches found 113678 and it took: 117021ms
query [20365]: # of matches found 114107 and it took: 117538ms
query [20366]: # of matches found 113832 and it took: 116376ms
query [20367]: # of matches found 115063 and it took: 115083ms
query [20368]: # of matches found 115635 and it took: 115847ms
query [20369]: # of matches found 115598 and it took: 115407ms
query [20370]: # of matches found 115919 and it took: 114457ms
query [20371]: # of matches found 116375 and it took: 116154ms
query [20372]: # of matches found 116648 and it took: 114247ms
query [20373]: # of matches found 117179 and it took: 114791ms
query [20374]: # of matches found 118204 and it took: 115597ms
query [20375]: # of matches found 120216 and it took: 114893ms
query [20376]: # of matches found 122324 and it took: 115950ms
query [20377]: # of matches found 123408 and it took: 113462ms
query [20378]: # of matches found 124616 and it took: 114626ms
query [20379]: # of matches found 125708 and it took: 113410ms
query [20380]: # of matches found 127396 and it took: 113796ms
query [20381]: # of matches found 128194 and it took: 112422ms
query [20382]: # of matches found 130437 and it took: 112316ms
query [20383]: # of matches found 132111 and it took: 113069ms
query [20384]: # of matches found 133306 and it took: 112306ms
query [20385]: # of matches found 132921 and it took: 112724ms
query [20386]: # of matches found 133038 and it took: 112210ms
query [20387]: # of matches found 133483 and it took: 112345ms
query [20388]: # of matches found 134583 and it took: 114224ms
query [20389]: # of matches found 136791 and it took: 111362ms
query [20390]: # of matches found 139336 and it took: 112297ms
query [20391]: # of matches found 146210 and it took: 112500ms
query [20392]: # of matches found 146480 and it took: 112533ms
query [20393]: # of matches found 146861 and it took: 112217ms
query [20394]: # of matches found 147084 and it took: 112752ms
query [20395]: # of matches found 147443 and it took: 111853ms
query [20396]: # of matches found 147779 and it took: 111334ms
query [20397]: # of matches found 148175 and it took: 111204ms
query [20398]: # of matches found 148326 and it took: 112243ms
query [20399]: # of matches found 148025 and it took: 111097ms
query [20400]: # of matches found 148233 and it took: 112431ms
query [20401]: # of matches found 147830 and it took: 113474ms
query [20402]: # of matches found 147538 and it took: 110911ms
query [20403]: # of matches found 147600 and it took: 111223ms
query [20404]: # of matches found 147045 and it took: 112057ms
query [20405]: # of matches found 146271 and it took: 111586ms
query [20406]: # of matches found 146619 and it took: 110302ms
query [20407]: # of matches found 144116 and it took: 109999ms
query [20408]: # of matches found 143175 and it took: 110858ms
query [20409]: # of matches found 143320 and it took: 110102ms
query [20410]: # of matches found 142273 and it took: 111298ms
query [20411]: # of matches found 142223 and it took: 110258ms
query [20412]: # of matches found 142341 and it took: 110431ms
query [20413]: # of matches found 140616 and it took: 111504ms
query [20414]: # of matches found 139823 and it took: 111333ms
query [20415]: # of matches found 136647 and it took: 110972ms
query [20416]: # of matches found 135738 and it took: 110600ms
query [20417]: # of matches found 131686 and it took: 109470ms
query [20418]: # of matches found 132934 and it took: 110379ms
query [20419]: # of matches found 132764 and it took: 111132ms
query [20420]: # of matches found 133287 and it took: 111061ms
query [20421]: # of matches found 133627 and it took: 111004ms
query [20422]: # of matches found 133543 and it took: 110492ms
query [20423]: # of matches found 132759 and it took: 110440ms
query [20424]: # of matches found 132937 and it took: 110313ms
query [20425]: # of matches found 132848 and it took: 110586ms
query [20426]: # of matches found 130541 and it took: 109764ms
query [20427]: # of matches found 130737 and it took: 109048ms
query [20428]: # of matches found 130978 and it took: 109702ms
query [20429]: # of matches found 131178 and it took: 111679ms
query [20430]: # of matches found 131321 and it took: 111468ms
query [20431]: # of matches found 132040 and it took: 110596ms
query [20432]: # of matches found 132092 and it took: 111537ms
query [20433]: # of matches found 132327 and it took: 110948ms
query [20434]: # of matches found 132444 and it took: 110412ms
query [20435]: # of matches found 132469 and it took: 110635ms
query [20436]: # of matches found 132605 and it took: 110510ms
query [20437]: # of matches found 132496 and it took: 110677ms
