no penaltyFileAddress!
no identityPercentage (default = 0.9)!
no otherToolArg!
**********************CONFIGURATIONS*****************************
PARMIK mode:                  0
readDatabaseAddress:          /p/lava/parmik/partialMatcherProject/datasets/metagenomicDB/SRR12432009/SRR12432009_reads
readFileName:                 SRR12432009_reads
queryFileAddress:             /p/lava/parmik/partialMatcherProject/datasets/queryFiles/covidQueryFiles/NC_045512_queries
queryFileName:                NC_045512_queries
otherToolOutputFileAddress:   /u/rgq5aw/GIT/PARMIK/partialMatcherProject/tools/blast/SRR12432009/NC_045512/blastn_ws30_results.out
outputDir:                    /p/lava/parmik/partialMatcherProject/tools/parmik/CK_SSW_ID_PRCNTG/SRR12432009/NC_045512
penaltyFileAddress:           
readsCount:                   17000000
queryCount:                   30000
kmerLength:                   8
regionSize:                   50
cheapKmerThreshold:           5000
identityPercentage:           0.9
minExactMatchLen:             0
minNumExactMatchKmer:         5
isIndexOffline:               0
offlineIndexAddress:          /p/lava/parmik/partialMatcherProject/tools/parmik/CK_INDEX/SRR12432009/
max editDistance in min region: 4
**********************CONFIGURATIONS*****************************
Error opening file 
--------------Penalties--------------
m: 1, s: 1, go: 1, ge: 1
------------------------------------
numberOfReadsWithN : 0
readCount : 16344647
k-mer max size : 16, stringSize = 8
bp_jump_size : 1
<<<<<<<<<<<<<<<<<<<<<<<< Index Construction Started!!>>>>>>>>>>>>>>>>>>>>>>>>
The 0 100k contigs have been processed!
The 1 100k contigs have been processed!
The 2 100k contigs have been processed!
The 3 100k contigs have been processed!
The 4 100k contigs have been processed!
The 5 100k contigs have been processed!
The 6 100k contigs have been processed!
The 7 100k contigs have been processed!
The 8 100k contigs have been processed!
The 9 100k contigs have been processed!
The 10 100k contigs have been processed!
The 11 100k contigs have been processed!
The 12 100k contigs have been processed!
The 13 100k contigs have been processed!
The 14 100k contigs have been processed!
The 15 100k contigs have been processed!
The 16 100k contigs have been processed!
The 17 100k contigs have been processed!
The 18 100k contigs have been processed!
The 19 100k contigs have been processed!
The 20 100k contigs have been processed!
The 21 100k contigs have been processed!
The 22 100k contigs have been processed!
The 23 100k contigs have been processed!
The 24 100k contigs have been processed!
The 25 100k contigs have been processed!
The 26 100k contigs have been processed!
The 27 100k contigs have been processed!
The 28 100k contigs have been processed!
The 29 100k contigs have been processed!
