Starting the job at Wed Aug 14 07:58:40 PM EDT 2024
no kmerRangesFileAddressArg!
no baselineBaseAddress!
no otherToolArg!
**********************CONFIGURATIONS*****************************
PARMIK mode:                  3
readDatabaseAddress:          /p/lava/parmik/partialMatcherProject/datasets/metagenomicDB/SRR14381418/SRR14381418_reads
readFileName:                 SRR14381418_reads
queryFileAddress:             /p/lava/parmik/partialMatcherProject/datasets/queryFiles/covidQueryFiles/NC_045512_chunks/NC_045512_queries_20000-20999
queryFileName:                NC_045512_queries_20000-20999
otherToolOutputFileAddress:   /u/rgq5aw/GIT/PARMIK/partialMatcherProject/tools/blast/SRR14381418/NC_045512/blastn_ws30_results.out
outputDir:                    /p/lava/parmik/partialMatcherProject/tools/baseline_ssw/SRR14381418/NC_045512
penaltyFileAddress:           /u/rgq5aw/GIT/PARMIK/experiments/parmik/CK_SSW_ID_PRCNTG/PenaltySets/2484_1111_2444_2288_2848
kmerRangesFileAddress:        
readsCount:                   17000000
queryCount:                   30000
kmerLength:                   11
regionSize:                   48
cheapKmerThreshold:           0
percentageIdentity:           0.85
minExactMatchLen:             0
numThreads:                   1
isSecondChanceOff:            F
minNumExactMatchKmer:         0
isIndexOffline:               1
offlineIndexAddress:          /p/lava/parmik/partialMatcherProject/tools/parmik/CK_INDEX/SRR14381418/
baselineBaseAddress:          
max editDistance in min region: 2
otherTool:                    
**********************CONFIGURATIONS*****************************
--------------Penalties--------------
m: 2, s: 4, go: 8, ge: 4
m: 1, s: 1, go: 1, ge: 1
m: 2, s: 4, go: 4, ge: 4
m: 2, s: 2, go: 8, ge: 8
m: 2, s: 8, go: 4, ge: 8
------------------------------------
experiment dir: /p/lava/parmik/partialMatcherProject/tools/baseline_ssw/SRR14381418/NC_045512/IKT0_K11_PI85_M0_T1_SC1_P_2484_1111_2444_2288_2848
Directory already exists or could not be created: /p/lava/parmik/partialMatcherProject/tools/baseline_ssw/SRR14381418/NC_045512/IKT0_K11_PI85_M0_T1_SC1_P_2484_1111_2444_2288_2848
numberOfReadsWithN : 0
queryCount : 1000
numberOfReadsWithN : 0
readCount : 15664284
offlineCheapIndexAddress: /p/lava/parmik/partialMatcherProject/tools/parmik/CK_INDEX/SRR14381418/ck_T0_K11_r17000000
offlineExpensiveIndexAddress: /p/lava/parmik/partialMatcherProject/tools/parmik/CK_INDEX/SRR14381418/ek_T0_K11_r17000000
pmrkAlignmentsAddress: /p/lava/parmik/partialMatcherProject/tools/baseline_ssw/SRR14381418/NC_045512/IKT0_K11_PI85_M0_T1_SC1_P_2484_1111_2444_2288_2848/parmikAln.txt
Starting alignment for all queries [fwd]...
queryBaseIndex: 20000
query [20000]: # of matches found 53830 and it took: 53398.4ms
query [20001]: # of matches found 53433 and it took: 53573.7ms
query [20002]: # of matches found 53212 and it took: 53245.6ms
query [20003]: # of matches found 52817 and it took: 53810.2ms
query [20004]: # of matches found 52936 and it took: 53312.8ms
query [20005]: # of matches found 53180 and it took: 53575.2ms
query [20006]: # of matches found 54379 and it took: 53498ms
query [20007]: # of matches found 55216 and it took: 53303.2ms
query [20008]: # of matches found 55416 and it took: 53647.6ms
query [20009]: # of matches found 56290 and it took: 53332.5ms
query [20010]: # of matches found 56425 and it took: 53365.8ms
query [20011]: # of matches found 56501 and it took: 53297ms
query [20012]: # of matches found 56724 and it took: 53124.3ms
query [20013]: # of matches found 57099 and it took: 53291.8ms
