no otherToolArg!
**********************CONFIGURATIONS*****************************
PARMIK mode:                  1
readDatabaseAddress:          /p/lava/parmik/partialMatcherProject/datasets/metagenomicDB/SRR14381434/SRR14381434_reads
readFileName:                 SRR14381434_reads
queryFileAddress:             /p/lava/parmik/partialMatcherProject/datasets/queryFiles/covidQueryFiles/NC_045512_queries
queryFileName:                NC_045512_queries
otherToolOutputFileAddress:   /p/lava/parmik/partialMatcherProject/tools/blast/SRR14381434/NC_045512/blastn_ws30_results.out
outputDir:                    /u/rgq5aw/GIT/PARMIK/experiments/parmik/SRR14381434/NC_045512
readsCount:                   17000000
queryCount:                   30000
kmerLength:                   15
regionSize:                   50
minExactMatchLen:             30
overlapsize:                  14
cheapKmerThreshold:           500
minNumExactMatchKmer:         16
isIndexOffline:               1
offlineIndexAddress:          /p/lava/parmik/partialMatcherProject/tools/parmik/SRR14381434/index/
isVeboseLog:                  0
**********************CONFIGURATIONS*****************************
numberOfReadsWithN : 0
queryCount : 29754
numberOfReadsWithN : 0
readCount : 9488668
Cheap Kmers Deserialization Time: 153.22 seconds
k-mer max size : 16, stringSize = 15
<<<<<<<<<<<<<<<<< Partial Matcher based on Cheap Kmers Started!! >>>>>>>>>>>>>>>>>>
Partial Mathing based on Cheap Kmer took: 0.46 seconds
------------more partial matching statistics-------------
Number of cheap seeds per query up to q (29754) => Front [average: 0, median: 0, mean: 0] - Back [average: 0, median: 0, mean: 0]
Number of cheap seeds in matched read per query up to q (29754) => [average: 4, median: 5, mean: 4]
Number of reads with at least 1 similar cheap seed per query up to q (29754) => Front [average: 143, median: 107, mean: 143] - Back [average: 145, median: 108, mean: 145]
Number of matches with at least min threshold (16) seeds per query up to q (29754) => Front [average: 0, median: 0, mean: 0] - Back [average: 0, median: 0, mean: 0]
Query time for queries up to q(29754) => [average: 0.000019, median: 0.000014, mean: 0.000019]
--------------------------------------------------------
------------partial matching timing details-------------
extractKmersFromRegions_totalExeTime =  182145231 nanoseconds, 0.18 seconds, 182.15 milliseconds
collectCheapSeeds_totalExeTime =        171917997 nanoseconds, 0.17 seconds, 171.92 milliseconds
findMatchedReadWithHihestSeeds_totalExeTime = 19108658 nanoseconds, 0.02 seconds, 19.11 milliseconds
--------------------------------------------------------
<<<<<<<<<<<<<<<<< Partial Matcher based on Cheap Kmers  Ended!! >>>>>>>>>>>>>>>>>>
<<<<<<<<<<<<<<<<< Partial Matcher based on Cheap Kmers Started!! >>>>>>>>>>>>>>>>>>
Partial Mathing based on Cheap Kmer took: 0.47 seconds
------------more partial matching statistics-------------
Number of cheap seeds per query up to q (29754) => Front [average: 0, median: 0, mean: 0] - Back [average: 0, median: 0, mean: 0]
Number of cheap seeds in matched read per query up to q (29754) => [average: 5, median: 5, mean: 5]
Number of reads with at least 1 similar cheap seed per query up to q (29754) => Front [average: 150, median: 112, mean: 150] - Back [average: 150, median: 112, mean: 150]
Number of matches with at least min threshold (16) seeds per query up to q (29754) => Front [average: 0, median: 0, mean: 0] - Back [average: 0, median: 0, mean: 0]
Query time for queries up to q(29754) => [average: 0.000019, median: 0.000014, mean: 0.000019]
--------------------------------------------------------
------------partial matching timing details-------------
extractKmersFromRegions_totalExeTime =  182620374 nanoseconds, 0.18 seconds, 182.62 milliseconds
collectCheapSeeds_totalExeTime =        179135503 nanoseconds, 0.18 seconds, 179.14 milliseconds
findMatchedReadWithHihestSeeds_totalExeTime = 8399503 nanoseconds, 0.01 seconds, 8.40 milliseconds
--------------------------------------------------------
<<<<<<<<<<<<<<<<< Partial Matcher based on Cheap Kmers  Ended!! >>>>>>>>>>>>>>>>>>
k-mer max size : 32, stringSize = 30
seed find and extension time (micro second) for queries up to q(29754) => [average: 8.777778, median: 7.000000, mean: 8.777778]
# of queries that pm did not find match : 29754
seed find and extension time (micro second) for queries up to q(29754) => [average: 797.181818, median: 8.000000, mean: 797.181818]
# of queries that pm did not find match : 29754
