no kmerRangesFileAddressArg!
no otherToolArg!
**********************CONFIGURATIONS*****************************
PARMIK mode:                  3
readDatabaseAddress:          /p/lava/parmik/partialMatcherProject/datasets/metagenomicDB/SRR12432009/SRR12432009_reads
readFileName:                 SRR12432009_reads
queryFileAddress:             /p/lava/parmik/partialMatcherProject/datasets/queryFiles/covidQueryFiles/SarsGenome_chunks/SarsGenome_queries_26000-26999
queryFileName:                SarsGenome_queries_26000-26999
otherToolOutputFileAddress:   /u/rgq5aw/GIT/PARMIK/partialMatcherProject/tools/blast/SRR12432009/SarsGenome/blastn_ws30_results.out
outputDir:                    /p/lava/parmik/partialMatcherProject/tools/baseline_ssw/SRR12432009/SarsGenome
penaltyFileAddress:           /u/rgq5aw/GIT/PARMIK/experiments/parmik/CK_SSW_ID_PRCNTG/PenaltySets/2484_1111_2444_2288_2848
kmerRangesFileAddress:        
readsCount:                   17000000
queryCount:                   30000
kmerLength:                   11
regionSize:                   48
cheapKmerThreshold:           0
identityPercentage:           0.85
minExactMatchLen:             0
minNumExactMatchKmer:         0
isIndexOffline:               1
offlineIndexAddress:          /p/lava/parmik/partialMatcherProject/tools/parmik/CK_INDEX/SRR12432009/
max editDistance in min region: 2
**********************CONFIGURATIONS*****************************
--------------Penalties--------------
m: 2, s: 4, go: 8, ge: 4
m: 1, s: 1, go: 1, ge: 1
m: 2, s: 4, go: 4, ge: 4
m: 2, s: 2, go: 8, ge: 8
m: 2, s: 8, go: 4, ge: 8
------------------------------------
numberOfReadsWithN : 0
queryCount : 1000
numberOfReadsWithN : 0
readCount : 16344647
offlineCheapIndexAddress: /p/lava/parmik/partialMatcherProject/tools/parmik/CK_INDEX/SRR12432009/ck_T0_K11_r17000000
pmrkAlignmentsAddress: /p/lava/parmik/partialMatcherProject/tools/baseline_ssw/SRR12432009/SarsGenome/aln/pmAln_R48_PI85_L0_M0_E2_K11_T0_P_2484_1111_2444_2288_2848.txt
Starting alignment for all queries [fwd]...
queryBaseIndex: 26000
query [26000]: # of matches found 24144 and it took: 139702ms
query [26001]: # of matches found 24030 and it took: 140414ms
query [26002]: # of matches found 24008 and it took: 138838ms
query [26003]: # of matches found 24262 and it took: 138620ms
query [26004]: # of matches found 24251 and it took: 139474ms
query [26005]: # of matches found 24184 and it took: 137500ms
query [26006]: # of matches found 24118 and it took: 140217ms
query [26007]: # of matches found 24161 and it took: 142056ms
query [26008]: # of matches found 24141 and it took: 141955ms
query [26009]: # of matches found 24091 and it took: 140220ms
query [26010]: # of matches found 24193 and it took: 139834ms
query [26011]: # of matches found 24242 and it took: 139164ms
query [26012]: # of matches found 24271 and it took: 139040ms
query [26013]: # of matches found 24238 and it took: 138459ms
query [26014]: # of matches found 24016 and it took: 138863ms
query [26015]: # of matches found 23884 and it took: 136018ms
query [26016]: # of matches found 23591 and it took: 138070ms
query [26017]: # of matches found 23438 and it took: 138539ms
query [26018]: # of matches found 23180 and it took: 138312ms
query [26019]: # of matches found 23081 and it took: 137926ms
query [26020]: # of matches found 22916 and it took: 137580ms
query [26021]: # of matches found 22797 and it took: 138481ms
query [26022]: # of matches found 22247 and it took: 137195ms
query [26023]: # of matches found 22258 and it took: 136827ms
query [26024]: # of matches found 22285 and it took: 137299ms
query [26025]: # of matches found 21005 and it took: 134134ms
query [26026]: # of matches found 21253 and it took: 136496ms
query [26027]: # of matches found 21722 and it took: 136503ms
query [26028]: # of matches found 22490 and it took: 136607ms
query [26029]: # of matches found 23907 and it took: 131897ms
query [26030]: # of matches found 24057 and it took: 132166ms
query [26031]: # of matches found 24213 and it took: 131855ms
query [26032]: # of matches found 24400 and it took: 131871ms
query [26033]: # of matches found 24475 and it took: 131225ms
query [26034]: # of matches found 25148 and it took: 131899ms
query [26035]: # of matches found 24765 and it took: 131448ms
query [26036]: # of matches found 24601 and it took: 131625ms
query [26037]: # of matches found 24809 and it took: 131925ms
query [26038]: # of matches found 23994 and it took: 131327ms
query [26039]: # of matches found 24027 and it took: 131342ms
query [26040]: # of matches found 24002 and it took: 131992ms
query [26041]: # of matches found 23200 and it took: 131509ms
query [26042]: # of matches found 23127 and it took: 130661ms
query [26043]: # of matches found 23017 and it took: 129192ms
query [26044]: # of matches found 22915 and it took: 129016ms
query [26045]: # of matches found 22969 and it took: 129074ms
query [26046]: # of matches found 22777 and it took: 128188ms
query [26047]: # of matches found 22968 and it took: 128726ms
query [26048]: # of matches found 22942 and it took: 128609ms
query [26049]: # of matches found 22648 and it took: 128048ms
query [26050]: # of matches found 22573 and it took: 127818ms
query [26051]: # of matches found 22335 and it took: 127682ms
query [26052]: # of matches found 22001 and it took: 127655ms
query [26053]: # of matches found 21889 and it took: 126867ms
query [26054]: # of matches found 21865 and it took: 126757ms
query [26055]: # of matches found 21750 and it took: 126984ms
query [26056]: # of matches found 21703 and it took: 127892ms
query [26057]: # of matches found 20715 and it took: 128342ms
query [26058]: # of matches found 20675 and it took: 127778ms
query [26059]: # of matches found 20660 and it took: 127759ms
query [26060]: # of matches found 20798 and it took: 127337ms
query [26061]: # of matches found 20692 and it took: 127442ms
query [26062]: # of matches found 20231 and it took: 127250ms
query [26063]: # of matches found 19601 and it took: 126091ms
query [26064]: # of matches found 18541 and it took: 125676ms
query [26065]: # of matches found 18509 and it took: 126221ms
query [26066]: # of matches found 18257 and it took: 126395ms
query [26067]: # of matches found 18136 and it took: 126411ms
query [26068]: # of matches found 18157 and it took: 126647ms
query [26069]: # of matches found 18183 and it took: 126791ms
query [26070]: # of matches found 18201 and it took: 126607ms
query [26071]: # of matches found 18236 and it took: 126414ms
query [26072]: # of matches found 18317 and it took: 126957ms
query [26073]: # of matches found 18263 and it took: 125998ms
query [26074]: # of matches found 18268 and it took: 125622ms
query [26075]: # of matches found 18308 and it took: 126537ms
query [26076]: # of matches found 18316 and it took: 126680ms
query [26077]: # of matches found 18380 and it took: 126447ms
query [26078]: # of matches found 18269 and it took: 126797ms
query [26079]: # of matches found 18236 and it took: 128255ms
query [26080]: # of matches found 18504 and it took: 128411ms
query [26081]: # of matches found 18635 and it took: 128021ms
query [26082]: # of matches found 18544 and it took: 127877ms
query [26083]: # of matches found 18572 and it took: 126272ms
query [26084]: # of matches found 18264 and it took: 126661ms
query [26085]: # of matches found 18163 and it took: 127508ms
query [26086]: # of matches found 18259 and it took: 127585ms
query [26087]: # of matches found 18272 and it took: 126950ms
query [26088]: # of matches found 18236 and it took: 127517ms
query [26089]: # of matches found 18222 and it took: 129426ms
query [26090]: # of matches found 18218 and it took: 129624ms
query [26091]: # of matches found 17832 and it took: 130207ms
query [26092]: # of matches found 17605 and it took: 129620ms
query [26093]: # of matches found 17482 and it took: 128027ms
query [26094]: # of matches found 17414 and it took: 127773ms
query [26095]: # of matches found 17415 and it took: 128973ms
query [26096]: # of matches found 17301 and it took: 128911ms
query [26097]: # of matches found 17291 and it took: 128316ms
query [26098]: # of matches found 17399 and it took: 129886ms
query [26099]: # of matches found 17578 and it took: 130153ms
query [26100]: # of matches found 17652 and it took: 130647ms
query [26101]: # of matches found 17947 and it took: 130552ms
query [26102]: # of matches found 18054 and it took: 130125ms
query [26103]: # of matches found 18081 and it took: 129022ms
query [26104]: # of matches found 18152 and it took: 128646ms
query [26105]: # of matches found 18174 and it took: 130034ms
query [26106]: # of matches found 18210 and it took: 129588ms
query [26107]: # of matches found 18310 and it took: 128569ms
query [26108]: # of matches found 18443 and it took: 128638ms
query [26109]: # of matches found 18609 and it took: 129276ms
query [26110]: # of matches found 18644 and it took: 129139ms
query [26111]: # of matches found 18702 and it took: 128885ms
query [26112]: # of matches found 18357 and it took: 129221ms
query [26113]: # of matches found 18053 and it took: 128544ms
query [26114]: # of matches found 18045 and it took: 128943ms
query [26115]: # of matches found 18000 and it took: 129492ms
query [26116]: # of matches found 18065 and it took: 129300ms
query [26117]: # of matches found 17972 and it took: 128654ms
query [26118]: # of matches found 17869 and it took: 129699ms
query [26119]: # of matches found 17830 and it took: 131132ms
query [26120]: # of matches found 17808 and it took: 130062ms
query [26121]: # of matches found 17802 and it took: 129131ms
query [26122]: # of matches found 17795 and it took: 129390ms
query [26123]: # of matches found 17757 and it took: 128222ms
query [26124]: # of matches found 17708 and it took: 128142ms
query [26125]: # of matches found 17778 and it took: 127671ms
query [26126]: # of matches found 17903 and it took: 127880ms
query [26127]: # of matches found 17960 and it took: 127600ms
query [26128]: # of matches found 17951 and it took: 128309ms
query [26129]: # of matches found 18223 and it took: 128984ms
query [26130]: # of matches found 18698 and it took: 128136ms
query [26131]: # of matches found 18518 and it took: 128048ms
query [26132]: # of matches found 19194 and it took: 129201ms
query [26133]: # of matches found 19148 and it took: 129497ms
query [26134]: # of matches found 19070 and it took: 129195ms
query [26135]: # of matches found 18893 and it took: 129570ms
query [26136]: # of matches found 18810 and it took: 129560ms
query [26137]: # of matches found 18972 and it took: 129455ms
query [26138]: # of matches found 18905 and it took: 129877ms
query [26139]: # of matches found 18913 and it took: 130552ms
query [26140]: # of matches found 18914 and it took: 129443ms
query [26141]: # of matches found 18926 and it took: 128710ms
query [26142]: # of matches found 18944 and it took: 128544ms
query [26143]: # of matches found 18589 and it took: 128931ms
query [26144]: # of matches found 18575 and it took: 128835ms
query [26145]: # of matches found 18612 and it took: 127713ms
query [26146]: # of matches found 18612 and it took: 127909ms
query [26147]: # of matches found 18499 and it took: 128735ms
query [26148]: # of matches found 18477 and it took: 129179ms
query [26149]: # of matches found 18467 and it took: 130138ms
query [26150]: # of matches found 18345 and it took: 129759ms
query [26151]: # of matches found 18277 and it took: 130237ms
query [26152]: # of matches found 18199 and it took: 130499ms
query [26153]: # of matches found 18318 and it took: 129435ms
query [26154]: # of matches found 18293 and it took: 129840ms
query [26155]: # of matches found 18397 and it took: 129058ms
query [26156]: # of matches found 18408 and it took: 128889ms
query [26157]: # of matches found 18694 and it took: 128833ms
query [26158]: # of matches found 18911 and it took: 130036ms
query [26159]: # of matches found 18988 and it took: 129848ms
query [26160]: # of matches found 19053 and it took: 128641ms
query [26161]: # of matches found 19296 and it took: 130615ms
query [26162]: # of matches found 19396 and it took: 130282ms
query [26163]: # of matches found 19770 and it took: 130246ms
query [26164]: # of matches found 19802 and it took: 130613ms
query [26165]: # of matches found 19818 and it took: 129527ms
query [26166]: # of matches found 19523 and it took: 129711ms
query [26167]: # of matches found 19113 and it took: 129317ms
query [26168]: # of matches found 20966 and it took: 130649ms
query [26169]: # of matches found 19629 and it took: 131392ms
query [26170]: # of matches found 19402 and it took: 130435ms
query [26171]: # of matches found 19371 and it took: 132233ms
query [26172]: # of matches found 19136 and it took: 131618ms
query [26173]: # of matches found 19114 and it took: 133014ms
query [26174]: # of matches found 18955 and it took: 133034ms
query [26175]: # of matches found 18389 and it took: 132080ms
query [26176]: # of matches found 18543 and it took: 132431ms
query [26177]: # of matches found 18433 and it took: 132302ms
query [26178]: # of matches found 18546 and it took: 133555ms
query [26179]: # of matches found 18635 and it took: 133004ms
query [26180]: # of matches found 18820 and it took: 131964ms
query [26181]: # of matches found 18933 and it took: 133416ms
query [26182]: # of matches found 18989 and it took: 133333ms
query [26183]: # of matches found 20479 and it took: 134097ms
query [26184]: # of matches found 23990 and it took: 134156ms
query [26185]: # of matches found 24039 and it took: 132796ms
query [26186]: # of matches found 24380 and it took: 133054ms
query [26187]: # of matches found 24249 and it took: 133148ms
query [26188]: # of matches found 24368 and it took: 134598ms
query [26189]: # of matches found 24450 and it took: 134003ms
query [26190]: # of matches found 25099 and it took: 132861ms
query [26191]: # of matches found 25551 and it took: 133932ms
query [26192]: # of matches found 25709 and it took: 133832ms
query [26193]: # of matches found 25851 and it took: 134964ms
query [26194]: # of matches found 25993 and it took: 135331ms
query [26195]: # of matches found 26152 and it took: 134194ms
query [26196]: # of matches found 26163 and it took: 134628ms
query [26197]: # of matches found 26212 and it took: 134168ms
query [26198]: # of matches found 26225 and it took: 134532ms
query [26199]: # of matches found 26308 and it took: 134074ms
query [26200]: # of matches found 26031 and it took: 133782ms
query [26201]: # of matches found 25976 and it took: 134891ms
query [26202]: # of matches found 26044 and it took: 134423ms
query [26203]: # of matches found 26254 and it took: 134475ms
query [26204]: # of matches found 26282 and it took: 134779ms
query [26205]: # of matches found 26307 and it took: 133380ms
query [26206]: # of matches found 26334 and it took: 133566ms
query [26207]: # of matches found 26331 and it took: 133279ms
query [26208]: # of matches found 26318 and it took: 133942ms
query [26209]: # of matches found 26284 and it took: 132863ms
query [26210]: # of matches found 26276 and it took: 131975ms
query [26211]: # of matches found 26294 and it took: 132642ms
query [26212]: # of matches found 26216 and it took: 132473ms
query [26213]: # of matches found 26205 and it took: 132588ms
query [26214]: # of matches found 26414 and it took: 133012ms
query [26215]: # of matches found 26556 and it took: 133367ms
query [26216]: # of matches found 26734 and it took: 133104ms
query [26217]: # of matches found 26987 and it took: 132575ms
query [26218]: # of matches found 27964 and it took: 132697ms
query [26219]: # of matches found 28212 and it took: 131683ms
query [26220]: # of matches found 28526 and it took: 130898ms
query [26221]: # of matches found 28469 and it took: 131322ms
query [26222]: # of matches found 28589 and it took: 130936ms
query [26223]: # of matches found 29218 and it took: 131472ms
query [26224]: # of matches found 29554 and it took: 131842ms
query [26225]: # of matches found 29480 and it took: 131153ms
query [26226]: # of matches found 29640 and it took: 130362ms
query [26227]: # of matches found 29640 and it took: 130233ms
query [26228]: # of matches found 29833 and it took: 130889ms
query [26229]: # of matches found 29947 and it took: 130749ms
query [26230]: # of matches found 30045 and it took: 129058ms
query [26231]: # of matches found 30087 and it took: 129768ms
query [26232]: # of matches found 30094 and it took: 129939ms
query [26233]: # of matches found 30153 and it took: 129874ms
query [26234]: # of matches found 30237 and it took: 129939ms
query [26235]: # of matches found 30329 and it took: 129356ms
query [26236]: # of matches found 30410 and it took: 128515ms
query [26237]: # of matches found 30339 and it took: 128369ms
query [26238]: # of matches found 30262 and it took: 128882ms
query [26239]: # of matches found 30508 and it took: 128251ms
query [26240]: # of matches found 30474 and it took: 125622ms
query [26241]: # of matches found 30280 and it took: 126181ms
query [26242]: # of matches found 30271 and it took: 126116ms
query [26243]: # of matches found 30211 and it took: 126576ms
query [26244]: # of matches found 30249 and it took: 126498ms
query [26245]: # of matches found 30319 and it took: 125792ms
query [26246]: # of matches found 30301 and it took: 125620ms
query [26247]: # of matches found 30294 and it took: 125632ms
query [26248]: # of matches found 30131 and it took: 126619ms
query [26249]: # of matches found 30590 and it took: 125744ms
query [26250]: # of matches found 30568 and it took: 125110ms
query [26251]: # of matches found 30483 and it took: 125698ms
query [26252]: # of matches found 30502 and it took: 124656ms
query [26253]: # of matches found 30438 and it took: 125032ms
query [26254]: # of matches found 30511 and it took: 125227ms
query [26255]: # of matches found 30688 and it took: 124964ms
query [26256]: # of matches found 30891 and it took: 124467ms
query [26257]: # of matches found 30988 and it took: 125021ms
query [26258]: # of matches found 30969 and it took: 124819ms
query [26259]: # of matches found 31023 and it took: 124363ms
query [26260]: # of matches found 31080 and it took: 123926ms
query [26261]: # of matches found 31085 and it took: 124914ms
query [26262]: # of matches found 31079 and it took: 125358ms
query [26263]: # of matches found 30979 and it took: 124896ms
query [26264]: # of matches found 31012 and it took: 125539ms
query [26265]: # of matches found 30881 and it took: 125608ms
query [26266]: # of matches found 30784 and it took: 125450ms
query [26267]: # of matches found 30761 and it took: 125476ms
query [26268]: # of matches found 30734 and it took: 125773ms
query [26269]: # of matches found 30352 and it took: 125316ms
query [26270]: # of matches found 29864 and it took: 125095ms
query [26271]: # of matches found 29853 and it took: 126056ms
query [26272]: # of matches found 29087 and it took: 125692ms
query [26273]: # of matches found 29010 and it took: 125988ms
query [26274]: # of matches found 28936 and it took: 126345ms
query [26275]: # of matches found 28870 and it took: 126481ms
query [26276]: # of matches found 28887 and it took: 125721ms
query [26277]: # of matches found 28943 and it took: 126274ms
query [26278]: # of matches found 28675 and it took: 127395ms
query [26279]: # of matches found 28779 and it took: 128079ms
query [26280]: # of matches found 28897 and it took: 128594ms
query [26281]: # of matches found 28923 and it took: 128865ms
query [26282]: # of matches found 29083 and it took: 128621ms
query [26283]: # of matches found 29129 and it took: 128123ms
query [26284]: # of matches found 29751 and it took: 129226ms
query [26285]: # of matches found 29777 and it took: 129339ms
query [26286]: # of matches found 30015 and it took: 127349ms
query [26287]: # of matches found 30016 and it took: 128687ms
query [26288]: # of matches found 30040 and it took: 129232ms
query [26289]: # of matches found 30108 and it took: 128434ms
query [26290]: # of matches found 30226 and it took: 128582ms
query [26291]: # of matches found 30276 and it took: 128440ms
query [26292]: # of matches found 30449 and it took: 127958ms
query [26293]: # of matches found 30338 and it took: 128454ms
query [26294]: # of matches found 30640 and it took: 129026ms
query [26295]: # of matches found 30670 and it took: 132211ms
query [26296]: # of matches found 30693 and it took: 129763ms
query [26297]: # of matches found 30803 and it took: 131327ms
query [26298]: # of matches found 30727 and it took: 132164ms
query [26299]: # of matches found 30764 and it took: 132529ms
query [26300]: # of matches found 30879 and it took: 130218ms
query [26301]: # of matches found 30821 and it took: 129522ms
query [26302]: # of matches found 30781 and it took: 129606ms
query [26303]: # of matches found 30457 and it took: 129697ms
query [26304]: # of matches found 30436 and it took: 131153ms
query [26305]: # of matches found 30327 and it took: 131440ms
query [26306]: # of matches found 30412 and it took: 129862ms
query [26307]: # of matches found 30520 and it took: 130188ms
query [26308]: # of matches found 28329 and it took: 130216ms
query [26309]: # of matches found 28044 and it took: 129629ms
query [26310]: # of matches found 27904 and it took: 129091ms
query [26311]: # of matches found 27714 and it took: 128949ms
query [26312]: # of matches found 27679 and it took: 129285ms
query [26313]: # of matches found 27777 and it took: 129414ms
query [26314]: # of matches found 27981 and it took: 129756ms
query [26315]: # of matches found 27904 and it took: 130185ms
query [26316]: # of matches found 27727 and it took: 129164ms
query [26317]: # of matches found 27523 and it took: 129973ms
query [26318]: # of matches found 27428 and it took: 131133ms
query [26319]: # of matches found 27389 and it took: 129674ms
query [26320]: # of matches found 27172 and it took: 130445ms
query [26321]: # of matches found 27066 and it took: 130463ms
query [26322]: # of matches found 27051 and it took: 129806ms
query [26323]: # of matches found 25563 and it took: 130856ms
query [26324]: # of matches found 21853 and it took: 130586ms
query [26325]: # of matches found 21774 and it took: 131850ms
query [26326]: # of matches found 21538 and it took: 129656ms
query [26327]: # of matches found 21424 and it took: 131314ms
query [26328]: # of matches found 21316 and it took: 130999ms
query [26329]: # of matches found 22132 and it took: 130275ms
query [26330]: # of matches found 21553 and it took: 130724ms
query [26331]: # of matches found 21099 and it took: 130407ms
query [26332]: # of matches found 20919 and it took: 130167ms
query [26333]: # of matches found 20797 and it took: 131292ms
query [26334]: # of matches found 20655 and it took: 130671ms
query [26335]: # of matches found 20484 and it took: 133697ms
query [26336]: # of matches found 20638 and it took: 131418ms
query [26337]: # of matches found 20616 and it took: 132869ms
query [26338]: # of matches found 20607 and it took: 133770ms
query [26339]: # of matches found 20582 and it took: 131762ms
query [26340]: # of matches found 20540 and it took: 133322ms
query [26341]: # of matches found 20625 and it took: 133025ms
query [26342]: # of matches found 20731 and it took: 132353ms
query [26343]: # of matches found 20568 and it took: 134127ms
query [26344]: # of matches found 20566 and it took: 133649ms
query [26345]: # of matches found 20701 and it took: 134535ms
query [26346]: # of matches found 20816 and it took: 133153ms
query [26347]: # of matches found 20818 and it took: 134219ms
query [26348]: # of matches found 20925 and it took: 134384ms
query [26349]: # of matches found 20949 and it took: 133115ms
query [26350]: # of matches found 20973 and it took: 134297ms
query [26351]: # of matches found 21112 and it took: 133007ms
query [26352]: # of matches found 21163 and it took: 133833ms
query [26353]: # of matches found 21251 and it took: 134665ms
query [26354]: # of matches found 21130 and it took: 134781ms
query [26355]: # of matches found 21034 and it took: 135156ms
query [26356]: # of matches found 20959 and it took: 133720ms
query [26357]: # of matches found 20812 and it took: 136788ms
query [26358]: # of matches found 20688 and it took: 136175ms
query [26359]: # of matches found 20418 and it took: 133403ms
query [26360]: # of matches found 19126 and it took: 133955ms
query [26361]: # of matches found 19139 and it took: 133356ms
query [26362]: # of matches found 18817 and it took: 134066ms
query [26363]: # of matches found 18682 and it took: 134635ms
query [26364]: # of matches found 18036 and it took: 134242ms
query [26365]: # of matches found 17710 and it took: 134161ms
query [26366]: # of matches found 17367 and it took: 132449ms
query [26367]: # of matches found 17217 and it took: 133200ms
query [26368]: # of matches found 17016 and it took: 132981ms
query [26369]: # of matches found 16921 and it took: 130889ms
query [26370]: # of matches found 16847 and it took: 131546ms
query [26371]: # of matches found 16698 and it took: 132282ms
query [26372]: # of matches found 16660 and it took: 131151ms
query [26373]: # of matches found 16612 and it took: 132248ms
query [26374]: # of matches found 16498 and it took: 132223ms
query [26375]: # of matches found 16537 and it took: 132942ms
query [26376]: # of matches found 16333 and it took: 131484ms
query [26377]: # of matches found 16335 and it took: 133073ms
query [26378]: # of matches found 16439 and it took: 132879ms
query [26379]: # of matches found 16148 and it took: 131747ms
query [26380]: # of matches found 16278 and it took: 132012ms
query [26381]: # of matches found 16369 and it took: 132020ms
query [26382]: # of matches found 16555 and it took: 131195ms
query [26383]: # of matches found 16797 and it took: 131801ms
query [26384]: # of matches found 16827 and it took: 130970ms
query [26385]: # of matches found 16849 and it took: 131598ms
query [26386]: # of matches found 16861 and it took: 129592ms
query [26387]: # of matches found 17149 and it took: 130527ms
query [26388]: # of matches found 17519 and it took: 129858ms
query [26389]: # of matches found 17094 and it took: 128777ms
query [26390]: # of matches found 17303 and it took: 128759ms
query [26391]: # of matches found 17532 and it took: 128531ms
query [26392]: # of matches found 17559 and it took: 128153ms
query [26393]: # of matches found 17842 and it took: 128326ms
query [26394]: # of matches found 17844 and it took: 127905ms
query [26395]: # of matches found 17757 and it took: 127943ms
query [26396]: # of matches found 17640 and it took: 125945ms
query [26397]: # of matches found 17635 and it took: 127120ms
query [26398]: # of matches found 17537 and it took: 126604ms
query [26399]: # of matches found 17524 and it took: 126177ms
query [26400]: # of matches found 21436 and it took: 126624ms
query [26401]: # of matches found 21519 and it took: 126306ms
query [26402]: # of matches found 21547 and it took: 125349ms
query [26403]: # of matches found 21912 and it took: 125676ms
query [26404]: # of matches found 22072 and it took: 125476ms
query [26405]: # of matches found 22519 and it took: 125353ms
query [26406]: # of matches found 22700 and it took: 124326ms
query [26407]: # of matches found 23247 and it took: 125593ms
query [26408]: # of matches found 23192 and it took: 125235ms
query [26409]: # of matches found 23401 and it took: 125161ms
query [26410]: # of matches found 24024 and it took: 124755ms
query [26411]: # of matches found 24440 and it took: 124443ms
query [26412]: # of matches found 24553 and it took: 123224ms
query [26413]: # of matches found 24772 and it took: 124288ms
query [26414]: # of matches found 24918 and it took: 123292ms
query [26415]: # of matches found 24984 and it took: 124326ms
query [26416]: # of matches found 24954 and it took: 123406ms
query [26417]: # of matches found 24901 and it took: 125112ms
query [26418]: # of matches found 24907 and it took: 128959ms
query [26419]: # of matches found 25040 and it took: 128337ms
query [26420]: # of matches found 24917 and it took: 127529ms
query [26421]: # of matches found 24960 and it took: 128149ms
query [26422]: # of matches found 25053 and it took: 127554ms
query [26423]: # of matches found 25053 and it took: 128076ms
query [26424]: # of matches found 25064 and it took: 125629ms
query [26425]: # of matches found 24462 and it took: 125321ms
query [26426]: # of matches found 24244 and it took: 125176ms
query [26427]: # of matches found 24271 and it took: 125920ms
query [26428]: # of matches found 24309 and it took: 125645ms
query [26429]: # of matches found 24310 and it took: 126530ms
query [26430]: # of matches found 24241 and it took: 125994ms
query [26431]: # of matches found 25229 and it took: 126688ms
query [26432]: # of matches found 25216 and it took: 125752ms
query [26433]: # of matches found 25417 and it took: 126224ms
query [26434]: # of matches found 25238 and it took: 126055ms
query [26435]: # of matches found 25121 and it took: 126021ms
query [26436]: # of matches found 25116 and it took: 126007ms
query [26437]: # of matches found 24994 and it took: 127831ms
query [26438]: # of matches found 24758 and it took: 127297ms
query [26439]: # of matches found 25306 and it took: 127282ms
query [26440]: # of matches found 25349 and it took: 126487ms
query [26441]: # of matches found 25177 and it took: 126823ms
query [26442]: # of matches found 25190 and it took: 126464ms
query [26443]: # of matches found 25280 and it took: 125976ms
query [26444]: # of matches found 25318 and it took: 126153ms
query [26445]: # of matches found 25469 and it took: 126259ms
query [26446]: # of matches found 25885 and it took: 125525ms
query [26447]: # of matches found 25878 and it took: 126123ms
query [26448]: # of matches found 26006 and it took: 126202ms
query [26449]: # of matches found 26101 and it took: 125832ms
query [26450]: # of matches found 26141 and it took: 125877ms
query [26451]: # of matches found 26256 and it took: 126276ms
query [26452]: # of matches found 26585 and it took: 125799ms
query [26453]: # of matches found 26599 and it took: 124956ms
query [26454]: # of matches found 26927 and it took: 125943ms
query [26455]: # of matches found 26993 and it took: 125637ms
query [26456]: # of matches found 27046 and it took: 125137ms
query [26457]: # of matches found 27063 and it took: 126673ms
query [26458]: # of matches found 27068 and it took: 125585ms
query [26459]: # of matches found 27216 and it took: 126130ms
query [26460]: # of matches found 27438 and it took: 124952ms
query [26461]: # of matches found 27425 and it took: 126400ms
query [26462]: # of matches found 27417 and it took: 125443ms
query [26463]: # of matches found 27429 and it took: 125394ms
query [26464]: # of matches found 27537 and it took: 125930ms
query [26465]: # of matches found 27693 and it took: 125483ms
query [26466]: # of matches found 27764 and it took: 125489ms
query [26467]: # of matches found 28256 and it took: 125904ms
query [26468]: # of matches found 28327 and it took: 125821ms
query [26469]: # of matches found 27423 and it took: 126089ms
query [26470]: # of matches found 27577 and it took: 125953ms
query [26471]: # of matches found 27549 and it took: 125811ms
query [26472]: # of matches found 27591 and it took: 125973ms
query [26473]: # of matches found 27564 and it took: 126493ms
query [26474]: # of matches found 27573 and it took: 126703ms
query [26475]: # of matches found 27578 and it took: 127199ms
query [26476]: # of matches found 27450 and it took: 124312ms
query [26477]: # of matches found 27617 and it took: 127091ms
query [26478]: # of matches found 27668 and it took: 126926ms
query [26479]: # of matches found 27758 and it took: 127563ms
query [26480]: # of matches found 27821 and it took: 127399ms
query [26481]: # of matches found 27898 and it took: 128899ms
query [26482]: # of matches found 27878 and it took: 128434ms
query [26483]: # of matches found 27824 and it took: 128678ms
query [26484]: # of matches found 27789 and it took: 128719ms
query [26485]: # of matches found 27730 and it took: 128330ms
query [26486]: # of matches found 27624 and it took: 127354ms
query [26487]: # of matches found 27644 and it took: 128737ms
query [26488]: # of matches found 27559 and it took: 128441ms
query [26489]: # of matches found 27566 and it took: 129260ms
query [26490]: # of matches found 27587 and it took: 128973ms
query [26491]: # of matches found 27497 and it took: 128164ms
query [26492]: # of matches found 27563 and it took: 128148ms
query [26493]: # of matches found 27542 and it took: 127887ms
query [26494]: # of matches found 27533 and it took: 128248ms
query [26495]: # of matches found 27479 and it took: 128859ms
query [26496]: # of matches found 27474 and it took: 128056ms
query [26497]: # of matches found 27557 and it took: 128702ms
query [26498]: # of matches found 27592 and it took: 128037ms
query [26499]: # of matches found 27532 and it took: 128302ms
query [26500]: # of matches found 27636 and it took: 128705ms
query [26501]: # of matches found 27802 and it took: 128413ms
query [26502]: # of matches found 27751 and it took: 128131ms
query [26503]: # of matches found 27853 and it took: 128550ms
query [26504]: # of matches found 27832 and it took: 128676ms
query [26505]: # of matches found 27935 and it took: 128249ms
query [26506]: # of matches found 28026 and it took: 128317ms
query [26507]: # of matches found 28075 and it took: 128190ms
query [26508]: # of matches found 28134 and it took: 128116ms
query [26509]: # of matches found 28293 and it took: 128922ms
query [26510]: # of matches found 28302 and it took: 128428ms
query [26511]: # of matches found 28300 and it took: 128016ms
query [26512]: # of matches found 28347 and it took: 127489ms
query [26513]: # of matches found 28417 and it took: 128422ms
query [26514]: # of matches found 28518 and it took: 128499ms
query [26515]: # of matches found 28470 and it took: 128170ms
query [26516]: # of matches found 28428 and it took: 128217ms
query [26517]: # of matches found 28405 and it took: 129300ms
query [26518]: # of matches found 28361 and it took: 128631ms
query [26519]: # of matches found 28376 and it took: 129451ms
query [26520]: # of matches found 28350 and it took: 130811ms
query [26521]: # of matches found 28691 and it took: 130334ms
query [26522]: # of matches found 28626 and it took: 128683ms
query [26523]: # of matches found 28281 and it took: 129835ms
query [26524]: # of matches found 28169 and it took: 129751ms
query [26525]: # of matches found 28121 and it took: 129247ms
query [26526]: # of matches found 28112 and it took: 129120ms
query [26527]: # of matches found 27854 and it took: 129553ms
query [26528]: # of matches found 27376 and it took: 128574ms
query [26529]: # of matches found 26981 and it took: 130025ms
query [26530]: # of matches found 26727 and it took: 130376ms
query [26531]: # of matches found 26539 and it took: 130110ms
query [26532]: # of matches found 26520 and it took: 129790ms
query [26533]: # of matches found 26232 and it took: 131059ms
query [26534]: # of matches found 26087 and it took: 131633ms
query [26535]: # of matches found 26230 and it took: 131876ms
query [26536]: # of matches found 26184 and it took: 132214ms
query [26537]: # of matches found 26104 and it took: 132835ms
query [26538]: # of matches found 26154 and it took: 131151ms
query [26539]: # of matches found 26160 and it took: 132396ms
query [26540]: # of matches found 22254 and it took: 133036ms
query [26541]: # of matches found 22105 and it took: 132395ms
query [26542]: # of matches found 22025 and it took: 132309ms
query [26543]: # of matches found 21746 and it took: 132228ms
query [26544]: # of matches found 21750 and it took: 133005ms
query [26545]: # of matches found 21249 and it took: 132418ms
query [26546]: # of matches found 21413 and it took: 132974ms
query [26547]: # of matches found 26632 and it took: 133142ms
query [26548]: # of matches found 26774 and it took: 131665ms
query [26549]: # of matches found 26765 and it took: 133753ms
query [26550]: # of matches found 26717 and it took: 134720ms
query [26551]: # of matches found 26156 and it took: 133125ms
query [26552]: # of matches found 26135 and it took: 133286ms
query [26553]: # of matches found 26196 and it took: 132604ms
query [26554]: # of matches found 26065 and it took: 133139ms
query [26555]: # of matches found 25969 and it took: 132594ms
query [26556]: # of matches found 25851 and it took: 133568ms
query [26557]: # of matches found 26146 and it took: 133732ms
query [26558]: # of matches found 26129 and it took: 131522ms
query [26559]: # of matches found 25846 and it took: 133049ms
query [26560]: # of matches found 25821 and it took: 133951ms
query [26561]: # of matches found 25791 and it took: 133888ms
query [26562]: # of matches found 25475 and it took: 134228ms
query [26563]: # of matches found 25547 and it took: 134145ms
query [26564]: # of matches found 25650 and it took: 135206ms
query [26565]: # of matches found 25653 and it took: 135555ms
query [26566]: # of matches found 25628 and it took: 136454ms
query [26567]: # of matches found 25688 and it took: 136449ms
query [26568]: # of matches found 25656 and it took: 134905ms
query [26569]: # of matches found 25599 and it took: 135577ms
query [26570]: # of matches found 25686 and it took: 136763ms
query [26571]: # of matches found 24800 and it took: 135004ms
query [26572]: # of matches found 24696 and it took: 135568ms
query [26573]: # of matches found 24455 and it took: 134420ms
query [26574]: # of matches found 24442 and it took: 135140ms
query [26575]: # of matches found 24475 and it took: 133119ms
query [26576]: # of matches found 24494 and it took: 133887ms
query [26577]: # of matches found 24573 and it took: 133331ms
query [26578]: # of matches found 24616 and it took: 132367ms
query [26579]: # of matches found 24263 and it took: 133172ms
query [26580]: # of matches found 24058 and it took: 135122ms
query [26581]: # of matches found 24060 and it took: 133465ms
query [26582]: # of matches found 23931 and it took: 134304ms
query [26583]: # of matches found 23876 and it took: 134356ms
query [26584]: # of matches found 24931 and it took: 135238ms
query [26585]: # of matches found 24789 and it took: 134342ms
query [26586]: # of matches found 24259 and it took: 135270ms
query [26587]: # of matches found 24238 and it took: 134334ms
query [26588]: # of matches found 24555 and it took: 133777ms
query [26589]: # of matches found 25004 and it took: 135128ms
query [26590]: # of matches found 25047 and it took: 135899ms
query [26591]: # of matches found 25112 and it took: 133728ms
query [26592]: # of matches found 24986 and it took: 134969ms
query [26593]: # of matches found 24840 and it took: 134425ms
query [26594]: # of matches found 24841 and it took: 135097ms
query [26595]: # of matches found 25714 and it took: 134572ms
query [26596]: # of matches found 28005 and it took: 135299ms
query [26597]: # of matches found 28132 and it took: 134511ms
query [26598]: # of matches found 29609 and it took: 133607ms
query [26599]: # of matches found 29550 and it took: 134544ms
query [26600]: # of matches found 29323 and it took: 134590ms
query [26601]: # of matches found 29484 and it took: 132073ms
query [26602]: # of matches found 30139 and it took: 132686ms
query [26603]: # of matches found 30416 and it took: 131945ms
query [26604]: # of matches found 30498 and it took: 132880ms
query [26605]: # of matches found 30419 and it took: 130727ms
query [26606]: # of matches found 30897 and it took: 130188ms
query [26607]: # of matches found 30673 and it took: 129208ms
query [26608]: # of matches found 30516 and it took: 128784ms
query [26609]: # of matches found 30531 and it took: 129706ms
query [26610]: # of matches found 30245 and it took: 129961ms
query [26611]: # of matches found 30218 and it took: 128412ms
query [26612]: # of matches found 30172 and it took: 129761ms
query [26613]: # of matches found 30186 and it took: 129371ms
query [26614]: # of matches found 30173 and it took: 130525ms
query [26615]: # of matches found 30163 and it took: 130298ms
query [26616]: # of matches found 30186 and it took: 131583ms
query [26617]: # of matches found 30134 and it took: 130776ms
query [26618]: # of matches found 30082 and it took: 130229ms
query [26619]: # of matches found 30516 and it took: 131064ms
query [26620]: # of matches found 30612 and it took: 129985ms
query [26621]: # of matches found 30685 and it took: 129628ms
query [26622]: # of matches found 30717 and it took: 130196ms
query [26623]: # of matches found 30731 and it took: 130439ms
query [26624]: # of matches found 30665 and it took: 131443ms
query [26625]: # of matches found 30593 and it took: 130490ms
query [26626]: # of matches found 31174 and it took: 133247ms
query [26627]: # of matches found 31148 and it took: 133216ms
query [26628]: # of matches found 31178 and it took: 131924ms
query [26629]: # of matches found 31144 and it took: 133037ms
query [26630]: # of matches found 31177 and it took: 130881ms
query [26631]: # of matches found 31115 and it took: 130448ms
query [26632]: # of matches found 31013 and it took: 131284ms
query [26633]: # of matches found 30984 and it took: 129939ms
query [26634]: # of matches found 30933 and it took: 131183ms
query [26635]: # of matches found 30989 and it took: 129561ms
query [26636]: # of matches found 31021 and it took: 132664ms
query [26637]: # of matches found 31001 and it took: 132608ms
query [26638]: # of matches found 31040 and it took: 132847ms
query [26639]: # of matches found 31057 and it took: 133578ms
query [26640]: # of matches found 31043 and it took: 132877ms
query [26641]: # of matches found 31040 and it took: 133042ms
query [26642]: # of matches found 31064 and it took: 133850ms
query [26643]: # of matches found 31098 and it took: 133597ms
query [26644]: # of matches found 31068 and it took: 132514ms
query [26645]: # of matches found 31275 and it took: 132030ms
query [26646]: # of matches found 31200 and it took: 135540ms
query [26647]: # of matches found 31167 and it took: 135758ms
query [26648]: # of matches found 31311 and it took: 136192ms
query [26649]: # of matches found 31229 and it took: 136577ms
query [26650]: # of matches found 31515 and it took: 135098ms
query [26651]: # of matches found 31538 and it took: 135030ms
query [26652]: # of matches found 31588 and it took: 135662ms
query [26653]: # of matches found 31722 and it took: 135332ms
query [26654]: # of matches found 31708 and it took: 134774ms
query [26655]: # of matches found 31787 and it took: 133314ms
query [26656]: # of matches found 31845 and it took: 135829ms
query [26657]: # of matches found 31939 and it took: 135487ms
query [26658]: # of matches found 32126 and it took: 136614ms
query [26659]: # of matches found 32143 and it took: 136474ms
query [26660]: # of matches found 31991 and it took: 134915ms
query [26661]: # of matches found 31786 and it took: 136153ms
query [26662]: # of matches found 31668 and it took: 136007ms
query [26663]: # of matches found 31731 and it took: 136293ms
query [26664]: # of matches found 31763 and it took: 135421ms
query [26665]: # of matches found 31825 and it took: 133093ms
