no kmerRangesFileAddressArg!
no otherToolArg!
**********************CONFIGURATIONS*****************************
PARMIK mode:                  3
readDatabaseAddress:          /p/lava/parmik/partialMatcherProject/datasets/metagenomicDB/SRR12432009/SRR12432009_reads
readFileName:                 SRR12432009_reads
queryFileAddress:             /p/lava/parmik/partialMatcherProject/datasets/queryFiles/covidQueryFiles/SarsGenome_chunks/SarsGenome_queries_4000-4999
queryFileName:                SarsGenome_queries_4000-4999
otherToolOutputFileAddress:   /u/rgq5aw/GIT/PARMIK/partialMatcherProject/tools/blast/SRR12432009/SarsGenome/blastn_ws30_results.out
outputDir:                    /p/lava/parmik/partialMatcherProject/tools/baseline_ssw/SRR12432009/SarsGenome
penaltyFileAddress:           /u/rgq5aw/GIT/PARMIK/experiments/parmik/CK_SSW_ID_PRCNTG/PenaltySets/2484_1111_2444_2288_2848
kmerRangesFileAddress:        
readsCount:                   17000000
queryCount:                   30000
kmerLength:                   11
regionSize:                   48
cheapKmerThreshold:           0
identityPercentage:           0.85
minExactMatchLen:             0
minNumExactMatchKmer:         0
isIndexOffline:               1
offlineIndexAddress:          /p/lava/parmik/partialMatcherProject/tools/parmik/CK_INDEX/SRR12432009/
max editDistance in min region: 2
**********************CONFIGURATIONS*****************************
--------------Penalties--------------
m: 2, s: 4, go: 8, ge: 4
m: 1, s: 1, go: 1, ge: 1
m: 2, s: 4, go: 4, ge: 4
m: 2, s: 2, go: 8, ge: 8
m: 2, s: 8, go: 4, ge: 8
------------------------------------
numberOfReadsWithN : 0
queryCount : 1000
numberOfReadsWithN : 0
readCount : 16344647
offlineCheapIndexAddress: /p/lava/parmik/partialMatcherProject/tools/parmik/CK_INDEX/SRR12432009/ck_T0_K11_r17000000
pmrkAlignmentsAddress: /p/lava/parmik/partialMatcherProject/tools/baseline_ssw/SRR12432009/SarsGenome/aln/pmAln_R48_PI85_L0_M0_E2_K11_T0_P_2484_1111_2444_2288_2848.txt
Starting alignment for all queries [fwd]...
queryBaseIndex: 4000
query [4000]: # of matches found 24521 and it took: 82593.6ms
query [4001]: # of matches found 25423 and it took: 81865.3ms
query [4002]: # of matches found 25582 and it took: 82184.4ms
query [4003]: # of matches found 25634 and it took: 81580.2ms
query [4004]: # of matches found 25420 and it took: 82262.9ms
query [4005]: # of matches found 25054 and it took: 82510.5ms
query [4006]: # of matches found 24577 and it took: 82019.6ms
query [4007]: # of matches found 24133 and it took: 82169.5ms
query [4008]: # of matches found 24119 and it took: 83978.3ms
query [4009]: # of matches found 24024 and it took: 84617.6ms
query [4010]: # of matches found 23977 and it took: 84423.2ms
query [4011]: # of matches found 24009 and it took: 84005.7ms
query [4012]: # of matches found 24266 and it took: 83964.3ms
query [4013]: # of matches found 24246 and it took: 81839.7ms
query [4014]: # of matches found 24283 and it took: 83702.2ms
query [4015]: # of matches found 24794 and it took: 84887.3ms
query [4016]: # of matches found 24997 and it took: 83541.1ms
query [4017]: # of matches found 25012 and it took: 83660.2ms
query [4018]: # of matches found 25234 and it took: 84851.6ms
query [4019]: # of matches found 25341 and it took: 86593ms
query [4020]: # of matches found 25565 and it took: 84768.7ms
query [4021]: # of matches found 24805 and it took: 84031ms
query [4022]: # of matches found 24733 and it took: 83829.9ms
query [4023]: # of matches found 24620 and it took: 82847.7ms
query [4024]: # of matches found 24569 and it took: 83660.1ms
query [4025]: # of matches found 24622 and it took: 83868.1ms
query [4026]: # of matches found 24257 and it took: 82864.5ms
query [4027]: # of matches found 24064 and it took: 83101.5ms
query [4028]: # of matches found 23970 and it took: 84292.2ms
query [4029]: # of matches found 23842 and it took: 83993.5ms
query [4030]: # of matches found 23922 and it took: 84278.1ms
query [4031]: # of matches found 23848 and it took: 84163.9ms
query [4032]: # of matches found 23826 and it took: 84199.4ms
query [4033]: # of matches found 23804 and it took: 82776.4ms
query [4034]: # of matches found 23783 and it took: 84422.5ms
query [4035]: # of matches found 23796 and it took: 85015.9ms
query [4036]: # of matches found 23857 and it took: 84074.5ms
query [4037]: # of matches found 24832 and it took: 84299.4ms
query [4038]: # of matches found 24956 and it took: 85014.3ms
query [4039]: # of matches found 25158 and it took: 84509.1ms
query [4040]: # of matches found 25526 and it took: 84842ms
query [4041]: # of matches found 25754 and it took: 85177.4ms
query [4042]: # of matches found 25800 and it took: 85461.5ms
query [4043]: # of matches found 25891 and it took: 84251.8ms
query [4044]: # of matches found 25967 and it took: 85001.1ms
query [4045]: # of matches found 26009 and it took: 86276.9ms
query [4046]: # of matches found 26062 and it took: 85564.7ms
query [4047]: # of matches found 26021 and it took: 86916.4ms
query [4048]: # of matches found 26165 and it took: 85399.4ms
query [4049]: # of matches found 26442 and it took: 85437.8ms
query [4050]: # of matches found 26509 and it took: 86330.2ms
query [4051]: # of matches found 26541 and it took: 86361.4ms
query [4052]: # of matches found 26580 and it took: 86463ms
query [4053]: # of matches found 26664 and it took: 85476ms
query [4054]: # of matches found 26642 and it took: 85947.6ms
query [4055]: # of matches found 26553 and it took: 86369.7ms
query [4056]: # of matches found 26423 and it took: 85191ms
query [4057]: # of matches found 26319 and it took: 85508.9ms
query [4058]: # of matches found 24801 and it took: 85955.5ms
query [4059]: # of matches found 24814 and it took: 84376.9ms
query [4060]: # of matches found 24930 and it took: 85446.7ms
query [4061]: # of matches found 25012 and it took: 85478.7ms
query [4062]: # of matches found 25016 and it took: 85166.5ms
query [4063]: # of matches found 25033 and it took: 82187ms
query [4064]: # of matches found 25046 and it took: 82402.9ms
query [4065]: # of matches found 25073 and it took: 83466.9ms
query [4066]: # of matches found 25396 and it took: 81950ms
query [4067]: # of matches found 25680 and it took: 82413.1ms
query [4068]: # of matches found 25548 and it took: 82999.6ms
query [4069]: # of matches found 25723 and it took: 81516.3ms
query [4070]: # of matches found 25869 and it took: 83313.6ms
query [4071]: # of matches found 25601 and it took: 82996.9ms
query [4072]: # of matches found 25370 and it took: 83306.3ms
query [4073]: # of matches found 25399 and it took: 82318.4ms
query [4074]: # of matches found 25320 and it took: 82808.1ms
query [4075]: # of matches found 25357 and it took: 83028.7ms
query [4076]: # of matches found 25274 and it took: 81935.6ms
query [4077]: # of matches found 25257 and it took: 81661.1ms
query [4078]: # of matches found 25225 and it took: 81949.9ms
query [4079]: # of matches found 25175 and it took: 81028.8ms
query [4080]: # of matches found 25193 and it took: 81952.6ms
query [4081]: # of matches found 25090 and it took: 82098.6ms
query [4082]: # of matches found 25068 and it took: 82396.5ms
query [4083]: # of matches found 25027 and it took: 81230.9ms
query [4084]: # of matches found 24964 and it took: 81409.6ms
query [4085]: # of matches found 24947 and it took: 82618.8ms
query [4086]: # of matches found 25068 and it took: 81242.4ms
query [4087]: # of matches found 24946 and it took: 81602.3ms
query [4088]: # of matches found 24962 and it took: 81905.6ms
query [4089]: # of matches found 24859 and it took: 80234.5ms
query [4090]: # of matches found 24902 and it took: 81021ms
query [4091]: # of matches found 25420 and it took: 81313.7ms
query [4092]: # of matches found 25692 and it took: 81667.7ms
query [4093]: # of matches found 25981 and it took: 80571.5ms
query [4094]: # of matches found 26124 and it took: 81517.7ms
query [4095]: # of matches found 25729 and it took: 81572.5ms
query [4096]: # of matches found 25675 and it took: 80743.7ms
query [4097]: # of matches found 25644 and it took: 80831.3ms
query [4098]: # of matches found 25609 and it took: 82296.1ms
query [4099]: # of matches found 25620 and it took: 81206.7ms
query [4100]: # of matches found 25643 and it took: 81842.5ms
query [4101]: # of matches found 25788 and it took: 82132.3ms
query [4102]: # of matches found 25358 and it took: 82108.7ms
query [4103]: # of matches found 25048 and it took: 81781.1ms
query [4104]: # of matches found 25056 and it took: 81959.3ms
query [4105]: # of matches found 24681 and it took: 81992.2ms
query [4106]: # of matches found 24471 and it took: 80284.7ms
query [4107]: # of matches found 24475 and it took: 81281.9ms
query [4108]: # of matches found 24770 and it took: 81017.9ms
query [4109]: # of matches found 24769 and it took: 80788.2ms
query [4110]: # of matches found 24735 and it took: 81394.6ms
query [4111]: # of matches found 24712 and it took: 82124.2ms
query [4112]: # of matches found 24730 and it took: 81775.8ms
query [4113]: # of matches found 24347 and it took: 81423.2ms
query [4114]: # of matches found 24341 and it took: 81620.7ms
query [4115]: # of matches found 24320 and it took: 81749.8ms
query [4116]: # of matches found 24341 and it took: 80769.3ms
query [4117]: # of matches found 24341 and it took: 81225.7ms
query [4118]: # of matches found 24503 and it took: 80726.6ms
query [4119]: # of matches found 24574 and it took: 80370.4ms
query [4120]: # of matches found 24642 and it took: 82034.1ms
query [4121]: # of matches found 24676 and it took: 81597.8ms
query [4122]: # of matches found 24806 and it took: 80234.3ms
query [4123]: # of matches found 24846 and it took: 80422.9ms
query [4124]: # of matches found 24948 and it took: 81332.6ms
query [4125]: # of matches found 24981 and it took: 81062.4ms
query [4126]: # of matches found 24988 and it took: 79886.6ms
query [4127]: # of matches found 23845 and it took: 80095.3ms
query [4128]: # of matches found 23802 and it took: 79548.6ms
query [4129]: # of matches found 23795 and it took: 79373.4ms
query [4130]: # of matches found 23779 and it took: 80488.2ms
query [4131]: # of matches found 23728 and it took: 80910.2ms
query [4132]: # of matches found 23655 and it took: 79412.9ms
query [4133]: # of matches found 23554 and it took: 80027.5ms
query [4134]: # of matches found 22780 and it took: 80625.8ms
query [4135]: # of matches found 22652 and it took: 80594.3ms
query [4136]: # of matches found 22928 and it took: 79602.5ms
query [4137]: # of matches found 22784 and it took: 79901.8ms
query [4138]: # of matches found 22560 and it took: 79532.1ms
query [4139]: # of matches found 22009 and it took: 79359.1ms
query [4140]: # of matches found 21796 and it took: 80061.7ms
query [4141]: # of matches found 21711 and it took: 81165.2ms
query [4142]: # of matches found 21483 and it took: 80140.6ms
query [4143]: # of matches found 21593 and it took: 81845ms
query [4144]: # of matches found 21712 and it took: 82324.2ms
query [4145]: # of matches found 21720 and it took: 81158.6ms
query [4146]: # of matches found 22120 and it took: 80235.4ms
query [4147]: # of matches found 22103 and it took: 80450.6ms
query [4148]: # of matches found 22039 and it took: 79639.6ms
query [4149]: # of matches found 21946 and it took: 78945.8ms
query [4150]: # of matches found 21888 and it took: 80281.3ms
query [4151]: # of matches found 21478 and it took: 80376.5ms
query [4152]: # of matches found 21361 and it took: 79541.9ms
query [4153]: # of matches found 20952 and it took: 80640.2ms
query [4154]: # of matches found 20868 and it took: 80206.6ms
query [4155]: # of matches found 20286 and it took: 80065.4ms
query [4156]: # of matches found 20295 and it took: 80025.8ms
query [4157]: # of matches found 20049 and it took: 80325.3ms
query [4158]: # of matches found 19823 and it took: 79628.7ms
query [4159]: # of matches found 20210 and it took: 79840.6ms
query [4160]: # of matches found 20158 and it took: 80308ms
query [4161]: # of matches found 20075 and it took: 80222.2ms
query [4162]: # of matches found 20007 and it took: 79696.8ms
query [4163]: # of matches found 20080 and it took: 80208.5ms
query [4164]: # of matches found 19988 and it took: 80447.3ms
query [4165]: # of matches found 19855 and it took: 81513.1ms
query [4166]: # of matches found 20308 and it took: 81101.7ms
query [4167]: # of matches found 20445 and it took: 79395.7ms
query [4168]: # of matches found 20627 and it took: 79233.7ms
query [4169]: # of matches found 20789 and it took: 79720ms
query [4170]: # of matches found 20785 and it took: 79290.5ms
query [4171]: # of matches found 20787 and it took: 79012.6ms
query [4172]: # of matches found 20907 and it took: 79074.7ms
query [4173]: # of matches found 20978 and it took: 79629.5ms
query [4174]: # of matches found 21259 and it took: 79299.6ms
query [4175]: # of matches found 21307 and it took: 78680.7ms
query [4176]: # of matches found 21506 and it took: 79286.1ms
query [4177]: # of matches found 20527 and it took: 78503.1ms
query [4178]: # of matches found 20509 and it took: 78619.5ms
query [4179]: # of matches found 20504 and it took: 78541.7ms
query [4180]: # of matches found 20434 and it took: 78402ms
query [4181]: # of matches found 20215 and it took: 78160.3ms
query [4182]: # of matches found 20179 and it took: 78098.8ms
query [4183]: # of matches found 19973 and it took: 78955.2ms
query [4184]: # of matches found 19933 and it took: 78820.4ms
query [4185]: # of matches found 19997 and it took: 79199.9ms
query [4186]: # of matches found 20076 and it took: 79515.1ms
query [4187]: # of matches found 20181 and it took: 79438.6ms
query [4188]: # of matches found 20125 and it took: 80309.2ms
query [4189]: # of matches found 20069 and it took: 80155.6ms
query [4190]: # of matches found 19988 and it took: 79195.7ms
query [4191]: # of matches found 19975 and it took: 78624.3ms
query [4192]: # of matches found 20004 and it took: 78501.1ms
query [4193]: # of matches found 20132 and it took: 79582.3ms
query [4194]: # of matches found 20163 and it took: 80497.3ms
query [4195]: # of matches found 20499 and it took: 80256.6ms
query [4196]: # of matches found 20513 and it took: 80825.7ms
query [4197]: # of matches found 20609 and it took: 80505.9ms
query [4198]: # of matches found 20635 and it took: 80117.2ms
query [4199]: # of matches found 20642 and it took: 80339ms
query [4200]: # of matches found 20667 and it took: 79470.2ms
query [4201]: # of matches found 20634 and it took: 78681.5ms
query [4202]: # of matches found 20693 and it took: 79203.9ms
query [4203]: # of matches found 21252 and it took: 80189.8ms
query [4204]: # of matches found 21344 and it took: 79900.3ms
query [4205]: # of matches found 22143 and it took: 80375.8ms
query [4206]: # of matches found 22175 and it took: 80080ms
query [4207]: # of matches found 22515 and it took: 79992.9ms
query [4208]: # of matches found 22645 and it took: 79547.3ms
query [4209]: # of matches found 22777 and it took: 79335.8ms
query [4210]: # of matches found 22411 and it took: 79542.6ms
query [4211]: # of matches found 22475 and it took: 78722.7ms
query [4212]: # of matches found 22483 and it took: 78301.3ms
query [4213]: # of matches found 22459 and it took: 79470.6ms
query [4214]: # of matches found 22611 and it took: 79479.8ms
query [4215]: # of matches found 22756 and it took: 79489ms
query [4216]: # of matches found 22694 and it took: 78555.8ms
query [4217]: # of matches found 22818 and it took: 78584.5ms
query [4218]: # of matches found 22885 and it took: 79255.9ms
query [4219]: # of matches found 22946 and it took: 78788.3ms
query [4220]: # of matches found 23357 and it took: 78390.4ms
query [4221]: # of matches found 23415 and it took: 79109.6ms
query [4222]: # of matches found 23604 and it took: 77492.3ms
query [4223]: # of matches found 23715 and it took: 79569.1ms
query [4224]: # of matches found 26608 and it took: 80046.2ms
query [4225]: # of matches found 26701 and it took: 79465.6ms
query [4226]: # of matches found 26714 and it took: 79944.2ms
query [4227]: # of matches found 26829 and it took: 79729.7ms
query [4228]: # of matches found 27186 and it took: 80054.5ms
query [4229]: # of matches found 27200 and it took: 80231.3ms
query [4230]: # of matches found 27173 and it took: 79611.5ms
query [4231]: # of matches found 26984 and it took: 79164.6ms
query [4232]: # of matches found 26631 and it took: 79045.3ms
query [4233]: # of matches found 26259 and it took: 80933.3ms
query [4234]: # of matches found 26051 and it took: 80937.3ms
query [4235]: # of matches found 26142 and it took: 80324.9ms
query [4236]: # of matches found 26131 and it took: 80445.2ms
query [4237]: # of matches found 26077 and it took: 80539.4ms
query [4238]: # of matches found 26069 and it took: 81268.2ms
query [4239]: # of matches found 26718 and it took: 80773.3ms
query [4240]: # of matches found 26599 and it took: 81234.7ms
query [4241]: # of matches found 26602 and it took: 80534.3ms
query [4242]: # of matches found 26658 and it took: 78989.6ms
query [4243]: # of matches found 26655 and it took: 80695.5ms
query [4244]: # of matches found 26602 and it took: 81193.3ms
query [4245]: # of matches found 26624 and it took: 80280.6ms
query [4246]: # of matches found 26620 and it took: 80456ms
query [4247]: # of matches found 26876 and it took: 80341ms
query [4248]: # of matches found 26423 and it took: 80414.1ms
query [4249]: # of matches found 26358 and it took: 79886.9ms
query [4250]: # of matches found 26689 and it took: 80348.3ms
query [4251]: # of matches found 26762 and it took: 79807.7ms
query [4252]: # of matches found 26803 and it took: 78613.5ms
query [4253]: # of matches found 26813 and it took: 80565ms
query [4254]: # of matches found 26853 and it took: 79563.1ms
query [4255]: # of matches found 26883 and it took: 79093.6ms
query [4256]: # of matches found 26785 and it took: 79080.4ms
query [4257]: # of matches found 26770 and it took: 78182.7ms
query [4258]: # of matches found 26549 and it took: 79195.3ms
query [4259]: # of matches found 26474 and it took: 78216.9ms
query [4260]: # of matches found 26350 and it took: 78298.2ms
query [4261]: # of matches found 26250 and it took: 78011.6ms
query [4262]: # of matches found 26083 and it took: 78530.8ms
query [4263]: # of matches found 26013 and it took: 78515.1ms
query [4264]: # of matches found 25999 and it took: 78935.3ms
query [4265]: # of matches found 26067 and it took: 78105.7ms
query [4266]: # of matches found 26074 and it took: 78539.8ms
query [4267]: # of matches found 26415 and it took: 78073.4ms
query [4268]: # of matches found 26877 and it took: 78550.7ms
query [4269]: # of matches found 26964 and it took: 77527.1ms
query [4270]: # of matches found 27024 and it took: 78403.5ms
query [4271]: # of matches found 27199 and it took: 77809.2ms
query [4272]: # of matches found 27383 and it took: 78310.2ms
query [4273]: # of matches found 27856 and it took: 77574.2ms
query [4274]: # of matches found 28021 and it took: 78004.6ms
query [4275]: # of matches found 28300 and it took: 77249.3ms
query [4276]: # of matches found 28484 and it took: 77045.7ms
query [4277]: # of matches found 28249 and it took: 76567.7ms
query [4278]: # of matches found 28526 and it took: 77756ms
query [4279]: # of matches found 28603 and it took: 76781.6ms
query [4280]: # of matches found 29299 and it took: 76818.6ms
query [4281]: # of matches found 29328 and it took: 76262.7ms
query [4282]: # of matches found 29183 and it took: 76300.2ms
query [4283]: # of matches found 28957 and it took: 76195.9ms
query [4284]: # of matches found 28955 and it took: 76927.7ms
query [4285]: # of matches found 28771 and it took: 76504ms
query [4286]: # of matches found 28424 and it took: 76822.1ms
query [4287]: # of matches found 28932 and it took: 76430.7ms
query [4288]: # of matches found 29003 and it took: 77098.3ms
query [4289]: # of matches found 29891 and it took: 76624ms
query [4290]: # of matches found 29962 and it took: 76606.9ms
query [4291]: # of matches found 29999 and it took: 76326.3ms
query [4292]: # of matches found 30225 and it took: 76590.2ms
query [4293]: # of matches found 30321 and it took: 76366.3ms
query [4294]: # of matches found 30335 and it took: 76250.1ms
query [4295]: # of matches found 30350 and it took: 75733ms
query [4296]: # of matches found 30325 and it took: 76827ms
query [4297]: # of matches found 30253 and it took: 76787.7ms
query [4298]: # of matches found 30239 and it took: 77634.4ms
query [4299]: # of matches found 29780 and it took: 76647ms
query [4300]: # of matches found 30077 and it took: 76860.4ms
query [4301]: # of matches found 29920 and it took: 76822.3ms
query [4302]: # of matches found 29881 and it took: 77963.8ms
query [4303]: # of matches found 29788 and it took: 76961.7ms
query [4304]: # of matches found 29770 and it took: 77755.7ms
query [4305]: # of matches found 29829 and it took: 77167.1ms
query [4306]: # of matches found 29401 and it took: 77443.1ms
query [4307]: # of matches found 29236 and it took: 77378.6ms
query [4308]: # of matches found 29093 and it took: 77589.6ms
query [4309]: # of matches found 29073 and it took: 77026.2ms
query [4310]: # of matches found 28932 and it took: 77498.6ms
query [4311]: # of matches found 29113 and it took: 77743.3ms
query [4312]: # of matches found 29201 and it took: 78515.8ms
query [4313]: # of matches found 29217 and it took: 78235.1ms
query [4314]: # of matches found 29519 and it took: 78352.2ms
query [4315]: # of matches found 29796 and it took: 77604.4ms
query [4316]: # of matches found 30254 and it took: 78095.9ms
query [4317]: # of matches found 30947 and it took: 77737.6ms
query [4318]: # of matches found 31024 and it took: 78140.2ms
query [4319]: # of matches found 31058 and it took: 77369.1ms
query [4320]: # of matches found 30847 and it took: 77358.2ms
query [4321]: # of matches found 30997 and it took: 77418.3ms
query [4322]: # of matches found 30960 and it took: 77952.3ms
query [4323]: # of matches found 31005 and it took: 77663.4ms
query [4324]: # of matches found 31789 and it took: 77144.2ms
query [4325]: # of matches found 33961 and it took: 76824.4ms
query [4326]: # of matches found 34100 and it took: 77087ms
query [4327]: # of matches found 34061 and it took: 76923.9ms
query [4328]: # of matches found 34125 and it took: 76785.4ms
query [4329]: # of matches found 33928 and it took: 76718.9ms
query [4330]: # of matches found 33641 and it took: 76503.6ms
query [4331]: # of matches found 33710 and it took: 76263.9ms
query [4332]: # of matches found 33868 and it took: 76815.8ms
query [4333]: # of matches found 33596 and it took: 76889.8ms
query [4334]: # of matches found 33428 and it took: 76751ms
query [4335]: # of matches found 33058 and it took: 76077ms
query [4336]: # of matches found 33025 and it took: 76583.5ms
query [4337]: # of matches found 44479 and it took: 76775.8ms
query [4338]: # of matches found 44601 and it took: 77442.3ms
query [4339]: # of matches found 44530 and it took: 76978.2ms
query [4340]: # of matches found 44642 and it took: 76723ms
query [4341]: # of matches found 44685 and it took: 76622.6ms
query [4342]: # of matches found 44660 and it took: 78477.2ms
query [4343]: # of matches found 44206 and it took: 78566.2ms
query [4344]: # of matches found 44001 and it took: 78701ms
query [4345]: # of matches found 43284 and it took: 78243.1ms
query [4346]: # of matches found 43036 and it took: 78259.8ms
query [4347]: # of matches found 42654 and it took: 78152.2ms
query [4348]: # of matches found 42449 and it took: 78387.5ms
query [4349]: # of matches found 42291 and it took: 77885.1ms
query [4350]: # of matches found 42189 and it took: 76238.3ms
query [4351]: # of matches found 42179 and it took: 75974.5ms
query [4352]: # of matches found 42437 and it took: 78274.4ms
query [4353]: # of matches found 42491 and it took: 79154.8ms
query [4354]: # of matches found 42484 and it took: 78992.4ms
query [4355]: # of matches found 42357 and it took: 77815.1ms
query [4356]: # of matches found 42187 and it took: 78425.7ms
query [4357]: # of matches found 42234 and it took: 78203.6ms
query [4358]: # of matches found 42386 and it took: 76850ms
query [4359]: # of matches found 42383 and it took: 76633.5ms
query [4360]: # of matches found 42632 and it took: 75900.5ms
query [4361]: # of matches found 42621 and it took: 75395.9ms
query [4362]: # of matches found 42229 and it took: 77583.2ms
query [4363]: # of matches found 42150 and it took: 77521.3ms
query [4364]: # of matches found 39658 and it took: 77494.1ms
query [4365]: # of matches found 39138 and it took: 76634ms
query [4366]: # of matches found 39019 and it took: 76940.3ms
query [4367]: # of matches found 38770 and it took: 77141.9ms
query [4368]: # of matches found 38408 and it took: 76716.1ms
query [4369]: # of matches found 38449 and it took: 76780.8ms
query [4370]: # of matches found 38478 and it took: 75864.5ms
query [4371]: # of matches found 38443 and it took: 75719.5ms
query [4372]: # of matches found 38439 and it took: 77420ms
query [4373]: # of matches found 38423 and it took: 77378.9ms
query [4374]: # of matches found 38439 and it took: 77063.1ms
query [4375]: # of matches found 38561 and it took: 76577.7ms
query [4376]: # of matches found 38478 and it took: 77305.4ms
query [4377]: # of matches found 38544 and it took: 77416.3ms
query [4378]: # of matches found 38556 and it took: 77318.1ms
query [4379]: # of matches found 37922 and it took: 77362.6ms
query [4380]: # of matches found 39383 and it took: 76784.1ms
query [4381]: # of matches found 39361 and it took: 76380.3ms
query [4382]: # of matches found 39168 and it took: 77558.6ms
query [4383]: # of matches found 39073 and it took: 77596.1ms
query [4384]: # of matches found 39032 and it took: 77257.3ms
query [4385]: # of matches found 39149 and it took: 76554.6ms
query [4386]: # of matches found 39085 and it took: 77001.1ms
query [4387]: # of matches found 38640 and it took: 77515.3ms
query [4388]: # of matches found 38643 and it took: 77217.8ms
query [4389]: # of matches found 38749 and it took: 77394.5ms
query [4390]: # of matches found 38783 and it took: 76894.4ms
query [4391]: # of matches found 38525 and it took: 76607.3ms
query [4392]: # of matches found 38563 and it took: 77255.4ms
query [4393]: # of matches found 38595 and it took: 76769.1ms
query [4394]: # of matches found 38567 and it took: 77173.6ms
query [4395]: # of matches found 38563 and it took: 77451.7ms
query [4396]: # of matches found 38558 and it took: 77822ms
query [4397]: # of matches found 39420 and it took: 78543.8ms
query [4398]: # of matches found 39497 and it took: 78054.9ms
query [4399]: # of matches found 39522 and it took: 78365.6ms
query [4400]: # of matches found 39987 and it took: 78360.4ms
query [4401]: # of matches found 40027 and it took: 77930.3ms
query [4402]: # of matches found 40091 and it took: 78741.4ms
query [4403]: # of matches found 40042 and it took: 79078.8ms
query [4404]: # of matches found 40013 and it took: 79106.7ms
query [4405]: # of matches found 39750 and it took: 78674.1ms
query [4406]: # of matches found 39752 and it took: 80059.9ms
query [4407]: # of matches found 39715 and it took: 79894.3ms
query [4408]: # of matches found 39037 and it took: 78788.5ms
query [4409]: # of matches found 39020 and it took: 79588.2ms
query [4410]: # of matches found 39012 and it took: 80069.3ms
query [4411]: # of matches found 38864 and it took: 80316.7ms
query [4412]: # of matches found 38821 and it took: 80075.1ms
query [4413]: # of matches found 38553 and it took: 80247.6ms
query [4414]: # of matches found 38208 and it took: 80172.3ms
query [4415]: # of matches found 38009 and it took: 78936.5ms
query [4416]: # of matches found 37999 and it took: 80384ms
query [4417]: # of matches found 37953 and it took: 80803.8ms
query [4418]: # of matches found 37811 and it took: 80331.3ms
query [4419]: # of matches found 38245 and it took: 80669ms
query [4420]: # of matches found 37632 and it took: 81026.9ms
query [4421]: # of matches found 37580 and it took: 80774.6ms
query [4422]: # of matches found 37386 and it took: 80079ms
query [4423]: # of matches found 37276 and it took: 80591.1ms
query [4424]: # of matches found 37131 and it took: 80504ms
query [4425]: # of matches found 37400 and it took: 79201.5ms
query [4426]: # of matches found 37653 and it took: 81636.3ms
query [4427]: # of matches found 37259 and it took: 81149.8ms
query [4428]: # of matches found 37412 and it took: 80353.7ms
query [4429]: # of matches found 36745 and it took: 81328.9ms
query [4430]: # of matches found 36815 and it took: 80924.3ms
query [4431]: # of matches found 36817 and it took: 81073.1ms
query [4432]: # of matches found 36768 and it took: 80670.7ms
query [4433]: # of matches found 36851 and it took: 81679.6ms
query [4434]: # of matches found 37003 and it took: 81660.8ms
query [4435]: # of matches found 37279 and it took: 79754.4ms
query [4436]: # of matches found 37767 and it took: 81891.9ms
query [4437]: # of matches found 38145 and it took: 81777.4ms
query [4438]: # of matches found 38135 and it took: 80736.4ms
query [4439]: # of matches found 38256 and it took: 81061.6ms
query [4440]: # of matches found 38089 and it took: 80987.8ms
query [4441]: # of matches found 38088 and it took: 80820.1ms
query [4442]: # of matches found 38153 and it took: 80468.4ms
query [4443]: # of matches found 38230 and it took: 81117.4ms
query [4444]: # of matches found 38296 and it took: 81129.1ms
query [4445]: # of matches found 38215 and it took: 80255.3ms
query [4446]: # of matches found 38191 and it took: 81755ms
query [4447]: # of matches found 38185 and it took: 81854.3ms
query [4448]: # of matches found 38298 and it took: 81526ms
query [4449]: # of matches found 38141 and it took: 81283.4ms
query [4450]: # of matches found 38129 and it took: 81370.1ms
query [4451]: # of matches found 37920 and it took: 82833.2ms
query [4452]: # of matches found 37749 and it took: 81925.4ms
query [4453]: # of matches found 37792 and it took: 82371.6ms
query [4454]: # of matches found 37491 and it took: 82180.7ms
query [4455]: # of matches found 37185 and it took: 80717.2ms
query [4456]: # of matches found 36778 and it took: 81697.9ms
query [4457]: # of matches found 35772 and it took: 81929.8ms
query [4458]: # of matches found 36093 and it took: 81778.5ms
query [4459]: # of matches found 36071 and it took: 82277.8ms
query [4460]: # of matches found 36126 and it took: 81971.2ms
query [4461]: # of matches found 36224 and it took: 82596.2ms
query [4462]: # of matches found 36096 and it took: 82964.8ms
query [4463]: # of matches found 36176 and it took: 81971.8ms
query [4464]: # of matches found 35510 and it took: 81382.8ms
query [4465]: # of matches found 34313 and it took: 80375.4ms
query [4466]: # of matches found 32833 and it took: 81447.8ms
query [4467]: # of matches found 32833 and it took: 82703.2ms
query [4468]: # of matches found 32976 and it took: 82708.9ms
query [4469]: # of matches found 32948 and it took: 82616.5ms
query [4470]: # of matches found 32935 and it took: 82402.1ms
query [4471]: # of matches found 32879 and it took: 83304.3ms
query [4472]: # of matches found 32540 and it took: 82647.1ms
query [4473]: # of matches found 32512 and it took: 82538.4ms
query [4474]: # of matches found 32616 and it took: 82374.5ms
query [4475]: # of matches found 32687 and it took: 81785ms
query [4476]: # of matches found 33775 and it took: 82792.1ms
query [4477]: # of matches found 33764 and it took: 83284.4ms
query [4478]: # of matches found 22195 and it took: 84468.3ms
query [4479]: # of matches found 22230 and it took: 84222.8ms
query [4480]: # of matches found 22200 and it took: 84300.5ms
query [4481]: # of matches found 22103 and it took: 84893.7ms
query [4482]: # of matches found 22561 and it took: 84848.9ms
query [4483]: # of matches found 22877 and it took: 82164.1ms
query [4484]: # of matches found 23129 and it took: 82300ms
query [4485]: # of matches found 23386 and it took: 81901.2ms
query [4486]: # of matches found 23148 and it took: 82019.2ms
query [4487]: # of matches found 23071 and it took: 81855.3ms
query [4488]: # of matches found 23134 and it took: 81643.4ms
query [4489]: # of matches found 23326 and it took: 81513.6ms
query [4490]: # of matches found 23467 and it took: 81420.7ms
query [4491]: # of matches found 23752 and it took: 82047.2ms
query [4492]: # of matches found 23391 and it took: 81830.1ms
query [4493]: # of matches found 23373 and it took: 81951.7ms
query [4494]: # of matches found 23408 and it took: 81707.5ms
query [4495]: # of matches found 23446 and it took: 81721.7ms
query [4496]: # of matches found 23438 and it took: 82580.2ms
query [4497]: # of matches found 23479 and it took: 81929.4ms
query [4498]: # of matches found 23412 and it took: 81864.2ms
query [4499]: # of matches found 23233 and it took: 81495.9ms
query [4500]: # of matches found 22850 and it took: 81498ms
query [4501]: # of matches found 22820 and it took: 82560ms
query [4502]: # of matches found 22891 and it took: 82543.8ms
query [4503]: # of matches found 22906 and it took: 82397.8ms
query [4504]: # of matches found 22943 and it took: 81487.7ms
query [4505]: # of matches found 22996 and it took: 82232.2ms
query [4506]: # of matches found 23034 and it took: 82065.3ms
query [4507]: # of matches found 23111 and it took: 80785.3ms
query [4508]: # of matches found 23248 and it took: 80963.8ms
query [4509]: # of matches found 23262 and it took: 81004.5ms
query [4510]: # of matches found 23279 and it took: 80999.4ms
query [4511]: # of matches found 23354 and it took: 81048.6ms
query [4512]: # of matches found 23451 and it took: 80900ms
query [4513]: # of matches found 23475 and it took: 80926.2ms
query [4514]: # of matches found 23468 and it took: 81328.6ms
query [4515]: # of matches found 24194 and it took: 81165.7ms
query [4516]: # of matches found 24172 and it took: 81211.2ms
query [4517]: # of matches found 24125 and it took: 79938.6ms
query [4518]: # of matches found 24080 and it took: 81240.1ms
query [4519]: # of matches found 23988 and it took: 80788.8ms
query [4520]: # of matches found 23956 and it took: 81057.2ms
query [4521]: # of matches found 22690 and it took: 80897.1ms
query [4522]: # of matches found 22720 and it took: 80619.9ms
query [4523]: # of matches found 22930 and it took: 81145.4ms
query [4524]: # of matches found 23358 and it took: 80897.9ms
query [4525]: # of matches found 23394 and it took: 80667.8ms
query [4526]: # of matches found 23426 and it took: 80781.9ms
query [4527]: # of matches found 23560 and it took: 80820.2ms
query [4528]: # of matches found 23646 and it took: 81538.8ms
query [4529]: # of matches found 23961 and it took: 80655.2ms
query [4530]: # of matches found 24031 and it took: 80888.9ms
query [4531]: # of matches found 24214 and it took: 80571.8ms
query [4532]: # of matches found 24236 and it took: 80893.8ms
query [4533]: # of matches found 24342 and it took: 80162.3ms
query [4534]: # of matches found 24415 and it took: 80886.6ms
query [4535]: # of matches found 24395 and it took: 81444.5ms
query [4536]: # of matches found 24415 and it took: 81136.8ms
query [4537]: # of matches found 23567 and it took: 80946.8ms
query [4538]: # of matches found 23913 and it took: 81621.5ms
query [4539]: # of matches found 23935 and it took: 81321.4ms
query [4540]: # of matches found 23693 and it took: 82010.4ms
query [4541]: # of matches found 23704 and it took: 82245.3ms
query [4542]: # of matches found 23885 and it took: 82380ms
query [4543]: # of matches found 23925 and it took: 82100.6ms
query [4544]: # of matches found 24015 and it took: 82103.7ms
query [4545]: # of matches found 24154 and it took: 82059.6ms
query [4546]: # of matches found 24221 and it took: 81990ms
query [4547]: # of matches found 24143 and it took: 81352.7ms
query [4548]: # of matches found 24210 and it took: 81866.7ms
query [4549]: # of matches found 24177 and it took: 81330.1ms
query [4550]: # of matches found 24187 and it took: 82159.1ms
query [4551]: # of matches found 24373 and it took: 81513.1ms
query [4552]: # of matches found 24411 and it took: 81909.2ms
query [4553]: # of matches found 24444 and it took: 81824ms
query [4554]: # of matches found 24472 and it took: 82438.8ms
query [4555]: # of matches found 24460 and it took: 82674.8ms
query [4556]: # of matches found 24359 and it took: 83197.4ms
query [4557]: # of matches found 24346 and it took: 82191ms
query [4558]: # of matches found 24312 and it took: 83302ms
query [4559]: # of matches found 24592 and it took: 82824.3ms
query [4560]: # of matches found 24558 and it took: 83070.1ms
query [4561]: # of matches found 25169 and it took: 83206ms
query [4562]: # of matches found 25175 and it took: 82359.8ms
query [4563]: # of matches found 25253 and it took: 83069.8ms
query [4564]: # of matches found 25213 and it took: 83202.1ms
query [4565]: # of matches found 25039 and it took: 83348.2ms
query [4566]: # of matches found 25036 and it took: 83242.6ms
query [4567]: # of matches found 25424 and it took: 82769.1ms
query [4568]: # of matches found 25350 and it took: 83183ms
query [4569]: # of matches found 25300 and it took: 82567.3ms
query [4570]: # of matches found 25167 and it took: 83329.2ms
query [4571]: # of matches found 25243 and it took: 83547.7ms
query [4572]: # of matches found 25383 and it took: 83026ms
query [4573]: # of matches found 25308 and it took: 83525.9ms
query [4574]: # of matches found 25039 and it took: 82663.4ms
query [4575]: # of matches found 25283 and it took: 82812.5ms
query [4576]: # of matches found 24737 and it took: 82810.1ms
query [4577]: # of matches found 24363 and it took: 81955.4ms
query [4578]: # of matches found 24456 and it took: 82128.8ms
query [4579]: # of matches found 24312 and it took: 82131.1ms
query [4580]: # of matches found 24253 and it took: 82094.8ms
query [4581]: # of matches found 24162 and it took: 82548.4ms
query [4582]: # of matches found 24241 and it took: 82397.2ms
query [4583]: # of matches found 24187 and it took: 81839.1ms
query [4584]: # of matches found 24369 and it took: 82680.1ms
query [4585]: # of matches found 24370 and it took: 82160.1ms
query [4586]: # of matches found 24484 and it took: 82188.5ms
query [4587]: # of matches found 24513 and it took: 82683.2ms
query [4588]: # of matches found 24433 and it took: 82566.7ms
query [4589]: # of matches found 24399 and it took: 81486.5ms
query [4590]: # of matches found 24438 and it took: 81619.6ms
query [4591]: # of matches found 24448 and it took: 81950.8ms
query [4592]: # of matches found 24424 and it took: 81760.5ms
query [4593]: # of matches found 24299 and it took: 82003.9ms
query [4594]: # of matches found 24206 and it took: 81813ms
query [4595]: # of matches found 24074 and it took: 82405.6ms
query [4596]: # of matches found 23985 and it took: 82173.4ms
query [4597]: # of matches found 24021 and it took: 82590.5ms
query [4598]: # of matches found 23569 and it took: 83023.4ms
query [4599]: # of matches found 23535 and it took: 82206.2ms
query [4600]: # of matches found 23504 and it took: 82734.7ms
query [4601]: # of matches found 23478 and it took: 83449.9ms
query [4602]: # of matches found 23370 and it took: 83263.6ms
query [4603]: # of matches found 23334 and it took: 82857ms
query [4604]: # of matches found 23350 and it took: 83547.4ms
query [4605]: # of matches found 23336 and it took: 83691.7ms
query [4606]: # of matches found 23401 and it took: 82553.8ms
query [4607]: # of matches found 23396 and it took: 83474.7ms
query [4608]: # of matches found 23384 and it took: 83503ms
query [4609]: # of matches found 23408 and it took: 83112.3ms
query [4610]: # of matches found 23424 and it took: 82937.3ms
query [4611]: # of matches found 23572 and it took: 83583.5ms
query [4612]: # of matches found 23529 and it took: 82791.6ms
query [4613]: # of matches found 23812 and it took: 82678.8ms
query [4614]: # of matches found 23797 and it took: 82865.1ms
query [4615]: # of matches found 23788 and it took: 83565.6ms
query [4616]: # of matches found 23515 and it took: 82696.2ms
query [4617]: # of matches found 22485 and it took: 83303.7ms
query [4618]: # of matches found 120539 and it took: 82950.3ms
query [4619]: # of matches found 120564 and it took: 82351.8ms
query [4620]: # of matches found 120654 and it took: 82377.7ms
query [4621]: # of matches found 120613 and it took: 82433.3ms
query [4622]: # of matches found 120189 and it took: 81459.2ms
query [4623]: # of matches found 120389 and it took: 81261.3ms
query [4624]: # of matches found 120861 and it took: 81537.6ms
query [4625]: # of matches found 121026 and it took: 81536.2ms
query [4626]: # of matches found 122787 and it took: 81730ms
query [4627]: # of matches found 122795 and it took: 81869.1ms
query [4628]: # of matches found 123863 and it took: 81705ms
query [4629]: # of matches found 123650 and it took: 81233.9ms
query [4630]: # of matches found 123571 and it took: 80903.4ms
query [4631]: # of matches found 123300 and it took: 80156.7ms
query [4632]: # of matches found 123181 and it took: 80356.5ms
query [4633]: # of matches found 123205 and it took: 80478.5ms
query [4634]: # of matches found 123144 and it took: 80506.6ms
query [4635]: # of matches found 123085 and it took: 80137.8ms
query [4636]: # of matches found 123094 and it took: 80403ms
query [4637]: # of matches found 123190 and it took: 81045.9ms
query [4638]: # of matches found 123113 and it took: 80596ms
query [4639]: # of matches found 123211 and it took: 80490.8ms
query [4640]: # of matches found 123175 and it took: 80248.5ms
query [4641]: # of matches found 123239 and it took: 80330.5ms
query [4642]: # of matches found 123181 and it took: 80350.9ms
query [4643]: # of matches found 123424 and it took: 79841.3ms
query [4644]: # of matches found 123356 and it took: 79883ms
query [4645]: # of matches found 123966 and it took: 79537.8ms
query [4646]: # of matches found 124110 and it took: 79773.7ms
query [4647]: # of matches found 124197 and it took: 79978.6ms
query [4648]: # of matches found 124204 and it took: 79990.9ms
query [4649]: # of matches found 124285 and it took: 79560.6ms
query [4650]: # of matches found 124275 and it took: 79081.3ms
query [4651]: # of matches found 124202 and it took: 78939.1ms
query [4652]: # of matches found 124081 and it took: 78193.1ms
query [4653]: # of matches found 124071 and it took: 78381.2ms
query [4654]: # of matches found 124108 and it took: 78419.8ms
query [4655]: # of matches found 124135 and it took: 78209.3ms
query [4656]: # of matches found 124178 and it took: 78136.7ms
query [4657]: # of matches found 123342 and it took: 78605.9ms
query [4658]: # of matches found 123379 and it took: 78291.8ms
query [4659]: # of matches found 123457 and it took: 78168.5ms
query [4660]: # of matches found 123307 and it took: 78993.2ms
query [4661]: # of matches found 123301 and it took: 78352.3ms
query [4662]: # of matches found 123303 and it took: 78947.5ms
query [4663]: # of matches found 123418 and it took: 78260.2ms
query [4664]: # of matches found 123164 and it took: 77951.6ms
query [4665]: # of matches found 122873 and it took: 78360.4ms
query [4666]: # of matches found 122812 and it took: 78673ms
query [4667]: # of matches found 122883 and it took: 79284.4ms
query [4668]: # of matches found 122818 and it took: 79253.6ms
query [4669]: # of matches found 123592 and it took: 79135.2ms
query [4670]: # of matches found 123231 and it took: 79274ms
query [4671]: # of matches found 123203 and it took: 79746.4ms
query [4672]: # of matches found 123990 and it took: 80894.4ms
query [4673]: # of matches found 123953 and it took: 80564.2ms
query [4674]: # of matches found 124066 and it took: 79778.5ms
query [4675]: # of matches found 124035 and it took: 79401.6ms
query [4676]: # of matches found 124053 and it took: 79357.9ms
query [4677]: # of matches found 124277 and it took: 79601.3ms
query [4678]: # of matches found 123836 and it took: 79399.6ms
query [4679]: # of matches found 123876 and it took: 79017.6ms
query [4680]: # of matches found 123776 and it took: 79733.5ms
query [4681]: # of matches found 123713 and it took: 80187.3ms
query [4682]: # of matches found 123460 and it took: 80289.5ms
query [4683]: # of matches found 123595 and it took: 80827.3ms
query [4684]: # of matches found 123635 and it took: 80533.7ms
query [4685]: # of matches found 123573 and it took: 80061.8ms
query [4686]: # of matches found 123582 and it took: 80093.2ms
query [4687]: # of matches found 123610 and it took: 80668.8ms
query [4688]: # of matches found 123629 and it took: 80416.1ms
query [4689]: # of matches found 123740 and it took: 80922.8ms
query [4690]: # of matches found 123854 and it took: 80983.9ms
query [4691]: # of matches found 124230 and it took: 81334.4ms
query [4692]: # of matches found 124227 and it took: 81655.6ms
query [4693]: # of matches found 124280 and it took: 82007.3ms
query [4694]: # of matches found 124296 and it took: 82226.4ms
query [4695]: # of matches found 124253 and it took: 82161.6ms
query [4696]: # of matches found 124264 and it took: 82352.7ms
query [4697]: # of matches found 124425 and it took: 82994.2ms
query [4698]: # of matches found 124456 and it took: 82798.3ms
query [4699]: # of matches found 124004 and it took: 82738.7ms
query [4700]: # of matches found 123654 and it took: 82938.3ms
query [4701]: # of matches found 123055 and it took: 82814.5ms
query [4702]: # of matches found 123029 and it took: 82012.1ms
query [4703]: # of matches found 123144 and it took: 82838.1ms
query [4704]: # of matches found 123926 and it took: 83451.8ms
query [4705]: # of matches found 123933 and it took: 82620ms
query [4706]: # of matches found 123785 and it took: 82933.5ms
query [4707]: # of matches found 123219 and it took: 83121.5ms
query [4708]: # of matches found 123171 and it took: 82629.3ms
query [4709]: # of matches found 122965 and it took: 82901.4ms
query [4710]: # of matches found 122940 and it took: 83272.4ms
query [4711]: # of matches found 122837 and it took: 82757.3ms
query [4712]: # of matches found 122695 and it took: 82806.3ms
query [4713]: # of matches found 122572 and it took: 83312.3ms
query [4714]: # of matches found 122579 and it took: 82789.6ms
query [4715]: # of matches found 122311 and it took: 82186.7ms
query [4716]: # of matches found 122402 and it took: 82792ms
query [4717]: # of matches found 122438 and it took: 82909.1ms
query [4718]: # of matches found 122484 and it took: 82344.2ms
query [4719]: # of matches found 122483 and it took: 83133.6ms
query [4720]: # of matches found 122476 and it took: 83219.4ms
query [4721]: # of matches found 122456 and it took: 82277ms
query [4722]: # of matches found 122318 and it took: 82726.7ms
query [4723]: # of matches found 122290 and it took: 82557ms
query [4724]: # of matches found 122047 and it took: 81302ms
query [4725]: # of matches found 122029 and it took: 81243.6ms
query [4726]: # of matches found 121895 and it took: 82784.9ms
query [4727]: # of matches found 121890 and it took: 82706.2ms
query [4728]: # of matches found 121860 and it took: 81758.4ms
query [4729]: # of matches found 121947 and it took: 81474.3ms
query [4730]: # of matches found 121959 and it took: 81484.5ms
query [4731]: # of matches found 122063 and it took: 80825.2ms
query [4732]: # of matches found 122104 and it took: 80859.2ms
query [4733]: # of matches found 122130 and it took: 81108ms
query [4734]: # of matches found 122156 and it took: 80731.6ms
query [4735]: # of matches found 122223 and it took: 80956.3ms
query [4736]: # of matches found 122348 and it took: 80938.3ms
query [4737]: # of matches found 122542 and it took: 81495.1ms
query [4738]: # of matches found 122680 and it took: 80252.6ms
query [4739]: # of matches found 122702 and it took: 80102.3ms
query [4740]: # of matches found 122586 and it took: 79930.9ms
query [4741]: # of matches found 122473 and it took: 79385.1ms
query [4742]: # of matches found 122361 and it took: 79722.8ms
query [4743]: # of matches found 122424 and it took: 80087.4ms
query [4744]: # of matches found 122438 and it took: 79362.7ms
query [4745]: # of matches found 122469 and it took: 79377.1ms
query [4746]: # of matches found 122469 and it took: 79178.1ms
query [4747]: # of matches found 122658 and it took: 79066.5ms
query [4748]: # of matches found 122256 and it took: 79462.8ms
query [4749]: # of matches found 122283 and it took: 79001.5ms
query [4750]: # of matches found 122326 and it took: 79348ms
query [4751]: # of matches found 122433 and it took: 78982.5ms
query [4752]: # of matches found 122465 and it took: 79236ms
query [4753]: # of matches found 122179 and it took: 79220ms
query [4754]: # of matches found 122247 and it took: 78871.5ms
query [4755]: # of matches found 122249 and it took: 78597.2ms
query [4756]: # of matches found 122403 and it took: 78931.7ms
query [4757]: # of matches found 122530 and it took: 78861.6ms
query [4758]: # of matches found 55598 and it took: 78033ms
query [4759]: # of matches found 24609 and it took: 78506.4ms
query [4760]: # of matches found 24508 and it took: 78607.8ms
query [4761]: # of matches found 24545 and it took: 78192ms
query [4762]: # of matches found 24494 and it took: 78211.2ms
query [4763]: # of matches found 23926 and it took: 78527.8ms
query [4764]: # of matches found 23505 and it took: 78309.9ms
query [4765]: # of matches found 23441 and it took: 77424.7ms
query [4766]: # of matches found 21489 and it took: 77152.6ms
query [4767]: # of matches found 21397 and it took: 77910.6ms
query [4768]: # of matches found 20519 and it took: 77873.8ms
query [4769]: # of matches found 20264 and it took: 78155.3ms
query [4770]: # of matches found 20115 and it took: 77261.9ms
query [4771]: # of matches found 20117 and it took: 76922.6ms
query [4772]: # of matches found 20120 and it took: 76875.3ms
query [4773]: # of matches found 20070 and it took: 77041.1ms
query [4774]: # of matches found 20290 and it took: 77198.1ms
query [4775]: # of matches found 20336 and it took: 77852.7ms
query [4776]: # of matches found 20348 and it took: 76450.7ms
query [4777]: # of matches found 20330 and it took: 76604.2ms
query [4778]: # of matches found 20360 and it took: 76342.1ms
query [4779]: # of matches found 20362 and it took: 77223.3ms
query [4780]: # of matches found 20312 and it took: 77056ms
query [4781]: # of matches found 20430 and it took: 76859.3ms
query [4782]: # of matches found 20386 and it took: 76919.7ms
query [4783]: # of matches found 20096 and it took: 76948.1ms
query [4784]: # of matches found 20053 and it took: 77340.8ms
query [4785]: # of matches found 19437 and it took: 77309.1ms
query [4786]: # of matches found 19359 and it took: 78657.6ms
query [4787]: # of matches found 19246 and it took: 78367ms
query [4788]: # of matches found 19158 and it took: 78715.3ms
query [4789]: # of matches found 19126 and it took: 77948.2ms
query [4790]: # of matches found 19166 and it took: 77162.5ms
query [4791]: # of matches found 19195 and it took: 76887ms
query [4792]: # of matches found 19446 and it took: 77416.9ms
query [4793]: # of matches found 19504 and it took: 77056ms
query [4794]: # of matches found 19526 and it took: 77366.5ms
query [4795]: # of matches found 19568 and it took: 78022.5ms
query [4796]: # of matches found 19549 and it took: 77218.3ms
query [4797]: # of matches found 19540 and it took: 76817.6ms
query [4798]: # of matches found 19520 and it took: 78879.4ms
query [4799]: # of matches found 19543 and it took: 78261.5ms
query [4800]: # of matches found 19560 and it took: 78254.7ms
query [4801]: # of matches found 19663 and it took: 78251.5ms
query [4802]: # of matches found 19686 and it took: 78521.7ms
query [4803]: # of matches found 19746 and it took: 77876.4ms
query [4804]: # of matches found 20126 and it took: 78340.2ms
query [4805]: # of matches found 20390 and it took: 80039.5ms
query [4806]: # of matches found 20305 and it took: 78877ms
query [4807]: # of matches found 20171 and it took: 79944.2ms
query [4808]: # of matches found 20196 and it took: 79868.7ms
query [4809]: # of matches found 19397 and it took: 78583ms
query [4810]: # of matches found 19392 and it took: 79238.8ms
query [4811]: # of matches found 19111 and it took: 78152.2ms
query [4812]: # of matches found 18251 and it took: 78059.1ms
query [4813]: # of matches found 18636 and it took: 77461.3ms
query [4814]: # of matches found 18485 and it took: 79090.2ms
query [4815]: # of matches found 18488 and it took: 79638.6ms
query [4816]: # of matches found 18491 and it took: 78302.3ms
query [4817]: # of matches found 18388 and it took: 79013.4ms
query [4818]: # of matches found 18397 and it took: 78932.2ms
query [4819]: # of matches found 18786 and it took: 77904.8ms
query [4820]: # of matches found 28753 and it took: 78666.4ms
query [4821]: # of matches found 28903 and it took: 77633.4ms
query [4822]: # of matches found 28978 and it took: 78767.9ms
query [4823]: # of matches found 28844 and it took: 78049.5ms
query [4824]: # of matches found 29056 and it took: 79422.2ms
query [4825]: # of matches found 28997 and it took: 80510.5ms
query [4826]: # of matches found 29061 and it took: 79114.6ms
query [4827]: # of matches found 28994 and it took: 80259.8ms
query [4828]: # of matches found 29049 and it took: 80106.8ms
query [4829]: # of matches found 29137 and it took: 78878.9ms
query [4830]: # of matches found 29155 and it took: 78797.4ms
query [4831]: # of matches found 28750 and it took: 78436.2ms
query [4832]: # of matches found 28820 and it took: 79494.6ms
query [4833]: # of matches found 28640 and it took: 78003.3ms
query [4834]: # of matches found 28548 and it took: 79450.8ms
query [4835]: # of matches found 28519 and it took: 80186.1ms
query [4836]: # of matches found 28511 and it took: 79047.7ms
query [4837]: # of matches found 28391 and it took: 80593.8ms
query [4838]: # of matches found 28235 and it took: 80077.1ms
query [4839]: # of matches found 28146 and it took: 78747.6ms
query [4840]: # of matches found 28282 and it took: 78854.5ms
query [4841]: # of matches found 28277 and it took: 79438.4ms
query [4842]: # of matches found 28204 and it took: 78739ms
query [4843]: # of matches found 28179 and it took: 77277.4ms
query [4844]: # of matches found 27091 and it took: 78756.2ms
query [4845]: # of matches found 27055 and it took: 81509.1ms
query [4846]: # of matches found 27628 and it took: 79763ms
query [4847]: # of matches found 27675 and it took: 80006.9ms
query [4848]: # of matches found 27673 and it took: 80276.7ms
query [4849]: # of matches found 27746 and it took: 79931.1ms
query [4850]: # of matches found 27668 and it took: 79811.8ms
query [4851]: # of matches found 27724 and it took: 79178.9ms
query [4852]: # of matches found 27858 and it took: 78740.1ms
query [4853]: # of matches found 28278 and it took: 78531ms
query [4854]: # of matches found 28422 and it took: 79515.3ms
query [4855]: # of matches found 28934 and it took: 83490.6ms
query [4856]: # of matches found 29114 and it took: 80411.6ms
query [4857]: # of matches found 29067 and it took: 81450.6ms
query [4858]: # of matches found 29216 and it took: 81741.2ms
query [4859]: # of matches found 29302 and it took: 81159ms
query [4860]: # of matches found 29889 and it took: 80921.4ms
query [4861]: # of matches found 29933 and it took: 80075.2ms
query [4862]: # of matches found 30048 and it took: 80020.4ms
query [4863]: # of matches found 30194 and it took: 80891ms
query [4864]: # of matches found 32500 and it took: 81497.7ms
query [4865]: # of matches found 32845 and it took: 81522.1ms
query [4866]: # of matches found 33257 and it took: 80858.5ms
query [4867]: # of matches found 33745 and it took: 81703.9ms
query [4868]: # of matches found 34753 and it took: 81673.4ms
query [4869]: # of matches found 35383 and it took: 80753.2ms
query [4870]: # of matches found 36119 and it took: 80485.3ms
query [4871]: # of matches found 36220 and it took: 81039.1ms
query [4872]: # of matches found 36671 and it took: 81115.2ms
query [4873]: # of matches found 36693 and it took: 80105.1ms
query [4874]: # of matches found 36693 and it took: 81537ms
query [4875]: # of matches found 36882 and it took: 80844.8ms
query [4876]: # of matches found 36834 and it took: 80368.7ms
query [4877]: # of matches found 36759 and it took: 80949.3ms
query [4878]: # of matches found 36662 and it took: 81384.1ms
query [4879]: # of matches found 36537 and it took: 81330.4ms
query [4880]: # of matches found 36513 and it took: 80848.6ms
query [4881]: # of matches found 36593 and it took: 81257.1ms
query [4882]: # of matches found 36646 and it took: 82145.8ms
query [4883]: # of matches found 36661 and it took: 80885.7ms
query [4884]: # of matches found 36656 and it took: 82844.6ms
query [4885]: # of matches found 36886 and it took: 83146.9ms
query [4886]: # of matches found 36869 and it took: 81866.8ms
query [4887]: # of matches found 36741 and it took: 82684.3ms
query [4888]: # of matches found 36661 and it took: 80886.1ms
query [4889]: # of matches found 36672 and it took: 80393.6ms
query [4890]: # of matches found 36637 and it took: 80379.4ms
query [4891]: # of matches found 36445 and it took: 80505ms
query [4892]: # of matches found 36363 and it took: 81157.3ms
query [4893]: # of matches found 36362 and it took: 81829.9ms
query [4894]: # of matches found 36279 and it took: 81517ms
query [4895]: # of matches found 36299 and it took: 80854.8ms
query [4896]: # of matches found 36161 and it took: 80420.2ms
query [4897]: # of matches found 36037 and it took: 80382.9ms
query [4898]: # of matches found 36156 and it took: 80578.8ms
query [4899]: # of matches found 36116 and it took: 79539.9ms
query [4900]: # of matches found 36002 and it took: 79050.4ms
query [4901]: # of matches found 37074 and it took: 79598.6ms
query [4902]: # of matches found 37129 and it took: 80018.4ms
query [4903]: # of matches found 37172 and it took: 81069.1ms
query [4904]: # of matches found 37296 and it took: 80000.5ms
query [4905]: # of matches found 37196 and it took: 79636.7ms
query [4906]: # of matches found 37218 and it took: 78767.7ms
query [4907]: # of matches found 37301 and it took: 79455.3ms
query [4908]: # of matches found 37126 and it took: 79113.8ms
query [4909]: # of matches found 37144 and it took: 78802.2ms
query [4910]: # of matches found 37240 and it took: 78306.8ms
query [4911]: # of matches found 37199 and it took: 79061.3ms
query [4912]: # of matches found 37143 and it took: 79207.6ms
query [4913]: # of matches found 37103 and it took: 79419.8ms
query [4914]: # of matches found 36905 and it took: 79420.5ms
query [4915]: # of matches found 36836 and it took: 79118.5ms
query [4916]: # of matches found 36785 and it took: 79296.3ms
query [4917]: # of matches found 36747 and it took: 79015.9ms
query [4918]: # of matches found 36640 and it took: 79438.2ms
query [4919]: # of matches found 36469 and it took: 79159.3ms
query [4920]: # of matches found 36478 and it took: 79042.5ms
query [4921]: # of matches found 37981 and it took: 79513.4ms
query [4922]: # of matches found 37994 and it took: 79699.4ms
query [4923]: # of matches found 38121 and it took: 79833.2ms
query [4924]: # of matches found 38125 and it took: 79585.7ms
query [4925]: # of matches found 38123 and it took: 79459.3ms
query [4926]: # of matches found 38124 and it took: 79541.8ms
query [4927]: # of matches found 38087 and it took: 79335.5ms
query [4928]: # of matches found 38051 and it took: 80164.5ms
query [4929]: # of matches found 37989 and it took: 78999.2ms
query [4930]: # of matches found 37763 and it took: 79700.1ms
query [4931]: # of matches found 37645 and it took: 79841.2ms
query [4932]: # of matches found 37414 and it took: 80246.1ms
query [4933]: # of matches found 37294 and it took: 80410.2ms
query [4934]: # of matches found 37216 and it took: 79871ms
query [4935]: # of matches found 37167 and it took: 80176.9ms
query [4936]: # of matches found 37151 and it took: 79871.3ms
query [4937]: # of matches found 37131 and it took: 80254.7ms
query [4938]: # of matches found 37118 and it took: 80200.5ms
query [4939]: # of matches found 37035 and it took: 80422.3ms
query [4940]: # of matches found 37012 and it took: 79573.2ms
query [4941]: # of matches found 36955 and it took: 80743.1ms
query [4942]: # of matches found 36981 and it took: 81587.4ms
query [4943]: # of matches found 37061 and it took: 81617.5ms
query [4944]: # of matches found 36633 and it took: 81587ms
query [4945]: # of matches found 36378 and it took: 80336.6ms
query [4946]: # of matches found 36305 and it took: 80707.7ms
query [4947]: # of matches found 36380 and it took: 80369.6ms
query [4948]: # of matches found 36176 and it took: 80190.4ms
query [4949]: # of matches found 36062 and it took: 80176.8ms
query [4950]: # of matches found 36060 and it took: 80450.9ms
query [4951]: # of matches found 36067 and it took: 80158.4ms
query [4952]: # of matches found 35906 and it took: 80672.2ms
query [4953]: # of matches found 35442 and it took: 79881ms
query [4954]: # of matches found 35386 and it took: 79460.4ms
query [4955]: # of matches found 35400 and it took: 78736.8ms
query [4956]: # of matches found 35453 and it took: 79401.1ms
query [4957]: # of matches found 35439 and it took: 78524.4ms
query [4958]: # of matches found 36431 and it took: 79105.7ms
query [4959]: # of matches found 36426 and it took: 78998.1ms
query [4960]: # of matches found 27522 and it took: 78690.6ms
query [4961]: # of matches found 26446 and it took: 79045.3ms
query [4962]: # of matches found 26354 and it took: 79911.2ms
query [4963]: # of matches found 26359 and it took: 80045.4ms
query [4964]: # of matches found 26141 and it took: 79781.8ms
query [4965]: # of matches found 26132 and it took: 78349.1ms
query [4966]: # of matches found 26158 and it took: 79588.9ms
query [4967]: # of matches found 26083 and it took: 79061.8ms
query [4968]: # of matches found 25997 and it took: 79369.6ms
query [4969]: # of matches found 25837 and it took: 79292.3ms
query [4970]: # of matches found 25718 and it took: 79188.8ms
query [4971]: # of matches found 25642 and it took: 79488ms
query [4972]: # of matches found 25865 and it took: 80080.4ms
query [4973]: # of matches found 25896 and it took: 79537.8ms
query [4974]: # of matches found 26414 and it took: 79999.2ms
query [4975]: # of matches found 26493 and it took: 79940.9ms
query [4976]: # of matches found 26578 and it took: 79922.6ms
query [4977]: # of matches found 26658 and it took: 79585.3ms
query [4978]: # of matches found 26856 and it took: 79732.1ms
query [4979]: # of matches found 26863 and it took: 80171.6ms
query [4980]: # of matches found 26845 and it took: 80061.8ms
query [4981]: # of matches found 26918 and it took: 80521.2ms
query [4982]: # of matches found 26919 and it took: 81140.9ms
query [4983]: # of matches found 26894 and it took: 80553.1ms
query [4984]: # of matches found 26869 and it took: 80588.9ms
query [4985]: # of matches found 26886 and it took: 80210.4ms
query [4986]: # of matches found 26402 and it took: 79725.7ms
query [4987]: # of matches found 26975 and it took: 78769.9ms
query [4988]: # of matches found 27024 and it took: 79982.5ms
query [4989]: # of matches found 27202 and it took: 80027.7ms
query [4990]: # of matches found 27806 and it took: 80066.5ms
query [4991]: # of matches found 32762 and it took: 80581.8ms
query [4992]: # of matches found 32627 and it took: 80762.9ms
query [4993]: # of matches found 32833 and it took: 80411.9ms
query [4994]: # of matches found 33003 and it took: 80462.4ms
query [4995]: # of matches found 32525 and it took: 80662.8ms
query [4996]: # of matches found 32683 and it took: 80792.3ms
query [4997]: # of matches found 34424 and it took: 81182.6ms
query [4998]: # of matches found 34286 and it took: 80794.6ms
query [4999]: # of matches found 34240 and it took: 81149.8ms
PARMIK's matches per query up to q (1000) => [average: 41711, median: 27179, sum: 41711767]
Starting alignment for all queries [rev]...
queryBaseIndex: 4000
query [4000]: # of matches found 24482 and it took: 78856.9ms
query [4001]: # of matches found 25248 and it took: 78802.4ms
query [4002]: # of matches found 25381 and it took: 78664.5ms
query [4003]: # of matches found 25483 and it took: 78343.1ms
query [4004]: # of matches found 25280 and it took: 78595.5ms
query [4005]: # of matches found 24941 and it took: 77674ms
query [4006]: # of matches found 23518 and it took: 78461.9ms
query [4007]: # of matches found 23108 and it took: 78619.5ms
query [4008]: # of matches found 23120 and it took: 78299.9ms
query [4009]: # of matches found 23040 and it took: 78053.9ms
query [4010]: # of matches found 22995 and it took: 78729.5ms
query [4011]: # of matches found 22963 and it took: 78484.7ms
query [4012]: # of matches found 23325 and it took: 78603.5ms
query [4013]: # of matches found 23379 and it took: 78324.4ms
query [4014]: # of matches found 23394 and it took: 78418.6ms
query [4015]: # of matches found 23840 and it took: 77373.5ms
query [4016]: # of matches found 24035 and it took: 78882.9ms
query [4017]: # of matches found 23994 and it took: 78993.2ms
query [4018]: # of matches found 24209 and it took: 79136.2ms
query [4019]: # of matches found 24333 and it took: 78916.2ms
query [4020]: # of matches found 24342 and it took: 79440.7ms
query [4021]: # of matches found 23424 and it took: 78862.9ms
query [4022]: # of matches found 23354 and it took: 78463.8ms
query [4023]: # of matches found 23261 and it took: 78617ms
query [4024]: # of matches found 23171 and it took: 78151.1ms
query [4025]: # of matches found 23315 and it took: 77555.1ms
query [4026]: # of matches found 23232 and it took: 78255ms
query [4027]: # of matches found 23039 and it took: 78453.9ms
query [4028]: # of matches found 22927 and it took: 78230.8ms
query [4029]: # of matches found 22879 and it took: 77658.3ms
query [4030]: # of matches found 22858 and it took: 77881.4ms
query [4031]: # of matches found 22880 and it took: 77567.8ms
query [4032]: # of matches found 22895 and it took: 77669.8ms
query [4033]: # of matches found 22867 and it took: 77283.8ms
query [4034]: # of matches found 23027 and it took: 77386.2ms
query [4035]: # of matches found 23029 and it took: 77130.3ms
query [4036]: # of matches found 23056 and it took: 77347.2ms
query [4037]: # of matches found 24262 and it took: 77542.6ms
query [4038]: # of matches found 24373 and it took: 76878.9ms
query [4039]: # of matches found 24778 and it took: 77211.8ms
query [4040]: # of matches found 25043 and it took: 77525.2ms
query [4041]: # of matches found 25286 and it took: 77241.3ms
query [4042]: # of matches found 25400 and it took: 77838.2ms
query [4043]: # of matches found 25496 and it took: 77143.1ms
query [4044]: # of matches found 25550 and it took: 77738ms
query [4045]: # of matches found 25603 and it took: 78173.7ms
query [4046]: # of matches found 25623 and it took: 79214.6ms
query [4047]: # of matches found 25680 and it took: 79100.4ms
query [4048]: # of matches found 25817 and it took: 78594.1ms
query [4049]: # of matches found 26037 and it took: 79075.9ms
query [4050]: # of matches found 26137 and it took: 79496.8ms
query [4051]: # of matches found 26050 and it took: 78775ms
query [4052]: # of matches found 25982 and it took: 79653.9ms
query [4053]: # of matches found 26090 and it took: 78975.9ms
query [4054]: # of matches found 26115 and it took: 79413.7ms
query [4055]: # of matches found 26048 and it took: 79605.3ms
query [4056]: # of matches found 25893 and it took: 79736.9ms
query [4057]: # of matches found 25686 and it took: 80176.5ms
query [4058]: # of matches found 24199 and it took: 79375.2ms
query [4059]: # of matches found 24220 and it took: 79645.2ms
query [4060]: # of matches found 24351 and it took: 79092.2ms
query [4061]: # of matches found 24634 and it took: 79249.6ms
query [4062]: # of matches found 24636 and it took: 80304.2ms
query [4063]: # of matches found 24633 and it took: 79909.3ms
query [4064]: # of matches found 24666 and it took: 79976.6ms
query [4065]: # of matches found 24724 and it took: 79741.8ms
query [4066]: # of matches found 25008 and it took: 82059.3ms
query [4067]: # of matches found 25366 and it took: 80048.6ms
query [4068]: # of matches found 25243 and it took: 79849.5ms
query [4069]: # of matches found 25322 and it took: 80008ms
query [4070]: # of matches found 25503 and it took: 80207.4ms
query [4071]: # of matches found 25314 and it took: 79880.8ms
query [4072]: # of matches found 25296 and it took: 80484.4ms
query [4073]: # of matches found 25310 and it took: 80096.4ms
query [4074]: # of matches found 25194 and it took: 79779ms
query [4075]: # of matches found 25231 and it took: 80091.8ms
query [4076]: # of matches found 25152 and it took: 80951.5ms
query [4077]: # of matches found 25161 and it took: 81000.3ms
query [4078]: # of matches found 25122 and it took: 80332.4ms
query [4079]: # of matches found 25070 and it took: 79994.8ms
query [4080]: # of matches found 25092 and it took: 80656.7ms
query [4081]: # of matches found 25055 and it took: 80298.9ms
query [4082]: # of matches found 24975 and it took: 81178.7ms
query [4083]: # of matches found 24874 and it took: 80655.4ms
query [4084]: # of matches found 24943 and it took: 81284.3ms
query [4085]: # of matches found 24934 and it took: 80445.9ms
query [4086]: # of matches found 25074 and it took: 81294.2ms
query [4087]: # of matches found 24947 and it took: 82211.9ms
query [4088]: # of matches found 24958 and it took: 81613.9ms
query [4089]: # of matches found 24825 and it took: 81729ms
query [4090]: # of matches found 24849 and it took: 81390.4ms
query [4091]: # of matches found 25452 and it took: 81124ms
query [4092]: # of matches found 25613 and it took: 81992.2ms
query [4093]: # of matches found 25888 and it took: 81867ms
query [4094]: # of matches found 26022 and it took: 82078.8ms
query [4095]: # of matches found 25454 and it took: 82836.1ms
query [4096]: # of matches found 25286 and it took: 82880.1ms
query [4097]: # of matches found 25285 and it took: 82345.4ms
query [4098]: # of matches found 25261 and it took: 81783.6ms
query [4099]: # of matches found 25332 and it took: 82127.7ms
query [4100]: # of matches found 25431 and it took: 81772.7ms
query [4101]: # of matches found 25630 and it took: 81723.8ms
query [4102]: # of matches found 25147 and it took: 82421.7ms
query [4103]: # of matches found 24861 and it took: 82527.5ms
query [4104]: # of matches found 24736 and it took: 82490.1ms
query [4105]: # of matches found 24546 and it took: 82446.8ms
query [4106]: # of matches found 24349 and it took: 82897.9ms
query [4107]: # of matches found 24340 and it took: 82382.4ms
query [4108]: # of matches found 24609 and it took: 81802.6ms
query [4109]: # of matches found 24636 and it took: 81530.6ms
query [4110]: # of matches found 24633 and it took: 82110ms
