no kmerRangesFileAddressArg!
no otherToolArg!
**********************CONFIGURATIONS*****************************
PARMIK mode:                  3
readDatabaseAddress:          /p/lava/parmik/partialMatcherProject/datasets/metagenomicDB/SRR12432009/SRR12432009_reads
readFileName:                 SRR12432009_reads
queryFileAddress:             /p/lava/parmik/partialMatcherProject/datasets/queryFiles/covidQueryFiles/SarsGenome_chunks/SarsGenome_queries_23000-23999
queryFileName:                SarsGenome_queries_23000-23999
otherToolOutputFileAddress:   /u/rgq5aw/GIT/PARMIK/partialMatcherProject/tools/blast/SRR12432009/SarsGenome/blastn_ws30_results.out
outputDir:                    /p/lava/parmik/partialMatcherProject/tools/baseline_ssw/SRR12432009/SarsGenome
penaltyFileAddress:           /u/rgq5aw/GIT/PARMIK/experiments/parmik/CK_SSW_ID_PRCNTG/PenaltySets/2484_1111_2444_2288_2848
kmerRangesFileAddress:        
readsCount:                   17000000
queryCount:                   30000
kmerLength:                   11
regionSize:                   48
cheapKmerThreshold:           0
identityPercentage:           0.85
minExactMatchLen:             0
minNumExactMatchKmer:         0
isIndexOffline:               1
offlineIndexAddress:          /p/lava/parmik/partialMatcherProject/tools/parmik/CK_INDEX/SRR12432009/
max editDistance in min region: 2
**********************CONFIGURATIONS*****************************
--------------Penalties--------------
m: 2, s: 4, go: 8, ge: 4
m: 1, s: 1, go: 1, ge: 1
m: 2, s: 4, go: 4, ge: 4
m: 2, s: 2, go: 8, ge: 8
m: 2, s: 8, go: 4, ge: 8
------------------------------------
numberOfReadsWithN : 0
queryCount : 1000
numberOfReadsWithN : 0
readCount : 16344647
offlineCheapIndexAddress: /p/lava/parmik/partialMatcherProject/tools/parmik/CK_INDEX/SRR12432009/ck_T0_K11_r17000000
pmrkAlignmentsAddress: /p/lava/parmik/partialMatcherProject/tools/baseline_ssw/SRR12432009/SarsGenome/aln/pmAln_R48_PI85_L0_M0_E2_K11_T0_P_2484_1111_2444_2288_2848.txt
Starting alignment for all queries [fwd]...
queryBaseIndex: 23000
query [23000]: # of matches found 36942 and it took: 101941ms
query [23001]: # of matches found 36913 and it took: 103878ms
query [23002]: # of matches found 37019 and it took: 103223ms
query [23003]: # of matches found 36816 and it took: 102990ms
query [23004]: # of matches found 36512 and it took: 102396ms
query [23005]: # of matches found 36524 and it took: 103882ms
query [23006]: # of matches found 36533 and it took: 103230ms
query [23007]: # of matches found 36290 and it took: 103489ms
query [23008]: # of matches found 36072 and it took: 103730ms
query [23009]: # of matches found 35936 and it took: 103894ms
query [23010]: # of matches found 35903 and it took: 103898ms
query [23011]: # of matches found 40247 and it took: 104137ms
query [23012]: # of matches found 40270 and it took: 104018ms
query [23013]: # of matches found 40446 and it took: 104079ms
query [23014]: # of matches found 40483 and it took: 103467ms
query [23015]: # of matches found 40692 and it took: 104599ms
query [23016]: # of matches found 40851 and it took: 103860ms
query [23017]: # of matches found 41027 and it took: 104027ms
query [23018]: # of matches found 41142 and it took: 104383ms
query [23019]: # of matches found 41548 and it took: 104246ms
query [23020]: # of matches found 41645 and it took: 104587ms
query [23021]: # of matches found 41964 and it took: 104824ms
query [23022]: # of matches found 42119 and it took: 104613ms
query [23023]: # of matches found 42151 and it took: 104689ms
query [23024]: # of matches found 39377 and it took: 103674ms
query [23025]: # of matches found 38034 and it took: 104992ms
query [23026]: # of matches found 37728 and it took: 103990ms
query [23027]: # of matches found 37611 and it took: 104959ms
query [23028]: # of matches found 37533 and it took: 104778ms
query [23029]: # of matches found 37623 and it took: 104782ms
query [23030]: # of matches found 37505 and it took: 104659ms
query [23031]: # of matches found 37664 and it took: 104633ms
query [23032]: # of matches found 37819 and it took: 104454ms
query [23033]: # of matches found 37992 and it took: 103903ms
query [23034]: # of matches found 38095 and it took: 103024ms
query [23035]: # of matches found 38116 and it took: 104797ms
query [23036]: # of matches found 38154 and it took: 103612ms
query [23037]: # of matches found 38135 and it took: 104243ms
query [23038]: # of matches found 38069 and it took: 104034ms
query [23039]: # of matches found 38076 and it took: 104207ms
query [23040]: # of matches found 38140 and it took: 104226ms
query [23041]: # of matches found 38243 and it took: 104056ms
query [23042]: # of matches found 37709 and it took: 103307ms
query [23043]: # of matches found 37722 and it took: 104296ms
query [23044]: # of matches found 37720 and it took: 103654ms
query [23045]: # of matches found 37750 and it took: 104622ms
query [23046]: # of matches found 37705 and it took: 103613ms
query [23047]: # of matches found 37833 and it took: 104844ms
query [23048]: # of matches found 38044 and it took: 105046ms
query [23049]: # of matches found 38159 and it took: 104910ms
query [23050]: # of matches found 38167 and it took: 104957ms
query [23051]: # of matches found 38216 and it took: 104407ms
query [23052]: # of matches found 38303 and it took: 104365ms
query [23053]: # of matches found 38363 and it took: 104263ms
query [23054]: # of matches found 38174 and it took: 103753ms
query [23055]: # of matches found 38076 and it took: 104779ms
query [23056]: # of matches found 38198 and it took: 103816ms
query [23057]: # of matches found 38243 and it took: 103848ms
query [23058]: # of matches found 38292 and it took: 103282ms
query [23059]: # of matches found 38470 and it took: 103045ms
query [23060]: # of matches found 38483 and it took: 103908ms
query [23061]: # of matches found 38547 and it took: 103678ms
query [23062]: # of matches found 38478 and it took: 103758ms
query [23063]: # of matches found 38441 and it took: 102546ms
query [23064]: # of matches found 38396 and it took: 102357ms
query [23065]: # of matches found 38271 and it took: 103011ms
query [23066]: # of matches found 38134 and it took: 102877ms
query [23067]: # of matches found 37878 and it took: 103007ms
query [23068]: # of matches found 37188 and it took: 102599ms
query [23069]: # of matches found 36463 and it took: 102664ms
query [23070]: # of matches found 35777 and it took: 104183ms
query [23071]: # of matches found 35246 and it took: 103349ms
query [23072]: # of matches found 34803 and it took: 102604ms
query [23073]: # of matches found 34733 and it took: 102920ms
query [23074]: # of matches found 34510 and it took: 103042ms
query [23075]: # of matches found 34566 and it took: 102867ms
query [23076]: # of matches found 34624 and it took: 103566ms
query [23077]: # of matches found 34705 and it took: 103510ms
query [23078]: # of matches found 34726 and it took: 102818ms
query [23079]: # of matches found 35149 and it took: 103107ms
query [23080]: # of matches found 35048 and it took: 104782ms
query [23081]: # of matches found 35074 and it took: 104582ms
query [23082]: # of matches found 35628 and it took: 104390ms
query [23083]: # of matches found 37352 and it took: 104393ms
query [23084]: # of matches found 38165 and it took: 103958ms
query [23085]: # of matches found 38448 and it took: 104051ms
query [23086]: # of matches found 39333 and it took: 103544ms
query [23087]: # of matches found 39307 and it took: 103987ms
query [23088]: # of matches found 39280 and it took: 102437ms
query [23089]: # of matches found 38806 and it took: 102496ms
query [23090]: # of matches found 38812 and it took: 104733ms
query [23091]: # of matches found 38702 and it took: 104258ms
query [23092]: # of matches found 38370 and it took: 103889ms
query [23093]: # of matches found 38464 and it took: 104036ms
query [23094]: # of matches found 38394 and it took: 103533ms
query [23095]: # of matches found 38389 and it took: 104058ms
query [23096]: # of matches found 38415 and it took: 104304ms
query [23097]: # of matches found 38529 and it took: 103669ms
query [23098]: # of matches found 38440 and it took: 103490ms
query [23099]: # of matches found 38456 and it took: 103235ms
query [23100]: # of matches found 38401 and it took: 104798ms
query [23101]: # of matches found 38365 and it took: 104211ms
query [23102]: # of matches found 38366 and it took: 104397ms
query [23103]: # of matches found 38742 and it took: 104255ms
query [23104]: # of matches found 38791 and it took: 104389ms
query [23105]: # of matches found 38717 and it took: 104231ms
query [23106]: # of matches found 38340 and it took: 103589ms
query [23107]: # of matches found 38044 and it took: 103879ms
query [23108]: # of matches found 37881 and it took: 103854ms
query [23109]: # of matches found 37840 and it took: 103685ms
query [23110]: # of matches found 37658 and it took: 105038ms
query [23111]: # of matches found 37208 and it took: 104699ms
query [23112]: # of matches found 35806 and it took: 105377ms
query [23113]: # of matches found 35759 and it took: 105022ms
query [23114]: # of matches found 35726 and it took: 105290ms
query [23115]: # of matches found 35779 and it took: 104664ms
query [23116]: # of matches found 35962 and it took: 105110ms
query [23117]: # of matches found 35709 and it took: 105075ms
query [23118]: # of matches found 35982 and it took: 105270ms
query [23119]: # of matches found 35999 and it took: 105307ms
query [23120]: # of matches found 34935 and it took: 105818ms
query [23121]: # of matches found 34887 and it took: 105057ms
query [23122]: # of matches found 34744 and it took: 105910ms
query [23123]: # of matches found 35113 and it took: 105067ms
query [23124]: # of matches found 35188 and it took: 105425ms
query [23125]: # of matches found 35016 and it took: 105153ms
query [23126]: # of matches found 35106 and it took: 105272ms
query [23127]: # of matches found 35298 and it took: 105620ms
query [23128]: # of matches found 35525 and it took: 107379ms
query [23129]: # of matches found 41314 and it took: 106807ms
query [23130]: # of matches found 41445 and it took: 107252ms
query [23131]: # of matches found 39393 and it took: 106108ms
query [23132]: # of matches found 39190 and it took: 106607ms
query [23133]: # of matches found 38530 and it took: 106534ms
query [23134]: # of matches found 38038 and it took: 106059ms
query [23135]: # of matches found 38071 and it took: 105892ms
query [23136]: # of matches found 37805 and it took: 105656ms
query [23137]: # of matches found 37777 and it took: 105731ms
query [23138]: # of matches found 38150 and it took: 106577ms
query [23139]: # of matches found 38085 and it took: 106379ms
query [23140]: # of matches found 38068 and it took: 106906ms
query [23141]: # of matches found 38137 and it took: 105800ms
query [23142]: # of matches found 38142 and it took: 106383ms
query [23143]: # of matches found 38165 and it took: 106453ms
query [23144]: # of matches found 38094 and it took: 106744ms
query [23145]: # of matches found 38153 and it took: 106334ms
query [23146]: # of matches found 38067 and it took: 105806ms
query [23147]: # of matches found 43255 and it took: 106672ms
query [23148]: # of matches found 43276 and it took: 107339ms
query [23149]: # of matches found 43241 and it took: 108524ms
query [23150]: # of matches found 43057 and it took: 108577ms
query [23151]: # of matches found 38356 and it took: 108483ms
query [23152]: # of matches found 38342 and it took: 108514ms
query [23153]: # of matches found 38217 and it took: 106958ms
query [23154]: # of matches found 38135 and it took: 106722ms
query [23155]: # of matches found 37932 and it took: 106479ms
query [23156]: # of matches found 37738 and it took: 104737ms
query [23157]: # of matches found 37653 and it took: 106297ms
query [23158]: # of matches found 37510 and it took: 108752ms
query [23159]: # of matches found 37478 and it took: 108379ms
query [23160]: # of matches found 37396 and it took: 109265ms
query [23161]: # of matches found 37197 and it took: 107871ms
query [23162]: # of matches found 37034 and it took: 108887ms
query [23163]: # of matches found 37259 and it took: 108366ms
query [23164]: # of matches found 37231 and it took: 106753ms
query [23165]: # of matches found 37373 and it took: 106775ms
query [23166]: # of matches found 37509 and it took: 105250ms
query [23167]: # of matches found 37502 and it took: 106405ms
query [23168]: # of matches found 37590 and it took: 107297ms
query [23169]: # of matches found 37399 and it took: 106868ms
query [23170]: # of matches found 37288 and it took: 107246ms
query [23171]: # of matches found 37277 and it took: 105920ms
query [23172]: # of matches found 37172 and it took: 106372ms
query [23173]: # of matches found 37058 and it took: 106799ms
query [23174]: # of matches found 36811 and it took: 105438ms
query [23175]: # of matches found 36772 and it took: 105765ms
query [23176]: # of matches found 36824 and it took: 103743ms
query [23177]: # of matches found 36930 and it took: 105443ms
query [23178]: # of matches found 36955 and it took: 107362ms
query [23179]: # of matches found 36969 and it took: 106018ms
query [23180]: # of matches found 37190 and it took: 106707ms
query [23181]: # of matches found 37156 and it took: 106286ms
query [23182]: # of matches found 37119 and it took: 106552ms
query [23183]: # of matches found 37180 and it took: 106629ms
query [23184]: # of matches found 37240 and it took: 107005ms
query [23185]: # of matches found 37388 and it took: 107352ms
query [23186]: # of matches found 37393 and it took: 106052ms
query [23187]: # of matches found 37074 and it took: 107623ms
query [23188]: # of matches found 37028 and it took: 109267ms
query [23189]: # of matches found 36893 and it took: 108604ms
query [23190]: # of matches found 36874 and it took: 107965ms
query [23191]: # of matches found 36860 and it took: 107687ms
query [23192]: # of matches found 36849 and it took: 107799ms
query [23193]: # of matches found 36744 and it took: 107790ms
query [23194]: # of matches found 36807 and it took: 107703ms
query [23195]: # of matches found 36763 and it took: 109286ms
query [23196]: # of matches found 36878 and it took: 106705ms
query [23197]: # of matches found 37308 and it took: 107800ms
query [23198]: # of matches found 37611 and it took: 110147ms
query [23199]: # of matches found 37867 and it took: 109429ms
query [23200]: # of matches found 38256 and it took: 109478ms
query [23201]: # of matches found 38599 and it took: 108472ms
query [23202]: # of matches found 38623 and it took: 109239ms
query [23203]: # of matches found 38592 and it took: 109601ms
query [23204]: # of matches found 38575 and it took: 108538ms
query [23205]: # of matches found 38527 and it took: 109158ms
query [23206]: # of matches found 38523 and it took: 108457ms
query [23207]: # of matches found 38319 and it took: 109063ms
query [23208]: # of matches found 38199 and it took: 109944ms
query [23209]: # of matches found 38018 and it took: 109166ms
query [23210]: # of matches found 38066 and it took: 110043ms
query [23211]: # of matches found 38017 and it took: 109271ms
query [23212]: # of matches found 38120 and it took: 110523ms
query [23213]: # of matches found 38069 and it took: 111128ms
query [23214]: # of matches found 38111 and it took: 111144ms
query [23215]: # of matches found 38074 and it took: 111122ms
query [23216]: # of matches found 38012 and it took: 109629ms
query [23217]: # of matches found 37907 and it took: 111317ms
query [23218]: # of matches found 37956 and it took: 113003ms
query [23219]: # of matches found 38155 and it took: 112330ms
query [23220]: # of matches found 38404 and it took: 112871ms
query [23221]: # of matches found 38435 and it took: 114587ms
query [23222]: # of matches found 37935 and it took: 114311ms
query [23223]: # of matches found 36554 and it took: 114474ms
query [23224]: # of matches found 36093 and it took: 113474ms
query [23225]: # of matches found 35633 and it took: 114273ms
query [23226]: # of matches found 35378 and it took: 111759ms
query [23227]: # of matches found 35620 and it took: 115716ms
query [23228]: # of matches found 35332 and it took: 115861ms
query [23229]: # of matches found 35253 and it took: 114346ms
query [23230]: # of matches found 35088 and it took: 115468ms
query [23231]: # of matches found 35289 and it took: 113444ms
query [23232]: # of matches found 35377 and it took: 114056ms
query [23233]: # of matches found 35439 and it took: 113441ms
query [23234]: # of matches found 35388 and it took: 113009ms
query [23235]: # of matches found 35425 and it took: 113475ms
query [23236]: # of matches found 36861 and it took: 111017ms
query [23237]: # of matches found 36884 and it took: 110969ms
query [23238]: # of matches found 36823 and it took: 111783ms
query [23239]: # of matches found 36802 and it took: 110464ms
query [23240]: # of matches found 36790 and it took: 111665ms
query [23241]: # of matches found 36811 and it took: 109997ms
query [23242]: # of matches found 36849 and it took: 109634ms
query [23243]: # of matches found 36587 and it took: 110057ms
query [23244]: # of matches found 36689 and it took: 110493ms
query [23245]: # of matches found 36634 and it took: 111313ms
query [23246]: # of matches found 36585 and it took: 110707ms
query [23247]: # of matches found 36706 and it took: 110140ms
query [23248]: # of matches found 36718 and it took: 110576ms
query [23249]: # of matches found 36963 and it took: 110588ms
query [23250]: # of matches found 36754 and it took: 112292ms
query [23251]: # of matches found 36691 and it took: 111834ms
query [23252]: # of matches found 36193 and it took: 111635ms
query [23253]: # of matches found 36132 and it took: 111143ms
query [23254]: # of matches found 36026 and it took: 111457ms
query [23255]: # of matches found 35916 and it took: 110873ms
query [23256]: # of matches found 35436 and it took: 111251ms
query [23257]: # of matches found 35373 and it took: 111215ms
query [23258]: # of matches found 35078 and it took: 111859ms
query [23259]: # of matches found 35097 and it took: 110804ms
query [23260]: # of matches found 34958 and it took: 111879ms
query [23261]: # of matches found 34889 and it took: 111144ms
query [23262]: # of matches found 35188 and it took: 111757ms
query [23263]: # of matches found 34884 and it took: 111408ms
query [23264]: # of matches found 34785 and it took: 111342ms
query [23265]: # of matches found 34877 and it took: 111179ms
query [23266]: # of matches found 34858 and it took: 112518ms
query [23267]: # of matches found 34510 and it took: 112748ms
query [23268]: # of matches found 34625 and it took: 113139ms
query [23269]: # of matches found 28642 and it took: 112709ms
query [23270]: # of matches found 28772 and it took: 114121ms
query [23271]: # of matches found 28699 and it took: 112901ms
query [23272]: # of matches found 28676 and it took: 112913ms
query [23273]: # of matches found 28634 and it took: 113320ms
query [23274]: # of matches found 28602 and it took: 113307ms
query [23275]: # of matches found 28378 and it took: 113683ms
query [23276]: # of matches found 28365 and it took: 113200ms
query [23277]: # of matches found 28256 and it took: 113250ms
query [23278]: # of matches found 29378 and it took: 113896ms
query [23279]: # of matches found 29520 and it took: 113630ms
query [23280]: # of matches found 29439 and it took: 114394ms
query [23281]: # of matches found 29369 and it took: 114666ms
query [23282]: # of matches found 29329 and it took: 115886ms
query [23283]: # of matches found 29285 and it took: 114784ms
query [23284]: # of matches found 29411 and it took: 115519ms
query [23285]: # of matches found 29363 and it took: 115567ms
query [23286]: # of matches found 29280 and it took: 116881ms
query [23287]: # of matches found 24143 and it took: 115851ms
query [23288]: # of matches found 24085 and it took: 116637ms
query [23289]: # of matches found 24053 and it took: 116635ms
query [23290]: # of matches found 23889 and it took: 116103ms
query [23291]: # of matches found 23836 and it took: 115733ms
query [23292]: # of matches found 23931 and it took: 115893ms
query [23293]: # of matches found 23935 and it took: 115944ms
query [23294]: # of matches found 23888 and it took: 116010ms
query [23295]: # of matches found 23839 and it took: 115276ms
query [23296]: # of matches found 23789 and it took: 115561ms
query [23297]: # of matches found 23744 and it took: 115354ms
query [23298]: # of matches found 23752 and it took: 116115ms
query [23299]: # of matches found 23473 and it took: 115597ms
query [23300]: # of matches found 23466 and it took: 115978ms
query [23301]: # of matches found 23457 and it took: 115995ms
query [23302]: # of matches found 23225 and it took: 115447ms
query [23303]: # of matches found 23184 and it took: 116057ms
query [23304]: # of matches found 23194 and it took: 115640ms
query [23305]: # of matches found 23119 and it took: 114485ms
query [23306]: # of matches found 23260 and it took: 116653ms
query [23307]: # of matches found 23546 and it took: 115517ms
query [23308]: # of matches found 23507 and it took: 115562ms
query [23309]: # of matches found 23539 and it took: 115288ms
query [23310]: # of matches found 23531 and it took: 115685ms
query [23311]: # of matches found 23699 and it took: 115672ms
query [23312]: # of matches found 23776 and it took: 115201ms
query [23313]: # of matches found 23818 and it took: 114486ms
query [23314]: # of matches found 23798 and it took: 115385ms
query [23315]: # of matches found 23822 and it took: 114267ms
query [23316]: # of matches found 23751 and it took: 114960ms
query [23317]: # of matches found 23801 and it took: 114889ms
query [23318]: # of matches found 23919 and it took: 116571ms
query [23319]: # of matches found 23936 and it took: 114965ms
query [23320]: # of matches found 23675 and it took: 113994ms
query [23321]: # of matches found 23504 and it took: 114468ms
query [23322]: # of matches found 23434 and it took: 114715ms
query [23323]: # of matches found 23303 and it took: 115033ms
query [23324]: # of matches found 23161 and it took: 114379ms
query [23325]: # of matches found 23020 and it took: 113184ms
query [23326]: # of matches found 22909 and it took: 112698ms
query [23327]: # of matches found 22899 and it took: 112284ms
query [23328]: # of matches found 22723 and it took: 112930ms
query [23329]: # of matches found 22692 and it took: 114034ms
query [23330]: # of matches found 22673 and it took: 113492ms
query [23331]: # of matches found 22646 and it took: 113811ms
query [23332]: # of matches found 22740 and it took: 113710ms
query [23333]: # of matches found 22816 and it took: 114068ms
query [23334]: # of matches found 22787 and it took: 113775ms
query [23335]: # of matches found 22871 and it took: 112988ms
query [23336]: # of matches found 22896 and it took: 113772ms
query [23337]: # of matches found 22583 and it took: 113803ms
query [23338]: # of matches found 22645 and it took: 114789ms
query [23339]: # of matches found 22764 and it took: 114058ms
query [23340]: # of matches found 22271 and it took: 113306ms
query [23341]: # of matches found 21763 and it took: 113728ms
query [23342]: # of matches found 21670 and it took: 113452ms
query [23343]: # of matches found 21717 and it took: 113634ms
query [23344]: # of matches found 21644 and it took: 113259ms
query [23345]: # of matches found 21667 and it took: 112067ms
query [23346]: # of matches found 21643 and it took: 113749ms
query [23347]: # of matches found 21633 and it took: 112794ms
query [23348]: # of matches found 21658 and it took: 113917ms
query [23349]: # of matches found 21617 and it took: 114062ms
query [23350]: # of matches found 21520 and it took: 113544ms
query [23351]: # of matches found 21498 and it took: 113468ms
query [23352]: # of matches found 21367 and it took: 113070ms
query [23353]: # of matches found 21326 and it took: 112798ms
query [23354]: # of matches found 21257 and it took: 113072ms
query [23355]: # of matches found 21223 and it took: 111814ms
query [23356]: # of matches found 21248 and it took: 112736ms
query [23357]: # of matches found 21127 and it took: 111690ms
query [23358]: # of matches found 21611 and it took: 112309ms
query [23359]: # of matches found 21185 and it took: 112162ms
query [23360]: # of matches found 21427 and it took: 111707ms
query [23361]: # of matches found 21433 and it took: 112090ms
query [23362]: # of matches found 21530 and it took: 112112ms
query [23363]: # of matches found 21401 and it took: 111634ms
query [23364]: # of matches found 21575 and it took: 112008ms
query [23365]: # of matches found 21648 and it took: 110354ms
query [23366]: # of matches found 20969 and it took: 111452ms
query [23367]: # of matches found 20744 and it took: 110583ms
query [23368]: # of matches found 20693 and it took: 111517ms
query [23369]: # of matches found 20653 and it took: 110888ms
query [23370]: # of matches found 20561 and it took: 109433ms
query [23371]: # of matches found 20324 and it took: 110562ms
query [23372]: # of matches found 20308 and it took: 111218ms
query [23373]: # of matches found 20082 and it took: 109289ms
query [23374]: # of matches found 20059 and it took: 108771ms
query [23375]: # of matches found 20048 and it took: 109036ms
query [23376]: # of matches found 19908 and it took: 109484ms
query [23377]: # of matches found 18379 and it took: 108646ms
query [23378]: # of matches found 18402 and it took: 108276ms
query [23379]: # of matches found 18668 and it took: 107872ms
query [23380]: # of matches found 18652 and it took: 106868ms
query [23381]: # of matches found 18640 and it took: 107995ms
query [23382]: # of matches found 18652 and it took: 107679ms
query [23383]: # of matches found 18435 and it took: 106724ms
query [23384]: # of matches found 18357 and it took: 106768ms
query [23385]: # of matches found 18262 and it took: 106851ms
query [23386]: # of matches found 18198 and it took: 107658ms
query [23387]: # of matches found 18106 and it took: 106607ms
query [23388]: # of matches found 18045 and it took: 107513ms
query [23389]: # of matches found 17565 and it took: 106623ms
query [23390]: # of matches found 17579 and it took: 105308ms
query [23391]: # of matches found 17627 and it took: 107521ms
query [23392]: # of matches found 17647 and it took: 107987ms
query [23393]: # of matches found 17688 and it took: 106912ms
query [23394]: # of matches found 17698 and it took: 106668ms
query [23395]: # of matches found 17877 and it took: 107498ms
query [23396]: # of matches found 17877 and it took: 108391ms
query [23397]: # of matches found 17966 and it took: 108606ms
query [23398]: # of matches found 17995 and it took: 108459ms
query [23399]: # of matches found 17905 and it took: 108429ms
query [23400]: # of matches found 17901 and it took: 107480ms
query [23401]: # of matches found 17965 and it took: 108029ms
query [23402]: # of matches found 17860 and it took: 107796ms
query [23403]: # of matches found 17541 and it took: 106671ms
query [23404]: # of matches found 17525 and it took: 106966ms
query [23405]: # of matches found 17396 and it took: 106823ms
query [23406]: # of matches found 17615 and it took: 107361ms
query [23407]: # of matches found 17509 and it took: 107054ms
query [23408]: # of matches found 17336 and it took: 106440ms
query [23409]: # of matches found 17195 and it took: 107474ms
query [23410]: # of matches found 17116 and it took: 106333ms
query [23411]: # of matches found 16938 and it took: 107217ms
query [23412]: # of matches found 16677 and it took: 107633ms
query [23413]: # of matches found 16661 and it took: 106225ms
query [23414]: # of matches found 16557 and it took: 106566ms
query [23415]: # of matches found 16546 and it took: 106391ms
query [23416]: # of matches found 16528 and it took: 106666ms
query [23417]: # of matches found 16517 and it took: 106206ms
query [23418]: # of matches found 15079 and it took: 105397ms
query [23419]: # of matches found 15050 and it took: 106174ms
query [23420]: # of matches found 15070 and it took: 105423ms
query [23421]: # of matches found 15158 and it took: 106308ms
query [23422]: # of matches found 15304 and it took: 106835ms
query [23423]: # of matches found 16382 and it took: 105982ms
query [23424]: # of matches found 16166 and it took: 106020ms
query [23425]: # of matches found 16240 and it took: 105770ms
query [23426]: # of matches found 16593 and it took: 107607ms
query [23427]: # of matches found 16595 and it took: 107190ms
query [23428]: # of matches found 16603 and it took: 106440ms
query [23429]: # of matches found 16610 and it took: 107054ms
query [23430]: # of matches found 16572 and it took: 106208ms
query [23431]: # of matches found 16565 and it took: 107068ms
query [23432]: # of matches found 16277 and it took: 106267ms
query [23433]: # of matches found 16309 and it took: 105209ms
query [23434]: # of matches found 16280 and it took: 105933ms
query [23435]: # of matches found 16357 and it took: 106541ms
query [23436]: # of matches found 16427 and it took: 105731ms
query [23437]: # of matches found 16426 and it took: 104640ms
query [23438]: # of matches found 16379 and it took: 105107ms
query [23439]: # of matches found 16260 and it took: 105065ms
query [23440]: # of matches found 16185 and it took: 103971ms
query [23441]: # of matches found 16147 and it took: 104064ms
query [23442]: # of matches found 16177 and it took: 104847ms
query [23443]: # of matches found 16223 and it took: 104494ms
query [23444]: # of matches found 16444 and it took: 103795ms
query [23445]: # of matches found 16270 and it took: 104595ms
query [23446]: # of matches found 16584 and it took: 104366ms
query [23447]: # of matches found 16490 and it took: 104087ms
query [23448]: # of matches found 16487 and it took: 103381ms
query [23449]: # of matches found 16415 and it took: 105058ms
query [23450]: # of matches found 16429 and it took: 104253ms
query [23451]: # of matches found 16873 and it took: 104499ms
query [23452]: # of matches found 16783 and it took: 104772ms
query [23453]: # of matches found 16648 and it took: 104459ms
query [23454]: # of matches found 16712 and it took: 103193ms
query [23455]: # of matches found 16671 and it took: 103619ms
query [23456]: # of matches found 16706 and it took: 104031ms
query [23457]: # of matches found 16930 and it took: 103968ms
query [23458]: # of matches found 16814 and it took: 103089ms
query [23459]: # of matches found 16582 and it took: 103579ms
query [23460]: # of matches found 16672 and it took: 103353ms
query [23461]: # of matches found 16766 and it took: 103226ms
query [23462]: # of matches found 16968 and it took: 103940ms
query [23463]: # of matches found 17010 and it took: 103944ms
query [23464]: # of matches found 17027 and it took: 103025ms
query [23465]: # of matches found 17050 and it took: 102420ms
query [23466]: # of matches found 17282 and it took: 104368ms
query [23467]: # of matches found 17332 and it took: 104294ms
query [23468]: # of matches found 17381 and it took: 103044ms
query [23469]: # of matches found 17393 and it took: 103519ms
query [23470]: # of matches found 17524 and it took: 104019ms
query [23471]: # of matches found 17533 and it took: 103817ms
query [23472]: # of matches found 17493 and it took: 104485ms
query [23473]: # of matches found 17402 and it took: 104937ms
query [23474]: # of matches found 17312 and it took: 104321ms
query [23475]: # of matches found 17266 and it took: 104308ms
query [23476]: # of matches found 17121 and it took: 107260ms
query [23477]: # of matches found 17284 and it took: 106649ms
query [23478]: # of matches found 16895 and it took: 106020ms
query [23479]: # of matches found 16932 and it took: 106428ms
query [23480]: # of matches found 16710 and it took: 106062ms
query [23481]: # of matches found 16754 and it took: 106767ms
query [23482]: # of matches found 16750 and it took: 107050ms
query [23483]: # of matches found 16743 and it took: 107177ms
query [23484]: # of matches found 16821 and it took: 105073ms
query [23485]: # of matches found 16810 and it took: 105370ms
query [23486]: # of matches found 16858 and it took: 108029ms
query [23487]: # of matches found 16927 and it took: 108387ms
query [23488]: # of matches found 17049 and it took: 107109ms
query [23489]: # of matches found 17554 and it took: 107101ms
query [23490]: # of matches found 17621 and it took: 106960ms
query [23491]: # of matches found 17616 and it took: 105754ms
query [23492]: # of matches found 18014 and it took: 106360ms
query [23493]: # of matches found 18082 and it took: 106732ms
query [23494]: # of matches found 18189 and it took: 106578ms
query [23495]: # of matches found 18185 and it took: 106909ms
query [23496]: # of matches found 18159 and it took: 108851ms
query [23497]: # of matches found 18087 and it took: 108961ms
query [23498]: # of matches found 17623 and it took: 108222ms
query [23499]: # of matches found 17441 and it took: 108825ms
query [23500]: # of matches found 16794 and it took: 109165ms
query [23501]: # of matches found 16602 and it took: 108228ms
query [23502]: # of matches found 16502 and it took: 109958ms
query [23503]: # of matches found 16267 and it took: 109388ms
query [23504]: # of matches found 16071 and it took: 108574ms
query [23505]: # of matches found 16520 and it took: 108610ms
query [23506]: # of matches found 16555 and it took: 110321ms
query [23507]: # of matches found 16860 and it took: 111064ms
query [23508]: # of matches found 16899 and it took: 111301ms
query [23509]: # of matches found 16935 and it took: 112207ms
query [23510]: # of matches found 16928 and it took: 111992ms
query [23511]: # of matches found 17376 and it took: 111763ms
query [23512]: # of matches found 31220 and it took: 112524ms
query [23513]: # of matches found 70134 and it took: 112472ms
query [23514]: # of matches found 71989 and it took: 111716ms
query [23515]: # of matches found 73413 and it took: 112063ms
query [23516]: # of matches found 73436 and it took: 114626ms
query [23517]: # of matches found 73505 and it took: 114035ms
query [23518]: # of matches found 73529 and it took: 113075ms
query [23519]: # of matches found 73312 and it took: 113419ms
query [23520]: # of matches found 73359 and it took: 113120ms
query [23521]: # of matches found 73338 and it took: 112472ms
query [23522]: # of matches found 73307 and it took: 111542ms
query [23523]: # of matches found 73302 and it took: 111807ms
query [23524]: # of matches found 73254 and it took: 111110ms
query [23525]: # of matches found 73283 and it took: 111235ms
query [23526]: # of matches found 73297 and it took: 111823ms
query [23527]: # of matches found 73148 and it took: 111995ms
query [23528]: # of matches found 73105 and it took: 111399ms
query [23529]: # of matches found 73569 and it took: 112876ms
query [23530]: # of matches found 73637 and it took: 112604ms
query [23531]: # of matches found 73608 and it took: 111785ms
query [23532]: # of matches found 73615 and it took: 114021ms
query [23533]: # of matches found 73609 and it took: 113043ms
query [23534]: # of matches found 73668 and it took: 112606ms
query [23535]: # of matches found 73525 and it took: 112946ms
query [23536]: # of matches found 73539 and it took: 112786ms
query [23537]: # of matches found 73572 and it took: 112700ms
query [23538]: # of matches found 73549 and it took: 113835ms
query [23539]: # of matches found 73588 and it took: 113749ms
query [23540]: # of matches found 73683 and it took: 112353ms
query [23541]: # of matches found 73609 and it took: 112203ms
query [23542]: # of matches found 73570 and it took: 112719ms
query [23543]: # of matches found 73559 and it took: 112486ms
query [23544]: # of matches found 73578 and it took: 112120ms
query [23545]: # of matches found 73527 and it took: 112085ms
query [23546]: # of matches found 73376 and it took: 112040ms
query [23547]: # of matches found 73437 and it took: 111246ms
query [23548]: # of matches found 73891 and it took: 112509ms
query [23549]: # of matches found 73959 and it took: 112259ms
query [23550]: # of matches found 74046 and it took: 111210ms
query [23551]: # of matches found 74209 and it took: 111263ms
query [23552]: # of matches found 74388 and it took: 110185ms
query [23553]: # of matches found 74426 and it took: 110581ms
query [23554]: # of matches found 74563 and it took: 109928ms
query [23555]: # of matches found 74681 and it took: 110095ms
query [23556]: # of matches found 74699 and it took: 110021ms
query [23557]: # of matches found 74741 and it took: 110166ms
query [23558]: # of matches found 75147 and it took: 110400ms
query [23559]: # of matches found 75181 and it took: 109944ms
query [23560]: # of matches found 75180 and it took: 110867ms
query [23561]: # of matches found 74992 and it took: 110070ms
query [23562]: # of matches found 74830 and it took: 111584ms
query [23563]: # of matches found 73905 and it took: 111629ms
query [23564]: # of matches found 73862 and it took: 112323ms
query [23565]: # of matches found 73914 and it took: 111767ms
query [23566]: # of matches found 73832 and it took: 112128ms
query [23567]: # of matches found 73538 and it took: 111823ms
query [23568]: # of matches found 73741 and it took: 111842ms
query [23569]: # of matches found 73993 and it took: 111757ms
query [23570]: # of matches found 74029 and it took: 110998ms
query [23571]: # of matches found 74064 and it took: 111326ms
query [23572]: # of matches found 74696 and it took: 111046ms
query [23573]: # of matches found 74701 and it took: 110684ms
query [23574]: # of matches found 74720 and it took: 110997ms
query [23575]: # of matches found 74652 and it took: 110948ms
query [23576]: # of matches found 74676 and it took: 111262ms
query [23577]: # of matches found 74678 and it took: 110854ms
query [23578]: # of matches found 74857 and it took: 111051ms
query [23579]: # of matches found 74883 and it took: 110664ms
query [23580]: # of matches found 74982 and it took: 110191ms
query [23581]: # of matches found 75010 and it took: 110446ms
query [23582]: # of matches found 75000 and it took: 110645ms
query [23583]: # of matches found 74930 and it took: 110849ms
query [23584]: # of matches found 74653 and it took: 110570ms
query [23585]: # of matches found 74549 and it took: 111382ms
query [23586]: # of matches found 74142 and it took: 111337ms
query [23587]: # of matches found 73892 and it took: 111648ms
query [23588]: # of matches found 73749 and it took: 111800ms
query [23589]: # of matches found 73648 and it took: 111356ms
query [23590]: # of matches found 73604 and it took: 110314ms
query [23591]: # of matches found 73089 and it took: 111446ms
query [23592]: # of matches found 73052 and it took: 111838ms
query [23593]: # of matches found 73068 and it took: 112011ms
query [23594]: # of matches found 72943 and it took: 112172ms
query [23595]: # of matches found 72935 and it took: 111766ms
query [23596]: # of matches found 72856 and it took: 112090ms
query [23597]: # of matches found 72876 and it took: 111381ms
query [23598]: # of matches found 72653 and it took: 111266ms
query [23599]: # of matches found 72686 and it took: 111226ms
query [23600]: # of matches found 72923 and it took: 110712ms
query [23601]: # of matches found 73631 and it took: 111775ms
query [23602]: # of matches found 73598 and it took: 112616ms
query [23603]: # of matches found 73664 and it took: 111192ms
query [23604]: # of matches found 73855 and it took: 111369ms
query [23605]: # of matches found 73968 and it took: 111523ms
query [23606]: # of matches found 74231 and it took: 110604ms
query [23607]: # of matches found 74419 and it took: 110145ms
query [23608]: # of matches found 74585 and it took: 110187ms
query [23609]: # of matches found 74710 and it took: 110480ms
query [23610]: # of matches found 74728 and it took: 109919ms
query [23611]: # of matches found 74883 and it took: 110568ms
query [23612]: # of matches found 74930 and it took: 112250ms
query [23613]: # of matches found 75027 and it took: 111933ms
query [23614]: # of matches found 75100 and it took: 111960ms
query [23615]: # of matches found 75186 and it took: 111398ms
query [23616]: # of matches found 75085 and it took: 111523ms
query [23617]: # of matches found 74935 and it took: 111848ms
query [23618]: # of matches found 74908 and it took: 111329ms
query [23619]: # of matches found 74585 and it took: 111778ms
query [23620]: # of matches found 74519 and it took: 111068ms
query [23621]: # of matches found 74478 and it took: 111637ms
query [23622]: # of matches found 74469 and it took: 112248ms
query [23623]: # of matches found 74456 and it took: 112608ms
query [23624]: # of matches found 74368 and it took: 112171ms
query [23625]: # of matches found 74389 and it took: 111662ms
query [23626]: # of matches found 74375 and it took: 113038ms
query [23627]: # of matches found 74303 and it took: 112722ms
query [23628]: # of matches found 74252 and it took: 111750ms
query [23629]: # of matches found 74166 and it took: 112075ms
query [23630]: # of matches found 73754 and it took: 111792ms
query [23631]: # of matches found 73750 and it took: 112509ms
query [23632]: # of matches found 73390 and it took: 113112ms
query [23633]: # of matches found 73506 and it took: 113097ms
query [23634]: # of matches found 73500 and it took: 112961ms
query [23635]: # of matches found 73472 and it took: 112357ms
query [23636]: # of matches found 73781 and it took: 113854ms
query [23637]: # of matches found 73787 and it took: 113722ms
query [23638]: # of matches found 73817 and it took: 113719ms
query [23639]: # of matches found 73827 and it took: 113662ms
query [23640]: # of matches found 73873 and it took: 112975ms
query [23641]: # of matches found 73851 and it took: 112615ms
query [23642]: # of matches found 73873 and it took: 114039ms
query [23643]: # of matches found 74046 and it took: 114021ms
query [23644]: # of matches found 74168 and it took: 113660ms
query [23645]: # of matches found 73932 and it took: 113450ms
query [23646]: # of matches found 73874 and it took: 113498ms
query [23647]: # of matches found 73801 and it took: 114325ms
query [23648]: # of matches found 74235 and it took: 113724ms
query [23649]: # of matches found 74348 and it took: 113100ms
query [23650]: # of matches found 74534 and it took: 112030ms
query [23651]: # of matches found 74611 and it took: 111902ms
query [23652]: # of matches found 61851 and it took: 112079ms
query [23653]: # of matches found 59877 and it took: 111496ms
query [23654]: # of matches found 47421 and it took: 111151ms
query [23655]: # of matches found 25164 and it took: 110231ms
query [23656]: # of matches found 25406 and it took: 111344ms
query [23657]: # of matches found 26058 and it took: 110538ms
query [23658]: # of matches found 25960 and it took: 110972ms
query [23659]: # of matches found 26079 and it took: 110686ms
query [23660]: # of matches found 26070 and it took: 110225ms
query [23661]: # of matches found 26128 and it took: 110062ms
query [23662]: # of matches found 26125 and it took: 110692ms
query [23663]: # of matches found 26385 and it took: 110524ms
query [23664]: # of matches found 26657 and it took: 110052ms
query [23665]: # of matches found 27363 and it took: 108867ms
query [23666]: # of matches found 27411 and it took: 110162ms
query [23667]: # of matches found 27579 and it took: 110242ms
query [23668]: # of matches found 27576 and it took: 109583ms
query [23669]: # of matches found 27126 and it took: 109704ms
query [23670]: # of matches found 27082 and it took: 108899ms
query [23671]: # of matches found 27222 and it took: 107892ms
query [23672]: # of matches found 27895 and it took: 108097ms
query [23673]: # of matches found 28102 and it took: 108008ms
query [23674]: # of matches found 28149 and it took: 108085ms
query [23675]: # of matches found 28252 and it took: 106472ms
query [23676]: # of matches found 29026 and it took: 107006ms
query [23677]: # of matches found 29154 and it took: 107362ms
query [23678]: # of matches found 29530 and it took: 107041ms
query [23679]: # of matches found 31586 and it took: 106650ms
query [23680]: # of matches found 31831 and it took: 106310ms
query [23681]: # of matches found 31974 and it took: 105594ms
query [23682]: # of matches found 32030 and it took: 105375ms
query [23683]: # of matches found 32101 and it took: 105606ms
query [23684]: # of matches found 32248 and it took: 106074ms
query [23685]: # of matches found 33108 and it took: 105369ms
query [23686]: # of matches found 33687 and it took: 106401ms
query [23687]: # of matches found 34006 and it took: 105589ms
query [23688]: # of matches found 33730 and it took: 105199ms
query [23689]: # of matches found 34612 and it took: 104929ms
query [23690]: # of matches found 35090 and it took: 104293ms
query [23691]: # of matches found 35170 and it took: 104451ms
query [23692]: # of matches found 35301 and it took: 104781ms
query [23693]: # of matches found 35634 and it took: 104582ms
query [23694]: # of matches found 37600 and it took: 104705ms
query [23695]: # of matches found 37888 and it took: 103558ms
query [23696]: # of matches found 38154 and it took: 104160ms
query [23697]: # of matches found 38257 and it took: 103870ms
query [23698]: # of matches found 39528 and it took: 103734ms
query [23699]: # of matches found 39718 and it took: 103355ms
query [23700]: # of matches found 39914 and it took: 102795ms
query [23701]: # of matches found 40088 and it took: 102718ms
query [23702]: # of matches found 40192 and it took: 103157ms
query [23703]: # of matches found 40136 and it took: 102856ms
query [23704]: # of matches found 40224 and it took: 102724ms
query [23705]: # of matches found 40895 and it took: 101558ms
query [23706]: # of matches found 41044 and it took: 101870ms
query [23707]: # of matches found 41064 and it took: 101720ms
query [23708]: # of matches found 40970 and it took: 101317ms
query [23709]: # of matches found 40711 and it took: 101300ms
query [23710]: # of matches found 40706 and it took: 100730ms
query [23711]: # of matches found 40689 and it took: 100725ms
query [23712]: # of matches found 40248 and it took: 101759ms
query [23713]: # of matches found 40190 and it took: 100843ms
query [23714]: # of matches found 40734 and it took: 100387ms
query [23715]: # of matches found 40865 and it took: 99613.1ms
query [23716]: # of matches found 40912 and it took: 99913.1ms
query [23717]: # of matches found 40859 and it took: 100094ms
query [23718]: # of matches found 40701 and it took: 100083ms
query [23719]: # of matches found 40642 and it took: 99805.3ms
query [23720]: # of matches found 40816 and it took: 99213.6ms
query [23721]: # of matches found 40856 and it took: 99909.3ms
query [23722]: # of matches found 40956 and it took: 99794.1ms
query [23723]: # of matches found 40999 and it took: 99397.9ms
query [23724]: # of matches found 41089 and it took: 99056ms
query [23725]: # of matches found 41182 and it took: 98336.7ms
query [23726]: # of matches found 41788 and it took: 98638.5ms
query [23727]: # of matches found 41872 and it took: 98611.4ms
query [23728]: # of matches found 41891 and it took: 98442.1ms
query [23729]: # of matches found 41871 and it took: 98234.7ms
query [23730]: # of matches found 42070 and it took: 97390.8ms
query [23731]: # of matches found 42055 and it took: 96930.3ms
query [23732]: # of matches found 41963 and it took: 97297.7ms
query [23733]: # of matches found 41926 and it took: 97173ms
query [23734]: # of matches found 41896 and it took: 97095.4ms
query [23735]: # of matches found 41897 and it took: 96762ms
query [23736]: # of matches found 41861 and it took: 97193.7ms
query [23737]: # of matches found 43016 and it took: 96841.4ms
query [23738]: # of matches found 43195 and it took: 96601.6ms
query [23739]: # of matches found 43158 and it took: 96793.6ms
query [23740]: # of matches found 43099 and it took: 95680.3ms
query [23741]: # of matches found 42319 and it took: 96244.9ms
query [23742]: # of matches found 42065 and it took: 96633.6ms
query [23743]: # of matches found 42183 and it took: 96365.5ms
query [23744]: # of matches found 42001 and it took: 96607.8ms
query [23745]: # of matches found 42022 and it took: 96456.6ms
query [23746]: # of matches found 41706 and it took: 96562.2ms
query [23747]: # of matches found 41449 and it took: 96446.1ms
query [23748]: # of matches found 41248 and it took: 96117.4ms
query [23749]: # of matches found 41043 and it took: 96951.5ms
query [23750]: # of matches found 40911 and it took: 94967.9ms
query [23751]: # of matches found 40830 and it took: 95856.6ms
query [23752]: # of matches found 40752 and it took: 96338.7ms
query [23753]: # of matches found 40846 and it took: 96786.4ms
query [23754]: # of matches found 40801 and it took: 96156ms
query [23755]: # of matches found 40594 and it took: 95958.4ms
query [23756]: # of matches found 40677 and it took: 95782.5ms
query [23757]: # of matches found 40732 and it took: 95796.9ms
query [23758]: # of matches found 40888 and it took: 95878.2ms
query [23759]: # of matches found 40912 and it took: 95277.3ms
query [23760]: # of matches found 41001 and it took: 94793.9ms
query [23761]: # of matches found 41093 and it took: 95802.3ms
query [23762]: # of matches found 41310 and it took: 95838.3ms
query [23763]: # of matches found 41347 and it took: 95739.2ms
query [23764]: # of matches found 41453 and it took: 95946.5ms
query [23765]: # of matches found 41483 and it took: 95953ms
query [23766]: # of matches found 41483 and it took: 95886.1ms
query [23767]: # of matches found 41575 and it took: 96550.9ms
query [23768]: # of matches found 41505 and it took: 96170.8ms
query [23769]: # of matches found 41503 and it took: 95883.6ms
query [23770]: # of matches found 41507 and it took: 95529.3ms
query [23771]: # of matches found 41508 and it took: 95819.9ms
query [23772]: # of matches found 41519 and it took: 97150.7ms
query [23773]: # of matches found 41347 and it took: 97258.7ms
query [23774]: # of matches found 41361 and it took: 97134.2ms
query [23775]: # of matches found 41326 and it took: 97600.3ms
query [23776]: # of matches found 40985 and it took: 96945.4ms
query [23777]: # of matches found 41037 and it took: 97493.2ms
query [23778]: # of matches found 41127 and it took: 98038.8ms
query [23779]: # of matches found 41280 and it took: 97597.9ms
query [23780]: # of matches found 41378 and it took: 96923ms
query [23781]: # of matches found 42109 and it took: 97996.3ms
query [23782]: # of matches found 42763 and it took: 99562.7ms
query [23783]: # of matches found 43008 and it took: 100110ms
query [23784]: # of matches found 43179 and it took: 99950.5ms
query [23785]: # of matches found 42756 and it took: 100929ms
query [23786]: # of matches found 42877 and it took: 100632ms
query [23787]: # of matches found 42946 and it took: 100330ms
query [23788]: # of matches found 42901 and it took: 100325ms
query [23789]: # of matches found 42903 and it took: 99593.2ms
query [23790]: # of matches found 42814 and it took: 99202.8ms
query [23791]: # of matches found 42979 and it took: 99828.4ms
query [23792]: # of matches found 42999 and it took: 100770ms
query [23793]: # of matches found 42843 and it took: 101167ms
query [23794]: # of matches found 42873 and it took: 101405ms
query [23795]: # of matches found 36701 and it took: 101629ms
query [23796]: # of matches found 36631 and it took: 100745ms
query [23797]: # of matches found 35741 and it took: 101451ms
query [23798]: # of matches found 35473 and it took: 101482ms
query [23799]: # of matches found 35387 and it took: 101403ms
query [23800]: # of matches found 35377 and it took: 100621ms
query [23801]: # of matches found 35302 and it took: 102070ms
query [23802]: # of matches found 35464 and it took: 102346ms
query [23803]: # of matches found 35356 and it took: 102738ms
query [23804]: # of matches found 35259 and it took: 103604ms
query [23805]: # of matches found 34493 and it took: 102882ms
query [23806]: # of matches found 34484 and it took: 103554ms
query [23807]: # of matches found 34522 and it took: 102991ms
query [23808]: # of matches found 34553 and it took: 103853ms
query [23809]: # of matches found 34537 and it took: 103956ms
query [23810]: # of matches found 34522 and it took: 103475ms
query [23811]: # of matches found 34438 and it took: 104390ms
query [23812]: # of matches found 33891 and it took: 105214ms
query [23813]: # of matches found 33421 and it took: 105347ms
