no kmerRangesFileAddressArg!
no otherToolArg!
**********************CONFIGURATIONS*****************************
PARMIK mode:                  3
readDatabaseAddress:          /p/lava/parmik/partialMatcherProject/datasets/metagenomicDB/SRR12432009/SRR12432009_reads
readFileName:                 SRR12432009_reads
queryFileAddress:             /p/lava/parmik/partialMatcherProject/datasets/queryFiles/covidQueryFiles/SarsGenome_chunks/SarsGenome_queries_27000-27999
queryFileName:                SarsGenome_queries_27000-27999
otherToolOutputFileAddress:   /u/rgq5aw/GIT/PARMIK/partialMatcherProject/tools/blast/SRR12432009/SarsGenome/blastn_ws30_results.out
outputDir:                    /p/lava/parmik/partialMatcherProject/tools/baseline_ssw/SRR12432009/SarsGenome
penaltyFileAddress:           /u/rgq5aw/GIT/PARMIK/experiments/parmik/CK_SSW_ID_PRCNTG/PenaltySets/2484_1111_2444_2288_2848
kmerRangesFileAddress:        
readsCount:                   17000000
queryCount:                   30000
kmerLength:                   11
regionSize:                   48
cheapKmerThreshold:           0
identityPercentage:           0.85
minExactMatchLen:             0
minNumExactMatchKmer:         0
isIndexOffline:               1
offlineIndexAddress:          /p/lava/parmik/partialMatcherProject/tools/parmik/CK_INDEX/SRR12432009/
max editDistance in min region: 2
**********************CONFIGURATIONS*****************************
--------------Penalties--------------
m: 2, s: 4, go: 8, ge: 4
m: 1, s: 1, go: 1, ge: 1
m: 2, s: 4, go: 4, ge: 4
m: 2, s: 2, go: 8, ge: 8
m: 2, s: 8, go: 4, ge: 8
------------------------------------
numberOfReadsWithN : 0
queryCount : 1000
numberOfReadsWithN : 0
readCount : 16344647
offlineCheapIndexAddress: /p/lava/parmik/partialMatcherProject/tools/parmik/CK_INDEX/SRR12432009/ck_T0_K11_r17000000
pmrkAlignmentsAddress: /p/lava/parmik/partialMatcherProject/tools/baseline_ssw/SRR12432009/SarsGenome/aln/pmAln_R48_PI85_L0_M0_E2_K11_T0_P_2484_1111_2444_2288_2848.txt
Starting alignment for all queries [fwd]...
queryBaseIndex: 27000
query [27000]: # of matches found 24266 and it took: 128906ms
query [27001]: # of matches found 24146 and it took: 128865ms
query [27002]: # of matches found 24103 and it took: 129809ms
query [27003]: # of matches found 24089 and it took: 128153ms
query [27004]: # of matches found 23696 and it took: 130490ms
query [27005]: # of matches found 23139 and it took: 129963ms
query [27006]: # of matches found 22123 and it took: 129810ms
query [27007]: # of matches found 22313 and it took: 130296ms
query [27008]: # of matches found 22009 and it took: 129841ms
query [27009]: # of matches found 21817 and it took: 130501ms
query [27010]: # of matches found 21776 and it took: 130520ms
query [27011]: # of matches found 21709 and it took: 129893ms
query [27012]: # of matches found 22039 and it took: 130861ms
query [27013]: # of matches found 21986 and it took: 129260ms
query [27014]: # of matches found 21954 and it took: 131103ms
query [27015]: # of matches found 21977 and it took: 130672ms
query [27016]: # of matches found 21974 and it took: 130479ms
query [27017]: # of matches found 21853 and it took: 131032ms
query [27018]: # of matches found 21736 and it took: 130448ms
query [27019]: # of matches found 21612 and it took: 130809ms
query [27020]: # of matches found 21645 and it took: 131185ms
query [27021]: # of matches found 21570 and it took: 130237ms
query [27022]: # of matches found 21492 and it took: 130952ms
query [27023]: # of matches found 22495 and it took: 129451ms
query [27024]: # of matches found 22566 and it took: 130815ms
query [27025]: # of matches found 22774 and it took: 130915ms
query [27026]: # of matches found 22809 and it took: 130812ms
query [27027]: # of matches found 22774 and it took: 131641ms
query [27028]: # of matches found 22905 and it took: 130771ms
query [27029]: # of matches found 22965 and it took: 131788ms
query [27030]: # of matches found 23076 and it took: 131367ms
query [27031]: # of matches found 23022 and it took: 130199ms
query [27032]: # of matches found 23585 and it took: 131875ms
query [27033]: # of matches found 25153 and it took: 130928ms
query [27034]: # of matches found 25212 and it took: 131187ms
query [27035]: # of matches found 25230 and it took: 130686ms
query [27036]: # of matches found 25062 and it took: 130903ms
query [27037]: # of matches found 25161 and it took: 132072ms
query [27038]: # of matches found 25131 and it took: 131889ms
query [27039]: # of matches found 25198 and it took: 132465ms
query [27040]: # of matches found 25008 and it took: 132399ms
query [27041]: # of matches found 24896 and it took: 131087ms
query [27042]: # of matches found 24904 and it took: 132117ms
query [27043]: # of matches found 24733 and it took: 131823ms
query [27044]: # of matches found 23349 and it took: 131838ms
query [27045]: # of matches found 23481 and it took: 131944ms
query [27046]: # of matches found 23567 and it took: 131763ms
query [27047]: # of matches found 23673 and it took: 132337ms
query [27048]: # of matches found 23841 and it took: 131174ms
query [27049]: # of matches found 24054 and it took: 131513ms
query [27050]: # of matches found 24052 and it took: 131046ms
query [27051]: # of matches found 24085 and it took: 129806ms
query [27052]: # of matches found 24120 and it took: 130619ms
query [27053]: # of matches found 24127 and it took: 129567ms
query [27054]: # of matches found 24091 and it took: 129951ms
query [27055]: # of matches found 24101 and it took: 130005ms
query [27056]: # of matches found 24132 and it took: 128275ms
query [27057]: # of matches found 24129 and it took: 128839ms
query [27058]: # of matches found 24059 and it took: 127671ms
query [27059]: # of matches found 23988 and it took: 128218ms
query [27060]: # of matches found 23901 and it took: 128258ms
query [27061]: # of matches found 23874 and it took: 128091ms
query [27062]: # of matches found 23816 and it took: 127915ms
query [27063]: # of matches found 23768 and it took: 127409ms
query [27064]: # of matches found 23724 and it took: 127695ms
query [27065]: # of matches found 23780 and it took: 127332ms
query [27066]: # of matches found 24139 and it took: 127414ms
query [27067]: # of matches found 24310 and it took: 128832ms
query [27068]: # of matches found 24869 and it took: 127797ms
query [27069]: # of matches found 24943 and it took: 128209ms
query [27070]: # of matches found 25136 and it took: 128397ms
query [27071]: # of matches found 26610 and it took: 127825ms
query [27072]: # of matches found 26774 and it took: 127999ms
query [27073]: # of matches found 26730 and it took: 126963ms
query [27074]: # of matches found 26514 and it took: 126401ms
query [27075]: # of matches found 26371 and it took: 127081ms
query [27076]: # of matches found 26279 and it took: 126900ms
query [27077]: # of matches found 26084 and it took: 127961ms
query [27078]: # of matches found 26542 and it took: 127218ms
query [27079]: # of matches found 26313 and it took: 127412ms
query [27080]: # of matches found 26227 and it took: 127121ms
query [27081]: # of matches found 26302 and it took: 126605ms
query [27082]: # of matches found 26216 and it took: 126458ms
query [27083]: # of matches found 26097 and it took: 127416ms
query [27084]: # of matches found 25998 and it took: 127020ms
query [27085]: # of matches found 25801 and it took: 126962ms
query [27086]: # of matches found 25898 and it took: 126364ms
query [27087]: # of matches found 26144 and it took: 126911ms
query [27088]: # of matches found 26018 and it took: 125437ms
query [27089]: # of matches found 26322 and it took: 126173ms
query [27090]: # of matches found 27664 and it took: 125370ms
query [27091]: # of matches found 28963 and it took: 125039ms
query [27092]: # of matches found 28039 and it took: 125723ms
query [27093]: # of matches found 28127 and it took: 126313ms
query [27094]: # of matches found 29018 and it took: 125275ms
query [27095]: # of matches found 29288 and it took: 125617ms
query [27096]: # of matches found 29339 and it took: 124898ms
query [27097]: # of matches found 29696 and it took: 125773ms
query [27098]: # of matches found 29680 and it took: 124733ms
query [27099]: # of matches found 29854 and it took: 125212ms
query [27100]: # of matches found 29851 and it took: 125458ms
query [27101]: # of matches found 29770 and it took: 124440ms
query [27102]: # of matches found 29602 and it took: 125435ms
query [27103]: # of matches found 29532 and it took: 125840ms
query [27104]: # of matches found 29762 and it took: 124481ms
query [27105]: # of matches found 29755 and it took: 125712ms
query [27106]: # of matches found 29708 and it took: 125591ms
query [27107]: # of matches found 29671 and it took: 126394ms
query [27108]: # of matches found 29460 and it took: 125649ms
query [27109]: # of matches found 29617 and it took: 125965ms
query [27110]: # of matches found 29254 and it took: 126065ms
query [27111]: # of matches found 29248 and it took: 125633ms
query [27112]: # of matches found 29205 and it took: 126300ms
query [27113]: # of matches found 29247 and it took: 126545ms
query [27114]: # of matches found 29396 and it took: 126878ms
query [27115]: # of matches found 29385 and it took: 128394ms
query [27116]: # of matches found 29670 and it took: 127542ms
query [27117]: # of matches found 29572 and it took: 127998ms
query [27118]: # of matches found 29592 and it took: 127509ms
query [27119]: # of matches found 29475 and it took: 127187ms
query [27120]: # of matches found 29511 and it took: 126576ms
query [27121]: # of matches found 29497 and it took: 124632ms
query [27122]: # of matches found 29461 and it took: 125246ms
query [27123]: # of matches found 29499 and it took: 125677ms
query [27124]: # of matches found 29597 and it took: 124344ms
query [27125]: # of matches found 28430 and it took: 125512ms
query [27126]: # of matches found 28500 and it took: 124707ms
query [27127]: # of matches found 28570 and it took: 125335ms
query [27128]: # of matches found 28494 and it took: 124651ms
query [27129]: # of matches found 28709 and it took: 124747ms
query [27130]: # of matches found 29123 and it took: 124553ms
query [27131]: # of matches found 29034 and it took: 123642ms
query [27132]: # of matches found 29243 and it took: 124386ms
query [27133]: # of matches found 29522 and it took: 126187ms
query [27134]: # of matches found 29666 and it took: 125091ms
query [27135]: # of matches found 29702 and it took: 125873ms
query [27136]: # of matches found 29786 and it took: 125130ms
query [27137]: # of matches found 30037 and it took: 126052ms
query [27138]: # of matches found 30048 and it took: 125334ms
query [27139]: # of matches found 30086 and it took: 124506ms
query [27140]: # of matches found 30356 and it took: 125349ms
query [27141]: # of matches found 30519 and it took: 124178ms
query [27142]: # of matches found 30613 and it took: 124639ms
query [27143]: # of matches found 30904 and it took: 125895ms
query [27144]: # of matches found 31060 and it took: 125572ms
query [27145]: # of matches found 31546 and it took: 126489ms
query [27146]: # of matches found 31606 and it took: 125810ms
query [27147]: # of matches found 30957 and it took: 126479ms
query [27148]: # of matches found 31022 and it took: 125975ms
query [27149]: # of matches found 31044 and it took: 124383ms
query [27150]: # of matches found 31074 and it took: 124878ms
query [27151]: # of matches found 31306 and it took: 124448ms
query [27152]: # of matches found 31737 and it took: 124799ms
query [27153]: # of matches found 31475 and it took: 125762ms
query [27154]: # of matches found 31552 and it took: 125158ms
query [27155]: # of matches found 31776 and it took: 125779ms
query [27156]: # of matches found 31709 and it took: 124433ms
query [27157]: # of matches found 31951 and it took: 125155ms
query [27158]: # of matches found 32057 and it took: 124588ms
query [27159]: # of matches found 32104 and it took: 124329ms
query [27160]: # of matches found 32067 and it took: 124824ms
query [27161]: # of matches found 31846 and it took: 123936ms
query [27162]: # of matches found 32070 and it took: 124344ms
query [27163]: # of matches found 32328 and it took: 125920ms
query [27164]: # of matches found 31638 and it took: 126006ms
query [27165]: # of matches found 31502 and it took: 126532ms
query [27166]: # of matches found 31461 and it took: 123852ms
query [27167]: # of matches found 31405 and it took: 124298ms
query [27168]: # of matches found 31288 and it took: 124219ms
query [27169]: # of matches found 31239 and it took: 123234ms
query [27170]: # of matches found 31182 and it took: 124376ms
query [27171]: # of matches found 31098 and it took: 125026ms
query [27172]: # of matches found 31124 and it took: 124710ms
query [27173]: # of matches found 30527 and it took: 125225ms
query [27174]: # of matches found 30465 and it took: 125126ms
query [27175]: # of matches found 28902 and it took: 124838ms
query [27176]: # of matches found 29001 and it took: 124336ms
query [27177]: # of matches found 28828 and it took: 125208ms
query [27178]: # of matches found 28998 and it took: 125219ms
query [27179]: # of matches found 29040 and it took: 124385ms
query [27180]: # of matches found 28979 and it took: 125099ms
query [27181]: # of matches found 29089 and it took: 125124ms
query [27182]: # of matches found 29463 and it took: 124535ms
query [27183]: # of matches found 29601 and it took: 124816ms
query [27184]: # of matches found 29658 and it took: 124566ms
query [27185]: # of matches found 29572 and it took: 124668ms
query [27186]: # of matches found 29525 and it took: 124162ms
query [27187]: # of matches found 29457 and it took: 124921ms
query [27188]: # of matches found 29153 and it took: 124979ms
query [27189]: # of matches found 29044 and it took: 124457ms
query [27190]: # of matches found 28989 and it took: 124828ms
query [27191]: # of matches found 28914 and it took: 125550ms
query [27192]: # of matches found 28930 and it took: 125238ms
query [27193]: # of matches found 28973 and it took: 125970ms
query [27194]: # of matches found 29048 and it took: 126797ms
query [27195]: # of matches found 29023 and it took: 125836ms
query [27196]: # of matches found 29037 and it took: 125014ms
query [27197]: # of matches found 29014 and it took: 125931ms
query [27198]: # of matches found 29054 and it took: 126564ms
query [27199]: # of matches found 29223 and it took: 125896ms
query [27200]: # of matches found 29261 and it took: 125488ms
query [27201]: # of matches found 29292 and it took: 125916ms
query [27202]: # of matches found 29238 and it took: 125924ms
query [27203]: # of matches found 29245 and it took: 126867ms
query [27204]: # of matches found 29216 and it took: 127606ms
query [27205]: # of matches found 29163 and it took: 127753ms
query [27206]: # of matches found 29048 and it took: 127840ms
query [27207]: # of matches found 28794 and it took: 128381ms
query [27208]: # of matches found 27787 and it took: 128980ms
query [27209]: # of matches found 27458 and it took: 127668ms
query [27210]: # of matches found 27328 and it took: 127541ms
query [27211]: # of matches found 25734 and it took: 128855ms
query [27212]: # of matches found 25281 and it took: 127713ms
query [27213]: # of matches found 25255 and it took: 128737ms
query [27214]: # of matches found 25274 and it took: 128418ms
query [27215]: # of matches found 25273 and it took: 128510ms
query [27216]: # of matches found 25310 and it took: 127975ms
query [27217]: # of matches found 25296 and it took: 128427ms
query [27218]: # of matches found 24800 and it took: 128271ms
query [27219]: # of matches found 24807 and it took: 127657ms
query [27220]: # of matches found 24710 and it took: 127898ms
query [27221]: # of matches found 24934 and it took: 128577ms
query [27222]: # of matches found 25005 and it took: 128390ms
query [27223]: # of matches found 24987 and it took: 128572ms
query [27224]: # of matches found 26291 and it took: 129143ms
query [27225]: # of matches found 26430 and it took: 128847ms
query [27226]: # of matches found 26354 and it took: 128213ms
query [27227]: # of matches found 26291 and it took: 128564ms
query [27228]: # of matches found 26215 and it took: 128823ms
query [27229]: # of matches found 25966 and it took: 128299ms
query [27230]: # of matches found 24727 and it took: 128258ms
query [27231]: # of matches found 23336 and it took: 128855ms
query [27232]: # of matches found 22868 and it took: 128489ms
query [27233]: # of matches found 22807 and it took: 128539ms
query [27234]: # of matches found 21980 and it took: 128570ms
query [27235]: # of matches found 22090 and it took: 128596ms
query [27236]: # of matches found 21947 and it took: 128976ms
query [27237]: # of matches found 22062 and it took: 129398ms
query [27238]: # of matches found 21891 and it took: 129640ms
query [27239]: # of matches found 22139 and it took: 128628ms
query [27240]: # of matches found 22250 and it took: 129297ms
query [27241]: # of matches found 22495 and it took: 129428ms
query [27242]: # of matches found 22565 and it took: 129291ms
query [27243]: # of matches found 22558 and it took: 129272ms
query [27244]: # of matches found 22294 and it took: 129667ms
query [27245]: # of matches found 22264 and it took: 130073ms
query [27246]: # of matches found 22230 and it took: 130465ms
query [27247]: # of matches found 22258 and it took: 130969ms
query [27248]: # of matches found 22080 and it took: 131474ms
query [27249]: # of matches found 21791 and it took: 130821ms
query [27250]: # of matches found 21815 and it took: 130933ms
query [27251]: # of matches found 21800 and it took: 131032ms
query [27252]: # of matches found 22064 and it took: 131305ms
query [27253]: # of matches found 21982 and it took: 131079ms
query [27254]: # of matches found 21539 and it took: 131914ms
query [27255]: # of matches found 21481 and it took: 131421ms
query [27256]: # of matches found 21007 and it took: 131398ms
query [27257]: # of matches found 20943 and it took: 131422ms
query [27258]: # of matches found 20938 and it took: 131145ms
query [27259]: # of matches found 21122 and it took: 131103ms
query [27260]: # of matches found 21230 and it took: 131182ms
query [27261]: # of matches found 21261 and it took: 131079ms
query [27262]: # of matches found 21257 and it took: 131501ms
query [27263]: # of matches found 21322 and it took: 131044ms
query [27264]: # of matches found 21253 and it took: 130853ms
query [27265]: # of matches found 21283 and it took: 130497ms
query [27266]: # of matches found 21286 and it took: 130772ms
query [27267]: # of matches found 21364 and it took: 131001ms
query [27268]: # of matches found 21429 and it took: 131204ms
query [27269]: # of matches found 21272 and it took: 130900ms
query [27270]: # of matches found 20981 and it took: 130661ms
query [27271]: # of matches found 20597 and it took: 131456ms
query [27272]: # of matches found 20438 and it took: 131154ms
query [27273]: # of matches found 20153 and it took: 131815ms
query [27274]: # of matches found 19897 and it took: 132124ms
query [27275]: # of matches found 19881 and it took: 132100ms
query [27276]: # of matches found 19672 and it took: 131716ms
query [27277]: # of matches found 19617 and it took: 132040ms
query [27278]: # of matches found 19799 and it took: 132494ms
query [27279]: # of matches found 19719 and it took: 131972ms
query [27280]: # of matches found 19722 and it took: 131504ms
query [27281]: # of matches found 19513 and it took: 130856ms
query [27282]: # of matches found 19657 and it took: 131302ms
query [27283]: # of matches found 19558 and it took: 131170ms
query [27284]: # of matches found 19555 and it took: 131591ms
query [27285]: # of matches found 19508 and it took: 131388ms
query [27286]: # of matches found 19313 and it took: 131410ms
query [27287]: # of matches found 19378 and it took: 131547ms
query [27288]: # of matches found 19260 and it took: 131471ms
query [27289]: # of matches found 19386 and it took: 130870ms
query [27290]: # of matches found 19300 and it took: 130595ms
query [27291]: # of matches found 19055 and it took: 130795ms
query [27292]: # of matches found 18485 and it took: 131261ms
query [27293]: # of matches found 18446 and it took: 131063ms
query [27294]: # of matches found 18423 and it took: 131232ms
query [27295]: # of matches found 18193 and it took: 130639ms
query [27296]: # of matches found 18197 and it took: 130684ms
query [27297]: # of matches found 18087 and it took: 130401ms
query [27298]: # of matches found 17871 and it took: 130546ms
query [27299]: # of matches found 17804 and it took: 130388ms
query [27300]: # of matches found 17736 and it took: 130496ms
query [27301]: # of matches found 17618 and it took: 130677ms
query [27302]: # of matches found 17429 and it took: 131184ms
query [27303]: # of matches found 17363 and it took: 131429ms
query [27304]: # of matches found 17096 and it took: 131670ms
query [27305]: # of matches found 16999 and it took: 131347ms
query [27306]: # of matches found 16925 and it took: 131620ms
query [27307]: # of matches found 16961 and it took: 130849ms
query [27308]: # of matches found 16914 and it took: 130841ms
query [27309]: # of matches found 17214 and it took: 130409ms
query [27310]: # of matches found 17244 and it took: 130688ms
query [27311]: # of matches found 17299 and it took: 130236ms
query [27312]: # of matches found 17281 and it took: 130571ms
query [27313]: # of matches found 17317 and it took: 130209ms
query [27314]: # of matches found 17370 and it took: 130235ms
query [27315]: # of matches found 17427 and it took: 129752ms
query [27316]: # of matches found 17432 and it took: 130175ms
query [27317]: # of matches found 17691 and it took: 129137ms
query [27318]: # of matches found 17739 and it took: 128827ms
query [27319]: # of matches found 17908 and it took: 128682ms
query [27320]: # of matches found 18070 and it took: 128565ms
query [27321]: # of matches found 19254 and it took: 128200ms
query [27322]: # of matches found 18872 and it took: 128762ms
query [27323]: # of matches found 19074 and it took: 128802ms
query [27324]: # of matches found 19045 and it took: 128630ms
query [27325]: # of matches found 19043 and it took: 128454ms
query [27326]: # of matches found 19037 and it took: 128620ms
query [27327]: # of matches found 19494 and it took: 127639ms
query [27328]: # of matches found 19643 and it took: 128013ms
query [27329]: # of matches found 19639 and it took: 128113ms
query [27330]: # of matches found 19688 and it took: 126977ms
query [27331]: # of matches found 19715 and it took: 128336ms
query [27332]: # of matches found 19858 and it took: 128803ms
query [27333]: # of matches found 19949 and it took: 128777ms
query [27334]: # of matches found 19933 and it took: 129337ms
query [27335]: # of matches found 19908 and it took: 128226ms
query [27336]: # of matches found 19885 and it took: 129277ms
query [27337]: # of matches found 19876 and it took: 128185ms
query [27338]: # of matches found 19834 and it took: 128911ms
query [27339]: # of matches found 19846 and it took: 128898ms
query [27340]: # of matches found 19700 and it took: 128000ms
query [27341]: # of matches found 19723 and it took: 129442ms
query [27342]: # of matches found 19694 and it took: 129628ms
query [27343]: # of matches found 19676 and it took: 129888ms
query [27344]: # of matches found 19664 and it took: 130160ms
query [27345]: # of matches found 19705 and it took: 130718ms
query [27346]: # of matches found 19703 and it took: 130544ms
query [27347]: # of matches found 19706 and it took: 129709ms
query [27348]: # of matches found 19750 and it took: 129879ms
query [27349]: # of matches found 20542 and it took: 128966ms
query [27350]: # of matches found 20540 and it took: 128403ms
query [27351]: # of matches found 20518 and it took: 129127ms
query [27352]: # of matches found 20543 and it took: 130326ms
query [27353]: # of matches found 20610 and it took: 130500ms
query [27354]: # of matches found 20637 and it took: 129883ms
query [27355]: # of matches found 20746 and it took: 129849ms
query [27356]: # of matches found 20806 and it took: 130981ms
query [27357]: # of matches found 21150 and it took: 130304ms
query [27358]: # of matches found 21203 and it took: 130431ms
query [27359]: # of matches found 21637 and it took: 130359ms
query [27360]: # of matches found 21849 and it took: 130351ms
query [27361]: # of matches found 21978 and it took: 131214ms
query [27362]: # of matches found 21931 and it took: 132825ms
query [27363]: # of matches found 21934 and it took: 132714ms
query [27364]: # of matches found 20606 and it took: 132721ms
query [27365]: # of matches found 20624 and it took: 131711ms
query [27366]: # of matches found 20632 and it took: 132901ms
query [27367]: # of matches found 20372 and it took: 134128ms
query [27368]: # of matches found 20318 and it took: 134399ms
query [27369]: # of matches found 20378 and it took: 133725ms
query [27370]: # of matches found 20415 and it took: 133939ms
query [27371]: # of matches found 20419 and it took: 133883ms
query [27372]: # of matches found 20577 and it took: 133965ms
query [27373]: # of matches found 20606 and it took: 133865ms
query [27374]: # of matches found 20975 and it took: 133666ms
query [27375]: # of matches found 20830 and it took: 132464ms
query [27376]: # of matches found 20814 and it took: 133728ms
query [27377]: # of matches found 20901 and it took: 132597ms
query [27378]: # of matches found 20888 and it took: 132153ms
query [27379]: # of matches found 20587 and it took: 132381ms
query [27380]: # of matches found 20513 and it took: 131718ms
query [27381]: # of matches found 21231 and it took: 130930ms
query [27382]: # of matches found 21227 and it took: 130916ms
query [27383]: # of matches found 21200 and it took: 131603ms
query [27384]: # of matches found 21504 and it took: 131271ms
query [27385]: # of matches found 21574 and it took: 130011ms
query [27386]: # of matches found 21695 and it took: 131382ms
query [27387]: # of matches found 22114 and it took: 130917ms
query [27388]: # of matches found 22323 and it took: 131190ms
query [27389]: # of matches found 22534 and it took: 130627ms
query [27390]: # of matches found 22570 and it took: 131176ms
query [27391]: # of matches found 22747 and it took: 130283ms
query [27392]: # of matches found 22555 and it took: 130265ms
query [27393]: # of matches found 22637 and it took: 130886ms
query [27394]: # of matches found 22684 and it took: 130580ms
query [27395]: # of matches found 22689 and it took: 129928ms
query [27396]: # of matches found 22721 and it took: 130351ms
query [27397]: # of matches found 22582 and it took: 130958ms
query [27398]: # of matches found 24674 and it took: 131010ms
query [27399]: # of matches found 24626 and it took: 130821ms
query [27400]: # of matches found 24605 and it took: 131886ms
query [27401]: # of matches found 24595 and it took: 131230ms
query [27402]: # of matches found 24507 and it took: 131563ms
query [27403]: # of matches found 24494 and it took: 132714ms
query [27404]: # of matches found 24439 and it took: 131909ms
query [27405]: # of matches found 24232 and it took: 130968ms
query [27406]: # of matches found 24252 and it took: 131175ms
query [27407]: # of matches found 24308 and it took: 131060ms
query [27408]: # of matches found 24174 and it took: 130588ms
query [27409]: # of matches found 24134 and it took: 131050ms
query [27410]: # of matches found 25020 and it took: 131607ms
query [27411]: # of matches found 25316 and it took: 131469ms
query [27412]: # of matches found 25415 and it took: 132090ms
query [27413]: # of matches found 25402 and it took: 132557ms
query [27414]: # of matches found 25379 and it took: 131940ms
query [27415]: # of matches found 25243 and it took: 131047ms
query [27416]: # of matches found 25212 and it took: 132725ms
query [27417]: # of matches found 24943 and it took: 137861ms
query [27418]: # of matches found 24686 and it took: 137555ms
query [27419]: # of matches found 24614 and it took: 137072ms
query [27420]: # of matches found 24575 and it took: 138041ms
query [27421]: # of matches found 24477 and it took: 138033ms
query [27422]: # of matches found 24286 and it took: 138253ms
query [27423]: # of matches found 24151 and it took: 134735ms
query [27424]: # of matches found 23766 and it took: 133749ms
query [27425]: # of matches found 23694 and it took: 133508ms
query [27426]: # of matches found 23570 and it took: 135125ms
query [27427]: # of matches found 23737 and it took: 133504ms
query [27428]: # of matches found 23867 and it took: 133835ms
query [27429]: # of matches found 24025 and it took: 133671ms
query [27430]: # of matches found 24125 and it took: 134322ms
query [27431]: # of matches found 24165 and it took: 133580ms
query [27432]: # of matches found 24178 and it took: 133535ms
query [27433]: # of matches found 24362 and it took: 133610ms
query [27434]: # of matches found 25092 and it took: 133119ms
query [27435]: # of matches found 25196 and it took: 131994ms
query [27436]: # of matches found 25214 and it took: 133326ms
query [27437]: # of matches found 25447 and it took: 132913ms
query [27438]: # of matches found 25477 and it took: 133973ms
query [27439]: # of matches found 25500 and it took: 135503ms
query [27440]: # of matches found 25612 and it took: 135972ms
query [27441]: # of matches found 25768 and it took: 135522ms
query [27442]: # of matches found 25836 and it took: 136312ms
query [27443]: # of matches found 26480 and it took: 136012ms
query [27444]: # of matches found 26727 and it took: 135711ms
query [27445]: # of matches found 27272 and it took: 132268ms
query [27446]: # of matches found 27318 and it took: 136432ms
query [27447]: # of matches found 27600 and it took: 136045ms
query [27448]: # of matches found 27608 and it took: 136076ms
query [27449]: # of matches found 27424 and it took: 135017ms
query [27450]: # of matches found 27413 and it took: 136274ms
query [27451]: # of matches found 27412 and it took: 137585ms
query [27452]: # of matches found 27380 and it took: 137660ms
query [27453]: # of matches found 27409 and it took: 137886ms
query [27454]: # of matches found 27421 and it took: 137675ms
query [27455]: # of matches found 27536 and it took: 132764ms
query [27456]: # of matches found 27819 and it took: 135745ms
query [27457]: # of matches found 27812 and it took: 137088ms
query [27458]: # of matches found 28395 and it took: 136867ms
query [27459]: # of matches found 28370 and it took: 135285ms
query [27460]: # of matches found 28380 and it took: 136593ms
query [27461]: # of matches found 27344 and it took: 136032ms
query [27462]: # of matches found 27529 and it took: 136200ms
query [27463]: # of matches found 27402 and it took: 135198ms
query [27464]: # of matches found 27324 and it took: 134917ms
query [27465]: # of matches found 27346 and it took: 131683ms
query [27466]: # of matches found 27328 and it took: 134602ms
query [27467]: # of matches found 27460 and it took: 132934ms
query [27468]: # of matches found 27269 and it took: 132419ms
query [27469]: # of matches found 27302 and it took: 131563ms
query [27470]: # of matches found 27317 and it took: 131829ms
query [27471]: # of matches found 27372 and it took: 130675ms
query [27472]: # of matches found 27349 and it took: 130652ms
query [27473]: # of matches found 27336 and it took: 130379ms
query [27474]: # of matches found 27354 and it took: 130049ms
query [27475]: # of matches found 27812 and it took: 129386ms
query [27476]: # of matches found 36858 and it took: 129397ms
query [27477]: # of matches found 36870 and it took: 129338ms
query [27478]: # of matches found 36883 and it took: 129726ms
query [27479]: # of matches found 36851 and it took: 128902ms
query [27480]: # of matches found 36933 and it took: 129133ms
query [27481]: # of matches found 37000 and it took: 129947ms
query [27482]: # of matches found 37372 and it took: 128108ms
query [27483]: # of matches found 37585 and it took: 128157ms
query [27484]: # of matches found 37922 and it took: 127913ms
query [27485]: # of matches found 38226 and it took: 127660ms
query [27486]: # of matches found 38418 and it took: 127820ms
query [27487]: # of matches found 38797 and it took: 126988ms
query [27488]: # of matches found 39062 and it took: 128070ms
query [27489]: # of matches found 38407 and it took: 127010ms
query [27490]: # of matches found 38421 and it took: 126784ms
query [27491]: # of matches found 38498 and it took: 126908ms
query [27492]: # of matches found 38583 and it took: 126372ms
query [27493]: # of matches found 38666 and it took: 126256ms
query [27494]: # of matches found 38744 and it took: 125350ms
query [27495]: # of matches found 40139 and it took: 124472ms
query [27496]: # of matches found 41061 and it took: 124302ms
query [27497]: # of matches found 40836 and it took: 123784ms
query [27498]: # of matches found 40705 and it took: 123525ms
query [27499]: # of matches found 40316 and it took: 122664ms
query [27500]: # of matches found 40213 and it took: 123085ms
query [27501]: # of matches found 39855 and it took: 123299ms
query [27502]: # of matches found 39833 and it took: 122796ms
query [27503]: # of matches found 39837 and it took: 122889ms
query [27504]: # of matches found 39803 and it took: 122604ms
query [27505]: # of matches found 39768 and it took: 122040ms
query [27506]: # of matches found 39594 and it took: 122176ms
query [27507]: # of matches found 39618 and it took: 121932ms
query [27508]: # of matches found 39678 and it took: 121367ms
query [27509]: # of matches found 39633 and it took: 120687ms
query [27510]: # of matches found 40039 and it took: 120971ms
query [27511]: # of matches found 39899 and it took: 121219ms
query [27512]: # of matches found 39785 and it took: 120932ms
query [27513]: # of matches found 39635 and it took: 120792ms
query [27514]: # of matches found 39417 and it took: 120510ms
query [27515]: # of matches found 39427 and it took: 120525ms
query [27516]: # of matches found 39336 and it took: 120643ms
query [27517]: # of matches found 39141 and it took: 120983ms
query [27518]: # of matches found 38977 and it took: 121005ms
query [27519]: # of matches found 38961 and it took: 120388ms
query [27520]: # of matches found 38873 and it took: 121027ms
query [27521]: # of matches found 38077 and it took: 121452ms
query [27522]: # of matches found 38004 and it took: 121551ms
query [27523]: # of matches found 37901 and it took: 121807ms
query [27524]: # of matches found 37650 and it took: 121585ms
query [27525]: # of matches found 37641 and it took: 122059ms
query [27526]: # of matches found 37925 and it took: 121905ms
query [27527]: # of matches found 37772 and it took: 121691ms
query [27528]: # of matches found 37639 and it took: 121120ms
query [27529]: # of matches found 37562 and it took: 120037ms
query [27530]: # of matches found 37508 and it took: 120599ms
query [27531]: # of matches found 37355 and it took: 120870ms
query [27532]: # of matches found 37305 and it took: 120963ms
query [27533]: # of matches found 37326 and it took: 120333ms
query [27534]: # of matches found 37384 and it took: 120021ms
query [27535]: # of matches found 37410 and it took: 119951ms
query [27536]: # of matches found 37414 and it took: 119815ms
query [27537]: # of matches found 37342 and it took: 119945ms
query [27538]: # of matches found 35490 and it took: 119656ms
query [27539]: # of matches found 35478 and it took: 119948ms
query [27540]: # of matches found 35522 and it took: 119519ms
query [27541]: # of matches found 35430 and it took: 119562ms
query [27542]: # of matches found 35340 and it took: 119465ms
query [27543]: # of matches found 36544 and it took: 119094ms
query [27544]: # of matches found 36546 and it took: 119236ms
query [27545]: # of matches found 36572 and it took: 119390ms
query [27546]: # of matches found 36572 and it took: 118810ms
query [27547]: # of matches found 36442 and it took: 119244ms
query [27548]: # of matches found 36388 and it took: 118463ms
query [27549]: # of matches found 36258 and it took: 118886ms
query [27550]: # of matches found 35537 and it took: 118767ms
query [27551]: # of matches found 35234 and it took: 118646ms
query [27552]: # of matches found 35407 and it took: 118625ms
query [27553]: # of matches found 35422 and it took: 118387ms
query [27554]: # of matches found 35407 and it took: 117964ms
query [27555]: # of matches found 35686 and it took: 117944ms
query [27556]: # of matches found 36003 and it took: 118512ms
query [27557]: # of matches found 36196 and it took: 118761ms
query [27558]: # of matches found 36334 and it took: 118347ms
query [27559]: # of matches found 36658 and it took: 117995ms
query [27560]: # of matches found 36926 and it took: 117730ms
query [27561]: # of matches found 36968 and it took: 117576ms
query [27562]: # of matches found 37801 and it took: 117769ms
query [27563]: # of matches found 37822 and it took: 117547ms
query [27564]: # of matches found 37988 and it took: 117722ms
query [27565]: # of matches found 38066 and it took: 117225ms
query [27566]: # of matches found 38029 and it took: 117109ms
query [27567]: # of matches found 37822 and it took: 117620ms
query [27568]: # of matches found 37737 and it took: 117156ms
query [27569]: # of matches found 37562 and it took: 117573ms
query [27570]: # of matches found 37759 and it took: 117466ms
query [27571]: # of matches found 38576 and it took: 117362ms
query [27572]: # of matches found 39417 and it took: 117262ms
query [27573]: # of matches found 39434 and it took: 117223ms
query [27574]: # of matches found 38771 and it took: 117227ms
query [27575]: # of matches found 38762 and it took: 117199ms
query [27576]: # of matches found 39115 and it took: 117036ms
query [27577]: # of matches found 39281 and it took: 116799ms
query [27578]: # of matches found 39714 and it took: 116730ms
query [27579]: # of matches found 39890 and it took: 116848ms
query [27580]: # of matches found 40154 and it took: 116589ms
query [27581]: # of matches found 40341 and it took: 115853ms
query [27582]: # of matches found 40801 and it took: 115803ms
query [27583]: # of matches found 40189 and it took: 115945ms
query [27584]: # of matches found 40003 and it took: 115289ms
query [27585]: # of matches found 39194 and it took: 114020ms
query [27586]: # of matches found 39146 and it took: 114277ms
query [27587]: # of matches found 39093 and it took: 114250ms
query [27588]: # of matches found 38818 and it took: 114380ms
query [27589]: # of matches found 38756 and it took: 114657ms
query [27590]: # of matches found 38917 and it took: 114347ms
query [27591]: # of matches found 38891 and it took: 114459ms
query [27592]: # of matches found 38975 and it took: 115126ms
query [27593]: # of matches found 39039 and it took: 115421ms
query [27594]: # of matches found 39221 and it took: 115502ms
query [27595]: # of matches found 39402 and it took: 115281ms
query [27596]: # of matches found 39056 and it took: 115276ms
query [27597]: # of matches found 38948 and it took: 115725ms
query [27598]: # of matches found 38387 and it took: 115562ms
query [27599]: # of matches found 38087 and it took: 115667ms
query [27600]: # of matches found 37962 and it took: 115836ms
query [27601]: # of matches found 37866 and it took: 115945ms
query [27602]: # of matches found 37393 and it took: 116790ms
query [27603]: # of matches found 37206 and it took: 117005ms
query [27604]: # of matches found 37279 and it took: 116843ms
query [27605]: # of matches found 37249 and it took: 116830ms
query [27606]: # of matches found 37220 and it took: 117164ms
query [27607]: # of matches found 37316 and it took: 117830ms
query [27608]: # of matches found 36902 and it took: 117155ms
query [27609]: # of matches found 36891 and it took: 117318ms
query [27610]: # of matches found 36809 and it took: 117988ms
query [27611]: # of matches found 36753 and it took: 118600ms
query [27612]: # of matches found 36581 and it took: 119002ms
query [27613]: # of matches found 36892 and it took: 119193ms
query [27614]: # of matches found 36863 and it took: 118994ms
query [27615]: # of matches found 36733 and it took: 118486ms
query [27616]: # of matches found 27469 and it took: 118861ms
query [27617]: # of matches found 27491 and it took: 119768ms
query [27618]: # of matches found 27536 and it took: 119180ms
query [27619]: # of matches found 27564 and it took: 119661ms
query [27620]: # of matches found 27530 and it took: 119695ms
query [27621]: # of matches found 27449 and it took: 119108ms
query [27622]: # of matches found 27830 and it took: 119440ms
query [27623]: # of matches found 27386 and it took: 119216ms
query [27624]: # of matches found 27307 and it took: 118997ms
query [27625]: # of matches found 26926 and it took: 118823ms
query [27626]: # of matches found 26738 and it took: 119284ms
query [27627]: # of matches found 26467 and it took: 119615ms
query [27628]: # of matches found 26589 and it took: 119227ms
query [27629]: # of matches found 26587 and it took: 119850ms
query [27630]: # of matches found 26633 and it took: 120215ms
query [27631]: # of matches found 26594 and it took: 120155ms
query [27632]: # of matches found 26521 and it took: 120377ms
query [27633]: # of matches found 26484 and it took: 120228ms
query [27634]: # of matches found 26370 and it took: 119669ms
query [27635]: # of matches found 26441 and it took: 119107ms
query [27636]: # of matches found 24246 and it took: 120378ms
query [27637]: # of matches found 24191 and it took: 120517ms
query [27638]: # of matches found 24292 and it took: 119574ms
query [27639]: # of matches found 24318 and it took: 120397ms
query [27640]: # of matches found 24310 and it took: 120738ms
query [27641]: # of matches found 24359 and it took: 120489ms
query [27642]: # of matches found 24376 and it took: 119227ms
query [27643]: # of matches found 24439 and it took: 119319ms
query [27644]: # of matches found 24447 and it took: 119327ms
query [27645]: # of matches found 24526 and it took: 119276ms
query [27646]: # of matches found 24740 and it took: 119651ms
query [27647]: # of matches found 24870 and it took: 119870ms
query [27648]: # of matches found 24918 and it took: 119929ms
query [27649]: # of matches found 24961 and it took: 119874ms
query [27650]: # of matches found 24818 and it took: 120254ms
query [27651]: # of matches found 24913 and it took: 120093ms
query [27652]: # of matches found 24909 and it took: 120510ms
query [27653]: # of matches found 24926 and it took: 120696ms
query [27654]: # of matches found 24747 and it took: 120728ms
query [27655]: # of matches found 24705 and it took: 121114ms
query [27656]: # of matches found 24727 and it took: 120832ms
query [27657]: # of matches found 25024 and it took: 121342ms
query [27658]: # of matches found 25081 and it took: 121138ms
query [27659]: # of matches found 25133 and it took: 121327ms
query [27660]: # of matches found 25125 and it took: 121069ms
query [27661]: # of matches found 25217 and it took: 121045ms
query [27662]: # of matches found 26249 and it took: 121434ms
query [27663]: # of matches found 26386 and it took: 121124ms
query [27664]: # of matches found 26388 and it took: 121091ms
query [27665]: # of matches found 26605 and it took: 121343ms
query [27666]: # of matches found 26326 and it took: 121058ms
query [27667]: # of matches found 26195 and it took: 121903ms
query [27668]: # of matches found 25926 and it took: 122041ms
query [27669]: # of matches found 25810 and it took: 122075ms
query [27670]: # of matches found 25764 and it took: 122457ms
query [27671]: # of matches found 25804 and it took: 122316ms
query [27672]: # of matches found 25776 and it took: 122554ms
query [27673]: # of matches found 25771 and it took: 122408ms
query [27674]: # of matches found 25802 and it took: 121848ms
query [27675]: # of matches found 25773 and it took: 122726ms
query [27676]: # of matches found 25773 and it took: 122650ms
query [27677]: # of matches found 25915 and it took: 123723ms
query [27678]: # of matches found 25780 and it took: 123358ms
query [27679]: # of matches found 25689 and it took: 123503ms
query [27680]: # of matches found 25726 and it took: 123814ms
query [27681]: # of matches found 25876 and it took: 123723ms
query [27682]: # of matches found 25897 and it took: 123937ms
query [27683]: # of matches found 24630 and it took: 123642ms
query [27684]: # of matches found 25914 and it took: 123276ms
query [27685]: # of matches found 25923 and it took: 123944ms
query [27686]: # of matches found 25860 and it took: 123823ms
query [27687]: # of matches found 25834 and it took: 124728ms
query [27688]: # of matches found 25782 and it took: 124856ms
query [27689]: # of matches found 25836 and it took: 125201ms
query [27690]: # of matches found 26327 and it took: 125269ms
query [27691]: # of matches found 26500 and it took: 125485ms
query [27692]: # of matches found 26242 and it took: 125749ms
query [27693]: # of matches found 26197 and it took: 126903ms
query [27694]: # of matches found 26176 and it took: 126248ms
query [27695]: # of matches found 25928 and it took: 127383ms
query [27696]: # of matches found 25822 and it took: 127182ms
query [27697]: # of matches found 25589 and it took: 128852ms
query [27698]: # of matches found 25410 and it took: 128826ms
query [27699]: # of matches found 25240 and it took: 128325ms
query [27700]: # of matches found 24962 and it took: 130217ms
query [27701]: # of matches found 24973 and it took: 129419ms
query [27702]: # of matches found 24166 and it took: 129440ms
query [27703]: # of matches found 24187 and it took: 129504ms
query [27704]: # of matches found 24209 and it took: 129281ms
query [27705]: # of matches found 24086 and it took: 130102ms
query [27706]: # of matches found 24057 and it took: 128868ms
query [27707]: # of matches found 24022 and it took: 129690ms
query [27708]: # of matches found 24031 and it took: 130490ms
query [27709]: # of matches found 24111 and it took: 129018ms
query [27710]: # of matches found 23879 and it took: 129879ms
query [27711]: # of matches found 23166 and it took: 129575ms
query [27712]: # of matches found 22681 and it took: 129647ms
query [27713]: # of matches found 21894 and it took: 129713ms
query [27714]: # of matches found 21808 and it took: 129369ms
query [27715]: # of matches found 21722 and it took: 129611ms
query [27716]: # of matches found 21492 and it took: 129431ms
query [27717]: # of matches found 21226 and it took: 130387ms
query [27718]: # of matches found 20716 and it took: 130611ms
query [27719]: # of matches found 20445 and it took: 130173ms
query [27720]: # of matches found 20121 and it took: 130972ms
query [27721]: # of matches found 19816 and it took: 130103ms
query [27722]: # of matches found 19683 and it took: 130864ms
query [27723]: # of matches found 20452 and it took: 130866ms
query [27724]: # of matches found 20465 and it took: 131709ms
query [27725]: # of matches found 23020 and it took: 131498ms
query [27726]: # of matches found 23793 and it took: 131273ms
query [27727]: # of matches found 24792 and it took: 132568ms
query [27728]: # of matches found 24976 and it took: 132384ms
query [27729]: # of matches found 25230 and it took: 131238ms
query [27730]: # of matches found 25198 and it took: 132370ms
query [27731]: # of matches found 25295 and it took: 131532ms
query [27732]: # of matches found 25257 and it took: 132575ms
query [27733]: # of matches found 25188 and it took: 135453ms
query [27734]: # of matches found 25023 and it took: 135204ms
query [27735]: # of matches found 24883 and it took: 135835ms
query [27736]: # of matches found 24787 and it took: 134946ms
query [27737]: # of matches found 25085 and it took: 134931ms
query [27738]: # of matches found 25011 and it took: 135096ms
query [27739]: # of matches found 25029 and it took: 133563ms
query [27740]: # of matches found 25025 and it took: 134285ms
query [27741]: # of matches found 25011 and it took: 133613ms
query [27742]: # of matches found 25002 and it took: 133892ms
query [27743]: # of matches found 24971 and it took: 134388ms
query [27744]: # of matches found 24910 and it took: 135417ms
query [27745]: # of matches found 25034 and it took: 135392ms
query [27746]: # of matches found 25133 and it took: 135795ms
query [27747]: # of matches found 25123 and it took: 135164ms
query [27748]: # of matches found 25063 and it took: 135969ms
query [27749]: # of matches found 24875 and it took: 135166ms
query [27750]: # of matches found 24885 and it took: 133593ms
query [27751]: # of matches found 25464 and it took: 133340ms
query [27752]: # of matches found 25448 and it took: 133997ms
query [27753]: # of matches found 25425 and it took: 135830ms
query [27754]: # of matches found 25389 and it took: 136885ms
query [27755]: # of matches found 24891 and it took: 136228ms
query [27756]: # of matches found 24776 and it took: 136355ms
query [27757]: # of matches found 24738 and it took: 136076ms
query [27758]: # of matches found 24679 and it took: 135937ms
query [27759]: # of matches found 24655 and it took: 134468ms
query [27760]: # of matches found 24629 and it took: 134833ms
query [27761]: # of matches found 24811 and it took: 134124ms
query [27762]: # of matches found 24976 and it took: 135146ms
query [27763]: # of matches found 24567 and it took: 134770ms
query [27764]: # of matches found 24485 and it took: 135725ms
query [27765]: # of matches found 24420 and it took: 134892ms
query [27766]: # of matches found 24434 and it took: 135571ms
query [27767]: # of matches found 24428 and it took: 134712ms
query [27768]: # of matches found 24160 and it took: 136058ms
query [27769]: # of matches found 24021 and it took: 134502ms
query [27770]: # of matches found 23981 and it took: 135419ms
query [27771]: # of matches found 23773 and it took: 135626ms
query [27772]: # of matches found 23831 and it took: 136839ms
query [27773]: # of matches found 23829 and it took: 138653ms
query [27774]: # of matches found 23693 and it took: 139317ms
query [27775]: # of matches found 23651 and it took: 137957ms
query [27776]: # of matches found 23708 and it took: 137960ms
query [27777]: # of matches found 23641 and it took: 137059ms
query [27778]: # of matches found 23829 and it took: 138287ms
query [27779]: # of matches found 23824 and it took: 136114ms
query [27780]: # of matches found 23890 and it took: 137175ms
query [27781]: # of matches found 23871 and it took: 137053ms
query [27782]: # of matches found 23927 and it took: 137548ms
query [27783]: # of matches found 23902 and it took: 138446ms
query [27784]: # of matches found 23927 and it took: 139130ms
query [27785]: # of matches found 23871 and it took: 138568ms
query [27786]: # of matches found 24090 and it took: 138890ms
query [27787]: # of matches found 24177 and it took: 138584ms
query [27788]: # of matches found 23888 and it took: 140223ms
query [27789]: # of matches found 23822 and it took: 138221ms
query [27790]: # of matches found 23475 and it took: 138341ms
query [27791]: # of matches found 23450 and it took: 138970ms
query [27792]: # of matches found 23346 and it took: 140107ms
query [27793]: # of matches found 23271 and it took: 141487ms
query [27794]: # of matches found 23267 and it took: 142485ms
query [27795]: # of matches found 23231 and it took: 141812ms
query [27796]: # of matches found 23334 and it took: 142274ms
query [27797]: # of matches found 23107 and it took: 141462ms
query [27798]: # of matches found 23196 and it took: 142036ms
query [27799]: # of matches found 23273 and it took: 139432ms
query [27800]: # of matches found 23519 and it took: 139664ms
query [27801]: # of matches found 23813 and it took: 139496ms
query [27802]: # of matches found 23210 and it took: 139832ms
query [27803]: # of matches found 23643 and it took: 139312ms
query [27804]: # of matches found 23719 and it took: 138965ms
query [27805]: # of matches found 23943 and it took: 139190ms
query [27806]: # of matches found 23916 and it took: 138928ms
query [27807]: # of matches found 24128 and it took: 138631ms
query [27808]: # of matches found 24290 and it took: 139078ms
query [27809]: # of matches found 24587 and it took: 137073ms
query [27810]: # of matches found 24755 and it took: 137562ms
query [27811]: # of matches found 24701 and it took: 137334ms
query [27812]: # of matches found 24753 and it took: 137365ms
query [27813]: # of matches found 24802 and it took: 137594ms
query [27814]: # of matches found 24744 and it took: 138008ms
query [27815]: # of matches found 24637 and it took: 137362ms
query [27816]: # of matches found 24625 and it took: 138007ms
query [27817]: # of matches found 24576 and it took: 136049ms
query [27818]: # of matches found 24484 and it took: 136725ms
query [27819]: # of matches found 24407 and it took: 135884ms
query [27820]: # of matches found 24253 and it took: 136060ms
query [27821]: # of matches found 24106 and it took: 136831ms
query [27822]: # of matches found 24069 and it took: 136522ms
query [27823]: # of matches found 24062 and it took: 136291ms
query [27824]: # of matches found 22782 and it took: 136882ms
query [27825]: # of matches found 22750 and it took: 135525ms
query [27826]: # of matches found 22727 and it took: 135891ms
query [27827]: # of matches found 22745 and it took: 135091ms
query [27828]: # of matches found 22848 and it took: 136241ms
query [27829]: # of matches found 23015 and it took: 133615ms
query [27830]: # of matches found 23143 and it took: 133908ms
query [27831]: # of matches found 22747 and it took: 134096ms
query [27832]: # of matches found 32399 and it took: 133451ms
query [27833]: # of matches found 32497 and it took: 132681ms
query [27834]: # of matches found 32470 and it took: 132643ms
query [27835]: # of matches found 32522 and it took: 130925ms
query [27836]: # of matches found 32595 and it took: 131364ms
query [27837]: # of matches found 32654 and it took: 129980ms
query [27838]: # of matches found 32721 and it took: 131203ms
query [27839]: # of matches found 32638 and it took: 129746ms
query [27840]: # of matches found 32572 and it took: 129977ms
query [27841]: # of matches found 32546 and it took: 130788ms
query [27842]: # of matches found 32488 and it took: 131100ms
query [27843]: # of matches found 32382 and it took: 130685ms
query [27844]: # of matches found 32324 and it took: 131114ms
query [27845]: # of matches found 32346 and it took: 130040ms
query [27846]: # of matches found 32624 and it took: 131069ms
query [27847]: # of matches found 32696 and it took: 130319ms
query [27848]: # of matches found 32676 and it took: 131274ms
query [27849]: # of matches found 32632 and it took: 129959ms
query [27850]: # of matches found 32650 and it took: 129548ms
query [27851]: # of matches found 32919 and it took: 130336ms
query [27852]: # of matches found 32971 and it took: 130401ms
query [27853]: # of matches found 32949 and it took: 130940ms
query [27854]: # of matches found 33027 and it took: 131476ms
query [27855]: # of matches found 33040 and it took: 130376ms
query [27856]: # of matches found 33117 and it took: 131818ms
query [27857]: # of matches found 33063 and it took: 131909ms
query [27858]: # of matches found 33060 and it took: 133096ms
query [27859]: # of matches found 33034 and it took: 132120ms
query [27860]: # of matches found 33055 and it took: 132035ms
query [27861]: # of matches found 33030 and it took: 132069ms
query [27862]: # of matches found 32834 and it took: 132443ms
query [27863]: # of matches found 33688 and it took: 131967ms
query [27864]: # of matches found 33406 and it took: 132398ms
query [27865]: # of matches found 32652 and it took: 131079ms
query [27866]: # of matches found 30447 and it took: 131489ms
query [27867]: # of matches found 29643 and it took: 130916ms
query [27868]: # of matches found 29499 and it took: 131966ms
query [27869]: # of matches found 29341 and it took: 131295ms
query [27870]: # of matches found 29388 and it took: 131498ms
query [27871]: # of matches found 29449 and it took: 131977ms
query [27872]: # of matches found 29677 and it took: 133032ms
query [27873]: # of matches found 29867 and it took: 132635ms
query [27874]: # of matches found 30659 and it took: 134492ms
query [27875]: # of matches found 31051 and it took: 133244ms
query [27876]: # of matches found 32117 and it took: 134317ms
query [27877]: # of matches found 32604 and it took: 135104ms
query [27878]: # of matches found 32847 and it took: 135822ms
query [27879]: # of matches found 33484 and it took: 135734ms
query [27880]: # of matches found 33812 and it took: 135897ms
query [27881]: # of matches found 34034 and it took: 135928ms
query [27882]: # of matches found 34078 and it took: 135998ms
query [27883]: # of matches found 34139 and it took: 134633ms
query [27884]: # of matches found 34076 and it took: 135257ms
query [27885]: # of matches found 33933 and it took: 135074ms
query [27886]: # of matches found 33836 and it took: 134407ms
query [27887]: # of matches found 33757 and it took: 134673ms
query [27888]: # of matches found 33732 and it took: 135007ms
query [27889]: # of matches found 33764 and it took: 134592ms
query [27890]: # of matches found 33740 and it took: 134882ms
query [27891]: # of matches found 33217 and it took: 134709ms
query [27892]: # of matches found 33199 and it took: 135186ms
query [27893]: # of matches found 33207 and it took: 135847ms
query [27894]: # of matches found 33396 and it took: 137037ms
query [27895]: # of matches found 33439 and it took: 137393ms
query [27896]: # of matches found 33457 and it took: 137300ms
query [27897]: # of matches found 71156 and it took: 138083ms
query [27898]: # of matches found 71233 and it took: 139020ms
query [27899]: # of matches found 71230 and it took: 138912ms
query [27900]: # of matches found 71254 and it took: 138675ms
query [27901]: # of matches found 71111 and it took: 137980ms
query [27902]: # of matches found 70940 and it took: 137787ms
query [27903]: # of matches found 70939 and it took: 137567ms
query [27904]: # of matches found 70943 and it took: 139038ms
query [27905]: # of matches found 70986 and it took: 138746ms
query [27906]: # of matches found 71024 and it took: 138080ms
query [27907]: # of matches found 71057 and it took: 139271ms
query [27908]: # of matches found 71166 and it took: 139612ms
query [27909]: # of matches found 71399 and it took: 138783ms
query [27910]: # of matches found 71627 and it took: 138161ms
query [27911]: # of matches found 71756 and it took: 137101ms
query [27912]: # of matches found 71725 and it took: 136783ms
query [27913]: # of matches found 71847 and it took: 136412ms
query [27914]: # of matches found 71811 and it took: 137792ms
query [27915]: # of matches found 72165 and it took: 137669ms
query [27916]: # of matches found 72517 and it took: 136199ms
query [27917]: # of matches found 72900 and it took: 137779ms
query [27918]: # of matches found 72666 and it took: 137910ms
query [27919]: # of matches found 72699 and it took: 137853ms
query [27920]: # of matches found 72888 and it took: 137875ms
query [27921]: # of matches found 73052 and it took: 138793ms
query [27922]: # of matches found 73140 and it took: 138462ms
query [27923]: # of matches found 73157 and it took: 138056ms
query [27924]: # of matches found 73334 and it took: 139453ms
query [27925]: # of matches found 73639 and it took: 139389ms
query [27926]: # of matches found 73979 and it took: 137694ms
query [27927]: # of matches found 73608 and it took: 139045ms
query [27928]: # of matches found 73814 and it took: 138812ms
query [27929]: # of matches found 74139 and it took: 138986ms
query [27930]: # of matches found 74248 and it took: 140930ms
query [27931]: # of matches found 74246 and it took: 141167ms
query [27932]: # of matches found 74286 and it took: 141080ms
query [27933]: # of matches found 74360 and it took: 140748ms
query [27934]: # of matches found 74365 and it took: 141940ms
query [27935]: # of matches found 74324 and it took: 142048ms
query [27936]: # of matches found 74165 and it took: 139712ms
query [27937]: # of matches found 73965 and it took: 142646ms
query [27938]: # of matches found 73884 and it took: 141800ms
query [27939]: # of matches found 73664 and it took: 142216ms
query [27940]: # of matches found 73428 and it took: 142662ms
query [27941]: # of matches found 73266 and it took: 143189ms
query [27942]: # of matches found 72761 and it took: 143232ms
query [27943]: # of matches found 72098 and it took: 143120ms
query [27944]: # of matches found 71805 and it took: 144582ms
query [27945]: # of matches found 71428 and it took: 144993ms
query [27946]: # of matches found 74028 and it took: 141504ms
query [27947]: # of matches found 74031 and it took: 144366ms
query [27948]: # of matches found 74211 and it took: 142511ms
query [27949]: # of matches found 74300 and it took: 142926ms
query [27950]: # of matches found 74426 and it took: 143224ms
query [27951]: # of matches found 74579 and it took: 143269ms
query [27952]: # of matches found 74629 and it took: 142637ms
query [27953]: # of matches found 75140 and it took: 142159ms
query [27954]: # of matches found 75331 and it took: 143142ms
query [27955]: # of matches found 76160 and it took: 142109ms
query [27956]: # of matches found 77269 and it took: 139167ms
query [27957]: # of matches found 77358 and it took: 142018ms
query [27958]: # of matches found 77334 and it took: 139828ms
query [27959]: # of matches found 77374 and it took: 139429ms
query [27960]: # of matches found 77560 and it took: 140308ms
query [27961]: # of matches found 77605 and it took: 139842ms
query [27962]: # of matches found 77621 and it took: 139140ms
query [27963]: # of matches found 77737 and it took: 138733ms
query [27964]: # of matches found 77984 and it took: 139764ms
query [27965]: # of matches found 78076 and it took: 140139ms
query [27966]: # of matches found 78145 and it took: 135727ms
query [27967]: # of matches found 78143 and it took: 138613ms
query [27968]: # of matches found 78221 and it took: 136277ms
query [27969]: # of matches found 78664 and it took: 136228ms
query [27970]: # of matches found 78968 and it took: 136573ms
query [27971]: # of matches found 78991 and it took: 136110ms
query [27972]: # of matches found 69544 and it took: 135546ms
query [27973]: # of matches found 70298 and it took: 134947ms
query [27974]: # of matches found 70293 and it took: 135935ms
query [27975]: # of matches found 71171 and it took: 136039ms
query [27976]: # of matches found 71124 and it took: 132911ms
query [27977]: # of matches found 71164 and it took: 135789ms
query [27978]: # of matches found 71098 and it took: 134041ms
query [27979]: # of matches found 71318 and it took: 135192ms
query [27980]: # of matches found 71359 and it took: 136127ms
query [27981]: # of matches found 71642 and it took: 134657ms
query [27982]: # of matches found 71764 and it took: 134149ms
query [27983]: # of matches found 71826 and it took: 133946ms
query [27984]: # of matches found 72053 and it took: 134607ms
query [27985]: # of matches found 72075 and it took: 134762ms
query [27986]: # of matches found 71795 and it took: 132183ms
query [27987]: # of matches found 71731 and it took: 134071ms
query [27988]: # of matches found 71717 and it took: 132648ms
query [27989]: # of matches found 71835 and it took: 133496ms
query [27990]: # of matches found 71796 and it took: 134206ms
query [27991]: # of matches found 71694 and it took: 133156ms
query [27992]: # of matches found 71657 and it took: 131840ms
query [27993]: # of matches found 71447 and it took: 130884ms
query [27994]: # of matches found 71408 and it took: 131177ms
query [27995]: # of matches found 71451 and it took: 131502ms
query [27996]: # of matches found 71604 and it took: 128202ms
query [27997]: # of matches found 71687 and it took: 130834ms
query [27998]: # of matches found 71836 and it took: 127131ms
query [27999]: # of matches found 72032 and it took: 129822ms
PARMIK's matches per query up to q (1000) => [average: 32012, median: 26291, sum: 32012724]
Starting alignment for all queries [rev]...
queryBaseIndex: 27000
query [27000]: # of matches found 26476 and it took: 133479ms
query [27001]: # of matches found 26384 and it took: 134229ms
query [27002]: # of matches found 26375 and it took: 134413ms
query [27003]: # of matches found 26367 and it took: 134221ms
query [27004]: # of matches found 26114 and it took: 134777ms
query [27005]: # of matches found 25671 and it took: 133578ms
query [27006]: # of matches found 24143 and it took: 135922ms
query [27007]: # of matches found 24410 and it took: 134966ms
query [27008]: # of matches found 23963 and it took: 134753ms
query [27009]: # of matches found 23807 and it took: 135094ms
query [27010]: # of matches found 23799 and it took: 134249ms
query [27011]: # of matches found 23830 and it took: 134956ms
query [27012]: # of matches found 24142 and it took: 135155ms
query [27013]: # of matches found 24115 and it took: 134542ms
query [27014]: # of matches found 24114 and it took: 134936ms
query [27015]: # of matches found 24118 and it took: 133737ms
query [27016]: # of matches found 24192 and it took: 134794ms
query [27017]: # of matches found 22755 and it took: 133386ms
query [27018]: # of matches found 22643 and it took: 133599ms
query [27019]: # of matches found 22444 and it took: 133722ms
query [27020]: # of matches found 22502 and it took: 132918ms
query [27021]: # of matches found 22394 and it took: 132651ms
query [27022]: # of matches found 22350 and it took: 132836ms
query [27023]: # of matches found 23025 and it took: 131786ms
query [27024]: # of matches found 23082 and it took: 131578ms
query [27025]: # of matches found 23248 and it took: 130790ms
query [27026]: # of matches found 23287 and it took: 131116ms
query [27027]: # of matches found 23328 and it took: 130102ms
query [27028]: # of matches found 23403 and it took: 131254ms
query [27029]: # of matches found 23433 and it took: 131799ms
query [27030]: # of matches found 23499 and it took: 130980ms
query [27031]: # of matches found 23472 and it took: 131559ms
query [27032]: # of matches found 23835 and it took: 131416ms
query [27033]: # of matches found 24936 and it took: 129123ms
query [27034]: # of matches found 24921 and it took: 129939ms
query [27035]: # of matches found 24953 and it took: 129357ms
query [27036]: # of matches found 24825 and it took: 129833ms
query [27037]: # of matches found 24930 and it took: 129212ms
query [27038]: # of matches found 24892 and it took: 129375ms
query [27039]: # of matches found 24894 and it took: 130321ms
query [27040]: # of matches found 24721 and it took: 129430ms
query [27041]: # of matches found 24609 and it took: 130145ms
query [27042]: # of matches found 24562 and it took: 130085ms
query [27043]: # of matches found 24365 and it took: 128951ms
query [27044]: # of matches found 22891 and it took: 129152ms
query [27045]: # of matches found 22998 and it took: 129599ms
query [27046]: # of matches found 23089 and it took: 129924ms
query [27047]: # of matches found 23192 and it took: 129590ms
query [27048]: # of matches found 23465 and it took: 129230ms
query [27049]: # of matches found 23706 and it took: 129340ms
query [27050]: # of matches found 23694 and it took: 128738ms
query [27051]: # of matches found 23752 and it took: 129776ms
query [27052]: # of matches found 23814 and it took: 129357ms
query [27053]: # of matches found 23841 and it took: 128062ms
query [27054]: # of matches found 23797 and it took: 127570ms
query [27055]: # of matches found 23959 and it took: 127541ms
query [27056]: # of matches found 23990 and it took: 127913ms
query [27057]: # of matches found 23980 and it took: 127952ms
query [27058]: # of matches found 23873 and it took: 127786ms
query [27059]: # of matches found 23774 and it took: 128494ms
query [27060]: # of matches found 23723 and it took: 127865ms
query [27061]: # of matches found 23703 and it took: 128542ms
query [27062]: # of matches found 23662 and it took: 128551ms
query [27063]: # of matches found 23585 and it took: 126790ms
query [27064]: # of matches found 23539 and it took: 127279ms
query [27065]: # of matches found 23547 and it took: 127203ms
query [27066]: # of matches found 23735 and it took: 127177ms
query [27067]: # of matches found 23869 and it took: 127413ms
query [27068]: # of matches found 24758 and it took: 127373ms
query [27069]: # of matches found 24955 and it took: 127712ms
query [27070]: # of matches found 25129 and it took: 127267ms
query [27071]: # of matches found 26398 and it took: 127558ms
query [27072]: # of matches found 26445 and it took: 127804ms
query [27073]: # of matches found 26349 and it took: 126421ms
query [27074]: # of matches found 26179 and it took: 126445ms
query [27075]: # of matches found 26009 and it took: 126306ms
query [27076]: # of matches found 25877 and it took: 126465ms
query [27077]: # of matches found 25675 and it took: 126390ms
query [27078]: # of matches found 26070 and it took: 125901ms
query [27079]: # of matches found 25748 and it took: 126507ms
query [27080]: # of matches found 25782 and it took: 125943ms
query [27081]: # of matches found 25874 and it took: 125960ms
query [27082]: # of matches found 25767 and it took: 126107ms
query [27083]: # of matches found 25638 and it took: 124698ms
query [27084]: # of matches found 25628 and it took: 125282ms
query [27085]: # of matches found 25285 and it took: 126410ms
query [27086]: # of matches found 25378 and it took: 125880ms
query [27087]: # of matches found 25571 and it took: 126205ms
query [27088]: # of matches found 25342 and it took: 125591ms
query [27089]: # of matches found 25558 and it took: 126279ms
query [27090]: # of matches found 26558 and it took: 125517ms
query [27091]: # of matches found 27623 and it took: 125627ms
query [27092]: # of matches found 26077 and it took: 126198ms
query [27093]: # of matches found 26109 and it took: 124475ms
query [27094]: # of matches found 29929 and it took: 124139ms
query [27095]: # of matches found 30119 and it took: 124514ms
query [27096]: # of matches found 30219 and it took: 124624ms
query [27097]: # of matches found 30669 and it took: 124692ms
query [27098]: # of matches found 30655 and it took: 124637ms
query [27099]: # of matches found 30822 and it took: 125326ms
query [27100]: # of matches found 30808 and it took: 124225ms
query [27101]: # of matches found 30779 and it took: 125237ms
query [27102]: # of matches found 30632 and it took: 124441ms
query [27103]: # of matches found 30590 and it took: 122993ms
query [27104]: # of matches found 30769 and it took: 123305ms
query [27105]: # of matches found 30769 and it took: 123709ms
query [27106]: # of matches found 30737 and it took: 123105ms
query [27107]: # of matches found 30681 and it took: 124044ms
query [27108]: # of matches found 30464 and it took: 123299ms
query [27109]: # of matches found 30529 and it took: 123766ms
query [27110]: # of matches found 30152 and it took: 124083ms
query [27111]: # of matches found 30166 and it took: 123964ms
query [27112]: # of matches found 30099 and it took: 124262ms
query [27113]: # of matches found 30164 and it took: 123462ms
query [27114]: # of matches found 30327 and it took: 123651ms
query [27115]: # of matches found 30331 and it took: 123771ms
query [27116]: # of matches found 30369 and it took: 124301ms
query [27117]: # of matches found 30282 and it took: 125071ms
query [27118]: # of matches found 30275 and it took: 123431ms
query [27119]: # of matches found 30163 and it took: 123877ms
query [27120]: # of matches found 30192 and it took: 123747ms
query [27121]: # of matches found 30172 and it took: 123824ms
query [27122]: # of matches found 29860 and it took: 122942ms
query [27123]: # of matches found 29894 and it took: 123182ms
query [27124]: # of matches found 29969 and it took: 123160ms
query [27125]: # of matches found 29172 and it took: 123547ms
query [27126]: # of matches found 29250 and it took: 122981ms
query [27127]: # of matches found 29286 and it took: 123620ms
query [27128]: # of matches found 29235 and it took: 121804ms
query [27129]: # of matches found 29391 and it took: 122151ms
query [27130]: # of matches found 29769 and it took: 123388ms
query [27131]: # of matches found 29762 and it took: 123483ms
query [27132]: # of matches found 29960 and it took: 124484ms
query [27133]: # of matches found 30328 and it took: 124945ms
query [27134]: # of matches found 30536 and it took: 124475ms
query [27135]: # of matches found 30560 and it took: 124833ms
query [27136]: # of matches found 30615 and it took: 124392ms
query [27137]: # of matches found 30941 and it took: 124950ms
query [27138]: # of matches found 30960 and it took: 122743ms
query [27139]: # of matches found 31031 and it took: 123842ms
query [27140]: # of matches found 31400 and it took: 124143ms
query [27141]: # of matches found 31510 and it took: 123060ms
query [27142]: # of matches found 31604 and it took: 123722ms
query [27143]: # of matches found 31943 and it took: 124257ms
query [27144]: # of matches found 32128 and it took: 124427ms
query [27145]: # of matches found 32590 and it took: 124725ms
query [27146]: # of matches found 32679 and it took: 124660ms
query [27147]: # of matches found 32119 and it took: 125626ms
query [27148]: # of matches found 32208 and it took: 123489ms
query [27149]: # of matches found 32225 and it took: 124615ms
query [27150]: # of matches found 32243 and it took: 125470ms
query [27151]: # of matches found 32491 and it took: 124284ms
query [27152]: # of matches found 32883 and it took: 124890ms
query [27153]: # of matches found 32694 and it took: 124966ms
query [27154]: # of matches found 32755 and it took: 125113ms
query [27155]: # of matches found 33062 and it took: 125796ms
query [27156]: # of matches found 32974 and it took: 125644ms
query [27157]: # of matches found 33214 and it took: 126466ms
query [27158]: # of matches found 33310 and it took: 124463ms
query [27159]: # of matches found 33347 and it took: 125016ms
query [27160]: # of matches found 33281 and it took: 125639ms
query [27161]: # of matches found 33083 and it took: 124458ms
query [27162]: # of matches found 33261 and it took: 125662ms
query [27163]: # of matches found 33527 and it took: 125483ms
query [27164]: # of matches found 33711 and it took: 125710ms
query [27165]: # of matches found 33598 and it took: 125970ms
query [27166]: # of matches found 33593 and it took: 125680ms
query [27167]: # of matches found 33481 and it took: 126329ms
query [27168]: # of matches found 33433 and it took: 124786ms
query [27169]: # of matches found 33399 and it took: 125604ms
query [27170]: # of matches found 33352 and it took: 126006ms
query [27171]: # of matches found 33340 and it took: 125039ms
query [27172]: # of matches found 33395 and it took: 126356ms
query [27173]: # of matches found 33229 and it took: 126212ms
query [27174]: # of matches found 33161 and it took: 126074ms
query [27175]: # of matches found 32075 and it took: 126005ms
query [27176]: # of matches found 32153 and it took: 125713ms
query [27177]: # of matches found 32022 and it took: 125851ms
query [27178]: # of matches found 32190 and it took: 123758ms
query [27179]: # of matches found 32231 and it took: 125152ms
query [27180]: # of matches found 32222 and it took: 125600ms
query [27181]: # of matches found 32345 and it took: 124239ms
query [27182]: # of matches found 32705 and it took: 125100ms
query [27183]: # of matches found 32872 and it took: 125022ms
query [27184]: # of matches found 32939 and it took: 125722ms
query [27185]: # of matches found 32875 and it took: 125812ms
query [27186]: # of matches found 32876 and it took: 126450ms
query [27187]: # of matches found 32745 and it took: 125627ms
query [27188]: # of matches found 32322 and it took: 125062ms
query [27189]: # of matches found 32221 and it took: 126076ms
query [27190]: # of matches found 32219 and it took: 126119ms
query [27191]: # of matches found 32100 and it took: 125020ms
query [27192]: # of matches found 32101 and it took: 125865ms
query [27193]: # of matches found 32102 and it took: 125774ms
query [27194]: # of matches found 32152 and it took: 126505ms
query [27195]: # of matches found 32028 and it took: 127039ms
query [27196]: # of matches found 32018 and it took: 127146ms
query [27197]: # of matches found 32043 and it took: 127445ms
query [27198]: # of matches found 32092 and it took: 127236ms
query [27199]: # of matches found 32257 and it took: 127430ms
query [27200]: # of matches found 32286 and it took: 126358ms
query [27201]: # of matches found 32306 and it took: 125087ms
query [27202]: # of matches found 32286 and it took: 125997ms
query [27203]: # of matches found 32278 and it took: 126297ms
query [27204]: # of matches found 32251 and it took: 126141ms
query [27205]: # of matches found 32227 and it took: 126588ms
query [27206]: # of matches found 32118 and it took: 127284ms
query [27207]: # of matches found 31897 and it took: 127200ms
query [27208]: # of matches found 30710 and it took: 127168ms
query [27209]: # of matches found 30383 and it took: 128008ms
query [27210]: # of matches found 30266 and it took: 128286ms
query [27211]: # of matches found 28884 and it took: 126831ms
query [27212]: # of matches found 28496 and it took: 127132ms
query [27213]: # of matches found 28495 and it took: 128519ms
query [27214]: # of matches found 28502 and it took: 128311ms
query [27215]: # of matches found 28502 and it took: 128338ms
query [27216]: # of matches found 28522 and it took: 128339ms
query [27217]: # of matches found 28511 and it took: 128970ms
query [27218]: # of matches found 27965 and it took: 128818ms
query [27219]: # of matches found 27958 and it took: 128107ms
query [27220]: # of matches found 27791 and it took: 128739ms
query [27221]: # of matches found 27916 and it took: 127989ms
query [27222]: # of matches found 27950 and it took: 127979ms
query [27223]: # of matches found 27976 and it took: 128323ms
query [27224]: # of matches found 29281 and it took: 127880ms
query [27225]: # of matches found 29483 and it took: 128044ms
query [27226]: # of matches found 29454 and it took: 128067ms
query [27227]: # of matches found 29397 and it took: 127937ms
query [27228]: # of matches found 29361 and it took: 127876ms
query [27229]: # of matches found 29124 and it took: 127708ms
query [27230]: # of matches found 28121 and it took: 128231ms
query [27231]: # of matches found 27014 and it took: 127758ms
query [27232]: # of matches found 26701 and it took: 127933ms
query [27233]: # of matches found 26745 and it took: 128181ms
query [27234]: # of matches found 22989 and it took: 127842ms
query [27235]: # of matches found 23121 and it took: 128058ms
query [27236]: # of matches found 23070 and it took: 128722ms
query [27237]: # of matches found 23123 and it took: 128624ms
query [27238]: # of matches found 22948 and it took: 128456ms
query [27239]: # of matches found 23232 and it took: 128321ms
query [27240]: # of matches found 23338 and it took: 129316ms
query [27241]: # of matches found 23999 and it took: 128607ms
query [27242]: # of matches found 24076 and it took: 128688ms
query [27243]: # of matches found 24092 and it took: 128859ms
query [27244]: # of matches found 23901 and it took: 128741ms
query [27245]: # of matches found 23861 and it took: 129421ms
query [27246]: # of matches found 23828 and it took: 129652ms
query [27247]: # of matches found 23831 and it took: 129415ms
query [27248]: # of matches found 23695 and it took: 129607ms
query [27249]: # of matches found 23558 and it took: 129165ms
query [27250]: # of matches found 23513 and it took: 130399ms
query [27251]: # of matches found 23462 and it took: 129653ms
query [27252]: # of matches found 23714 and it took: 130433ms
query [27253]: # of matches found 23568 and it took: 130708ms
query [27254]: # of matches found 23120 and it took: 130940ms
query [27255]: # of matches found 23050 and it took: 130235ms
query [27256]: # of matches found 22768 and it took: 130289ms
query [27257]: # of matches found 22724 and it took: 130936ms
query [27258]: # of matches found 22741 and it took: 129910ms
query [27259]: # of matches found 22935 and it took: 129660ms
query [27260]: # of matches found 23036 and it took: 128568ms
query [27261]: # of matches found 23005 and it took: 128397ms
query [27262]: # of matches found 23046 and it took: 128342ms
query [27263]: # of matches found 23264 and it took: 128480ms
query [27264]: # of matches found 23201 and it took: 128245ms
query [27265]: # of matches found 24290 and it took: 127945ms
query [27266]: # of matches found 24331 and it took: 128066ms
query [27267]: # of matches found 24401 and it took: 127821ms
query [27268]: # of matches found 24435 and it took: 128166ms
query [27269]: # of matches found 24380 and it took: 127820ms
query [27270]: # of matches found 24153 and it took: 127736ms
query [27271]: # of matches found 23947 and it took: 128118ms
query [27272]: # of matches found 23795 and it took: 128154ms
query [27273]: # of matches found 23561 and it took: 128468ms
query [27274]: # of matches found 23176 and it took: 128879ms
query [27275]: # of matches found 23200 and it took: 128429ms
query [27276]: # of matches found 23055 and it took: 128801ms
query [27277]: # of matches found 22928 and it took: 128974ms
query [27278]: # of matches found 23091 and it took: 129497ms
query [27279]: # of matches found 23014 and it took: 129863ms
query [27280]: # of matches found 22971 and it took: 129862ms
query [27281]: # of matches found 22726 and it took: 129704ms
query [27282]: # of matches found 22844 and it took: 129117ms
query [27283]: # of matches found 22657 and it took: 129586ms
query [27284]: # of matches found 22609 and it took: 129842ms
query [27285]: # of matches found 22479 and it took: 129109ms
query [27286]: # of matches found 22331 and it took: 129513ms
query [27287]: # of matches found 22396 and it took: 129749ms
query [27288]: # of matches found 22280 and it took: 129991ms
query [27289]: # of matches found 22388 and it took: 129523ms
query [27290]: # of matches found 22324 and it took: 129188ms
query [27291]: # of matches found 22036 and it took: 129441ms
query [27292]: # of matches found 21542 and it took: 129533ms
query [27293]: # of matches found 21430 and it took: 129018ms
query [27294]: # of matches found 21381 and it took: 129039ms
query [27295]: # of matches found 21067 and it took: 129271ms
query [27296]: # of matches found 21090 and it took: 130673ms
query [27297]: # of matches found 20970 and it took: 130855ms
query [27298]: # of matches found 20748 and it took: 131559ms
query [27299]: # of matches found 20700 and it took: 131084ms
query [27300]: # of matches found 20625 and it took: 131280ms
query [27301]: # of matches found 20504 and it took: 131433ms
query [27302]: # of matches found 20323 and it took: 131625ms
query [27303]: # of matches found 20208 and it took: 132806ms
query [27304]: # of matches found 19456 and it took: 132823ms
query [27305]: # of matches found 19191 and it took: 132363ms
query [27306]: # of matches found 19140 and it took: 133175ms
query [27307]: # of matches found 19143 and it took: 133125ms
query [27308]: # of matches found 19123 and it took: 133972ms
query [27309]: # of matches found 19256 and it took: 133313ms
query [27310]: # of matches found 19585 and it took: 133241ms
query [27311]: # of matches found 19675 and it took: 132747ms
query [27312]: # of matches found 19696 and it took: 132896ms
query [27313]: # of matches found 19475 and it took: 132749ms
query [27314]: # of matches found 19538 and it took: 132884ms
query [27315]: # of matches found 19616 and it took: 132711ms
query [27316]: # of matches found 19666 and it took: 133549ms
query [27317]: # of matches found 19971 and it took: 133202ms
query [27318]: # of matches found 20085 and it took: 133796ms
query [27319]: # of matches found 20335 and it took: 132849ms
query [27320]: # of matches found 20511 and it took: 133657ms
query [27321]: # of matches found 21963 and it took: 132270ms
query [27322]: # of matches found 21609 and it took: 132532ms
query [27323]: # of matches found 21800 and it took: 133614ms
query [27324]: # of matches found 21821 and it took: 133232ms
query [27325]: # of matches found 21825 and it took: 133289ms
query [27326]: # of matches found 21834 and it took: 134208ms
query [27327]: # of matches found 22262 and it took: 133923ms
query [27328]: # of matches found 22411 and it took: 135200ms
query [27329]: # of matches found 22433 and it took: 134046ms
query [27330]: # of matches found 22431 and it took: 133711ms
query [27331]: # of matches found 22456 and it took: 132454ms
query [27332]: # of matches found 22606 and it took: 132739ms
query [27333]: # of matches found 22716 and it took: 132734ms
query [27334]: # of matches found 22693 and it took: 132924ms
query [27335]: # of matches found 22646 and it took: 133610ms
query [27336]: # of matches found 22627 and it took: 134585ms
query [27337]: # of matches found 22587 and it took: 134254ms
query [27338]: # of matches found 22552 and it took: 135088ms
query [27339]: # of matches found 22545 and it took: 134504ms
query [27340]: # of matches found 22404 and it took: 136480ms
query [27341]: # of matches found 22484 and it took: 135583ms
query [27342]: # of matches found 22462 and it took: 136289ms
query [27343]: # of matches found 22477 and it took: 134673ms
query [27344]: # of matches found 22503 and it took: 135228ms
query [27345]: # of matches found 22569 and it took: 134356ms
query [27346]: # of matches found 22599 and it took: 134509ms
query [27347]: # of matches found 22603 and it took: 133885ms
query [27348]: # of matches found 22636 and it took: 135630ms
query [27349]: # of matches found 22862 and it took: 136022ms
query [27350]: # of matches found 22881 and it took: 136506ms
query [27351]: # of matches found 22889 and it took: 136253ms
