no kmerRangesFileAddressArg!
no otherToolArg!
**********************CONFIGURATIONS*****************************
PARMIK mode:                  3
readDatabaseAddress:          /p/lava/parmik/partialMatcherProject/datasets/metagenomicDB/SRR12432009/SRR12432009_reads
readFileName:                 SRR12432009_reads
queryFileAddress:             /p/lava/parmik/partialMatcherProject/datasets/queryFiles/covidQueryFiles/SarsGenome_chunks/SarsGenome_queries_16000-16999
queryFileName:                SarsGenome_queries_16000-16999
otherToolOutputFileAddress:   /u/rgq5aw/GIT/PARMIK/partialMatcherProject/tools/blast/SRR12432009/SarsGenome/blastn_ws30_results.out
outputDir:                    /p/lava/parmik/partialMatcherProject/tools/baseline_ssw/SRR12432009/SarsGenome
penaltyFileAddress:           /u/rgq5aw/GIT/PARMIK/experiments/parmik/CK_SSW_ID_PRCNTG/PenaltySets/2484_1111_2444_2288_2848
kmerRangesFileAddress:        
readsCount:                   17000000
queryCount:                   30000
kmerLength:                   11
regionSize:                   48
cheapKmerThreshold:           0
identityPercentage:           0.85
minExactMatchLen:             0
minNumExactMatchKmer:         0
isIndexOffline:               1
offlineIndexAddress:          /p/lava/parmik/partialMatcherProject/tools/parmik/CK_INDEX/SRR12432009/
max editDistance in min region: 2
**********************CONFIGURATIONS*****************************
--------------Penalties--------------
m: 2, s: 4, go: 8, ge: 4
m: 1, s: 1, go: 1, ge: 1
m: 2, s: 4, go: 4, ge: 4
m: 2, s: 2, go: 8, ge: 8
m: 2, s: 8, go: 4, ge: 8
------------------------------------
numberOfReadsWithN : 0
queryCount : 1000
numberOfReadsWithN : 0
readCount : 16344647
offlineCheapIndexAddress: /p/lava/parmik/partialMatcherProject/tools/parmik/CK_INDEX/SRR12432009/ck_T0_K11_r17000000
pmrkAlignmentsAddress: /p/lava/parmik/partialMatcherProject/tools/baseline_ssw/SRR12432009/SarsGenome/aln/pmAln_R48_PI85_L0_M0_E2_K11_T0_P_2484_1111_2444_2288_2848.txt
Starting alignment for all queries [fwd]...
queryBaseIndex: 16000
query [16000]: # of matches found 33272 and it took: 112290ms
query [16001]: # of matches found 33220 and it took: 113396ms
query [16002]: # of matches found 33223 and it took: 112842ms
query [16003]: # of matches found 33121 and it took: 113190ms
query [16004]: # of matches found 32654 and it took: 111694ms
query [16005]: # of matches found 32565 and it took: 114071ms
query [16006]: # of matches found 32531 and it took: 113299ms
query [16007]: # of matches found 32615 and it took: 113164ms
query [16008]: # of matches found 32542 and it took: 112586ms
query [16009]: # of matches found 32532 and it took: 111377ms
query [16010]: # of matches found 32542 and it took: 112514ms
query [16011]: # of matches found 32515 and it took: 114102ms
query [16012]: # of matches found 32283 and it took: 114243ms
query [16013]: # of matches found 32284 and it took: 114060ms
query [16014]: # of matches found 32259 and it took: 112012ms
query [16015]: # of matches found 32238 and it took: 114308ms
query [16016]: # of matches found 32370 and it took: 114416ms
query [16017]: # of matches found 32423 and it took: 115395ms
query [16018]: # of matches found 32337 and it took: 114670ms
query [16019]: # of matches found 32298 and it took: 113713ms
query [16020]: # of matches found 32232 and it took: 114336ms
query [16021]: # of matches found 32272 and it took: 115672ms
query [16022]: # of matches found 32093 and it took: 115529ms
query [16023]: # of matches found 32228 and it took: 116644ms
query [16024]: # of matches found 32235 and it took: 114844ms
query [16025]: # of matches found 31450 and it took: 116211ms
query [16026]: # of matches found 31504 and it took: 116434ms
query [16027]: # of matches found 31349 and it took: 115989ms
query [16028]: # of matches found 31286 and it took: 116927ms
query [16029]: # of matches found 30962 and it took: 114355ms
query [16030]: # of matches found 30931 and it took: 115790ms
query [16031]: # of matches found 30910 and it took: 117113ms
query [16032]: # of matches found 31013 and it took: 117399ms
query [16033]: # of matches found 31196 and it took: 118646ms
query [16034]: # of matches found 31438 and it took: 116287ms
query [16035]: # of matches found 31270 and it took: 117080ms
query [16036]: # of matches found 31384 and it took: 117487ms
query [16037]: # of matches found 30959 and it took: 116487ms
query [16038]: # of matches found 30986 and it took: 116147ms
query [16039]: # of matches found 30931 and it took: 114718ms
query [16040]: # of matches found 32666 and it took: 115097ms
query [16041]: # of matches found 32595 and it took: 116603ms
query [16042]: # of matches found 32452 and it took: 116033ms
query [16043]: # of matches found 32450 and it took: 117487ms
query [16044]: # of matches found 32337 and it took: 116688ms
query [16045]: # of matches found 32262 and it took: 117088ms
query [16046]: # of matches found 32123 and it took: 116345ms
query [16047]: # of matches found 32057 and it took: 115062ms
query [16048]: # of matches found 32394 and it took: 115673ms
query [16049]: # of matches found 32452 and it took: 112917ms
query [16050]: # of matches found 32741 and it took: 113232ms
query [16051]: # of matches found 32150 and it took: 116078ms
query [16052]: # of matches found 32092 and it took: 114860ms
query [16053]: # of matches found 32200 and it took: 117015ms
query [16054]: # of matches found 32359 and it took: 115916ms
query [16055]: # of matches found 32393 and it took: 114635ms
query [16056]: # of matches found 32432 and it took: 114708ms
query [16057]: # of matches found 32399 and it took: 115338ms
query [16058]: # of matches found 32391 and it took: 115527ms
query [16059]: # of matches found 32510 and it took: 113912ms
query [16060]: # of matches found 32179 and it took: 114473ms
query [16061]: # of matches found 32358 and it took: 115371ms
query [16062]: # of matches found 32346 and it took: 113275ms
query [16063]: # of matches found 32410 and it took: 114633ms
query [16064]: # of matches found 32250 and it took: 114589ms
query [16065]: # of matches found 32204 and it took: 116536ms
query [16066]: # of matches found 32108 and it took: 114386ms
query [16067]: # of matches found 32007 and it took: 114798ms
query [16068]: # of matches found 31991 and it took: 114773ms
query [16069]: # of matches found 30213 and it took: 114081ms
query [16070]: # of matches found 30244 and it took: 113526ms
query [16071]: # of matches found 27341 and it took: 114595ms
query [16072]: # of matches found 23954 and it took: 113371ms
query [16073]: # of matches found 23619 and it took: 116076ms
query [16074]: # of matches found 23646 and it took: 117151ms
query [16075]: # of matches found 23691 and it took: 116242ms
query [16076]: # of matches found 23768 and it took: 116484ms
query [16077]: # of matches found 23673 and it took: 116860ms
query [16078]: # of matches found 23672 and it took: 117364ms
query [16079]: # of matches found 23675 and it took: 115818ms
query [16080]: # of matches found 23657 and it took: 115406ms
query [16081]: # of matches found 23673 and it took: 117693ms
query [16082]: # of matches found 23827 and it took: 116193ms
query [16083]: # of matches found 23828 and it took: 118433ms
query [16084]: # of matches found 23822 and it took: 117994ms
query [16085]: # of matches found 23761 and it took: 116283ms
query [16086]: # of matches found 23823 and it took: 117077ms
query [16087]: # of matches found 23012 and it took: 116938ms
query [16088]: # of matches found 23039 and it took: 116525ms
query [16089]: # of matches found 23057 and it took: 115009ms
query [16090]: # of matches found 23054 and it took: 115964ms
query [16091]: # of matches found 23089 and it took: 117422ms
query [16092]: # of matches found 23011 and it took: 113841ms
query [16093]: # of matches found 23046 and it took: 116681ms
query [16094]: # of matches found 22681 and it took: 116327ms
query [16095]: # of matches found 22637 and it took: 114651ms
query [16096]: # of matches found 22566 and it took: 115471ms
query [16097]: # of matches found 22508 and it took: 115059ms
query [16098]: # of matches found 22461 and it took: 114724ms
query [16099]: # of matches found 23062 and it took: 114681ms
query [16100]: # of matches found 23101 and it took: 114110ms
query [16101]: # of matches found 23983 and it took: 115190ms
query [16102]: # of matches found 23934 and it took: 111904ms
query [16103]: # of matches found 23954 and it took: 114747ms
query [16104]: # of matches found 27684 and it took: 115491ms
query [16105]: # of matches found 25484 and it took: 113654ms
query [16106]: # of matches found 25338 and it took: 113182ms
query [16107]: # of matches found 25137 and it took: 114735ms
query [16108]: # of matches found 23731 and it took: 115400ms
query [16109]: # of matches found 23685 and it took: 115355ms
query [16110]: # of matches found 23635 and it took: 114619ms
query [16111]: # of matches found 23668 and it took: 116322ms
query [16112]: # of matches found 23642 and it took: 112640ms
query [16113]: # of matches found 23634 and it took: 115996ms
query [16114]: # of matches found 23608 and it took: 115641ms
query [16115]: # of matches found 23589 and it took: 113918ms
query [16116]: # of matches found 23507 and it took: 114302ms
query [16117]: # of matches found 23425 and it took: 119495ms
query [16118]: # of matches found 28567 and it took: 117649ms
query [16119]: # of matches found 28378 and it took: 119280ms
query [16120]: # of matches found 28516 and it took: 117709ms
query [16121]: # of matches found 28499 and it took: 118476ms
query [16122]: # of matches found 28474 and it took: 113629ms
query [16123]: # of matches found 28332 and it took: 117217ms
query [16124]: # of matches found 28297 and it took: 117629ms
query [16125]: # of matches found 28146 and it took: 114568ms
query [16126]: # of matches found 28163 and it took: 116165ms
query [16127]: # of matches found 28392 and it took: 117408ms
query [16128]: # of matches found 28369 and it took: 116777ms
query [16129]: # of matches found 28716 and it took: 118458ms
query [16130]: # of matches found 29038 and it took: 117528ms
query [16131]: # of matches found 28955 and it took: 117448ms
query [16132]: # of matches found 29216 and it took: 112571ms
query [16133]: # of matches found 29328 and it took: 114975ms
query [16134]: # of matches found 29424 and it took: 115103ms
query [16135]: # of matches found 29514 and it took: 113032ms
query [16136]: # of matches found 29661 and it took: 114134ms
query [16137]: # of matches found 29726 and it took: 114320ms
query [16138]: # of matches found 29746 and it took: 113781ms
query [16139]: # of matches found 29841 and it took: 114917ms
query [16140]: # of matches found 29826 and it took: 114128ms
query [16141]: # of matches found 29806 and it took: 114660ms
query [16142]: # of matches found 29671 and it took: 110334ms
query [16143]: # of matches found 29615 and it took: 112959ms
query [16144]: # of matches found 30910 and it took: 112825ms
query [16145]: # of matches found 30883 and it took: 111518ms
query [16146]: # of matches found 30895 and it took: 111655ms
query [16147]: # of matches found 30781 and it took: 112811ms
query [16148]: # of matches found 30698 and it took: 112121ms
query [16149]: # of matches found 30671 and it took: 113413ms
query [16150]: # of matches found 30855 and it took: 113509ms
query [16151]: # of matches found 30915 and it took: 114581ms
query [16152]: # of matches found 30891 and it took: 109805ms
query [16153]: # of matches found 30925 and it took: 112988ms
query [16154]: # of matches found 30945 and it took: 112011ms
query [16155]: # of matches found 30836 and it took: 110728ms
query [16156]: # of matches found 30707 and it took: 111516ms
query [16157]: # of matches found 30624 and it took: 111290ms
query [16158]: # of matches found 30523 and it took: 110131ms
query [16159]: # of matches found 30443 and it took: 111422ms
query [16160]: # of matches found 30322 and it took: 110324ms
query [16161]: # of matches found 30170 and it took: 110339ms
query [16162]: # of matches found 30122 and it took: 107512ms
query [16163]: # of matches found 30170 and it took: 109501ms
query [16164]: # of matches found 30070 and it took: 109248ms
query [16165]: # of matches found 30123 and it took: 109520ms
query [16166]: # of matches found 29970 and it took: 109186ms
query [16167]: # of matches found 29929 and it took: 109044ms
query [16168]: # of matches found 29982 and it took: 109218ms
query [16169]: # of matches found 29982 and it took: 108619ms
query [16170]: # of matches found 30125 and it took: 108259ms
query [16171]: # of matches found 30117 and it took: 107957ms
query [16172]: # of matches found 30122 and it took: 107975ms
query [16173]: # of matches found 29973 and it took: 107691ms
query [16174]: # of matches found 29703 and it took: 107494ms
query [16175]: # of matches found 29877 and it took: 107812ms
query [16176]: # of matches found 29727 and it took: 108029ms
query [16177]: # of matches found 29766 and it took: 107464ms
query [16178]: # of matches found 29792 and it took: 107868ms
query [16179]: # of matches found 29726 and it took: 108609ms
query [16180]: # of matches found 28152 and it took: 107972ms
query [16181]: # of matches found 28210 and it took: 107704ms
query [16182]: # of matches found 28228 and it took: 107445ms
query [16183]: # of matches found 28296 and it took: 108092ms
query [16184]: # of matches found 28352 and it took: 108114ms
query [16185]: # of matches found 28439 and it took: 108479ms
query [16186]: # of matches found 28636 and it took: 108287ms
query [16187]: # of matches found 28819 and it took: 108599ms
query [16188]: # of matches found 28426 and it took: 108493ms
query [16189]: # of matches found 28401 and it took: 108746ms
query [16190]: # of matches found 28349 and it took: 108530ms
query [16191]: # of matches found 28477 and it took: 108454ms
query [16192]: # of matches found 27998 and it took: 108255ms
query [16193]: # of matches found 28011 and it took: 107711ms
query [16194]: # of matches found 28036 and it took: 108441ms
query [16195]: # of matches found 27876 and it took: 108370ms
query [16196]: # of matches found 28037 and it took: 109141ms
query [16197]: # of matches found 28075 and it took: 109228ms
query [16198]: # of matches found 28323 and it took: 109166ms
query [16199]: # of matches found 28194 and it took: 110038ms
query [16200]: # of matches found 28271 and it took: 110095ms
query [16201]: # of matches found 27851 and it took: 109687ms
query [16202]: # of matches found 27890 and it took: 110563ms
query [16203]: # of matches found 27860 and it took: 109398ms
query [16204]: # of matches found 28356 and it took: 110250ms
query [16205]: # of matches found 28472 and it took: 110809ms
query [16206]: # of matches found 28395 and it took: 110313ms
query [16207]: # of matches found 28502 and it took: 110640ms
query [16208]: # of matches found 28492 and it took: 110510ms
query [16209]: # of matches found 28432 and it took: 110827ms
query [16210]: # of matches found 28457 and it took: 110766ms
query [16211]: # of matches found 28482 and it took: 110561ms
query [16212]: # of matches found 28527 and it took: 110662ms
query [16213]: # of matches found 28459 and it took: 111541ms
query [16214]: # of matches found 28368 and it took: 111742ms
query [16215]: # of matches found 28287 and it took: 111260ms
query [16216]: # of matches found 28174 and it took: 112293ms
query [16217]: # of matches found 28176 and it took: 112567ms
query [16218]: # of matches found 28135 and it took: 112864ms
query [16219]: # of matches found 28109 and it took: 112476ms
query [16220]: # of matches found 28159 and it took: 112929ms
query [16221]: # of matches found 28221 and it took: 112251ms
query [16222]: # of matches found 28138 and it took: 111755ms
query [16223]: # of matches found 28114 and it took: 111841ms
query [16224]: # of matches found 28081 and it took: 111990ms
query [16225]: # of matches found 28102 and it took: 112077ms
query [16226]: # of matches found 28116 and it took: 113337ms
query [16227]: # of matches found 28063 and it took: 113445ms
query [16228]: # of matches found 28073 and it took: 112939ms
query [16229]: # of matches found 28086 and it took: 111565ms
query [16230]: # of matches found 28110 and it took: 111442ms
query [16231]: # of matches found 28080 and it took: 111902ms
query [16232]: # of matches found 27971 and it took: 112195ms
query [16233]: # of matches found 27969 and it took: 112764ms
query [16234]: # of matches found 28096 and it took: 112733ms
query [16235]: # of matches found 28277 and it took: 112169ms
query [16236]: # of matches found 28255 and it took: 113070ms
query [16237]: # of matches found 28411 and it took: 113294ms
query [16238]: # of matches found 32880 and it took: 113347ms
query [16239]: # of matches found 32846 and it took: 112299ms
query [16240]: # of matches found 32210 and it took: 112497ms
query [16241]: # of matches found 31339 and it took: 111722ms
query [16242]: # of matches found 31349 and it took: 111434ms
query [16243]: # of matches found 31368 and it took: 111191ms
query [16244]: # of matches found 31352 and it took: 111432ms
query [16245]: # of matches found 31127 and it took: 110889ms
query [16246]: # of matches found 27325 and it took: 111378ms
query [16247]: # of matches found 27163 and it took: 111388ms
query [16248]: # of matches found 27200 and it took: 110387ms
query [16249]: # of matches found 27140 and it took: 110175ms
query [16250]: # of matches found 27115 and it took: 111061ms
query [16251]: # of matches found 27063 and it took: 110576ms
query [16252]: # of matches found 27471 and it took: 110608ms
query [16253]: # of matches found 27506 and it took: 110734ms
query [16254]: # of matches found 27514 and it took: 110398ms
query [16255]: # of matches found 27535 and it took: 109617ms
query [16256]: # of matches found 27476 and it took: 110610ms
query [16257]: # of matches found 27417 and it took: 110389ms
query [16258]: # of matches found 22342 and it took: 109081ms
query [16259]: # of matches found 22363 and it took: 108207ms
query [16260]: # of matches found 22016 and it took: 108644ms
query [16261]: # of matches found 22006 and it took: 108515ms
query [16262]: # of matches found 21977 and it took: 108119ms
query [16263]: # of matches found 22065 and it took: 109013ms
query [16264]: # of matches found 22521 and it took: 107449ms
query [16265]: # of matches found 22610 and it took: 106756ms
query [16266]: # of matches found 23908 and it took: 109149ms
query [16267]: # of matches found 23662 and it took: 108522ms
query [16268]: # of matches found 23633 and it took: 108114ms
query [16269]: # of matches found 23471 and it took: 107845ms
query [16270]: # of matches found 23132 and it took: 108330ms
query [16271]: # of matches found 22815 and it took: 108192ms
query [16272]: # of matches found 25775 and it took: 108325ms
query [16273]: # of matches found 25691 and it took: 109358ms
query [16274]: # of matches found 25601 and it took: 108096ms
query [16275]: # of matches found 25543 and it took: 107743ms
query [16276]: # of matches found 25567 and it took: 110236ms
query [16277]: # of matches found 25429 and it took: 109942ms
query [16278]: # of matches found 25337 and it took: 110277ms
query [16279]: # of matches found 25237 and it took: 110045ms
query [16280]: # of matches found 25199 and it took: 110660ms
query [16281]: # of matches found 25282 and it took: 110051ms
query [16282]: # of matches found 25350 and it took: 111617ms
query [16283]: # of matches found 25525 and it took: 113037ms
query [16284]: # of matches found 25477 and it took: 111503ms
query [16285]: # of matches found 24338 and it took: 111657ms
query [16286]: # of matches found 24345 and it took: 112543ms
query [16287]: # of matches found 24516 and it took: 112216ms
query [16288]: # of matches found 24586 and it took: 112010ms
query [16289]: # of matches found 24646 and it took: 112439ms
query [16290]: # of matches found 24947 and it took: 112731ms
query [16291]: # of matches found 26222 and it took: 110699ms
query [16292]: # of matches found 26429 and it took: 112080ms
query [16293]: # of matches found 26725 and it took: 112772ms
query [16294]: # of matches found 26978 and it took: 111667ms
query [16295]: # of matches found 27015 and it took: 111853ms
query [16296]: # of matches found 27025 and it took: 112655ms
query [16297]: # of matches found 27025 and it took: 112071ms
query [16298]: # of matches found 27136 and it took: 110430ms
query [16299]: # of matches found 27466 and it took: 111008ms
query [16300]: # of matches found 27701 and it took: 110959ms
query [16301]: # of matches found 27827 and it took: 109768ms
query [16302]: # of matches found 28240 and it took: 110371ms
query [16303]: # of matches found 28421 and it took: 111304ms
query [16304]: # of matches found 29191 and it took: 109890ms
query [16305]: # of matches found 29082 and it took: 110206ms
query [16306]: # of matches found 29224 and it took: 110811ms
query [16307]: # of matches found 29252 and it took: 110616ms
query [16308]: # of matches found 29249 and it took: 110520ms
query [16309]: # of matches found 29196 and it took: 109594ms
query [16310]: # of matches found 29223 and it took: 110603ms
query [16311]: # of matches found 29205 and it took: 109026ms
query [16312]: # of matches found 30508 and it took: 110403ms
query [16313]: # of matches found 30475 and it took: 111078ms
query [16314]: # of matches found 30488 and it took: 110050ms
query [16315]: # of matches found 30517 and it took: 110505ms
query [16316]: # of matches found 30382 and it took: 111221ms
query [16317]: # of matches found 30166 and it took: 111247ms
query [16318]: # of matches found 30038 and it took: 110809ms
query [16319]: # of matches found 29947 and it took: 110691ms
query [16320]: # of matches found 29807 and it took: 111094ms
query [16321]: # of matches found 29871 and it took: 109776ms
query [16322]: # of matches found 29973 and it took: 111360ms
query [16323]: # of matches found 30040 and it took: 111588ms
query [16324]: # of matches found 29964 and it took: 111237ms
query [16325]: # of matches found 29871 and it took: 111058ms
query [16326]: # of matches found 30433 and it took: 111508ms
query [16327]: # of matches found 30421 and it took: 112000ms
query [16328]: # of matches found 30396 and it took: 110974ms
query [16329]: # of matches found 30432 and it took: 110472ms
query [16330]: # of matches found 30425 and it took: 111726ms
query [16331]: # of matches found 30226 and it took: 110980ms
query [16332]: # of matches found 30255 and it took: 111865ms
query [16333]: # of matches found 30579 and it took: 112223ms
query [16334]: # of matches found 30787 and it took: 110511ms
query [16335]: # of matches found 30761 and it took: 110574ms
query [16336]: # of matches found 30813 and it took: 111000ms
query [16337]: # of matches found 30664 and it took: 110667ms
query [16338]: # of matches found 30591 and it took: 110512ms
query [16339]: # of matches found 30634 and it took: 110043ms
query [16340]: # of matches found 30538 and it took: 111234ms
query [16341]: # of matches found 30557 and it took: 109280ms
query [16342]: # of matches found 30559 and it took: 110406ms
query [16343]: # of matches found 30496 and it took: 108857ms
query [16344]: # of matches found 29981 and it took: 107547ms
query [16345]: # of matches found 29899 and it took: 107606ms
query [16346]: # of matches found 29894 and it took: 107886ms
query [16347]: # of matches found 29887 and it took: 107042ms
query [16348]: # of matches found 29921 and it took: 107006ms
query [16349]: # of matches found 30118 and it took: 105005ms
query [16350]: # of matches found 30161 and it took: 107747ms
query [16351]: # of matches found 30086 and it took: 105409ms
query [16352]: # of matches found 29999 and it took: 105631ms
query [16353]: # of matches found 30102 and it took: 105447ms
query [16354]: # of matches found 30378 and it took: 103989ms
query [16355]: # of matches found 30419 and it took: 104753ms
query [16356]: # of matches found 30451 and it took: 104533ms
query [16357]: # of matches found 30493 and it took: 104798ms
query [16358]: # of matches found 30531 and it took: 103922ms
query [16359]: # of matches found 30592 and it took: 103737ms
query [16360]: # of matches found 30605 and it took: 105443ms
query [16361]: # of matches found 30562 and it took: 103663ms
query [16362]: # of matches found 30656 and it took: 104581ms
query [16363]: # of matches found 30675 and it took: 105015ms
query [16364]: # of matches found 30686 and it took: 104390ms
query [16365]: # of matches found 30675 and it took: 105604ms
query [16366]: # of matches found 30591 and it took: 104778ms
query [16367]: # of matches found 30561 and it took: 104220ms
query [16368]: # of matches found 30549 and it took: 104286ms
query [16369]: # of matches found 30532 and it took: 104034ms
query [16370]: # of matches found 30463 and it took: 105401ms
query [16371]: # of matches found 30473 and it took: 104772ms
query [16372]: # of matches found 30618 and it took: 105578ms
query [16373]: # of matches found 30904 and it took: 106007ms
query [16374]: # of matches found 31048 and it took: 105034ms
query [16375]: # of matches found 30976 and it took: 105857ms
query [16376]: # of matches found 30941 and it took: 105650ms
query [16377]: # of matches found 30941 and it took: 105218ms
query [16378]: # of matches found 26415 and it took: 104924ms
query [16379]: # of matches found 26392 and it took: 103904ms
query [16380]: # of matches found 26329 and it took: 104146ms
query [16381]: # of matches found 26381 and it took: 105111ms
query [16382]: # of matches found 26410 and it took: 105820ms
query [16383]: # of matches found 26336 and it took: 105430ms
query [16384]: # of matches found 26525 and it took: 104913ms
query [16385]: # of matches found 26566 and it took: 104669ms
query [16386]: # of matches found 26584 and it took: 105091ms
query [16387]: # of matches found 26560 and it took: 105792ms
query [16388]: # of matches found 26487 and it took: 105322ms
query [16389]: # of matches found 26507 and it took: 104757ms
query [16390]: # of matches found 26559 and it took: 104612ms
query [16391]: # of matches found 26879 and it took: 106159ms
query [16392]: # of matches found 26875 and it took: 106888ms
query [16393]: # of matches found 26518 and it took: 107028ms
query [16394]: # of matches found 26629 and it took: 107052ms
query [16395]: # of matches found 26670 and it took: 107026ms
query [16396]: # of matches found 26677 and it took: 107499ms
query [16397]: # of matches found 26912 and it took: 106936ms
query [16398]: # of matches found 26931 and it took: 107513ms
query [16399]: # of matches found 26912 and it took: 107915ms
query [16400]: # of matches found 26858 and it took: 106601ms
query [16401]: # of matches found 27022 and it took: 109175ms
query [16402]: # of matches found 27039 and it took: 109715ms
query [16403]: # of matches found 27038 and it took: 109577ms
query [16404]: # of matches found 26564 and it took: 109881ms
query [16405]: # of matches found 26339 and it took: 109912ms
query [16406]: # of matches found 25036 and it took: 109973ms
query [16407]: # of matches found 24928 and it took: 110148ms
query [16408]: # of matches found 24863 and it took: 109253ms
query [16409]: # of matches found 24857 and it took: 109439ms
query [16410]: # of matches found 25211 and it took: 108868ms
query [16411]: # of matches found 25296 and it took: 111196ms
query [16412]: # of matches found 22122 and it took: 112059ms
query [16413]: # of matches found 22100 and it took: 111134ms
query [16414]: # of matches found 22177 and it took: 111350ms
query [16415]: # of matches found 22662 and it took: 111804ms
query [16416]: # of matches found 22793 and it took: 111838ms
query [16417]: # of matches found 22695 and it took: 111958ms
query [16418]: # of matches found 22755 and it took: 111451ms
query [16419]: # of matches found 22832 and it took: 112287ms
query [16420]: # of matches found 22911 and it took: 111015ms
query [16421]: # of matches found 22862 and it took: 112027ms
query [16422]: # of matches found 22874 and it took: 112450ms
query [16423]: # of matches found 22715 and it took: 112234ms
query [16424]: # of matches found 22719 and it took: 112630ms
query [16425]: # of matches found 22812 and it took: 113271ms
query [16426]: # of matches found 35415 and it took: 112888ms
query [16427]: # of matches found 35599 and it took: 114356ms
query [16428]: # of matches found 35544 and it took: 114601ms
query [16429]: # of matches found 35605 and it took: 114175ms
query [16430]: # of matches found 35355 and it took: 113912ms
query [16431]: # of matches found 33836 and it took: 114845ms
query [16432]: # of matches found 33789 and it took: 115775ms
query [16433]: # of matches found 33748 and it took: 115499ms
query [16434]: # of matches found 33215 and it took: 114774ms
query [16435]: # of matches found 33166 and it took: 115169ms
query [16436]: # of matches found 33217 and it took: 114212ms
query [16437]: # of matches found 33442 and it took: 115516ms
query [16438]: # of matches found 33494 and it took: 115682ms
query [16439]: # of matches found 33376 and it took: 115613ms
query [16440]: # of matches found 33279 and it took: 114610ms
query [16441]: # of matches found 33337 and it took: 116772ms
query [16442]: # of matches found 33545 and it took: 117059ms
query [16443]: # of matches found 33354 and it took: 117826ms
query [16444]: # of matches found 32713 and it took: 118415ms
query [16445]: # of matches found 32501 and it took: 118354ms
query [16446]: # of matches found 32415 and it took: 117981ms
query [16447]: # of matches found 32497 and it took: 118941ms
query [16448]: # of matches found 32561 and it took: 118090ms
query [16449]: # of matches found 32817 and it took: 118158ms
query [16450]: # of matches found 33071 and it took: 117569ms
query [16451]: # of matches found 33500 and it took: 118312ms
query [16452]: # of matches found 32119 and it took: 121860ms
query [16453]: # of matches found 32351 and it took: 120782ms
query [16454]: # of matches found 32712 and it took: 116122ms
query [16455]: # of matches found 33131 and it took: 116825ms
query [16456]: # of matches found 33123 and it took: 115194ms
query [16457]: # of matches found 33126 and it took: 116602ms
query [16458]: # of matches found 33273 and it took: 116486ms
query [16459]: # of matches found 33307 and it took: 116988ms
query [16460]: # of matches found 33240 and it took: 116543ms
query [16461]: # of matches found 33176 and it took: 115575ms
query [16462]: # of matches found 33112 and it took: 116809ms
query [16463]: # of matches found 33018 and it took: 115894ms
query [16464]: # of matches found 32983 and it took: 115763ms
query [16465]: # of matches found 33018 and it took: 116085ms
query [16466]: # of matches found 32299 and it took: 116149ms
query [16467]: # of matches found 32182 and it took: 117444ms
query [16468]: # of matches found 32225 and it took: 117637ms
query [16469]: # of matches found 32176 and it took: 117897ms
query [16470]: # of matches found 32254 and it took: 118153ms
query [16471]: # of matches found 32420 and it took: 116482ms
query [16472]: # of matches found 32551 and it took: 116513ms
query [16473]: # of matches found 32833 and it took: 115642ms
query [16474]: # of matches found 32417 and it took: 115476ms
query [16475]: # of matches found 32162 and it took: 115194ms
query [16476]: # of matches found 32153 and it took: 114215ms
query [16477]: # of matches found 32076 and it took: 115072ms
query [16478]: # of matches found 31901 and it took: 114822ms
query [16479]: # of matches found 32004 and it took: 115995ms
query [16480]: # of matches found 32079 and it took: 115566ms
query [16481]: # of matches found 32123 and it took: 116203ms
query [16482]: # of matches found 32150 and it took: 116125ms
query [16483]: # of matches found 32124 and it took: 116328ms
query [16484]: # of matches found 32156 and it took: 116835ms
query [16485]: # of matches found 32191 and it took: 117359ms
query [16486]: # of matches found 32167 and it took: 115685ms
query [16487]: # of matches found 32090 and it took: 116454ms
query [16488]: # of matches found 32048 and it took: 116246ms
query [16489]: # of matches found 31906 and it took: 117669ms
query [16490]: # of matches found 31833 and it took: 116939ms
query [16491]: # of matches found 31803 and it took: 116733ms
query [16492]: # of matches found 33039 and it took: 117028ms
query [16493]: # of matches found 32956 and it took: 117760ms
query [16494]: # of matches found 32836 and it took: 117527ms
query [16495]: # of matches found 32577 and it took: 118259ms
query [16496]: # of matches found 32543 and it took: 116099ms
query [16497]: # of matches found 32585 and it took: 118522ms
query [16498]: # of matches found 32812 and it took: 116720ms
query [16499]: # of matches found 32798 and it took: 117544ms
query [16500]: # of matches found 32757 and it took: 117468ms
query [16501]: # of matches found 32806 and it took: 116919ms
query [16502]: # of matches found 32781 and it took: 117104ms
query [16503]: # of matches found 32828 and it took: 116384ms
query [16504]: # of matches found 32886 and it took: 117542ms
query [16505]: # of matches found 32912 and it took: 117978ms
query [16506]: # of matches found 32959 and it took: 117057ms
query [16507]: # of matches found 33012 and it took: 116952ms
query [16508]: # of matches found 33205 and it took: 115599ms
query [16509]: # of matches found 33227 and it took: 116485ms
query [16510]: # of matches found 33270 and it took: 115813ms
query [16511]: # of matches found 33269 and it took: 115656ms
query [16512]: # of matches found 33289 and it took: 115214ms
query [16513]: # of matches found 33161 and it took: 115159ms
query [16514]: # of matches found 33177 and it took: 116669ms
query [16515]: # of matches found 33291 and it took: 116363ms
query [16516]: # of matches found 33445 and it took: 115963ms
query [16517]: # of matches found 33441 and it took: 116217ms
query [16518]: # of matches found 33563 and it took: 116022ms
query [16519]: # of matches found 33905 and it took: 115434ms
query [16520]: # of matches found 34092 and it took: 115450ms
query [16521]: # of matches found 34091 and it took: 116674ms
query [16522]: # of matches found 34082 and it took: 116415ms
query [16523]: # of matches found 34063 and it took: 115551ms
query [16524]: # of matches found 33879 and it took: 116916ms
query [16525]: # of matches found 33968 and it took: 117199ms
query [16526]: # of matches found 34009 and it took: 116593ms
query [16527]: # of matches found 34247 and it took: 115980ms
query [16528]: # of matches found 34369 and it took: 115113ms
query [16529]: # of matches found 35028 and it took: 114796ms
query [16530]: # of matches found 35044 and it took: 113880ms
query [16531]: # of matches found 35061 and it took: 113758ms
query [16532]: # of matches found 35178 and it took: 113640ms
query [16533]: # of matches found 34842 and it took: 113207ms
query [16534]: # of matches found 35030 and it took: 113410ms
query [16535]: # of matches found 35029 and it took: 113568ms
query [16536]: # of matches found 35032 and it took: 112986ms
query [16537]: # of matches found 35023 and it took: 112841ms
query [16538]: # of matches found 34754 and it took: 113229ms
query [16539]: # of matches found 34741 and it took: 112287ms
query [16540]: # of matches found 34740 and it took: 112482ms
query [16541]: # of matches found 34676 and it took: 112071ms
query [16542]: # of matches found 34536 and it took: 110526ms
query [16543]: # of matches found 34497 and it took: 109154ms
query [16544]: # of matches found 34581 and it took: 108564ms
query [16545]: # of matches found 34767 and it took: 108919ms
query [16546]: # of matches found 34854 and it took: 108490ms
query [16547]: # of matches found 34838 and it took: 108180ms
query [16548]: # of matches found 35053 and it took: 108644ms
query [16549]: # of matches found 35176 and it took: 108197ms
query [16550]: # of matches found 35166 and it took: 108252ms
query [16551]: # of matches found 35423 and it took: 108966ms
query [16552]: # of matches found 35325 and it took: 107934ms
query [16553]: # of matches found 35401 and it took: 108317ms
query [16554]: # of matches found 35436 and it took: 108332ms
query [16555]: # of matches found 36111 and it took: 108612ms
query [16556]: # of matches found 35719 and it took: 108492ms
query [16557]: # of matches found 35859 and it took: 108731ms
query [16558]: # of matches found 35885 and it took: 109251ms
query [16559]: # of matches found 35816 and it took: 108599ms
query [16560]: # of matches found 35768 and it took: 108807ms
query [16561]: # of matches found 36098 and it took: 108737ms
query [16562]: # of matches found 36061 and it took: 108165ms
query [16563]: # of matches found 36063 and it took: 108394ms
query [16564]: # of matches found 36080 and it took: 109042ms
query [16565]: # of matches found 36441 and it took: 108766ms
query [16566]: # of matches found 36137 and it took: 109434ms
query [16567]: # of matches found 23618 and it took: 109558ms
query [16568]: # of matches found 23390 and it took: 110957ms
query [16569]: # of matches found 23479 and it took: 109973ms
query [16570]: # of matches found 23415 and it took: 110275ms
query [16571]: # of matches found 23490 and it took: 110427ms
query [16572]: # of matches found 23447 and it took: 110723ms
query [16573]: # of matches found 23287 and it took: 110497ms
query [16574]: # of matches found 23361 and it took: 111592ms
query [16575]: # of matches found 23317 and it took: 111316ms
query [16576]: # of matches found 23242 and it took: 111475ms
query [16577]: # of matches found 23020 and it took: 111503ms
query [16578]: # of matches found 22941 and it took: 111612ms
query [16579]: # of matches found 22825 and it took: 110814ms
query [16580]: # of matches found 22606 and it took: 110863ms
query [16581]: # of matches found 22434 and it took: 111001ms
query [16582]: # of matches found 21899 and it took: 110645ms
query [16583]: # of matches found 21872 and it took: 110771ms
query [16584]: # of matches found 21871 and it took: 111227ms
query [16585]: # of matches found 21979 and it took: 111351ms
query [16586]: # of matches found 22141 and it took: 111332ms
query [16587]: # of matches found 22454 and it took: 111095ms
query [16588]: # of matches found 22354 and it took: 111338ms
query [16589]: # of matches found 22520 and it took: 111129ms
query [16590]: # of matches found 22209 and it took: 110235ms
query [16591]: # of matches found 22143 and it took: 110999ms
query [16592]: # of matches found 22792 and it took: 110800ms
query [16593]: # of matches found 22577 and it took: 110955ms
query [16594]: # of matches found 22386 and it took: 111268ms
query [16595]: # of matches found 21926 and it took: 110874ms
query [16596]: # of matches found 21886 and it took: 110905ms
query [16597]: # of matches found 21941 and it took: 110954ms
query [16598]: # of matches found 21839 and it took: 111184ms
query [16599]: # of matches found 21893 and it took: 108979ms
query [16600]: # of matches found 22043 and it took: 109131ms
query [16601]: # of matches found 22048 and it took: 109530ms
query [16602]: # of matches found 21973 and it took: 108579ms
query [16603]: # of matches found 22252 and it took: 108038ms
query [16604]: # of matches found 23307 and it took: 109057ms
query [16605]: # of matches found 23221 and it took: 108424ms
query [16606]: # of matches found 23201 and it took: 107538ms
query [16607]: # of matches found 24264 and it took: 107521ms
query [16608]: # of matches found 24417 and it took: 107560ms
query [16609]: # of matches found 24363 and it took: 106348ms
query [16610]: # of matches found 24465 and it took: 105856ms
query [16611]: # of matches found 24475 and it took: 105597ms
query [16612]: # of matches found 23721 and it took: 105260ms
query [16613]: # of matches found 23194 and it took: 105397ms
query [16614]: # of matches found 23141 and it took: 104986ms
query [16615]: # of matches found 23144 and it took: 104784ms
query [16616]: # of matches found 23039 and it took: 104425ms
query [16617]: # of matches found 23029 and it took: 105303ms
query [16618]: # of matches found 23184 and it took: 105412ms
query [16619]: # of matches found 23122 and it took: 104693ms
query [16620]: # of matches found 23152 and it took: 103951ms
query [16621]: # of matches found 23274 and it took: 103797ms
query [16622]: # of matches found 23480 and it took: 103479ms
query [16623]: # of matches found 23940 and it took: 104029ms
query [16624]: # of matches found 24143 and it took: 103443ms
query [16625]: # of matches found 24750 and it took: 103608ms
query [16626]: # of matches found 25073 and it took: 103355ms
query [16627]: # of matches found 25260 and it took: 103786ms
query [16628]: # of matches found 25300 and it took: 103905ms
query [16629]: # of matches found 25250 and it took: 102523ms
query [16630]: # of matches found 25214 and it took: 102875ms
query [16631]: # of matches found 25211 and it took: 102600ms
query [16632]: # of matches found 23961 and it took: 102184ms
query [16633]: # of matches found 23975 and it took: 103537ms
query [16634]: # of matches found 23975 and it took: 104049ms
query [16635]: # of matches found 24149 and it took: 103588ms
query [16636]: # of matches found 24157 and it took: 103980ms
query [16637]: # of matches found 24178 and it took: 103881ms
query [16638]: # of matches found 24533 and it took: 104312ms
query [16639]: # of matches found 24910 and it took: 103920ms
query [16640]: # of matches found 24817 and it took: 105103ms
query [16641]: # of matches found 25412 and it took: 104799ms
query [16642]: # of matches found 25575 and it took: 105790ms
query [16643]: # of matches found 25655 and it took: 105422ms
query [16644]: # of matches found 25880 and it took: 105639ms
query [16645]: # of matches found 26980 and it took: 105507ms
query [16646]: # of matches found 27059 and it took: 105156ms
query [16647]: # of matches found 27175 and it took: 105851ms
query [16648]: # of matches found 26984 and it took: 106540ms
query [16649]: # of matches found 27011 and it took: 105523ms
query [16650]: # of matches found 27235 and it took: 105725ms
query [16651]: # of matches found 27342 and it took: 105584ms
query [16652]: # of matches found 27283 and it took: 106269ms
query [16653]: # of matches found 27526 and it took: 106989ms
query [16654]: # of matches found 27359 and it took: 106756ms
query [16655]: # of matches found 29972 and it took: 106552ms
query [16656]: # of matches found 30150 and it took: 105954ms
query [16657]: # of matches found 30250 and it took: 106538ms
query [16658]: # of matches found 30128 and it took: 106647ms
query [16659]: # of matches found 30071 and it took: 106070ms
query [16660]: # of matches found 29992 and it took: 106359ms
query [16661]: # of matches found 29873 and it took: 106130ms
query [16662]: # of matches found 29585 and it took: 106218ms
query [16663]: # of matches found 29572 and it took: 106923ms
query [16664]: # of matches found 29534 and it took: 106461ms
query [16665]: # of matches found 29387 and it took: 106875ms
query [16666]: # of matches found 29278 and it took: 106865ms
query [16667]: # of matches found 29158 and it took: 106855ms
query [16668]: # of matches found 29034 and it took: 107134ms
query [16669]: # of matches found 28332 and it took: 107750ms
query [16670]: # of matches found 28269 and it took: 107632ms
query [16671]: # of matches found 28234 and it took: 107251ms
query [16672]: # of matches found 28239 and it took: 107963ms
query [16673]: # of matches found 28299 and it took: 107677ms
query [16674]: # of matches found 28503 and it took: 108415ms
query [16675]: # of matches found 28636 and it took: 107603ms
query [16676]: # of matches found 28402 and it took: 107534ms
query [16677]: # of matches found 28460 and it took: 107872ms
query [16678]: # of matches found 28631 and it took: 108442ms
query [16679]: # of matches found 28693 and it took: 108061ms
query [16680]: # of matches found 29263 and it took: 108353ms
query [16681]: # of matches found 29304 and it took: 107971ms
query [16682]: # of matches found 29351 and it took: 108152ms
query [16683]: # of matches found 29379 and it took: 109165ms
query [16684]: # of matches found 29442 and it took: 109250ms
query [16685]: # of matches found 30136 and it took: 109323ms
query [16686]: # of matches found 30056 and it took: 108360ms
query [16687]: # of matches found 30039 and it took: 109004ms
query [16688]: # of matches found 29837 and it took: 108901ms
query [16689]: # of matches found 29765 and it took: 108742ms
query [16690]: # of matches found 29728 and it took: 110248ms
query [16691]: # of matches found 29803 and it took: 108732ms
query [16692]: # of matches found 29699 and it took: 109147ms
query [16693]: # of matches found 29661 and it took: 108512ms
query [16694]: # of matches found 29588 and it took: 108455ms
query [16695]: # of matches found 28773 and it took: 108518ms
query [16696]: # of matches found 28763 and it took: 108305ms
query [16697]: # of matches found 28649 and it took: 106970ms
query [16698]: # of matches found 28637 and it took: 108463ms
query [16699]: # of matches found 28809 and it took: 108131ms
query [16700]: # of matches found 28827 and it took: 107470ms
query [16701]: # of matches found 28685 and it took: 106539ms
query [16702]: # of matches found 28720 and it took: 107049ms
query [16703]: # of matches found 28945 and it took: 107514ms
query [16704]: # of matches found 28879 and it took: 107450ms
query [16705]: # of matches found 28867 and it took: 107437ms
query [16706]: # of matches found 28302 and it took: 107298ms
query [16707]: # of matches found 28246 and it took: 107280ms
query [16708]: # of matches found 28259 and it took: 107516ms
query [16709]: # of matches found 28146 and it took: 107228ms
query [16710]: # of matches found 28064 and it took: 107368ms
query [16711]: # of matches found 27973 and it took: 106762ms
query [16712]: # of matches found 27976 and it took: 107242ms
query [16713]: # of matches found 27959 and it took: 106949ms
query [16714]: # of matches found 27985 and it took: 106891ms
query [16715]: # of matches found 27925 and it took: 107831ms
query [16716]: # of matches found 28048 and it took: 107000ms
query [16717]: # of matches found 28062 and it took: 106998ms
query [16718]: # of matches found 28088 and it took: 108204ms
query [16719]: # of matches found 28118 and it took: 107919ms
query [16720]: # of matches found 28181 and it took: 107520ms
query [16721]: # of matches found 28297 and it took: 106601ms
query [16722]: # of matches found 28334 and it took: 107056ms
query [16723]: # of matches found 28268 and it took: 107541ms
query [16724]: # of matches found 28184 and it took: 108389ms
query [16725]: # of matches found 28007 and it took: 107581ms
query [16726]: # of matches found 27821 and it took: 107296ms
query [16727]: # of matches found 27407 and it took: 107606ms
query [16728]: # of matches found 27311 and it took: 108185ms
query [16729]: # of matches found 27219 and it took: 108076ms
query [16730]: # of matches found 27010 and it took: 107895ms
query [16731]: # of matches found 26611 and it took: 107097ms
query [16732]: # of matches found 25830 and it took: 107750ms
query [16733]: # of matches found 25646 and it took: 109017ms
query [16734]: # of matches found 25604 and it took: 108570ms
query [16735]: # of matches found 25410 and it took: 108319ms
query [16736]: # of matches found 25415 and it took: 108144ms
query [16737]: # of matches found 25712 and it took: 107829ms
query [16738]: # of matches found 25656 and it took: 107226ms
query [16739]: # of matches found 25585 and it took: 106872ms
query [16740]: # of matches found 25480 and it took: 107475ms
query [16741]: # of matches found 25421 and it took: 107121ms
query [16742]: # of matches found 25387 and it took: 107655ms
query [16743]: # of matches found 25145 and it took: 107484ms
query [16744]: # of matches found 24615 and it took: 107655ms
query [16745]: # of matches found 24599 and it took: 107695ms
query [16746]: # of matches found 24591 and it took: 108037ms
query [16747]: # of matches found 23460 and it took: 107743ms
query [16748]: # of matches found 23420 and it took: 108492ms
query [16749]: # of matches found 23514 and it took: 108881ms
query [16750]: # of matches found 23366 and it took: 108890ms
query [16751]: # of matches found 23421 and it took: 108167ms
query [16752]: # of matches found 23364 and it took: 108728ms
query [16753]: # of matches found 23387 and it took: 109514ms
query [16754]: # of matches found 23420 and it took: 108311ms
query [16755]: # of matches found 23486 and it took: 109805ms
query [16756]: # of matches found 23456 and it took: 109381ms
query [16757]: # of matches found 23547 and it took: 109071ms
query [16758]: # of matches found 23552 and it took: 108834ms
query [16759]: # of matches found 23276 and it took: 108929ms
query [16760]: # of matches found 23135 and it took: 109427ms
query [16761]: # of matches found 23035 and it took: 109905ms
query [16762]: # of matches found 22689 and it took: 110172ms
query [16763]: # of matches found 22508 and it took: 110020ms
query [16764]: # of matches found 22273 and it took: 109725ms
query [16765]: # of matches found 22042 and it took: 110413ms
query [16766]: # of matches found 21371 and it took: 109962ms
query [16767]: # of matches found 21127 and it took: 108954ms
query [16768]: # of matches found 21105 and it took: 110847ms
query [16769]: # of matches found 21142 and it took: 110725ms
query [16770]: # of matches found 21258 and it took: 111104ms
query [16771]: # of matches found 21320 and it took: 111524ms
query [16772]: # of matches found 21386 and it took: 111957ms
query [16773]: # of matches found 21378 and it took: 111369ms
query [16774]: # of matches found 21402 and it took: 111165ms
query [16775]: # of matches found 21207 and it took: 111743ms
query [16776]: # of matches found 21210 and it took: 112625ms
query [16777]: # of matches found 21133 and it took: 111120ms
query [16778]: # of matches found 20682 and it took: 111491ms
query [16779]: # of matches found 20355 and it took: 111148ms
query [16780]: # of matches found 20604 and it took: 111061ms
query [16781]: # of matches found 19922 and it took: 111614ms
query [16782]: # of matches found 19718 and it took: 112096ms
query [16783]: # of matches found 19564 and it took: 111926ms
query [16784]: # of matches found 19200 and it took: 110940ms
query [16785]: # of matches found 18108 and it took: 111356ms
query [16786]: # of matches found 18080 and it took: 111082ms
query [16787]: # of matches found 18046 and it took: 110119ms
query [16788]: # of matches found 18330 and it took: 110372ms
query [16789]: # of matches found 18362 and it took: 109731ms
query [16790]: # of matches found 18174 and it took: 111752ms
query [16791]: # of matches found 18144 and it took: 110962ms
query [16792]: # of matches found 18466 and it took: 111022ms
