no kmerRangesFileAddressArg!
no otherToolArg!
**********************CONFIGURATIONS*****************************
PARMIK mode:                  3
readDatabaseAddress:          /p/lava/parmik/partialMatcherProject/datasets/metagenomicDB/SRR12432009/SRR12432009_reads
readFileName:                 SRR12432009_reads
queryFileAddress:             /p/lava/parmik/partialMatcherProject/datasets/queryFiles/covidQueryFiles/SarsGenome_chunks/SarsGenome_queries_15000-15999
queryFileName:                SarsGenome_queries_15000-15999
otherToolOutputFileAddress:   /u/rgq5aw/GIT/PARMIK/partialMatcherProject/tools/blast/SRR12432009/SarsGenome/blastn_ws30_results.out
outputDir:                    /p/lava/parmik/partialMatcherProject/tools/baseline_ssw/SRR12432009/SarsGenome
penaltyFileAddress:           /u/rgq5aw/GIT/PARMIK/experiments/parmik/CK_SSW_ID_PRCNTG/PenaltySets/2484_1111_2444_2288_2848
kmerRangesFileAddress:        
readsCount:                   17000000
queryCount:                   30000
kmerLength:                   11
regionSize:                   48
cheapKmerThreshold:           0
identityPercentage:           0.85
minExactMatchLen:             0
minNumExactMatchKmer:         0
isIndexOffline:               1
offlineIndexAddress:          /p/lava/parmik/partialMatcherProject/tools/parmik/CK_INDEX/SRR12432009/
max editDistance in min region: 2
**********************CONFIGURATIONS*****************************
--------------Penalties--------------
m: 2, s: 4, go: 8, ge: 4
m: 1, s: 1, go: 1, ge: 1
m: 2, s: 4, go: 4, ge: 4
m: 2, s: 2, go: 8, ge: 8
m: 2, s: 8, go: 4, ge: 8
------------------------------------
numberOfReadsWithN : 0
queryCount : 1000
numberOfReadsWithN : 0
readCount : 16344647
offlineCheapIndexAddress: /p/lava/parmik/partialMatcherProject/tools/parmik/CK_INDEX/SRR12432009/ck_T0_K11_r17000000
pmrkAlignmentsAddress: /p/lava/parmik/partialMatcherProject/tools/baseline_ssw/SRR12432009/SarsGenome/aln/pmAln_R48_PI85_L0_M0_E2_K11_T0_P_2484_1111_2444_2288_2848.txt
Starting alignment for all queries [fwd]...
queryBaseIndex: 15000
query [15000]: # of matches found 29536 and it took: 112773ms
query [15001]: # of matches found 30131 and it took: 113087ms
query [15002]: # of matches found 30122 and it took: 113011ms
query [15003]: # of matches found 30452 and it took: 112794ms
query [15004]: # of matches found 31703 and it took: 112477ms
query [15005]: # of matches found 31747 and it took: 112191ms
query [15006]: # of matches found 31583 and it took: 111377ms
query [15007]: # of matches found 31681 and it took: 111984ms
query [15008]: # of matches found 31814 and it took: 112504ms
query [15009]: # of matches found 31845 and it took: 112745ms
query [15010]: # of matches found 31879 and it took: 112947ms
query [15011]: # of matches found 32231 and it took: 112812ms
query [15012]: # of matches found 32113 and it took: 112518ms
query [15013]: # of matches found 32113 and it took: 111982ms
query [15014]: # of matches found 32343 and it took: 112197ms
query [15015]: # of matches found 30992 and it took: 113868ms
query [15016]: # of matches found 31195 and it took: 113268ms
