no kmerRangesFileAddressArg!
no otherToolArg!
**********************CONFIGURATIONS*****************************
PARMIK mode:                  3
readDatabaseAddress:          /p/lava/parmik/partialMatcherProject/datasets/metagenomicDB/SRR12432009/SRR12432009_reads
readFileName:                 SRR12432009_reads
queryFileAddress:             /p/lava/parmik/partialMatcherProject/datasets/queryFiles/covidQueryFiles/SarsGenome_chunks/SarsGenome_queries_13000-13999
queryFileName:                SarsGenome_queries_13000-13999
otherToolOutputFileAddress:   /u/rgq5aw/GIT/PARMIK/partialMatcherProject/tools/blast/SRR12432009/SarsGenome/blastn_ws30_results.out
outputDir:                    /p/lava/parmik/partialMatcherProject/tools/baseline_ssw/SRR12432009/SarsGenome
penaltyFileAddress:           /u/rgq5aw/GIT/PARMIK/experiments/parmik/CK_SSW_ID_PRCNTG/PenaltySets/2484_1111_2444_2288_2848
kmerRangesFileAddress:        
readsCount:                   17000000
queryCount:                   30000
kmerLength:                   11
regionSize:                   48
cheapKmerThreshold:           0
identityPercentage:           0.85
minExactMatchLen:             0
minNumExactMatchKmer:         0
isIndexOffline:               1
offlineIndexAddress:          /p/lava/parmik/partialMatcherProject/tools/parmik/CK_INDEX/SRR12432009/
max editDistance in min region: 2
**********************CONFIGURATIONS*****************************
--------------Penalties--------------
m: 2, s: 4, go: 8, ge: 4
m: 1, s: 1, go: 1, ge: 1
m: 2, s: 4, go: 4, ge: 4
m: 2, s: 2, go: 8, ge: 8
m: 2, s: 8, go: 4, ge: 8
------------------------------------
numberOfReadsWithN : 0
queryCount : 1000
numberOfReadsWithN : 0
readCount : 16344647
offlineCheapIndexAddress: /p/lava/parmik/partialMatcherProject/tools/parmik/CK_INDEX/SRR12432009/ck_T0_K11_r17000000
pmrkAlignmentsAddress: /p/lava/parmik/partialMatcherProject/tools/baseline_ssw/SRR12432009/SarsGenome/aln/pmAln_R48_PI85_L0_M0_E2_K11_T0_P_2484_1111_2444_2288_2848.txt
Starting alignment for all queries [fwd]...
queryBaseIndex: 13000
query [13000]: # of matches found 20890 and it took: 110502ms
query [13001]: # of matches found 20836 and it took: 108151ms
query [13002]: # of matches found 20598 and it took: 111376ms
query [13003]: # of matches found 20488 and it took: 106008ms
query [13004]: # of matches found 19717 and it took: 107703ms
query [13005]: # of matches found 19397 and it took: 112768ms
query [13006]: # of matches found 19286 and it took: 111139ms
query [13007]: # of matches found 19253 and it took: 107893ms
query [13008]: # of matches found 21365 and it took: 111089ms
query [13009]: # of matches found 21315 and it took: 110879ms
query [13010]: # of matches found 21366 and it took: 108037ms
query [13011]: # of matches found 24449 and it took: 109628ms
query [13012]: # of matches found 24493 and it took: 110720ms
query [13013]: # of matches found 24626 and it took: 108511ms
query [13014]: # of matches found 24858 and it took: 113117ms
query [13015]: # of matches found 25013 and it took: 114084ms
query [13016]: # of matches found 25193 and it took: 111709ms
query [13017]: # of matches found 25400 and it took: 113414ms
query [13018]: # of matches found 25705 and it took: 116950ms
query [13019]: # of matches found 25776 and it took: 112170ms
