no kmerRangesFileAddressArg!
no otherToolArg!
**********************CONFIGURATIONS*****************************
PARMIK mode:                  3
readDatabaseAddress:          /p/lava/parmik/partialMatcherProject/datasets/metagenomicDB/SRR12432009/SRR12432009_reads
readFileName:                 SRR12432009_reads
queryFileAddress:             /p/lava/parmik/partialMatcherProject/datasets/queryFiles/covidQueryFiles/SarsGenome_chunks/SarsGenome_queries_22000-22999
queryFileName:                SarsGenome_queries_22000-22999
otherToolOutputFileAddress:   /u/rgq5aw/GIT/PARMIK/partialMatcherProject/tools/blast/SRR12432009/SarsGenome/blastn_ws30_results.out
outputDir:                    /p/lava/parmik/partialMatcherProject/tools/baseline_ssw/SRR12432009/SarsGenome
penaltyFileAddress:           /u/rgq5aw/GIT/PARMIK/experiments/parmik/CK_SSW_ID_PRCNTG/PenaltySets/2484_1111_2444_2288_2848
kmerRangesFileAddress:        
readsCount:                   17000000
queryCount:                   30000
kmerLength:                   11
regionSize:                   48
cheapKmerThreshold:           0
identityPercentage:           0.85
minExactMatchLen:             0
minNumExactMatchKmer:         0
isIndexOffline:               1
offlineIndexAddress:          /p/lava/parmik/partialMatcherProject/tools/parmik/CK_INDEX/SRR12432009/
max editDistance in min region: 2
**********************CONFIGURATIONS*****************************
--------------Penalties--------------
m: 2, s: 4, go: 8, ge: 4
m: 1, s: 1, go: 1, ge: 1
m: 2, s: 4, go: 4, ge: 4
m: 2, s: 2, go: 8, ge: 8
m: 2, s: 8, go: 4, ge: 8
------------------------------------
numberOfReadsWithN : 0
queryCount : 1000
numberOfReadsWithN : 0
readCount : 16344647
offlineCheapIndexAddress: /p/lava/parmik/partialMatcherProject/tools/parmik/CK_INDEX/SRR12432009/ck_T0_K11_r17000000
pmrkAlignmentsAddress: /p/lava/parmik/partialMatcherProject/tools/baseline_ssw/SRR12432009/SarsGenome/aln/pmAln_R48_PI85_L0_M0_E2_K11_T0_P_2484_1111_2444_2288_2848.txt
Starting alignment for all queries [fwd]...
queryBaseIndex: 22000
query [22000]: # of matches found 41932 and it took: 88784.1ms
query [22001]: # of matches found 41811 and it took: 88951ms
query [22002]: # of matches found 41054 and it took: 88018.1ms
query [22003]: # of matches found 41093 and it took: 88312.4ms
query [22004]: # of matches found 41063 and it took: 87778.6ms
query [22005]: # of matches found 41099 and it took: 87727.1ms
query [22006]: # of matches found 41119 and it took: 87894.1ms
query [22007]: # of matches found 38410 and it took: 87718.1ms
query [22008]: # of matches found 38413 and it took: 87700.9ms
query [22009]: # of matches found 38258 and it took: 87832ms
query [22010]: # of matches found 37980 and it took: 88843.6ms
query [22011]: # of matches found 37884 and it took: 88072.9ms
query [22012]: # of matches found 37742 and it took: 87071.8ms
query [22013]: # of matches found 37767 and it took: 87788.5ms
query [22014]: # of matches found 37765 and it took: 87414.5ms
query [22015]: # of matches found 37740 and it took: 88039.6ms
