no kmerRangesFileAddressArg!
no otherToolArg!
**********************CONFIGURATIONS*****************************
PARMIK mode:                  3
readDatabaseAddress:          /p/lava/parmik/partialMatcherProject/datasets/metagenomicDB/SRR12432009/SRR12432009_reads
readFileName:                 SRR12432009_reads
queryFileAddress:             /p/lava/parmik/partialMatcherProject/datasets/queryFiles/covidQueryFiles/SarsGenome_chunks/SarsGenome_queries_28000-28999
queryFileName:                SarsGenome_queries_28000-28999
otherToolOutputFileAddress:   /u/rgq5aw/GIT/PARMIK/partialMatcherProject/tools/blast/SRR12432009/SarsGenome/blastn_ws30_results.out
outputDir:                    /p/lava/parmik/partialMatcherProject/tools/baseline_ssw/SRR12432009/SarsGenome
penaltyFileAddress:           /u/rgq5aw/GIT/PARMIK/experiments/parmik/CK_SSW_ID_PRCNTG/PenaltySets/2484_1111_2444_2288_2848
kmerRangesFileAddress:        
readsCount:                   17000000
queryCount:                   30000
kmerLength:                   11
regionSize:                   48
cheapKmerThreshold:           0
identityPercentage:           0.85
minExactMatchLen:             0
minNumExactMatchKmer:         0
isIndexOffline:               1
offlineIndexAddress:          /p/lava/parmik/partialMatcherProject/tools/parmik/CK_INDEX/SRR12432009/
max editDistance in min region: 2
**********************CONFIGURATIONS*****************************
--------------Penalties--------------
m: 2, s: 4, go: 8, ge: 4
m: 1, s: 1, go: 1, ge: 1
m: 2, s: 4, go: 4, ge: 4
m: 2, s: 2, go: 8, ge: 8
m: 2, s: 8, go: 4, ge: 8
------------------------------------
numberOfReadsWithN : 0
queryCount : 1000
numberOfReadsWithN : 0
readCount : 16344647
offlineCheapIndexAddress: /p/lava/parmik/partialMatcherProject/tools/parmik/CK_INDEX/SRR12432009/ck_T0_K11_r17000000
pmrkAlignmentsAddress: /p/lava/parmik/partialMatcherProject/tools/baseline_ssw/SRR12432009/SarsGenome/aln/pmAln_R48_PI85_L0_M0_E2_K11_T0_P_2484_1111_2444_2288_2848.txt
Starting alignment for all queries [fwd]...
queryBaseIndex: 28000
query [28000]: # of matches found 72109 and it took: 129129ms
query [28001]: # of matches found 72076 and it took: 128114ms
query [28002]: # of matches found 72214 and it took: 127457ms
query [28003]: # of matches found 70691 and it took: 127551ms
query [28004]: # of matches found 70727 and it took: 127014ms
query [28005]: # of matches found 70711 and it took: 127041ms
query [28006]: # of matches found 70647 and it took: 123977ms
query [28007]: # of matches found 70301 and it took: 126602ms
query [28008]: # of matches found 70109 and it took: 122852ms
query [28009]: # of matches found 70003 and it took: 124568ms
query [28010]: # of matches found 69861 and it took: 124430ms
query [28011]: # of matches found 69761 and it took: 124164ms
query [28012]: # of matches found 69587 and it took: 123417ms
query [28013]: # of matches found 69606 and it took: 124094ms
query [28014]: # of matches found 69860 and it took: 122968ms
query [28015]: # of matches found 69679 and it took: 123514ms
query [28016]: # of matches found 69629 and it took: 122854ms
query [28017]: # of matches found 68533 and it took: 123968ms
query [28018]: # of matches found 68206 and it took: 121299ms
query [28019]: # of matches found 67468 and it took: 123380ms
query [28020]: # of matches found 67092 and it took: 123379ms
query [28021]: # of matches found 66812 and it took: 123465ms
query [28022]: # of matches found 66771 and it took: 123447ms
query [28023]: # of matches found 67129 and it took: 123340ms
query [28024]: # of matches found 67342 and it took: 122363ms
query [28025]: # of matches found 67378 and it took: 122926ms
query [28026]: # of matches found 67586 and it took: 122204ms
query [28027]: # of matches found 67715 and it took: 122957ms
query [28028]: # of matches found 67761 and it took: 121353ms
query [28029]: # of matches found 67767 and it took: 123599ms
query [28030]: # of matches found 67764 and it took: 123349ms
query [28031]: # of matches found 67735 and it took: 123150ms
query [28032]: # of matches found 67739 and it took: 120848ms
query [28033]: # of matches found 67774 and it took: 121057ms
query [28034]: # of matches found 67858 and it took: 120460ms
query [28035]: # of matches found 67686 and it took: 121299ms
query [28036]: # of matches found 67703 and it took: 120647ms
query [28037]: # of matches found 31333 and it took: 120607ms
query [28038]: # of matches found 30058 and it took: 119955ms
query [28039]: # of matches found 30427 and it took: 121496ms
query [28040]: # of matches found 30451 and it took: 121144ms
query [28041]: # of matches found 30560 and it took: 121541ms
query [28042]: # of matches found 30628 and it took: 121417ms
query [28043]: # of matches found 30638 and it took: 120848ms
query [28044]: # of matches found 31038 and it took: 120724ms
query [28045]: # of matches found 31041 and it took: 120742ms
query [28046]: # of matches found 31038 and it took: 120170ms
query [28047]: # of matches found 31033 and it took: 120903ms
query [28048]: # of matches found 30957 and it took: 120729ms
query [28049]: # of matches found 30861 and it took: 122310ms
query [28050]: # of matches found 30726 and it took: 122079ms
query [28051]: # of matches found 30649 and it took: 122389ms
query [28052]: # of matches found 30679 and it took: 121739ms
query [28053]: # of matches found 30600 and it took: 121530ms
query [28054]: # of matches found 30571 and it took: 121318ms
query [28055]: # of matches found 30518 and it took: 121075ms
query [28056]: # of matches found 30122 and it took: 121031ms
query [28057]: # of matches found 29783 and it took: 121191ms
query [28058]: # of matches found 29857 and it took: 121337ms
query [28059]: # of matches found 29859 and it took: 121504ms
query [28060]: # of matches found 29523 and it took: 121510ms
query [28061]: # of matches found 29247 and it took: 122138ms
query [28062]: # of matches found 29116 and it took: 122105ms
query [28063]: # of matches found 29134 and it took: 122552ms
query [28064]: # of matches found 29013 and it took: 122656ms
query [28065]: # of matches found 28785 and it took: 122609ms
query [28066]: # of matches found 28443 and it took: 122386ms
query [28067]: # of matches found 28312 and it took: 122976ms
query [28068]: # of matches found 28287 and it took: 123619ms
query [28069]: # of matches found 27919 and it took: 124014ms
query [28070]: # of matches found 28033 and it took: 123437ms
query [28071]: # of matches found 28014 and it took: 124048ms
query [28072]: # of matches found 28005 and it took: 123927ms
query [28073]: # of matches found 27932 and it took: 124691ms
query [28074]: # of matches found 27938 and it took: 124125ms
query [28075]: # of matches found 27944 and it took: 124701ms
query [28076]: # of matches found 27965 and it took: 124488ms
query [28077]: # of matches found 28027 and it took: 124890ms
query [28078]: # of matches found 28111 and it took: 125897ms
query [28079]: # of matches found 28152 and it took: 125784ms
query [28080]: # of matches found 28198 and it took: 125368ms
query [28081]: # of matches found 28279 and it took: 126156ms
query [28082]: # of matches found 28508 and it took: 126716ms
query [28083]: # of matches found 28795 and it took: 127084ms
query [28084]: # of matches found 29731 and it took: 127025ms
query [28085]: # of matches found 30614 and it took: 126924ms
query [28086]: # of matches found 30720 and it took: 126136ms
query [28087]: # of matches found 28476 and it took: 126444ms
query [28088]: # of matches found 28461 and it took: 126567ms
query [28089]: # of matches found 27930 and it took: 126708ms
query [28090]: # of matches found 27941 and it took: 126143ms
query [28091]: # of matches found 27796 and it took: 126750ms
query [28092]: # of matches found 27720 and it took: 126792ms
query [28093]: # of matches found 27519 and it took: 127344ms
query [28094]: # of matches found 27426 and it took: 127480ms
query [28095]: # of matches found 26843 and it took: 127327ms
query [28096]: # of matches found 25956 and it took: 126940ms
query [28097]: # of matches found 26147 and it took: 127757ms
query [28098]: # of matches found 26299 and it took: 128373ms
query [28099]: # of matches found 37376 and it took: 129071ms
query [28100]: # of matches found 171148 and it took: 128398ms
query [28101]: # of matches found 171254 and it took: 129204ms
query [28102]: # of matches found 171447 and it took: 128932ms
query [28103]: # of matches found 171508 and it took: 128533ms
query [28104]: # of matches found 171381 and it took: 128260ms
query [28105]: # of matches found 171278 and it took: 128424ms
query [28106]: # of matches found 171244 and it took: 127548ms
query [28107]: # of matches found 171307 and it took: 127944ms
query [28108]: # of matches found 171400 and it took: 128139ms
query [28109]: # of matches found 171290 and it took: 128200ms
query [28110]: # of matches found 170726 and it took: 127643ms
query [28111]: # of matches found 170351 and it took: 128962ms
query [28112]: # of matches found 169970 and it took: 128851ms
query [28113]: # of matches found 169097 and it took: 128904ms
query [28114]: # of matches found 169040 and it took: 127823ms
query [28115]: # of matches found 168189 and it took: 128062ms
query [28116]: # of matches found 168227 and it took: 124906ms
query [28117]: # of matches found 168149 and it took: 125043ms
query [28118]: # of matches found 168104 and it took: 125641ms
query [28119]: # of matches found 167898 and it took: 125453ms
query [28120]: # of matches found 167974 and it took: 123891ms
query [28121]: # of matches found 167908 and it took: 124396ms
query [28122]: # of matches found 167709 and it took: 124079ms
query [28123]: # of matches found 167696 and it took: 124010ms
query [28124]: # of matches found 167457 and it took: 124769ms
query [28125]: # of matches found 167374 and it took: 124252ms
query [28126]: # of matches found 167453 and it took: 123204ms
query [28127]: # of matches found 167466 and it took: 122664ms
query [28128]: # of matches found 167630 and it took: 123883ms
query [28129]: # of matches found 167617 and it took: 123855ms
query [28130]: # of matches found 167514 and it took: 122560ms
query [28131]: # of matches found 167461 and it took: 124306ms
query [28132]: # of matches found 167461 and it took: 124605ms
query [28133]: # of matches found 167442 and it took: 124127ms
query [28134]: # of matches found 167442 and it took: 124967ms
query [28135]: # of matches found 167401 and it took: 124755ms
query [28136]: # of matches found 167293 and it took: 123811ms
query [28137]: # of matches found 167101 and it took: 123713ms
query [28138]: # of matches found 166973 and it took: 125551ms
query [28139]: # of matches found 166881 and it took: 125708ms
query [28140]: # of matches found 166781 and it took: 124936ms
query [28141]: # of matches found 166812 and it took: 126439ms
query [28142]: # of matches found 166743 and it took: 126686ms
query [28143]: # of matches found 166726 and it took: 125939ms
query [28144]: # of matches found 166671 and it took: 126895ms
query [28145]: # of matches found 166677 and it took: 127452ms
query [28146]: # of matches found 166788 and it took: 126130ms
query [28147]: # of matches found 166852 and it took: 126474ms
query [28148]: # of matches found 166923 and it took: 126965ms
query [28149]: # of matches found 167040 and it took: 126390ms
query [28150]: # of matches found 167077 and it took: 125913ms
query [28151]: # of matches found 167030 and it took: 127636ms
query [28152]: # of matches found 167064 and it took: 128209ms
query [28153]: # of matches found 166991 and it took: 126940ms
query [28154]: # of matches found 166138 and it took: 127637ms
query [28155]: # of matches found 166078 and it took: 128912ms
query [28156]: # of matches found 165293 and it took: 128268ms
query [28157]: # of matches found 165307 and it took: 129119ms
query [28158]: # of matches found 165407 and it took: 129752ms
query [28159]: # of matches found 165509 and it took: 129491ms
query [28160]: # of matches found 165902 and it took: 129266ms
query [28161]: # of matches found 166335 and it took: 130949ms
query [28162]: # of matches found 166530 and it took: 130731ms
query [28163]: # of matches found 166665 and it took: 129445ms
query [28164]: # of matches found 166287 and it took: 130123ms
query [28165]: # of matches found 166268 and it took: 130984ms
query [28166]: # of matches found 166184 and it took: 129976ms
query [28167]: # of matches found 166111 and it took: 130089ms
query [28168]: # of matches found 166032 and it took: 130009ms
query [28169]: # of matches found 166104 and it took: 129472ms
query [28170]: # of matches found 166151 and it took: 129338ms
query [28171]: # of matches found 166137 and it took: 130908ms
query [28172]: # of matches found 166157 and it took: 130926ms
query [28173]: # of matches found 166142 and it took: 129665ms
query [28174]: # of matches found 166033 and it took: 130089ms
query [28175]: # of matches found 166045 and it took: 131488ms
query [28176]: # of matches found 166021 and it took: 130604ms
query [28177]: # of matches found 165961 and it took: 130126ms
query [28178]: # of matches found 165891 and it took: 131120ms
query [28179]: # of matches found 165532 and it took: 130339ms
query [28180]: # of matches found 165832 and it took: 131456ms
query [28181]: # of matches found 165860 and it took: 132436ms
query [28182]: # of matches found 165814 and it took: 131907ms
query [28183]: # of matches found 165844 and it took: 131366ms
query [28184]: # of matches found 165998 and it took: 131814ms
query [28185]: # of matches found 166045 and it took: 133367ms
query [28186]: # of matches found 166519 and it took: 132985ms
query [28187]: # of matches found 167303 and it took: 132690ms
query [28188]: # of matches found 167498 and it took: 132711ms
query [28189]: # of matches found 167476 and it took: 130827ms
query [28190]: # of matches found 167431 and it took: 131684ms
query [28191]: # of matches found 167380 and it took: 133094ms
query [28192]: # of matches found 167920 and it took: 132312ms
query [28193]: # of matches found 167943 and it took: 131961ms
query [28194]: # of matches found 167901 and it took: 132067ms
query [28195]: # of matches found 167867 and it took: 133711ms
query [28196]: # of matches found 167812 and it took: 133304ms
query [28197]: # of matches found 168285 and it took: 132909ms
query [28198]: # of matches found 168293 and it took: 133085ms
query [28199]: # of matches found 168444 and it took: 131036ms
query [28200]: # of matches found 168413 and it took: 132359ms
query [28201]: # of matches found 168548 and it took: 133340ms
query [28202]: # of matches found 168699 and it took: 132838ms
query [28203]: # of matches found 168649 and it took: 132353ms
query [28204]: # of matches found 168694 and it took: 132026ms
query [28205]: # of matches found 168788 and it took: 133773ms
query [28206]: # of matches found 168689 and it took: 132901ms
query [28207]: # of matches found 168641 and it took: 132599ms
query [28208]: # of matches found 168591 and it took: 133009ms
query [28209]: # of matches found 168522 and it took: 131229ms
query [28210]: # of matches found 168272 and it took: 134061ms
query [28211]: # of matches found 168271 and it took: 132424ms
query [28212]: # of matches found 168268 and it took: 131600ms
query [28213]: # of matches found 168300 and it took: 132406ms
query [28214]: # of matches found 168342 and it took: 131883ms
query [28215]: # of matches found 168479 and it took: 134145ms
query [28216]: # of matches found 168620 and it took: 134149ms
query [28217]: # of matches found 168697 and it took: 134046ms
query [28218]: # of matches found 168646 and it took: 134244ms
query [28219]: # of matches found 168712 and it took: 132270ms
query [28220]: # of matches found 168752 and it took: 134632ms
query [28221]: # of matches found 168780 and it took: 134457ms
query [28222]: # of matches found 168972 and it took: 133542ms
query [28223]: # of matches found 168912 and it took: 134594ms
query [28224]: # of matches found 168194 and it took: 133279ms
query [28225]: # of matches found 166964 and it took: 135690ms
query [28226]: # of matches found 166851 and it took: 135210ms
query [28227]: # of matches found 166312 and it took: 134715ms
query [28228]: # of matches found 166259 and it took: 134831ms
query [28229]: # of matches found 166327 and it took: 133053ms
query [28230]: # of matches found 166194 and it took: 135571ms
query [28231]: # of matches found 166148 and it took: 134827ms
query [28232]: # of matches found 166108 and it took: 134243ms
query [28233]: # of matches found 165834 and it took: 135969ms
query [28234]: # of matches found 165625 and it took: 135204ms
query [28235]: # of matches found 165474 and it took: 137500ms
query [28236]: # of matches found 165562 and it took: 136681ms
query [28237]: # of matches found 165586 and it took: 136064ms
query [28238]: # of matches found 165414 and it took: 135932ms
query [28239]: # of matches found 154434 and it took: 134635ms
query [28240]: # of matches found 22069 and it took: 136411ms
query [28241]: # of matches found 20485 and it took: 135588ms
query [28242]: # of matches found 20111 and it took: 134535ms
query [28243]: # of matches found 19927 and it took: 136802ms
query [28244]: # of matches found 29272 and it took: 135267ms
query [28245]: # of matches found 29319 and it took: 137743ms
query [28246]: # of matches found 29317 and it took: 136948ms
query [28247]: # of matches found 29251 and it took: 136643ms
query [28248]: # of matches found 29095 and it took: 136284ms
query [28249]: # of matches found 28905 and it took: 136427ms
query [28250]: # of matches found 28851 and it took: 137011ms
query [28251]: # of matches found 28835 and it took: 137189ms
query [28252]: # of matches found 28833 and it took: 136140ms
query [28253]: # of matches found 28811 and it took: 137589ms
query [28254]: # of matches found 28836 and it took: 135916ms
query [28255]: # of matches found 29360 and it took: 137954ms
query [28256]: # of matches found 29627 and it took: 137307ms
query [28257]: # of matches found 29593 and it took: 137720ms
query [28258]: # of matches found 29589 and it took: 138114ms
query [28259]: # of matches found 29809 and it took: 138407ms
query [28260]: # of matches found 29837 and it took: 138775ms
query [28261]: # of matches found 29711 and it took: 139333ms
query [28262]: # of matches found 30021 and it took: 138901ms
query [28263]: # of matches found 30668 and it took: 141315ms
query [28264]: # of matches found 34873 and it took: 140040ms
query [28265]: # of matches found 36408 and it took: 142237ms
query [28266]: # of matches found 36838 and it took: 141043ms
query [28267]: # of matches found 37157 and it took: 139220ms
query [28268]: # of matches found 37470 and it took: 139555ms
query [28269]: # of matches found 37462 and it took: 138488ms
query [28270]: # of matches found 37780 and it took: 138523ms
query [28271]: # of matches found 37899 and it took: 139061ms
query [28272]: # of matches found 38043 and it took: 137563ms
query [28273]: # of matches found 38242 and it took: 139566ms
query [28274]: # of matches found 38396 and it took: 138956ms
query [28275]: # of matches found 38471 and it took: 143795ms
query [28276]: # of matches found 38597 and it took: 143369ms
query [28277]: # of matches found 38740 and it took: 142649ms
query [28278]: # of matches found 38928 and it took: 142092ms
query [28279]: # of matches found 39210 and it took: 140152ms
query [28280]: # of matches found 39803 and it took: 140051ms
query [28281]: # of matches found 40140 and it took: 141185ms
query [28282]: # of matches found 40218 and it took: 135418ms
query [28283]: # of matches found 40260 and it took: 140070ms
query [28284]: # of matches found 40330 and it took: 139246ms
query [28285]: # of matches found 40581 and it took: 139187ms
query [28286]: # of matches found 40620 and it took: 138592ms
query [28287]: # of matches found 40548 and it took: 138611ms
query [28288]: # of matches found 40556 and it took: 139170ms
query [28289]: # of matches found 40654 and it took: 137383ms
query [28290]: # of matches found 40713 and it took: 136710ms
query [28291]: # of matches found 40895 and it took: 137758ms
query [28292]: # of matches found 41137 and it took: 133780ms
query [28293]: # of matches found 41249 and it took: 138383ms
query [28294]: # of matches found 41785 and it took: 138240ms
query [28295]: # of matches found 41797 and it took: 138237ms
query [28296]: # of matches found 41902 and it took: 138002ms
query [28297]: # of matches found 41880 and it took: 138271ms
query [28298]: # of matches found 41904 and it took: 138557ms
query [28299]: # of matches found 42183 and it took: 136995ms
query [28300]: # of matches found 41823 and it took: 136639ms
query [28301]: # of matches found 41561 and it took: 139048ms
query [28302]: # of matches found 41458 and it took: 134284ms
query [28303]: # of matches found 41211 and it took: 139252ms
query [28304]: # of matches found 41238 and it took: 139026ms
query [28305]: # of matches found 41812 and it took: 139375ms
query [28306]: # of matches found 41658 and it took: 139226ms
query [28307]: # of matches found 41768 and it took: 139645ms
query [28308]: # of matches found 41774 and it took: 139328ms
query [28309]: # of matches found 41928 and it took: 138436ms
query [28310]: # of matches found 41974 and it took: 137899ms
query [28311]: # of matches found 41974 and it took: 139019ms
query [28312]: # of matches found 41922 and it took: 135512ms
query [28313]: # of matches found 41902 and it took: 140061ms
query [28314]: # of matches found 41875 and it took: 140815ms
query [28315]: # of matches found 41857 and it took: 141376ms
query [28316]: # of matches found 41825 and it took: 140706ms
query [28317]: # of matches found 41942 and it took: 141233ms
query [28318]: # of matches found 41843 and it took: 141884ms
query [28319]: # of matches found 41832 and it took: 140272ms
query [28320]: # of matches found 41609 and it took: 140013ms
query [28321]: # of matches found 41865 and it took: 141356ms
query [28322]: # of matches found 42296 and it took: 138116ms
query [28323]: # of matches found 42726 and it took: 141782ms
query [28324]: # of matches found 42679 and it took: 141468ms
query [28325]: # of matches found 42452 and it took: 142633ms
query [28326]: # of matches found 43475 and it took: 141847ms
query [28327]: # of matches found 42899 and it took: 141354ms
query [28328]: # of matches found 42827 and it took: 141917ms
query [28329]: # of matches found 42811 and it took: 140104ms
query [28330]: # of matches found 42830 and it took: 140018ms
query [28331]: # of matches found 42985 and it took: 141613ms
query [28332]: # of matches found 43198 and it took: 138319ms
query [28333]: # of matches found 42665 and it took: 141315ms
query [28334]: # of matches found 42718 and it took: 141499ms
query [28335]: # of matches found 42697 and it took: 142359ms
query [28336]: # of matches found 43001 and it took: 140016ms
query [28337]: # of matches found 42679 and it took: 139584ms
query [28338]: # of matches found 42605 and it took: 140536ms
query [28339]: # of matches found 42704 and it took: 139211ms
query [28340]: # of matches found 42588 and it took: 139218ms
query [28341]: # of matches found 42329 and it took: 139890ms
query [28342]: # of matches found 42028 and it took: 136696ms
query [28343]: # of matches found 41964 and it took: 139728ms
query [28344]: # of matches found 41862 and it took: 139946ms
query [28345]: # of matches found 41869 and it took: 141055ms
query [28346]: # of matches found 42131 and it took: 140940ms
query [28347]: # of matches found 42103 and it took: 141151ms
query [28348]: # of matches found 42096 and it took: 141128ms
query [28349]: # of matches found 42061 and it took: 139583ms
query [28350]: # of matches found 42118 and it took: 140386ms
query [28351]: # of matches found 42183 and it took: 141293ms
query [28352]: # of matches found 42430 and it took: 135843ms
query [28353]: # of matches found 42407 and it took: 136934ms
query [28354]: # of matches found 42415 and it took: 136694ms
query [28355]: # of matches found 42335 and it took: 137742ms
query [28356]: # of matches found 42255 and it took: 137316ms
query [28357]: # of matches found 42502 and it took: 136547ms
query [28358]: # of matches found 42758 and it took: 136907ms
query [28359]: # of matches found 43924 and it took: 136638ms
query [28360]: # of matches found 44001 and it took: 136269ms
query [28361]: # of matches found 44287 and it took: 135895ms
query [28362]: # of matches found 44437 and it took: 134407ms
query [28363]: # of matches found 44348 and it took: 135568ms
query [28364]: # of matches found 44335 and it took: 133017ms
query [28365]: # of matches found 44601 and it took: 133783ms
query [28366]: # of matches found 44581 and it took: 133233ms
query [28367]: # of matches found 44462 and it took: 133568ms
query [28368]: # of matches found 44378 and it took: 134698ms
query [28369]: # of matches found 44934 and it took: 133833ms
query [28370]: # of matches found 44955 and it took: 134155ms
query [28371]: # of matches found 44845 and it took: 134970ms
query [28372]: # of matches found 44821 and it took: 136191ms
query [28373]: # of matches found 44841 and it took: 134127ms
query [28374]: # of matches found 44833 and it took: 133751ms
query [28375]: # of matches found 44859 and it took: 133449ms
query [28376]: # of matches found 44512 and it took: 133235ms
query [28377]: # of matches found 44119 and it took: 133280ms
query [28378]: # of matches found 44113 and it took: 134260ms
query [28379]: # of matches found 44164 and it took: 133520ms
query [28380]: # of matches found 44147 and it took: 133865ms
query [28381]: # of matches found 44134 and it took: 134238ms
query [28382]: # of matches found 44007 and it took: 135943ms
query [28383]: # of matches found 44035 and it took: 134726ms
query [28384]: # of matches found 34611 and it took: 134198ms
query [28385]: # of matches found 34565 and it took: 135984ms
query [28386]: # of matches found 34649 and it took: 136856ms
query [28387]: # of matches found 34677 and it took: 136297ms
query [28388]: # of matches found 34717 and it took: 137408ms
query [28389]: # of matches found 34740 and it took: 136796ms
query [28390]: # of matches found 34945 and it took: 137490ms
query [28391]: # of matches found 35374 and it took: 138610ms
query [28392]: # of matches found 35353 and it took: 139232ms
query [28393]: # of matches found 35379 and it took: 137766ms
query [28394]: # of matches found 35391 and it took: 136253ms
query [28395]: # of matches found 34912 and it took: 136487ms
query [28396]: # of matches found 34531 and it took: 136473ms
query [28397]: # of matches found 34507 and it took: 136732ms
query [28398]: # of matches found 34434 and it took: 136664ms
query [28399]: # of matches found 34228 and it took: 135954ms
query [28400]: # of matches found 34195 and it took: 136981ms
query [28401]: # of matches found 34162 and it took: 136171ms
query [28402]: # of matches found 33933 and it took: 136532ms
query [28403]: # of matches found 33613 and it took: 134901ms
query [28404]: # of matches found 29209 and it took: 134360ms
query [28405]: # of matches found 27930 and it took: 135233ms
query [28406]: # of matches found 27597 and it took: 134814ms
query [28407]: # of matches found 27314 and it took: 135340ms
query [28408]: # of matches found 26891 and it took: 135937ms
query [28409]: # of matches found 26768 and it took: 135569ms
query [28410]: # of matches found 26455 and it took: 136905ms
query [28411]: # of matches found 26339 and it took: 136348ms
query [28412]: # of matches found 26225 and it took: 137203ms
query [28413]: # of matches found 26177 and it took: 135093ms
query [28414]: # of matches found 26029 and it took: 134789ms
query [28415]: # of matches found 25920 and it took: 136520ms
query [28416]: # of matches found 25905 and it took: 136380ms
query [28417]: # of matches found 25907 and it took: 136416ms
query [28418]: # of matches found 25741 and it took: 137759ms
query [28419]: # of matches found 25532 and it took: 136215ms
query [28420]: # of matches found 24961 and it took: 138156ms
query [28421]: # of matches found 24636 and it took: 137740ms
query [28422]: # of matches found 24400 and it took: 138792ms
query [28423]: # of matches found 24318 and it took: 135902ms
query [28424]: # of matches found 24341 and it took: 135869ms
query [28425]: # of matches found 24142 and it took: 137099ms
query [28426]: # of matches found 24058 and it took: 136705ms
query [28427]: # of matches found 23943 and it took: 137674ms
query [28428]: # of matches found 24038 and it took: 137299ms
query [28429]: # of matches found 23929 and it took: 136799ms
query [28430]: # of matches found 23934 and it took: 138481ms
query [28431]: # of matches found 24068 and it took: 136968ms
query [28432]: # of matches found 23907 and it took: 137514ms
query [28433]: # of matches found 23694 and it took: 135231ms
query [28434]: # of matches found 23027 and it took: 134789ms
query [28435]: # of matches found 23024 and it took: 135740ms
query [28436]: # of matches found 22875 and it took: 134755ms
query [28437]: # of matches found 22765 and it took: 134742ms
query [28438]: # of matches found 22670 and it took: 134759ms
query [28439]: # of matches found 22353 and it took: 133827ms
query [28440]: # of matches found 22326 and it took: 135982ms
query [28441]: # of matches found 22412 and it took: 134605ms
query [28442]: # of matches found 22450 and it took: 135642ms
query [28443]: # of matches found 22924 and it took: 134532ms
query [28444]: # of matches found 23098 and it took: 133447ms
query [28445]: # of matches found 23276 and it took: 133538ms
query [28446]: # of matches found 22755 and it took: 133213ms
query [28447]: # of matches found 22693 and it took: 133378ms
query [28448]: # of matches found 23169 and it took: 132108ms
query [28449]: # of matches found 23130 and it took: 131222ms
query [28450]: # of matches found 22749 and it took: 132791ms
query [28451]: # of matches found 22736 and it took: 132361ms
query [28452]: # of matches found 22741 and it took: 133052ms
query [28453]: # of matches found 22820 and it took: 130541ms
query [28454]: # of matches found 22838 and it took: 129961ms
query [28455]: # of matches found 22894 and it took: 129985ms
query [28456]: # of matches found 23162 and it took: 129427ms
query [28457]: # of matches found 23261 and it took: 130428ms
query [28458]: # of matches found 23291 and it took: 129790ms
query [28459]: # of matches found 26713 and it took: 128710ms
query [28460]: # of matches found 26951 and it took: 130378ms
query [28461]: # of matches found 27318 and it took: 129889ms
query [28462]: # of matches found 27013 and it took: 131199ms
query [28463]: # of matches found 26833 and it took: 130021ms
query [28464]: # of matches found 26638 and it took: 129982ms
query [28465]: # of matches found 26716 and it took: 129931ms
query [28466]: # of matches found 26486 and it took: 129026ms
query [28467]: # of matches found 26359 and it took: 130319ms
query [28468]: # of matches found 26250 and it took: 130135ms
query [28469]: # of matches found 25287 and it took: 129462ms
query [28470]: # of matches found 25455 and it took: 130049ms
query [28471]: # of matches found 25482 and it took: 129609ms
query [28472]: # of matches found 25377 and it took: 130060ms
query [28473]: # of matches found 25281 and it took: 129267ms
query [28474]: # of matches found 25329 and it took: 129100ms
query [28475]: # of matches found 25300 and it took: 129355ms
query [28476]: # of matches found 25547 and it took: 129182ms
query [28477]: # of matches found 26540 and it took: 129433ms
query [28478]: # of matches found 26486 and it took: 128503ms
query [28479]: # of matches found 26850 and it took: 128360ms
query [28480]: # of matches found 26972 and it took: 129458ms
query [28481]: # of matches found 27076 and it took: 128820ms
query [28482]: # of matches found 27291 and it took: 129971ms
query [28483]: # of matches found 27405 and it took: 128327ms
query [28484]: # of matches found 27417 and it took: 128462ms
query [28485]: # of matches found 27493 and it took: 127963ms
query [28486]: # of matches found 27297 and it took: 127336ms
query [28487]: # of matches found 27274 and it took: 127941ms
query [28488]: # of matches found 27376 and it took: 127941ms
query [28489]: # of matches found 27373 and it took: 126965ms
query [28490]: # of matches found 27398 and it took: 128276ms
query [28491]: # of matches found 27479 and it took: 128734ms
query [28492]: # of matches found 27585 and it took: 129603ms
query [28493]: # of matches found 27643 and it took: 128273ms
query [28494]: # of matches found 27420 and it took: 129209ms
query [28495]: # of matches found 27400 and it took: 129034ms
query [28496]: # of matches found 27319 and it took: 129501ms
query [28497]: # of matches found 27133 and it took: 129592ms
query [28498]: # of matches found 26846 and it took: 129844ms
query [28499]: # of matches found 27328 and it took: 129567ms
query [28500]: # of matches found 27177 and it took: 130280ms
query [28501]: # of matches found 27044 and it took: 130989ms
query [28502]: # of matches found 25872 and it took: 134129ms
query [28503]: # of matches found 25821 and it took: 132434ms
query [28504]: # of matches found 25455 and it took: 133289ms
query [28505]: # of matches found 25613 and it took: 130832ms
query [28506]: # of matches found 25774 and it took: 131023ms
query [28507]: # of matches found 25481 and it took: 132090ms
query [28508]: # of matches found 25777 and it took: 132739ms
query [28509]: # of matches found 26057 and it took: 131136ms
query [28510]: # of matches found 26220 and it took: 131907ms
query [28511]: # of matches found 26275 and it took: 132880ms
query [28512]: # of matches found 28660 and it took: 133428ms
query [28513]: # of matches found 28725 and it took: 132715ms
query [28514]: # of matches found 28869 and it took: 132400ms
query [28515]: # of matches found 28816 and it took: 131261ms
query [28516]: # of matches found 28813 and it took: 131373ms
query [28517]: # of matches found 28851 and it took: 131670ms
query [28518]: # of matches found 28835 and it took: 130695ms
query [28519]: # of matches found 28757 and it took: 129777ms
query [28520]: # of matches found 28802 and it took: 131033ms
query [28521]: # of matches found 28800 and it took: 131976ms
query [28522]: # of matches found 28818 and it took: 132275ms
query [28523]: # of matches found 28866 and it took: 131124ms
query [28524]: # of matches found 28918 and it took: 131475ms
query [28525]: # of matches found 31056 and it took: 130886ms
query [28526]: # of matches found 31024 and it took: 131223ms
query [28527]: # of matches found 31060 and it took: 132310ms
query [28528]: # of matches found 31273 and it took: 132088ms
query [28529]: # of matches found 31583 and it took: 131243ms
query [28530]: # of matches found 31604 and it took: 132810ms
query [28531]: # of matches found 31172 and it took: 133607ms
query [28532]: # of matches found 31195 and it took: 134093ms
query [28533]: # of matches found 33800 and it took: 133804ms
query [28534]: # of matches found 33785 and it took: 134962ms
query [28535]: # of matches found 33847 and it took: 133434ms
query [28536]: # of matches found 34219 and it took: 132480ms
query [28537]: # of matches found 34362 and it took: 133236ms
query [28538]: # of matches found 34530 and it took: 132852ms
query [28539]: # of matches found 34562 and it took: 133081ms
query [28540]: # of matches found 34536 and it took: 133295ms
query [28541]: # of matches found 34480 and it took: 133516ms
query [28542]: # of matches found 34514 and it took: 133908ms
query [28543]: # of matches found 34490 and it took: 133809ms
query [28544]: # of matches found 34615 and it took: 135960ms
query [28545]: # of matches found 34488 and it took: 135066ms
query [28546]: # of matches found 34393 and it took: 134944ms
query [28547]: # of matches found 34413 and it took: 136604ms
query [28548]: # of matches found 34376 and it took: 136780ms
query [28549]: # of matches found 34276 and it took: 135802ms
query [28550]: # of matches found 34187 and it took: 136423ms
query [28551]: # of matches found 34281 and it took: 137088ms
query [28552]: # of matches found 34332 and it took: 136629ms
query [28553]: # of matches found 34565 and it took: 135883ms
query [28554]: # of matches found 34515 and it took: 137630ms
query [28555]: # of matches found 34513 and it took: 136519ms
query [28556]: # of matches found 34394 and it took: 135541ms
query [28557]: # of matches found 34310 and it took: 137376ms
query [28558]: # of matches found 34385 and it took: 136502ms
query [28559]: # of matches found 34569 and it took: 136363ms
query [28560]: # of matches found 34616 and it took: 137012ms
query [28561]: # of matches found 35037 and it took: 136817ms
query [28562]: # of matches found 35727 and it took: 136886ms
query [28563]: # of matches found 36020 and it took: 136254ms
query [28564]: # of matches found 38363 and it took: 137577ms
query [28565]: # of matches found 38472 and it took: 136696ms
query [28566]: # of matches found 38533 and it took: 135907ms
query [28567]: # of matches found 38576 and it took: 137116ms
query [28568]: # of matches found 38577 and it took: 135580ms
query [28569]: # of matches found 38438 and it took: 136025ms
query [28570]: # of matches found 38425 and it took: 135966ms
query [28571]: # of matches found 38216 and it took: 136183ms
query [28572]: # of matches found 38435 and it took: 136093ms
query [28573]: # of matches found 38674 and it took: 135227ms
query [28574]: # of matches found 38782 and it took: 136793ms
query [28575]: # of matches found 38984 and it took: 136131ms
query [28576]: # of matches found 38999 and it took: 134999ms
query [28577]: # of matches found 39726 and it took: 135550ms
query [28578]: # of matches found 39886 and it took: 134825ms
query [28579]: # of matches found 39925 and it took: 134351ms
query [28580]: # of matches found 40137 and it took: 132848ms
query [28581]: # of matches found 40126 and it took: 134043ms
query [28582]: # of matches found 40092 and it took: 133942ms
query [28583]: # of matches found 39806 and it took: 133125ms
query [28584]: # of matches found 39698 and it took: 134907ms
query [28585]: # of matches found 39503 and it took: 133615ms
query [28586]: # of matches found 39465 and it took: 132508ms
query [28587]: # of matches found 39564 and it took: 133903ms
query [28588]: # of matches found 39072 and it took: 133389ms
query [28589]: # of matches found 39213 and it took: 131898ms
query [28590]: # of matches found 39271 and it took: 132642ms
query [28591]: # of matches found 39349 and it took: 132971ms
query [28592]: # of matches found 39425 and it took: 132740ms
query [28593]: # of matches found 39483 and it took: 131979ms
query [28594]: # of matches found 39842 and it took: 133235ms
query [28595]: # of matches found 39931 and it took: 132622ms
query [28596]: # of matches found 39747 and it took: 131531ms
query [28597]: # of matches found 40006 and it took: 133093ms
query [28598]: # of matches found 40200 and it took: 131946ms
query [28599]: # of matches found 37152 and it took: 131341ms
query [28600]: # of matches found 37062 and it took: 132646ms
query [28601]: # of matches found 38066 and it took: 132851ms
query [28602]: # of matches found 38233 and it took: 132126ms
query [28603]: # of matches found 38046 and it took: 132253ms
query [28604]: # of matches found 37918 and it took: 133855ms
query [28605]: # of matches found 37703 and it took: 133782ms
query [28606]: # of matches found 37395 and it took: 132159ms
query [28607]: # of matches found 37230 and it took: 134195ms
query [28608]: # of matches found 37051 and it took: 133527ms
query [28609]: # of matches found 37007 and it took: 133585ms
query [28610]: # of matches found 36785 and it took: 134822ms
query [28611]: # of matches found 36674 and it took: 136785ms
query [28612]: # of matches found 36505 and it took: 135090ms
query [28613]: # of matches found 36492 and it took: 134968ms
query [28614]: # of matches found 36428 and it took: 136751ms
query [28615]: # of matches found 36346 and it took: 137213ms
query [28616]: # of matches found 36141 and it took: 136483ms
query [28617]: # of matches found 35197 and it took: 138242ms
query [28618]: # of matches found 35329 and it took: 136724ms
query [28619]: # of matches found 35188 and it took: 137446ms
query [28620]: # of matches found 35301 and it took: 139040ms
query [28621]: # of matches found 35349 and it took: 139447ms
query [28622]: # of matches found 35302 and it took: 138333ms
query [28623]: # of matches found 35398 and it took: 138892ms
query [28624]: # of matches found 35629 and it took: 139489ms
query [28625]: # of matches found 35661 and it took: 139799ms
query [28626]: # of matches found 35589 and it took: 138394ms
query [28627]: # of matches found 35685 and it took: 139879ms
query [28628]: # of matches found 35704 and it took: 137345ms
query [28629]: # of matches found 35696 and it took: 138610ms
query [28630]: # of matches found 35599 and it took: 140117ms
query [28631]: # of matches found 35706 and it took: 140721ms
query [28632]: # of matches found 36295 and it took: 140078ms
query [28633]: # of matches found 36477 and it took: 139550ms
query [28634]: # of matches found 37178 and it took: 140910ms
query [28635]: # of matches found 37105 and it took: 141296ms
query [28636]: # of matches found 37121 and it took: 139756ms
query [28637]: # of matches found 37089 and it took: 141211ms
query [28638]: # of matches found 37079 and it took: 139043ms
query [28639]: # of matches found 36978 and it took: 140455ms
query [28640]: # of matches found 36387 and it took: 142149ms
query [28641]: # of matches found 36396 and it took: 142475ms
query [28642]: # of matches found 36412 and it took: 140791ms
query [28643]: # of matches found 36432 and it took: 140583ms
query [28644]: # of matches found 36384 and it took: 140021ms
query [28645]: # of matches found 36171 and it took: 140372ms
query [28646]: # of matches found 35957 and it took: 139211ms
query [28647]: # of matches found 35965 and it took: 141046ms
query [28648]: # of matches found 35784 and it took: 139073ms
query [28649]: # of matches found 34899 and it took: 140683ms
query [28650]: # of matches found 34745 and it took: 142367ms
query [28651]: # of matches found 34541 and it took: 142149ms
query [28652]: # of matches found 32139 and it took: 142081ms
query [28653]: # of matches found 32048 and it took: 142060ms
