no kmerRangesFileAddressArg!
no otherToolArg!
**********************CONFIGURATIONS*****************************
PARMIK mode:                  3
readDatabaseAddress:          /p/lava/parmik/partialMatcherProject/datasets/metagenomicDB/SRR12432009/SRR12432009_reads
readFileName:                 SRR12432009_reads
queryFileAddress:             /p/lava/parmik/partialMatcherProject/datasets/queryFiles/covidQueryFiles/SarsGenome_chunks/SarsGenome_queries_0-999
queryFileName:                SarsGenome_queries_0-999
otherToolOutputFileAddress:   /u/rgq5aw/GIT/PARMIK/partialMatcherProject/tools/blast/SRR12432009/SarsGenome/blastn_ws30_results.out
outputDir:                    /p/lava/parmik/partialMatcherProject/tools/baseline_ssw/SRR12432009/SarsGenome
penaltyFileAddress:           /u/rgq5aw/GIT/PARMIK/experiments/parmik/CK_SSW_ID_PRCNTG/PenaltySets/2484_1111_2444_2288_2848
kmerRangesFileAddress:        
readsCount:                   17000000
queryCount:                   30000
kmerLength:                   11
regionSize:                   48
cheapKmerThreshold:           0
identityPercentage:           0.85
minExactMatchLen:             0
minNumExactMatchKmer:         0
isIndexOffline:               1
offlineIndexAddress:          /p/lava/parmik/partialMatcherProject/tools/parmik/CK_INDEX/SRR12432009/
max editDistance in min region: 2
**********************CONFIGURATIONS*****************************
--------------Penalties--------------
m: 2, s: 4, go: 8, ge: 4
m: 1, s: 1, go: 1, ge: 1
m: 2, s: 4, go: 4, ge: 4
m: 2, s: 2, go: 8, ge: 8
m: 2, s: 8, go: 4, ge: 8
------------------------------------
numberOfReadsWithN : 0
queryCount : 1000
numberOfReadsWithN : 0
readCount : 16344647
offlineCheapIndexAddress: /p/lava/parmik/partialMatcherProject/tools/parmik/CK_INDEX/SRR12432009/ck_T0_K11_r17000000
pmrkAlignmentsAddress: /p/lava/parmik/partialMatcherProject/tools/baseline_ssw/SRR12432009/SarsGenome/aln/pmAln_R48_PI85_L0_M0_E2_K11_T0_P_2484_1111_2444_2288_2848.txt
Starting alignment for all queries [fwd]...
queryBaseIndex: 0
query [0]: # of matches found 34514 and it took: 16206.1ms
query [1]: # of matches found 34552 and it took: 15869.5ms
query [2]: # of matches found 34576 and it took: 15825.8ms
query [3]: # of matches found 34556 and it took: 15906.5ms
query [4]: # of matches found 34613 and it took: 15834.7ms
query [5]: # of matches found 34696 and it took: 15803.9ms
query [6]: # of matches found 34739 and it took: 15826ms
query [7]: # of matches found 34726 and it took: 16058.9ms
query [8]: # of matches found 34693 and it took: 15867.5ms
query [9]: # of matches found 34779 and it took: 16075.1ms
query [10]: # of matches found 34743 and it took: 16038.1ms
query [11]: # of matches found 34777 and it took: 16196.5ms
query [12]: # of matches found 35117 and it took: 15987.2ms
query [13]: # of matches found 35226 and it took: 16106ms
query [14]: # of matches found 35710 and it took: 16035.5ms
query [15]: # of matches found 35805 and it took: 15937.2ms
query [16]: # of matches found 35785 and it took: 15932.9ms
query [17]: # of matches found 35736 and it took: 16025.6ms
query [18]: # of matches found 35493 and it took: 16137.4ms
query [19]: # of matches found 35380 and it took: 16158ms
query [20]: # of matches found 35114 and it took: 16157.3ms
query [21]: # of matches found 34522 and it took: 16059.1ms
query [22]: # of matches found 30568 and it took: 16055.4ms
query [23]: # of matches found 30523 and it took: 16047.1ms
query [24]: # of matches found 30378 and it took: 16066.7ms
query [25]: # of matches found 30010 and it took: 15851.6ms
query [26]: # of matches found 29786 and it took: 15894.7ms
query [27]: # of matches found 29656 and it took: 15914.6ms
query [28]: # of matches found 29536 and it took: 15974.3ms
query [29]: # of matches found 29299 and it took: 16048.8ms
query [30]: # of matches found 29462 and it took: 16080.1ms
query [31]: # of matches found 29365 and it took: 16127.4ms
query [32]: # of matches found 29412 and it took: 15995.5ms
query [33]: # of matches found 29189 and it took: 16084.7ms
query [34]: # of matches found 29514 and it took: 15836.8ms
query [35]: # of matches found 30320 and it took: 15752.4ms
query [36]: # of matches found 30611 and it took: 15763.6ms
query [37]: # of matches found 30911 and it took: 15808.2ms
query [38]: # of matches found 31072 and it took: 15691.5ms
query [39]: # of matches found 30829 and it took: 15834.7ms
query [40]: # of matches found 30663 and it took: 15911.4ms
query [41]: # of matches found 31443 and it took: 15909.8ms
query [42]: # of matches found 31502 and it took: 16048.5ms
query [43]: # of matches found 31550 and it took: 15965ms
query [44]: # of matches found 32472 and it took: 16063.3ms
query [45]: # of matches found 32481 and it took: 16087.1ms
query [46]: # of matches found 32314 and it took: 16055.5ms
query [47]: # of matches found 32278 and it took: 16185.2ms
query [48]: # of matches found 32210 and it took: 16175.7ms
query [49]: # of matches found 31298 and it took: 16321.1ms
query [50]: # of matches found 31039 and it took: 16324.2ms
query [51]: # of matches found 30945 and it took: 16394.2ms
query [52]: # of matches found 30927 and it took: 16291.4ms
query [53]: # of matches found 30791 and it took: 16390.4ms
query [54]: # of matches found 30796 and it took: 16325.6ms
query [55]: # of matches found 30883 and it took: 16653.9ms
query [56]: # of matches found 30874 and it took: 16127.6ms
query [57]: # of matches found 31063 and it took: 16545.6ms
query [58]: # of matches found 31069 and it took: 16297.4ms
query [59]: # of matches found 31136 and it took: 16583.6ms
query [60]: # of matches found 31190 and it took: 16731.6ms
query [61]: # of matches found 31454 and it took: 16496ms
query [62]: # of matches found 31242 and it took: 16430.9ms
query [63]: # of matches found 31259 and it took: 16637ms
query [64]: # of matches found 31179 and it took: 16557.1ms
query [65]: # of matches found 31158 and it took: 16629.1ms
query [66]: # of matches found 31218 and it took: 16441.7ms
query [67]: # of matches found 31260 and it took: 16672.2ms
query [68]: # of matches found 31336 and it took: 16757.5ms
query [69]: # of matches found 31197 and it took: 16747.7ms
query [70]: # of matches found 30931 and it took: 16688.5ms
query [71]: # of matches found 30795 and it took: 16645.6ms
query [72]: # of matches found 30716 and it took: 16694.9ms
query [73]: # of matches found 30415 and it took: 16759.7ms
query [74]: # of matches found 30297 and it took: 16560.2ms
query [75]: # of matches found 30322 and it took: 16670.6ms
query [76]: # of matches found 30312 and it took: 16582.8ms
query [77]: # of matches found 30503 and it took: 16676.8ms
query [78]: # of matches found 31222 and it took: 16673.9ms
query [79]: # of matches found 32013 and it took: 16800.7ms
query [80]: # of matches found 32148 and it took: 16910.8ms
query [81]: # of matches found 32252 and it took: 16638.5ms
query [82]: # of matches found 31493 and it took: 16900.2ms
query [83]: # of matches found 31261 and it took: 17060.4ms
query [84]: # of matches found 30216 and it took: 16822.9ms
query [85]: # of matches found 30037 and it took: 16765.2ms
query [86]: # of matches found 29996 and it took: 16735.4ms
query [87]: # of matches found 29846 and it took: 16803.9ms
query [88]: # of matches found 29609 and it took: 16660.7ms
query [89]: # of matches found 29510 and it took: 16697.6ms
query [90]: # of matches found 29300 and it took: 16871.2ms
query [91]: # of matches found 28884 and it took: 16865.4ms
query [92]: # of matches found 28815 and it took: 16963.8ms
query [93]: # of matches found 28627 and it took: 17096ms
query [94]: # of matches found 28617 and it took: 16902.1ms
query [95]: # of matches found 28559 and it took: 16948.1ms
query [96]: # of matches found 28534 and it took: 16841.1ms
query [97]: # of matches found 28559 and it took: 17338.5ms
query [98]: # of matches found 28481 and it took: 17232.2ms
query [99]: # of matches found 28563 and it took: 17401ms
query [100]: # of matches found 28563 and it took: 17418.6ms
query [101]: # of matches found 28846 and it took: 17363.6ms
query [102]: # of matches found 28875 and it took: 17339.6ms
query [103]: # of matches found 29032 and it took: 17603.3ms
query [104]: # of matches found 29071 and it took: 17200.8ms
query [105]: # of matches found 29145 and it took: 17225.2ms
query [106]: # of matches found 25930 and it took: 17309.6ms
query [107]: # of matches found 25930 and it took: 17289.1ms
query [108]: # of matches found 25962 and it took: 17239.8ms
query [109]: # of matches found 26029 and it took: 17092.1ms
query [110]: # of matches found 25928 and it took: 17208.6ms
query [111]: # of matches found 26050 and it took: 17110.9ms
query [112]: # of matches found 26127 and it took: 17100.9ms
query [113]: # of matches found 26122 and it took: 17338.1ms
query [114]: # of matches found 26139 and it took: 17067.4ms
query [115]: # of matches found 26178 and it took: 17493.5ms
query [116]: # of matches found 26268 and it took: 17281.4ms
query [117]: # of matches found 26294 and it took: 17317.7ms
query [118]: # of matches found 26349 and it took: 17314.7ms
query [119]: # of matches found 26369 and it took: 17343.3ms
query [120]: # of matches found 26347 and it took: 17543.3ms
query [121]: # of matches found 26355 and it took: 17492.7ms
query [122]: # of matches found 26471 and it took: 17525.8ms
query [123]: # of matches found 26393 and it took: 17825.4ms
query [124]: # of matches found 26536 and it took: 17869.4ms
query [125]: # of matches found 26198 and it took: 18006.4ms
query [126]: # of matches found 25947 and it took: 17989.4ms
query [127]: # of matches found 25748 and it took: 18035.5ms
query [128]: # of matches found 25631 and it took: 17951.2ms
query [129]: # of matches found 26009 and it took: 17920.3ms
query [130]: # of matches found 25300 and it took: 17995.2ms
query [131]: # of matches found 25096 and it took: 17911.6ms
query [132]: # of matches found 24673 and it took: 17870ms
query [133]: # of matches found 24473 and it took: 18063.6ms
query [134]: # of matches found 24063 and it took: 17969.8ms
query [135]: # of matches found 23380 and it took: 17947.8ms
query [136]: # of matches found 23348 and it took: 18026.5ms
query [137]: # of matches found 23324 and it took: 18051.9ms
query [138]: # of matches found 23168 and it took: 18011.2ms
query [139]: # of matches found 22944 and it took: 17977ms
query [140]: # of matches found 22945 and it took: 17996.2ms
query [141]: # of matches found 22854 and it took: 17882.2ms
query [142]: # of matches found 22897 and it took: 17690.8ms
query [143]: # of matches found 22819 and it took: 17919.8ms
query [144]: # of matches found 22631 and it took: 17773.8ms
query [145]: # of matches found 22590 and it took: 17902.9ms
query [146]: # of matches found 22578 and it took: 17889.4ms
query [147]: # of matches found 22564 and it took: 17944.4ms
query [148]: # of matches found 22719 and it took: 17975.6ms
query [149]: # of matches found 22677 and it took: 17885.9ms
query [150]: # of matches found 22741 and it took: 17881.2ms
query [151]: # of matches found 22739 and it took: 17777.8ms
query [152]: # of matches found 22534 and it took: 17604.3ms
query [153]: # of matches found 22638 and it took: 17824.2ms
query [154]: # of matches found 22448 and it took: 17769.3ms
query [155]: # of matches found 22180 and it took: 17716.9ms
query [156]: # of matches found 22159 and it took: 17547.2ms
query [157]: # of matches found 22139 and it took: 17677.3ms
query [158]: # of matches found 22093 and it took: 17690.6ms
query [159]: # of matches found 22179 and it took: 17673.7ms
query [160]: # of matches found 22213 and it took: 17632.7ms
query [161]: # of matches found 22239 and it took: 17611.5ms
query [162]: # of matches found 22321 and it took: 17187.9ms
query [163]: # of matches found 22425 and it took: 17658.8ms
query [164]: # of matches found 22462 and it took: 17552.1ms
query [165]: # of matches found 22474 and it took: 17690ms
query [166]: # of matches found 22452 and it took: 17430ms
query [167]: # of matches found 22488 and it took: 17400.4ms
query [168]: # of matches found 22516 and it took: 17338.8ms
query [169]: # of matches found 22462 and it took: 17262.8ms
query [170]: # of matches found 22558 and it took: 17221.3ms
query [171]: # of matches found 22387 and it took: 17331.9ms
query [172]: # of matches found 22396 and it took: 17100ms
query [173]: # of matches found 22302 and it took: 17409.6ms
query [174]: # of matches found 22326 and it took: 17313.6ms
query [175]: # of matches found 21421 and it took: 17474.9ms
query [176]: # of matches found 21161 and it took: 17395.8ms
query [177]: # of matches found 20787 and it took: 17655.8ms
query [178]: # of matches found 21044 and it took: 17505.4ms
query [179]: # of matches found 21023 and it took: 17414ms
query [180]: # of matches found 21311 and it took: 17411.8ms
query [181]: # of matches found 20694 and it took: 17412.1ms
query [182]: # of matches found 20770 and it took: 17201.8ms
query [183]: # of matches found 26402 and it took: 17379.1ms
query [184]: # of matches found 25437 and it took: 17225.7ms
query [185]: # of matches found 25422 and it took: 17296.9ms
query [186]: # of matches found 25529 and it took: 17272.5ms
query [187]: # of matches found 25614 and it took: 17492.9ms
query [188]: # of matches found 25505 and it took: 17507.7ms
query [189]: # of matches found 25506 and it took: 17523.8ms
query [190]: # of matches found 25502 and it took: 17141.6ms
query [191]: # of matches found 25514 and it took: 17272.4ms
query [192]: # of matches found 25468 and it took: 17033.9ms
query [193]: # of matches found 25428 and it took: 17379.1ms
query [194]: # of matches found 25814 and it took: 17345.3ms
query [195]: # of matches found 25670 and it took: 17316.3ms
query [196]: # of matches found 25665 and it took: 17403.4ms
query [197]: # of matches found 25841 and it took: 17537.1ms
query [198]: # of matches found 25926 and it took: 17674.6ms
query [199]: # of matches found 25917 and it took: 17773.3ms
query [200]: # of matches found 25898 and it took: 17525.3ms
query [201]: # of matches found 25798 and it took: 17643.9ms
query [202]: # of matches found 25515 and it took: 17501.1ms
query [203]: # of matches found 25434 and it took: 17903.2ms
query [204]: # of matches found 25386 and it took: 17666.8ms
query [205]: # of matches found 25257 and it took: 17687.3ms
query [206]: # of matches found 25302 and it took: 17790.9ms
query [207]: # of matches found 25319 and it took: 17777.3ms
query [208]: # of matches found 25451 and it took: 17881.3ms
query [209]: # of matches found 25506 and it took: 17806.1ms
query [210]: # of matches found 25516 and it took: 17716ms
query [211]: # of matches found 25689 and it took: 17886.6ms
query [212]: # of matches found 25719 and it took: 17825.5ms
query [213]: # of matches found 25744 and it took: 17943.6ms
query [214]: # of matches found 25705 and it took: 17768.7ms
query [215]: # of matches found 25640 and it took: 17691.8ms
query [216]: # of matches found 25488 and it took: 17775.5ms
query [217]: # of matches found 25319 and it took: 17797.4ms
