no kmerRangesFileAddressArg!
no otherToolArg!
**********************CONFIGURATIONS*****************************
PARMIK mode:                  3
readDatabaseAddress:          /p/lava/parmik/partialMatcherProject/datasets/metagenomicDB/SRR12432009/SRR12432009_reads
readFileName:                 SRR12432009_reads
queryFileAddress:             /p/lava/parmik/partialMatcherProject/datasets/queryFiles/covidQueryFiles/SarsGenome_chunks/SarsGenome_queries_20000-20999
queryFileName:                SarsGenome_queries_20000-20999
otherToolOutputFileAddress:   /u/rgq5aw/GIT/PARMIK/partialMatcherProject/tools/blast/SRR12432009/SarsGenome/blastn_ws30_results.out
outputDir:                    /p/lava/parmik/partialMatcherProject/tools/baseline_ssw/SRR12432009/SarsGenome
penaltyFileAddress:           /u/rgq5aw/GIT/PARMIK/experiments/parmik/CK_SSW_ID_PRCNTG/PenaltySets/2484_1111_2444_2288_2848
kmerRangesFileAddress:        
readsCount:                   17000000
queryCount:                   30000
kmerLength:                   11
regionSize:                   48
cheapKmerThreshold:           0
identityPercentage:           0.85
minExactMatchLen:             0
minNumExactMatchKmer:         0
isIndexOffline:               1
offlineIndexAddress:          /p/lava/parmik/partialMatcherProject/tools/parmik/CK_INDEX/SRR12432009/
max editDistance in min region: 2
**********************CONFIGURATIONS*****************************
--------------Penalties--------------
m: 2, s: 4, go: 8, ge: 4
m: 1, s: 1, go: 1, ge: 1
m: 2, s: 4, go: 4, ge: 4
m: 2, s: 2, go: 8, ge: 8
m: 2, s: 8, go: 4, ge: 8
------------------------------------
numberOfReadsWithN : 0
queryCount : 1000
numberOfReadsWithN : 0
readCount : 16344647
offlineCheapIndexAddress: /p/lava/parmik/partialMatcherProject/tools/parmik/CK_INDEX/SRR12432009/ck_T0_K11_r17000000
pmrkAlignmentsAddress: /p/lava/parmik/partialMatcherProject/tools/baseline_ssw/SRR12432009/SarsGenome/aln/pmAln_R48_PI85_L0_M0_E2_K11_T0_P_2484_1111_2444_2288_2848.txt
Starting alignment for all queries [fwd]...
queryBaseIndex: 20000
query [20000]: # of matches found 32372 and it took: 99643.2ms
query [20001]: # of matches found 32304 and it took: 98847.1ms
query [20002]: # of matches found 32099 and it took: 98895.2ms
query [20003]: # of matches found 31910 and it took: 101474ms
query [20004]: # of matches found 31705 and it took: 101137ms
query [20005]: # of matches found 31489 and it took: 101384ms
query [20006]: # of matches found 31071 and it took: 101631ms
query [20007]: # of matches found 30996 and it took: 101376ms
query [20008]: # of matches found 31063 and it took: 101163ms
query [20009]: # of matches found 29815 and it took: 99669.2ms
query [20010]: # of matches found 29765 and it took: 100074ms
query [20011]: # of matches found 30053 and it took: 99902.5ms
query [20012]: # of matches found 30310 and it took: 99814.5ms
query [20013]: # of matches found 30363 and it took: 101215ms
query [20014]: # of matches found 30656 and it took: 100945ms
query [20015]: # of matches found 30462 and it took: 101311ms
query [20016]: # of matches found 30359 and it took: 101621ms
query [20017]: # of matches found 30239 and it took: 101007ms
query [20018]: # of matches found 30130 and it took: 101612ms
query [20019]: # of matches found 30007 and it took: 100041ms
query [20020]: # of matches found 30269 and it took: 102134ms
query [20021]: # of matches found 30095 and it took: 101334ms
query [20022]: # of matches found 30124 and it took: 100123ms
query [20023]: # of matches found 30245 and it took: 102513ms
query [20024]: # of matches found 30373 and it took: 99786.4ms
query [20025]: # of matches found 30597 and it took: 100149ms
query [20026]: # of matches found 30666 and it took: 100108ms
query [20027]: # of matches found 30718 and it took: 98622.9ms
query [20028]: # of matches found 31065 and it took: 99128.4ms
query [20029]: # of matches found 31105 and it took: 99303.9ms
query [20030]: # of matches found 31230 and it took: 100991ms
query [20031]: # of matches found 31379 and it took: 101046ms
query [20032]: # of matches found 31528 and it took: 100371ms
query [20033]: # of matches found 31629 and it took: 101592ms
query [20034]: # of matches found 31548 and it took: 101382ms
query [20035]: # of matches found 31690 and it took: 101200ms
query [20036]: # of matches found 31334 and it took: 100404ms
query [20037]: # of matches found 31367 and it took: 99701ms
query [20038]: # of matches found 31457 and it took: 100579ms
query [20039]: # of matches found 31303 and it took: 99700.8ms
query [20040]: # of matches found 31317 and it took: 100658ms
query [20041]: # of matches found 31339 and it took: 101020ms
query [20042]: # of matches found 31290 and it took: 100009ms
query [20043]: # of matches found 30881 and it took: 100459ms
query [20044]: # of matches found 30929 and it took: 100548ms
query [20045]: # of matches found 30753 and it took: 101097ms
query [20046]: # of matches found 32486 and it took: 101944ms
query [20047]: # of matches found 32511 and it took: 100757ms
query [20048]: # of matches found 32550 and it took: 102167ms
query [20049]: # of matches found 32531 and it took: 101756ms
query [20050]: # of matches found 32553 and it took: 102988ms
query [20051]: # of matches found 32627 and it took: 103968ms
query [20052]: # of matches found 32538 and it took: 103349ms
query [20053]: # of matches found 32481 and it took: 104440ms
query [20054]: # of matches found 32358 and it took: 103665ms
query [20055]: # of matches found 32536 and it took: 104214ms
query [20056]: # of matches found 32401 and it took: 104041ms
query [20057]: # of matches found 32362 and it took: 102669ms
query [20058]: # of matches found 32181 and it took: 104664ms
query [20059]: # of matches found 32272 and it took: 104111ms
query [20060]: # of matches found 27688 and it took: 105544ms
query [20061]: # of matches found 26807 and it took: 105701ms
query [20062]: # of matches found 27670 and it took: 105066ms
query [20063]: # of matches found 27858 and it took: 105697ms
query [20064]: # of matches found 27889 and it took: 105470ms
query [20065]: # of matches found 27222 and it took: 106208ms
query [20066]: # of matches found 27027 and it took: 106039ms
query [20067]: # of matches found 26948 and it took: 105233ms
query [20068]: # of matches found 26904 and it took: 106420ms
query [20069]: # of matches found 26830 and it took: 105087ms
query [20070]: # of matches found 26604 and it took: 106591ms
query [20071]: # of matches found 26621 and it took: 107462ms
query [20072]: # of matches found 26648 and it took: 106679ms
query [20073]: # of matches found 26625 and it took: 107005ms
query [20074]: # of matches found 25993 and it took: 107327ms
query [20075]: # of matches found 26118 and it took: 106905ms
query [20076]: # of matches found 26094 and it took: 107067ms
query [20077]: # of matches found 26078 and it took: 106154ms
query [20078]: # of matches found 26020 and it took: 108061ms
query [20079]: # of matches found 25694 and it took: 107675ms
query [20080]: # of matches found 25652 and it took: 108415ms
query [20081]: # of matches found 25678 and it took: 107855ms
query [20082]: # of matches found 25601 and it took: 106578ms
query [20083]: # of matches found 22076 and it took: 107289ms
query [20084]: # of matches found 21781 and it took: 107063ms
query [20085]: # of matches found 21635 and it took: 108341ms
query [20086]: # of matches found 21466 and it took: 107984ms
query [20087]: # of matches found 20882 and it took: 106915ms
query [20088]: # of matches found 21296 and it took: 108508ms
query [20089]: # of matches found 21140 and it took: 108503ms
query [20090]: # of matches found 21147 and it took: 108826ms
query [20091]: # of matches found 21227 and it took: 108555ms
query [20092]: # of matches found 21260 and it took: 107909ms
query [20093]: # of matches found 21303 and it took: 108461ms
query [20094]: # of matches found 21314 and it took: 107180ms
query [20095]: # of matches found 21354 and it took: 107201ms
query [20096]: # of matches found 21402 and it took: 107658ms
query [20097]: # of matches found 21376 and it took: 106663ms
query [20098]: # of matches found 21264 and it took: 107756ms
query [20099]: # of matches found 21213 and it took: 108013ms
query [20100]: # of matches found 21188 and it took: 108151ms
query [20101]: # of matches found 21215 and it took: 108216ms
query [20102]: # of matches found 21228 and it took: 108671ms
query [20103]: # of matches found 21360 and it took: 108318ms
query [20104]: # of matches found 21247 and it took: 108716ms
query [20105]: # of matches found 21279 and it took: 107812ms
query [20106]: # of matches found 21254 and it took: 108329ms
query [20107]: # of matches found 21169 and it took: 107586ms
query [20108]: # of matches found 20404 and it took: 108578ms
query [20109]: # of matches found 20340 and it took: 108383ms
query [20110]: # of matches found 20392 and it took: 108598ms
query [20111]: # of matches found 20400 and it took: 108022ms
query [20112]: # of matches found 20955 and it took: 106789ms
query [20113]: # of matches found 20968 and it took: 106027ms
query [20114]: # of matches found 21668 and it took: 106552ms
query [20115]: # of matches found 21658 and it took: 106916ms
query [20116]: # of matches found 21686 and it took: 107602ms
query [20117]: # of matches found 21716 and it took: 106310ms
query [20118]: # of matches found 21760 and it took: 107765ms
query [20119]: # of matches found 21861 and it took: 106813ms
query [20120]: # of matches found 21905 and it took: 107441ms
query [20121]: # of matches found 22005 and it took: 107086ms
query [20122]: # of matches found 21977 and it took: 106862ms
query [20123]: # of matches found 22021 and it took: 107367ms
query [20124]: # of matches found 22272 and it took: 107334ms
query [20125]: # of matches found 22443 and it took: 107387ms
query [20126]: # of matches found 22555 and it took: 108630ms
query [20127]: # of matches found 22400 and it took: 107311ms
query [20128]: # of matches found 22409 and it took: 107805ms
query [20129]: # of matches found 22354 and it took: 107985ms
query [20130]: # of matches found 22338 and it took: 108360ms
query [20131]: # of matches found 22382 and it took: 107842ms
query [20132]: # of matches found 22628 and it took: 107289ms
query [20133]: # of matches found 22907 and it took: 107557ms
query [20134]: # of matches found 22985 and it took: 107052ms
query [20135]: # of matches found 22971 and it took: 107782ms
query [20136]: # of matches found 22781 and it took: 108194ms
query [20137]: # of matches found 22745 and it took: 108047ms
query [20138]: # of matches found 22695 and it took: 108944ms
query [20139]: # of matches found 22638 and it took: 108109ms
query [20140]: # of matches found 22683 and it took: 109210ms
query [20141]: # of matches found 22737 and it took: 107961ms
query [20142]: # of matches found 22859 and it took: 109028ms
query [20143]: # of matches found 23100 and it took: 108948ms
query [20144]: # of matches found 23222 and it took: 108761ms
query [20145]: # of matches found 23383 and it took: 109341ms
query [20146]: # of matches found 23628 and it took: 108761ms
query [20147]: # of matches found 23779 and it took: 108799ms
query [20148]: # of matches found 23777 and it took: 109552ms
query [20149]: # of matches found 23654 and it took: 109004ms
query [20150]: # of matches found 23921 and it took: 109211ms
query [20151]: # of matches found 23926 and it took: 109802ms
query [20152]: # of matches found 23695 and it took: 109433ms
query [20153]: # of matches found 23829 and it took: 109184ms
query [20154]: # of matches found 23587 and it took: 108679ms
query [20155]: # of matches found 23651 and it took: 109403ms
query [20156]: # of matches found 23798 and it took: 109401ms
query [20157]: # of matches found 23799 and it took: 110172ms
query [20158]: # of matches found 23814 and it took: 110629ms
query [20159]: # of matches found 23832 and it took: 111245ms
query [20160]: # of matches found 23357 and it took: 110439ms
query [20161]: # of matches found 23137 and it took: 110642ms
query [20162]: # of matches found 23015 and it took: 110328ms
query [20163]: # of matches found 22914 and it took: 109946ms
query [20164]: # of matches found 22806 and it took: 109429ms
query [20165]: # of matches found 22605 and it took: 110275ms
query [20166]: # of matches found 22588 and it took: 109762ms
query [20167]: # of matches found 22506 and it took: 110397ms
query [20168]: # of matches found 22247 and it took: 109772ms
query [20169]: # of matches found 22240 and it took: 110046ms
query [20170]: # of matches found 22126 and it took: 109599ms
query [20171]: # of matches found 21916 and it took: 109001ms
query [20172]: # of matches found 21831 and it took: 109707ms
query [20173]: # of matches found 21809 and it took: 109280ms
query [20174]: # of matches found 21678 and it took: 108828ms
query [20175]: # of matches found 21533 and it took: 109305ms
query [20176]: # of matches found 21397 and it took: 108823ms
query [20177]: # of matches found 21339 and it took: 108684ms
query [20178]: # of matches found 21282 and it took: 110014ms
query [20179]: # of matches found 21148 and it took: 109364ms
query [20180]: # of matches found 21134 and it took: 109324ms
query [20181]: # of matches found 21063 and it took: 109296ms
query [20182]: # of matches found 21090 and it took: 109269ms
query [20183]: # of matches found 21068 and it took: 108935ms
query [20184]: # of matches found 21053 and it took: 109880ms
query [20185]: # of matches found 21141 and it took: 109792ms
query [20186]: # of matches found 21146 and it took: 108927ms
query [20187]: # of matches found 21218 and it took: 109496ms
query [20188]: # of matches found 19456 and it took: 110515ms
query [20189]: # of matches found 19446 and it took: 110315ms
query [20190]: # of matches found 19314 and it took: 109159ms
query [20191]: # of matches found 19329 and it took: 109091ms
query [20192]: # of matches found 19535 and it took: 110020ms
query [20193]: # of matches found 19601 and it took: 108741ms
query [20194]: # of matches found 19637 and it took: 109833ms
query [20195]: # of matches found 19722 and it took: 107724ms
query [20196]: # of matches found 19608 and it took: 108184ms
query [20197]: # of matches found 19599 and it took: 108549ms
query [20198]: # of matches found 19600 and it took: 109583ms
query [20199]: # of matches found 19410 and it took: 108599ms
query [20200]: # of matches found 19098 and it took: 109263ms
query [20201]: # of matches found 18927 and it took: 108003ms
query [20202]: # of matches found 17807 and it took: 107601ms
query [20203]: # of matches found 17606 and it took: 106870ms
query [20204]: # of matches found 17504 and it took: 107895ms
query [20205]: # of matches found 17403 and it took: 106921ms
query [20206]: # of matches found 17429 and it took: 106223ms
query [20207]: # of matches found 17500 and it took: 107071ms
query [20208]: # of matches found 17642 and it took: 109355ms
query [20209]: # of matches found 17837 and it took: 108621ms
query [20210]: # of matches found 17796 and it took: 107765ms
query [20211]: # of matches found 17711 and it took: 105816ms
query [20212]: # of matches found 17760 and it took: 107079ms
query [20213]: # of matches found 17753 and it took: 107734ms
query [20214]: # of matches found 17713 and it took: 107121ms
query [20215]: # of matches found 17562 and it took: 105143ms
query [20216]: # of matches found 17605 and it took: 102888ms
query [20217]: # of matches found 17603 and it took: 104187ms
query [20218]: # of matches found 17904 and it took: 105627ms
query [20219]: # of matches found 17977 and it took: 104297ms
query [20220]: # of matches found 18088 and it took: 104030ms
query [20221]: # of matches found 18371 and it took: 102449ms
query [20222]: # of matches found 18382 and it took: 103472ms
query [20223]: # of matches found 18629 and it took: 104550ms
query [20224]: # of matches found 18677 and it took: 105415ms
query [20225]: # of matches found 18761 and it took: 104910ms
query [20226]: # of matches found 18864 and it took: 103562ms
query [20227]: # of matches found 18747 and it took: 104400ms
query [20228]: # of matches found 18251 and it took: 105812ms
query [20229]: # of matches found 18383 and it took: 104503ms
query [20230]: # of matches found 18705 and it took: 104792ms
query [20231]: # of matches found 19049 and it took: 103005ms
query [20232]: # of matches found 19189 and it took: 104303ms
query [20233]: # of matches found 19395 and it took: 105562ms
query [20234]: # of matches found 19596 and it took: 106032ms
query [20235]: # of matches found 19786 and it took: 105575ms
query [20236]: # of matches found 19994 and it took: 103214ms
query [20237]: # of matches found 20047 and it took: 105241ms
query [20238]: # of matches found 20424 and it took: 105625ms
query [20239]: # of matches found 20509 and it took: 103392ms
query [20240]: # of matches found 22498 and it took: 103160ms
query [20241]: # of matches found 22439 and it took: 102056ms
query [20242]: # of matches found 22408 and it took: 103085ms
query [20243]: # of matches found 22221 and it took: 103819ms
query [20244]: # of matches found 22255 and it took: 103830ms
query [20245]: # of matches found 22295 and it took: 103588ms
query [20246]: # of matches found 22094 and it took: 101609ms
query [20247]: # of matches found 22071 and it took: 102807ms
query [20248]: # of matches found 22047 and it took: 103957ms
query [20249]: # of matches found 22042 and it took: 101552ms
query [20250]: # of matches found 22228 and it took: 102744ms
query [20251]: # of matches found 22144 and it took: 100558ms
query [20252]: # of matches found 22021 and it took: 100604ms
query [20253]: # of matches found 21658 and it took: 100558ms
query [20254]: # of matches found 21664 and it took: 100973ms
query [20255]: # of matches found 20811 and it took: 99742.1ms
query [20256]: # of matches found 20796 and it took: 98343.9ms
query [20257]: # of matches found 20768 and it took: 100224ms
query [20258]: # of matches found 20775 and it took: 101712ms
query [20259]: # of matches found 20653 and it took: 100042ms
query [20260]: # of matches found 20824 and it took: 100868ms
query [20261]: # of matches found 20842 and it took: 100640ms
query [20262]: # of matches found 20882 and it took: 99062ms
query [20263]: # of matches found 20944 and it took: 99397.2ms
query [20264]: # of matches found 25892 and it took: 99413.3ms
query [20265]: # of matches found 27587 and it took: 99307.6ms
query [20266]: # of matches found 27444 and it took: 98072.5ms
query [20267]: # of matches found 28585 and it took: 98847.9ms
query [20268]: # of matches found 29385 and it took: 99183.7ms
query [20269]: # of matches found 29797 and it took: 98310.6ms
query [20270]: # of matches found 30008 and it took: 98816.3ms
query [20271]: # of matches found 30119 and it took: 98356.1ms
query [20272]: # of matches found 30027 and it took: 98512.5ms
query [20273]: # of matches found 29934 and it took: 98930.1ms
query [20274]: # of matches found 30057 and it took: 98309.5ms
query [20275]: # of matches found 29956 and it took: 98593.1ms
query [20276]: # of matches found 30044 and it took: 98556.6ms
query [20277]: # of matches found 30461 and it took: 98526.5ms
query [20278]: # of matches found 30703 and it took: 98741ms
query [20279]: # of matches found 30954 and it took: 99126.3ms
query [20280]: # of matches found 31046 and it took: 99213.8ms
query [20281]: # of matches found 31050 and it took: 99278.2ms
query [20282]: # of matches found 31081 and it took: 99069ms
query [20283]: # of matches found 30988 and it took: 99524.5ms
query [20284]: # of matches found 30906 and it took: 99538.4ms
query [20285]: # of matches found 30774 and it took: 99300.4ms
query [20286]: # of matches found 30517 and it took: 99642.3ms
query [20287]: # of matches found 30316 and it took: 99710ms
query [20288]: # of matches found 30420 and it took: 100409ms
query [20289]: # of matches found 30416 and it took: 99464.8ms
query [20290]: # of matches found 30249 and it took: 99800.1ms
query [20291]: # of matches found 30153 and it took: 100143ms
query [20292]: # of matches found 30178 and it took: 99914.6ms
query [20293]: # of matches found 30124 and it took: 100385ms
query [20294]: # of matches found 30063 and it took: 99622.1ms
query [20295]: # of matches found 29982 and it took: 98995.2ms
query [20296]: # of matches found 29801 and it took: 98764.1ms
query [20297]: # of matches found 29938 and it took: 99487.2ms
query [20298]: # of matches found 29944 and it took: 99498.2ms
query [20299]: # of matches found 30012 and it took: 98841.9ms
query [20300]: # of matches found 30128 and it took: 98625.9ms
query [20301]: # of matches found 30231 and it took: 98743.6ms
query [20302]: # of matches found 30354 and it took: 98167.3ms
query [20303]: # of matches found 30482 and it took: 97937.2ms
query [20304]: # of matches found 30569 and it took: 97996.4ms
query [20305]: # of matches found 30756 and it took: 97661.4ms
query [20306]: # of matches found 30915 and it took: 97853.4ms
query [20307]: # of matches found 31221 and it took: 97139.2ms
query [20308]: # of matches found 31517 and it took: 98069ms
query [20309]: # of matches found 31699 and it took: 97724.1ms
query [20310]: # of matches found 31914 and it took: 97602.8ms
query [20311]: # of matches found 32078 and it took: 97458.2ms
query [20312]: # of matches found 32001 and it took: 97805.5ms
query [20313]: # of matches found 31949 and it took: 97769.2ms
query [20314]: # of matches found 32050 and it took: 97910ms
query [20315]: # of matches found 32120 and it took: 98479.1ms
query [20316]: # of matches found 32199 and it took: 97761.1ms
query [20317]: # of matches found 32222 and it took: 97820.1ms
query [20318]: # of matches found 32328 and it took: 97844.5ms
query [20319]: # of matches found 32354 and it took: 97871.7ms
query [20320]: # of matches found 32684 and it took: 97324.6ms
query [20321]: # of matches found 32733 and it took: 97502.3ms
query [20322]: # of matches found 33173 and it took: 97403ms
query [20323]: # of matches found 33385 and it took: 97429.8ms
query [20324]: # of matches found 33429 and it took: 97532.6ms
query [20325]: # of matches found 33455 and it took: 96827.3ms
query [20326]: # of matches found 33520 and it took: 96776.3ms
query [20327]: # of matches found 33456 and it took: 96605.7ms
query [20328]: # of matches found 33458 and it took: 97131.6ms
query [20329]: # of matches found 33382 and it took: 96587.6ms
query [20330]: # of matches found 33375 and it took: 96596.2ms
query [20331]: # of matches found 33364 and it took: 97394.9ms
query [20332]: # of matches found 33230 and it took: 97238.6ms
query [20333]: # of matches found 33200 and it took: 97317ms
query [20334]: # of matches found 34120 and it took: 98138.5ms
query [20335]: # of matches found 34102 and it took: 97639.3ms
query [20336]: # of matches found 34069 and it took: 98267.6ms
query [20337]: # of matches found 34177 and it took: 97854ms
query [20338]: # of matches found 34153 and it took: 98131.8ms
query [20339]: # of matches found 35168 and it took: 98085.6ms
query [20340]: # of matches found 35225 and it took: 98317.2ms
query [20341]: # of matches found 35361 and it took: 98503.2ms
query [20342]: # of matches found 35613 and it took: 98257.6ms
query [20343]: # of matches found 35635 and it took: 98116.9ms
query [20344]: # of matches found 35580 and it took: 97826.9ms
query [20345]: # of matches found 35766 and it took: 97387.2ms
query [20346]: # of matches found 35665 and it took: 98392.3ms
query [20347]: # of matches found 35762 and it took: 97977.1ms
query [20348]: # of matches found 35907 and it took: 98264.2ms
query [20349]: # of matches found 35955 and it took: 98133.8ms
query [20350]: # of matches found 35964 and it took: 98026ms
query [20351]: # of matches found 36249 and it took: 98149.9ms
query [20352]: # of matches found 36294 and it took: 98639.6ms
query [20353]: # of matches found 36461 and it took: 98002.5ms
query [20354]: # of matches found 37276 and it took: 99125.1ms
query [20355]: # of matches found 37360 and it took: 98941.9ms
query [20356]: # of matches found 37654 and it took: 99091.5ms
query [20357]: # of matches found 37638 and it took: 99427.7ms
query [20358]: # of matches found 37442 and it took: 99628.9ms
query [20359]: # of matches found 37482 and it took: 99939.2ms
query [20360]: # of matches found 37544 and it took: 98842ms
query [20361]: # of matches found 37258 and it took: 99015.4ms
query [20362]: # of matches found 37224 and it took: 99151.7ms
query [20363]: # of matches found 37002 and it took: 98563.4ms
query [20364]: # of matches found 37032 and it took: 98125.4ms
query [20365]: # of matches found 37017 and it took: 98025.6ms
query [20366]: # of matches found 36981 and it took: 98163.1ms
query [20367]: # of matches found 36843 and it took: 98562.7ms
query [20368]: # of matches found 36857 and it took: 98400.2ms
query [20369]: # of matches found 36677 and it took: 98258.6ms
query [20370]: # of matches found 36363 and it took: 99144.4ms
query [20371]: # of matches found 36023 and it took: 98520.6ms
query [20372]: # of matches found 35801 and it took: 98797.8ms
query [20373]: # of matches found 35746 and it took: 98626ms
query [20374]: # of matches found 35546 and it took: 98636ms
query [20375]: # of matches found 35535 and it took: 98828.7ms
query [20376]: # of matches found 35385 and it took: 99639.1ms
query [20377]: # of matches found 35482 and it took: 99621.6ms
query [20378]: # of matches found 35125 and it took: 100060ms
query [20379]: # of matches found 35000 and it took: 100141ms
query [20380]: # of matches found 33682 and it took: 100534ms
query [20381]: # of matches found 33258 and it took: 100223ms
query [20382]: # of matches found 33346 and it took: 100562ms
query [20383]: # of matches found 33409 and it took: 100866ms
query [20384]: # of matches found 33563 and it took: 99591.6ms
query [20385]: # of matches found 33794 and it took: 100022ms
query [20386]: # of matches found 33947 and it took: 100397ms
query [20387]: # of matches found 34145 and it took: 99928.5ms
query [20388]: # of matches found 34281 and it took: 99845.3ms
query [20389]: # of matches found 34464 and it took: 99982.2ms
query [20390]: # of matches found 34406 and it took: 99742.2ms
query [20391]: # of matches found 34463 and it took: 99867.7ms
query [20392]: # of matches found 34430 and it took: 99713.2ms
query [20393]: # of matches found 34575 and it took: 99685.6ms
query [20394]: # of matches found 34546 and it took: 99013.5ms
query [20395]: # of matches found 34714 and it took: 99157ms
query [20396]: # of matches found 34653 and it took: 99921.4ms
query [20397]: # of matches found 34559 and it took: 100895ms
query [20398]: # of matches found 34574 and it took: 99574.9ms
query [20399]: # of matches found 34534 and it took: 100542ms
query [20400]: # of matches found 34396 and it took: 100298ms
query [20401]: # of matches found 34346 and it took: 100564ms
query [20402]: # of matches found 34296 and it took: 100496ms
query [20403]: # of matches found 34246 and it took: 100641ms
query [20404]: # of matches found 29255 and it took: 100096ms
query [20405]: # of matches found 27293 and it took: 100271ms
query [20406]: # of matches found 27223 and it took: 101650ms
query [20407]: # of matches found 27110 and it took: 100404ms
query [20408]: # of matches found 25421 and it took: 100733ms
query [20409]: # of matches found 25016 and it took: 101713ms
query [20410]: # of matches found 24885 and it took: 101208ms
query [20411]: # of matches found 24745 and it took: 101777ms
query [20412]: # of matches found 24746 and it took: 101235ms
query [20413]: # of matches found 25258 and it took: 101324ms
query [20414]: # of matches found 25207 and it took: 101063ms
query [20415]: # of matches found 25389 and it took: 101771ms
query [20416]: # of matches found 25522 and it took: 102022ms
query [20417]: # of matches found 25244 and it took: 100943ms
query [20418]: # of matches found 25372 and it took: 101224ms
query [20419]: # of matches found 25419 and it took: 101457ms
query [20420]: # of matches found 25768 and it took: 101334ms
query [20421]: # of matches found 25682 and it took: 101536ms
query [20422]: # of matches found 25616 and it took: 101621ms
query [20423]: # of matches found 25998 and it took: 101479ms
query [20424]: # of matches found 26069 and it took: 101269ms
query [20425]: # of matches found 26033 and it took: 101620ms
query [20426]: # of matches found 26025 and it took: 101701ms
query [20427]: # of matches found 25984 and it took: 101204ms
query [20428]: # of matches found 25948 and it took: 101190ms
query [20429]: # of matches found 25966 and it took: 101277ms
query [20430]: # of matches found 25795 and it took: 100958ms
query [20431]: # of matches found 25662 and it took: 101291ms
query [20432]: # of matches found 25616 and it took: 101282ms
query [20433]: # of matches found 25453 and it took: 101305ms
query [20434]: # of matches found 25346 and it took: 100758ms
query [20435]: # of matches found 25380 and it took: 100568ms
query [20436]: # of matches found 25496 and it took: 100238ms
query [20437]: # of matches found 25313 and it took: 99471.8ms
query [20438]: # of matches found 25439 and it took: 99205.2ms
query [20439]: # of matches found 25462 and it took: 100369ms
query [20440]: # of matches found 25381 and it took: 99885.3ms
query [20441]: # of matches found 25396 and it took: 100110ms
query [20442]: # of matches found 25332 and it took: 99558.7ms
query [20443]: # of matches found 25149 and it took: 99155.9ms
query [20444]: # of matches found 25134 and it took: 98032.7ms
query [20445]: # of matches found 25035 and it took: 98487.8ms
query [20446]: # of matches found 24953 and it took: 98645.1ms
query [20447]: # of matches found 24627 and it took: 97875.7ms
query [20448]: # of matches found 24470 and it took: 98316.1ms
query [20449]: # of matches found 24139 and it took: 97709.3ms
query [20450]: # of matches found 24024 and it took: 97465.9ms
query [20451]: # of matches found 23864 and it took: 97917.2ms
query [20452]: # of matches found 23846 and it took: 97887ms
query [20453]: # of matches found 23840 and it took: 98181.5ms
query [20454]: # of matches found 23786 and it took: 98390.9ms
query [20455]: # of matches found 23765 and it took: 97827ms
query [20456]: # of matches found 23693 and it took: 98405.9ms
query [20457]: # of matches found 23968 and it took: 98621.2ms
query [20458]: # of matches found 23909 and it took: 98367.5ms
query [20459]: # of matches found 23899 and it took: 98727.9ms
query [20460]: # of matches found 23701 and it took: 100132ms
query [20461]: # of matches found 23635 and it took: 100037ms
query [20462]: # of matches found 23340 and it took: 99725.7ms
query [20463]: # of matches found 23267 and it took: 99245.6ms
query [20464]: # of matches found 23038 and it took: 99486.4ms
query [20465]: # of matches found 23168 and it took: 99950.9ms
query [20466]: # of matches found 23209 and it took: 99691.4ms
query [20467]: # of matches found 23224 and it took: 99867.5ms
query [20468]: # of matches found 23310 and it took: 100197ms
query [20469]: # of matches found 23337 and it took: 100281ms
query [20470]: # of matches found 23326 and it took: 100361ms
query [20471]: # of matches found 23344 and it took: 101280ms
query [20472]: # of matches found 23309 and it took: 101036ms
query [20473]: # of matches found 23351 and it took: 100950ms
query [20474]: # of matches found 23187 and it took: 101302ms
query [20475]: # of matches found 22329 and it took: 101185ms
query [20476]: # of matches found 22287 and it took: 101190ms
query [20477]: # of matches found 22172 and it took: 101772ms
query [20478]: # of matches found 22147 and it took: 102862ms
query [20479]: # of matches found 21133 and it took: 101907ms
query [20480]: # of matches found 21047 and it took: 102031ms
query [20481]: # of matches found 20860 and it took: 101968ms
query [20482]: # of matches found 20601 and it took: 101823ms
query [20483]: # of matches found 20564 and it took: 102149ms
query [20484]: # of matches found 20435 and it took: 102019ms
query [20485]: # of matches found 20275 and it took: 101452ms
query [20486]: # of matches found 20219 and it took: 102066ms
query [20487]: # of matches found 20066 and it took: 102221ms
query [20488]: # of matches found 20007 and it took: 102378ms
query [20489]: # of matches found 19843 and it took: 103046ms
query [20490]: # of matches found 19683 and it took: 103367ms
query [20491]: # of matches found 19460 and it took: 103352ms
query [20492]: # of matches found 19386 and it took: 102982ms
query [20493]: # of matches found 19549 and it took: 104076ms
query [20494]: # of matches found 18922 and it took: 104219ms
query [20495]: # of matches found 18888 and it took: 103062ms
query [20496]: # of matches found 18729 and it took: 103865ms
query [20497]: # of matches found 20867 and it took: 104444ms
query [20498]: # of matches found 21197 and it took: 104312ms
query [20499]: # of matches found 21051 and it took: 104004ms
query [20500]: # of matches found 21017 and it took: 104607ms
query [20501]: # of matches found 20961 and it took: 104411ms
query [20502]: # of matches found 20964 and it took: 104251ms
query [20503]: # of matches found 21135 and it took: 103738ms
query [20504]: # of matches found 21161 and it took: 103834ms
query [20505]: # of matches found 21216 and it took: 103792ms
query [20506]: # of matches found 21201 and it took: 103985ms
query [20507]: # of matches found 21559 and it took: 104775ms
query [20508]: # of matches found 21567 and it took: 104740ms
query [20509]: # of matches found 22956 and it took: 103764ms
query [20510]: # of matches found 23389 and it took: 105602ms
query [20511]: # of matches found 23525 and it took: 105122ms
query [20512]: # of matches found 29805 and it took: 106146ms
query [20513]: # of matches found 29728 and it took: 107285ms
query [20514]: # of matches found 30001 and it took: 106546ms
query [20515]: # of matches found 30329 and it took: 107046ms
query [20516]: # of matches found 30233 and it took: 107116ms
query [20517]: # of matches found 30270 and it took: 107143ms
query [20518]: # of matches found 30100 and it took: 106546ms
query [20519]: # of matches found 30089 and it took: 105821ms
query [20520]: # of matches found 30062 and it took: 106455ms
query [20521]: # of matches found 30156 and it took: 106275ms
query [20522]: # of matches found 30085 and it took: 107215ms
query [20523]: # of matches found 29973 and it took: 106574ms
query [20524]: # of matches found 29908 and it took: 106793ms
query [20525]: # of matches found 29769 and it took: 106643ms
query [20526]: # of matches found 29514 and it took: 106562ms
query [20527]: # of matches found 29444 and it took: 107321ms
query [20528]: # of matches found 29363 and it took: 107028ms
query [20529]: # of matches found 29316 and it took: 106048ms
query [20530]: # of matches found 29277 and it took: 108831ms
query [20531]: # of matches found 29472 and it took: 106500ms
query [20532]: # of matches found 29458 and it took: 108227ms
query [20533]: # of matches found 29501 and it took: 106340ms
query [20534]: # of matches found 29538 and it took: 105525ms
query [20535]: # of matches found 29449 and it took: 105711ms
query [20536]: # of matches found 29521 and it took: 105402ms
query [20537]: # of matches found 29735 and it took: 106040ms
query [20538]: # of matches found 30058 and it took: 105854ms
query [20539]: # of matches found 30432 and it took: 105307ms
query [20540]: # of matches found 30523 and it took: 105912ms
query [20541]: # of matches found 31996 and it took: 105563ms
query [20542]: # of matches found 32033 and it took: 105952ms
query [20543]: # of matches found 32322 and it took: 105364ms
query [20544]: # of matches found 32623 and it took: 106022ms
query [20545]: # of matches found 32709 and it took: 105150ms
query [20546]: # of matches found 32743 and it took: 104766ms
query [20547]: # of matches found 32727 and it took: 105725ms
query [20548]: # of matches found 32641 and it took: 106954ms
query [20549]: # of matches found 32676 and it took: 104708ms
query [20550]: # of matches found 32451 and it took: 105200ms
query [20551]: # of matches found 32488 and it took: 104984ms
query [20552]: # of matches found 32498 and it took: 104557ms
query [20553]: # of matches found 32052 and it took: 104560ms
query [20554]: # of matches found 31977 and it took: 104240ms
query [20555]: # of matches found 31928 and it took: 104133ms
query [20556]: # of matches found 32107 and it took: 103916ms
query [20557]: # of matches found 31817 and it took: 103987ms
query [20558]: # of matches found 31607 and it took: 103430ms
query [20559]: # of matches found 31888 and it took: 102397ms
query [20560]: # of matches found 31781 and it took: 103170ms
query [20561]: # of matches found 31802 and it took: 101703ms
query [20562]: # of matches found 31837 and it took: 102967ms
query [20563]: # of matches found 31662 and it took: 102574ms
query [20564]: # of matches found 31677 and it took: 102286ms
query [20565]: # of matches found 31917 and it took: 102081ms
query [20566]: # of matches found 32210 and it took: 102146ms
query [20567]: # of matches found 32438 and it took: 102621ms
query [20568]: # of matches found 32475 and it took: 102114ms
query [20569]: # of matches found 32515 and it took: 101892ms
query [20570]: # of matches found 32739 and it took: 102870ms
query [20571]: # of matches found 32732 and it took: 101392ms
query [20572]: # of matches found 32651 and it took: 102564ms
query [20573]: # of matches found 32617 and it took: 102797ms
query [20574]: # of matches found 32611 and it took: 102898ms
query [20575]: # of matches found 32622 and it took: 103116ms
query [20576]: # of matches found 32565 and it took: 103304ms
query [20577]: # of matches found 32583 and it took: 103020ms
query [20578]: # of matches found 32372 and it took: 102746ms
query [20579]: # of matches found 32294 and it took: 102476ms
query [20580]: # of matches found 32244 and it took: 103521ms
query [20581]: # of matches found 32196 and it took: 101497ms
query [20582]: # of matches found 32170 and it took: 102756ms
query [20583]: # of matches found 32198 and it took: 103513ms
query [20584]: # of matches found 35606 and it took: 103663ms
query [20585]: # of matches found 35715 and it took: 102774ms
query [20586]: # of matches found 35652 and it took: 103323ms
query [20587]: # of matches found 35712 and it took: 104690ms
query [20588]: # of matches found 35756 and it took: 104033ms
query [20589]: # of matches found 35728 and it took: 103394ms
query [20590]: # of matches found 35772 and it took: 104074ms
query [20591]: # of matches found 35798 and it took: 101608ms
query [20592]: # of matches found 35812 and it took: 103188ms
query [20593]: # of matches found 35806 and it took: 103304ms
query [20594]: # of matches found 35833 and it took: 102924ms
query [20595]: # of matches found 35759 and it took: 101641ms
query [20596]: # of matches found 35706 and it took: 103532ms
query [20597]: # of matches found 35392 and it took: 103417ms
query [20598]: # of matches found 35291 and it took: 102712ms
query [20599]: # of matches found 35355 and it took: 102272ms
query [20600]: # of matches found 35220 and it took: 102419ms
query [20601]: # of matches found 35185 and it took: 100806ms
query [20602]: # of matches found 35319 and it took: 101633ms
query [20603]: # of matches found 35938 and it took: 101427ms
query [20604]: # of matches found 36957 and it took: 101034ms
query [20605]: # of matches found 36742 and it took: 100228ms
query [20606]: # of matches found 36732 and it took: 101744ms
query [20607]: # of matches found 36635 and it took: 101423ms
query [20608]: # of matches found 36646 and it took: 101239ms
query [20609]: # of matches found 36677 and it took: 100696ms
query [20610]: # of matches found 36796 and it took: 100738ms
query [20611]: # of matches found 36760 and it took: 99250.3ms
query [20612]: # of matches found 36894 and it took: 99451.5ms
query [20613]: # of matches found 36877 and it took: 99137.2ms
query [20614]: # of matches found 36886 and it took: 100025ms
query [20615]: # of matches found 36969 and it took: 98947.9ms
query [20616]: # of matches found 36970 and it took: 100287ms
query [20617]: # of matches found 37011 and it took: 100882ms
query [20618]: # of matches found 37077 and it took: 99989.2ms
query [20619]: # of matches found 37131 and it took: 97327.6ms
query [20620]: # of matches found 37120 and it took: 97452.1ms
query [20621]: # of matches found 37309 and it took: 97479.6ms
query [20622]: # of matches found 37354 and it took: 97014.9ms
query [20623]: # of matches found 37291 and it took: 97353.9ms
query [20624]: # of matches found 37280 and it took: 97160.9ms
query [20625]: # of matches found 37250 and it took: 96345.7ms
query [20626]: # of matches found 37195 and it took: 96495.9ms
query [20627]: # of matches found 37156 and it took: 96726.1ms
query [20628]: # of matches found 36975 and it took: 96875.3ms
query [20629]: # of matches found 36859 and it took: 97864.6ms
query [20630]: # of matches found 36839 and it took: 97204.4ms
query [20631]: # of matches found 36810 and it took: 96609.8ms
query [20632]: # of matches found 36779 and it took: 96004.9ms
query [20633]: # of matches found 36434 and it took: 96477.4ms
query [20634]: # of matches found 36397 and it took: 97222ms
query [20635]: # of matches found 36413 and it took: 97296.9ms
query [20636]: # of matches found 36352 and it took: 96881.8ms
query [20637]: # of matches found 34823 and it took: 96922.6ms
query [20638]: # of matches found 33943 and it took: 97688.2ms
query [20639]: # of matches found 33973 and it took: 97701.8ms
query [20640]: # of matches found 33912 and it took: 97251ms
query [20641]: # of matches found 33908 and it took: 97265.2ms
query [20642]: # of matches found 33918 and it took: 97457.5ms
query [20643]: # of matches found 33772 and it took: 97671.7ms
query [20644]: # of matches found 33792 and it took: 97330.9ms
query [20645]: # of matches found 33754 and it took: 96740ms
query [20646]: # of matches found 33701 and it took: 97460.3ms
query [20647]: # of matches found 33493 and it took: 96626.9ms
query [20648]: # of matches found 33508 and it took: 97237.6ms
query [20649]: # of matches found 32591 and it took: 97434.8ms
query [20650]: # of matches found 31866 and it took: 97510.5ms
query [20651]: # of matches found 31894 and it took: 97408.8ms
query [20652]: # of matches found 30143 and it took: 97229.2ms
query [20653]: # of matches found 30079 and it took: 97738.9ms
query [20654]: # of matches found 30096 and it took: 98385.6ms
query [20655]: # of matches found 30178 and it took: 98137ms
query [20656]: # of matches found 29985 and it took: 99196.2ms
query [20657]: # of matches found 30193 and it took: 98902.9ms
query [20658]: # of matches found 30449 and it took: 99088.1ms
query [20659]: # of matches found 30656 and it took: 99150.5ms
query [20660]: # of matches found 30816 and it took: 98849.8ms
query [20661]: # of matches found 30963 and it took: 99308.6ms
query [20662]: # of matches found 31038 and it took: 99572ms
query [20663]: # of matches found 31095 and it took: 99979.5ms
query [20664]: # of matches found 31023 and it took: 99878.4ms
query [20665]: # of matches found 30928 and it took: 100323ms
query [20666]: # of matches found 30931 and it took: 100865ms
query [20667]: # of matches found 31133 and it took: 100518ms
query [20668]: # of matches found 31052 and it took: 100881ms
query [20669]: # of matches found 31190 and it took: 100584ms
query [20670]: # of matches found 31489 and it took: 100417ms
query [20671]: # of matches found 31295 and it took: 100465ms
query [20672]: # of matches found 31270 and it took: 101253ms
query [20673]: # of matches found 31206 and it took: 101884ms
query [20674]: # of matches found 31207 and it took: 101302ms
query [20675]: # of matches found 31095 and it took: 102072ms
query [20676]: # of matches found 31135 and it took: 102040ms
query [20677]: # of matches found 31102 and it took: 102034ms
query [20678]: # of matches found 31215 and it took: 102091ms
query [20679]: # of matches found 30845 and it took: 102251ms
query [20680]: # of matches found 30833 and it took: 102107ms
query [20681]: # of matches found 29344 and it took: 101785ms
query [20682]: # of matches found 29280 and it took: 102076ms
query [20683]: # of matches found 28999 and it took: 102829ms
query [20684]: # of matches found 28797 and it took: 103338ms
query [20685]: # of matches found 28823 and it took: 103416ms
query [20686]: # of matches found 28962 and it took: 103605ms
query [20687]: # of matches found 29049 and it took: 104023ms
query [20688]: # of matches found 29285 and it took: 103781ms
query [20689]: # of matches found 29358 and it took: 104841ms
query [20690]: # of matches found 29504 and it took: 103990ms
query [20691]: # of matches found 29519 and it took: 104582ms
query [20692]: # of matches found 29505 and it took: 105203ms
query [20693]: # of matches found 29696 and it took: 106995ms
query [20694]: # of matches found 29762 and it took: 106832ms
query [20695]: # of matches found 29902 and it took: 106678ms
query [20696]: # of matches found 29551 and it took: 107310ms
query [20697]: # of matches found 29399 and it took: 107119ms
query [20698]: # of matches found 29370 and it took: 107334ms
query [20699]: # of matches found 28919 and it took: 106887ms
query [20700]: # of matches found 28314 and it took: 106251ms
query [20701]: # of matches found 28285 and it took: 106772ms
query [20702]: # of matches found 28269 and it took: 106968ms
query [20703]: # of matches found 28530 and it took: 109043ms
query [20704]: # of matches found 28234 and it took: 109711ms
query [20705]: # of matches found 28132 and it took: 108307ms
query [20706]: # of matches found 27940 and it took: 110072ms
query [20707]: # of matches found 27683 and it took: 109453ms
query [20708]: # of matches found 27578 and it took: 109671ms
query [20709]: # of matches found 27517 and it took: 109736ms
query [20710]: # of matches found 27542 and it took: 108731ms
query [20711]: # of matches found 27493 and it took: 108760ms
query [20712]: # of matches found 27473 and it took: 108951ms
query [20713]: # of matches found 27567 and it took: 110829ms
query [20714]: # of matches found 27660 and it took: 111827ms
query [20715]: # of matches found 27657 and it took: 110264ms
query [20716]: # of matches found 27899 and it took: 111050ms
query [20717]: # of matches found 28173 and it took: 110250ms
query [20718]: # of matches found 28478 and it took: 111218ms
query [20719]: # of matches found 28530 and it took: 111722ms
query [20720]: # of matches found 28542 and it took: 110530ms
query [20721]: # of matches found 28560 and it took: 109577ms
query [20722]: # of matches found 28467 and it took: 109413ms
query [20723]: # of matches found 28440 and it took: 111380ms
query [20724]: # of matches found 25079 and it took: 111580ms
query [20725]: # of matches found 25037 and it took: 110425ms
query [20726]: # of matches found 25118 and it took: 111896ms
query [20727]: # of matches found 24985 and it took: 110960ms
query [20728]: # of matches found 24961 and it took: 112673ms
query [20729]: # of matches found 25067 and it took: 112129ms
query [20730]: # of matches found 25039 and it took: 111082ms
query [20731]: # of matches found 25659 and it took: 110200ms
query [20732]: # of matches found 25653 and it took: 110159ms
query [20733]: # of matches found 25636 and it took: 113058ms
query [20734]: # of matches found 25570 and it took: 112881ms
query [20735]: # of matches found 25564 and it took: 110746ms
query [20736]: # of matches found 25537 and it took: 111369ms
query [20737]: # of matches found 25582 and it took: 110461ms
query [20738]: # of matches found 26427 and it took: 111434ms
query [20739]: # of matches found 26364 and it took: 112813ms
query [20740]: # of matches found 26384 and it took: 111112ms
query [20741]: # of matches found 26378 and it took: 110487ms
query [20742]: # of matches found 26256 and it took: 110112ms
query [20743]: # of matches found 25674 and it took: 112532ms
query [20744]: # of matches found 24915 and it took: 112052ms
query [20745]: # of matches found 24899 and it took: 111375ms
query [20746]: # of matches found 24392 and it took: 112616ms
query [20747]: # of matches found 24463 and it took: 111433ms
query [20748]: # of matches found 24374 and it took: 111900ms
query [20749]: # of matches found 24322 and it took: 111610ms
query [20750]: # of matches found 24381 and it took: 112236ms
query [20751]: # of matches found 24413 and it took: 110552ms
query [20752]: # of matches found 24247 and it took: 110711ms
query [20753]: # of matches found 24287 and it took: 113980ms
query [20754]: # of matches found 24327 and it took: 113299ms
query [20755]: # of matches found 24403 and it took: 113482ms
query [20756]: # of matches found 24553 and it took: 115204ms
query [20757]: # of matches found 24648 and it took: 114116ms
query [20758]: # of matches found 24693 and it took: 114676ms
query [20759]: # of matches found 24595 and it took: 113461ms
query [20760]: # of matches found 24616 and it took: 110939ms
query [20761]: # of matches found 24462 and it took: 110850ms
query [20762]: # of matches found 24665 and it took: 110610ms
query [20763]: # of matches found 24765 and it took: 111715ms
query [20764]: # of matches found 24822 and it took: 111127ms
query [20765]: # of matches found 24745 and it took: 110284ms
query [20766]: # of matches found 24773 and it took: 110970ms
query [20767]: # of matches found 25553 and it took: 110022ms
query [20768]: # of matches found 25582 and it took: 109262ms
query [20769]: # of matches found 25597 and it took: 110408ms
query [20770]: # of matches found 25669 and it took: 109742ms
query [20771]: # of matches found 25839 and it took: 110542ms
query [20772]: # of matches found 25912 and it took: 109697ms
query [20773]: # of matches found 25903 and it took: 110335ms
query [20774]: # of matches found 30142 and it took: 109818ms
query [20775]: # of matches found 30145 and it took: 108453ms
query [20776]: # of matches found 30133 and it took: 110039ms
query [20777]: # of matches found 30189 and it took: 110069ms
query [20778]: # of matches found 30232 and it took: 110446ms
query [20779]: # of matches found 30204 and it took: 110998ms
query [20780]: # of matches found 30235 and it took: 110287ms
query [20781]: # of matches found 30259 and it took: 110068ms
query [20782]: # of matches found 30233 and it took: 109599ms
query [20783]: # of matches found 30261 and it took: 111145ms
query [20784]: # of matches found 30339 and it took: 112372ms
query [20785]: # of matches found 30274 and it took: 110982ms
query [20786]: # of matches found 30281 and it took: 113485ms
query [20787]: # of matches found 30295 and it took: 113984ms
query [20788]: # of matches found 30183 and it took: 113997ms
query [20789]: # of matches found 31067 and it took: 113046ms
query [20790]: # of matches found 31075 and it took: 110778ms
query [20791]: # of matches found 31109 and it took: 111316ms
query [20792]: # of matches found 26527 and it took: 110216ms
query [20793]: # of matches found 26493 and it took: 111316ms
query [20794]: # of matches found 26110 and it took: 110977ms
query [20795]: # of matches found 25891 and it took: 110500ms
query [20796]: # of matches found 25881 and it took: 111913ms
query [20797]: # of matches found 25685 and it took: 111900ms
query [20798]: # of matches found 25643 and it took: 111858ms
query [20799]: # of matches found 25352 and it took: 112092ms
query [20800]: # of matches found 25397 and it took: 111526ms
query [20801]: # of matches found 24806 and it took: 112107ms
query [20802]: # of matches found 24630 and it took: 110427ms
query [20803]: # of matches found 24482 and it took: 113255ms
query [20804]: # of matches found 24459 and it took: 112077ms
query [20805]: # of matches found 24490 and it took: 110348ms
query [20806]: # of matches found 24489 and it took: 112664ms
query [20807]: # of matches found 24320 and it took: 112029ms
query [20808]: # of matches found 24270 and it took: 111191ms
query [20809]: # of matches found 23987 and it took: 112601ms
query [20810]: # of matches found 24066 and it took: 110385ms
query [20811]: # of matches found 24346 and it took: 110214ms
query [20812]: # of matches found 24479 and it took: 110570ms
query [20813]: # of matches found 24441 and it took: 110378ms
query [20814]: # of matches found 24385 and it took: 111088ms
query [20815]: # of matches found 24365 and it took: 109825ms
query [20816]: # of matches found 24363 and it took: 111508ms
query [20817]: # of matches found 24183 and it took: 110138ms
query [20818]: # of matches found 23619 and it took: 109436ms
query [20819]: # of matches found 23518 and it took: 110861ms
query [20820]: # of matches found 23376 and it took: 110083ms
query [20821]: # of matches found 23958 and it took: 109672ms
query [20822]: # of matches found 24026 and it took: 109923ms
query [20823]: # of matches found 23988 and it took: 110067ms
query [20824]: # of matches found 23945 and it took: 109275ms
query [20825]: # of matches found 24465 and it took: 107926ms
query [20826]: # of matches found 24272 and it took: 109906ms
query [20827]: # of matches found 24196 and it took: 108139ms
query [20828]: # of matches found 24146 and it took: 107972ms
query [20829]: # of matches found 23927 and it took: 107781ms
query [20830]: # of matches found 23825 and it took: 107204ms
query [20831]: # of matches found 23701 and it took: 107935ms
query [20832]: # of matches found 23629 and it took: 106860ms
query [20833]: # of matches found 23347 and it took: 106934ms
query [20834]: # of matches found 23309 and it took: 106276ms
query [20835]: # of matches found 23185 and it took: 104860ms
query [20836]: # of matches found 23180 and it took: 107471ms
query [20837]: # of matches found 23224 and it took: 108089ms
query [20838]: # of matches found 23146 and it took: 107888ms
query [20839]: # of matches found 27458 and it took: 107171ms
query [20840]: # of matches found 27475 and it took: 106351ms
query [20841]: # of matches found 27644 and it took: 106006ms
query [20842]: # of matches found 27602 and it took: 106034ms
