no kmerRangesFileAddressArg!
no otherToolArg!
**********************CONFIGURATIONS*****************************
PARMIK mode:                  3
readDatabaseAddress:          /p/lava/parmik/partialMatcherProject/datasets/metagenomicDB/SRR12432009/SRR12432009_reads
readFileName:                 SRR12432009_reads
queryFileAddress:             /p/lava/parmik/partialMatcherProject/datasets/queryFiles/covidQueryFiles/SarsGenome_chunks/SarsGenome_queries_9000-9999
queryFileName:                SarsGenome_queries_9000-9999
otherToolOutputFileAddress:   /u/rgq5aw/GIT/PARMIK/partialMatcherProject/tools/blast/SRR12432009/SarsGenome/blastn_ws30_results.out
outputDir:                    /p/lava/parmik/partialMatcherProject/tools/baseline_ssw/SRR12432009/SarsGenome
penaltyFileAddress:           /u/rgq5aw/GIT/PARMIK/experiments/parmik/CK_SSW_ID_PRCNTG/PenaltySets/2484_1111_2444_2288_2848
kmerRangesFileAddress:        
readsCount:                   17000000
queryCount:                   30000
kmerLength:                   11
regionSize:                   48
cheapKmerThreshold:           0
identityPercentage:           0.85
minExactMatchLen:             0
minNumExactMatchKmer:         0
isIndexOffline:               1
offlineIndexAddress:          /p/lava/parmik/partialMatcherProject/tools/parmik/CK_INDEX/SRR12432009/
max editDistance in min region: 2
**********************CONFIGURATIONS*****************************
--------------Penalties--------------
m: 2, s: 4, go: 8, ge: 4
m: 1, s: 1, go: 1, ge: 1
m: 2, s: 4, go: 4, ge: 4
m: 2, s: 2, go: 8, ge: 8
m: 2, s: 8, go: 4, ge: 8
------------------------------------
numberOfReadsWithN : 0
queryCount : 1000
numberOfReadsWithN : 0
readCount : 16344647
offlineCheapIndexAddress: /p/lava/parmik/partialMatcherProject/tools/parmik/CK_INDEX/SRR12432009/ck_T0_K11_r17000000
pmrkAlignmentsAddress: /p/lava/parmik/partialMatcherProject/tools/baseline_ssw/SRR12432009/SarsGenome/aln/pmAln_R48_PI85_L0_M0_E2_K11_T0_P_2484_1111_2444_2288_2848.txt
Starting alignment for all queries [fwd]...
queryBaseIndex: 9000
query [9000]: # of matches found 19421 and it took: 66761.6ms
query [9001]: # of matches found 19373 and it took: 66589ms
query [9002]: # of matches found 19473 and it took: 66165.2ms
query [9003]: # of matches found 19713 and it took: 67115.5ms
query [9004]: # of matches found 24503 and it took: 67559.8ms
query [9005]: # of matches found 31671 and it took: 67153.9ms
query [9006]: # of matches found 32963 and it took: 69850ms
query [9007]: # of matches found 32852 and it took: 67646ms
query [9008]: # of matches found 32871 and it took: 67816.4ms
query [9009]: # of matches found 32907 and it took: 68021.7ms
query [9010]: # of matches found 32894 and it took: 67656.7ms
query [9011]: # of matches found 32906 and it took: 67173.9ms
query [9012]: # of matches found 32937 and it took: 67455.6ms
query [9013]: # of matches found 33327 and it took: 68175.6ms
query [9014]: # of matches found 33340 and it took: 68355.4ms
query [9015]: # of matches found 33290 and it took: 67499ms
query [9016]: # of matches found 33186 and it took: 68638.1ms
query [9017]: # of matches found 33151 and it took: 68858.3ms
query [9018]: # of matches found 30720 and it took: 68648.4ms
query [9019]: # of matches found 30677 and it took: 68853.2ms
query [9020]: # of matches found 30620 and it took: 68353ms
query [9021]: # of matches found 30378 and it took: 68208.9ms
query [9022]: # of matches found 30410 and it took: 67210.9ms
query [9023]: # of matches found 31878 and it took: 67582.3ms
query [9024]: # of matches found 32299 and it took: 67918ms
query [9025]: # of matches found 32364 and it took: 66582.1ms
query [9026]: # of matches found 32870 and it took: 67920.6ms
query [9027]: # of matches found 32908 and it took: 68308.2ms
query [9028]: # of matches found 32933 and it took: 66929.9ms
query [9029]: # of matches found 32927 and it took: 67547.9ms
query [9030]: # of matches found 32853 and it took: 66917.7ms
query [9031]: # of matches found 33463 and it took: 66336ms
query [9032]: # of matches found 33424 and it took: 66019.1ms
query [9033]: # of matches found 33290 and it took: 66060.1ms
query [9034]: # of matches found 33324 and it took: 65875.9ms
