no kmerRangesFileAddressArg!
no otherToolArg!
**********************CONFIGURATIONS*****************************
PARMIK mode:                  3
readDatabaseAddress:          /p/lava/parmik/partialMatcherProject/datasets/metagenomicDB/SRR12432009/SRR12432009_reads
readFileName:                 SRR12432009_reads
queryFileAddress:             /p/lava/parmik/partialMatcherProject/datasets/queryFiles/covidQueryFiles/SarsGenome_chunks/SarsGenome_queries_25000-25999
queryFileName:                SarsGenome_queries_25000-25999
otherToolOutputFileAddress:   /u/rgq5aw/GIT/PARMIK/partialMatcherProject/tools/blast/SRR12432009/SarsGenome/blastn_ws30_results.out
outputDir:                    /p/lava/parmik/partialMatcherProject/tools/baseline_ssw/SRR12432009/SarsGenome
penaltyFileAddress:           /u/rgq5aw/GIT/PARMIK/experiments/parmik/CK_SSW_ID_PRCNTG/PenaltySets/2484_1111_2444_2288_2848
kmerRangesFileAddress:        
readsCount:                   17000000
queryCount:                   30000
kmerLength:                   11
regionSize:                   48
cheapKmerThreshold:           0
identityPercentage:           0.85
minExactMatchLen:             0
minNumExactMatchKmer:         0
isIndexOffline:               1
offlineIndexAddress:          /p/lava/parmik/partialMatcherProject/tools/parmik/CK_INDEX/SRR12432009/
max editDistance in min region: 2
**********************CONFIGURATIONS*****************************
--------------Penalties--------------
m: 2, s: 4, go: 8, ge: 4
m: 1, s: 1, go: 1, ge: 1
m: 2, s: 4, go: 4, ge: 4
m: 2, s: 2, go: 8, ge: 8
m: 2, s: 8, go: 4, ge: 8
------------------------------------
numberOfReadsWithN : 0
queryCount : 1000
numberOfReadsWithN : 0
readCount : 16344647
offlineCheapIndexAddress: /p/lava/parmik/partialMatcherProject/tools/parmik/CK_INDEX/SRR12432009/ck_T0_K11_r17000000
pmrkAlignmentsAddress: /p/lava/parmik/partialMatcherProject/tools/baseline_ssw/SRR12432009/SarsGenome/aln/pmAln_R48_PI85_L0_M0_E2_K11_T0_P_2484_1111_2444_2288_2848.txt
Starting alignment for all queries [fwd]...
queryBaseIndex: 25000
query [25000]: # of matches found 53496 and it took: 129521ms
query [25001]: # of matches found 53580 and it took: 129222ms
query [25002]: # of matches found 53531 and it took: 130553ms
query [25003]: # of matches found 53529 and it took: 127230ms
query [25004]: # of matches found 53468 and it took: 129792ms
query [25005]: # of matches found 53404 and it took: 128431ms
query [25006]: # of matches found 53158 and it took: 128899ms
query [25007]: # of matches found 52848 and it took: 131181ms
query [25008]: # of matches found 50416 and it took: 130818ms
query [25009]: # of matches found 49544 and it took: 131257ms
query [25010]: # of matches found 49244 and it took: 131172ms
query [25011]: # of matches found 49277 and it took: 129928ms
query [25012]: # of matches found 49394 and it took: 130903ms
query [25013]: # of matches found 49556 and it took: 127383ms
query [25014]: # of matches found 49541 and it took: 129937ms
query [25015]: # of matches found 49599 and it took: 128935ms
query [25016]: # of matches found 49564 and it took: 129213ms
query [25017]: # of matches found 49724 and it took: 130263ms
query [25018]: # of matches found 49751 and it took: 127834ms
query [25019]: # of matches found 49719 and it took: 128031ms
query [25020]: # of matches found 41012 and it took: 127679ms
query [25021]: # of matches found 40961 and it took: 126824ms
query [25022]: # of matches found 40931 and it took: 127947ms
query [25023]: # of matches found 40850 and it took: 125576ms
query [25024]: # of matches found 41175 and it took: 128511ms
query [25025]: # of matches found 41176 and it took: 129115ms
query [25026]: # of matches found 41512 and it took: 128474ms
query [25027]: # of matches found 41678 and it took: 129670ms
query [25028]: # of matches found 41618 and it took: 128845ms
query [25029]: # of matches found 41579 and it took: 129379ms
query [25030]: # of matches found 41529 and it took: 128585ms
query [25031]: # of matches found 41387 and it took: 127932ms
query [25032]: # of matches found 41286 and it took: 129935ms
query [25033]: # of matches found 41095 and it took: 126937ms
query [25034]: # of matches found 40628 and it took: 130742ms
query [25035]: # of matches found 40560 and it took: 130064ms
query [25036]: # of matches found 40403 and it took: 129652ms
query [25037]: # of matches found 39665 and it took: 131238ms
query [25038]: # of matches found 39698 and it took: 131126ms
query [25039]: # of matches found 39821 and it took: 131040ms
query [25040]: # of matches found 39820 and it took: 131938ms
query [25041]: # of matches found 38517 and it took: 131791ms
query [25042]: # of matches found 38578 and it took: 133114ms
query [25043]: # of matches found 38546 and it took: 129872ms
query [25044]: # of matches found 38544 and it took: 133099ms
query [25045]: # of matches found 38528 and it took: 133550ms
query [25046]: # of matches found 38486 and it took: 133635ms
query [25047]: # of matches found 38357 and it took: 134407ms
query [25048]: # of matches found 38348 and it took: 134343ms
query [25049]: # of matches found 38423 and it took: 134378ms
query [25050]: # of matches found 38431 and it took: 134692ms
query [25051]: # of matches found 38385 and it took: 133777ms
query [25052]: # of matches found 38452 and it took: 135327ms
query [25053]: # of matches found 38447 and it took: 130020ms
query [25054]: # of matches found 38419 and it took: 133026ms
query [25055]: # of matches found 38353 and it took: 132063ms
query [25056]: # of matches found 38424 and it took: 132043ms
query [25057]: # of matches found 38370 and it took: 132762ms
query [25058]: # of matches found 38388 and it took: 132418ms
query [25059]: # of matches found 38100 and it took: 131639ms
query [25060]: # of matches found 38343 and it took: 132271ms
query [25061]: # of matches found 38130 and it took: 131070ms
query [25062]: # of matches found 38094 and it took: 132049ms
query [25063]: # of matches found 38137 and it took: 130064ms
query [25064]: # of matches found 38395 and it took: 131914ms
query [25065]: # of matches found 38831 and it took: 133015ms
query [25066]: # of matches found 39322 and it took: 132795ms
query [25067]: # of matches found 39297 and it took: 133969ms
query [25068]: # of matches found 39353 and it took: 133745ms
query [25069]: # of matches found 39050 and it took: 133540ms
query [25070]: # of matches found 38791 and it took: 134649ms
query [25071]: # of matches found 38871 and it took: 133739ms
query [25072]: # of matches found 38904 and it took: 134301ms
query [25073]: # of matches found 29739 and it took: 132436ms
query [25074]: # of matches found 29757 and it took: 135129ms
query [25075]: # of matches found 29768 and it took: 134730ms
query [25076]: # of matches found 29798 and it took: 134876ms
query [25077]: # of matches found 28641 and it took: 136178ms
query [25078]: # of matches found 28602 and it took: 134800ms
query [25079]: # of matches found 28768 and it took: 134227ms
query [25080]: # of matches found 28885 and it took: 136536ms
query [25081]: # of matches found 28938 and it took: 136000ms
query [25082]: # of matches found 29006 and it took: 134732ms
query [25083]: # of matches found 28966 and it took: 134216ms
query [25084]: # of matches found 28999 and it took: 136161ms
query [25085]: # of matches found 28936 and it took: 135373ms
query [25086]: # of matches found 28987 and it took: 135242ms
query [25087]: # of matches found 28760 and it took: 136877ms
query [25088]: # of matches found 28597 and it took: 135948ms
query [25089]: # of matches found 28486 and it took: 135447ms
query [25090]: # of matches found 28314 and it took: 136566ms
query [25091]: # of matches found 28140 and it took: 136936ms
query [25092]: # of matches found 28264 and it took: 136566ms
query [25093]: # of matches found 28222 and it took: 134805ms
query [25094]: # of matches found 28082 and it took: 137810ms
query [25095]: # of matches found 28082 and it took: 136334ms
query [25096]: # of matches found 28213 and it took: 136627ms
query [25097]: # of matches found 28132 and it took: 135847ms
query [25098]: # of matches found 27558 and it took: 135949ms
query [25099]: # of matches found 27728 and it took: 134959ms
query [25100]: # of matches found 27798 and it took: 136543ms
query [25101]: # of matches found 28006 and it took: 136430ms
query [25102]: # of matches found 28199 and it took: 134647ms
query [25103]: # of matches found 28235 and it took: 134238ms
query [25104]: # of matches found 28258 and it took: 134685ms
query [25105]: # of matches found 28326 and it took: 133390ms
query [25106]: # of matches found 28435 and it took: 134006ms
query [25107]: # of matches found 28491 and it took: 135024ms
query [25108]: # of matches found 28494 and it took: 135424ms
query [25109]: # of matches found 28598 and it took: 133968ms
query [25110]: # of matches found 29133 and it took: 135407ms
query [25111]: # of matches found 29163 and it took: 134194ms
query [25112]: # of matches found 33837 and it took: 133296ms
query [25113]: # of matches found 33647 and it took: 133080ms
query [25114]: # of matches found 33563 and it took: 133768ms
query [25115]: # of matches found 33412 and it took: 132362ms
query [25116]: # of matches found 33291 and it took: 132740ms
query [25117]: # of matches found 33466 and it took: 132217ms
query [25118]: # of matches found 33348 and it took: 133247ms
query [25119]: # of matches found 33291 and it took: 131446ms
query [25120]: # of matches found 33111 and it took: 132828ms
query [25121]: # of matches found 32980 and it took: 132247ms
query [25122]: # of matches found 32991 and it took: 130914ms
query [25123]: # of matches found 32985 and it took: 131208ms
query [25124]: # of matches found 32976 and it took: 131499ms
query [25125]: # of matches found 32988 and it took: 130491ms
query [25126]: # of matches found 33064 and it took: 132068ms
query [25127]: # of matches found 33131 and it took: 131274ms
query [25128]: # of matches found 33163 and it took: 131180ms
query [25129]: # of matches found 33445 and it took: 129533ms
query [25130]: # of matches found 33612 and it took: 130630ms
query [25131]: # of matches found 33781 and it took: 130561ms
query [25132]: # of matches found 33902 and it took: 129129ms
query [25133]: # of matches found 33961 and it took: 129208ms
query [25134]: # of matches found 33716 and it took: 130442ms
query [25135]: # of matches found 33753 and it took: 130963ms
query [25136]: # of matches found 25494 and it took: 130624ms
query [25137]: # of matches found 25420 and it took: 129981ms
query [25138]: # of matches found 25405 and it took: 131077ms
query [25139]: # of matches found 25574 and it took: 128988ms
query [25140]: # of matches found 25644 and it took: 129875ms
query [25141]: # of matches found 26028 and it took: 128946ms
query [25142]: # of matches found 26159 and it took: 127464ms
query [25143]: # of matches found 26401 and it took: 127306ms
query [25144]: # of matches found 26603 and it took: 127750ms
query [25145]: # of matches found 26767 and it took: 126516ms
query [25146]: # of matches found 26918 and it took: 126418ms
query [25147]: # of matches found 27081 and it took: 125403ms
query [25148]: # of matches found 27194 and it took: 125643ms
query [25149]: # of matches found 27176 and it took: 125049ms
query [25150]: # of matches found 27178 and it took: 125385ms
query [25151]: # of matches found 27223 and it took: 125651ms
query [25152]: # of matches found 26895 and it took: 124253ms
query [25153]: # of matches found 26320 and it took: 124934ms
query [25154]: # of matches found 26118 and it took: 125029ms
query [25155]: # of matches found 25827 and it took: 124716ms
query [25156]: # of matches found 25875 and it took: 125106ms
query [25157]: # of matches found 25813 and it took: 124422ms
query [25158]: # of matches found 25655 and it took: 124635ms
query [25159]: # of matches found 25607 and it took: 123558ms
query [25160]: # of matches found 25711 and it took: 123852ms
query [25161]: # of matches found 25760 and it took: 123792ms
query [25162]: # of matches found 25820 and it took: 122881ms
query [25163]: # of matches found 25834 and it took: 124125ms
query [25164]: # of matches found 25606 and it took: 124017ms
query [25165]: # of matches found 25640 and it took: 123439ms
query [25166]: # of matches found 25366 and it took: 125036ms
query [25167]: # of matches found 25488 and it took: 123683ms
query [25168]: # of matches found 25424 and it took: 124794ms
query [25169]: # of matches found 25572 and it took: 124110ms
query [25170]: # of matches found 25642 and it took: 124480ms
query [25171]: # of matches found 25242 and it took: 124977ms
query [25172]: # of matches found 25258 and it took: 123559ms
query [25173]: # of matches found 25397 and it took: 124401ms
query [25174]: # of matches found 25491 and it took: 124068ms
query [25175]: # of matches found 25750 and it took: 123602ms
query [25176]: # of matches found 25905 and it took: 123911ms
query [25177]: # of matches found 26014 and it took: 123070ms
query [25178]: # of matches found 26163 and it took: 124029ms
query [25179]: # of matches found 26096 and it took: 122815ms
query [25180]: # of matches found 26157 and it took: 123390ms
query [25181]: # of matches found 26307 and it took: 123193ms
query [25182]: # of matches found 26417 and it took: 122174ms
query [25183]: # of matches found 26437 and it took: 122946ms
query [25184]: # of matches found 26435 and it took: 123288ms
query [25185]: # of matches found 26826 and it took: 122943ms
query [25186]: # of matches found 26800 and it took: 123410ms
query [25187]: # of matches found 26819 and it took: 123437ms
query [25188]: # of matches found 26714 and it took: 124322ms
query [25189]: # of matches found 26678 and it took: 123654ms
query [25190]: # of matches found 26716 and it took: 123944ms
query [25191]: # of matches found 26684 and it took: 124035ms
query [25192]: # of matches found 26714 and it took: 123554ms
query [25193]: # of matches found 26971 and it took: 123738ms
query [25194]: # of matches found 27067 and it took: 123409ms
query [25195]: # of matches found 27275 and it took: 122465ms
query [25196]: # of matches found 27346 and it took: 123657ms
query [25197]: # of matches found 27446 and it took: 123227ms
query [25198]: # of matches found 27458 and it took: 124035ms
query [25199]: # of matches found 27331 and it took: 123124ms
query [25200]: # of matches found 26738 and it took: 123258ms
query [25201]: # of matches found 26678 and it took: 124358ms
query [25202]: # of matches found 26673 and it took: 123306ms
query [25203]: # of matches found 26388 and it took: 124244ms
query [25204]: # of matches found 26167 and it took: 124182ms
query [25205]: # of matches found 25941 and it took: 123528ms
query [25206]: # of matches found 25463 and it took: 124302ms
query [25207]: # of matches found 25252 and it took: 125107ms
query [25208]: # of matches found 25196 and it took: 125815ms
query [25209]: # of matches found 25283 and it took: 125629ms
query [25210]: # of matches found 25509 and it took: 125959ms
query [25211]: # of matches found 25441 and it took: 125743ms
query [25212]: # of matches found 25350 and it took: 125077ms
query [25213]: # of matches found 25267 and it took: 124747ms
query [25214]: # of matches found 25231 and it took: 124813ms
query [25215]: # of matches found 25370 and it took: 124439ms
query [25216]: # of matches found 26471 and it took: 125388ms
query [25217]: # of matches found 26367 and it took: 124552ms
query [25218]: # of matches found 26463 and it took: 124529ms
query [25219]: # of matches found 26461 and it took: 124868ms
query [25220]: # of matches found 26570 and it took: 124738ms
query [25221]: # of matches found 26512 and it took: 125649ms
query [25222]: # of matches found 26506 and it took: 124774ms
query [25223]: # of matches found 26488 and it took: 124363ms
query [25224]: # of matches found 26584 and it took: 125001ms
query [25225]: # of matches found 26746 and it took: 124660ms
query [25226]: # of matches found 26790 and it took: 125762ms
query [25227]: # of matches found 26760 and it took: 125401ms
query [25228]: # of matches found 26819 and it took: 125949ms
query [25229]: # of matches found 26868 and it took: 125689ms
query [25230]: # of matches found 26819 and it took: 126107ms
query [25231]: # of matches found 26838 and it took: 126684ms
query [25232]: # of matches found 26785 and it took: 125586ms
query [25233]: # of matches found 26820 and it took: 126170ms
query [25234]: # of matches found 26921 and it took: 126362ms
query [25235]: # of matches found 26885 and it took: 126511ms
query [25236]: # of matches found 26683 and it took: 126903ms
query [25237]: # of matches found 26833 and it took: 126815ms
query [25238]: # of matches found 26855 and it took: 126213ms
query [25239]: # of matches found 26735 and it took: 125903ms
query [25240]: # of matches found 26555 and it took: 126369ms
query [25241]: # of matches found 26418 and it took: 126828ms
query [25242]: # of matches found 26291 and it took: 126260ms
query [25243]: # of matches found 26565 and it took: 126776ms
query [25244]: # of matches found 26502 and it took: 126470ms
query [25245]: # of matches found 26535 and it took: 126013ms
query [25246]: # of matches found 26463 and it took: 126357ms
query [25247]: # of matches found 26644 and it took: 126516ms
query [25248]: # of matches found 26640 and it took: 126473ms
query [25249]: # of matches found 26565 and it took: 125953ms
query [25250]: # of matches found 25991 and it took: 126695ms
query [25251]: # of matches found 26003 and it took: 126424ms
query [25252]: # of matches found 21167 and it took: 126114ms
query [25253]: # of matches found 21148 and it took: 126312ms
query [25254]: # of matches found 21229 and it took: 127448ms
query [25255]: # of matches found 21222 and it took: 126957ms
query [25256]: # of matches found 21215 and it took: 127740ms
query [25257]: # of matches found 21048 and it took: 128458ms
query [25258]: # of matches found 21096 and it took: 128386ms
query [25259]: # of matches found 20934 and it took: 127886ms
query [25260]: # of matches found 21019 and it took: 128000ms
query [25261]: # of matches found 21013 and it took: 128918ms
query [25262]: # of matches found 21060 and it took: 127546ms
query [25263]: # of matches found 21221 and it took: 128843ms
query [25264]: # of matches found 21335 and it took: 129371ms
query [25265]: # of matches found 21334 and it took: 128766ms
query [25266]: # of matches found 21363 and it took: 129297ms
query [25267]: # of matches found 21361 and it took: 129559ms
query [25268]: # of matches found 21388 and it took: 129673ms
query [25269]: # of matches found 21275 and it took: 129358ms
query [25270]: # of matches found 20959 and it took: 129523ms
query [25271]: # of matches found 20816 and it took: 130954ms
query [25272]: # of matches found 20785 and it took: 129682ms
query [25273]: # of matches found 20649 and it took: 131038ms
query [25274]: # of matches found 20577 and it took: 131022ms
query [25275]: # of matches found 20607 and it took: 130615ms
query [25276]: # of matches found 20983 and it took: 131472ms
query [25277]: # of matches found 21213 and it took: 131362ms
query [25278]: # of matches found 21244 and it took: 131792ms
query [25279]: # of matches found 21119 and it took: 131310ms
query [25280]: # of matches found 21192 and it took: 131577ms
query [25281]: # of matches found 20952 and it took: 132576ms
query [25282]: # of matches found 21020 and it took: 130839ms
query [25283]: # of matches found 20878 and it took: 131898ms
query [25284]: # of matches found 20832 and it took: 131993ms
query [25285]: # of matches found 21156 and it took: 131434ms
query [25286]: # of matches found 21322 and it took: 131186ms
query [25287]: # of matches found 21343 and it took: 131264ms
query [25288]: # of matches found 21601 and it took: 131706ms
query [25289]: # of matches found 21949 and it took: 130964ms
query [25290]: # of matches found 22182 and it took: 131230ms
query [25291]: # of matches found 22329 and it took: 132109ms
query [25292]: # of matches found 22400 and it took: 130328ms
query [25293]: # of matches found 22419 and it took: 131222ms
query [25294]: # of matches found 22314 and it took: 131562ms
query [25295]: # of matches found 22288 and it took: 130605ms
query [25296]: # of matches found 22209 and it took: 131363ms
query [25297]: # of matches found 22279 and it took: 132417ms
query [25298]: # of matches found 22321 and it took: 132559ms
query [25299]: # of matches found 22318 and it took: 130965ms
query [25300]: # of matches found 22228 and it took: 130420ms
query [25301]: # of matches found 22287 and it took: 131563ms
query [25302]: # of matches found 22231 and it took: 129859ms
query [25303]: # of matches found 22247 and it took: 130520ms
query [25304]: # of matches found 22235 and it took: 131007ms
query [25305]: # of matches found 22531 and it took: 130682ms
query [25306]: # of matches found 23456 and it took: 131023ms
query [25307]: # of matches found 23672 and it took: 131012ms
query [25308]: # of matches found 23737 and it took: 131001ms
query [25309]: # of matches found 23539 and it took: 129480ms
query [25310]: # of matches found 23447 and it took: 130589ms
query [25311]: # of matches found 23338 and it took: 130674ms
query [25312]: # of matches found 23295 and it took: 128603ms
query [25313]: # of matches found 23214 and it took: 130132ms
query [25314]: # of matches found 23132 and it took: 130282ms
query [25315]: # of matches found 23078 and it took: 129860ms
query [25316]: # of matches found 22888 and it took: 130571ms
query [25317]: # of matches found 22710 and it took: 130030ms
query [25318]: # of matches found 22629 and it took: 131309ms
query [25319]: # of matches found 22714 and it took: 129874ms
query [25320]: # of matches found 22663 and it took: 130114ms
query [25321]: # of matches found 22860 and it took: 130184ms
query [25322]: # of matches found 24328 and it took: 128917ms
query [25323]: # of matches found 24451 and it took: 130453ms
query [25324]: # of matches found 24475 and it took: 130480ms
query [25325]: # of matches found 24240 and it took: 129600ms
query [25326]: # of matches found 24365 and it took: 130161ms
query [25327]: # of matches found 24367 and it took: 130512ms
query [25328]: # of matches found 24578 and it took: 130253ms
query [25329]: # of matches found 24520 and it took: 129537ms
query [25330]: # of matches found 24465 and it took: 130309ms
query [25331]: # of matches found 24395 and it took: 130517ms
query [25332]: # of matches found 24339 and it took: 128413ms
query [25333]: # of matches found 24120 and it took: 130492ms
query [25334]: # of matches found 23893 and it took: 130190ms
query [25335]: # of matches found 23598 and it took: 129371ms
query [25336]: # of matches found 23447 and it took: 129724ms
query [25337]: # of matches found 23324 and it took: 130186ms
query [25338]: # of matches found 23247 and it took: 129908ms
query [25339]: # of matches found 23236 and it took: 128646ms
query [25340]: # of matches found 23205 and it took: 128806ms
query [25341]: # of matches found 23203 and it took: 129429ms
query [25342]: # of matches found 23158 and it took: 127118ms
query [25343]: # of matches found 23471 and it took: 128534ms
query [25344]: # of matches found 23647 and it took: 128143ms
query [25345]: # of matches found 23563 and it took: 127140ms
query [25346]: # of matches found 23769 and it took: 128050ms
query [25347]: # of matches found 23718 and it took: 128093ms
query [25348]: # of matches found 23703 and it took: 127798ms
query [25349]: # of matches found 23813 and it took: 125609ms
query [25350]: # of matches found 23627 and it took: 126579ms
query [25351]: # of matches found 24145 and it took: 126677ms
query [25352]: # of matches found 24398 and it took: 123907ms
query [25353]: # of matches found 24882 and it took: 125825ms
query [25354]: # of matches found 25266 and it took: 125796ms
query [25355]: # of matches found 25474 and it took: 125268ms
query [25356]: # of matches found 24552 and it took: 124402ms
query [25357]: # of matches found 24590 and it took: 123551ms
query [25358]: # of matches found 24538 and it took: 124475ms
query [25359]: # of matches found 24398 and it took: 124550ms
query [25360]: # of matches found 24425 and it took: 123825ms
query [25361]: # of matches found 24593 and it took: 122745ms
query [25362]: # of matches found 24439 and it took: 120720ms
query [25363]: # of matches found 24495 and it took: 122015ms
query [25364]: # of matches found 24534 and it took: 121868ms
query [25365]: # of matches found 24866 and it took: 121159ms
query [25366]: # of matches found 24869 and it took: 120833ms
query [25367]: # of matches found 25011 and it took: 119684ms
query [25368]: # of matches found 24943 and it took: 120947ms
query [25369]: # of matches found 24926 and it took: 120786ms
query [25370]: # of matches found 24969 and it took: 121060ms
query [25371]: # of matches found 25001 and it took: 119969ms
query [25372]: # of matches found 24974 and it took: 119259ms
query [25373]: # of matches found 25026 and it took: 120660ms
query [25374]: # of matches found 25044 and it took: 120971ms
query [25375]: # of matches found 25173 and it took: 120784ms
query [25376]: # of matches found 25242 and it took: 121410ms
query [25377]: # of matches found 25214 and it took: 118661ms
query [25378]: # of matches found 25396 and it took: 121860ms
query [25379]: # of matches found 25378 and it took: 121544ms
query [25380]: # of matches found 25453 and it took: 122374ms
query [25381]: # of matches found 25461 and it took: 120127ms
query [25382]: # of matches found 25409 and it took: 118947ms
query [25383]: # of matches found 25079 and it took: 120701ms
query [25384]: # of matches found 25123 and it took: 120526ms
query [25385]: # of matches found 25111 and it took: 119999ms
query [25386]: # of matches found 25279 and it took: 120804ms
query [25387]: # of matches found 25069 and it took: 118660ms
query [25388]: # of matches found 25079 and it took: 121169ms
query [25389]: # of matches found 24975 and it took: 120510ms
query [25390]: # of matches found 24982 and it took: 120527ms
query [25391]: # of matches found 24965 and it took: 119820ms
query [25392]: # of matches found 25202 and it took: 119018ms
query [25393]: # of matches found 25220 and it took: 119982ms
query [25394]: # of matches found 25081 and it took: 120033ms
query [25395]: # of matches found 25075 and it took: 119424ms
query [25396]: # of matches found 25047 and it took: 120652ms
query [25397]: # of matches found 25046 and it took: 119334ms
query [25398]: # of matches found 25101 and it took: 120925ms
query [25399]: # of matches found 25168 and it took: 120734ms
query [25400]: # of matches found 25392 and it took: 120865ms
query [25401]: # of matches found 25253 and it took: 119924ms
query [25402]: # of matches found 25326 and it took: 119029ms
query [25403]: # of matches found 25242 and it took: 120467ms
query [25404]: # of matches found 25272 and it took: 120613ms
query [25405]: # of matches found 25422 and it took: 119612ms
query [25406]: # of matches found 25603 and it took: 120494ms
query [25407]: # of matches found 25811 and it took: 118779ms
query [25408]: # of matches found 25713 and it took: 120443ms
query [25409]: # of matches found 25542 and it took: 119927ms
query [25410]: # of matches found 25464 and it took: 120294ms
query [25411]: # of matches found 25464 and it took: 119326ms
query [25412]: # of matches found 25614 and it took: 119114ms
query [25413]: # of matches found 25721 and it took: 119991ms
query [25414]: # of matches found 25756 and it took: 120194ms
query [25415]: # of matches found 25803 and it took: 119546ms
query [25416]: # of matches found 25566 and it took: 120609ms
query [25417]: # of matches found 25449 and it took: 120320ms
query [25418]: # of matches found 25205 and it took: 122005ms
query [25419]: # of matches found 25454 and it took: 120675ms
query [25420]: # of matches found 25383 and it took: 121420ms
query [25421]: # of matches found 25651 and it took: 122013ms
query [25422]: # of matches found 25530 and it took: 121047ms
query [25423]: # of matches found 26101 and it took: 122233ms
query [25424]: # of matches found 26450 and it took: 122258ms
query [25425]: # of matches found 25972 and it took: 122121ms
query [25426]: # of matches found 25786 and it took: 123484ms
query [25427]: # of matches found 25542 and it took: 123079ms
query [25428]: # of matches found 25161 and it took: 123961ms
query [25429]: # of matches found 24802 and it took: 123477ms
query [25430]: # of matches found 24658 and it took: 124145ms
query [25431]: # of matches found 24315 and it took: 123548ms
query [25432]: # of matches found 24216 and it took: 123442ms
query [25433]: # of matches found 24246 and it took: 124120ms
query [25434]: # of matches found 24170 and it took: 123853ms
query [25435]: # of matches found 24182 and it took: 123581ms
query [25436]: # of matches found 24304 and it took: 123656ms
query [25437]: # of matches found 24426 and it took: 123756ms
query [25438]: # of matches found 24551 and it took: 124237ms
query [25439]: # of matches found 24629 and it took: 123270ms
query [25440]: # of matches found 24766 and it took: 124243ms
query [25441]: # of matches found 24631 and it took: 123853ms
query [25442]: # of matches found 24687 and it took: 123601ms
query [25443]: # of matches found 24774 and it took: 124700ms
query [25444]: # of matches found 25269 and it took: 124070ms
query [25445]: # of matches found 24950 and it took: 123764ms
query [25446]: # of matches found 24027 and it took: 124179ms
query [25447]: # of matches found 23876 and it took: 124681ms
query [25448]: # of matches found 23604 and it took: 125286ms
query [25449]: # of matches found 23592 and it took: 124423ms
query [25450]: # of matches found 23576 and it took: 125078ms
query [25451]: # of matches found 23541 and it took: 124942ms
query [25452]: # of matches found 23912 and it took: 124826ms
query [25453]: # of matches found 23959 and it took: 125399ms
query [25454]: # of matches found 24036 and it took: 125467ms
query [25455]: # of matches found 23986 and it took: 125237ms
query [25456]: # of matches found 23968 and it took: 125451ms
query [25457]: # of matches found 24041 and it took: 125726ms
query [25458]: # of matches found 24378 and it took: 125954ms
query [25459]: # of matches found 24221 and it took: 124839ms
query [25460]: # of matches found 24239 and it took: 125781ms
query [25461]: # of matches found 24153 and it took: 125297ms
query [25462]: # of matches found 23131 and it took: 125093ms
query [25463]: # of matches found 23062 and it took: 125666ms
query [25464]: # of matches found 23013 and it took: 126248ms
query [25465]: # of matches found 23173 and it took: 125669ms
query [25466]: # of matches found 23088 and it took: 125404ms
query [25467]: # of matches found 23195 and it took: 124572ms
query [25468]: # of matches found 22901 and it took: 124530ms
query [25469]: # of matches found 22818 and it took: 124140ms
query [25470]: # of matches found 22756 and it took: 124218ms
query [25471]: # of matches found 22763 and it took: 124820ms
query [25472]: # of matches found 22793 and it took: 123594ms
query [25473]: # of matches found 22813 and it took: 124441ms
query [25474]: # of matches found 22929 and it took: 124685ms
query [25475]: # of matches found 22919 and it took: 123860ms
query [25476]: # of matches found 23039 and it took: 124213ms
query [25477]: # of matches found 23026 and it took: 123366ms
query [25478]: # of matches found 23111 and it took: 124149ms
query [25479]: # of matches found 23263 and it took: 123934ms
query [25480]: # of matches found 23261 and it took: 124436ms
query [25481]: # of matches found 23225 and it took: 127910ms
query [25482]: # of matches found 23220 and it took: 124570ms
query [25483]: # of matches found 22998 and it took: 127151ms
query [25484]: # of matches found 22727 and it took: 127835ms
query [25485]: # of matches found 22920 and it took: 126463ms
query [25486]: # of matches found 23000 and it took: 126622ms
query [25487]: # of matches found 23058 and it took: 126493ms
query [25488]: # of matches found 23057 and it took: 128105ms
query [25489]: # of matches found 22976 and it took: 125843ms
query [25490]: # of matches found 22939 and it took: 127243ms
query [25491]: # of matches found 22552 and it took: 127351ms
query [25492]: # of matches found 22838 and it took: 126004ms
query [25493]: # of matches found 22857 and it took: 127808ms
query [25494]: # of matches found 22558 and it took: 128424ms
query [25495]: # of matches found 21983 and it took: 126819ms
query [25496]: # of matches found 21741 and it took: 127752ms
query [25497]: # of matches found 21599 and it took: 126935ms
query [25498]: # of matches found 21541 and it took: 127834ms
query [25499]: # of matches found 21516 and it took: 126523ms
query [25500]: # of matches found 21526 and it took: 128278ms
query [25501]: # of matches found 21997 and it took: 129064ms
query [25502]: # of matches found 22135 and it took: 126395ms
query [25503]: # of matches found 22104 and it took: 130320ms
query [25504]: # of matches found 22773 and it took: 128978ms
query [25505]: # of matches found 22427 and it took: 129053ms
query [25506]: # of matches found 22431 and it took: 129432ms
query [25507]: # of matches found 22434 and it took: 128371ms
query [25508]: # of matches found 22612 and it took: 129381ms
query [25509]: # of matches found 22718 and it took: 127125ms
query [25510]: # of matches found 22800 and it took: 129517ms
query [25511]: # of matches found 22753 and it took: 130710ms
query [25512]: # of matches found 22711 and it took: 126905ms
query [25513]: # of matches found 22892 and it took: 129744ms
query [25514]: # of matches found 22893 and it took: 129171ms
query [25515]: # of matches found 22818 and it took: 128229ms
query [25516]: # of matches found 22806 and it took: 128361ms
query [25517]: # of matches found 22741 and it took: 126816ms
query [25518]: # of matches found 22560 and it took: 128470ms
query [25519]: # of matches found 23596 and it took: 126807ms
query [25520]: # of matches found 23850 and it took: 128336ms
query [25521]: # of matches found 23806 and it took: 129469ms
query [25522]: # of matches found 23830 and it took: 127027ms
query [25523]: # of matches found 23900 and it took: 128980ms
query [25524]: # of matches found 23998 and it took: 128308ms
query [25525]: # of matches found 24025 and it took: 128372ms
query [25526]: # of matches found 24240 and it took: 128476ms
query [25527]: # of matches found 24339 and it took: 127076ms
query [25528]: # of matches found 24662 and it took: 128366ms
query [25529]: # of matches found 24680 and it took: 127046ms
query [25530]: # of matches found 24712 and it took: 128075ms
query [25531]: # of matches found 24760 and it took: 127413ms
query [25532]: # of matches found 24788 and it took: 126325ms
query [25533]: # of matches found 24620 and it took: 127548ms
query [25534]: # of matches found 24603 and it took: 127386ms
query [25535]: # of matches found 24576 and it took: 126422ms
query [25536]: # of matches found 24673 and it took: 125874ms
query [25537]: # of matches found 24756 and it took: 124920ms
query [25538]: # of matches found 24871 and it took: 124809ms
query [25539]: # of matches found 24880 and it took: 124052ms
query [25540]: # of matches found 24873 and it took: 124669ms
query [25541]: # of matches found 24823 and it took: 125042ms
query [25542]: # of matches found 24781 and it took: 123680ms
query [25543]: # of matches found 24853 and it took: 124133ms
query [25544]: # of matches found 24765 and it took: 122493ms
query [25545]: # of matches found 24624 and it took: 122317ms
query [25546]: # of matches found 24532 and it took: 122464ms
query [25547]: # of matches found 24437 and it took: 121606ms
query [25548]: # of matches found 24253 and it took: 123153ms
query [25549]: # of matches found 24673 and it took: 123352ms
query [25550]: # of matches found 24668 and it took: 123615ms
query [25551]: # of matches found 24687 and it took: 123275ms
query [25552]: # of matches found 24374 and it took: 123002ms
query [25553]: # of matches found 24240 and it took: 123152ms
query [25554]: # of matches found 24215 and it took: 122538ms
query [25555]: # of matches found 24124 and it took: 122884ms
query [25556]: # of matches found 24022 and it took: 122967ms
query [25557]: # of matches found 24014 and it took: 122017ms
query [25558]: # of matches found 23922 and it took: 123020ms
query [25559]: # of matches found 23710 and it took: 122179ms
query [25560]: # of matches found 23726 and it took: 122644ms
query [25561]: # of matches found 23529 and it took: 123160ms
query [25562]: # of matches found 23448 and it took: 122359ms
query [25563]: # of matches found 23476 and it took: 123507ms
query [25564]: # of matches found 22565 and it took: 122772ms
query [25565]: # of matches found 22575 and it took: 122358ms
query [25566]: # of matches found 22583 and it took: 122337ms
query [25567]: # of matches found 22692 and it took: 121895ms
query [25568]: # of matches found 22733 and it took: 122606ms
query [25569]: # of matches found 22799 and it took: 122310ms
query [25570]: # of matches found 22877 and it took: 123290ms
query [25571]: # of matches found 23142 and it took: 124032ms
query [25572]: # of matches found 23292 and it took: 123878ms
query [25573]: # of matches found 23232 and it took: 124552ms
query [25574]: # of matches found 23182 and it took: 124333ms
query [25575]: # of matches found 23340 and it took: 124503ms
query [25576]: # of matches found 23270 and it took: 124603ms
query [25577]: # of matches found 23042 and it took: 123976ms
query [25578]: # of matches found 23121 and it took: 125299ms
query [25579]: # of matches found 23020 and it took: 125785ms
query [25580]: # of matches found 22852 and it took: 125335ms
query [25581]: # of matches found 22845 and it took: 125559ms
query [25582]: # of matches found 22774 and it took: 125333ms
query [25583]: # of matches found 22908 and it took: 125269ms
query [25584]: # of matches found 22809 and it took: 124955ms
query [25585]: # of matches found 22584 and it took: 125888ms
query [25586]: # of matches found 22578 and it took: 124803ms
query [25587]: # of matches found 22464 and it took: 125867ms
query [25588]: # of matches found 22482 and it took: 126391ms
query [25589]: # of matches found 22457 and it took: 126997ms
query [25590]: # of matches found 22524 and it took: 127216ms
query [25591]: # of matches found 22560 and it took: 128021ms
query [25592]: # of matches found 22524 and it took: 127650ms
query [25593]: # of matches found 22519 and it took: 128046ms
query [25594]: # of matches found 22118 and it took: 128029ms
query [25595]: # of matches found 21955 and it took: 127493ms
query [25596]: # of matches found 22013 and it took: 126692ms
query [25597]: # of matches found 21966 and it took: 127124ms
query [25598]: # of matches found 21820 and it took: 126608ms
query [25599]: # of matches found 21623 and it took: 127033ms
query [25600]: # of matches found 21581 and it took: 126902ms
query [25601]: # of matches found 21407 and it took: 126643ms
query [25602]: # of matches found 20739 and it took: 126108ms
query [25603]: # of matches found 20660 and it took: 126075ms
query [25604]: # of matches found 20562 and it took: 125419ms
query [25605]: # of matches found 20383 and it took: 125962ms
query [25606]: # of matches found 20204 and it took: 125880ms
query [25607]: # of matches found 19983 and it took: 126071ms
query [25608]: # of matches found 20024 and it took: 125555ms
query [25609]: # of matches found 20143 and it took: 125898ms
query [25610]: # of matches found 20286 and it took: 125855ms
query [25611]: # of matches found 20397 and it took: 125783ms
query [25612]: # of matches found 20417 and it took: 125817ms
query [25613]: # of matches found 20420 and it took: 125509ms
query [25614]: # of matches found 20312 and it took: 125335ms
query [25615]: # of matches found 20527 and it took: 125648ms
query [25616]: # of matches found 20519 and it took: 125334ms
query [25617]: # of matches found 20506 and it took: 125571ms
query [25618]: # of matches found 20542 and it took: 124831ms
query [25619]: # of matches found 20429 and it took: 125021ms
query [25620]: # of matches found 20436 and it took: 124786ms
query [25621]: # of matches found 20472 and it took: 124981ms
query [25622]: # of matches found 20487 and it took: 125282ms
query [25623]: # of matches found 20474 and it took: 125236ms
query [25624]: # of matches found 20465 and it took: 125013ms
query [25625]: # of matches found 20261 and it took: 125950ms
query [25626]: # of matches found 20051 and it took: 124926ms
query [25627]: # of matches found 20481 and it took: 124739ms
query [25628]: # of matches found 20491 and it took: 124762ms
query [25629]: # of matches found 20491 and it took: 124860ms
query [25630]: # of matches found 20787 and it took: 124945ms
query [25631]: # of matches found 20762 and it took: 124864ms
query [25632]: # of matches found 20482 and it took: 125212ms
query [25633]: # of matches found 20199 and it took: 125934ms
query [25634]: # of matches found 20142 and it took: 126312ms
query [25635]: # of matches found 20235 and it took: 126885ms
query [25636]: # of matches found 20277 and it took: 127160ms
query [25637]: # of matches found 20453 and it took: 126881ms
query [25638]: # of matches found 20578 and it took: 127606ms
query [25639]: # of matches found 20681 and it took: 128111ms
query [25640]: # of matches found 20671 and it took: 127978ms
query [25641]: # of matches found 20447 and it took: 128355ms
query [25642]: # of matches found 20224 and it took: 128135ms
query [25643]: # of matches found 20144 and it took: 128405ms
query [25644]: # of matches found 19615 and it took: 128183ms
query [25645]: # of matches found 19599 and it took: 128498ms
query [25646]: # of matches found 19325 and it took: 127697ms
query [25647]: # of matches found 19165 and it took: 128353ms
query [25648]: # of matches found 21150 and it took: 128697ms
query [25649]: # of matches found 21174 and it took: 128774ms
query [25650]: # of matches found 21157 and it took: 128352ms
query [25651]: # of matches found 21343 and it took: 129043ms
query [25652]: # of matches found 21613 and it took: 128986ms
query [25653]: # of matches found 21473 and it took: 128639ms
query [25654]: # of matches found 22048 and it took: 128180ms
query [25655]: # of matches found 22273 and it took: 128390ms
query [25656]: # of matches found 22438 and it took: 127835ms
query [25657]: # of matches found 22409 and it took: 129080ms
query [25658]: # of matches found 22516 and it took: 128917ms
query [25659]: # of matches found 22369 and it took: 128816ms
query [25660]: # of matches found 21569 and it took: 127813ms
query [25661]: # of matches found 22034 and it took: 128110ms
query [25662]: # of matches found 22323 and it took: 127979ms
query [25663]: # of matches found 22369 and it took: 127657ms
query [25664]: # of matches found 22316 and it took: 127556ms
query [25665]: # of matches found 22749 and it took: 128187ms
query [25666]: # of matches found 22707 and it took: 127443ms
query [25667]: # of matches found 22403 and it took: 128030ms
query [25668]: # of matches found 22290 and it took: 127712ms
query [25669]: # of matches found 22305 and it took: 127591ms
query [25670]: # of matches found 22270 and it took: 127180ms
query [25671]: # of matches found 22597 and it took: 126863ms
query [25672]: # of matches found 22846 and it took: 127110ms
query [25673]: # of matches found 22781 and it took: 126871ms
query [25674]: # of matches found 22767 and it took: 126483ms
query [25675]: # of matches found 22790 and it took: 127110ms
query [25676]: # of matches found 22803 and it took: 125596ms
query [25677]: # of matches found 22729 and it took: 127016ms
query [25678]: # of matches found 22759 and it took: 127010ms
query [25679]: # of matches found 22644 and it took: 126756ms
query [25680]: # of matches found 22499 and it took: 126575ms
query [25681]: # of matches found 22502 and it took: 126841ms
query [25682]: # of matches found 22516 and it took: 126964ms
