no kmerRangesFileAddressArg!
no otherToolArg!
**********************CONFIGURATIONS*****************************
PARMIK mode:                  3
readDatabaseAddress:          /p/lava/parmik/partialMatcherProject/datasets/metagenomicDB/SRR12432009/SRR12432009_reads
readFileName:                 SRR12432009_reads
queryFileAddress:             /p/lava/parmik/partialMatcherProject/datasets/queryFiles/covidQueryFiles/SarsGenome_chunks/SarsGenome_queries_3000-3999
queryFileName:                SarsGenome_queries_3000-3999
otherToolOutputFileAddress:   /u/rgq5aw/GIT/PARMIK/partialMatcherProject/tools/blast/SRR12432009/SarsGenome/blastn_ws30_results.out
outputDir:                    /p/lava/parmik/partialMatcherProject/tools/baseline_ssw/SRR12432009/SarsGenome
penaltyFileAddress:           /u/rgq5aw/GIT/PARMIK/experiments/parmik/CK_SSW_ID_PRCNTG/PenaltySets/2484_1111_2444_2288_2848
kmerRangesFileAddress:        
readsCount:                   17000000
queryCount:                   30000
kmerLength:                   11
regionSize:                   48
cheapKmerThreshold:           0
identityPercentage:           0.85
minExactMatchLen:             0
minNumExactMatchKmer:         0
isIndexOffline:               1
offlineIndexAddress:          /p/lava/parmik/partialMatcherProject/tools/parmik/CK_INDEX/SRR12432009/
max editDistance in min region: 2
**********************CONFIGURATIONS*****************************
--------------Penalties--------------
m: 2, s: 4, go: 8, ge: 4
m: 1, s: 1, go: 1, ge: 1
m: 2, s: 4, go: 4, ge: 4
m: 2, s: 2, go: 8, ge: 8
m: 2, s: 8, go: 4, ge: 8
------------------------------------
numberOfReadsWithN : 0
queryCount : 1000
numberOfReadsWithN : 0
readCount : 16344647
offlineCheapIndexAddress: /p/lava/parmik/partialMatcherProject/tools/parmik/CK_INDEX/SRR12432009/ck_T0_K11_r17000000
pmrkAlignmentsAddress: /p/lava/parmik/partialMatcherProject/tools/baseline_ssw/SRR12432009/SarsGenome/aln/pmAln_R48_PI85_L0_M0_E2_K11_T0_P_2484_1111_2444_2288_2848.txt
Starting alignment for all queries [fwd]...
queryBaseIndex: 3000
query [3000]: # of matches found 33895 and it took: 101288ms
query [3001]: # of matches found 33689 and it took: 101272ms
query [3002]: # of matches found 33567 and it took: 101727ms
query [3003]: # of matches found 33483 and it took: 102759ms
query [3004]: # of matches found 33328 and it took: 102635ms
query [3005]: # of matches found 34596 and it took: 102152ms
query [3006]: # of matches found 34470 and it took: 102886ms
query [3007]: # of matches found 34388 and it took: 102890ms
query [3008]: # of matches found 34331 and it took: 102752ms
query [3009]: # of matches found 34680 and it took: 102190ms
query [3010]: # of matches found 34623 and it took: 102056ms
query [3011]: # of matches found 34521 and it took: 102176ms
query [3012]: # of matches found 33999 and it took: 102686ms
query [3013]: # of matches found 34196 and it took: 103379ms
query [3014]: # of matches found 34130 and it took: 102437ms
query [3015]: # of matches found 34069 and it took: 102350ms
query [3016]: # of matches found 33799 and it took: 102810ms
query [3017]: # of matches found 33795 and it took: 102871ms
query [3018]: # of matches found 33862 and it took: 102609ms
query [3019]: # of matches found 34029 and it took: 102077ms
query [3020]: # of matches found 34093 and it took: 102391ms
query [3021]: # of matches found 34044 and it took: 101699ms
query [3022]: # of matches found 34058 and it took: 102708ms
query [3023]: # of matches found 33670 and it took: 103007ms
query [3024]: # of matches found 33655 and it took: 102236ms
query [3025]: # of matches found 33916 and it took: 103521ms
query [3026]: # of matches found 34027 and it took: 103561ms
query [3027]: # of matches found 34106 and it took: 103918ms
query [3028]: # of matches found 34100 and it took: 104158ms
query [3029]: # of matches found 34064 and it took: 103570ms
query [3030]: # of matches found 33596 and it took: 102854ms
query [3031]: # of matches found 33559 and it took: 101599ms
query [3032]: # of matches found 33290 and it took: 102433ms
query [3033]: # of matches found 33304 and it took: 102430ms
query [3034]: # of matches found 33370 and it took: 102389ms
query [3035]: # of matches found 33557 and it took: 102398ms
query [3036]: # of matches found 33595 and it took: 102406ms
query [3037]: # of matches found 33479 and it took: 103155ms
query [3038]: # of matches found 33515 and it took: 102772ms
query [3039]: # of matches found 33507 and it took: 102803ms
query [3040]: # of matches found 33762 and it took: 102146ms
query [3041]: # of matches found 37588 and it took: 102956ms
query [3042]: # of matches found 38863 and it took: 103926ms
query [3043]: # of matches found 38804 and it took: 103430ms
query [3044]: # of matches found 38717 and it took: 102457ms
query [3045]: # of matches found 38639 and it took: 103100ms
query [3046]: # of matches found 39185 and it took: 102753ms
query [3047]: # of matches found 40612 and it took: 102152ms
query [3048]: # of matches found 43098 and it took: 102736ms
query [3049]: # of matches found 42940 and it took: 102385ms
query [3050]: # of matches found 42703 and it took: 102204ms
query [3051]: # of matches found 43380 and it took: 102613ms
query [3052]: # of matches found 43635 and it took: 102374ms
query [3053]: # of matches found 46221 and it took: 102005ms
query [3054]: # of matches found 46014 and it took: 102733ms
query [3055]: # of matches found 46167 and it took: 102358ms
query [3056]: # of matches found 46082 and it took: 102570ms
query [3057]: # of matches found 46383 and it took: 103192ms
query [3058]: # of matches found 44723 and it took: 103190ms
query [3059]: # of matches found 44692 and it took: 103195ms
query [3060]: # of matches found 44710 and it took: 103467ms
query [3061]: # of matches found 44684 and it took: 103788ms
query [3062]: # of matches found 45340 and it took: 104285ms
query [3063]: # of matches found 45356 and it took: 104353ms
query [3064]: # of matches found 45653 and it took: 103841ms
query [3065]: # of matches found 45730 and it took: 103582ms
query [3066]: # of matches found 45903 and it took: 103994ms
query [3067]: # of matches found 45870 and it took: 104164ms
query [3068]: # of matches found 46047 and it took: 104199ms
query [3069]: # of matches found 46050 and it took: 103828ms
query [3070]: # of matches found 45979 and it took: 103376ms
query [3071]: # of matches found 45886 and it took: 103382ms
query [3072]: # of matches found 45797 and it took: 104219ms
query [3073]: # of matches found 45710 and it took: 104280ms
query [3074]: # of matches found 45703 and it took: 104097ms
query [3075]: # of matches found 45687 and it took: 104471ms
query [3076]: # of matches found 45588 and it took: 104320ms
query [3077]: # of matches found 45475 and it took: 104660ms
query [3078]: # of matches found 45577 and it took: 104981ms
query [3079]: # of matches found 45639 and it took: 104794ms
query [3080]: # of matches found 45712 and it took: 106144ms
query [3081]: # of matches found 44916 and it took: 104902ms
query [3082]: # of matches found 44432 and it took: 106703ms
query [3083]: # of matches found 43934 and it took: 105968ms
query [3084]: # of matches found 43795 and it took: 106173ms
query [3085]: # of matches found 43772 and it took: 106198ms
query [3086]: # of matches found 43587 and it took: 106196ms
query [3087]: # of matches found 43803 and it took: 106339ms
query [3088]: # of matches found 43618 and it took: 106410ms
query [3089]: # of matches found 43504 and it took: 106178ms
query [3090]: # of matches found 43138 and it took: 106796ms
query [3091]: # of matches found 43000 and it took: 106501ms
query [3092]: # of matches found 43149 and it took: 107636ms
query [3093]: # of matches found 43122 and it took: 106062ms
query [3094]: # of matches found 43086 and it took: 106684ms
query [3095]: # of matches found 43005 and it took: 105877ms
query [3096]: # of matches found 43083 and it took: 105750ms
query [3097]: # of matches found 43152 and it took: 106358ms
query [3098]: # of matches found 43039 and it took: 105864ms
query [3099]: # of matches found 43174 and it took: 106007ms
query [3100]: # of matches found 43504 and it took: 106302ms
query [3101]: # of matches found 43942 and it took: 105501ms
query [3102]: # of matches found 44086 and it took: 106728ms
query [3103]: # of matches found 44029 and it took: 105617ms
query [3104]: # of matches found 44084 and it took: 106528ms
query [3105]: # of matches found 43644 and it took: 105757ms
query [3106]: # of matches found 43655 and it took: 105379ms
query [3107]: # of matches found 43542 and it took: 105256ms
query [3108]: # of matches found 43308 and it took: 105675ms
query [3109]: # of matches found 43224 and it took: 104727ms
query [3110]: # of matches found 43337 and it took: 104568ms
query [3111]: # of matches found 43167 and it took: 104469ms
query [3112]: # of matches found 43230 and it took: 105369ms
query [3113]: # of matches found 43477 and it took: 104312ms
query [3114]: # of matches found 43481 and it took: 104491ms
query [3115]: # of matches found 43551 and it took: 103526ms
query [3116]: # of matches found 43755 and it took: 103539ms
query [3117]: # of matches found 43982 and it took: 102996ms
query [3118]: # of matches found 44902 and it took: 103951ms
query [3119]: # of matches found 45053 and it took: 103401ms
query [3120]: # of matches found 45226 and it took: 103867ms
query [3121]: # of matches found 45254 and it took: 103327ms
query [3122]: # of matches found 45322 and it took: 104063ms
query [3123]: # of matches found 45244 and it took: 103514ms
query [3124]: # of matches found 45253 and it took: 103632ms
query [3125]: # of matches found 45142 and it took: 103259ms
query [3126]: # of matches found 45154 and it took: 102961ms
query [3127]: # of matches found 45052 and it took: 102756ms
query [3128]: # of matches found 45017 and it took: 102361ms
query [3129]: # of matches found 44958 and it took: 102562ms
query [3130]: # of matches found 44828 and it took: 102647ms
query [3131]: # of matches found 44756 and it took: 103400ms
query [3132]: # of matches found 44829 and it took: 103207ms
query [3133]: # of matches found 44804 and it took: 102240ms
query [3134]: # of matches found 44796 and it took: 102892ms
query [3135]: # of matches found 44621 and it took: 102436ms
query [3136]: # of matches found 44715 and it took: 101607ms
query [3137]: # of matches found 44727 and it took: 102696ms
query [3138]: # of matches found 44806 and it took: 101840ms
query [3139]: # of matches found 45088 and it took: 102260ms
query [3140]: # of matches found 45280 and it took: 102486ms
query [3141]: # of matches found 45091 and it took: 102695ms
query [3142]: # of matches found 45054 and it took: 102139ms
query [3143]: # of matches found 45140 and it took: 102311ms
query [3144]: # of matches found 45110 and it took: 102043ms
query [3145]: # of matches found 44252 and it took: 101909ms
query [3146]: # of matches found 45265 and it took: 102312ms
query [3147]: # of matches found 45402 and it took: 102520ms
query [3148]: # of matches found 45457 and it took: 101983ms
query [3149]: # of matches found 45349 and it took: 102220ms
query [3150]: # of matches found 45399 and it took: 100955ms
query [3151]: # of matches found 45501 and it took: 101351ms
query [3152]: # of matches found 45456 and it took: 101442ms
query [3153]: # of matches found 45170 and it took: 101335ms
query [3154]: # of matches found 45274 and it took: 101966ms
query [3155]: # of matches found 45388 and it took: 101244ms
query [3156]: # of matches found 45290 and it took: 101498ms
query [3157]: # of matches found 45373 and it took: 100740ms
query [3158]: # of matches found 45358 and it took: 100567ms
query [3159]: # of matches found 45307 and it took: 100595ms
query [3160]: # of matches found 45322 and it took: 100889ms
query [3161]: # of matches found 45330 and it took: 99814.7ms
query [3162]: # of matches found 45308 and it took: 100156ms
query [3163]: # of matches found 45248 and it took: 99711ms
query [3164]: # of matches found 45217 and it took: 100476ms
query [3165]: # of matches found 44996 and it took: 99916.7ms
query [3166]: # of matches found 44913 and it took: 99878.7ms
query [3167]: # of matches found 44874 and it took: 100367ms
query [3168]: # of matches found 45079 and it took: 98904.1ms
query [3169]: # of matches found 45147 and it took: 99572ms
query [3170]: # of matches found 45267 and it took: 99570.8ms
query [3171]: # of matches found 45298 and it took: 98420.3ms
query [3172]: # of matches found 45330 and it took: 99038.3ms
query [3173]: # of matches found 45256 and it took: 97397.4ms
query [3174]: # of matches found 45212 and it took: 100866ms
query [3175]: # of matches found 45226 and it took: 100272ms
query [3176]: # of matches found 45345 and it took: 99960.8ms
query [3177]: # of matches found 45408 and it took: 99809.7ms
query [3178]: # of matches found 45713 and it took: 97559.7ms
query [3179]: # of matches found 45747 and it took: 99627.5ms
query [3180]: # of matches found 45635 and it took: 98369.6ms
query [3181]: # of matches found 41681 and it took: 98206.7ms
query [3182]: # of matches found 40243 and it took: 98176.3ms
query [3183]: # of matches found 39896 and it took: 98087.9ms
query [3184]: # of matches found 38671 and it took: 101404ms
query [3185]: # of matches found 36979 and it took: 99715.5ms
query [3186]: # of matches found 36530 and it took: 100059ms
query [3187]: # of matches found 34976 and it took: 99566ms
query [3188]: # of matches found 34329 and it took: 98872.9ms
query [3189]: # of matches found 31428 and it took: 99705ms
query [3190]: # of matches found 30717 and it took: 101197ms
query [3191]: # of matches found 30270 and it took: 101064ms
query [3192]: # of matches found 29952 and it took: 100333ms
query [3193]: # of matches found 26748 and it took: 100160ms
query [3194]: # of matches found 26539 and it took: 101457ms
query [3195]: # of matches found 26536 and it took: 101026ms
query [3196]: # of matches found 26387 and it took: 101482ms
query [3197]: # of matches found 26077 and it took: 101896ms
query [3198]: # of matches found 26088 and it took: 100646ms
query [3199]: # of matches found 26200 and it took: 101694ms
query [3200]: # of matches found 26203 and it took: 100992ms
query [3201]: # of matches found 26112 and it took: 101274ms
query [3202]: # of matches found 25526 and it took: 100171ms
query [3203]: # of matches found 25495 and it took: 101141ms
query [3204]: # of matches found 25132 and it took: 101635ms
query [3205]: # of matches found 24963 and it took: 101242ms
query [3206]: # of matches found 24787 and it took: 100529ms
query [3207]: # of matches found 24755 and it took: 100244ms
query [3208]: # of matches found 24662 and it took: 100342ms
query [3209]: # of matches found 24572 and it took: 100650ms
query [3210]: # of matches found 24970 and it took: 100055ms
query [3211]: # of matches found 25858 and it took: 100696ms
query [3212]: # of matches found 25835 and it took: 99715.1ms
query [3213]: # of matches found 25820 and it took: 100791ms
query [3214]: # of matches found 25812 and it took: 101717ms
query [3215]: # of matches found 25736 and it took: 103893ms
query [3216]: # of matches found 25871 and it took: 103294ms
query [3217]: # of matches found 25974 and it took: 102459ms
query [3218]: # of matches found 26222 and it took: 100429ms
query [3219]: # of matches found 26358 and it took: 102531ms
query [3220]: # of matches found 26577 and it took: 103903ms
query [3221]: # of matches found 26510 and it took: 102870ms
query [3222]: # of matches found 26498 and it took: 100652ms
query [3223]: # of matches found 26847 and it took: 102806ms
query [3224]: # of matches found 26969 and it took: 102497ms
query [3225]: # of matches found 26877 and it took: 102547ms
query [3226]: # of matches found 26898 and it took: 101543ms
query [3227]: # of matches found 27253 and it took: 103088ms
query [3228]: # of matches found 27049 and it took: 101137ms
query [3229]: # of matches found 27268 and it took: 102408ms
query [3230]: # of matches found 27167 and it took: 101979ms
query [3231]: # of matches found 27303 and it took: 101473ms
query [3232]: # of matches found 26945 and it took: 100656ms
query [3233]: # of matches found 27114 and it took: 102137ms
query [3234]: # of matches found 27172 and it took: 102722ms
query [3235]: # of matches found 27136 and it took: 102152ms
query [3236]: # of matches found 27054 and it took: 101704ms
query [3237]: # of matches found 27949 and it took: 102005ms
query [3238]: # of matches found 27800 and it took: 100959ms
query [3239]: # of matches found 27698 and it took: 102349ms
query [3240]: # of matches found 27296 and it took: 102688ms
query [3241]: # of matches found 26887 and it took: 102128ms
query [3242]: # of matches found 26591 and it took: 101673ms
query [3243]: # of matches found 26394 and it took: 101197ms
query [3244]: # of matches found 26084 and it took: 101388ms
query [3245]: # of matches found 25914 and it took: 101706ms
query [3246]: # of matches found 26238 and it took: 101421ms
query [3247]: # of matches found 26285 and it took: 101107ms
query [3248]: # of matches found 26456 and it took: 101176ms
query [3249]: # of matches found 26618 and it took: 101846ms
query [3250]: # of matches found 26670 and it took: 102079ms
query [3251]: # of matches found 26718 and it took: 102420ms
query [3252]: # of matches found 26709 and it took: 102894ms
query [3253]: # of matches found 26819 and it took: 102817ms
query [3254]: # of matches found 26985 and it took: 103209ms
query [3255]: # of matches found 27091 and it took: 103012ms
query [3256]: # of matches found 27473 and it took: 103263ms
query [3257]: # of matches found 29367 and it took: 103912ms
query [3258]: # of matches found 29116 and it took: 104665ms
query [3259]: # of matches found 48757 and it took: 104053ms
query [3260]: # of matches found 54168 and it took: 104979ms
query [3261]: # of matches found 54362 and it took: 103615ms
query [3262]: # of matches found 54626 and it took: 105004ms
query [3263]: # of matches found 54684 and it took: 105082ms
query [3264]: # of matches found 54645 and it took: 105346ms
query [3265]: # of matches found 54720 and it took: 105141ms
query [3266]: # of matches found 54656 and it took: 105274ms
query [3267]: # of matches found 54706 and it took: 105793ms
query [3268]: # of matches found 54796 and it took: 106324ms
query [3269]: # of matches found 55128 and it took: 106512ms
query [3270]: # of matches found 55185 and it took: 106576ms
query [3271]: # of matches found 55405 and it took: 105991ms
query [3272]: # of matches found 55479 and it took: 106288ms
query [3273]: # of matches found 55426 and it took: 107208ms
query [3274]: # of matches found 55342 and it took: 106819ms
query [3275]: # of matches found 55733 and it took: 106890ms
query [3276]: # of matches found 55640 and it took: 106955ms
query [3277]: # of matches found 55641 and it took: 105798ms
query [3278]: # of matches found 55603 and it took: 106794ms
query [3279]: # of matches found 55307 and it took: 106853ms
query [3280]: # of matches found 55240 and it took: 106796ms
query [3281]: # of matches found 55100 and it took: 106552ms
query [3282]: # of matches found 55126 and it took: 107420ms
query [3283]: # of matches found 55251 and it took: 107700ms
query [3284]: # of matches found 55460 and it took: 107464ms
query [3285]: # of matches found 54955 and it took: 108061ms
query [3286]: # of matches found 55497 and it took: 107307ms
query [3287]: # of matches found 55465 and it took: 107542ms
query [3288]: # of matches found 54032 and it took: 107776ms
query [3289]: # of matches found 53954 and it took: 107503ms
query [3290]: # of matches found 53703 and it took: 107571ms
query [3291]: # of matches found 53356 and it took: 106516ms
query [3292]: # of matches found 53335 and it took: 106761ms
query [3293]: # of matches found 53577 and it took: 107173ms
query [3294]: # of matches found 53565 and it took: 107316ms
query [3295]: # of matches found 54487 and it took: 107616ms
query [3296]: # of matches found 54496 and it took: 106734ms
query [3297]: # of matches found 54464 and it took: 106389ms
query [3298]: # of matches found 54504 and it took: 107408ms
query [3299]: # of matches found 54451 and it took: 107170ms
query [3300]: # of matches found 54403 and it took: 107182ms
query [3301]: # of matches found 54295 and it took: 106088ms
query [3302]: # of matches found 54417 and it took: 106493ms
query [3303]: # of matches found 54483 and it took: 106558ms
query [3304]: # of matches found 54818 and it took: 106633ms
query [3305]: # of matches found 54744 and it took: 106554ms
query [3306]: # of matches found 54734 and it took: 105906ms
query [3307]: # of matches found 54805 and it took: 106125ms
query [3308]: # of matches found 54615 and it took: 106415ms
query [3309]: # of matches found 54687 and it took: 105891ms
query [3310]: # of matches found 54561 and it took: 106248ms
query [3311]: # of matches found 54459 and it took: 104958ms
query [3312]: # of matches found 54394 and it took: 105700ms
query [3313]: # of matches found 54483 and it took: 105977ms
query [3314]: # of matches found 54465 and it took: 105804ms
query [3315]: # of matches found 54428 and it took: 105612ms
query [3316]: # of matches found 54204 and it took: 105606ms
query [3317]: # of matches found 54180 and it took: 105341ms
query [3318]: # of matches found 54003 and it took: 104973ms
query [3319]: # of matches found 54586 and it took: 105073ms
query [3320]: # of matches found 54672 and it took: 105280ms
query [3321]: # of matches found 54806 and it took: 104148ms
query [3322]: # of matches found 54644 and it took: 104710ms
query [3323]: # of matches found 54625 and it took: 105505ms
query [3324]: # of matches found 54595 and it took: 104602ms
query [3325]: # of matches found 54355 and it took: 104188ms
query [3326]: # of matches found 53680 and it took: 104149ms
query [3327]: # of matches found 53646 and it took: 103447ms
query [3328]: # of matches found 53610 and it took: 103450ms
query [3329]: # of matches found 53575 and it took: 102481ms
query [3330]: # of matches found 53390 and it took: 102853ms
query [3331]: # of matches found 53367 and it took: 101550ms
query [3332]: # of matches found 53312 and it took: 101817ms
query [3333]: # of matches found 53148 and it took: 102507ms
query [3334]: # of matches found 53129 and it took: 102313ms
query [3335]: # of matches found 53068 and it took: 102538ms
query [3336]: # of matches found 53071 and it took: 102416ms
query [3337]: # of matches found 52996 and it took: 102220ms
query [3338]: # of matches found 52909 and it took: 103574ms
query [3339]: # of matches found 52758 and it took: 102537ms
query [3340]: # of matches found 52656 and it took: 103699ms
query [3341]: # of matches found 52604 and it took: 103304ms
query [3342]: # of matches found 52511 and it took: 102605ms
query [3343]: # of matches found 52474 and it took: 103303ms
query [3344]: # of matches found 52389 and it took: 103086ms
query [3345]: # of matches found 52687 and it took: 103564ms
query [3346]: # of matches found 52667 and it took: 103419ms
query [3347]: # of matches found 52583 and it took: 102775ms
query [3348]: # of matches found 52529 and it took: 103706ms
query [3349]: # of matches found 52546 and it took: 102829ms
query [3350]: # of matches found 53012 and it took: 103709ms
query [3351]: # of matches found 52215 and it took: 102677ms
query [3352]: # of matches found 51880 and it took: 103564ms
query [3353]: # of matches found 51929 and it took: 103908ms
query [3354]: # of matches found 51927 and it took: 103867ms
query [3355]: # of matches found 51971 and it took: 104359ms
query [3356]: # of matches found 51989 and it took: 104278ms
query [3357]: # of matches found 52079 and it took: 102917ms
query [3358]: # of matches found 51820 and it took: 104985ms
query [3359]: # of matches found 51697 and it took: 103539ms
query [3360]: # of matches found 51528 and it took: 104366ms
query [3361]: # of matches found 51482 and it took: 103457ms
query [3362]: # of matches found 52802 and it took: 104396ms
query [3363]: # of matches found 52369 and it took: 104367ms
query [3364]: # of matches found 51907 and it took: 104266ms
query [3365]: # of matches found 51685 and it took: 103939ms
query [3366]: # of matches found 51847 and it took: 103693ms
query [3367]: # of matches found 51700 and it took: 103565ms
query [3368]: # of matches found 51643 and it took: 103634ms
query [3369]: # of matches found 51518 and it took: 102832ms
query [3370]: # of matches found 51540 and it took: 103960ms
query [3371]: # of matches found 51445 and it took: 103072ms
query [3372]: # of matches found 51465 and it took: 103428ms
query [3373]: # of matches found 51384 and it took: 104427ms
query [3374]: # of matches found 51400 and it took: 103832ms
query [3375]: # of matches found 51452 and it took: 104024ms
query [3376]: # of matches found 51390 and it took: 104150ms
query [3377]: # of matches found 50331 and it took: 103208ms
query [3378]: # of matches found 50406 and it took: 103194ms
query [3379]: # of matches found 50432 and it took: 104398ms
query [3380]: # of matches found 50456 and it took: 106615ms
query [3381]: # of matches found 50492 and it took: 105817ms
query [3382]: # of matches found 50709 and it took: 106539ms
query [3383]: # of matches found 52222 and it took: 105681ms
query [3384]: # of matches found 52202 and it took: 104333ms
query [3385]: # of matches found 52295 and it took: 103879ms
query [3386]: # of matches found 52137 and it took: 102636ms
query [3387]: # of matches found 52080 and it took: 102040ms
query [3388]: # of matches found 51997 and it took: 102266ms
query [3389]: # of matches found 51763 and it took: 101918ms
query [3390]: # of matches found 51648 and it took: 103250ms
query [3391]: # of matches found 51860 and it took: 102243ms
query [3392]: # of matches found 51813 and it took: 103010ms
query [3393]: # of matches found 51620 and it took: 103312ms
query [3394]: # of matches found 51526 and it took: 103687ms
query [3395]: # of matches found 51431 and it took: 102896ms
query [3396]: # of matches found 51163 and it took: 101831ms
query [3397]: # of matches found 49484 and it took: 102507ms
query [3398]: # of matches found 53093 and it took: 102233ms
query [3399]: # of matches found 36028 and it took: 102335ms
query [3400]: # of matches found 27281 and it took: 103101ms
query [3401]: # of matches found 27209 and it took: 102183ms
query [3402]: # of matches found 26676 and it took: 102010ms
query [3403]: # of matches found 26575 and it took: 102590ms
query [3404]: # of matches found 26704 and it took: 104251ms
query [3405]: # of matches found 26726 and it took: 104795ms
query [3406]: # of matches found 26741 and it took: 103275ms
query [3407]: # of matches found 26759 and it took: 103787ms
query [3408]: # of matches found 26601 and it took: 101926ms
query [3409]: # of matches found 26565 and it took: 101743ms
query [3410]: # of matches found 26910 and it took: 102460ms
query [3411]: # of matches found 26635 and it took: 101789ms
query [3412]: # of matches found 26080 and it took: 100897ms
query [3413]: # of matches found 26043 and it took: 100393ms
query [3414]: # of matches found 26104 and it took: 100885ms
query [3415]: # of matches found 26231 and it took: 101240ms
query [3416]: # of matches found 26315 and it took: 100186ms
query [3417]: # of matches found 26231 and it took: 100800ms
query [3418]: # of matches found 26234 and it took: 100606ms
query [3419]: # of matches found 25850 and it took: 100124ms
query [3420]: # of matches found 26056 and it took: 100903ms
query [3421]: # of matches found 25935 and it took: 100742ms
query [3422]: # of matches found 25926 and it took: 100844ms
query [3423]: # of matches found 25866 and it took: 100879ms
query [3424]: # of matches found 25783 and it took: 101424ms
query [3425]: # of matches found 25794 and it took: 101731ms
query [3426]: # of matches found 25158 and it took: 100730ms
query [3427]: # of matches found 25363 and it took: 101180ms
query [3428]: # of matches found 25460 and it took: 101924ms
query [3429]: # of matches found 25370 and it took: 100997ms
query [3430]: # of matches found 25352 and it took: 101839ms
query [3431]: # of matches found 25352 and it took: 101938ms
query [3432]: # of matches found 25315 and it took: 101373ms
query [3433]: # of matches found 25479 and it took: 101401ms
query [3434]: # of matches found 25318 and it took: 102543ms
query [3435]: # of matches found 24562 and it took: 102749ms
query [3436]: # of matches found 24723 and it took: 102146ms
query [3437]: # of matches found 24757 and it took: 102828ms
query [3438]: # of matches found 24802 and it took: 102632ms
query [3439]: # of matches found 24858 and it took: 102858ms
query [3440]: # of matches found 24952 and it took: 103248ms
query [3441]: # of matches found 25682 and it took: 103876ms
query [3442]: # of matches found 26145 and it took: 102449ms
query [3443]: # of matches found 26046 and it took: 102294ms
query [3444]: # of matches found 25771 and it took: 103718ms
query [3445]: # of matches found 25752 and it took: 103531ms
query [3446]: # of matches found 25992 and it took: 103072ms
query [3447]: # of matches found 25941 and it took: 103615ms
query [3448]: # of matches found 25764 and it took: 103093ms
query [3449]: # of matches found 25684 and it took: 103066ms
query [3450]: # of matches found 25648 and it took: 103960ms
query [3451]: # of matches found 25579 and it took: 104051ms
query [3452]: # of matches found 25648 and it took: 102949ms
query [3453]: # of matches found 25638 and it took: 102616ms
query [3454]: # of matches found 25573 and it took: 105242ms
query [3455]: # of matches found 25551 and it took: 104520ms
query [3456]: # of matches found 25585 and it took: 103809ms
query [3457]: # of matches found 26853 and it took: 105647ms
query [3458]: # of matches found 26881 and it took: 104263ms
query [3459]: # of matches found 29053 and it took: 103823ms
query [3460]: # of matches found 29148 and it took: 104563ms
query [3461]: # of matches found 29209 and it took: 104061ms
query [3462]: # of matches found 28834 and it took: 103220ms
query [3463]: # of matches found 29206 and it took: 103339ms
query [3464]: # of matches found 29303 and it took: 104427ms
query [3465]: # of matches found 29819 and it took: 102663ms
query [3466]: # of matches found 30035 and it took: 101200ms
query [3467]: # of matches found 30944 and it took: 102234ms
query [3468]: # of matches found 31195 and it took: 102462ms
query [3469]: # of matches found 31213 and it took: 102178ms
query [3470]: # of matches found 31247 and it took: 102534ms
query [3471]: # of matches found 31247 and it took: 101637ms
query [3472]: # of matches found 31461 and it took: 101767ms
query [3473]: # of matches found 31456 and it took: 101035ms
query [3474]: # of matches found 31494 and it took: 101689ms
query [3475]: # of matches found 31527 and it took: 100999ms
query [3476]: # of matches found 31642 and it took: 100262ms
query [3477]: # of matches found 31602 and it took: 102422ms
query [3478]: # of matches found 31611 and it took: 102309ms
query [3479]: # of matches found 31664 and it took: 102351ms
query [3480]: # of matches found 31697 and it took: 102916ms
query [3481]: # of matches found 31716 and it took: 102785ms
query [3482]: # of matches found 31717 and it took: 102324ms
query [3483]: # of matches found 31759 and it took: 103564ms
query [3484]: # of matches found 31813 and it took: 103949ms
query [3485]: # of matches found 31557 and it took: 102355ms
query [3486]: # of matches found 31562 and it took: 101308ms
query [3487]: # of matches found 31692 and it took: 103938ms
query [3488]: # of matches found 31689 and it took: 102148ms
query [3489]: # of matches found 31729 and it took: 102732ms
query [3490]: # of matches found 31299 and it took: 101927ms
query [3491]: # of matches found 31240 and it took: 101390ms
query [3492]: # of matches found 31233 and it took: 102724ms
query [3493]: # of matches found 31204 and it took: 102349ms
query [3494]: # of matches found 31394 and it took: 102709ms
query [3495]: # of matches found 31460 and it took: 100742ms
query [3496]: # of matches found 31385 and it took: 100888ms
query [3497]: # of matches found 31345 and it took: 103461ms
query [3498]: # of matches found 31284 and it took: 103396ms
query [3499]: # of matches found 31407 and it took: 103074ms
query [3500]: # of matches found 31487 and it took: 102498ms
query [3501]: # of matches found 31613 and it took: 102530ms
query [3502]: # of matches found 30297 and it took: 102930ms
query [3503]: # of matches found 30196 and it took: 103546ms
query [3504]: # of matches found 30138 and it took: 103778ms
query [3505]: # of matches found 30194 and it took: 102815ms
query [3506]: # of matches found 29972 and it took: 102952ms
query [3507]: # of matches found 29838 and it took: 104496ms
query [3508]: # of matches found 29825 and it took: 103643ms
query [3509]: # of matches found 29892 and it took: 104004ms
query [3510]: # of matches found 30000 and it took: 103892ms
query [3511]: # of matches found 30398 and it took: 103496ms
query [3512]: # of matches found 30366 and it took: 103982ms
query [3513]: # of matches found 30235 and it took: 103802ms
query [3514]: # of matches found 30291 and it took: 103962ms
query [3515]: # of matches found 30304 and it took: 103035ms
query [3516]: # of matches found 30288 and it took: 104598ms
query [3517]: # of matches found 30307 and it took: 104778ms
query [3518]: # of matches found 30398 and it took: 104513ms
query [3519]: # of matches found 30460 and it took: 105066ms
query [3520]: # of matches found 30668 and it took: 104321ms
query [3521]: # of matches found 30625 and it took: 104070ms
query [3522]: # of matches found 30500 and it took: 105192ms
query [3523]: # of matches found 29989 and it took: 104722ms
query [3524]: # of matches found 29994 and it took: 103999ms
query [3525]: # of matches found 29887 and it took: 104542ms
query [3526]: # of matches found 29944 and it took: 105154ms
query [3527]: # of matches found 30277 and it took: 106148ms
query [3528]: # of matches found 30396 and it took: 105399ms
query [3529]: # of matches found 30465 and it took: 104242ms
query [3530]: # of matches found 30615 and it took: 105230ms
query [3531]: # of matches found 30766 and it took: 104762ms
query [3532]: # of matches found 30804 and it took: 105282ms
query [3533]: # of matches found 31333 and it took: 105697ms
query [3534]: # of matches found 31470 and it took: 104536ms
query [3535]: # of matches found 32977 and it took: 105181ms
query [3536]: # of matches found 34206 and it took: 105405ms
query [3537]: # of matches found 34072 and it took: 105819ms
query [3538]: # of matches found 30099 and it took: 106052ms
query [3539]: # of matches found 30317 and it took: 106554ms
query [3540]: # of matches found 30324 and it took: 106684ms
query [3541]: # of matches found 32403 and it took: 105121ms
query [3542]: # of matches found 32293 and it took: 106150ms
query [3543]: # of matches found 32434 and it took: 106539ms
query [3544]: # of matches found 32226 and it took: 104720ms
query [3545]: # of matches found 32084 and it took: 106612ms
query [3546]: # of matches found 32032 and it took: 105868ms
query [3547]: # of matches found 32084 and it took: 107088ms
query [3548]: # of matches found 32340 and it took: 107286ms
query [3549]: # of matches found 32510 and it took: 107666ms
query [3550]: # of matches found 32158 and it took: 109131ms
query [3551]: # of matches found 32239 and it took: 106415ms
query [3552]: # of matches found 32461 and it took: 106323ms
query [3553]: # of matches found 32598 and it took: 106223ms
query [3554]: # of matches found 32628 and it took: 106343ms
query [3555]: # of matches found 32683 and it took: 107152ms
query [3556]: # of matches found 32588 and it took: 107341ms
query [3557]: # of matches found 32658 and it took: 107643ms
query [3558]: # of matches found 32605 and it took: 107782ms
query [3559]: # of matches found 32509 and it took: 107787ms
query [3560]: # of matches found 32338 and it took: 108028ms
query [3561]: # of matches found 32301 and it took: 107015ms
query [3562]: # of matches found 32247 and it took: 108433ms
query [3563]: # of matches found 32093 and it took: 107084ms
query [3564]: # of matches found 32009 and it took: 107553ms
query [3565]: # of matches found 31922 and it took: 109204ms
query [3566]: # of matches found 31852 and it took: 108542ms
query [3567]: # of matches found 31745 and it took: 109684ms
query [3568]: # of matches found 31620 and it took: 109134ms
query [3569]: # of matches found 31533 and it took: 108938ms
query [3570]: # of matches found 31503 and it took: 108417ms
query [3571]: # of matches found 31649 and it took: 108054ms
query [3572]: # of matches found 31612 and it took: 108188ms
query [3573]: # of matches found 31669 and it took: 106423ms
query [3574]: # of matches found 31663 and it took: 107948ms
query [3575]: # of matches found 31327 and it took: 107955ms
query [3576]: # of matches found 31082 and it took: 107607ms
query [3577]: # of matches found 30986 and it took: 107828ms
query [3578]: # of matches found 30999 and it took: 107204ms
query [3579]: # of matches found 31055 and it took: 106979ms
query [3580]: # of matches found 30964 and it took: 106723ms
query [3581]: # of matches found 30195 and it took: 106510ms
query [3582]: # of matches found 29649 and it took: 107053ms
query [3583]: # of matches found 29702 and it took: 106933ms
query [3584]: # of matches found 29650 and it took: 106232ms
query [3585]: # of matches found 29577 and it took: 106450ms
query [3586]: # of matches found 29347 and it took: 106421ms
query [3587]: # of matches found 29508 and it took: 106089ms
query [3588]: # of matches found 29645 and it took: 106944ms
query [3589]: # of matches found 30030 and it took: 106355ms
query [3590]: # of matches found 30197 and it took: 106593ms
query [3591]: # of matches found 30185 and it took: 106135ms
query [3592]: # of matches found 30288 and it took: 106042ms
query [3593]: # of matches found 30276 and it took: 105911ms
query [3594]: # of matches found 30287 and it took: 106030ms
query [3595]: # of matches found 30322 and it took: 106258ms
query [3596]: # of matches found 36986 and it took: 105901ms
query [3597]: # of matches found 35757 and it took: 106309ms
query [3598]: # of matches found 35741 and it took: 106548ms
query [3599]: # of matches found 33612 and it took: 105935ms
query [3600]: # of matches found 33207 and it took: 106738ms
query [3601]: # of matches found 32991 and it took: 105809ms
query [3602]: # of matches found 32956 and it took: 106043ms
query [3603]: # of matches found 32796 and it took: 105313ms
query [3604]: # of matches found 32643 and it took: 105929ms
query [3605]: # of matches found 32281 and it took: 105279ms
query [3606]: # of matches found 32208 and it took: 105629ms
query [3607]: # of matches found 31582 and it took: 106766ms
query [3608]: # of matches found 31506 and it took: 105681ms
query [3609]: # of matches found 31657 and it took: 106169ms
query [3610]: # of matches found 31675 and it took: 105275ms
query [3611]: # of matches found 31906 and it took: 105379ms
query [3612]: # of matches found 31959 and it took: 105343ms
query [3613]: # of matches found 31930 and it took: 105816ms
query [3614]: # of matches found 32029 and it took: 106824ms
query [3615]: # of matches found 32126 and it took: 106363ms
query [3616]: # of matches found 32160 and it took: 105306ms
query [3617]: # of matches found 32090 and it took: 106384ms
query [3618]: # of matches found 44190 and it took: 106525ms
query [3619]: # of matches found 44149 and it took: 105707ms
query [3620]: # of matches found 44203 and it took: 106016ms
query [3621]: # of matches found 44227 and it took: 106061ms
query [3622]: # of matches found 44304 and it took: 106692ms
query [3623]: # of matches found 44385 and it took: 105421ms
query [3624]: # of matches found 44388 and it took: 106122ms
query [3625]: # of matches found 44501 and it took: 105242ms
query [3626]: # of matches found 44644 and it took: 104838ms
query [3627]: # of matches found 44549 and it took: 105391ms
query [3628]: # of matches found 44622 and it took: 105955ms
query [3629]: # of matches found 44660 and it took: 105185ms
query [3630]: # of matches found 44674 and it took: 104976ms
query [3631]: # of matches found 44652 and it took: 104612ms
query [3632]: # of matches found 44812 and it took: 104912ms
query [3633]: # of matches found 44848 and it took: 104758ms
query [3634]: # of matches found 44714 and it took: 105156ms
query [3635]: # of matches found 44867 and it took: 104484ms
query [3636]: # of matches found 44797 and it took: 104799ms
query [3637]: # of matches found 44748 and it took: 104972ms
query [3638]: # of matches found 44668 and it took: 105066ms
query [3639]: # of matches found 44550 and it took: 104784ms
query [3640]: # of matches found 44403 and it took: 104608ms
query [3641]: # of matches found 44153 and it took: 104129ms
query [3642]: # of matches found 44110 and it took: 105327ms
query [3643]: # of matches found 44048 and it took: 105250ms
query [3644]: # of matches found 43936 and it took: 105380ms
query [3645]: # of matches found 43799 and it took: 105895ms
query [3646]: # of matches found 44412 and it took: 105498ms
query [3647]: # of matches found 44478 and it took: 107107ms
query [3648]: # of matches found 44450 and it took: 107055ms
query [3649]: # of matches found 44304 and it took: 105936ms
query [3650]: # of matches found 44176 and it took: 105830ms
query [3651]: # of matches found 43844 and it took: 106488ms
query [3652]: # of matches found 43811 and it took: 106803ms
query [3653]: # of matches found 43811 and it took: 105645ms
query [3654]: # of matches found 43756 and it took: 106141ms
query [3655]: # of matches found 43774 and it took: 106011ms
query [3656]: # of matches found 43703 and it took: 106222ms
query [3657]: # of matches found 43771 and it took: 106577ms
query [3658]: # of matches found 43758 and it took: 107084ms
query [3659]: # of matches found 43622 and it took: 106159ms
query [3660]: # of matches found 43423 and it took: 106304ms
query [3661]: # of matches found 43493 and it took: 106453ms
query [3662]: # of matches found 43746 and it took: 106482ms
query [3663]: # of matches found 43683 and it took: 105668ms
query [3664]: # of matches found 45644 and it took: 106209ms
query [3665]: # of matches found 45711 and it took: 106062ms
query [3666]: # of matches found 45718 and it took: 105769ms
query [3667]: # of matches found 45243 and it took: 106516ms
query [3668]: # of matches found 45261 and it took: 106252ms
query [3669]: # of matches found 45362 and it took: 106317ms
query [3670]: # of matches found 45279 and it took: 105726ms
query [3671]: # of matches found 43916 and it took: 104941ms
query [3672]: # of matches found 43931 and it took: 104870ms
query [3673]: # of matches found 43412 and it took: 104318ms
query [3674]: # of matches found 43641 and it took: 104537ms
query [3675]: # of matches found 43810 and it took: 104304ms
query [3676]: # of matches found 41145 and it took: 103576ms
query [3677]: # of matches found 41187 and it took: 105096ms
query [3678]: # of matches found 41258 and it took: 104633ms
query [3679]: # of matches found 41013 and it took: 104220ms
query [3680]: # of matches found 41065 and it took: 104246ms
query [3681]: # of matches found 39023 and it took: 103295ms
query [3682]: # of matches found 38872 and it took: 103393ms
query [3683]: # of matches found 38933 and it took: 103132ms
query [3684]: # of matches found 38971 and it took: 103099ms
query [3685]: # of matches found 39077 and it took: 102436ms
query [3686]: # of matches found 39086 and it took: 103234ms
query [3687]: # of matches found 39161 and it took: 103461ms
query [3688]: # of matches found 39003 and it took: 102451ms
query [3689]: # of matches found 38956 and it took: 101804ms
query [3690]: # of matches found 38877 and it took: 101570ms
query [3691]: # of matches found 38954 and it took: 101321ms
query [3692]: # of matches found 38853 and it took: 100151ms
query [3693]: # of matches found 38763 and it took: 100166ms
query [3694]: # of matches found 38693 and it took: 100769ms
query [3695]: # of matches found 38761 and it took: 98953.2ms
query [3696]: # of matches found 38787 and it took: 98871.9ms
query [3697]: # of matches found 38982 and it took: 99311.5ms
query [3698]: # of matches found 39089 and it took: 98945.3ms
query [3699]: # of matches found 39252 and it took: 98561.2ms
query [3700]: # of matches found 39289 and it took: 98905.8ms
query [3701]: # of matches found 39448 and it took: 98633.7ms
query [3702]: # of matches found 39607 and it took: 97464ms
query [3703]: # of matches found 39698 and it took: 98338.9ms
query [3704]: # of matches found 39769 and it took: 99543.4ms
query [3705]: # of matches found 39876 and it took: 99831ms
query [3706]: # of matches found 39894 and it took: 99569.7ms
query [3707]: # of matches found 39943 and it took: 99778.1ms
query [3708]: # of matches found 42605 and it took: 99406.5ms
query [3709]: # of matches found 42614 and it took: 99393.6ms
query [3710]: # of matches found 42628 and it took: 99223.8ms
query [3711]: # of matches found 42545 and it took: 98958.3ms
query [3712]: # of matches found 42464 and it took: 97701ms
query [3713]: # of matches found 42385 and it took: 97950.2ms
query [3714]: # of matches found 42416 and it took: 100065ms
query [3715]: # of matches found 42436 and it took: 100737ms
query [3716]: # of matches found 42414 and it took: 100107ms
query [3717]: # of matches found 42467 and it took: 100828ms
query [3718]: # of matches found 42437 and it took: 100523ms
query [3719]: # of matches found 42660 and it took: 100792ms
query [3720]: # of matches found 42606 and it took: 100543ms
query [3721]: # of matches found 42586 and it took: 100533ms
query [3722]: # of matches found 42665 and it took: 99266.8ms
query [3723]: # of matches found 42573 and it took: 99051.7ms
query [3724]: # of matches found 42604 and it took: 102783ms
query [3725]: # of matches found 42637 and it took: 107582ms
query [3726]: # of matches found 42663 and it took: 105819ms
query [3727]: # of matches found 42495 and it took: 104292ms
query [3728]: # of matches found 42369 and it took: 106003ms
query [3729]: # of matches found 41911 and it took: 104377ms
query [3730]: # of matches found 41851 and it took: 104860ms
query [3731]: # of matches found 41947 and it took: 103726ms
query [3732]: # of matches found 42202 and it took: 100695ms
query [3733]: # of matches found 42219 and it took: 100487ms
query [3734]: # of matches found 42298 and it took: 104133ms
query [3735]: # of matches found 42403 and it took: 104465ms
query [3736]: # of matches found 36075 and it took: 103261ms
query [3737]: # of matches found 36257 and it took: 103979ms
query [3738]: # of matches found 36590 and it took: 103381ms
query [3739]: # of matches found 37159 and it took: 103939ms
query [3740]: # of matches found 37381 and it took: 103846ms
query [3741]: # of matches found 37505 and it took: 103152ms
query [3742]: # of matches found 37666 and it took: 100506ms
query [3743]: # of matches found 37857 and it took: 100029ms
query [3744]: # of matches found 37639 and it took: 104061ms
query [3745]: # of matches found 37566 and it took: 104069ms
query [3746]: # of matches found 37540 and it took: 101064ms
query [3747]: # of matches found 37263 and it took: 101925ms
query [3748]: # of matches found 37097 and it took: 101400ms
query [3749]: # of matches found 37034 and it took: 101687ms
query [3750]: # of matches found 36982 and it took: 100993ms
query [3751]: # of matches found 36912 and it took: 100942ms
query [3752]: # of matches found 36729 and it took: 99589.4ms
query [3753]: # of matches found 36571 and it took: 99079ms
query [3754]: # of matches found 36593 and it took: 102809ms
query [3755]: # of matches found 36482 and it took: 102616ms
query [3756]: # of matches found 36703 and it took: 102349ms
query [3757]: # of matches found 37207 and it took: 105060ms
query [3758]: # of matches found 25550 and it took: 102412ms
query [3759]: # of matches found 26024 and it took: 101939ms
query [3760]: # of matches found 26064 and it took: 102484ms
query [3761]: # of matches found 26015 and it took: 102823ms
query [3762]: # of matches found 25984 and it took: 100448ms
query [3763]: # of matches found 25920 and it took: 100469ms
query [3764]: # of matches found 25833 and it took: 103530ms
query [3765]: # of matches found 25796 and it took: 104426ms
query [3766]: # of matches found 25679 and it took: 102397ms
query [3767]: # of matches found 25604 and it took: 104846ms
query [3768]: # of matches found 25623 and it took: 101437ms
query [3769]: # of matches found 25692 and it took: 102780ms
query [3770]: # of matches found 25693 and it took: 103401ms
query [3771]: # of matches found 25836 and it took: 103306ms
query [3772]: # of matches found 25762 and it took: 98036.8ms
query [3773]: # of matches found 25614 and it took: 98449.4ms
query [3774]: # of matches found 25646 and it took: 99914.9ms
query [3775]: # of matches found 25589 and it took: 100064ms
query [3776]: # of matches found 25646 and it took: 98397.8ms
query [3777]: # of matches found 25783 and it took: 100174ms
query [3778]: # of matches found 27195 and it took: 97251.1ms
query [3779]: # of matches found 27511 and it took: 99786ms
query [3780]: # of matches found 27656 and it took: 99525.8ms
query [3781]: # of matches found 27798 and it took: 100161ms
query [3782]: # of matches found 28159 and it took: 97807.5ms
query [3783]: # of matches found 28547 and it took: 98642.8ms
query [3784]: # of matches found 28628 and it took: 99466.5ms
query [3785]: # of matches found 28673 and it took: 99872.9ms
query [3786]: # of matches found 28158 and it took: 97343.9ms
query [3787]: # of matches found 28111 and it took: 98868.7ms
query [3788]: # of matches found 28078 and it took: 96248.2ms
query [3789]: # of matches found 27932 and it took: 98860.4ms
query [3790]: # of matches found 27971 and it took: 98232.8ms
query [3791]: # of matches found 28023 and it took: 98612ms
query [3792]: # of matches found 28090 and it took: 97446.4ms
query [3793]: # of matches found 28122 and it took: 98578.4ms
query [3794]: # of matches found 28151 and it took: 98647.1ms
query [3795]: # of matches found 28693 and it took: 99009.7ms
query [3796]: # of matches found 28723 and it took: 97436.1ms
query [3797]: # of matches found 28669 and it took: 98541.2ms
query [3798]: # of matches found 28651 and it took: 96668.4ms
query [3799]: # of matches found 28603 and it took: 98455.5ms
query [3800]: # of matches found 28583 and it took: 98092.1ms
query [3801]: # of matches found 28584 and it took: 98831.2ms
query [3802]: # of matches found 28310 and it took: 98056.4ms
query [3803]: # of matches found 28539 and it took: 98681.3ms
query [3804]: # of matches found 28456 and it took: 99152.1ms
query [3805]: # of matches found 26517 and it took: 99509.4ms
query [3806]: # of matches found 26442 and it took: 98900.5ms
query [3807]: # of matches found 26424 and it took: 99879.2ms
query [3808]: # of matches found 26390 and it took: 98774.9ms
query [3809]: # of matches found 26293 and it took: 99930.9ms
query [3810]: # of matches found 26274 and it took: 98938.5ms
query [3811]: # of matches found 26216 and it took: 100722ms
query [3812]: # of matches found 26161 and it took: 99837.3ms
query [3813]: # of matches found 27406 and it took: 100930ms
query [3814]: # of matches found 27326 and it took: 101122ms
query [3815]: # of matches found 27070 and it took: 101149ms
query [3816]: # of matches found 27101 and it took: 100528ms
query [3817]: # of matches found 27072 and it took: 101866ms
query [3818]: # of matches found 27054 and it took: 100797ms
query [3819]: # of matches found 27040 and it took: 101565ms
query [3820]: # of matches found 27009 and it took: 100891ms
query [3821]: # of matches found 26995 and it took: 102064ms
query [3822]: # of matches found 27018 and it took: 101004ms
query [3823]: # of matches found 26882 and it took: 101298ms
query [3824]: # of matches found 26969 and it took: 101299ms
query [3825]: # of matches found 27108 and it took: 101772ms
query [3826]: # of matches found 27133 and it took: 102235ms
query [3827]: # of matches found 27162 and it took: 102651ms
query [3828]: # of matches found 27085 and it took: 101979ms
query [3829]: # of matches found 26981 and it took: 102080ms
query [3830]: # of matches found 26890 and it took: 100766ms
query [3831]: # of matches found 26781 and it took: 102306ms
query [3832]: # of matches found 26778 and it took: 101946ms
query [3833]: # of matches found 26714 and it took: 101444ms
query [3834]: # of matches found 26674 and it took: 101054ms
query [3835]: # of matches found 26589 and it took: 100673ms
query [3836]: # of matches found 26507 and it took: 101516ms
query [3837]: # of matches found 26275 and it took: 100777ms
query [3838]: # of matches found 26121 and it took: 100488ms
query [3839]: # of matches found 26017 and it took: 99959.9ms
query [3840]: # of matches found 26039 and it took: 98586.2ms
query [3841]: # of matches found 25925 and it took: 100308ms
query [3842]: # of matches found 25924 and it took: 100221ms
query [3843]: # of matches found 26028 and it took: 99787.4ms
query [3844]: # of matches found 25969 and it took: 99871.9ms
query [3845]: # of matches found 25867 and it took: 100020ms
query [3846]: # of matches found 25924 and it took: 100596ms
query [3847]: # of matches found 25872 and it took: 99726.1ms
query [3848]: # of matches found 23161 and it took: 99880.8ms
query [3849]: # of matches found 23172 and it took: 98913.2ms
query [3850]: # of matches found 23246 and it took: 97925.9ms
query [3851]: # of matches found 23221 and it took: 98875.2ms
query [3852]: # of matches found 23218 and it took: 98123.9ms
query [3853]: # of matches found 23253 and it took: 98557.8ms
query [3854]: # of matches found 23202 and it took: 98061ms
query [3855]: # of matches found 23312 and it took: 97561.8ms
query [3856]: # of matches found 23266 and it took: 97305.6ms
query [3857]: # of matches found 23363 and it took: 96969.9ms
query [3858]: # of matches found 26198 and it took: 96620.7ms
query [3859]: # of matches found 25997 and it took: 97158.1ms
query [3860]: # of matches found 26167 and it took: 96694.5ms
query [3861]: # of matches found 26076 and it took: 97878.6ms
query [3862]: # of matches found 25980 and it took: 97635.5ms
query [3863]: # of matches found 26005 and it took: 97917.1ms
query [3864]: # of matches found 26193 and it took: 98303.2ms
query [3865]: # of matches found 26668 and it took: 98216.3ms
