no kmerRangesFileAddressArg!
no otherToolArg!
**********************CONFIGURATIONS*****************************
PARMIK mode:                  3
readDatabaseAddress:          /p/lava/parmik/partialMatcherProject/datasets/metagenomicDB/SRR12432009/SRR12432009_reads
readFileName:                 SRR12432009_reads
queryFileAddress:             /p/lava/parmik/partialMatcherProject/datasets/queryFiles/covidQueryFiles/SarsGenome_chunks/SarsGenome_queries_12000-12999
queryFileName:                SarsGenome_queries_12000-12999
otherToolOutputFileAddress:   /u/rgq5aw/GIT/PARMIK/partialMatcherProject/tools/blast/SRR12432009/SarsGenome/blastn_ws30_results.out
outputDir:                    /p/lava/parmik/partialMatcherProject/tools/baseline_ssw/SRR12432009/SarsGenome
penaltyFileAddress:           /u/rgq5aw/GIT/PARMIK/experiments/parmik/CK_SSW_ID_PRCNTG/PenaltySets/2484_1111_2444_2288_2848
kmerRangesFileAddress:        
readsCount:                   17000000
queryCount:                   30000
kmerLength:                   11
regionSize:                   48
cheapKmerThreshold:           0
identityPercentage:           0.85
minExactMatchLen:             0
minNumExactMatchKmer:         0
isIndexOffline:               1
offlineIndexAddress:          /p/lava/parmik/partialMatcherProject/tools/parmik/CK_INDEX/SRR12432009/
max editDistance in min region: 2
**********************CONFIGURATIONS*****************************
--------------Penalties--------------
m: 2, s: 4, go: 8, ge: 4
m: 1, s: 1, go: 1, ge: 1
m: 2, s: 4, go: 4, ge: 4
m: 2, s: 2, go: 8, ge: 8
m: 2, s: 8, go: 4, ge: 8
------------------------------------
numberOfReadsWithN : 0
queryCount : 1000
numberOfReadsWithN : 0
readCount : 16344647
offlineCheapIndexAddress: /p/lava/parmik/partialMatcherProject/tools/parmik/CK_INDEX/SRR12432009/ck_T0_K11_r17000000
pmrkAlignmentsAddress: /p/lava/parmik/partialMatcherProject/tools/baseline_ssw/SRR12432009/SarsGenome/aln/pmAln_R48_PI85_L0_M0_E2_K11_T0_P_2484_1111_2444_2288_2848.txt
Starting alignment for all queries [fwd]...
queryBaseIndex: 12000
query [12000]: # of matches found 28664 and it took: 101662ms
query [12001]: # of matches found 28677 and it took: 101923ms
query [12002]: # of matches found 28831 and it took: 100666ms
query [12003]: # of matches found 28898 and it took: 100787ms
query [12004]: # of matches found 29059 and it took: 101692ms
query [12005]: # of matches found 29183 and it took: 102216ms
query [12006]: # of matches found 29208 and it took: 101841ms
query [12007]: # of matches found 29225 and it took: 101321ms
query [12008]: # of matches found 29403 and it took: 101331ms
query [12009]: # of matches found 29410 and it took: 100570ms
query [12010]: # of matches found 29396 and it took: 100156ms
query [12011]: # of matches found 29306 and it took: 100797ms
query [12012]: # of matches found 29379 and it took: 98803.6ms
query [12013]: # of matches found 29283 and it took: 99624.6ms
query [12014]: # of matches found 29049 and it took: 101419ms
query [12015]: # of matches found 28954 and it took: 101831ms
query [12016]: # of matches found 28928 and it took: 101824ms
query [12017]: # of matches found 28952 and it took: 101271ms
query [12018]: # of matches found 28940 and it took: 101911ms
query [12019]: # of matches found 28843 and it took: 99151.1ms
query [12020]: # of matches found 33372 and it took: 99956.5ms
query [12021]: # of matches found 33232 and it took: 100292ms
