no kmerRangesFileAddressArg!
no otherToolArg!
**********************CONFIGURATIONS*****************************
PARMIK mode:                  3
readDatabaseAddress:          /p/lava/parmik/partialMatcherProject/datasets/metagenomicDB/SRR12432009/SRR12432009_reads
readFileName:                 SRR12432009_reads
queryFileAddress:             /p/lava/parmik/partialMatcherProject/datasets/queryFiles/covidQueryFiles/SarsGenome_chunks/SarsGenome_queries_29000-29999
queryFileName:                SarsGenome_queries_29000-29999
otherToolOutputFileAddress:   /u/rgq5aw/GIT/PARMIK/partialMatcherProject/tools/blast/SRR12432009/SarsGenome/blastn_ws30_results.out
outputDir:                    /p/lava/parmik/partialMatcherProject/tools/baseline_ssw/SRR12432009/SarsGenome
penaltyFileAddress:           /u/rgq5aw/GIT/PARMIK/experiments/parmik/CK_SSW_ID_PRCNTG/PenaltySets/2484_1111_2444_2288_2848
kmerRangesFileAddress:        
readsCount:                   17000000
queryCount:                   30000
kmerLength:                   11
regionSize:                   48
cheapKmerThreshold:           0
identityPercentage:           0.85
minExactMatchLen:             0
minNumExactMatchKmer:         0
isIndexOffline:               1
offlineIndexAddress:          /p/lava/parmik/partialMatcherProject/tools/parmik/CK_INDEX/SRR12432009/
max editDistance in min region: 2
**********************CONFIGURATIONS*****************************
--------------Penalties--------------
m: 2, s: 4, go: 8, ge: 4
m: 1, s: 1, go: 1, ge: 1
m: 2, s: 4, go: 4, ge: 4
m: 2, s: 2, go: 8, ge: 8
m: 2, s: 8, go: 4, ge: 8
------------------------------------
numberOfReadsWithN : 0
queryCount : 602
numberOfReadsWithN : 0
readCount : 16344647
offlineCheapIndexAddress: /p/lava/parmik/partialMatcherProject/tools/parmik/CK_INDEX/SRR12432009/ck_T0_K11_r17000000
pmrkAlignmentsAddress: /p/lava/parmik/partialMatcherProject/tools/baseline_ssw/SRR12432009/SarsGenome/aln/pmAln_R48_PI85_L0_M0_E2_K11_T0_P_2484_1111_2444_2288_2848.txt
Starting alignment for all queries [fwd]...
queryBaseIndex: 29000
query [29000]: # of matches found 27693 and it took: 81966.2ms
query [29001]: # of matches found 27668 and it took: 81786.7ms
query [29002]: # of matches found 27121 and it took: 80245.9ms
query [29003]: # of matches found 27134 and it took: 80520.5ms
query [29004]: # of matches found 26937 and it took: 81201.9ms
query [29005]: # of matches found 26897 and it took: 80733ms
query [29006]: # of matches found 26946 and it took: 81640.6ms
query [29007]: # of matches found 27032 and it took: 80690.3ms
query [29008]: # of matches found 26952 and it took: 80291.2ms
query [29009]: # of matches found 26908 and it took: 79774.9ms
query [29010]: # of matches found 26818 and it took: 79848ms
query [29011]: # of matches found 26526 and it took: 79829.7ms
query [29012]: # of matches found 26268 and it took: 79424.1ms
query [29013]: # of matches found 26455 and it took: 79959.9ms
query [29014]: # of matches found 26535 and it took: 79921.1ms
query [29015]: # of matches found 26620 and it took: 79478.5ms
query [29016]: # of matches found 26623 and it took: 79802ms
query [29017]: # of matches found 24168 and it took: 79400.5ms
query [29018]: # of matches found 24225 and it took: 79135ms
query [29019]: # of matches found 24347 and it took: 78996.2ms
query [29020]: # of matches found 24398 and it took: 79553.7ms
query [29021]: # of matches found 24926 and it took: 79287.5ms
query [29022]: # of matches found 24871 and it took: 79383.3ms
query [29023]: # of matches found 24867 and it took: 79835.4ms
query [29024]: # of matches found 24798 and it took: 80219ms
query [29025]: # of matches found 24861 and it took: 79403.2ms
query [29026]: # of matches found 24789 and it took: 79805.8ms
query [29027]: # of matches found 24759 and it took: 78720.2ms
query [29028]: # of matches found 24733 and it took: 78960.8ms
query [29029]: # of matches found 24705 and it took: 78880.1ms
query [29030]: # of matches found 24537 and it took: 79670.9ms
query [29031]: # of matches found 24616 and it took: 79436.8ms
query [29032]: # of matches found 24702 and it took: 79462.9ms
query [29033]: # of matches found 24630 and it took: 79948.4ms
query [29034]: # of matches found 24519 and it took: 79767.4ms
query [29035]: # of matches found 24424 and it took: 79232.5ms
query [29036]: # of matches found 24556 and it took: 80881.2ms
query [29037]: # of matches found 24809 and it took: 79116.6ms
query [29038]: # of matches found 24876 and it took: 79665ms
query [29039]: # of matches found 24787 and it took: 79773.4ms
query [29040]: # of matches found 24772 and it took: 80535.3ms
query [29041]: # of matches found 24821 and it took: 80229.2ms
query [29042]: # of matches found 27675 and it took: 79730.4ms
query [29043]: # of matches found 26267 and it took: 80989.4ms
query [29044]: # of matches found 26263 and it took: 80722.5ms
query [29045]: # of matches found 26041 and it took: 80042.9ms
query [29046]: # of matches found 26048 and it took: 80140ms
query [29047]: # of matches found 26011 and it took: 79605.1ms
query [29048]: # of matches found 26037 and it took: 79755.9ms
query [29049]: # of matches found 26064 and it took: 79693.3ms
query [29050]: # of matches found 25987 and it took: 80865.1ms
query [29051]: # of matches found 26461 and it took: 80514ms
query [29052]: # of matches found 26421 and it took: 80014.5ms
query [29053]: # of matches found 26602 and it took: 81231.7ms
query [29054]: # of matches found 26566 and it took: 80965.8ms
query [29055]: # of matches found 26424 and it took: 80261.4ms
query [29056]: # of matches found 26308 and it took: 81135ms
query [29057]: # of matches found 26276 and it took: 79713.8ms
query [29058]: # of matches found 28000 and it took: 80985.5ms
query [29059]: # of matches found 28196 and it took: 79932.7ms
query [29060]: # of matches found 28778 and it took: 80088.2ms
query [29061]: # of matches found 28517 and it took: 79493.3ms
query [29062]: # of matches found 28471 and it took: 80510.7ms
query [29063]: # of matches found 27953 and it took: 80327.3ms
query [29064]: # of matches found 29594 and it took: 79975.3ms
query [29065]: # of matches found 29520 and it took: 79300.2ms
query [29066]: # of matches found 29545 and it took: 79509.1ms
query [29067]: # of matches found 29684 and it took: 78377.1ms
query [29068]: # of matches found 29725 and it took: 78971.2ms
query [29069]: # of matches found 29983 and it took: 77644.5ms
query [29070]: # of matches found 30108 and it took: 78017.5ms
query [29071]: # of matches found 30564 and it took: 76804ms
query [29072]: # of matches found 30715 and it took: 76908.2ms
query [29073]: # of matches found 30766 and it took: 77122.8ms
query [29074]: # of matches found 30802 and it took: 76985.4ms
query [29075]: # of matches found 30834 and it took: 76462ms
query [29076]: # of matches found 30969 and it took: 76685.5ms
query [29077]: # of matches found 30968 and it took: 75789.7ms
query [29078]: # of matches found 30975 and it took: 75761.5ms
query [29079]: # of matches found 30802 and it took: 76027.1ms
query [29080]: # of matches found 30755 and it took: 75767.2ms
query [29081]: # of matches found 30697 and it took: 74919.1ms
query [29082]: # of matches found 32189 and it took: 76538.7ms
query [29083]: # of matches found 31944 and it took: 75585.8ms
query [29084]: # of matches found 31953 and it took: 74820.1ms
query [29085]: # of matches found 31871 and it took: 74141.1ms
query [29086]: # of matches found 31918 and it took: 73957.1ms
query [29087]: # of matches found 32247 and it took: 74078.9ms
query [29088]: # of matches found 32465 and it took: 73139.8ms
query [29089]: # of matches found 32688 and it took: 73325.9ms
query [29090]: # of matches found 35461 and it took: 72958.3ms
query [29091]: # of matches found 35570 and it took: 72252.7ms
query [29092]: # of matches found 36103 and it took: 72646.8ms
query [29093]: # of matches found 37038 and it took: 72620.6ms
query [29094]: # of matches found 38366 and it took: 72495ms
query [29095]: # of matches found 38955 and it took: 72302.3ms
query [29096]: # of matches found 53784 and it took: 71950.9ms
query [29097]: # of matches found 56529 and it took: 71783ms
query [29098]: # of matches found 56115 and it took: 71354.4ms
query [29099]: # of matches found 56117 and it took: 71997.4ms
query [29100]: # of matches found 56192 and it took: 71254ms
query [29101]: # of matches found 57456 and it took: 70676.9ms
query [29102]: # of matches found 55990 and it took: 71054.7ms
query [29103]: # of matches found 55877 and it took: 71407.1ms
query [29104]: # of matches found 55932 and it took: 71055.8ms
query [29105]: # of matches found 55965 and it took: 71017.2ms
query [29106]: # of matches found 56293 and it took: 71002.2ms
query [29107]: # of matches found 55863 and it took: 70189.1ms
query [29108]: # of matches found 55923 and it took: 70274.4ms
query [29109]: # of matches found 56235 and it took: 70153.9ms
query [29110]: # of matches found 56361 and it took: 69626.6ms
query [29111]: # of matches found 57711 and it took: 68737.8ms
query [29112]: # of matches found 56607 and it took: 70374.4ms
query [29113]: # of matches found 56591 and it took: 70265ms
query [29114]: # of matches found 56689 and it took: 69412.2ms
query [29115]: # of matches found 56030 and it took: 69710.2ms
query [29116]: # of matches found 56268 and it took: 69401.5ms
query [29117]: # of matches found 57423 and it took: 69225.1ms
query [29118]: # of matches found 57517 and it took: 68822.5ms
query [29119]: # of matches found 57596 and it took: 69192.3ms
query [29120]: # of matches found 57660 and it took: 68882.7ms
query [29121]: # of matches found 59018 and it took: 68297.6ms
query [29122]: # of matches found 57915 and it took: 69636.7ms
query [29123]: # of matches found 57901 and it took: 68956.5ms
query [29124]: # of matches found 58082 and it took: 69081.1ms
query [29125]: # of matches found 58128 and it took: 68994.1ms
query [29126]: # of matches found 58231 and it took: 69212.3ms
query [29127]: # of matches found 65354 and it took: 69404.6ms
query [29128]: # of matches found 65714 and it took: 69254.7ms
query [29129]: # of matches found 65674 and it took: 69322.7ms
query [29130]: # of matches found 65589 and it took: 69493.6ms
query [29131]: # of matches found 66770 and it took: 68966.3ms
query [29132]: # of matches found 65882 and it took: 69811.2ms
query [29133]: # of matches found 65391 and it took: 68890.3ms
query [29134]: # of matches found 65351 and it took: 69437.1ms
query [29135]: # of matches found 65637 and it took: 69609.1ms
query [29136]: # of matches found 65896 and it took: 69268.3ms
query [29137]: # of matches found 65847 and it took: 69248.4ms
query [29138]: # of matches found 65875 and it took: 69502.9ms
query [29139]: # of matches found 65926 and it took: 69337.8ms
query [29140]: # of matches found 65117 and it took: 69012.7ms
query [29141]: # of matches found 66221 and it took: 68538.5ms
query [29142]: # of matches found 65274 and it took: 69740.2ms
query [29143]: # of matches found 65432 and it took: 69138.1ms
query [29144]: # of matches found 65454 and it took: 69224.7ms
query [29145]: # of matches found 65460 and it took: 69031.6ms
query [29146]: # of matches found 65448 and it took: 68821.9ms
query [29147]: # of matches found 65411 and it took: 69139.2ms
query [29148]: # of matches found 65403 and it took: 69076.1ms
query [29149]: # of matches found 65393 and it took: 69412.6ms
query [29150]: # of matches found 65411 and it took: 69220.1ms
query [29151]: # of matches found 66584 and it took: 69022.5ms
query [29152]: # of matches found 65412 and it took: 69472ms
query [29153]: # of matches found 65006 and it took: 68568.6ms
query [29154]: # of matches found 64862 and it took: 69011.1ms
query [29155]: # of matches found 64787 and it took: 69522.1ms
query [29156]: # of matches found 64751 and it took: 69448.6ms
query [29157]: # of matches found 64723 and it took: 68779ms
query [29158]: # of matches found 64810 and it took: 68871.4ms
query [29159]: # of matches found 64993 and it took: 69772.4ms
query [29160]: # of matches found 65445 and it took: 69705.9ms
query [29161]: # of matches found 67049 and it took: 69366.4ms
query [29162]: # of matches found 66343 and it took: 69862.3ms
query [29163]: # of matches found 65941 and it took: 68694.6ms
query [29164]: # of matches found 66002 and it took: 69784.3ms
query [29165]: # of matches found 66365 and it took: 70924.4ms
query [29166]: # of matches found 66472 and it took: 70701.9ms
query [29167]: # of matches found 66913 and it took: 70271.2ms
query [29168]: # of matches found 67108 and it took: 70182.7ms
query [29169]: # of matches found 67226 and it took: 70972.9ms
query [29170]: # of matches found 67202 and it took: 71101.8ms
query [29171]: # of matches found 68246 and it took: 70837.6ms
query [29172]: # of matches found 67302 and it took: 71619.8ms
query [29173]: # of matches found 67160 and it took: 70865.9ms
query [29174]: # of matches found 67124 and it took: 73150.7ms
query [29175]: # of matches found 66835 and it took: 73406.4ms
query [29176]: # of matches found 67027 and it took: 73229.2ms
query [29177]: # of matches found 66930 and it took: 72744.3ms
query [29178]: # of matches found 66733 and it took: 72371.4ms
query [29179]: # of matches found 66648 and it took: 74153.7ms
query [29180]: # of matches found 67110 and it took: 72735.2ms
query [29181]: # of matches found 68443 and it took: 72488.5ms
query [29182]: # of matches found 64544 and it took: 73536.4ms
query [29183]: # of matches found 64934 and it took: 71441.7ms
query [29184]: # of matches found 65020 and it took: 73360.7ms
query [29185]: # of matches found 65055 and it took: 72938.8ms
query [29186]: # of matches found 65156 and it took: 73081.7ms
query [29187]: # of matches found 65268 and it took: 71895.8ms
query [29188]: # of matches found 65330 and it took: 71989.3ms
query [29189]: # of matches found 65497 and it took: 73188.9ms
query [29190]: # of matches found 65495 and it took: 71398.4ms
query [29191]: # of matches found 66373 and it took: 70924.1ms
query [29192]: # of matches found 65278 and it took: 71185.6ms
query [29193]: # of matches found 65258 and it took: 70738.2ms
query [29194]: # of matches found 65395 and it took: 71653.3ms
query [29195]: # of matches found 65443 and it took: 71817.8ms
query [29196]: # of matches found 65531 and it took: 71959.9ms
query [29197]: # of matches found 65706 and it took: 71231ms
query [29198]: # of matches found 64125 and it took: 70983.5ms
query [29199]: # of matches found 64083 and it took: 71739ms
query [29200]: # of matches found 63557 and it took: 71341.6ms
query [29201]: # of matches found 64722 and it took: 71199.3ms
query [29202]: # of matches found 63486 and it took: 71128.4ms
query [29203]: # of matches found 64256 and it took: 71147.6ms
query [29204]: # of matches found 64628 and it took: 71280.3ms
query [29205]: # of matches found 63141 and it took: 71382.3ms
query [29206]: # of matches found 63286 and it took: 71554.6ms
query [29207]: # of matches found 63155 and it took: 71218.7ms
query [29208]: # of matches found 63136 and it took: 71140ms
query [29209]: # of matches found 63042 and it took: 71781.4ms
query [29210]: # of matches found 62810 and it took: 72148.3ms
query [29211]: # of matches found 63816 and it took: 72252.1ms
query [29212]: # of matches found 62317 and it took: 72246.4ms
query [29213]: # of matches found 62323 and it took: 72379.1ms
query [29214]: # of matches found 62440 and it took: 72816.8ms
query [29215]: # of matches found 62383 and it took: 72842.4ms
query [29216]: # of matches found 62304 and it took: 73278.5ms
query [29217]: # of matches found 62378 and it took: 73293.9ms
query [29218]: # of matches found 62460 and it took: 73070.1ms
query [29219]: # of matches found 62570 and it took: 73860.5ms
query [29220]: # of matches found 62833 and it took: 74214.1ms
query [29221]: # of matches found 64321 and it took: 74176.3ms
query [29222]: # of matches found 63229 and it took: 74232.6ms
query [29223]: # of matches found 61901 and it took: 74758.6ms
query [29224]: # of matches found 62002 and it took: 75117.2ms
query [29225]: # of matches found 62024 and it took: 75098.3ms
query [29226]: # of matches found 62211 and it took: 75295.1ms
query [29227]: # of matches found 63755 and it took: 75222.5ms
query [29228]: # of matches found 63933 and it took: 74903.3ms
query [29229]: # of matches found 63944 and it took: 75590.8ms
query [29230]: # of matches found 61554 and it took: 75630.7ms
query [29231]: # of matches found 61367 and it took: 75701.2ms
query [29232]: # of matches found 60771 and it took: 75986.8ms
query [29233]: # of matches found 60173 and it took: 76992.2ms
query [29234]: # of matches found 59255 and it took: 76315.7ms
query [29235]: # of matches found 58666 and it took: 77085ms
query [29236]: # of matches found 43277 and it took: 76905.4ms
query [29237]: # of matches found 42452 and it took: 77224.2ms
query [29238]: # of matches found 38139 and it took: 76794.3ms
query [29239]: # of matches found 37567 and it took: 77491ms
query [29240]: # of matches found 37373 and it took: 77733ms
query [29241]: # of matches found 37297 and it took: 77563.4ms
query [29242]: # of matches found 37172 and it took: 77543.9ms
query [29243]: # of matches found 37123 and it took: 77643.8ms
query [29244]: # of matches found 37319 and it took: 78329.3ms
query [29245]: # of matches found 37246 and it took: 77521.3ms
query [29246]: # of matches found 37216 and it took: 77901.5ms
query [29247]: # of matches found 36683 and it took: 77875.5ms
query [29248]: # of matches found 36552 and it took: 76826.1ms
query [29249]: # of matches found 36177 and it took: 77281.5ms
query [29250]: # of matches found 36078 and it took: 77883.9ms
query [29251]: # of matches found 36398 and it took: 77226.1ms
query [29252]: # of matches found 36354 and it took: 77027.5ms
query [29253]: # of matches found 36386 and it took: 77276.7ms
query [29254]: # of matches found 36382 and it took: 77607.2ms
query [29255]: # of matches found 36524 and it took: 77268.9ms
query [29256]: # of matches found 36484 and it took: 77443.7ms
query [29257]: # of matches found 36601 and it took: 77280.9ms
query [29258]: # of matches found 35644 and it took: 76487.6ms
query [29259]: # of matches found 35554 and it took: 77170.2ms
query [29260]: # of matches found 35614 and it took: 77036.2ms
query [29261]: # of matches found 35544 and it took: 76981.3ms
query [29262]: # of matches found 35055 and it took: 76606.1ms
query [29263]: # of matches found 35065 and it took: 76903.3ms
query [29264]: # of matches found 34912 and it took: 77085.7ms
query [29265]: # of matches found 35299 and it took: 76807.9ms
query [29266]: # of matches found 35319 and it took: 77035.1ms
query [29267]: # of matches found 34997 and it took: 77675.8ms
query [29268]: # of matches found 28017 and it took: 76985.3ms
query [29269]: # of matches found 28014 and it took: 77826.2ms
query [29270]: # of matches found 28185 and it took: 77946.1ms
query [29271]: # of matches found 28288 and it took: 77605.1ms
query [29272]: # of matches found 28096 and it took: 77430.1ms
query [29273]: # of matches found 27946 and it took: 78416.2ms
query [29274]: # of matches found 27833 and it took: 78235.4ms
query [29275]: # of matches found 27572 and it took: 78173ms
query [29276]: # of matches found 27193 and it took: 78525.9ms
query [29277]: # of matches found 27061 and it took: 78331.9ms
query [29278]: # of matches found 26892 and it took: 78277.5ms
query [29279]: # of matches found 26667 and it took: 79265.6ms
query [29280]: # of matches found 25965 and it took: 79345.4ms
query [29281]: # of matches found 25892 and it took: 78884.4ms
query [29282]: # of matches found 25743 and it took: 79663.4ms
query [29283]: # of matches found 25482 and it took: 79474.3ms
query [29284]: # of matches found 25489 and it took: 79555ms
query [29285]: # of matches found 25674 and it took: 79069.5ms
query [29286]: # of matches found 25615 and it took: 79137.2ms
query [29287]: # of matches found 25629 and it took: 79564.3ms
query [29288]: # of matches found 25609 and it took: 78950.5ms
query [29289]: # of matches found 25595 and it took: 78832.8ms
query [29290]: # of matches found 25549 and it took: 79305.3ms
query [29291]: # of matches found 25601 and it took: 78054.6ms
query [29292]: # of matches found 25555 and it took: 78199.9ms
query [29293]: # of matches found 25555 and it took: 78920ms
query [29294]: # of matches found 25545 and it took: 78898.8ms
query [29295]: # of matches found 25581 and it took: 78265.1ms
query [29296]: # of matches found 25599 and it took: 78884.5ms
query [29297]: # of matches found 25447 and it took: 78306.5ms
query [29298]: # of matches found 25273 and it took: 78445.9ms
query [29299]: # of matches found 25035 and it took: 78574.7ms
query [29300]: # of matches found 24614 and it took: 78951.2ms
query [29301]: # of matches found 24180 and it took: 78505.2ms
query [29302]: # of matches found 23582 and it took: 79278ms
query [29303]: # of matches found 23447 and it took: 79563.4ms
query [29304]: # of matches found 23291 and it took: 79926ms
query [29305]: # of matches found 22817 and it took: 79383.4ms
query [29306]: # of matches found 22673 and it took: 79173.8ms
query [29307]: # of matches found 22256 and it took: 78686ms
query [29308]: # of matches found 22010 and it took: 78865ms
query [29309]: # of matches found 21818 and it took: 78840.6ms
query [29310]: # of matches found 21798 and it took: 79098.4ms
query [29311]: # of matches found 21752 and it took: 78424.6ms
query [29312]: # of matches found 21764 and it took: 78540.6ms
query [29313]: # of matches found 21473 and it took: 79901ms
query [29314]: # of matches found 21414 and it took: 80325.9ms
query [29315]: # of matches found 21396 and it took: 80144.7ms
query [29316]: # of matches found 21247 and it took: 80175.4ms
query [29317]: # of matches found 20948 and it took: 79909.9ms
query [29318]: # of matches found 20884 and it took: 79702.1ms
query [29319]: # of matches found 20857 and it took: 77836.4ms
query [29320]: # of matches found 20407 and it took: 78278.8ms
query [29321]: # of matches found 20156 and it took: 78265.4ms
query [29322]: # of matches found 20021 and it took: 78345.3ms
query [29323]: # of matches found 19786 and it took: 78794.8ms
query [29324]: # of matches found 19603 and it took: 78571.2ms
query [29325]: # of matches found 19540 and it took: 78898.1ms
query [29326]: # of matches found 19628 and it took: 78384.8ms
query [29327]: # of matches found 19502 and it took: 77916.5ms
query [29328]: # of matches found 19453 and it took: 78283.2ms
query [29329]: # of matches found 19493 and it took: 77992.2ms
query [29330]: # of matches found 19556 and it took: 78843.6ms
query [29331]: # of matches found 19362 and it took: 78428.6ms
query [29332]: # of matches found 19458 and it took: 79095.8ms
query [29333]: # of matches found 19551 and it took: 79227.1ms
query [29334]: # of matches found 19494 and it took: 79065.5ms
query [29335]: # of matches found 19481 and it took: 79570.5ms
query [29336]: # of matches found 19373 and it took: 79035.8ms
query [29337]: # of matches found 19189 and it took: 78089.6ms
query [29338]: # of matches found 19410 and it took: 78818.4ms
query [29339]: # of matches found 19213 and it took: 78375.9ms
query [29340]: # of matches found 18960 and it took: 79259.3ms
query [29341]: # of matches found 18825 and it took: 78932.6ms
query [29342]: # of matches found 18684 and it took: 79200.9ms
query [29343]: # of matches found 18714 and it took: 79327.1ms
query [29344]: # of matches found 17470 and it took: 79987.5ms
query [29345]: # of matches found 17281 and it took: 78984.4ms
query [29346]: # of matches found 17078 and it took: 79108.1ms
query [29347]: # of matches found 17097 and it took: 78359.1ms
query [29348]: # of matches found 17116 and it took: 78883.7ms
query [29349]: # of matches found 17114 and it took: 77550.7ms
query [29350]: # of matches found 17219 and it took: 79063.6ms
query [29351]: # of matches found 17348 and it took: 77693ms
query [29352]: # of matches found 17512 and it took: 78355.1ms
query [29353]: # of matches found 17510 and it took: 79658.5ms
query [29354]: # of matches found 17475 and it took: 78859ms
query [29355]: # of matches found 17665 and it took: 78898.5ms
query [29356]: # of matches found 17530 and it took: 78181.7ms
query [29357]: # of matches found 17502 and it took: 77544.1ms
query [29358]: # of matches found 17292 and it took: 78141.2ms
query [29359]: # of matches found 17202 and it took: 76736ms
query [29360]: # of matches found 16946 and it took: 77846.6ms
query [29361]: # of matches found 16611 and it took: 77365.1ms
query [29362]: # of matches found 16504 and it took: 79676.6ms
query [29363]: # of matches found 16554 and it took: 79990ms
query [29364]: # of matches found 16391 and it took: 79433.5ms
query [29365]: # of matches found 16447 and it took: 78833.7ms
query [29366]: # of matches found 16248 and it took: 78775.9ms
query [29367]: # of matches found 16182 and it took: 77516.6ms
query [29368]: # of matches found 16170 and it took: 77945.6ms
query [29369]: # of matches found 16218 and it took: 75763ms
query [29370]: # of matches found 16340 and it took: 76878.7ms
query [29371]: # of matches found 16362 and it took: 76070.5ms
query [29372]: # of matches found 16823 and it took: 77393.5ms
query [29373]: # of matches found 16822 and it took: 77142.5ms
query [29374]: # of matches found 16884 and it took: 76783.3ms
query [29375]: # of matches found 16884 and it took: 76706.9ms
query [29376]: # of matches found 17037 and it took: 76706.8ms
query [29377]: # of matches found 16448 and it took: 76187.1ms
query [29378]: # of matches found 16406 and it took: 76505ms
query [29379]: # of matches found 16341 and it took: 74691.3ms
query [29380]: # of matches found 16279 and it took: 75790.2ms
query [29381]: # of matches found 16238 and it took: 75121.1ms
query [29382]: # of matches found 16171 and it took: 76452ms
query [29383]: # of matches found 16145 and it took: 76509.8ms
query [29384]: # of matches found 15906 and it took: 76497.4ms
query [29385]: # of matches found 15891 and it took: 76490ms
query [29386]: # of matches found 15894 and it took: 76317.6ms
query [29387]: # of matches found 15847 and it took: 75690.9ms
query [29388]: # of matches found 16024 and it took: 76419.4ms
query [29389]: # of matches found 16000 and it took: 75048.6ms
query [29390]: # of matches found 16010 and it took: 76148.8ms
query [29391]: # of matches found 17351 and it took: 75492.1ms
query [29392]: # of matches found 17325 and it took: 76249.4ms
query [29393]: # of matches found 17278 and it took: 76170.2ms
query [29394]: # of matches found 17274 and it took: 75697.2ms
query [29395]: # of matches found 17452 and it took: 75279.9ms
query [29396]: # of matches found 17288 and it took: 74927.1ms
query [29397]: # of matches found 17309 and it took: 74314.6ms
query [29398]: # of matches found 17042 and it took: 74769.7ms
query [29399]: # of matches found 17151 and it took: 73744.5ms
query [29400]: # of matches found 17174 and it took: 74646.9ms
query [29401]: # of matches found 17100 and it took: 74474.2ms
query [29402]: # of matches found 17022 and it took: 75096.7ms
query [29403]: # of matches found 16963 and it took: 75107ms
query [29404]: # of matches found 17007 and it took: 74971.1ms
query [29405]: # of matches found 16666 and it took: 74604.6ms
query [29406]: # of matches found 16693 and it took: 74576.2ms
query [29407]: # of matches found 16729 and it took: 74203.6ms
query [29408]: # of matches found 16587 and it took: 74702.5ms
query [29409]: # of matches found 16579 and it took: 73680.2ms
query [29410]: # of matches found 16303 and it took: 74569.1ms
query [29411]: # of matches found 16193 and it took: 74601.1ms
query [29412]: # of matches found 16176 and it took: 75083.2ms
query [29413]: # of matches found 16163 and it took: 75923.1ms
query [29414]: # of matches found 16093 and it took: 75783.5ms
query [29415]: # of matches found 16058 and it took: 76640.2ms
query [29416]: # of matches found 15946 and it took: 76516.2ms
query [29417]: # of matches found 16020 and it took: 76204.2ms
query [29418]: # of matches found 17194 and it took: 76732.5ms
query [29419]: # of matches found 17255 and it took: 74716.1ms
query [29420]: # of matches found 17421 and it took: 75256.3ms
query [29421]: # of matches found 17648 and it took: 75449.4ms
query [29422]: # of matches found 17730 and it took: 76186.2ms
query [29423]: # of matches found 17711 and it took: 76213.8ms
query [29424]: # of matches found 17666 and it took: 75493.4ms
query [29425]: # of matches found 17524 and it took: 75619.4ms
query [29426]: # of matches found 17564 and it took: 76163.6ms
query [29427]: # of matches found 17627 and it took: 75787.3ms
query [29428]: # of matches found 17679 and it took: 76163.1ms
query [29429]: # of matches found 17775 and it took: 75290.5ms
query [29430]: # of matches found 17807 and it took: 75875.9ms
query [29431]: # of matches found 17923 and it took: 75831.3ms
query [29432]: # of matches found 18048 and it took: 76557.2ms
query [29433]: # of matches found 18344 and it took: 75471.3ms
query [29434]: # of matches found 18477 and it took: 75434ms
query [29435]: # of matches found 18671 and it took: 75767.6ms
query [29436]: # of matches found 18717 and it took: 75697.9ms
query [29437]: # of matches found 18810 and it took: 75429.3ms
query [29438]: # of matches found 19004 and it took: 75520ms
query [29439]: # of matches found 19097 and it took: 74668.8ms
query [29440]: # of matches found 19371 and it took: 75712.1ms
query [29441]: # of matches found 19619 and it took: 75492.9ms
query [29442]: # of matches found 19607 and it took: 75703ms
query [29443]: # of matches found 19628 and it took: 74593.2ms
query [29444]: # of matches found 19718 and it took: 74691.1ms
query [29445]: # of matches found 19825 and it took: 75523.2ms
query [29446]: # of matches found 20001 and it took: 75539ms
query [29447]: # of matches found 20195 and it took: 74757.6ms
query [29448]: # of matches found 20233 and it took: 75061.6ms
query [29449]: # of matches found 20318 and it took: 74361.9ms
query [29450]: # of matches found 20504 and it took: 74936.6ms
query [29451]: # of matches found 20592 and it took: 75208.6ms
query [29452]: # of matches found 20653 and it took: 75357.6ms
query [29453]: # of matches found 20782 and it took: 75061.5ms
query [29454]: # of matches found 20843 and it took: 74833.2ms
query [29455]: # of matches found 20836 and it took: 75815.6ms
query [29456]: # of matches found 20854 and it took: 76136.9ms
query [29457]: # of matches found 20886 and it took: 76279.9ms
query [29458]: # of matches found 20990 and it took: 76480.9ms
query [29459]: # of matches found 20907 and it took: 75685ms
query [29460]: # of matches found 20882 and it took: 76864.2ms
query [29461]: # of matches found 20858 and it took: 76517.1ms
query [29462]: # of matches found 20851 and it took: 76288.8ms
query [29463]: # of matches found 20821 and it took: 75360ms
query [29464]: # of matches found 20728 and it took: 75431ms
query [29465]: # of matches found 20590 and it took: 76456.5ms
query [29466]: # of matches found 20580 and it took: 78093ms
query [29467]: # of matches found 20451 and it took: 77457.1ms
query [29468]: # of matches found 20447 and it took: 77719.9ms
query [29469]: # of matches found 20307 and it took: 77366.7ms
query [29470]: # of matches found 20160 and it took: 77617.4ms
query [29471]: # of matches found 20202 and it took: 77892.6ms
query [29472]: # of matches found 20567 and it took: 78424.7ms
query [29473]: # of matches found 20320 and it took: 77342.6ms
query [29474]: # of matches found 20166 and it took: 77241.4ms
query [29475]: # of matches found 20453 and it took: 78579.4ms
query [29476]: # of matches found 20541 and it took: 79312.8ms
query [29477]: # of matches found 20968 and it took: 78482.6ms
query [29478]: # of matches found 20582 and it took: 79223.7ms
query [29479]: # of matches found 20658 and it took: 79630.4ms
query [29480]: # of matches found 20740 and it took: 79647.4ms
query [29481]: # of matches found 20817 and it took: 79840ms
query [29482]: # of matches found 20937 and it took: 79999.5ms
query [29483]: # of matches found 20828 and it took: 79098.6ms
query [29484]: # of matches found 20814 and it took: 77767.2ms
query [29485]: # of matches found 20761 and it took: 79559.7ms
query [29486]: # of matches found 20720 and it took: 81257.2ms
query [29487]: # of matches found 20684 and it took: 80679.6ms
query [29488]: # of matches found 20622 and it took: 80750ms
query [29489]: # of matches found 20597 and it took: 81035.7ms
query [29490]: # of matches found 21378 and it took: 80387.4ms
query [29491]: # of matches found 21344 and it took: 80618.8ms
query [29492]: # of matches found 21185 and it took: 79915.1ms
query [29493]: # of matches found 21385 and it took: 80429.3ms
query [29494]: # of matches found 21455 and it took: 79453.4ms
query [29495]: # of matches found 21531 and it took: 80455.8ms
query [29496]: # of matches found 21601 and it took: 81090.9ms
query [29497]: # of matches found 21582 and it took: 82094.3ms
query [29498]: # of matches found 21568 and it took: 81450.3ms
query [29499]: # of matches found 21546 and it took: 80606.4ms
query [29500]: # of matches found 21530 and it took: 80678.2ms
query [29501]: # of matches found 21504 and it took: 81344.8ms
query [29502]: # of matches found 21489 and it took: 81929.8ms
query [29503]: # of matches found 21362 and it took: 80946.9ms
query [29504]: # of matches found 21371 and it took: 81052.6ms
query [29505]: # of matches found 21304 and it took: 82237.9ms
query [29506]: # of matches found 21454 and it took: 81890.3ms
query [29507]: # of matches found 21760 and it took: 81278.2ms
query [29508]: # of matches found 21833 and it took: 81325.8ms
query [29509]: # of matches found 21949 and it took: 81354.4ms
query [29510]: # of matches found 21935 and it took: 81612.2ms
query [29511]: # of matches found 21813 and it took: 82252.9ms
query [29512]: # of matches found 21369 and it took: 81650.2ms
query [29513]: # of matches found 21320 and it took: 80776.7ms
query [29514]: # of matches found 21250 and it took: 81087.7ms
query [29515]: # of matches found 21156 and it took: 82233.7ms
query [29516]: # of matches found 20911 and it took: 82222ms
query [29517]: # of matches found 21413 and it took: 82248.8ms
query [29518]: # of matches found 21400 and it took: 82661.2ms
query [29519]: # of matches found 21411 and it took: 82267.8ms
query [29520]: # of matches found 21301 and it took: 82371.4ms
query [29521]: # of matches found 23963 and it took: 82888.9ms
query [29522]: # of matches found 24532 and it took: 82493ms
query [29523]: # of matches found 24617 and it took: 81679ms
query [29524]: # of matches found 24718 and it took: 81565ms
query [29525]: # of matches found 24791 and it took: 84030.6ms
query [29526]: # of matches found 24964 and it took: 84035.5ms
query [29527]: # of matches found 25108 and it took: 83574.7ms
query [29528]: # of matches found 26292 and it took: 82962.9ms
query [29529]: # of matches found 26802 and it took: 81722.4ms
query [29530]: # of matches found 27100 and it took: 82570.1ms
query [29531]: # of matches found 26239 and it took: 82312.3ms
query [29532]: # of matches found 26339 and it took: 81888.8ms
query [29533]: # of matches found 26534 and it took: 80134.5ms
query [29534]: # of matches found 26476 and it took: 79371ms
query [29535]: # of matches found 26099 and it took: 81354.8ms
query [29536]: # of matches found 26122 and it took: 81084.2ms
query [29537]: # of matches found 25982 and it took: 80995.8ms
query [29538]: # of matches found 25942 and it took: 80747.2ms
query [29539]: # of matches found 25791 and it took: 80518.5ms
query [29540]: # of matches found 25752 and it took: 80805.6ms
query [29541]: # of matches found 25600 and it took: 80198ms
query [29542]: # of matches found 25573 and it took: 79962.2ms
query [29543]: # of matches found 25563 and it took: 78744.2ms
query [29544]: # of matches found 25482 and it took: 78924.2ms
query [29545]: # of matches found 25357 and it took: 79713.3ms
query [29546]: # of matches found 25247 and it took: 79693ms
query [29547]: # of matches found 25134 and it took: 79045.4ms
query [29548]: # of matches found 25141 and it took: 78333ms
query [29549]: # of matches found 25120 and it took: 77704.3ms
query [29550]: # of matches found 25150 and it took: 76992.8ms
query [29551]: # of matches found 25101 and it took: 77297.3ms
query [29552]: # of matches found 25093 and it took: 77645.6ms
query [29553]: # of matches found 25071 and it took: 76452.4ms
query [29554]: # of matches found 25574 and it took: 76739.6ms
query [29555]: # of matches found 25556 and it took: 78379.4ms
query [29556]: # of matches found 25709 and it took: 77862.1ms
query [29557]: # of matches found 26331 and it took: 78057.5ms
query [29558]: # of matches found 26589 and it took: 77638.8ms
query [29559]: # of matches found 26080 and it took: 77164.4ms
query [29560]: # of matches found 25903 and it took: 77363.2ms
query [29561]: # of matches found 25728 and it took: 77644.8ms
query [29562]: # of matches found 25762 and it took: 77561.6ms
query [29563]: # of matches found 25779 and it took: 76072ms
query [29564]: # of matches found 25732 and it took: 76356ms
query [29565]: # of matches found 25740 and it took: 77807ms
query [29566]: # of matches found 26984 and it took: 77853.7ms
query [29567]: # of matches found 26820 and it took: 77809.5ms
query [29568]: # of matches found 26756 and it took: 77775.6ms
query [29569]: # of matches found 27236 and it took: 77117.5ms
query [29570]: # of matches found 27642 and it took: 77986.5ms
query [29571]: # of matches found 28259 and it took: 78659.6ms
query [29572]: # of matches found 28098 and it took: 78298ms
query [29573]: # of matches found 27811 and it took: 76915.5ms
query [29574]: # of matches found 27769 and it took: 76804.8ms
query [29575]: # of matches found 27635 and it took: 79587.9ms
query [29576]: # of matches found 27588 and it took: 79894.4ms
query [29577]: # of matches found 27803 and it took: 79727.1ms
query [29578]: # of matches found 27676 and it took: 79679.7ms
query [29579]: # of matches found 27672 and it took: 77673.2ms
query [29580]: # of matches found 27442 and it took: 79458.2ms
query [29581]: # of matches found 27254 and it took: 77947.9ms
query [29582]: # of matches found 27739 and it took: 77232.6ms
query [29583]: # of matches found 27895 and it took: 76030.7ms
query [29584]: # of matches found 28080 and it took: 75949.7ms
query [29585]: # of matches found 29159 and it took: 77386.1ms
query [29586]: # of matches found 53505 and it took: 76665.4ms
query [29587]: # of matches found 59258 and it took: 76807.5ms
query [29588]: # of matches found 103109 and it took: 76539.7ms
query [29589]: # of matches found 102818 and it took: 75289.5ms
query [29590]: # of matches found 102288 and it took: 75510.4ms
query [29591]: # of matches found 101834 and it took: 74914.3ms
query [29592]: # of matches found 101524 and it took: 75594.8ms
query [29593]: # of matches found 101308 and it took: 73840.8ms
query [29594]: # of matches found 101104 and it took: 72701.7ms
query [29595]: # of matches found 101016 and it took: 74177ms
query [29596]: # of matches found 101001 and it took: 73498.8ms
query [29597]: # of matches found 100912 and it took: 72847.8ms
query [29598]: # of matches found 100764 and it took: 72650ms
query [29599]: # of matches found 100627 and it took: 71631.5ms
query [29600]: # of matches found 100580 and it took: 73208.9ms
query [29601]: # of matches found 100505 and it took: 72412.6ms
PARMIK's matches per query up to q (602) => [average: 34889, median: 26024, sum: 21003211]
Starting alignment for all queries [rev]...
queryBaseIndex: 29000
query [29000]: # of matches found 25370 and it took: 82516.4ms
query [29001]: # of matches found 25361 and it took: 81995.9ms
query [29002]: # of matches found 24813 and it took: 82930.7ms
query [29003]: # of matches found 24775 and it took: 82803.1ms
query [29004]: # of matches found 24613 and it took: 82897.4ms
query [29005]: # of matches found 24621 and it took: 82072.7ms
query [29006]: # of matches found 24631 and it took: 83158.9ms
query [29007]: # of matches found 24763 and it took: 82836.1ms
query [29008]: # of matches found 24595 and it took: 83572ms
query [29009]: # of matches found 24537 and it took: 81357.7ms
query [29010]: # of matches found 24421 and it took: 82335.3ms
query [29011]: # of matches found 24220 and it took: 81458ms
query [29012]: # of matches found 24133 and it took: 82376.8ms
query [29013]: # of matches found 24479 and it took: 81825.5ms
query [29014]: # of matches found 24725 and it took: 81986.5ms
query [29015]: # of matches found 24762 and it took: 81691.1ms
query [29016]: # of matches found 24721 and it took: 81746.7ms
query [29017]: # of matches found 23651 and it took: 82148.8ms
query [29018]: # of matches found 23666 and it took: 82068.2ms
query [29019]: # of matches found 23825 and it took: 81760.9ms
query [29020]: # of matches found 23875 and it took: 80544.4ms
query [29021]: # of matches found 24944 and it took: 81242.9ms
query [29022]: # of matches found 24851 and it took: 82471.7ms
query [29023]: # of matches found 24883 and it took: 80910.9ms
query [29024]: # of matches found 24942 and it took: 81804.6ms
query [29025]: # of matches found 25009 and it took: 82066.1ms
query [29026]: # of matches found 24956 and it took: 82532.3ms
query [29027]: # of matches found 24947 and it took: 82556.8ms
query [29028]: # of matches found 24923 and it took: 83091.7ms
query [29029]: # of matches found 24959 and it took: 81958ms
query [29030]: # of matches found 24801 and it took: 81649.6ms
query [29031]: # of matches found 24854 and it took: 81642.3ms
query [29032]: # of matches found 24984 and it took: 82515.6ms
query [29033]: # of matches found 24942 and it took: 81958.1ms
query [29034]: # of matches found 24861 and it took: 83188ms
query [29035]: # of matches found 24821 and it took: 83220.4ms
query [29036]: # of matches found 25014 and it took: 83652.5ms
query [29037]: # of matches found 25223 and it took: 83623.7ms
query [29038]: # of matches found 25277 and it took: 84095.7ms
query [29039]: # of matches found 25288 and it took: 82912.9ms
query [29040]: # of matches found 25186 and it took: 82587.9ms
query [29041]: # of matches found 25245 and it took: 82188.5ms
query [29042]: # of matches found 30882 and it took: 83056.8ms
query [29043]: # of matches found 29268 and it took: 82400.1ms
query [29044]: # of matches found 29249 and it took: 83587ms
query [29045]: # of matches found 28945 and it took: 82953.6ms
query [29046]: # of matches found 28933 and it took: 82650.4ms
query [29047]: # of matches found 28890 and it took: 82181ms
query [29048]: # of matches found 28871 and it took: 82358.4ms
query [29049]: # of matches found 28883 and it took: 82426.2ms
query [29050]: # of matches found 28779 and it took: 81816.5ms
query [29051]: # of matches found 29038 and it took: 81764ms
query [29052]: # of matches found 29022 and it took: 83140.8ms
query [29053]: # of matches found 29279 and it took: 81912.5ms
query [29054]: # of matches found 29229 and it took: 82611.3ms
query [29055]: # of matches found 29132 and it took: 82083.1ms
query [29056]: # of matches found 29020 and it took: 82018.2ms
query [29057]: # of matches found 28958 and it took: 82225.5ms
query [29058]: # of matches found 30195 and it took: 81903.2ms
query [29059]: # of matches found 30397 and it took: 82145.9ms
query [29060]: # of matches found 31056 and it took: 81779.1ms
query [29061]: # of matches found 30829 and it took: 81862.4ms
query [29062]: # of matches found 30660 and it took: 81876.3ms
query [29063]: # of matches found 30224 and it took: 80408.6ms
query [29064]: # of matches found 31409 and it took: 81742.1ms
query [29065]: # of matches found 31431 and it took: 81188.4ms
query [29066]: # of matches found 31523 and it took: 81358.5ms
query [29067]: # of matches found 31778 and it took: 80752.1ms
query [29068]: # of matches found 31788 and it took: 80756.2ms
query [29069]: # of matches found 32058 and it took: 80144.6ms
query [29070]: # of matches found 32185 and it took: 79914.8ms
query [29071]: # of matches found 32418 and it took: 79950.5ms
query [29072]: # of matches found 32527 and it took: 79423.3ms
query [29073]: # of matches found 32500 and it took: 78494.7ms
query [29074]: # of matches found 32542 and it took: 79526.9ms
query [29075]: # of matches found 32554 and it took: 79020.6ms
query [29076]: # of matches found 32642 and it took: 78857.9ms
query [29077]: # of matches found 32655 and it took: 78294.8ms
query [29078]: # of matches found 32625 and it took: 78377.3ms
query [29079]: # of matches found 32448 and it took: 78731.3ms
query [29080]: # of matches found 32495 and it took: 77888.6ms
query [29081]: # of matches found 32431 and it took: 78553.8ms
query [29082]: # of matches found 33175 and it took: 78022.4ms
query [29083]: # of matches found 32971 and it took: 77117.6ms
query [29084]: # of matches found 33069 and it took: 77835.7ms
query [29085]: # of matches found 32943 and it took: 77100ms
query [29086]: # of matches found 32968 and it took: 76742.7ms
query [29087]: # of matches found 33160 and it took: 76492.2ms
query [29088]: # of matches found 33400 and it took: 76436.6ms
query [29089]: # of matches found 33554 and it took: 76445.6ms
query [29090]: # of matches found 36026 and it took: 75755.8ms
query [29091]: # of matches found 36087 and it took: 75567.6ms
query [29092]: # of matches found 36593 and it took: 75354.9ms
query [29093]: # of matches found 37542 and it took: 74463.5ms
query [29094]: # of matches found 38100 and it took: 75186.4ms
query [29095]: # of matches found 38428 and it took: 74179.5ms
query [29096]: # of matches found 41558 and it took: 73605.1ms
query [29097]: # of matches found 43217 and it took: 73024.3ms
query [29098]: # of matches found 43196 and it took: 72782.7ms
query [29099]: # of matches found 43271 and it took: 72930.8ms
query [29100]: # of matches found 43317 and it took: 72169.1ms
query [29101]: # of matches found 43401 and it took: 72121.2ms
query [29102]: # of matches found 43091 and it took: 71176.9ms
query [29103]: # of matches found 43030 and it took: 70372.8ms
query [29104]: # of matches found 43025 and it took: 71260.7ms
query [29105]: # of matches found 43030 and it took: 70509.6ms
query [29106]: # of matches found 43387 and it took: 69620ms
query [29107]: # of matches found 43268 and it took: 70139ms
query [29108]: # of matches found 43356 and it took: 69552.5ms
query [29109]: # of matches found 43462 and it took: 69869.5ms
query [29110]: # of matches found 43577 and it took: 69505.1ms
query [29111]: # of matches found 43802 and it took: 69462ms
query [29112]: # of matches found 43862 and it took: 69179.8ms
query [29113]: # of matches found 43990 and it took: 68562.9ms
query [29114]: # of matches found 44133 and it took: 69484.7ms
query [29115]: # of matches found 43419 and it took: 68724.6ms
query [29116]: # of matches found 43621 and it took: 68270.4ms
query [29117]: # of matches found 44851 and it took: 68416.6ms
query [29118]: # of matches found 44918 and it took: 67725.7ms
query [29119]: # of matches found 44941 and it took: 67971.8ms
query [29120]: # of matches found 45005 and it took: 68637.7ms
query [29121]: # of matches found 45168 and it took: 68711.3ms
query [29122]: # of matches found 45132 and it took: 68413.3ms
query [29123]: # of matches found 45135 and it took: 67419.5ms
query [29124]: # of matches found 45303 and it took: 68272.5ms
query [29125]: # of matches found 45370 and it took: 68031ms
query [29126]: # of matches found 45462 and it took: 67837.9ms
query [29127]: # of matches found 49705 and it took: 68108.3ms
query [29128]: # of matches found 49869 and it took: 67609.4ms
query [29129]: # of matches found 49784 and it took: 67784.9ms
query [29130]: # of matches found 49796 and it took: 68070.3ms
query [29131]: # of matches found 49833 and it took: 67260.4ms
query [29132]: # of matches found 50160 and it took: 67037ms
query [29133]: # of matches found 49776 and it took: 66401.2ms
query [29134]: # of matches found 49686 and it took: 66988.2ms
query [29135]: # of matches found 49771 and it took: 67198.8ms
query [29136]: # of matches found 49834 and it took: 66869.5ms
query [29137]: # of matches found 49772 and it took: 67036.1ms
query [29138]: # of matches found 49799 and it took: 66444.2ms
query [29139]: # of matches found 49867 and it took: 66383.3ms
query [29140]: # of matches found 49159 and it took: 66662.3ms
query [29141]: # of matches found 49100 and it took: 66116.8ms
query [29142]: # of matches found 49282 and it took: 66323.5ms
query [29143]: # of matches found 49464 and it took: 65529.2ms
query [29144]: # of matches found 49802 and it took: 65871.6ms
query [29145]: # of matches found 49751 and it took: 65672.9ms
query [29146]: # of matches found 49784 and it took: 65509.4ms
query [29147]: # of matches found 49700 and it took: 65751.2ms
query [29148]: # of matches found 49713 and it took: 65655.4ms
query [29149]: # of matches found 49785 and it took: 65429ms
query [29150]: # of matches found 49798 and it took: 65265.9ms
query [29151]: # of matches found 49858 and it took: 65331.1ms
query [29152]: # of matches found 49786 and it took: 64868.6ms
query [29153]: # of matches found 49304 and it took: 65302.5ms
query [29154]: # of matches found 48992 and it took: 65671.5ms
query [29155]: # of matches found 48950 and it took: 65617ms
query [29156]: # of matches found 48966 and it took: 65762.2ms
query [29157]: # of matches found 48994 and it took: 66001.1ms
query [29158]: # of matches found 49089 and it took: 66195ms
query [29159]: # of matches found 49106 and it took: 66234.7ms
query [29160]: # of matches found 49587 and it took: 66326ms
query [29161]: # of matches found 49969 and it took: 66639.4ms
query [29162]: # of matches found 50601 and it took: 66793ms
query [29163]: # of matches found 49614 and it took: 66798.6ms
query [29164]: # of matches found 49677 and it took: 67283.3ms
query [29165]: # of matches found 50068 and it took: 67182.5ms
query [29166]: # of matches found 50121 and it took: 66938.4ms
query [29167]: # of matches found 50546 and it took: 67333.8ms
query [29168]: # of matches found 50764 and it took: 67310.9ms
query [29169]: # of matches found 50889 and it took: 67192.5ms
query [29170]: # of matches found 50847 and it took: 66331.2ms
query [29171]: # of matches found 50803 and it took: 66253.2ms
query [29172]: # of matches found 51289 and it took: 66769.4ms
query [29173]: # of matches found 51109 and it took: 66834.9ms
query [29174]: # of matches found 51061 and it took: 66821.4ms
query [29175]: # of matches found 50766 and it took: 67295.3ms
query [29176]: # of matches found 50875 and it took: 67571.2ms
query [29177]: # of matches found 50773 and it took: 68284.4ms
query [29178]: # of matches found 50549 and it took: 67809.4ms
query [29179]: # of matches found 50429 and it took: 68076.9ms
query [29180]: # of matches found 50985 and it took: 68013.4ms
query [29181]: # of matches found 51137 and it took: 67983.1ms
query [29182]: # of matches found 45623 and it took: 68086.1ms
query [29183]: # of matches found 46114 and it took: 68152.8ms
query [29184]: # of matches found 46214 and it took: 68650.6ms
query [29185]: # of matches found 46270 and it took: 68909.1ms
query [29186]: # of matches found 46381 and it took: 69196.4ms
query [29187]: # of matches found 46479 and it took: 69536.7ms
query [29188]: # of matches found 46557 and it took: 69670.1ms
query [29189]: # of matches found 46619 and it took: 70010ms
query [29190]: # of matches found 46602 and it took: 69872.6ms
query [29191]: # of matches found 46382 and it took: 69687.9ms
query [29192]: # of matches found 46449 and it took: 70202.1ms
query [29193]: # of matches found 46398 and it took: 70504.8ms
query [29194]: # of matches found 46524 and it took: 70794.4ms
query [29195]: # of matches found 46527 and it took: 70979.5ms
query [29196]: # of matches found 46637 and it took: 71015.2ms
query [29197]: # of matches found 46769 and it took: 71199.3ms
query [29198]: # of matches found 45575 and it took: 71316.1ms
query [29199]: # of matches found 45579 and it took: 72502.9ms
query [29200]: # of matches found 44922 and it took: 71965.1ms
query [29201]: # of matches found 44932 and it took: 72178ms
query [29202]: # of matches found 44935 and it took: 72603.1ms
query [29203]: # of matches found 45564 and it took: 73266.3ms
query [29204]: # of matches found 45805 and it took: 73362.6ms
query [29205]: # of matches found 44900 and it took: 75092.1ms
query [29206]: # of matches found 44968 and it took: 74725.5ms
query [29207]: # of matches found 44715 and it took: 74761.6ms
query [29208]: # of matches found 44731 and it took: 75293ms
query [29209]: # of matches found 44598 and it took: 75127.9ms
query [29210]: # of matches found 44379 and it took: 74924.2ms
query [29211]: # of matches found 44219 and it took: 74489.4ms
query [29212]: # of matches found 44086 and it took: 75489.6ms
query [29213]: # of matches found 44146 and it took: 75216.4ms
query [29214]: # of matches found 44175 and it took: 75288.3ms
query [29215]: # of matches found 44119 and it took: 75537ms
query [29216]: # of matches found 44089 and it took: 75614.3ms
query [29217]: # of matches found 44172 and it took: 75662.9ms
query [29218]: # of matches found 44258 and it took: 76471.1ms
query [29219]: # of matches found 44407 and it took: 75855.3ms
query [29220]: # of matches found 44597 and it took: 75279.3ms
query [29221]: # of matches found 45105 and it took: 75776.5ms
query [29222]: # of matches found 45190 and it took: 76186.5ms
query [29223]: # of matches found 44575 and it took: 77599.3ms
query [29224]: # of matches found 44609 and it took: 77190.9ms
query [29225]: # of matches found 44661 and it took: 77668.4ms
query [29226]: # of matches found 44823 and it took: 78389.4ms
query [29227]: # of matches found 44785 and it took: 78843.8ms
query [29228]: # of matches found 44682 and it took: 78985.1ms
query [29229]: # of matches found 44632 and it took: 79201.5ms
query [29230]: # of matches found 42141 and it took: 78430.5ms
query [29231]: # of matches found 41967 and it took: 78954.4ms
query [29232]: # of matches found 41384 and it took: 79178.1ms
query [29233]: # of matches found 40715 and it took: 79247.3ms
query [29234]: # of matches found 40015 and it took: 79557.4ms
query [29235]: # of matches found 39670 and it took: 80767.8ms
query [29236]: # of matches found 36970 and it took: 81462.8ms
query [29237]: # of matches found 37005 and it took: 82024.2ms
query [29238]: # of matches found 35287 and it took: 82116.5ms
query [29239]: # of matches found 34833 and it took: 82546.8ms
query [29240]: # of matches found 34574 and it took: 81595.3ms
query [29241]: # of matches found 34503 and it took: 82306.2ms
query [29242]: # of matches found 34417 and it took: 82062.5ms
query [29243]: # of matches found 34427 and it took: 81898.8ms
query [29244]: # of matches found 34604 and it took: 81834.6ms
query [29245]: # of matches found 34582 and it took: 82120.1ms
query [29246]: # of matches found 34571 and it took: 82510.7ms
query [29247]: # of matches found 33954 and it took: 82344ms
query [29248]: # of matches found 33805 and it took: 82875.5ms
query [29249]: # of matches found 33458 and it took: 82724.5ms
query [29250]: # of matches found 33379 and it took: 82505.6ms
query [29251]: # of matches found 34042 and it took: 82098.9ms
query [29252]: # of matches found 33998 and it took: 81492ms
query [29253]: # of matches found 34003 and it took: 81552ms
query [29254]: # of matches found 33943 and it took: 81405.7ms
query [29255]: # of matches found 34098 and it took: 81699.4ms
query [29256]: # of matches found 34090 and it took: 81874.4ms
query [29257]: # of matches found 34070 and it took: 81261.1ms
query [29258]: # of matches found 32961 and it took: 81463.1ms
query [29259]: # of matches found 32868 and it took: 81664.7ms
query [29260]: # of matches found 32927 and it took: 81007.8ms
query [29261]: # of matches found 32832 and it took: 81430.2ms
query [29262]: # of matches found 32364 and it took: 81437.9ms
query [29263]: # of matches found 32351 and it took: 80878.5ms
query [29264]: # of matches found 32163 and it took: 80537.9ms
query [29265]: # of matches found 32479 and it took: 80885.2ms
query [29266]: # of matches found 32475 and it took: 81592.5ms
query [29267]: # of matches found 32483 and it took: 81255.9ms
query [29268]: # of matches found 28171 and it took: 81427.8ms
query [29269]: # of matches found 28238 and it took: 81268.4ms
query [29270]: # of matches found 28357 and it took: 81022.6ms
query [29271]: # of matches found 28477 and it took: 81455.9ms
query [29272]: # of matches found 28323 and it took: 81459ms
query [29273]: # of matches found 27993 and it took: 81167.9ms
query [29274]: # of matches found 28015 and it took: 80963.9ms
query [29275]: # of matches found 28049 and it took: 81316.2ms
query [29276]: # of matches found 27865 and it took: 82387.3ms
query [29277]: # of matches found 27710 and it took: 82332.6ms
query [29278]: # of matches found 27576 and it took: 82070.8ms
query [29279]: # of matches found 27423 and it took: 82080.1ms
query [29280]: # of matches found 26861 and it took: 82037.6ms
query [29281]: # of matches found 26759 and it took: 81405.2ms
query [29282]: # of matches found 26576 and it took: 82676.3ms
query [29283]: # of matches found 26395 and it took: 81556.7ms
query [29284]: # of matches found 26040 and it took: 81718.7ms
query [29285]: # of matches found 26293 and it took: 82643.6ms
query [29286]: # of matches found 26206 and it took: 82754.8ms
query [29287]: # of matches found 26186 and it took: 81846.8ms
query [29288]: # of matches found 26143 and it took: 81997.9ms
query [29289]: # of matches found 26062 and it took: 81826.1ms
query [29290]: # of matches found 25996 and it took: 80243.8ms
query [29291]: # of matches found 26012 and it took: 80070.5ms
query [29292]: # of matches found 25968 and it took: 80516.4ms
query [29293]: # of matches found 25948 and it took: 79853.8ms
query [29294]: # of matches found 25960 and it took: 79700.8ms
query [29295]: # of matches found 25955 and it took: 80184.1ms
query [29296]: # of matches found 25975 and it took: 79953.9ms
query [29297]: # of matches found 25733 and it took: 79432.3ms
query [29298]: # of matches found 25550 and it took: 79459.3ms
query [29299]: # of matches found 25378 and it took: 80544.3ms
query [29300]: # of matches found 24983 and it took: 80046.5ms
query [29301]: # of matches found 24600 and it took: 79386.1ms
query [29302]: # of matches found 23935 and it took: 80939.7ms
query [29303]: # of matches found 23778 and it took: 79765.7ms
query [29304]: # of matches found 23563 and it took: 80046.4ms
query [29305]: # of matches found 23083 and it took: 80366.3ms
query [29306]: # of matches found 22970 and it took: 80316.3ms
query [29307]: # of matches found 22568 and it took: 80733ms
query [29308]: # of matches found 22350 and it took: 79882.6ms
query [29309]: # of matches found 22175 and it took: 79670.9ms
query [29310]: # of matches found 22148 and it took: 79309.9ms
query [29311]: # of matches found 22079 and it took: 79353ms
query [29312]: # of matches found 22124 and it took: 80311ms
query [29313]: # of matches found 21600 and it took: 78782.3ms
query [29314]: # of matches found 21548 and it took: 79700.4ms
query [29315]: # of matches found 21486 and it took: 79898.7ms
query [29316]: # of matches found 21369 and it took: 79984.4ms
query [29317]: # of matches found 21127 and it took: 79678.2ms
query [29318]: # of matches found 21089 and it took: 79226.5ms
query [29319]: # of matches found 21053 and it took: 79309.7ms
query [29320]: # of matches found 20577 and it took: 79253.6ms
query [29321]: # of matches found 20288 and it took: 79133.9ms
query [29322]: # of matches found 20153 and it took: 80343.5ms
query [29323]: # of matches found 19937 and it took: 78945.3ms
query [29324]: # of matches found 19566 and it took: 80613.4ms
query [29325]: # of matches found 19549 and it took: 80351.5ms
query [29326]: # of matches found 19576 and it took: 81604.2ms
query [29327]: # of matches found 19438 and it took: 82541.3ms
query [29328]: # of matches found 19382 and it took: 81633.7ms
query [29329]: # of matches found 19413 and it took: 81535.3ms
query [29330]: # of matches found 19472 and it took: 82779.8ms
query [29331]: # of matches found 19452 and it took: 80033.3ms
query [29332]: # of matches found 19531 and it took: 81069.4ms
query [29333]: # of matches found 19694 and it took: 80478.8ms
query [29334]: # of matches found 19660 and it took: 81253.4ms
query [29335]: # of matches found 19660 and it took: 80989ms
query [29336]: # of matches found 19496 and it took: 82271.6ms
query [29337]: # of matches found 19314 and it took: 80953.9ms
query [29338]: # of matches found 19565 and it took: 80884.4ms
query [29339]: # of matches found 19546 and it took: 80508.7ms
query [29340]: # of matches found 19444 and it took: 81380.4ms
query [29341]: # of matches found 19290 and it took: 79661.7ms
query [29342]: # of matches found 19184 and it took: 80879.2ms
query [29343]: # of matches found 19131 and it took: 80097.2ms
query [29344]: # of matches found 18182 and it took: 81069.5ms
query [29345]: # of matches found 17865 and it took: 84983.6ms
query [29346]: # of matches found 17703 and it took: 82970.2ms
query [29347]: # of matches found 17686 and it took: 81771.4ms
query [29348]: # of matches found 17673 and it took: 82134.4ms
query [29349]: # of matches found 17677 and it took: 81613.5ms
query [29350]: # of matches found 17752 and it took: 81832.1ms
query [29351]: # of matches found 17781 and it took: 80293.9ms
query [29352]: # of matches found 17877 and it took: 82138.8ms
query [29353]: # of matches found 17882 and it took: 82104.6ms
query [29354]: # of matches found 17988 and it took: 82993.1ms
query [29355]: # of matches found 17951 and it took: 82712.1ms
query [29356]: # of matches found 17743 and it took: 82711.3ms
query [29357]: # of matches found 17710 and it took: 82702.4ms
query [29358]: # of matches found 17534 and it took: 82552ms
query [29359]: # of matches found 17420 and it took: 82345.2ms
query [29360]: # of matches found 17222 and it took: 82357.5ms
query [29361]: # of matches found 16784 and it took: 79460.5ms
query [29362]: # of matches found 16632 and it took: 80930.1ms
query [29363]: # of matches found 16505 and it took: 80552.5ms
query [29364]: # of matches found 16230 and it took: 81055.4ms
query [29365]: # of matches found 16218 and it took: 80766.7ms
query [29366]: # of matches found 16017 and it took: 80428.7ms
query [29367]: # of matches found 15948 and it took: 81851.3ms
query [29368]: # of matches found 15942 and it took: 80342.1ms
query [29369]: # of matches found 15926 and it took: 80235ms
query [29370]: # of matches found 16038 and it took: 80986.1ms
query [29371]: # of matches found 16072 and it took: 78605.5ms
query [29372]: # of matches found 16442 and it took: 81129.5ms
query [29373]: # of matches found 16478 and it took: 80153.2ms
query [29374]: # of matches found 16543 and it took: 81367.5ms
query [29375]: # of matches found 16523 and it took: 80866.6ms
query [29376]: # of matches found 16715 and it took: 80893.8ms
query [29377]: # of matches found 15824 and it took: 80704.1ms
query [29378]: # of matches found 15833 and it took: 80397.2ms
query [29379]: # of matches found 15537 and it took: 80718.3ms
query [29380]: # of matches found 15478 and it took: 80064.9ms
query [29381]: # of matches found 15473 and it took: 78122.8ms
query [29382]: # of matches found 15416 and it took: 79888.2ms
query [29383]: # of matches found 15358 and it took: 78757ms
query [29384]: # of matches found 15147 and it took: 80793.2ms
query [29385]: # of matches found 15147 and it took: 80348.1ms
query [29386]: # of matches found 15135 and it took: 80324.3ms
query [29387]: # of matches found 15131 and it took: 80784.5ms
query [29388]: # of matches found 15341 and it took: 80582.8ms
query [29389]: # of matches found 15338 and it took: 80343.5ms
query [29390]: # of matches found 15331 and it took: 79349.4ms
query [29391]: # of matches found 16045 and it took: 77889.8ms
query [29392]: # of matches found 16005 and it took: 78572.2ms
query [29393]: # of matches found 15999 and it took: 78123ms
query [29394]: # of matches found 16129 and it took: 79268.7ms
query [29395]: # of matches found 16435 and it took: 79601.4ms
query [29396]: # of matches found 16320 and it took: 78924.6ms
query [29397]: # of matches found 16335 and it took: 79677ms
query [29398]: # of matches found 16198 and it took: 79222.7ms
query [29399]: # of matches found 16272 and it took: 78803.2ms
query [29400]: # of matches found 16278 and it took: 77616.8ms
query [29401]: # of matches found 16144 and it took: 76163.7ms
query [29402]: # of matches found 16069 and it took: 75837.6ms
query [29403]: # of matches found 16040 and it took: 75385.5ms
query [29404]: # of matches found 16087 and it took: 76070.5ms
query [29405]: # of matches found 15783 and it took: 75824.8ms
query [29406]: # of matches found 15908 and it took: 76285.2ms
query [29407]: # of matches found 15925 and it took: 76001.5ms
query [29408]: # of matches found 15800 and it took: 76408ms
query [29409]: # of matches found 15726 and it took: 75670.8ms
query [29410]: # of matches found 15517 and it took: 75684.6ms
query [29411]: # of matches found 15360 and it took: 74530ms
query [29412]: # of matches found 15337 and it took: 74927.2ms
query [29413]: # of matches found 15296 and it took: 74609.4ms
query [29414]: # of matches found 15103 and it took: 74439.6ms
query [29415]: # of matches found 15068 and it took: 74390.6ms
query [29416]: # of matches found 14935 and it took: 74693.7ms
query [29417]: # of matches found 15072 and it took: 74669.6ms
query [29418]: # of matches found 15490 and it took: 74862.7ms
query [29419]: # of matches found 15632 and it took: 73869.5ms
query [29420]: # of matches found 15782 and it took: 75269.4ms
query [29421]: # of matches found 15881 and it took: 74014.9ms
query [29422]: # of matches found 15987 and it took: 74613.1ms
query [29423]: # of matches found 16017 and it took: 74244.1ms
query [29424]: # of matches found 16026 and it took: 74382.5ms
query [29425]: # of matches found 15834 and it took: 73323.3ms
query [29426]: # of matches found 15862 and it took: 74215.8ms
query [29427]: # of matches found 15931 and it took: 74236.7ms
query [29428]: # of matches found 15986 and it took: 74522.7ms
query [29429]: # of matches found 16061 and it took: 74321.7ms
query [29430]: # of matches found 16118 and it took: 74889.1ms
query [29431]: # of matches found 16301 and it took: 73898.9ms
query [29432]: # of matches found 16404 and it took: 74725ms
query [29433]: # of matches found 16697 and it took: 74607ms
query [29434]: # of matches found 16801 and it took: 74606.2ms
query [29435]: # of matches found 17231 and it took: 74356.1ms
query [29436]: # of matches found 17317 and it took: 74369.1ms
query [29437]: # of matches found 17424 and it took: 74345.1ms
query [29438]: # of matches found 18506 and it took: 74640.8ms
query [29439]: # of matches found 18637 and it took: 74112.7ms
query [29440]: # of matches found 19009 and it took: 74102.9ms
query [29441]: # of matches found 19266 and it took: 73872.5ms
query [29442]: # of matches found 19284 and it took: 73976.3ms
query [29443]: # of matches found 19323 and it took: 74180.3ms
query [29444]: # of matches found 19405 and it took: 74643.4ms
query [29445]: # of matches found 19500 and it took: 74056ms
query [29446]: # of matches found 19727 and it took: 74307.3ms
query [29447]: # of matches found 19958 and it took: 74105.7ms
query [29448]: # of matches found 19953 and it took: 74346.6ms
query [29449]: # of matches found 19986 and it took: 74014.9ms
query [29450]: # of matches found 20157 and it took: 74752.2ms
query [29451]: # of matches found 20236 and it took: 73631.2ms
query [29452]: # of matches found 20199 and it took: 74385.2ms
query [29453]: # of matches found 20445 and it took: 74110.9ms
query [29454]: # of matches found 20517 and it took: 73984.9ms
query [29455]: # of matches found 20531 and it took: 73616.3ms
query [29456]: # of matches found 20532 and it took: 73630.7ms
query [29457]: # of matches found 20565 and it took: 74254.8ms
query [29458]: # of matches found 20728 and it took: 74148.9ms
query [29459]: # of matches found 20630 and it took: 73331.6ms
query [29460]: # of matches found 20629 and it took: 73916.7ms
query [29461]: # of matches found 20626 and it took: 73219.3ms
query [29462]: # of matches found 20607 and it took: 73539.5ms
query [29463]: # of matches found 20575 and it took: 73126.2ms
query [29464]: # of matches found 20526 and it took: 73336.6ms
query [29465]: # of matches found 20380 and it took: 73094.4ms
query [29466]: # of matches found 20454 and it took: 72789.9ms
query [29467]: # of matches found 20380 and it took: 73481.7ms
query [29468]: # of matches found 20361 and it took: 73453.3ms
query [29469]: # of matches found 20277 and it took: 73945.8ms
query [29470]: # of matches found 20160 and it took: 74107.2ms
query [29471]: # of matches found 20170 and it took: 73449.6ms
query [29472]: # of matches found 20399 and it took: 74261ms
query [29473]: # of matches found 20164 and it took: 74591.3ms
query [29474]: # of matches found 19922 and it took: 74531.8ms
query [29475]: # of matches found 19977 and it took: 74031.4ms
query [29476]: # of matches found 20069 and it took: 74700.3ms
query [29477]: # of matches found 20602 and it took: 76555.8ms
query [29478]: # of matches found 20242 and it took: 76584.6ms
query [29479]: # of matches found 20150 and it took: 76244.6ms
query [29480]: # of matches found 20189 and it took: 77260.1ms
query [29481]: # of matches found 20209 and it took: 76712.3ms
query [29482]: # of matches found 20312 and it took: 77452.6ms
query [29483]: # of matches found 20224 and it took: 78639ms
query [29484]: # of matches found 20279 and it took: 77569ms
query [29485]: # of matches found 20243 and it took: 77132.3ms
query [29486]: # of matches found 20209 and it took: 77351.4ms
query [29487]: # of matches found 20177 and it took: 79473.4ms
query [29488]: # of matches found 20135 and it took: 78837.6ms
query [29489]: # of matches found 20105 and it took: 78646.3ms
query [29490]: # of matches found 22316 and it took: 78758.6ms
query [29491]: # of matches found 22240 and it took: 77780.6ms
query [29492]: # of matches found 22075 and it took: 79468.4ms
query [29493]: # of matches found 22206 and it took: 79083.2ms
query [29494]: # of matches found 22244 and it took: 78713.5ms
query [29495]: # of matches found 22273 and it took: 78463.1ms
query [29496]: # of matches found 22560 and it took: 78586.2ms
query [29497]: # of matches found 22562 and it took: 79459.2ms
query [29498]: # of matches found 22546 and it took: 79236.6ms
query [29499]: # of matches found 22494 and it took: 79451ms
query [29500]: # of matches found 22453 and it took: 79742.1ms
query [29501]: # of matches found 22453 and it took: 78738.5ms
query [29502]: # of matches found 22452 and it took: 79683.7ms
query [29503]: # of matches found 22498 and it took: 80083.1ms
query [29504]: # of matches found 22511 and it took: 79540.4ms
query [29505]: # of matches found 22513 and it took: 78702ms
query [29506]: # of matches found 22608 and it took: 78813.1ms
query [29507]: # of matches found 22872 and it took: 80647.2ms
query [29508]: # of matches found 22943 and it took: 80921.9ms
query [29509]: # of matches found 22992 and it took: 80496.4ms
query [29510]: # of matches found 23078 and it took: 80787.5ms
query [29511]: # of matches found 22403 and it took: 78876.5ms
query [29512]: # of matches found 22019 and it took: 79897.4ms
query [29513]: # of matches found 22030 and it took: 80663.6ms
query [29514]: # of matches found 21970 and it took: 79607.1ms
query [29515]: # of matches found 21926 and it took: 79273.9ms
query [29516]: # of matches found 21651 and it took: 79676ms
query [29517]: # of matches found 22258 and it took: 80557.3ms
query [29518]: # of matches found 22246 and it took: 80532.3ms
query [29519]: # of matches found 22267 and it took: 80784ms
query [29520]: # of matches found 22151 and it took: 80589.6ms
query [29521]: # of matches found 26103 and it took: 80679.3ms
query [29522]: # of matches found 26512 and it took: 81322.5ms
query [29523]: # of matches found 26583 and it took: 81222.4ms
query [29524]: # of matches found 26783 and it took: 81059ms
query [29525]: # of matches found 26795 and it took: 79996.2ms
query [29526]: # of matches found 27223 and it took: 80115.2ms
query [29527]: # of matches found 27320 and it took: 81781.4ms
query [29528]: # of matches found 27804 and it took: 80980.4ms
query [29529]: # of matches found 28288 and it took: 80654ms
query [29530]: # of matches found 28651 and it took: 80612.5ms
query [29531]: # of matches found 28965 and it took: 80300.1ms
query [29532]: # of matches found 29039 and it took: 81924.1ms
query [29533]: # of matches found 29204 and it took: 81968.5ms
query [29534]: # of matches found 29011 and it took: 81812ms
query [29535]: # of matches found 28487 and it took: 80211.5ms
query [29536]: # of matches found 28544 and it took: 79559.1ms
query [29537]: # of matches found 28496 and it took: 83726.3ms
query [29538]: # of matches found 28458 and it took: 83820.3ms
query [29539]: # of matches found 28381 and it took: 80120.6ms
query [29540]: # of matches found 28354 and it took: 79882.4ms
query [29541]: # of matches found 28315 and it took: 78994.6ms
query [29542]: # of matches found 28279 and it took: 79585.7ms
query [29543]: # of matches found 28288 and it took: 79455.8ms
query [29544]: # of matches found 28222 and it took: 79912.5ms
query [29545]: # of matches found 28122 and it took: 78658.4ms
query [29546]: # of matches found 27936 and it took: 78712.2ms
query [29547]: # of matches found 27851 and it took: 79420.5ms
query [29548]: # of matches found 27904 and it took: 79470.9ms
query [29549]: # of matches found 27947 and it took: 79504.1ms
query [29550]: # of matches found 27984 and it took: 79748.6ms
query [29551]: # of matches found 27959 and it took: 79114ms
query [29552]: # of matches found 27931 and it took: 79630.6ms
query [29553]: # of matches found 27937 and it took: 80024.4ms
query [29554]: # of matches found 28302 and it took: 80014.9ms
query [29555]: # of matches found 28281 and it took: 79239.4ms
query [29556]: # of matches found 28467 and it took: 79920.2ms
query [29557]: # of matches found 28796 and it took: 80374.5ms
query [29558]: # of matches found 29008 and it took: 80121.3ms
query [29559]: # of matches found 29020 and it took: 79562.5ms
query [29560]: # of matches found 28821 and it took: 79711.3ms
query [29561]: # of matches found 28809 and it took: 78679.2ms
query [29562]: # of matches found 28791 and it took: 79198.3ms
query [29563]: # of matches found 28815 and it took: 79004.2ms
query [29564]: # of matches found 28728 and it took: 79084.4ms
query [29565]: # of matches found 28758 and it took: 78547.5ms
query [29566]: # of matches found 30409 and it took: 78398.6ms
query [29567]: # of matches found 30292 and it took: 79494.7ms
query [29568]: # of matches found 30188 and it took: 79175ms
query [29569]: # of matches found 30288 and it took: 79590.3ms
query [29570]: # of matches found 30236 and it took: 79040.4ms
query [29571]: # of matches found 31154 and it took: 78303.8ms
query [29572]: # of matches found 30974 and it took: 78879.1ms
query [29573]: # of matches found 30694 and it took: 79117.3ms
query [29574]: # of matches found 30701 and it took: 79004.6ms
query [29575]: # of matches found 30552 and it took: 77466.5ms
query [29576]: # of matches found 30364 and it took: 77477.7ms
query [29577]: # of matches found 30538 and it took: 78576ms
query [29578]: # of matches found 29532 and it took: 77576.5ms
query [29579]: # of matches found 29429 and it took: 78395.2ms
query [29580]: # of matches found 29074 and it took: 77415.5ms
query [29581]: # of matches found 28900 and it took: 77305.7ms
query [29582]: # of matches found 29136 and it took: 77199.8ms
query [29583]: # of matches found 29200 and it took: 77495.3ms
query [29584]: # of matches found 29311 and it took: 77005.6ms
query [29585]: # of matches found 29621 and it took: 75694.7ms
query [29586]: # of matches found 89485 and it took: 75833.2ms
query [29587]: # of matches found 93474 and it took: 76876.5ms
query [29588]: # of matches found 101884 and it took: 76347.6ms
query [29589]: # of matches found 101766 and it took: 75783.3ms
query [29590]: # of matches found 101488 and it took: 75164.7ms
query [29591]: # of matches found 101248 and it took: 74520.4ms
query [29592]: # of matches found 100981 and it took: 74755.1ms
query [29593]: # of matches found 100709 and it took: 74465.5ms
query [29594]: # of matches found 100565 and it took: 74390.8ms
query [29595]: # of matches found 100492 and it took: 72226.2ms
query [29596]: # of matches found 100455 and it took: 72110.7ms
query [29597]: # of matches found 100426 and it took: 72241.8ms
query [29598]: # of matches found 100220 and it took: 71889.7ms
query [29599]: # of matches found 100123 and it took: 71515.7ms
query [29600]: # of matches found 100052 and it took: 70780.7ms
query [29601]: # of matches found 100002 and it took: 69850ms
PARMIK's matches per query up to q (602) => [average: 31363, median: 27953, sum: 18881055]
