no kmerRangesFileAddressArg!
no otherToolArg!
**********************CONFIGURATIONS*****************************
PARMIK mode:                  3
readDatabaseAddress:          /p/lava/parmik/partialMatcherProject/datasets/metagenomicDB/SRR12432009/SRR12432009_reads
readFileName:                 SRR12432009_reads
queryFileAddress:             /p/lava/parmik/partialMatcherProject/datasets/queryFiles/covidQueryFiles/SarsGenome_chunks/SarsGenome_queries_17000-17999
queryFileName:                SarsGenome_queries_17000-17999
otherToolOutputFileAddress:   /u/rgq5aw/GIT/PARMIK/partialMatcherProject/tools/blast/SRR12432009/SarsGenome/blastn_ws30_results.out
outputDir:                    /p/lava/parmik/partialMatcherProject/tools/baseline_ssw/SRR12432009/SarsGenome
penaltyFileAddress:           /u/rgq5aw/GIT/PARMIK/experiments/parmik/CK_SSW_ID_PRCNTG/PenaltySets/2484_1111_2444_2288_2848
kmerRangesFileAddress:        
readsCount:                   17000000
queryCount:                   30000
kmerLength:                   11
regionSize:                   48
cheapKmerThreshold:           0
identityPercentage:           0.85
minExactMatchLen:             0
minNumExactMatchKmer:         0
isIndexOffline:               1
offlineIndexAddress:          /p/lava/parmik/partialMatcherProject/tools/parmik/CK_INDEX/SRR12432009/
max editDistance in min region: 2
**********************CONFIGURATIONS*****************************
--------------Penalties--------------
m: 2, s: 4, go: 8, ge: 4
m: 1, s: 1, go: 1, ge: 1
m: 2, s: 4, go: 4, ge: 4
m: 2, s: 2, go: 8, ge: 8
m: 2, s: 8, go: 4, ge: 8
------------------------------------
numberOfReadsWithN : 0
queryCount : 1000
numberOfReadsWithN : 0
readCount : 16344647
offlineCheapIndexAddress: /p/lava/parmik/partialMatcherProject/tools/parmik/CK_INDEX/SRR12432009/ck_T0_K11_r17000000
pmrkAlignmentsAddress: /p/lava/parmik/partialMatcherProject/tools/baseline_ssw/SRR12432009/SarsGenome/aln/pmAln_R48_PI85_L0_M0_E2_K11_T0_P_2484_1111_2444_2288_2848.txt
Starting alignment for all queries [fwd]...
queryBaseIndex: 17000
query [17000]: # of matches found 24514 and it took: 112736ms
query [17001]: # of matches found 24475 and it took: 113226ms
query [17002]: # of matches found 24454 and it took: 112272ms
query [17003]: # of matches found 24425 and it took: 112744ms
query [17004]: # of matches found 24171 and it took: 113181ms
query [17005]: # of matches found 24213 and it took: 112023ms
query [17006]: # of matches found 24129 and it took: 111938ms
query [17007]: # of matches found 24115 and it took: 113472ms
query [17008]: # of matches found 24336 and it took: 114278ms
query [17009]: # of matches found 24499 and it took: 113124ms
query [17010]: # of matches found 24293 and it took: 112573ms
query [17011]: # of matches found 23881 and it took: 112328ms
query [17012]: # of matches found 23756 and it took: 112163ms
query [17013]: # of matches found 23710 and it took: 112400ms
query [17014]: # of matches found 23728 and it took: 112603ms
query [17015]: # of matches found 23589 and it took: 111723ms
query [17016]: # of matches found 23458 and it took: 110584ms
query [17017]: # of matches found 22981 and it took: 112451ms
query [17018]: # of matches found 22737 and it took: 112790ms
query [17019]: # of matches found 22705 and it took: 111271ms
query [17020]: # of matches found 22738 and it took: 111739ms
query [17021]: # of matches found 22689 and it took: 111582ms
query [17022]: # of matches found 22746 and it took: 109902ms
query [17023]: # of matches found 22696 and it took: 110010ms
query [17024]: # of matches found 22692 and it took: 110273ms
query [17025]: # of matches found 22794 and it took: 109794ms
query [17026]: # of matches found 22844 and it took: 108852ms
query [17027]: # of matches found 23082 and it took: 110793ms
query [17028]: # of matches found 23248 and it took: 111384ms
query [17029]: # of matches found 23482 and it took: 111299ms
query [17030]: # of matches found 23935 and it took: 111927ms
query [17031]: # of matches found 24322 and it took: 111810ms
query [17032]: # of matches found 27013 and it took: 111575ms
query [17033]: # of matches found 27522 and it took: 112159ms
query [17034]: # of matches found 28265 and it took: 113185ms
query [17035]: # of matches found 28069 and it took: 112918ms
query [17036]: # of matches found 27946 and it took: 112623ms
query [17037]: # of matches found 27674 and it took: 114343ms
query [17038]: # of matches found 27428 and it took: 114770ms
query [17039]: # of matches found 27401 and it took: 114498ms
query [17040]: # of matches found 27402 and it took: 114476ms
query [17041]: # of matches found 27459 and it took: 112985ms
query [17042]: # of matches found 27443 and it took: 111775ms
query [17043]: # of matches found 27364 and it took: 112514ms
query [17044]: # of matches found 27546 and it took: 113116ms
query [17045]: # of matches found 27574 and it took: 112373ms
query [17046]: # of matches found 27750 and it took: 112212ms
query [17047]: # of matches found 27748 and it took: 113182ms
query [17048]: # of matches found 29255 and it took: 112277ms
query [17049]: # of matches found 29071 and it took: 112553ms
query [17050]: # of matches found 29331 and it took: 112558ms
query [17051]: # of matches found 30052 and it took: 112668ms
query [17052]: # of matches found 30389 and it took: 112525ms
query [17053]: # of matches found 30555 and it took: 112712ms
query [17054]: # of matches found 30774 and it took: 112868ms
query [17055]: # of matches found 31001 and it took: 111969ms
query [17056]: # of matches found 31270 and it took: 111485ms
query [17057]: # of matches found 31784 and it took: 112995ms
query [17058]: # of matches found 31913 and it took: 112057ms
query [17059]: # of matches found 32046 and it took: 111694ms
query [17060]: # of matches found 32091 and it took: 112512ms
query [17061]: # of matches found 32160 and it took: 112155ms
query [17062]: # of matches found 32316 and it took: 111834ms
query [17063]: # of matches found 32092 and it took: 112014ms
query [17064]: # of matches found 32938 and it took: 112034ms
query [17065]: # of matches found 32851 and it took: 110853ms
query [17066]: # of matches found 32905 and it took: 110045ms
query [17067]: # of matches found 33499 and it took: 111281ms
query [17068]: # of matches found 33702 and it took: 110966ms
query [17069]: # of matches found 33187 and it took: 111450ms
query [17070]: # of matches found 33312 and it took: 111731ms
query [17071]: # of matches found 33380 and it took: 110807ms
query [17072]: # of matches found 33420 and it took: 110999ms
query [17073]: # of matches found 33448 and it took: 111194ms
query [17074]: # of matches found 33466 and it took: 111726ms
query [17075]: # of matches found 33476 and it took: 110098ms
query [17076]: # of matches found 33435 and it took: 110359ms
query [17077]: # of matches found 33420 and it took: 111153ms
query [17078]: # of matches found 33150 and it took: 110517ms
query [17079]: # of matches found 33150 and it took: 110624ms
query [17080]: # of matches found 33169 and it took: 111311ms
query [17081]: # of matches found 33176 and it took: 112047ms
query [17082]: # of matches found 33233 and it took: 109201ms
query [17083]: # of matches found 33302 and it took: 108964ms
query [17084]: # of matches found 33309 and it took: 108757ms
query [17085]: # of matches found 33330 and it took: 107864ms
query [17086]: # of matches found 33331 and it took: 108473ms
query [17087]: # of matches found 33235 and it took: 108327ms
query [17088]: # of matches found 33354 and it took: 107880ms
query [17089]: # of matches found 33386 and it took: 108096ms
query [17090]: # of matches found 33465 and it took: 107815ms
query [17091]: # of matches found 33679 and it took: 106923ms
query [17092]: # of matches found 33811 and it took: 106647ms
query [17093]: # of matches found 33866 and it took: 106896ms
query [17094]: # of matches found 34282 and it took: 107464ms
query [17095]: # of matches found 34295 and it took: 105991ms
query [17096]: # of matches found 34165 and it took: 107182ms
query [17097]: # of matches found 34143 and it took: 107930ms
query [17098]: # of matches found 34059 and it took: 104970ms
query [17099]: # of matches found 29927 and it took: 105679ms
query [17100]: # of matches found 29848 and it took: 106023ms
query [17101]: # of matches found 29781 and it took: 105124ms
query [17102]: # of matches found 31534 and it took: 105664ms
query [17103]: # of matches found 31507 and it took: 107265ms
query [17104]: # of matches found 31398 and it took: 109094ms
query [17105]: # of matches found 31371 and it took: 104344ms
query [17106]: # of matches found 31263 and it took: 108366ms
query [17107]: # of matches found 31265 and it took: 108398ms
query [17108]: # of matches found 31245 and it took: 108020ms
query [17109]: # of matches found 31351 and it took: 109506ms
query [17110]: # of matches found 31524 and it took: 109586ms
query [17111]: # of matches found 31651 and it took: 109905ms
query [17112]: # of matches found 31969 and it took: 110603ms
query [17113]: # of matches found 32155 and it took: 109869ms
query [17114]: # of matches found 32211 and it took: 109858ms
query [17115]: # of matches found 32267 and it took: 104652ms
query [17116]: # of matches found 32353 and it took: 109958ms
query [17117]: # of matches found 32377 and it took: 104325ms
query [17118]: # of matches found 32560 and it took: 103818ms
query [17119]: # of matches found 32594 and it took: 104680ms
query [17120]: # of matches found 32661 and it took: 105100ms
query [17121]: # of matches found 32663 and it took: 104272ms
query [17122]: # of matches found 32747 and it took: 104606ms
query [17123]: # of matches found 32857 and it took: 104691ms
query [17124]: # of matches found 32885 and it took: 105187ms
query [17125]: # of matches found 32724 and it took: 105020ms
query [17126]: # of matches found 32704 and it took: 104753ms
query [17127]: # of matches found 32601 and it took: 106241ms
query [17128]: # of matches found 32510 and it took: 105503ms
query [17129]: # of matches found 31781 and it took: 105580ms
query [17130]: # of matches found 30695 and it took: 106039ms
query [17131]: # of matches found 30357 and it took: 105778ms
query [17132]: # of matches found 30122 and it took: 105156ms
query [17133]: # of matches found 30059 and it took: 105189ms
query [17134]: # of matches found 29989 and it took: 106456ms
query [17135]: # of matches found 30047 and it took: 105140ms
query [17136]: # of matches found 30074 and it took: 105372ms
query [17137]: # of matches found 30040 and it took: 105516ms
query [17138]: # of matches found 29991 and it took: 105465ms
query [17139]: # of matches found 31019 and it took: 105770ms
query [17140]: # of matches found 31587 and it took: 105462ms
query [17141]: # of matches found 31974 and it took: 105451ms
query [17142]: # of matches found 32126 and it took: 106022ms
query [17143]: # of matches found 33338 and it took: 104896ms
query [17144]: # of matches found 33767 and it took: 105267ms
query [17145]: # of matches found 33885 and it took: 104964ms
query [17146]: # of matches found 33883 and it took: 104345ms
query [17147]: # of matches found 33866 and it took: 105194ms
query [17148]: # of matches found 34259 and it took: 104653ms
query [17149]: # of matches found 33976 and it took: 104323ms
query [17150]: # of matches found 34072 and it took: 104086ms
query [17151]: # of matches found 34059 and it took: 104835ms
query [17152]: # of matches found 34070 and it took: 104398ms
query [17153]: # of matches found 33942 and it took: 104310ms
query [17154]: # of matches found 33858 and it took: 105014ms
query [17155]: # of matches found 33923 and it took: 105921ms
query [17156]: # of matches found 33898 and it took: 106077ms
query [17157]: # of matches found 33933 and it took: 105662ms
query [17158]: # of matches found 33934 and it took: 104902ms
query [17159]: # of matches found 33886 and it took: 105271ms
query [17160]: # of matches found 33827 and it took: 104947ms
query [17161]: # of matches found 33823 and it took: 104824ms
query [17162]: # of matches found 33792 and it took: 104587ms
query [17163]: # of matches found 33800 and it took: 104288ms
query [17164]: # of matches found 33796 and it took: 105009ms
query [17165]: # of matches found 33703 and it took: 104714ms
query [17166]: # of matches found 33755 and it took: 104664ms
query [17167]: # of matches found 33626 and it took: 104823ms
query [17168]: # of matches found 33450 and it took: 104500ms
query [17169]: # of matches found 33268 and it took: 104670ms
query [17170]: # of matches found 33206 and it took: 104958ms
query [17171]: # of matches found 32984 and it took: 105094ms
query [17172]: # of matches found 30955 and it took: 105620ms
query [17173]: # of matches found 30125 and it took: 105149ms
query [17174]: # of matches found 28623 and it took: 104463ms
query [17175]: # of matches found 28336 and it took: 104848ms
query [17176]: # of matches found 28492 and it took: 105381ms
query [17177]: # of matches found 28479 and it took: 105229ms
query [17178]: # of matches found 28480 and it took: 105089ms
query [17179]: # of matches found 28482 and it took: 105448ms
query [17180]: # of matches found 28528 and it took: 106421ms
query [17181]: # of matches found 28597 and it took: 106843ms
query [17182]: # of matches found 28619 and it took: 106176ms
query [17183]: # of matches found 28676 and it took: 106847ms
query [17184]: # of matches found 28534 and it took: 106103ms
query [17185]: # of matches found 28420 and it took: 106002ms
query [17186]: # of matches found 28294 and it took: 106244ms
query [17187]: # of matches found 28248 and it took: 106943ms
query [17188]: # of matches found 27814 and it took: 107549ms
query [17189]: # of matches found 27718 and it took: 108007ms
query [17190]: # of matches found 27483 and it took: 108273ms
query [17191]: # of matches found 26599 and it took: 108746ms
query [17192]: # of matches found 26281 and it took: 107924ms
query [17193]: # of matches found 26021 and it took: 108545ms
query [17194]: # of matches found 25941 and it took: 108681ms
query [17195]: # of matches found 25592 and it took: 108674ms
query [17196]: # of matches found 25638 and it took: 108192ms
query [17197]: # of matches found 25133 and it took: 109070ms
query [17198]: # of matches found 24972 and it took: 109027ms
query [17199]: # of matches found 24774 and it took: 108515ms
query [17200]: # of matches found 24798 and it took: 108898ms
query [17201]: # of matches found 24834 and it took: 108949ms
query [17202]: # of matches found 24810 and it took: 108112ms
query [17203]: # of matches found 24843 and it took: 108482ms
query [17204]: # of matches found 24790 and it took: 108014ms
query [17205]: # of matches found 24058 and it took: 107665ms
query [17206]: # of matches found 23949 and it took: 107554ms
query [17207]: # of matches found 23360 and it took: 108350ms
query [17208]: # of matches found 23185 and it took: 109191ms
query [17209]: # of matches found 23000 and it took: 109206ms
query [17210]: # of matches found 22875 and it took: 109310ms
query [17211]: # of matches found 22961 and it took: 109465ms
query [17212]: # of matches found 23180 and it took: 108382ms
query [17213]: # of matches found 23243 and it took: 108665ms
query [17214]: # of matches found 23264 and it took: 109220ms
query [17215]: # of matches found 23295 and it took: 109038ms
query [17216]: # of matches found 23306 and it took: 108550ms
query [17217]: # of matches found 23346 and it took: 109195ms
query [17218]: # of matches found 23355 and it took: 109830ms
query [17219]: # of matches found 23459 and it took: 108987ms
query [17220]: # of matches found 23547 and it took: 109460ms
query [17221]: # of matches found 23575 and it took: 109515ms
query [17222]: # of matches found 23536 and it took: 109212ms
query [17223]: # of matches found 23830 and it took: 110993ms
query [17224]: # of matches found 24034 and it took: 111866ms
query [17225]: # of matches found 24121 and it took: 111286ms
query [17226]: # of matches found 24130 and it took: 111953ms
query [17227]: # of matches found 24186 and it took: 112213ms
query [17228]: # of matches found 24702 and it took: 112684ms
query [17229]: # of matches found 24729 and it took: 112850ms
query [17230]: # of matches found 24628 and it took: 112761ms
query [17231]: # of matches found 24547 and it took: 112144ms
query [17232]: # of matches found 25356 and it took: 111790ms
query [17233]: # of matches found 25239 and it took: 112597ms
query [17234]: # of matches found 24786 and it took: 113757ms
query [17235]: # of matches found 24619 and it took: 112389ms
query [17236]: # of matches found 24815 and it took: 112676ms
query [17237]: # of matches found 24852 and it took: 114076ms
query [17238]: # of matches found 24843 and it took: 114397ms
query [17239]: # of matches found 24930 and it took: 114359ms
query [17240]: # of matches found 25021 and it took: 114998ms
query [17241]: # of matches found 25899 and it took: 113571ms
query [17242]: # of matches found 32360 and it took: 112420ms
query [17243]: # of matches found 33778 and it took: 114348ms
query [17244]: # of matches found 33855 and it took: 114792ms
query [17245]: # of matches found 59895 and it took: 113706ms
query [17246]: # of matches found 61091 and it took: 113823ms
query [17247]: # of matches found 61051 and it took: 114121ms
query [17248]: # of matches found 60974 and it took: 112573ms
query [17249]: # of matches found 60909 and it took: 113240ms
query [17250]: # of matches found 60780 and it took: 112444ms
query [17251]: # of matches found 61215 and it took: 111735ms
query [17252]: # of matches found 61014 and it took: 111312ms
query [17253]: # of matches found 61149 and it took: 112203ms
query [17254]: # of matches found 61250 and it took: 112931ms
query [17255]: # of matches found 61229 and it took: 111471ms
query [17256]: # of matches found 61080 and it took: 111423ms
query [17257]: # of matches found 60979 and it took: 111798ms
query [17258]: # of matches found 60837 and it took: 111850ms
query [17259]: # of matches found 60622 and it took: 111373ms
query [17260]: # of matches found 60546 and it took: 112115ms
query [17261]: # of matches found 60529 and it took: 110902ms
query [17262]: # of matches found 60361 and it took: 110658ms
query [17263]: # of matches found 60346 and it took: 111219ms
query [17264]: # of matches found 60335 and it took: 111503ms
query [17265]: # of matches found 60299 and it took: 110936ms
query [17266]: # of matches found 60269 and it took: 110859ms
query [17267]: # of matches found 60035 and it took: 111112ms
query [17268]: # of matches found 59759 and it took: 111234ms
query [17269]: # of matches found 59905 and it took: 111183ms
query [17270]: # of matches found 60122 and it took: 112638ms
query [17271]: # of matches found 60113 and it took: 111165ms
query [17272]: # of matches found 60081 and it took: 110658ms
query [17273]: # of matches found 60079 and it took: 111878ms
query [17274]: # of matches found 60078 and it took: 112213ms
query [17275]: # of matches found 60107 and it took: 111280ms
query [17276]: # of matches found 60292 and it took: 111582ms
query [17277]: # of matches found 60329 and it took: 112395ms
query [17278]: # of matches found 60398 and it took: 111889ms
query [17279]: # of matches found 59779 and it took: 112268ms
query [17280]: # of matches found 59358 and it took: 111578ms
query [17281]: # of matches found 59256 and it took: 111394ms
query [17282]: # of matches found 59263 and it took: 110684ms
query [17283]: # of matches found 58282 and it took: 112282ms
query [17284]: # of matches found 59958 and it took: 112924ms
query [17285]: # of matches found 60184 and it took: 112667ms
query [17286]: # of matches found 60577 and it took: 112965ms
query [17287]: # of matches found 60702 and it took: 112172ms
query [17288]: # of matches found 59284 and it took: 111824ms
query [17289]: # of matches found 59391 and it took: 112221ms
query [17290]: # of matches found 59291 and it took: 112848ms
query [17291]: # of matches found 59309 and it took: 111588ms
query [17292]: # of matches found 59318 and it took: 110914ms
query [17293]: # of matches found 59345 and it took: 111900ms
query [17294]: # of matches found 59384 and it took: 112396ms
query [17295]: # of matches found 59391 and it took: 112075ms
query [17296]: # of matches found 59474 and it took: 112165ms
query [17297]: # of matches found 59467 and it took: 113361ms
query [17298]: # of matches found 59394 and it took: 112399ms
query [17299]: # of matches found 59416 and it took: 112986ms
query [17300]: # of matches found 59444 and it took: 113014ms
query [17301]: # of matches found 59472 and it took: 112574ms
query [17302]: # of matches found 59465 and it took: 111430ms
query [17303]: # of matches found 59781 and it took: 113404ms
query [17304]: # of matches found 59860 and it took: 113747ms
query [17305]: # of matches found 59972 and it took: 113205ms
query [17306]: # of matches found 59957 and it took: 113069ms
query [17307]: # of matches found 60228 and it took: 115835ms
query [17308]: # of matches found 60193 and it took: 114241ms
query [17309]: # of matches found 60321 and it took: 114029ms
query [17310]: # of matches found 60365 and it took: 113279ms
query [17311]: # of matches found 60818 and it took: 111001ms
query [17312]: # of matches found 61057 and it took: 108885ms
query [17313]: # of matches found 61146 and it took: 110346ms
query [17314]: # of matches found 61496 and it took: 110141ms
query [17315]: # of matches found 61581 and it took: 111100ms
query [17316]: # of matches found 61507 and it took: 110484ms
query [17317]: # of matches found 61439 and it took: 110737ms
query [17318]: # of matches found 61372 and it took: 111186ms
query [17319]: # of matches found 61377 and it took: 110358ms
query [17320]: # of matches found 61634 and it took: 110538ms
query [17321]: # of matches found 61525 and it took: 110361ms
query [17322]: # of matches found 61949 and it took: 108291ms
query [17323]: # of matches found 61949 and it took: 109744ms
query [17324]: # of matches found 61934 and it took: 110532ms
query [17325]: # of matches found 61988 and it took: 107872ms
query [17326]: # of matches found 61962 and it took: 108119ms
query [17327]: # of matches found 62034 and it took: 108392ms
query [17328]: # of matches found 62053 and it took: 107557ms
query [17329]: # of matches found 62366 and it took: 106499ms
query [17330]: # of matches found 62413 and it took: 105860ms
query [17331]: # of matches found 62476 and it took: 105305ms
query [17332]: # of matches found 62626 and it took: 105636ms
query [17333]: # of matches found 64680 and it took: 106014ms
query [17334]: # of matches found 64831 and it took: 107712ms
query [17335]: # of matches found 64877 and it took: 108820ms
query [17336]: # of matches found 64714 and it took: 108289ms
query [17337]: # of matches found 64730 and it took: 108806ms
query [17338]: # of matches found 64759 and it took: 106143ms
query [17339]: # of matches found 64870 and it took: 109231ms
query [17340]: # of matches found 64962 and it took: 108536ms
query [17341]: # of matches found 65413 and it took: 108208ms
query [17342]: # of matches found 65368 and it took: 107750ms
query [17343]: # of matches found 65365 and it took: 108797ms
query [17344]: # of matches found 65400 and it took: 108882ms
query [17345]: # of matches found 65446 and it took: 107811ms
query [17346]: # of matches found 66017 and it took: 109576ms
query [17347]: # of matches found 66637 and it took: 110105ms
query [17348]: # of matches found 66864 and it took: 106006ms
query [17349]: # of matches found 66970 and it took: 109293ms
query [17350]: # of matches found 67264 and it took: 109698ms
query [17351]: # of matches found 67282 and it took: 109890ms
query [17352]: # of matches found 67054 and it took: 107216ms
query [17353]: # of matches found 67013 and it took: 109942ms
query [17354]: # of matches found 67048 and it took: 110918ms
query [17355]: # of matches found 67293 and it took: 109147ms
query [17356]: # of matches found 67300 and it took: 110287ms
query [17357]: # of matches found 67455 and it took: 110752ms
query [17358]: # of matches found 67582 and it took: 107085ms
query [17359]: # of matches found 67617 and it took: 110400ms
query [17360]: # of matches found 67693 and it took: 110474ms
query [17361]: # of matches found 67807 and it took: 109246ms
query [17362]: # of matches found 67863 and it took: 108461ms
query [17363]: # of matches found 67851 and it took: 110157ms
query [17364]: # of matches found 67872 and it took: 110929ms
query [17365]: # of matches found 67884 and it took: 110307ms
query [17366]: # of matches found 67768 and it took: 111176ms
query [17367]: # of matches found 67831 and it took: 112283ms
query [17368]: # of matches found 67499 and it took: 108328ms
query [17369]: # of matches found 67056 and it took: 112300ms
query [17370]: # of matches found 67180 and it took: 116997ms
query [17371]: # of matches found 67216 and it took: 111002ms
query [17372]: # of matches found 66296 and it took: 108518ms
query [17373]: # of matches found 66570 and it took: 111822ms
query [17374]: # of matches found 66595 and it took: 115344ms
query [17375]: # of matches found 66623 and it took: 110262ms
query [17376]: # of matches found 66317 and it took: 112062ms
query [17377]: # of matches found 66480 and it took: 113507ms
query [17378]: # of matches found 66544 and it took: 109252ms
query [17379]: # of matches found 66544 and it took: 112938ms
query [17380]: # of matches found 66473 and it took: 113145ms
query [17381]: # of matches found 65729 and it took: 111402ms
query [17382]: # of matches found 58217 and it took: 109974ms
query [17383]: # of matches found 55952 and it took: 112027ms
query [17384]: # of matches found 55729 and it took: 113730ms
query [17385]: # of matches found 30136 and it took: 110711ms
query [17386]: # of matches found 28236 and it took: 113252ms
query [17387]: # of matches found 28199 and it took: 115603ms
query [17388]: # of matches found 28216 and it took: 109301ms
query [17389]: # of matches found 28241 and it took: 115126ms
query [17390]: # of matches found 28219 and it took: 116087ms
query [17391]: # of matches found 27808 and it took: 113785ms
query [17392]: # of matches found 27726 and it took: 110216ms
query [17393]: # of matches found 27548 and it took: 114935ms
query [17394]: # of matches found 27360 and it took: 114972ms
query [17395]: # of matches found 27313 and it took: 110431ms
query [17396]: # of matches found 27376 and it took: 114960ms
query [17397]: # of matches found 27419 and it took: 115710ms
query [17398]: # of matches found 27417 and it took: 108808ms
query [17399]: # of matches found 27546 and it took: 115414ms
query [17400]: # of matches found 27532 and it took: 115601ms
query [17401]: # of matches found 27440 and it took: 113413ms
query [17402]: # of matches found 27481 and it took: 108589ms
query [17403]: # of matches found 27356 and it took: 113261ms
query [17404]: # of matches found 27376 and it took: 118202ms
query [17405]: # of matches found 27374 and it took: 109671ms
query [17406]: # of matches found 27191 and it took: 115177ms
query [17407]: # of matches found 27218 and it took: 116573ms
query [17408]: # of matches found 27340 and it took: 108644ms
query [17409]: # of matches found 27404 and it took: 114915ms
query [17410]: # of matches found 27284 and it took: 113936ms
query [17411]: # of matches found 27347 and it took: 113758ms
query [17412]: # of matches found 27421 and it took: 108019ms
query [17413]: # of matches found 27437 and it took: 113665ms
query [17414]: # of matches found 27423 and it took: 116535ms
query [17415]: # of matches found 27358 and it took: 108215ms
query [17416]: # of matches found 27127 and it took: 115396ms
query [17417]: # of matches found 27142 and it took: 115348ms
query [17418]: # of matches found 27137 and it took: 107905ms
query [17419]: # of matches found 26828 and it took: 114268ms
query [17420]: # of matches found 26760 and it took: 113351ms
query [17421]: # of matches found 26598 and it took: 112072ms
query [17422]: # of matches found 26426 and it took: 109500ms
query [17423]: # of matches found 26286 and it took: 112889ms
query [17424]: # of matches found 24307 and it took: 115420ms
query [17425]: # of matches found 23782 and it took: 109212ms
query [17426]: # of matches found 23088 and it took: 112762ms
query [17427]: # of matches found 22885 and it took: 113298ms
query [17428]: # of matches found 22818 and it took: 108044ms
query [17429]: # of matches found 22775 and it took: 112943ms
query [17430]: # of matches found 22699 and it took: 111661ms
query [17431]: # of matches found 22697 and it took: 111737ms
query [17432]: # of matches found 22776 and it took: 110881ms
query [17433]: # of matches found 23266 and it took: 111981ms
query [17434]: # of matches found 23330 and it took: 110616ms
query [17435]: # of matches found 23440 and it took: 108507ms
query [17436]: # of matches found 23450 and it took: 111280ms
query [17437]: # of matches found 23712 and it took: 109880ms
query [17438]: # of matches found 24160 and it took: 107330ms
query [17439]: # of matches found 24346 and it took: 111949ms
query [17440]: # of matches found 24708 and it took: 111328ms
query [17441]: # of matches found 24879 and it took: 110532ms
query [17442]: # of matches found 25020 and it took: 108569ms
query [17443]: # of matches found 24868 and it took: 107816ms
query [17444]: # of matches found 24844 and it took: 107584ms
query [17445]: # of matches found 24883 and it took: 107235ms
query [17446]: # of matches found 24833 and it took: 108156ms
query [17447]: # of matches found 24506 and it took: 107506ms
query [17448]: # of matches found 24605 and it took: 106709ms
query [17449]: # of matches found 24500 and it took: 107770ms
query [17450]: # of matches found 24214 and it took: 106955ms
query [17451]: # of matches found 23848 and it took: 107217ms
query [17452]: # of matches found 23393 and it took: 107428ms
query [17453]: # of matches found 23460 and it took: 107146ms
query [17454]: # of matches found 23192 and it took: 106760ms
query [17455]: # of matches found 23192 and it took: 106611ms
query [17456]: # of matches found 23144 and it took: 107396ms
query [17457]: # of matches found 23367 and it took: 106467ms
query [17458]: # of matches found 23458 and it took: 105535ms
query [17459]: # of matches found 23532 and it took: 106956ms
query [17460]: # of matches found 23483 and it took: 105662ms
query [17461]: # of matches found 23470 and it took: 106257ms
query [17462]: # of matches found 23140 and it took: 106103ms
query [17463]: # of matches found 23122 and it took: 104764ms
query [17464]: # of matches found 23119 and it took: 105308ms
query [17465]: # of matches found 23153 and it took: 106244ms
query [17466]: # of matches found 23131 and it took: 105951ms
query [17467]: # of matches found 23150 and it took: 105571ms
query [17468]: # of matches found 23225 and it took: 104849ms
query [17469]: # of matches found 22997 and it took: 106321ms
query [17470]: # of matches found 22996 and it took: 104975ms
query [17471]: # of matches found 23119 and it took: 105184ms
query [17472]: # of matches found 23157 and it took: 104735ms
query [17473]: # of matches found 23178 and it took: 104608ms
query [17474]: # of matches found 23225 and it took: 104740ms
query [17475]: # of matches found 21278 and it took: 105746ms
query [17476]: # of matches found 21338 and it took: 105822ms
query [17477]: # of matches found 21504 and it took: 105166ms
query [17478]: # of matches found 21555 and it took: 105145ms
query [17479]: # of matches found 21538 and it took: 105015ms
query [17480]: # of matches found 21489 and it took: 104384ms
query [17481]: # of matches found 20925 and it took: 105132ms
query [17482]: # of matches found 20891 and it took: 105327ms
query [17483]: # of matches found 20890 and it took: 104620ms
query [17484]: # of matches found 20763 and it took: 104932ms
query [17485]: # of matches found 20565 and it took: 105876ms
query [17486]: # of matches found 20392 and it took: 105640ms
query [17487]: # of matches found 19812 and it took: 104805ms
query [17488]: # of matches found 19661 and it took: 105285ms
query [17489]: # of matches found 19459 and it took: 106322ms
query [17490]: # of matches found 19123 and it took: 105236ms
query [17491]: # of matches found 19090 and it took: 106523ms
query [17492]: # of matches found 19099 and it took: 106644ms
query [17493]: # of matches found 19057 and it took: 105321ms
query [17494]: # of matches found 19056 and it took: 106364ms
query [17495]: # of matches found 18798 and it took: 106608ms
query [17496]: # of matches found 18761 and it took: 106562ms
query [17497]: # of matches found 18602 and it took: 106288ms
query [17498]: # of matches found 18396 and it took: 106855ms
query [17499]: # of matches found 18299 and it took: 107770ms
query [17500]: # of matches found 18151 and it took: 105777ms
query [17501]: # of matches found 17972 and it took: 107485ms
query [17502]: # of matches found 17928 and it took: 108257ms
query [17503]: # of matches found 17726 and it took: 106314ms
query [17504]: # of matches found 17555 and it took: 107728ms
query [17505]: # of matches found 17295 and it took: 108135ms
query [17506]: # of matches found 17361 and it took: 108100ms
query [17507]: # of matches found 17177 and it took: 107491ms
query [17508]: # of matches found 17158 and it took: 107476ms
query [17509]: # of matches found 17201 and it took: 107973ms
query [17510]: # of matches found 17066 and it took: 105193ms
query [17511]: # of matches found 16950 and it took: 106366ms
query [17512]: # of matches found 16972 and it took: 106614ms
query [17513]: # of matches found 16931 and it took: 105601ms
query [17514]: # of matches found 17020 and it took: 105658ms
query [17515]: # of matches found 17258 and it took: 105740ms
query [17516]: # of matches found 17431 and it took: 106174ms
query [17517]: # of matches found 18803 and it took: 105460ms
query [17518]: # of matches found 18793 and it took: 106157ms
query [17519]: # of matches found 18721 and it took: 105494ms
query [17520]: # of matches found 18825 and it took: 104354ms
query [17521]: # of matches found 19105 and it took: 105166ms
query [17522]: # of matches found 19109 and it took: 105502ms
query [17523]: # of matches found 18950 and it took: 104633ms
query [17524]: # of matches found 18962 and it took: 105315ms
query [17525]: # of matches found 18813 and it took: 104725ms
query [17526]: # of matches found 18802 and it took: 105199ms
query [17527]: # of matches found 18807 and it took: 105741ms
query [17528]: # of matches found 18829 and it took: 106368ms
query [17529]: # of matches found 18803 and it took: 106588ms
query [17530]: # of matches found 18912 and it took: 105149ms
query [17531]: # of matches found 18966 and it took: 106953ms
query [17532]: # of matches found 18877 and it took: 107698ms
query [17533]: # of matches found 18708 and it took: 107460ms
query [17534]: # of matches found 18715 and it took: 107303ms
query [17535]: # of matches found 19028 and it took: 107015ms
query [17536]: # of matches found 19070 and it took: 106362ms
query [17537]: # of matches found 21309 and it took: 107301ms
query [17538]: # of matches found 21386 and it took: 107891ms
query [17539]: # of matches found 21353 and it took: 108194ms
query [17540]: # of matches found 21490 and it took: 106901ms
query [17541]: # of matches found 21634 and it took: 107890ms
query [17542]: # of matches found 21684 and it took: 108019ms
query [17543]: # of matches found 21751 and it took: 107545ms
query [17544]: # of matches found 21825 and it took: 107361ms
query [17545]: # of matches found 21799 and it took: 108210ms
query [17546]: # of matches found 22051 and it took: 107507ms
query [17547]: # of matches found 23046 and it took: 107930ms
query [17548]: # of matches found 23144 and it took: 107947ms
query [17549]: # of matches found 23324 and it took: 107851ms
query [17550]: # of matches found 23284 and it took: 108287ms
query [17551]: # of matches found 23475 and it took: 107496ms
query [17552]: # of matches found 23578 and it took: 108353ms
query [17553]: # of matches found 23709 and it took: 107727ms
query [17554]: # of matches found 23819 and it took: 107075ms
query [17555]: # of matches found 23901 and it took: 107419ms
query [17556]: # of matches found 24057 and it took: 107528ms
query [17557]: # of matches found 24052 and it took: 107807ms
query [17558]: # of matches found 23931 and it took: 107728ms
query [17559]: # of matches found 24133 and it took: 107785ms
query [17560]: # of matches found 24060 and it took: 106906ms
query [17561]: # of matches found 24108 and it took: 106960ms
query [17562]: # of matches found 24072 and it took: 107251ms
query [17563]: # of matches found 24085 and it took: 107091ms
query [17564]: # of matches found 24090 and it took: 105650ms
query [17565]: # of matches found 24118 and it took: 105341ms
query [17566]: # of matches found 24104 and it took: 105180ms
query [17567]: # of matches found 24135 and it took: 105652ms
query [17568]: # of matches found 24093 and it took: 105708ms
query [17569]: # of matches found 24037 and it took: 106081ms
query [17570]: # of matches found 24069 and it took: 105027ms
query [17571]: # of matches found 24190 and it took: 105533ms
query [17572]: # of matches found 24277 and it took: 105502ms
query [17573]: # of matches found 23908 and it took: 105591ms
query [17574]: # of matches found 24071 and it took: 105536ms
query [17575]: # of matches found 24000 and it took: 105309ms
query [17576]: # of matches found 23984 and it took: 105052ms
query [17577]: # of matches found 23790 and it took: 105475ms
query [17578]: # of matches found 23573 and it took: 105889ms
query [17579]: # of matches found 23119 and it took: 106479ms
query [17580]: # of matches found 22782 and it took: 105424ms
query [17581]: # of matches found 25470 and it took: 105684ms
query [17582]: # of matches found 25344 and it took: 106475ms
query [17583]: # of matches found 25250 and it took: 106468ms
query [17584]: # of matches found 25314 and it took: 105823ms
query [17585]: # of matches found 25247 and it took: 106536ms
query [17586]: # of matches found 25250 and it took: 105967ms
query [17587]: # of matches found 25368 and it took: 106893ms
query [17588]: # of matches found 25275 and it took: 107245ms
query [17589]: # of matches found 25354 and it took: 107512ms
query [17590]: # of matches found 25496 and it took: 106362ms
query [17591]: # of matches found 25615 and it took: 107036ms
query [17592]: # of matches found 25716 and it took: 106798ms
query [17593]: # of matches found 25723 and it took: 107239ms
query [17594]: # of matches found 25920 and it took: 106849ms
query [17595]: # of matches found 25767 and it took: 106348ms
query [17596]: # of matches found 25755 and it took: 106642ms
query [17597]: # of matches found 25565 and it took: 107089ms
query [17598]: # of matches found 25555 and it took: 107393ms
query [17599]: # of matches found 25516 and it took: 107311ms
query [17600]: # of matches found 25551 and it took: 106561ms
query [17601]: # of matches found 25465 and it took: 106488ms
query [17602]: # of matches found 25300 and it took: 106631ms
query [17603]: # of matches found 25216 and it took: 106881ms
query [17604]: # of matches found 25120 and it took: 106604ms
query [17605]: # of matches found 25094 and it took: 106120ms
query [17606]: # of matches found 25044 and it took: 105737ms
query [17607]: # of matches found 25084 and it took: 106080ms
query [17608]: # of matches found 24991 and it took: 106761ms
query [17609]: # of matches found 24907 and it took: 107021ms
query [17610]: # of matches found 24886 and it took: 106483ms
query [17611]: # of matches found 24730 and it took: 107003ms
query [17612]: # of matches found 24614 and it took: 107104ms
query [17613]: # of matches found 24547 and it took: 107259ms
query [17614]: # of matches found 24398 and it took: 107153ms
query [17615]: # of matches found 24273 and it took: 106683ms
query [17616]: # of matches found 24285 and it took: 106998ms
query [17617]: # of matches found 24175 and it took: 107446ms
query [17618]: # of matches found 24097 and it took: 107336ms
query [17619]: # of matches found 23958 and it took: 106778ms
query [17620]: # of matches found 24063 and it took: 106174ms
query [17621]: # of matches found 24182 and it took: 107597ms
query [17622]: # of matches found 24225 and it took: 107962ms
query [17623]: # of matches found 24240 and it took: 107218ms
query [17624]: # of matches found 24333 and it took: 107608ms
query [17625]: # of matches found 24338 and it took: 107767ms
query [17626]: # of matches found 24228 and it took: 107987ms
query [17627]: # of matches found 24211 and it took: 107807ms
query [17628]: # of matches found 24253 and it took: 108528ms
query [17629]: # of matches found 24507 and it took: 109513ms
query [17630]: # of matches found 24518 and it took: 109195ms
query [17631]: # of matches found 24572 and it took: 109011ms
query [17632]: # of matches found 24488 and it took: 109886ms
query [17633]: # of matches found 24208 and it took: 109768ms
query [17634]: # of matches found 24206 and it took: 109959ms
query [17635]: # of matches found 24399 and it took: 109817ms
query [17636]: # of matches found 24426 and it took: 109705ms
query [17637]: # of matches found 24542 and it took: 109373ms
query [17638]: # of matches found 24554 and it took: 109331ms
query [17639]: # of matches found 24633 and it took: 109289ms
query [17640]: # of matches found 24921 and it took: 108479ms
query [17641]: # of matches found 26198 and it took: 109541ms
query [17642]: # of matches found 26229 and it took: 108977ms
query [17643]: # of matches found 26287 and it took: 109480ms
query [17644]: # of matches found 26256 and it took: 109423ms
query [17645]: # of matches found 26278 and it took: 109706ms
query [17646]: # of matches found 26185 and it took: 110989ms
query [17647]: # of matches found 26312 and it took: 109545ms
query [17648]: # of matches found 26382 and it took: 110605ms
query [17649]: # of matches found 27188 and it took: 110777ms
query [17650]: # of matches found 27103 and it took: 109508ms
query [17651]: # of matches found 27152 and it took: 109735ms
query [17652]: # of matches found 27038 and it took: 109902ms
query [17653]: # of matches found 26876 and it took: 110901ms
query [17654]: # of matches found 26918 and it took: 111142ms
query [17655]: # of matches found 27108 and it took: 110843ms
query [17656]: # of matches found 26812 and it took: 110976ms
query [17657]: # of matches found 25464 and it took: 109909ms
query [17658]: # of matches found 25538 and it took: 110642ms
query [17659]: # of matches found 26834 and it took: 109720ms
query [17660]: # of matches found 26825 and it took: 109326ms
query [17661]: # of matches found 26824 and it took: 109893ms
query [17662]: # of matches found 26769 and it took: 109763ms
query [17663]: # of matches found 26868 and it took: 109873ms
query [17664]: # of matches found 27056 and it took: 110166ms
query [17665]: # of matches found 27145 and it took: 110245ms
query [17666]: # of matches found 27183 and it took: 109754ms
query [17667]: # of matches found 27220 and it took: 108796ms
query [17668]: # of matches found 27225 and it took: 109511ms
query [17669]: # of matches found 27243 and it took: 108846ms
query [17670]: # of matches found 27289 and it took: 108346ms
query [17671]: # of matches found 27254 and it took: 108454ms
query [17672]: # of matches found 27325 and it took: 108497ms
query [17673]: # of matches found 27386 and it took: 108872ms
query [17674]: # of matches found 27964 and it took: 109056ms
query [17675]: # of matches found 28120 and it took: 109383ms
query [17676]: # of matches found 27842 and it took: 109011ms
query [17677]: # of matches found 26189 and it took: 108334ms
query [17678]: # of matches found 25790 and it took: 108777ms
query [17679]: # of matches found 25825 and it took: 108427ms
query [17680]: # of matches found 25720 and it took: 107820ms
query [17681]: # of matches found 25555 and it took: 107797ms
query [17682]: # of matches found 25420 and it took: 108797ms
query [17683]: # of matches found 25374 and it took: 109713ms
query [17684]: # of matches found 25254 and it took: 109251ms
query [17685]: # of matches found 25145 and it took: 109330ms
query [17686]: # of matches found 24955 and it took: 109845ms
query [17687]: # of matches found 24133 and it took: 108971ms
query [17688]: # of matches found 23844 and it took: 110223ms
query [17689]: # of matches found 23615 and it took: 109707ms
query [17690]: # of matches found 23459 and it took: 109273ms
query [17691]: # of matches found 23276 and it took: 108257ms
query [17692]: # of matches found 23082 and it took: 109052ms
query [17693]: # of matches found 22987 and it took: 109159ms
query [17694]: # of matches found 22857 and it took: 108816ms
query [17695]: # of matches found 22764 and it took: 109451ms
query [17696]: # of matches found 22649 and it took: 109823ms
query [17697]: # of matches found 22627 and it took: 109399ms
query [17698]: # of matches found 22716 and it took: 110120ms
query [17699]: # of matches found 22909 and it took: 109695ms
query [17700]: # of matches found 22785 and it took: 109063ms
query [17701]: # of matches found 22902 and it took: 109152ms
query [17702]: # of matches found 22988 and it took: 109723ms
query [17703]: # of matches found 23092 and it took: 110825ms
query [17704]: # of matches found 23305 and it took: 109109ms
query [17705]: # of matches found 23321 and it took: 111268ms
query [17706]: # of matches found 23334 and it took: 112229ms
query [17707]: # of matches found 23311 and it took: 111946ms
query [17708]: # of matches found 23377 and it took: 112540ms
query [17709]: # of matches found 23345 and it took: 111133ms
query [17710]: # of matches found 23319 and it took: 110193ms
query [17711]: # of matches found 23182 and it took: 110931ms
query [17712]: # of matches found 22958 and it took: 109962ms
query [17713]: # of matches found 22864 and it took: 110994ms
query [17714]: # of matches found 22537 and it took: 108675ms
query [17715]: # of matches found 22541 and it took: 110734ms
query [17716]: # of matches found 22403 and it took: 111390ms
query [17717]: # of matches found 22343 and it took: 110888ms
query [17718]: # of matches found 22240 and it took: 112198ms
query [17719]: # of matches found 22287 and it took: 111220ms
query [17720]: # of matches found 22298 and it took: 110956ms
query [17721]: # of matches found 20121 and it took: 111329ms
query [17722]: # of matches found 20138 and it took: 111774ms
query [17723]: # of matches found 20476 and it took: 113104ms
query [17724]: # of matches found 20589 and it took: 109962ms
query [17725]: # of matches found 20674 and it took: 112252ms
query [17726]: # of matches found 20782 and it took: 111487ms
query [17727]: # of matches found 21041 and it took: 111423ms
query [17728]: # of matches found 20957 and it took: 111256ms
query [17729]: # of matches found 20994 and it took: 110891ms
query [17730]: # of matches found 20954 and it took: 110962ms
query [17731]: # of matches found 20905 and it took: 111582ms
query [17732]: # of matches found 20853 and it took: 111319ms
query [17733]: # of matches found 20715 and it took: 111305ms
query [17734]: # of matches found 20847 and it took: 109871ms
query [17735]: # of matches found 21285 and it took: 111873ms
query [17736]: # of matches found 21406 and it took: 110985ms
query [17737]: # of matches found 21411 and it took: 111156ms
query [17738]: # of matches found 21508 and it took: 111456ms
query [17739]: # of matches found 21715 and it took: 110170ms
query [17740]: # of matches found 21847 and it took: 109901ms
query [17741]: # of matches found 21974 and it took: 110660ms
query [17742]: # of matches found 22156 and it took: 110292ms
query [17743]: # of matches found 22245 and it took: 110567ms
query [17744]: # of matches found 22306 and it took: 109085ms
query [17745]: # of matches found 22310 and it took: 111057ms
query [17746]: # of matches found 22336 and it took: 110940ms
query [17747]: # of matches found 22300 and it took: 110531ms
query [17748]: # of matches found 22460 and it took: 111170ms
query [17749]: # of matches found 22647 and it took: 110322ms
query [17750]: # of matches found 22635 and it took: 110638ms
query [17751]: # of matches found 22917 and it took: 110850ms
query [17752]: # of matches found 22942 and it took: 111159ms
query [17753]: # of matches found 22970 and it took: 110054ms
query [17754]: # of matches found 22924 and it took: 108713ms
query [17755]: # of matches found 22924 and it took: 110124ms
query [17756]: # of matches found 22992 and it took: 109568ms
query [17757]: # of matches found 23079 and it took: 109813ms
query [17758]: # of matches found 23066 and it took: 110650ms
query [17759]: # of matches found 23211 and it took: 109537ms
query [17760]: # of matches found 23176 and it took: 109685ms
query [17761]: # of matches found 23002 and it took: 109603ms
query [17762]: # of matches found 22953 and it took: 109516ms
query [17763]: # of matches found 23029 and it took: 110307ms
query [17764]: # of matches found 22990 and it took: 108571ms
query [17765]: # of matches found 22863 and it took: 110787ms
query [17766]: # of matches found 22936 and it took: 109279ms
query [17767]: # of matches found 22958 and it took: 109997ms
query [17768]: # of matches found 23118 and it took: 110010ms
query [17769]: # of matches found 25695 and it took: 109515ms
query [17770]: # of matches found 25838 and it took: 109653ms
query [17771]: # of matches found 25796 and it took: 109449ms
query [17772]: # of matches found 25887 and it took: 108590ms
query [17773]: # of matches found 25986 and it took: 109452ms
query [17774]: # of matches found 26067 and it took: 108152ms
query [17775]: # of matches found 25980 and it took: 109844ms
query [17776]: # of matches found 26123 and it took: 108797ms
query [17777]: # of matches found 26457 and it took: 110102ms
query [17778]: # of matches found 26520 and it took: 110544ms
query [17779]: # of matches found 26491 and it took: 108454ms
query [17780]: # of matches found 26583 and it took: 108908ms
query [17781]: # of matches found 25242 and it took: 108749ms
query [17782]: # of matches found 25409 and it took: 108563ms
query [17783]: # of matches found 25484 and it took: 108240ms
query [17784]: # of matches found 25545 and it took: 108183ms
query [17785]: # of matches found 25608 and it took: 107983ms
query [17786]: # of matches found 25575 and it took: 106570ms
query [17787]: # of matches found 25612 and it took: 107140ms
query [17788]: # of matches found 25578 and it took: 107373ms
query [17789]: # of matches found 24770 and it took: 106957ms
query [17790]: # of matches found 24785 and it took: 106871ms
query [17791]: # of matches found 24743 and it took: 106832ms
query [17792]: # of matches found 24738 and it took: 106811ms
query [17793]: # of matches found 24688 and it took: 107935ms
query [17794]: # of matches found 24585 and it took: 106084ms
query [17795]: # of matches found 24311 and it took: 106146ms
query [17796]: # of matches found 24357 and it took: 104766ms
query [17797]: # of matches found 24453 and it took: 105586ms
query [17798]: # of matches found 24385 and it took: 106956ms
query [17799]: # of matches found 24352 and it took: 105480ms
query [17800]: # of matches found 22823 and it took: 106319ms
query [17801]: # of matches found 22672 and it took: 106490ms
query [17802]: # of matches found 22652 and it took: 105829ms
query [17803]: # of matches found 22589 and it took: 106236ms
query [17804]: # of matches found 22430 and it took: 105747ms
query [17805]: # of matches found 22369 and it took: 106166ms
query [17806]: # of matches found 22347 and it took: 105451ms
query [17807]: # of matches found 22318 and it took: 106312ms
