Starting the job at Sun Aug 18 09:51:29 PM EDT 2024
no kmerRangesFileAddressArg!
no baselineBaseAddress!
no otherToolArg!
**********************CONFIGURATIONS*****************************
PARMIK mode:                  3
readDatabaseAddress:          /p/lava/parmik/partialMatcherProject/datasets/metagenomicDB/SRR14381422/SRR14381422_reads
readFileName:                 SRR14381422_reads
queryFileAddress:             /p/lava/parmik/partialMatcherProject/datasets/queryFiles/covidQueryFiles/SarsGenome_chunks/SarsGenome_queries_1000-1999
queryFileName:                SarsGenome_queries_1000-1999
otherToolOutputFileAddress:   /u/rgq5aw/GIT/PARMIK/partialMatcherProject/tools/blast/SRR14381422/SarsGenome/blastn_ws30_results.out
outputDir:                    /p/lava/parmik/partialMatcherProject/tools/baseline_ssw/SRR14381422/SarsGenome
penaltyFileAddress:           /u/rgq5aw/GIT/PARMIK/experiments/parmik/CK_SSW_ID_PRCNTG/PenaltySets/2484_1111_2444_2288_2848
kmerRangesFileAddress:        
readsCount:                   17000000
queryCount:                   30000
kmerLength:                   11
regionSize:                   48
cheapKmerThreshold:           0
percentageIdentity:           0.85
minExactMatchLen:             0
numThreads:                   1
isSecondChanceOff:            F
minNumExactMatchKmer:         0
isIndexOffline:               1
offlineIndexAddress:          /p/lava/parmik/partialMatcherProject/tools/parmik/CK_INDEX/SRR14381422/
baselineBaseAddress:          
max editDistance in min region: 2
otherTool:                    
**********************CONFIGURATIONS*****************************
--------------Penalties--------------
m: 2, s: 4, go: 8, ge: 4
m: 1, s: 1, go: 1, ge: 1
m: 2, s: 4, go: 4, ge: 4
m: 2, s: 2, go: 8, ge: 8
m: 2, s: 8, go: 4, ge: 8
------------------------------------
experiment dir: /p/lava/parmik/partialMatcherProject/tools/baseline_ssw/SRR14381422/SarsGenome/IKT0_K11_PI85_M0_T1_SC1_P_2484_1111_2444_2288_2848
Directory already exists or could not be created: /p/lava/parmik/partialMatcherProject/tools/baseline_ssw/SRR14381422/SarsGenome/IKT0_K11_PI85_M0_T1_SC1_P_2484_1111_2444_2288_2848
numberOfReadsWithN : 0
queryCount : 1000
numberOfReadsWithN : 0
readCount : 17000000
offlineCheapIndexAddress: /p/lava/parmik/partialMatcherProject/tools/parmik/CK_INDEX/SRR14381422/ck_T0_K11_r17000000
offlineExpensiveIndexAddress: /p/lava/parmik/partialMatcherProject/tools/parmik/CK_INDEX/SRR14381422/ek_T0_K11_r17000000
pmrkAlignmentsAddress: /p/lava/parmik/partialMatcherProject/tools/baseline_ssw/SRR14381422/SarsGenome/IKT0_K11_PI85_M0_T1_SC1_P_2484_1111_2444_2288_2848/parmikAln.txt
Starting alignment for all queries [fwd]...
queryBaseIndex: 1000
query [1000]: # of matches found 100069 and it took: 111252ms
query [1001]: # of matches found 99451 and it took: 112854ms
query [1002]: # of matches found 99764 and it took: 113893ms
query [1003]: # of matches found 99797 and it took: 112436ms
query [1004]: # of matches found 99565 and it took: 113540ms
query [1005]: # of matches found 98665 and it took: 113248ms
query [1006]: # of matches found 98809 and it took: 113873ms
query [1007]: # of matches found 99102 and it took: 113252ms
query [1008]: # of matches found 99338 and it took: 113371ms
query [1009]: # of matches found 99461 and it took: 112813ms
query [1010]: # of matches found 98807 and it took: 112228ms
query [1011]: # of matches found 98586 and it took: 112197ms
query [1012]: # of matches found 98440 and it took: 112099ms
query [1013]: # of matches found 98127 and it took: 111522ms
query [1014]: # of matches found 97965 and it took: 112508ms
query [1015]: # of matches found 97664 and it took: 111745ms
query [1016]: # of matches found 97504 and it took: 110890ms
query [1017]: # of matches found 97390 and it took: 111622ms
query [1018]: # of matches found 97301 and it took: 111527ms
query [1019]: # of matches found 96906 and it took: 110497ms
query [1020]: # of matches found 96945 and it took: 111634ms
query [1021]: # of matches found 96924 and it took: 111365ms
query [1022]: # of matches found 96864 and it took: 111109ms
query [1023]: # of matches found 96828 and it took: 111784ms
query [1024]: # of matches found 96854 and it took: 111486ms
query [1025]: # of matches found 96831 and it took: 112352ms
query [1026]: # of matches found 96976 and it took: 112445ms
query [1027]: # of matches found 96878 and it took: 111553ms
query [1028]: # of matches found 96813 and it took: 112382ms
query [1029]: # of matches found 96865 and it took: 110819ms
query [1030]: # of matches found 97149 and it took: 112755ms
query [1031]: # of matches found 94327 and it took: 111313ms
query [1032]: # of matches found 94068 and it took: 114246ms
query [1033]: # of matches found 93907 and it took: 110512ms
query [1034]: # of matches found 93951 and it took: 110824ms
query [1035]: # of matches found 94201 and it took: 111516ms
query [1036]: # of matches found 94101 and it took: 110970ms
query [1037]: # of matches found 94738 and it took: 111720ms
query [1038]: # of matches found 94963 and it took: 111712ms
query [1039]: # of matches found 95137 and it took: 111219ms
query [1040]: # of matches found 94915 and it took: 111763ms
query [1041]: # of matches found 95230 and it took: 112146ms
query [1042]: # of matches found 95372 and it took: 112323ms
query [1043]: # of matches found 94496 and it took: 110846ms
query [1044]: # of matches found 94161 and it took: 112501ms
query [1045]: # of matches found 93316 and it took: 113022ms
query [1046]: # of matches found 93474 and it took: 112272ms
query [1047]: # of matches found 93319 and it took: 112704ms
query [1048]: # of matches found 93245 and it took: 112732ms
query [1049]: # of matches found 93068 and it took: 111904ms
query [1050]: # of matches found 92836 and it took: 112145ms
query [1051]: # of matches found 92439 and it took: 112288ms
query [1052]: # of matches found 92308 and it took: 112139ms
query [1053]: # of matches found 91964 and it took: 112098ms
query [1054]: # of matches found 91150 and it took: 112125ms
query [1055]: # of matches found 90296 and it took: 112121ms
query [1056]: # of matches found 89982 and it took: 112161ms
query [1057]: # of matches found 89826 and it took: 113376ms
query [1058]: # of matches found 89880 and it took: 113573ms
query [1059]: # of matches found 89868 and it took: 113033ms
query [1060]: # of matches found 89756 and it took: 113512ms
query [1061]: # of matches found 89778 and it took: 114075ms
query [1062]: # of matches found 89856 and it took: 114090ms
query [1063]: # of matches found 89633 and it took: 114210ms
query [1064]: # of matches found 89796 and it took: 114655ms
query [1065]: # of matches found 89948 and it took: 114149ms
query [1066]: # of matches found 90009 and it took: 115040ms
query [1067]: # of matches found 90005 and it took: 116040ms
query [1068]: # of matches found 90481 and it took: 116184ms
query [1069]: # of matches found 90356 and it took: 115849ms
query [1070]: # of matches found 90191 and it took: 116055ms
query [1071]: # of matches found 90078 and it took: 116255ms
query [1072]: # of matches found 90093 and it took: 116816ms
query [1073]: # of matches found 91689 and it took: 116666ms
query [1074]: # of matches found 91506 and it took: 117098ms
query [1075]: # of matches found 91170 and it took: 116670ms
query [1076]: # of matches found 89661 and it took: 116571ms
query [1077]: # of matches found 88502 and it took: 118076ms
query [1078]: # of matches found 88097 and it took: 117982ms
query [1079]: # of matches found 87641 and it took: 117993ms
query [1080]: # of matches found 87730 and it took: 118380ms
query [1081]: # of matches found 88964 and it took: 119010ms
query [1082]: # of matches found 91075 and it took: 118454ms
query [1083]: # of matches found 91017 and it took: 117838ms
query [1084]: # of matches found 90710 and it took: 119116ms
query [1085]: # of matches found 90139 and it took: 118475ms
query [1086]: # of matches found 90427 and it took: 118761ms
query [1087]: # of matches found 89797 and it took: 119632ms
query [1088]: # of matches found 90439 and it took: 119404ms
query [1089]: # of matches found 90667 and it took: 118716ms
query [1090]: # of matches found 90619 and it took: 118818ms
query [1091]: # of matches found 90280 and it took: 119356ms
query [1092]: # of matches found 90512 and it took: 118839ms
query [1093]: # of matches found 88835 and it took: 118847ms
query [1094]: # of matches found 87926 and it took: 119230ms
query [1095]: # of matches found 87868 and it took: 118996ms
query [1096]: # of matches found 87291 and it took: 119358ms
query [1097]: # of matches found 86315 and it took: 120236ms
query [1098]: # of matches found 86167 and it took: 120097ms
query [1099]: # of matches found 85962 and it took: 119902ms
query [1100]: # of matches found 84931 and it took: 120281ms
query [1101]: # of matches found 84437 and it took: 120675ms
query [1102]: # of matches found 84391 and it took: 120564ms
query [1103]: # of matches found 84804 and it took: 120056ms
query [1104]: # of matches found 85754 and it took: 120512ms
query [1105]: # of matches found 85805 and it took: 120265ms
query [1106]: # of matches found 84541 and it took: 120138ms
query [1107]: # of matches found 83799 and it took: 120986ms
query [1108]: # of matches found 83684 and it took: 120183ms
query [1109]: # of matches found 83078 and it took: 120010ms
query [1110]: # of matches found 83245 and it took: 119998ms
query [1111]: # of matches found 83349 and it took: 120367ms
query [1112]: # of matches found 82988 and it took: 120213ms
query [1113]: # of matches found 83318 and it took: 119599ms
query [1114]: # of matches found 83220 and it took: 120846ms
query [1115]: # of matches found 82588 and it took: 120888ms
query [1116]: # of matches found 82558 and it took: 120675ms
query [1117]: # of matches found 82512 and it took: 121543ms
query [1118]: # of matches found 82477 and it took: 120773ms
query [1119]: # of matches found 82077 and it took: 121097ms
query [1120]: # of matches found 82045 and it took: 121212ms
query [1121]: # of matches found 81618 and it took: 121752ms
query [1122]: # of matches found 81460 and it took: 121797ms
query [1123]: # of matches found 79605 and it took: 121209ms
query [1124]: # of matches found 78645 and it took: 122891ms
query [1125]: # of matches found 77362 and it took: 122771ms
query [1126]: # of matches found 76372 and it took: 122901ms
query [1127]: # of matches found 75347 and it took: 124188ms
query [1128]: # of matches found 73935 and it took: 123448ms
query [1129]: # of matches found 67782 and it took: 123922ms
query [1130]: # of matches found 64085 and it took: 124087ms
query [1131]: # of matches found 56978 and it took: 124476ms
query [1132]: # of matches found 55872 and it took: 124534ms
query [1133]: # of matches found 55481 and it took: 123746ms
query [1134]: # of matches found 55276 and it took: 125147ms
query [1135]: # of matches found 55024 and it took: 124908ms
query [1136]: # of matches found 54972 and it took: 125101ms
query [1137]: # of matches found 55046 and it took: 125426ms
query [1138]: # of matches found 55278 and it took: 124522ms
query [1139]: # of matches found 55255 and it took: 124474ms
query [1140]: # of matches found 55071 and it took: 125109ms
query [1141]: # of matches found 60225 and it took: 125660ms
query [1142]: # of matches found 59967 and it took: 125672ms
query [1143]: # of matches found 59726 and it took: 124679ms
query [1144]: # of matches found 60064 and it took: 126288ms
query [1145]: # of matches found 60365 and it took: 126489ms
query [1146]: # of matches found 60373 and it took: 126619ms
query [1147]: # of matches found 60410 and it took: 126905ms
query [1148]: # of matches found 61223 and it took: 126335ms
query [1149]: # of matches found 61446 and it took: 126201ms
query [1150]: # of matches found 61584 and it took: 126382ms
query [1151]: # of matches found 61661 and it took: 126953ms
query [1152]: # of matches found 61826 and it took: 126710ms
query [1153]: # of matches found 62457 and it took: 125480ms
query [1154]: # of matches found 63646 and it took: 127673ms
query [1155]: # of matches found 63989 and it took: 128038ms
query [1156]: # of matches found 64318 and it took: 127945ms
query [1157]: # of matches found 64798 and it took: 128133ms
query [1158]: # of matches found 65070 and it took: 127589ms
query [1159]: # of matches found 66082 and it took: 127890ms
query [1160]: # of matches found 67169 and it took: 128302ms
query [1161]: # of matches found 67976 and it took: 128309ms
query [1162]: # of matches found 69708 and it took: 127836ms
query [1163]: # of matches found 71455 and it took: 126790ms
query [1164]: # of matches found 72491 and it took: 128867ms
query [1165]: # of matches found 73173 and it took: 128165ms
query [1166]: # of matches found 73349 and it took: 127628ms
query [1167]: # of matches found 74288 and it took: 128108ms
query [1168]: # of matches found 75618 and it took: 127622ms
query [1169]: # of matches found 75981 and it took: 127263ms
query [1170]: # of matches found 75341 and it took: 127340ms
query [1171]: # of matches found 75873 and it took: 127909ms
query [1172]: # of matches found 76013 and it took: 127513ms
query [1173]: # of matches found 77427 and it took: 126764ms
query [1174]: # of matches found 77889 and it took: 128587ms
query [1175]: # of matches found 77958 and it took: 128400ms
query [1176]: # of matches found 78480 and it took: 127933ms
query [1177]: # of matches found 77820 and it took: 127850ms
query [1178]: # of matches found 77350 and it took: 126715ms
query [1179]: # of matches found 77014 and it took: 126597ms
query [1180]: # of matches found 78003 and it took: 126639ms
query [1181]: # of matches found 77510 and it took: 126621ms
query [1182]: # of matches found 76718 and it took: 126377ms
query [1183]: # of matches found 77046 and it took: 126140ms
query [1184]: # of matches found 76787 and it took: 127740ms
query [1185]: # of matches found 76473 and it took: 127238ms
query [1186]: # of matches found 76388 and it took: 127085ms
query [1187]: # of matches found 75994 and it took: 127675ms
query [1188]: # of matches found 77744 and it took: 127108ms
query [1189]: # of matches found 77674 and it took: 126818ms
query [1190]: # of matches found 77549 and it took: 126538ms
query [1191]: # of matches found 77367 and it took: 127056ms
query [1192]: # of matches found 77295 and it took: 126513ms
query [1193]: # of matches found 77307 and it took: 126244ms
query [1194]: # of matches found 77269 and it took: 127488ms
query [1195]: # of matches found 77372 and it took: 126414ms
query [1196]: # of matches found 77209 and it took: 126255ms
query [1197]: # of matches found 77263 and it took: 126629ms
query [1198]: # of matches found 77049 and it took: 125506ms
query [1199]: # of matches found 77090 and it took: 125597ms
query [1200]: # of matches found 77086 and it took: 126001ms
query [1201]: # of matches found 76699 and it took: 126035ms
query [1202]: # of matches found 76718 and it took: 125741ms
query [1203]: # of matches found 77090 and it took: 125626ms
query [1204]: # of matches found 77305 and it took: 126477ms
query [1205]: # of matches found 77177 and it took: 125416ms
query [1206]: # of matches found 77655 and it took: 125240ms
query [1207]: # of matches found 77691 and it took: 126190ms
query [1208]: # of matches found 77654 and it took: 125401ms
query [1209]: # of matches found 77593 and it took: 125876ms
query [1210]: # of matches found 77831 and it took: 125807ms
query [1211]: # of matches found 77798 and it took: 126647ms
query [1212]: # of matches found 77847 and it took: 126580ms
query [1213]: # of matches found 76276 and it took: 126007ms
query [1214]: # of matches found 76228 and it took: 127422ms
query [1215]: # of matches found 76036 and it took: 126742ms
query [1216]: # of matches found 76233 and it took: 126710ms
query [1217]: # of matches found 76636 and it took: 127788ms
query [1218]: # of matches found 76908 and it took: 127097ms
query [1219]: # of matches found 76793 and it took: 128009ms
query [1220]: # of matches found 77212 and it took: 126905ms
query [1221]: # of matches found 76540 and it took: 128289ms
query [1222]: # of matches found 74732 and it took: 127570ms
query [1223]: # of matches found 74299 and it took: 127005ms
query [1224]: # of matches found 74749 and it took: 127719ms
query [1225]: # of matches found 74815 and it took: 127588ms
query [1226]: # of matches found 74631 and it took: 127478ms
query [1227]: # of matches found 74745 and it took: 128621ms
query [1228]: # of matches found 76132 and it took: 127640ms
query [1229]: # of matches found 76483 and it took: 128071ms
query [1230]: # of matches found 76512 and it took: 127205ms
query [1231]: # of matches found 76443 and it took: 128522ms
query [1232]: # of matches found 76558 and it took: 127756ms
query [1233]: # of matches found 77134 and it took: 127315ms
query [1234]: # of matches found 77197 and it took: 127690ms
query [1235]: # of matches found 77851 and it took: 126403ms
query [1236]: # of matches found 77876 and it took: 126029ms
query [1237]: # of matches found 77964 and it took: 127685ms
query [1238]: # of matches found 77863 and it took: 126204ms
query [1239]: # of matches found 78229 and it took: 127637ms
query [1240]: # of matches found 78295 and it took: 126306ms
query [1241]: # of matches found 77928 and it took: 127300ms
query [1242]: # of matches found 77552 and it took: 126760ms
query [1243]: # of matches found 77042 and it took: 126360ms
query [1244]: # of matches found 77187 and it took: 126936ms
query [1245]: # of matches found 76202 and it took: 126828ms
query [1246]: # of matches found 76833 and it took: 125718ms
query [1247]: # of matches found 77293 and it took: 126546ms
query [1248]: # of matches found 77136 and it took: 125520ms
query [1249]: # of matches found 77069 and it took: 127017ms
query [1250]: # of matches found 76923 and it took: 126328ms
query [1251]: # of matches found 76871 and it took: 127138ms
query [1252]: # of matches found 76832 and it took: 126110ms
query [1253]: # of matches found 76250 and it took: 125726ms
query [1254]: # of matches found 76217 and it took: 126167ms
query [1255]: # of matches found 79609 and it took: 125908ms
query [1256]: # of matches found 79573 and it took: 124783ms
query [1257]: # of matches found 79881 and it took: 125610ms
query [1258]: # of matches found 80408 and it took: 124059ms
query [1259]: # of matches found 80743 and it took: 125508ms
query [1260]: # of matches found 81189 and it took: 125229ms
query [1261]: # of matches found 81401 and it took: 126050ms
query [1262]: # of matches found 81849 and it took: 125636ms
query [1263]: # of matches found 81992 and it took: 125680ms
query [1264]: # of matches found 82176 and it took: 125804ms
query [1265]: # of matches found 82950 and it took: 126022ms
query [1266]: # of matches found 83025 and it took: 125602ms
query [1267]: # of matches found 82538 and it took: 126642ms
query [1268]: # of matches found 81521 and it took: 124927ms
query [1269]: # of matches found 80810 and it took: 126862ms
query [1270]: # of matches found 79932 and it took: 126254ms
query [1271]: # of matches found 79861 and it took: 125988ms
query [1272]: # of matches found 79880 and it took: 127001ms
query [1273]: # of matches found 80342 and it took: 127217ms
query [1274]: # of matches found 80511 and it took: 127001ms
query [1275]: # of matches found 80826 and it took: 127684ms
query [1276]: # of matches found 80788 and it took: 126806ms
query [1277]: # of matches found 80961 and it took: 127575ms
query [1278]: # of matches found 80739 and it took: 125836ms
query [1279]: # of matches found 80383 and it took: 127942ms
query [1280]: # of matches found 80357 and it took: 127507ms
query [1281]: # of matches found 75476 and it took: 127952ms
query [1282]: # of matches found 75560 and it took: 128014ms
query [1283]: # of matches found 75866 and it took: 127978ms
query [1284]: # of matches found 75833 and it took: 127059ms
query [1285]: # of matches found 75891 and it took: 127753ms
query [1286]: # of matches found 75637 and it took: 127014ms
query [1287]: # of matches found 75862 and it took: 127603ms
query [1288]: # of matches found 75472 and it took: 127778ms
query [1289]: # of matches found 75194 and it took: 127948ms
query [1290]: # of matches found 74820 and it took: 126640ms
query [1291]: # of matches found 74867 and it took: 127044ms
query [1292]: # of matches found 74867 and it took: 127506ms
query [1293]: # of matches found 74940 and it took: 127197ms
query [1294]: # of matches found 74009 and it took: 126318ms
query [1295]: # of matches found 73934 and it took: 127411ms
query [1296]: # of matches found 75531 and it took: 126645ms
query [1297]: # of matches found 76565 and it took: 127210ms
query [1298]: # of matches found 77033 and it took: 124739ms
query [1299]: # of matches found 76519 and it took: 127478ms
query [1300]: # of matches found 77790 and it took: 126290ms
query [1301]: # of matches found 77148 and it took: 127061ms
query [1302]: # of matches found 76966 and it took: 127402ms
query [1303]: # of matches found 75550 and it took: 126978ms
query [1304]: # of matches found 74462 and it took: 126097ms
query [1305]: # of matches found 74046 and it took: 127174ms
query [1306]: # of matches found 80703 and it took: 125745ms
query [1307]: # of matches found 79550 and it took: 126924ms
query [1308]: # of matches found 78290 and it took: 124916ms
query [1309]: # of matches found 77946 and it took: 126291ms
query [1310]: # of matches found 77130 and it took: 126033ms
query [1311]: # of matches found 76494 and it took: 126153ms
query [1312]: # of matches found 76707 and it took: 126653ms
query [1313]: # of matches found 75202 and it took: 126237ms
query [1314]: # of matches found 74695 and it took: 124843ms
query [1315]: # of matches found 74613 and it took: 126119ms
query [1316]: # of matches found 73764 and it took: 124700ms
query [1317]: # of matches found 73678 and it took: 124951ms
query [1318]: # of matches found 73788 and it took: 123275ms
query [1319]: # of matches found 74041 and it took: 124417ms
query [1320]: # of matches found 74284 and it took: 123894ms
query [1321]: # of matches found 73939 and it took: 123684ms
query [1322]: # of matches found 74177 and it took: 124086ms
query [1323]: # of matches found 73534 and it took: 124001ms
query [1324]: # of matches found 73079 and it took: 122165ms
query [1325]: # of matches found 72939 and it took: 123760ms
query [1326]: # of matches found 72875 and it took: 122934ms
query [1327]: # of matches found 72878 and it took: 123099ms
query [1328]: # of matches found 73228 and it took: 122152ms
query [1329]: # of matches found 73283 and it took: 123699ms
query [1330]: # of matches found 73328 and it took: 123800ms
query [1331]: # of matches found 73392 and it took: 123715ms
query [1332]: # of matches found 71608 and it took: 124234ms
query [1333]: # of matches found 71930 and it took: 124462ms
query [1334]: # of matches found 72358 and it took: 122685ms
query [1335]: # of matches found 72907 and it took: 124919ms
query [1336]: # of matches found 73297 and it took: 123592ms
query [1337]: # of matches found 73708 and it took: 123464ms
query [1338]: # of matches found 74013 and it took: 121589ms
query [1339]: # of matches found 74110 and it took: 123327ms
query [1340]: # of matches found 74440 and it took: 123436ms
query [1341]: # of matches found 74814 and it took: 123031ms
query [1342]: # of matches found 75332 and it took: 124019ms
query [1343]: # of matches found 75186 and it took: 124082ms
query [1344]: # of matches found 74760 and it took: 121826ms
query [1345]: # of matches found 75042 and it took: 123751ms
query [1346]: # of matches found 75518 and it took: 122769ms
query [1347]: # of matches found 75214 and it took: 122830ms
query [1348]: # of matches found 75390 and it took: 120943ms
query [1349]: # of matches found 75595 and it took: 122529ms
query [1350]: # of matches found 75538 and it took: 121885ms
query [1351]: # of matches found 75442 and it took: 120818ms
query [1352]: # of matches found 75243 and it took: 121943ms
query [1353]: # of matches found 75496 and it took: 121899ms
query [1354]: # of matches found 75402 and it took: 119707ms
query [1355]: # of matches found 75433 and it took: 120952ms
query [1356]: # of matches found 75314 and it took: 120268ms
query [1357]: # of matches found 75180 and it took: 120849ms
query [1358]: # of matches found 74383 and it took: 119147ms
query [1359]: # of matches found 73851 and it took: 120736ms
query [1360]: # of matches found 73069 and it took: 120715ms
query [1361]: # of matches found 71962 and it took: 119610ms
query [1362]: # of matches found 71917 and it took: 120375ms
query [1363]: # of matches found 71971 and it took: 120738ms
query [1364]: # of matches found 71319 and it took: 118248ms
query [1365]: # of matches found 71032 and it took: 119190ms
query [1366]: # of matches found 71262 and it took: 118835ms
query [1367]: # of matches found 71258 and it took: 119105ms
query [1368]: # of matches found 72100 and it took: 118372ms
query [1369]: # of matches found 70444 and it took: 119383ms
query [1370]: # of matches found 70805 and it took: 119065ms
query [1371]: # of matches found 70701 and it took: 118431ms
query [1372]: # of matches found 70144 and it took: 119434ms
query [1373]: # of matches found 69778 and it took: 119349ms
query [1374]: # of matches found 69395 and it took: 117517ms
query [1375]: # of matches found 68571 and it took: 118983ms
query [1376]: # of matches found 68372 and it took: 118175ms
query [1377]: # of matches found 68220 and it took: 118701ms
query [1378]: # of matches found 68106 and it took: 117460ms
query [1379]: # of matches found 67603 and it took: 118410ms
query [1380]: # of matches found 67497 and it took: 118395ms
query [1381]: # of matches found 67439 and it took: 125407ms
query [1382]: # of matches found 67284 and it took: 127779ms
query [1383]: # of matches found 66972 and it took: 125914ms
query [1384]: # of matches found 66284 and it took: 124718ms
query [1385]: # of matches found 66211 and it took: 124586ms
query [1386]: # of matches found 65534 and it took: 123434ms
query [1387]: # of matches found 65006 and it took: 121885ms
query [1388]: # of matches found 64713 and it took: 127505ms
query [1389]: # of matches found 64958 and it took: 129054ms
query [1390]: # of matches found 68962 and it took: 128638ms
query [1391]: # of matches found 68670 and it took: 125975ms
query [1392]: # of matches found 69502 and it took: 129031ms
query [1393]: # of matches found 70028 and it took: 129280ms
query [1394]: # of matches found 70110 and it took: 126157ms
query [1395]: # of matches found 70189 and it took: 126015ms
query [1396]: # of matches found 66620 and it took: 127005ms
query [1397]: # of matches found 66363 and it took: 126344ms
query [1398]: # of matches found 65892 and it took: 125608ms
query [1399]: # of matches found 65479 and it took: 128694ms
query [1400]: # of matches found 64867 and it took: 126690ms
query [1401]: # of matches found 64758 and it took: 125895ms
query [1402]: # of matches found 64656 and it took: 126411ms
query [1403]: # of matches found 64583 and it took: 126911ms
query [1404]: # of matches found 64383 and it took: 123758ms
query [1405]: # of matches found 64421 and it took: 125036ms
query [1406]: # of matches found 64546 and it took: 126356ms
query [1407]: # of matches found 64562 and it took: 127349ms
query [1408]: # of matches found 66081 and it took: 125582ms
query [1409]: # of matches found 66443 and it took: 126875ms
query [1410]: # of matches found 66571 and it took: 127664ms
query [1411]: # of matches found 66583 and it took: 124552ms
query [1412]: # of matches found 66156 and it took: 126032ms
query [1413]: # of matches found 65914 and it took: 126786ms
query [1414]: # of matches found 65825 and it took: 123767ms
query [1415]: # of matches found 65257 and it took: 126104ms
query [1416]: # of matches found 65309 and it took: 123907ms
query [1417]: # of matches found 65518 and it took: 126569ms
query [1418]: # of matches found 66216 and it took: 124032ms
query [1419]: # of matches found 66484 and it took: 124874ms
query [1420]: # of matches found 66352 and it took: 125544ms
query [1421]: # of matches found 66378 and it took: 125703ms
query [1422]: # of matches found 66456 and it took: 127354ms
query [1423]: # of matches found 65987 and it took: 125814ms
query [1424]: # of matches found 65872 and it took: 126278ms
query [1425]: # of matches found 66329 and it took: 124311ms
query [1426]: # of matches found 66282 and it took: 125373ms
query [1427]: # of matches found 66102 and it took: 127468ms
query [1428]: # of matches found 66174 and it took: 125656ms
query [1429]: # of matches found 70222 and it took: 126964ms
query [1430]: # of matches found 71394 and it took: 126906ms
query [1431]: # of matches found 71593 and it took: 125663ms
query [1432]: # of matches found 71712 and it took: 129590ms
