Starting the job at Wed Aug 14 07:29:38 PM EDT 2024
no kmerRangesFileAddressArg!
no baselineBaseAddress!
no otherToolArg!
**********************CONFIGURATIONS*****************************
PARMIK mode:                  3
readDatabaseAddress:          /p/lava/parmik/partialMatcherProject/datasets/metagenomicDB/SRR14381418/SRR14381418_reads
readFileName:                 SRR14381418_reads
queryFileAddress:             /p/lava/parmik/partialMatcherProject/datasets/queryFiles/covidQueryFiles/SarsGenome_chunks/SarsGenome_queries_15000-15999
queryFileName:                SarsGenome_queries_15000-15999
otherToolOutputFileAddress:   /u/rgq5aw/GIT/PARMIK/partialMatcherProject/tools/blast/SRR14381418/SarsGenome/blastn_ws30_results.out
outputDir:                    /p/lava/parmik/partialMatcherProject/tools/baseline_ssw/SRR14381418/SarsGenome
penaltyFileAddress:           /u/rgq5aw/GIT/PARMIK/experiments/parmik/CK_SSW_ID_PRCNTG/PenaltySets/2484_1111_2444_2288_2848
kmerRangesFileAddress:        
readsCount:                   17000000
queryCount:                   30000
kmerLength:                   11
regionSize:                   48
cheapKmerThreshold:           0
percentageIdentity:           0.85
minExactMatchLen:             0
numThreads:                   1
isSecondChanceOff:            F
minNumExactMatchKmer:         0
isIndexOffline:               1
offlineIndexAddress:          /p/lava/parmik/partialMatcherProject/tools/parmik/CK_INDEX/SRR14381418/
baselineBaseAddress:          
max editDistance in min region: 2
otherTool:                    
**********************CONFIGURATIONS*****************************
--------------Penalties--------------
m: 2, s: 4, go: 8, ge: 4
m: 1, s: 1, go: 1, ge: 1
m: 2, s: 4, go: 4, ge: 4
m: 2, s: 2, go: 8, ge: 8
m: 2, s: 8, go: 4, ge: 8
------------------------------------
experiment dir: /p/lava/parmik/partialMatcherProject/tools/baseline_ssw/SRR14381418/SarsGenome/IKT0_K11_PI85_M0_T1_SC1_P_2484_1111_2444_2288_2848
Directory already exists or could not be created: /p/lava/parmik/partialMatcherProject/tools/baseline_ssw/SRR14381418/SarsGenome/IKT0_K11_PI85_M0_T1_SC1_P_2484_1111_2444_2288_2848
numberOfReadsWithN : 0
queryCount : 1000
numberOfReadsWithN : 0
readCount : 15664284
offlineCheapIndexAddress: /p/lava/parmik/partialMatcherProject/tools/parmik/CK_INDEX/SRR14381418/ck_T0_K11_r17000000
offlineExpensiveIndexAddress: /p/lava/parmik/partialMatcherProject/tools/parmik/CK_INDEX/SRR14381418/ek_T0_K11_r17000000
pmrkAlignmentsAddress: /p/lava/parmik/partialMatcherProject/tools/baseline_ssw/SRR14381418/SarsGenome/IKT0_K11_PI85_M0_T1_SC1_P_2484_1111_2444_2288_2848/parmikAln.txt
Starting alignment for all queries [fwd]...
queryBaseIndex: 15000
query [15000]: # of matches found 65442 and it took: 89264ms
query [15001]: # of matches found 65586 and it took: 88871ms
query [15002]: # of matches found 65476 and it took: 89177.5ms
query [15003]: # of matches found 65898 and it took: 88530.8ms
query [15004]: # of matches found 70499 and it took: 88607.8ms
query [15005]: # of matches found 70697 and it took: 88664.3ms
query [15006]: # of matches found 70821 and it took: 88362.3ms
query [15007]: # of matches found 70857 and it took: 88651.1ms
query [15008]: # of matches found 70883 and it took: 88355.4ms
query [15009]: # of matches found 70910 and it took: 88203.8ms
query [15010]: # of matches found 71087 and it took: 87732.4ms
query [15011]: # of matches found 71281 and it took: 87873.7ms
query [15012]: # of matches found 70980 and it took: 87832.9ms
query [15013]: # of matches found 70950 and it took: 87431.5ms
query [15014]: # of matches found 71179 and it took: 87489.4ms
query [15015]: # of matches found 70992 and it took: 87673.5ms
query [15016]: # of matches found 71210 and it took: 87393.4ms
query [15017]: # of matches found 70358 and it took: 87986.4ms
query [15018]: # of matches found 70259 and it took: 87390.8ms
query [15019]: # of matches found 69842 and it took: 87477.3ms
query [15020]: # of matches found 69606 and it took: 87355ms
query [15021]: # of matches found 69619 and it took: 87319ms
query [15022]: # of matches found 69933 and it took: 87982.8ms
query [15023]: # of matches found 69936 and it took: 87536.8ms
query [15024]: # of matches found 70176 and it took: 87377.2ms
query [15025]: # of matches found 70366 and it took: 87549.2ms
query [15026]: # of matches found 70625 and it took: 87344ms
query [15027]: # of matches found 70991 and it took: 87856.9ms
