Starting the job at Wed Aug 14 07:30:06 PM EDT 2024
no kmerRangesFileAddressArg!
no baselineBaseAddress!
no otherToolArg!
**********************CONFIGURATIONS*****************************
PARMIK mode:                  3
readDatabaseAddress:          /p/lava/parmik/partialMatcherProject/datasets/metagenomicDB/SRR14381418/SRR14381418_reads
readFileName:                 SRR14381418_reads
queryFileAddress:             /p/lava/parmik/partialMatcherProject/datasets/queryFiles/covidQueryFiles/SarsGenome_chunks/SarsGenome_queries_20000-20999
queryFileName:                SarsGenome_queries_20000-20999
otherToolOutputFileAddress:   /u/rgq5aw/GIT/PARMIK/partialMatcherProject/tools/blast/SRR14381418/SarsGenome/blastn_ws30_results.out
outputDir:                    /p/lava/parmik/partialMatcherProject/tools/baseline_ssw/SRR14381418/SarsGenome
penaltyFileAddress:           /u/rgq5aw/GIT/PARMIK/experiments/parmik/CK_SSW_ID_PRCNTG/PenaltySets/2484_1111_2444_2288_2848
kmerRangesFileAddress:        
readsCount:                   17000000
queryCount:                   30000
kmerLength:                   11
regionSize:                   48
cheapKmerThreshold:           0
percentageIdentity:           0.85
minExactMatchLen:             0
numThreads:                   1
isSecondChanceOff:            F
minNumExactMatchKmer:         0
isIndexOffline:               1
offlineIndexAddress:          /p/lava/parmik/partialMatcherProject/tools/parmik/CK_INDEX/SRR14381418/
baselineBaseAddress:          
max editDistance in min region: 2
otherTool:                    
**********************CONFIGURATIONS*****************************
--------------Penalties--------------
m: 2, s: 4, go: 8, ge: 4
m: 1, s: 1, go: 1, ge: 1
m: 2, s: 4, go: 4, ge: 4
m: 2, s: 2, go: 8, ge: 8
m: 2, s: 8, go: 4, ge: 8
------------------------------------
experiment dir: /p/lava/parmik/partialMatcherProject/tools/baseline_ssw/SRR14381418/SarsGenome/IKT0_K11_PI85_M0_T1_SC1_P_2484_1111_2444_2288_2848
Directory already exists or could not be created: /p/lava/parmik/partialMatcherProject/tools/baseline_ssw/SRR14381418/SarsGenome/IKT0_K11_PI85_M0_T1_SC1_P_2484_1111_2444_2288_2848
numberOfReadsWithN : 0
queryCount : 1000
numberOfReadsWithN : 0
readCount : 15664284
offlineCheapIndexAddress: /p/lava/parmik/partialMatcherProject/tools/parmik/CK_INDEX/SRR14381418/ck_T0_K11_r17000000
offlineExpensiveIndexAddress: /p/lava/parmik/partialMatcherProject/tools/parmik/CK_INDEX/SRR14381418/ek_T0_K11_r17000000
pmrkAlignmentsAddress: /p/lava/parmik/partialMatcherProject/tools/baseline_ssw/SRR14381418/SarsGenome/IKT0_K11_PI85_M0_T1_SC1_P_2484_1111_2444_2288_2848/parmikAln.txt
Starting alignment for all queries [fwd]...
queryBaseIndex: 20000
query [20000]: # of matches found 66484 and it took: 83428.8ms
query [20001]: # of matches found 66129 and it took: 83752.3ms
query [20002]: # of matches found 65812 and it took: 83645.3ms
query [20003]: # of matches found 64848 and it took: 83648.8ms
query [20004]: # of matches found 64173 and it took: 83585.8ms
query [20005]: # of matches found 63653 and it took: 84142.2ms
query [20006]: # of matches found 61852 and it took: 84200ms
query [20007]: # of matches found 61752 and it took: 83957.9ms
query [20008]: # of matches found 62205 and it took: 83982.1ms
query [20009]: # of matches found 62263 and it took: 83872.5ms
query [20010]: # of matches found 62565 and it took: 84407.7ms
query [20011]: # of matches found 62683 and it took: 84725.6ms
query [20012]: # of matches found 62765 and it took: 84427.3ms
query [20013]: # of matches found 62808 and it took: 84527.3ms
query [20014]: # of matches found 62826 and it took: 84111.1ms
query [20015]: # of matches found 62707 and it took: 84573.4ms
query [20016]: # of matches found 62720 and it took: 84181.1ms
query [20017]: # of matches found 62261 and it took: 83672.4ms
query [20018]: # of matches found 62153 and it took: 84206.8ms
query [20019]: # of matches found 61953 and it took: 83544.4ms
query [20020]: # of matches found 61635 and it took: 84450.6ms
query [20021]: # of matches found 61637 and it took: 84599.3ms
query [20022]: # of matches found 61828 and it took: 84047ms
query [20023]: # of matches found 62094 and it took: 84288.6ms
query [20024]: # of matches found 62572 and it took: 84339.8ms
query [20025]: # of matches found 62699 and it took: 84710.5ms
query [20026]: # of matches found 62906 and it took: 84336.8ms
query [20027]: # of matches found 63079 and it took: 83758.7ms
query [20028]: # of matches found 63570 and it took: 84068.2ms
