no otherToolArg!
**********************CONFIGURATIONS*****************************
PARMIK mode:                  0
readDatabaseAddress:          /p/lava/parmik/partialMatcherProject/datasets/metagenomicDB/SRR14381434/SRR14381434_reads
readFileName:                 SRR14381434_reads
queryFileAddress:             /p/lava/parmik/partialMatcherProject/datasets/queryFiles/covidQueryFiles/NC_045512_queries
queryFileName:                NC_045512_queries
otherToolOutputFileAddress:   /u/rgq5aw/GIT/PARMIK/partialMatcherProject/tools/blast/SRR12432009/NC_045512/blastn_ws30_results.out
outputDir:                    /u/rgq5aw/GIT/PARMIK/partialMatcherProject/tools/parmik/SRR12432009/NC_045512/
readsCount:                   17000000
queryCount:                   30000
kmerLength:                   30
regionSize:                   50
minExactMatchLen:             30
overlapsize:                  29
cheapKmerThreshold:           0
minNumExactMatchKmer:         1
isIndexOffline:               0
offlineIndexAddress:          /p/lava/parmik/partialMatcherProject/tools/gt/SRR14381434/index/
isVeboseLog:                  0
**********************CONFIGURATIONS*****************************
numberOfReadsWithN : 0
readCount : 9488668
k-mer max size : 32, stringSize = 30
bp_jump_size : 1
<<<<<<<<<<<<<<<<<<<<<<<< Index Construction Started!!>>>>>>>>>>>>>>>>>>>>>>>>
The 0 100k contigs have been processed!
The 1 100k contigs have been processed!
The 2 100k contigs have been processed!
The 3 100k contigs have been processed!
The 4 100k contigs have been processed!
The 5 100k contigs have been processed!
The 6 100k contigs have been processed!
The 7 100k contigs have been processed!
The 8 100k contigs have been processed!
The 9 100k contigs have been processed!
The 10 100k contigs have been processed!
The 11 100k contigs have been processed!
The 12 100k contigs have been processed!
The 13 100k contigs have been processed!
The 14 100k contigs have been processed!
The 15 100k contigs have been processed!
The 16 100k contigs have been processed!
The 17 100k contigs have been processed!
The 18 100k contigs have been processed!
The 19 100k contigs have been processed!
The 20 100k contigs have been processed!
The 21 100k contigs have been processed!
The 22 100k contigs have been processed!
The 23 100k contigs have been processed!
The 24 100k contigs have been processed!
The 25 100k contigs have been processed!
The 26 100k contigs have been processed!
The 27 100k contigs have been processed!
The 28 100k contigs have been processed!
The 29 100k contigs have been processed!
The 30 100k contigs have been processed!
The 31 100k contigs have been processed!
The 32 100k contigs have been processed!
The 33 100k contigs have been processed!
The 34 100k contigs have been processed!
The 35 100k contigs have been processed!
The 36 100k contigs have been processed!
The 37 100k contigs have been processed!
The 38 100k contigs have been processed!
The 39 100k contigs have been processed!
The 40 100k contigs have been processed!
The 41 100k contigs have been processed!
The 42 100k contigs have been processed!
The 43 100k contigs have been processed!
The 44 100k contigs have been processed!
The 45 100k contigs have been processed!
The 46 100k contigs have been processed!
The 47 100k contigs have been processed!
The 48 100k contigs have been processed!
The 49 100k contigs have been processed!
The 50 100k contigs have been processed!
The 51 100k contigs have been processed!
The 52 100k contigs have been processed!
The 53 100k contigs have been processed!
The 54 100k contigs have been processed!
The 55 100k contigs have been processed!
The 56 100k contigs have been processed!
The 57 100k contigs have been processed!
The 58 100k contigs have been processed!
The 59 100k contigs have been processed!
The 60 100k contigs have been processed!
The 61 100k contigs have been processed!
The 62 100k contigs have been processed!
The 63 100k contigs have been processed!
The 64 100k contigs have been processed!
The 65 100k contigs have been processed!
The 66 100k contigs have been processed!
The 67 100k contigs have been processed!
The 68 100k contigs have been processed!
The 69 100k contigs have been processed!
The 70 100k contigs have been processed!
The 71 100k contigs have been processed!
The 72 100k contigs have been processed!
The 73 100k contigs have been processed!
The 74 100k contigs have been processed!
The 75 100k contigs have been processed!
The 76 100k contigs have been processed!
The 77 100k contigs have been processed!
The 78 100k contigs have been processed!
The 79 100k contigs have been processed!
The 80 100k contigs have been processed!
The 81 100k contigs have been processed!
The 82 100k contigs have been processed!
The 83 100k contigs have been processed!
The 84 100k contigs have been processed!
The 85 100k contigs have been processed!
The 86 100k contigs have been processed!
The 87 100k contigs have been processed!
The 88 100k contigs have been processed!
The 89 100k contigs have been processed!
The 90 100k contigs have been processed!
The 91 100k contigs have been processed!
The 92 100k contigs have been processed!
The 93 100k contigs have been processed!
The 94 100k contigs have been processed!
Index Construction took: 680.98 seconds
Number of kmers:                        1148128828
Number of contigs:                      9488668
Size of inverted index:                 1148128828
Number of Reads Containing N:           0
<<<<<<<<<<<<<<<<<<<<<<<Index Construction Ended!!>>>>>>>>>>>>>>>>>>>>>>> 
<<<<<<<<<<<<<<<<<<<<<<<<Cheap Kmers Collection Started!!>>>>>>>>>>>>>>>>>>>>>>>>
cheap k-mer threshold:        0
Cheap Kmers Collection Time:  581.45 seconds
Total k-mers:                 1148128828
Distinct k-mers:              199107428 [17% of totalkmers]
Unique k-mers:                149879574 [75% of distinctKmers]
Cheap k-mers:                 199107428 [100% of distinctKmers]
Expensive k-mers:             0 [0% of distinctKmers]
Most expensive k-mer has:     0 read ptr
<<<<<<<<<<<<<<<<<<<<<<<<CollectCheapKmers Ended!!>>>>>>>>>>>>>>>>>>>>>>>>
Cheap Kmers Serialization Time: 262.99 seconds
