no kmerRangesFileAddressArg!
**********************CONFIGURATIONS*****************************
PARMIK mode:                  4
readDatabaseAddress:          /p/lava/parmik/partialMatcherProject/datasets/metagenomicDB/SRR14381434/SRR14381434_reads
readFileName:                 SRR14381434_reads
queryFileAddress:             /p/lava/parmik/partialMatcherProject/datasets/queryFiles/covidQueryFiles/NC_045512_queries
queryFileName:                NC_045512_queries
otherToolOutputFileAddress:   /p/lava/parmik/partialMatcherProject/tools/parmik/CK_SSW_ID_PRCNTG/SRR14381434/NC_045512/aln/pmAln_R48_PI90_L14_M4_E2_K11_T0_P_2484_1111_2444_2288_2848.txt
outputDir:                    /p/lava/parmik/partialMatcherProject/tools/parmik/IK_SSW_PF/SRR14381434/NC_045512
penaltyFileAddress:           /u/rgq5aw/GIT/PARMIK/experiments/parmik/CK_SSW_ID_PRCNTG/PenaltySets/2484_1111_2444_2288_2848
kmerRangesFileAddress:        
readsCount:                   17000000
queryCount:                   30000
kmerLength:                   11
regionSize:                   48
cheapKmerThreshold:           0
percentageIdentity:           0.9
minExactMatchLen:             14
numThreads:                   1
isSecondChanceOff:            T
minNumExactMatchKmer:         4
isIndexOffline:               1
offlineIndexAddress:          /p/lava/parmik/partialMatcherProject/tools/parmik/CK_INDEX/SRR14381434/
baselineBaseAddress:          /p/lava/parmik/partialMatcherProject/tools/baseline_ssw/SRR14381434/NC_045512
max editDistance in min region: 2
otherTool:                    parmik
**********************CONFIGURATIONS*****************************
--------------Penalties--------------
m: 2, s: 4, go: 8, ge: 4
m: 1, s: 1, go: 1, ge: 1
m: 2, s: 4, go: 4, ge: 4
m: 2, s: 2, go: 8, ge: 8
m: 2, s: 8, go: 4, ge: 8
------------------------------------
experiment dir: /p/lava/parmik/partialMatcherProject/tools/parmik/IK_SSW_PF/SRR14381434/NC_045512/IKT0_K11_PI90_M4_T1_SC0_P_2484_1111_2444_2288_2848
Directory already exists or could not be created: /p/lava/parmik/partialMatcherProject/tools/parmik/IK_SSW_PF/SRR14381434/NC_045512/IKT0_K11_PI90_M4_T1_SC0_P_2484_1111_2444_2288_2848
numberOfReadsWithN : 0
queryCount : 29754
numberOfReadsWithN : 0
readCount : 9488668
offlineCheapIndexAddress: /p/lava/parmik/partialMatcherProject/tools/parmik/CK_INDEX/SRR14381434/ck_T0_K11_r17000000
offlineExpensiveIndexAddress: /p/lava/parmik/partialMatcherProject/tools/parmik/CK_INDEX/SRR14381434/ek_T0_K11_r17000000
pmrkAlignmentsAddress: /p/lava/parmik/partialMatcherProject/tools/parmik/IK_SSW_PF/SRR14381434/NC_045512/IKT0_K11_PI90_M4_T1_SC0_P_2484_1111_2444_2288_2848/parmikAln.txt
updated otherToolOutputFileAddress alignments file: /p/lava/parmik/partialMatcherProject/tools/parmik/IK_SSW_PF/SRR14381434/NC_045512/IKT0_K11_PI90_M4_T1_SC0_P_2484_1111_2444_2288_2848/parmikAln.txt
Comparing Baseline and parmik
cmp file address: /p/lava/parmik/partialMatcherProject/tools/parmik/IK_SSW_PF/SRR14381434/NC_045512/IKT0_K11_PI90_M4_T1_SC0_P_2484_1111_2444_2288_2848/cmp_Baseline_parmik.txt
queries processed: 0 / 29754
Sam: Read 35435085 alignments.
queries processed: 1000 / 29754
Sam: Read 39165091 alignments.
queries processed: 2000 / 29754
Sam: Read 51342688 alignments.
queries processed: 3000 / 29754
Sam: Read 38169316 alignments.
queries processed: 4000 / 29754
Sam: Read 33972431 alignments.
queries processed: 5000 / 29754
Sam: Read 31135974 alignments.
queries processed: 6000 / 29754
Sam: Read 35209899 alignments.
queries processed: 7000 / 29754
Sam: Read 31096546 alignments.
queries processed: 8000 / 29754
Sam: Read 44946668 alignments.
queries processed: 9000 / 29754
Sam: Read 48409334 alignments.
queries processed: 10000 / 29754
Sam: Read 103466341 alignments.
queries processed: 11000 / 29754
Sam: Read 35585708 alignments.
queries processed: 12000 / 29754
Sam: Read 37007576 alignments.
