no otherToolArg!
**********************CONFIGURATIONS*****************************
PARMIK mode:                  1
readDatabaseAddress:          /p/lava/parmik/partialMatcherProject/datasets/metagenomicDB/SRR14381425/SRR14381425_reads
readFileName:                 SRR14381425_reads
queryFileAddress:             /p/lava/parmik/partialMatcherProject/datasets/queryFiles/covidQueryFiles/RmYN02_queries
queryFileName:                RmYN02_queries
otherToolOutputFileAddress:   /u/rgq5aw/GIT/PARMIK/partialMatcherProject/tools/blast/SRR12432009/NC_045512/blastn_ws30_results.out
outputDir:                    /p/lava/parmik/partialMatcherProject/tools/parmik/SRR14381425/RmYN02
readsCount:                   27000000
queryCount:                   30000
kmerLength:                   15
regionSize:                   50
minExactMatchLen:             30
overlapsize:                  14
cheapKmerThreshold:           500
minNumExactMatchKmer:         16
isIndexOffline:               1
offlineIndexAddress:          /p/lava/parmik/partialMatcherProject/tools/parmik/SRR14381425/index/
isVeboseLog:                  0
**********************CONFIGURATIONS*****************************
numberOfReadsWithN : 0
queryCount : 29522
numberOfReadsWithN : 0
readCount : 19837502
Cheap Kmers Deserialization Time: 388.80 seconds
k-mer max size : 16, stringSize = 15
<<<<<<<<<<<<<<<<< Partial Matcher based on Cheap Kmers Started!! >>>>>>>>>>>>>>>>>>
Partial Mathing based on Cheap Kmer took: 0.81 seconds
------------more partial matching statistics-------------
Number of cheap seeds per query up to q (29522) => Front [average: 0, median: 0, mean: 0] - Back [average: 0, median: 0, mean: 0]
Number of cheap seeds in matched read per query up to q (29522) => [average: 18, median: 19, mean: 18]
Number of reads with at least 1 similar cheap seed per query up to q (29522) => Front [average: 201, median: 184, mean: 201] - Back [average: 201, median: 184, mean: 201]
Number of matches with at least min threshold (16) seeds per query up to q (29522) => Front [average: 1, median: 2, mean: 1] - Back [average: 1, median: 2, mean: 1]
Query time for queries up to q(29522) => [average: 0.000028, median: 0.000023, mean: 0.000028]
--------------------------------------------------------
------------partial matching timing details-------------
extractKmersFromRegions_totalExeTime =  189341649 nanoseconds, 0.19 seconds, 189.34 milliseconds
collectCheapSeeds_totalExeTime =        374971228 nanoseconds, 0.37 seconds, 374.97 milliseconds
findMatchedReadWithHihestSeeds_totalExeTime = 26393677 nanoseconds, 0.03 seconds, 26.39 milliseconds
--------------------------------------------------------
<<<<<<<<<<<<<<<<< Partial Matcher based on Cheap Kmers  Ended!! >>>>>>>>>>>>>>>>>>
<<<<<<<<<<<<<<<<< Partial Matcher based on Cheap Kmers Started!! >>>>>>>>>>>>>>>>>>
Partial Mathing based on Cheap Kmer took: 0.80 seconds
------------more partial matching statistics-------------
Number of cheap seeds per query up to q (29522) => Front [average: 0, median: 0, mean: 0] - Back [average: 0, median: 0, mean: 0]
Number of cheap seeds in matched read per query up to q (29522) => [average: 18, median: 19, mean: 18]
Number of reads with at least 1 similar cheap seed per query up to q (29522) => Front [average: 198, median: 187, mean: 198] - Back [average: 198, median: 187, mean: 198]
Number of matches with at least min threshold (16) seeds per query up to q (29522) => Front [average: 1, median: 2, mean: 1] - Back [average: 1, median: 2, mean: 1]
Query time for queries up to q(29522) => [average: 0.000027, median: 0.000023, mean: 0.000027]
--------------------------------------------------------
------------partial matching timing details-------------
extractKmersFromRegions_totalExeTime =  190052093 nanoseconds, 0.19 seconds, 190.05 milliseconds
collectCheapSeeds_totalExeTime =        368616438 nanoseconds, 0.37 seconds, 368.62 milliseconds
findMatchedReadWithHihestSeeds_totalExeTime = 26503471 nanoseconds, 0.03 seconds, 26.50 milliseconds
--------------------------------------------------------
<<<<<<<<<<<<<<<<< Partial Matcher based on Cheap Kmers  Ended!! >>>>>>>>>>>>>>>>>>
k-mer max size : 32, stringSize = 30
seed find and extension time (micro second) for queries up to q(29522) => [average: 1991.678344, median: 1482.000000, mean: 1991.678344]
# of queries that pm did not find match : 29004
seed find and extension time (micro second) for queries up to q(29522) => [average: 2065.568047, median: 1523.000000, mean: 2065.568047]
# of queries that pm did not find match : 28892
