no kmerRangesFileAddressArg!
**********************CONFIGURATIONS*****************************
PARMIK mode:                  4
readDatabaseAddress:          /p/lava/parmik/partialMatcherProject/datasets/metagenomicDB/SRR14381434/SRR14381434_reads
readFileName:                 SRR14381434_reads
queryFileAddress:             /p/lava/parmik/partialMatcherProject/datasets/queryFiles/covidQueryFiles/NC_045512_queries
queryFileName:                NC_045512_queries
otherToolOutputFileAddress:   /p/lava/parmik/partialMatcherProject/tools/blast/SRR14381434/NC_045512/blastn_ws11_pi90_results.out
outputDir:                    /p/lava/parmik/partialMatcherProject/tools/parmik/CK_SSW_ID_PRCNTG/SRR14381434/NC_045512
penaltyFileAddress:           /u/rgq5aw/GIT/PARMIK/experiments/parmik/CK_SSW_ID_PRCNTG/PenaltySets/2484_1111_2444_2288_2848
kmerRangesFileAddress:        
readsCount:                   17000000
queryCount:                   30000
kmerLength:                   11
regionSize:                   48
cheapKmerThreshold:           0
identityPercentage:           0.9
minExactMatchLen:             14
minNumExactMatchKmer:         4
isIndexOffline:               1
offlineIndexAddress:          /p/lava/parmik/partialMatcherProject/tools/parmik/CK_INDEX/SRR14381434/
baselineBaseAddress:          /p/lava/parmik/partialMatcherProject/tools/baseline_ssw/SRR14381434/NC_045512
max editDistance in min region: 2
**********************CONFIGURATIONS*****************************
--------------Penalties--------------
m: 2, s: 4, go: 8, ge: 4
m: 1, s: 1, go: 1, ge: 1
m: 2, s: 4, go: 4, ge: 4
m: 2, s: 2, go: 8, ge: 8
m: 2, s: 8, go: 4, ge: 8
------------------------------------
numberOfReadsWithN : 0
queryCount : 29754
numberOfReadsWithN : 0
readCount : 9488668
offlineCheapIndexAddress: /p/lava/parmik/partialMatcherProject/tools/parmik/CK_INDEX/SRR14381434/ck_T0_K11_r17000000
pmrkAlignmentsAddress: /p/lava/parmik/partialMatcherProject/tools/parmik/CK_SSW_ID_PRCNTG/SRR14381434/NC_045512/aln/pmAln_R48_PI90_L14_M4_E2_K11_T0_P_2484_1111_2444_2288_2848.txt
Comparing Baseline and blast
cmp file address: /p/lava/parmik/partialMatcherProject/tools/parmik/CK_SSW_ID_PRCNTG/SRR14381434/NC_045512/blcmp/blast/blcmp_R48_PI90_L14_M4_E2_K11_T0_P_2484_1111_2444_2288_2848.txt
queries processed: 0 / 29754
Sam: Read 35435085 alignments.
queries processed: 1000 / 29754
Sam: Read 39165091 alignments.
queries processed: 2000 / 29754
Sam: Read 51342688 alignments.
queries processed: 3000 / 29754
Sam: Read 38169316 alignments.
queries processed: 4000 / 29754
Sam: Read 33972431 alignments.
queries processed: 5000 / 29754
Sam: Read 31135974 alignments.
queries processed: 6000 / 29754
Sam: Read 35209899 alignments.
queries processed: 7000 / 29754
Sam: Read 31096546 alignments.
queries processed: 8000 / 29754
Sam: Read 44946668 alignments.
queries processed: 9000 / 29754
Sam: Read 48409334 alignments.
queries processed: 10000 / 29754
Sam: Read 103466341 alignments.
queries processed: 11000 / 29754
Sam: Read 35585708 alignments.
queries processed: 12000 / 29754
Sam: Read 37007576 alignments.
queries processed: 13000 / 29754
Sam: Read 49154343 alignments.
queries processed: 14000 / 29754
Sam: Read 33347180 alignments.
queries processed: 15000 / 29754
Sam: Read 34038534 alignments.
queries processed: 16000 / 29754
Sam: Read 62250657 alignments.
queries processed: 17000 / 29754
Sam: Read 64465711 alignments.
queries processed: 18000 / 29754
Sam: Read 33599102 alignments.
queries processed: 19000 / 29754
Sam: Read 36961380 alignments.
queries processed: 20000 / 29754
Sam: Read 78821875 alignments.
queries processed: 21000 / 29754
Sam: Read 0 alignments.
queries processed: 22000 / 29754
Sam: Read 42131837 alignments.
queries processed: 23000 / 29754
Sam: Read 37626704 alignments.
queries processed: 24000 / 29754
Sam: Read 35030143 alignments.
queries processed: 25000 / 29754
Sam: Read 114100944 alignments.
queries processed: 26000 / 29754
Sam: Read 26752248 alignments.
queries processed: 27000 / 29754
Sam: Read 36997117 alignments.
queries processed: 28000 / 29754
Sam: Read 40095958 alignments.
queries processed: 29000 / 29754
Sam: Read 24172813 alignments.
