no kmerRangesFileAddressArg!
no baselineBaseAddress!
no otherToolArg!
**********************CONFIGURATIONS*****************************
PARMIK mode:                  3
readDatabaseAddress:          /p/lava/parmik/partialMatcherProject/datasets/metagenomicDB/SRR14381434/SRR14381434_reads
readFileName:                 SRR14381434_reads
queryFileAddress:             /p/lava/parmik/partialMatcherProject/datasets/queryFiles/covidQueryFiles/SarsGenome_chunks/SarsGenome_queries_29000-29999
queryFileName:                SarsGenome_queries_29000-29999
otherToolOutputFileAddress:   /u/rgq5aw/GIT/PARMIK/partialMatcherProject/tools/blast/SRR14381434/SarsGenome/blastn_ws30_results.out
outputDir:                    /p/lava/parmik/partialMatcherProject/tools/baseline_ssw/SRR14381434/SarsGenome
penaltyFileAddress:           /u/rgq5aw/GIT/PARMIK/experiments/parmik/CK_SSW_ID_PRCNTG/PenaltySets/2484_1111_2444_2288_2848
kmerRangesFileAddress:        
readsCount:                   17000000
queryCount:                   30000
kmerLength:                   11
regionSize:                   48
cheapKmerThreshold:           0
identityPercentage:           0.85
minExactMatchLen:             0
minNumExactMatchKmer:         0
isIndexOffline:               1
offlineIndexAddress:          /p/lava/parmik/partialMatcherProject/tools/parmik/CK_INDEX/SRR14381434/
baselineBaseAddress:          
max editDistance in min region: 2
**********************CONFIGURATIONS*****************************
--------------Penalties--------------
m: 2, s: 4, go: 8, ge: 4
m: 1, s: 1, go: 1, ge: 1
m: 2, s: 4, go: 4, ge: 4
m: 2, s: 2, go: 8, ge: 8
m: 2, s: 8, go: 4, ge: 8
------------------------------------
numberOfReadsWithN : 0
queryCount : 602
numberOfReadsWithN : 0
readCount : 9488668
offlineCheapIndexAddress: /p/lava/parmik/partialMatcherProject/tools/parmik/CK_INDEX/SRR14381434/ck_T0_K11_r17000000
pmrkAlignmentsAddress: /p/lava/parmik/partialMatcherProject/tools/baseline_ssw/SRR14381434/SarsGenome/aln/pmAln_R48_PI85_L0_M0_E2_K11_T0_P_2484_1111_2444_2288_2848.txt
Starting alignment for all queries [fwd]...
queryBaseIndex: 29000
query [29000]: # of matches found 12939 and it took: 24974.1ms
query [29001]: # of matches found 12946 and it took: 24806.1ms
query [29002]: # of matches found 12936 and it took: 24821ms
query [29003]: # of matches found 12995 and it took: 24976.6ms
query [29004]: # of matches found 13018 and it took: 24945.2ms
query [29005]: # of matches found 12963 and it took: 24838.6ms
query [29006]: # of matches found 12980 and it took: 25142.7ms
query [29007]: # of matches found 13092 and it took: 24963ms
query [29008]: # of matches found 13072 and it took: 24303.5ms
query [29009]: # of matches found 13019 and it took: 24667ms
query [29010]: # of matches found 13106 and it took: 24757.2ms
query [29011]: # of matches found 12046 and it took: 24735.5ms
query [29012]: # of matches found 12017 and it took: 24732.2ms
query [29013]: # of matches found 11971 and it took: 24935.4ms
query [29014]: # of matches found 13695 and it took: 24749.7ms
query [29015]: # of matches found 13663 and it took: 24550.6ms
query [29016]: # of matches found 13738 and it took: 24901.4ms
query [29017]: # of matches found 12408 and it took: 24796ms
query [29018]: # of matches found 12350 and it took: 24103ms
query [29019]: # of matches found 12379 and it took: 24546.9ms
query [29020]: # of matches found 12289 and it took: 24673.9ms
query [29021]: # of matches found 12150 and it took: 24602.9ms
query [29022]: # of matches found 12176 and it took: 24555.2ms
query [29023]: # of matches found 12183 and it took: 24679.6ms
query [29024]: # of matches found 12553 and it took: 24559.4ms
query [29025]: # of matches found 12682 and it took: 24309.2ms
query [29026]: # of matches found 13299 and it took: 24556.5ms
query [29027]: # of matches found 13297 and it took: 24389.8ms
query [29028]: # of matches found 13278 and it took: 23898.8ms
query [29029]: # of matches found 13217 and it took: 24233.4ms
query [29030]: # of matches found 13188 and it took: 24629.1ms
query [29031]: # of matches found 13258 and it took: 24493ms
query [29032]: # of matches found 13261 and it took: 24551.7ms
query [29033]: # of matches found 15597 and it took: 24781.7ms
query [29034]: # of matches found 15535 and it took: 24667.4ms
query [29035]: # of matches found 15584 and it took: 24341.2ms
query [29036]: # of matches found 15616 and it took: 24742.9ms
query [29037]: # of matches found 15971 and it took: 24652.4ms
query [29038]: # of matches found 16262 and it took: 24037.8ms
query [29039]: # of matches found 16263 and it took: 24355.8ms
query [29040]: # of matches found 16268 and it took: 24738.5ms
query [29041]: # of matches found 16418 and it took: 24572.3ms
query [29042]: # of matches found 16314 and it took: 24478.4ms
query [29043]: # of matches found 16333 and it took: 24561.3ms
query [29044]: # of matches found 16347 and it took: 24378.6ms
query [29045]: # of matches found 16289 and it took: 23940ms
query [29046]: # of matches found 16239 and it took: 24301.5ms
query [29047]: # of matches found 16141 and it took: 24220.7ms
query [29048]: # of matches found 16044 and it took: 23936ms
query [29049]: # of matches found 16060 and it took: 23976.9ms
query [29050]: # of matches found 15953 and it took: 24338ms
query [29051]: # of matches found 15860 and it took: 24067.6ms
query [29052]: # of matches found 15804 and it took: 24237.8ms
query [29053]: # of matches found 15790 and it took: 24481.5ms
query [29054]: # of matches found 15795 and it took: 24049.3ms
query [29055]: # of matches found 15786 and it took: 23727.3ms
query [29056]: # of matches found 15871 and it took: 23852.1ms
query [29057]: # of matches found 15845 and it took: 23673.6ms
query [29058]: # of matches found 19322 and it took: 23354.2ms
query [29059]: # of matches found 19613 and it took: 23400.5ms
query [29060]: # of matches found 20135 and it took: 23599.6ms
query [29061]: # of matches found 20150 and it took: 23514.3ms
query [29062]: # of matches found 20202 and it took: 23704.7ms
query [29063]: # of matches found 20134 and it took: 23846.2ms
query [29064]: # of matches found 20088 and it took: 23736.1ms
query [29065]: # of matches found 19946 and it took: 23631.6ms
query [29066]: # of matches found 19977 and it took: 23584.3ms
query [29067]: # of matches found 20419 and it took: 23663.6ms
query [29068]: # of matches found 20502 and it took: 23454.6ms
query [29069]: # of matches found 20858 and it took: 23234.1ms
query [29070]: # of matches found 20980 and it took: 23142.4ms
query [29071]: # of matches found 21135 and it took: 22976ms
query [29072]: # of matches found 21296 and it took: 23234.7ms
query [29073]: # of matches found 21461 and it took: 23087.1ms
query [29074]: # of matches found 21493 and it took: 23034.7ms
query [29075]: # of matches found 21539 and it took: 22868.1ms
query [29076]: # of matches found 21572 and it took: 22714.8ms
query [29077]: # of matches found 21584 and it took: 22512.3ms
query [29078]: # of matches found 21559 and it took: 22276.8ms
query [29079]: # of matches found 21430 and it took: 22566.4ms
query [29080]: # of matches found 21368 and it took: 22465.4ms
query [29081]: # of matches found 21331 and it took: 22352ms
query [29082]: # of matches found 21303 and it took: 22789.4ms
query [29083]: # of matches found 21262 and it took: 22476.5ms
query [29084]: # of matches found 21292 and it took: 22179.5ms
query [29085]: # of matches found 21238 and it took: 22093.3ms
query [29086]: # of matches found 21257 and it took: 21976.1ms
query [29087]: # of matches found 21372 and it took: 22040.4ms
query [29088]: # of matches found 21512 and it took: 21788.9ms
query [29089]: # of matches found 21537 and it took: 21836.5ms
query [29090]: # of matches found 21632 and it took: 21629.8ms
query [29091]: # of matches found 21691 and it took: 21485.8ms
query [29092]: # of matches found 21857 and it took: 21678.2ms
query [29093]: # of matches found 22021 and it took: 21501.5ms
query [29094]: # of matches found 22768 and it took: 21353.3ms
query [29095]: # of matches found 23138 and it took: 21376.8ms
query [29096]: # of matches found 28423 and it took: 21246.4ms
query [29097]: # of matches found 28797 and it took: 21253.9ms
query [29098]: # of matches found 29539 and it took: 21060.6ms
query [29099]: # of matches found 29705 and it took: 21196.8ms
query [29100]: # of matches found 29720 and it took: 21022.5ms
query [29101]: # of matches found 30020 and it took: 20794.6ms
query [29102]: # of matches found 29744 and it took: 20970.1ms
query [29103]: # of matches found 29581 and it took: 20899.8ms
query [29104]: # of matches found 29614 and it took: 20828.1ms
query [29105]: # of matches found 29609 and it took: 20884.5ms
query [29106]: # of matches found 29563 and it took: 20671.2ms
query [29107]: # of matches found 29580 and it took: 20684.2ms
query [29108]: # of matches found 29538 and it took: 20558ms
query [29109]: # of matches found 29524 and it took: 20594.3ms
query [29110]: # of matches found 29610 and it took: 20542ms
query [29111]: # of matches found 29899 and it took: 20256.9ms
query [29112]: # of matches found 29657 and it took: 20463.8ms
query [29113]: # of matches found 29681 and it took: 20590.7ms
query [29114]: # of matches found 29681 and it took: 20360ms
query [29115]: # of matches found 29701 and it took: 20463.7ms
query [29116]: # of matches found 29726 and it took: 20386.6ms
query [29117]: # of matches found 29682 and it took: 20312.3ms
query [29118]: # of matches found 29723 and it took: 20308.4ms
query [29119]: # of matches found 30152 and it took: 20262.8ms
query [29120]: # of matches found 30184 and it took: 20332ms
query [29121]: # of matches found 30449 and it took: 20067.1ms
query [29122]: # of matches found 30341 and it took: 20334.7ms
query [29123]: # of matches found 30254 and it took: 20315.5ms
query [29124]: # of matches found 30257 and it took: 20237.4ms
query [29125]: # of matches found 30277 and it took: 20505.2ms
query [29126]: # of matches found 30414 and it took: 20401ms
query [29127]: # of matches found 30756 and it took: 20322.5ms
query [29128]: # of matches found 30826 and it took: 20439.6ms
query [29129]: # of matches found 30734 and it took: 20487.9ms
query [29130]: # of matches found 30618 and it took: 20443.8ms
query [29131]: # of matches found 30880 and it took: 20383.1ms
query [29132]: # of matches found 30658 and it took: 20545.9ms
query [29133]: # of matches found 30811 and it took: 20525.4ms
query [29134]: # of matches found 30827 and it took: 20417.8ms
query [29135]: # of matches found 30899 and it took: 20540.8ms
query [29136]: # of matches found 30953 and it took: 20509.1ms
query [29137]: # of matches found 30940 and it took: 20419ms
query [29138]: # of matches found 30956 and it took: 20374.7ms
query [29139]: # of matches found 31027 and it took: 20304.4ms
query [29140]: # of matches found 31034 and it took: 20431.8ms
query [29141]: # of matches found 31387 and it took: 20249.8ms
query [29142]: # of matches found 31193 and it took: 20527.5ms
query [29143]: # of matches found 31209 and it took: 20466.3ms
query [29144]: # of matches found 31258 and it took: 20426.9ms
query [29145]: # of matches found 31380 and it took: 20546.9ms
query [29146]: # of matches found 31636 and it took: 20545.1ms
query [29147]: # of matches found 31526 and it took: 20396.1ms
query [29148]: # of matches found 31501 and it took: 20435.9ms
query [29149]: # of matches found 31464 and it took: 20544.3ms
query [29150]: # of matches found 31408 and it took: 20620.3ms
query [29151]: # of matches found 31606 and it took: 20617.9ms
query [29152]: # of matches found 31334 and it took: 20820ms
query [29153]: # of matches found 31259 and it took: 20860.1ms
query [29154]: # of matches found 29492 and it took: 20819.1ms
query [29155]: # of matches found 29476 and it took: 20950ms
query [29156]: # of matches found 29438 and it took: 21107.1ms
query [29157]: # of matches found 29343 and it took: 20998.3ms
query [29158]: # of matches found 29304 and it took: 21101.2ms
query [29159]: # of matches found 29347 and it took: 21086ms
query [29160]: # of matches found 29482 and it took: 21168.8ms
query [29161]: # of matches found 29942 and it took: 21190.9ms
query [29162]: # of matches found 29790 and it took: 21353.7ms
query [29163]: # of matches found 29845 and it took: 21197ms
query [29164]: # of matches found 29491 and it took: 21263.7ms
query [29165]: # of matches found 29866 and it took: 21494.3ms
query [29166]: # of matches found 29184 and it took: 21573.6ms
query [29167]: # of matches found 29432 and it took: 21456.3ms
query [29168]: # of matches found 29715 and it took: 21465.5ms
query [29169]: # of matches found 29810 and it took: 21728.8ms
query [29170]: # of matches found 29823 and it took: 21738.1ms
query [29171]: # of matches found 30025 and it took: 21742.5ms
query [29172]: # of matches found 29728 and it took: 21760.6ms
query [29173]: # of matches found 27452 and it took: 21716.6ms
query [29174]: # of matches found 27412 and it took: 21775.5ms
query [29175]: # of matches found 27344 and it took: 21944.9ms
query [29176]: # of matches found 27334 and it took: 21892.1ms
query [29177]: # of matches found 27030 and it took: 21848.6ms
query [29178]: # of matches found 26711 and it took: 21826.9ms
query [29179]: # of matches found 26689 and it took: 21951.3ms
query [29180]: # of matches found 26774 and it took: 22035.8ms
query [29181]: # of matches found 26944 and it took: 21999.6ms
query [29182]: # of matches found 26614 and it took: 21997.4ms
query [29183]: # of matches found 26561 and it took: 21983.9ms
query [29184]: # of matches found 26477 and it took: 22059.1ms
query [29185]: # of matches found 26486 and it took: 22121.1ms
query [29186]: # of matches found 26587 and it took: 22161.4ms
query [29187]: # of matches found 26614 and it took: 22125.4ms
query [29188]: # of matches found 26714 and it took: 22093.6ms
query [29189]: # of matches found 26739 and it took: 22221.5ms
query [29190]: # of matches found 26698 and it took: 22218.9ms
query [29191]: # of matches found 27014 and it took: 22284ms
query [29192]: # of matches found 27419 and it took: 22232.2ms
query [29193]: # of matches found 27411 and it took: 22221.6ms
query [29194]: # of matches found 27536 and it took: 22273.4ms
query [29195]: # of matches found 27638 and it took: 22404.5ms
query [29196]: # of matches found 27661 and it took: 22517.7ms
query [29197]: # of matches found 27767 and it took: 22475.6ms
query [29198]: # of matches found 24311 and it took: 22365.1ms
query [29199]: # of matches found 24135 and it took: 22474ms
query [29200]: # of matches found 23664 and it took: 22528.7ms
query [29201]: # of matches found 23871 and it took: 22552.4ms
query [29202]: # of matches found 23593 and it took: 22481.2ms
query [29203]: # of matches found 26037 and it took: 22445ms
query [29204]: # of matches found 26209 and it took: 22457.6ms
query [29205]: # of matches found 26267 and it took: 22552.3ms
query [29206]: # of matches found 26211 and it took: 22687.9ms
query [29207]: # of matches found 26069 and it took: 22657.9ms
query [29208]: # of matches found 25595 and it took: 22544.2ms
query [29209]: # of matches found 25568 and it took: 22683.7ms
query [29210]: # of matches found 25153 and it took: 22773ms
query [29211]: # of matches found 25275 and it took: 22836.7ms
query [29212]: # of matches found 24861 and it took: 22812.4ms
query [29213]: # of matches found 24767 and it took: 22739.3ms
query [29214]: # of matches found 24823 and it took: 22871.2ms
query [29215]: # of matches found 24818 and it took: 23053.5ms
query [29216]: # of matches found 24743 and it took: 23143.4ms
query [29217]: # of matches found 24692 and it took: 23048.5ms
query [29218]: # of matches found 24887 and it took: 22904ms
query [29219]: # of matches found 25435 and it took: 23162.1ms
query [29220]: # of matches found 25498 and it took: 23283.6ms
query [29221]: # of matches found 25874 and it took: 23310.1ms
query [29222]: # of matches found 25739 and it took: 23519.1ms
query [29223]: # of matches found 25807 and it took: 23589.4ms
query [29224]: # of matches found 25966 and it took: 23722.1ms
query [29225]: # of matches found 26029 and it took: 23771.3ms
query [29226]: # of matches found 26064 and it took: 23827.1ms
query [29227]: # of matches found 26405 and it took: 23806.4ms
query [29228]: # of matches found 26329 and it took: 23605.1ms
query [29229]: # of matches found 26341 and it took: 24060.5ms
query [29230]: # of matches found 26396 and it took: 23973.5ms
query [29231]: # of matches found 26387 and it took: 24041.1ms
query [29232]: # of matches found 26255 and it took: 24097.8ms
query [29233]: # of matches found 26194 and it took: 24037.1ms
query [29234]: # of matches found 25775 and it took: 24148.5ms
query [29235]: # of matches found 25569 and it took: 24249.2ms
query [29236]: # of matches found 20044 and it took: 24345.8ms
query [29237]: # of matches found 19597 and it took: 24479.2ms
query [29238]: # of matches found 17703 and it took: 24797.5ms
query [29239]: # of matches found 17337 and it took: 24533.2ms
query [29240]: # of matches found 17317 and it took: 24630ms
query [29241]: # of matches found 17299 and it took: 24564.5ms
query [29242]: # of matches found 17266 and it took: 24479.9ms
query [29243]: # of matches found 17273 and it took: 24429.3ms
query [29244]: # of matches found 17268 and it took: 24509.8ms
query [29245]: # of matches found 17231 and it took: 24376ms
query [29246]: # of matches found 17211 and it took: 24430.4ms
query [29247]: # of matches found 17179 and it took: 24470.9ms
query [29248]: # of matches found 17147 and it took: 23957.5ms
query [29249]: # of matches found 17104 and it took: 23997.7ms
query [29250]: # of matches found 17090 and it took: 24099.1ms
query [29251]: # of matches found 17056 and it took: 23933.2ms
query [29252]: # of matches found 17001 and it took: 23860.6ms
query [29253]: # of matches found 17022 and it took: 23967.8ms
query [29254]: # of matches found 17075 and it took: 23836.8ms
query [29255]: # of matches found 17109 and it took: 23711.2ms
query [29256]: # of matches found 17102 and it took: 23846.1ms
query [29257]: # of matches found 17116 and it took: 23793.4ms
query [29258]: # of matches found 17325 and it took: 23485.5ms
query [29259]: # of matches found 16878 and it took: 23707.7ms
query [29260]: # of matches found 16910 and it took: 23644.9ms
query [29261]: # of matches found 16938 and it took: 23677.1ms
query [29262]: # of matches found 16867 and it took: 23522.2ms
query [29263]: # of matches found 16865 and it took: 23528.5ms
query [29264]: # of matches found 16878 and it took: 23713ms
query [29265]: # of matches found 16982 and it took: 23761.9ms
query [29266]: # of matches found 16860 and it took: 23635ms
query [29267]: # of matches found 16848 and it took: 23723.1ms
query [29268]: # of matches found 16417 and it took: 23455.3ms
query [29269]: # of matches found 16327 and it took: 23785.6ms
query [29270]: # of matches found 16386 and it took: 24146ms
query [29271]: # of matches found 16364 and it took: 23887ms
query [29272]: # of matches found 16274 and it took: 23566.3ms
query [29273]: # of matches found 16098 and it took: 24063.2ms
query [29274]: # of matches found 16061 and it took: 24102.5ms
query [29275]: # of matches found 15928 and it took: 24118.7ms
query [29276]: # of matches found 15856 and it took: 24054.8ms
query [29277]: # of matches found 15797 and it took: 24043.6ms
query [29278]: # of matches found 15729 and it took: 23881.8ms
query [29279]: # of matches found 15646 and it took: 24190ms
query [29280]: # of matches found 15510 and it took: 24287ms
query [29281]: # of matches found 15338 and it took: 23987.7ms
query [29282]: # of matches found 15257 and it took: 23896.7ms
query [29283]: # of matches found 15159 and it took: 23915.7ms
query [29284]: # of matches found 15088 and it took: 24106.2ms
query [29285]: # of matches found 15048 and it took: 23947.6ms
query [29286]: # of matches found 14812 and it took: 24063.9ms
query [29287]: # of matches found 14823 and it took: 24064.2ms
query [29288]: # of matches found 14816 and it took: 23819.6ms
query [29289]: # of matches found 14837 and it took: 23889ms
query [29290]: # of matches found 14829 and it took: 24134.3ms
query [29291]: # of matches found 14833 and it took: 23590.5ms
query [29292]: # of matches found 14849 and it took: 23909.5ms
query [29293]: # of matches found 14816 and it took: 24492.4ms
query [29294]: # of matches found 14783 and it took: 24707.4ms
query [29295]: # of matches found 14739 and it took: 24459.9ms
query [29296]: # of matches found 14753 and it took: 23961.1ms
query [29297]: # of matches found 14699 and it took: 24065.8ms
query [29298]: # of matches found 14689 and it took: 23850.9ms
query [29299]: # of matches found 14636 and it took: 23966.2ms
query [29300]: # of matches found 14420 and it took: 24128ms
query [29301]: # of matches found 14243 and it took: 23821.8ms
query [29302]: # of matches found 14091 and it took: 23726.1ms
query [29303]: # of matches found 14053 and it took: 23852.6ms
query [29304]: # of matches found 13968 and it took: 23946.5ms
query [29305]: # of matches found 13594 and it took: 23747.2ms
query [29306]: # of matches found 13510 and it took: 23780.6ms
query [29307]: # of matches found 13248 and it took: 23586.5ms
query [29308]: # of matches found 12958 and it took: 23653.7ms
query [29309]: # of matches found 12826 and it took: 23874.6ms
query [29310]: # of matches found 13290 and it took: 24033.6ms
query [29311]: # of matches found 13262 and it took: 23590.1ms
query [29312]: # of matches found 13234 and it took: 23821.8ms
query [29313]: # of matches found 13255 and it took: 24079.4ms
query [29314]: # of matches found 13223 and it took: 23838.9ms
query [29315]: # of matches found 13184 and it took: 23644.6ms
query [29316]: # of matches found 13161 and it took: 23823.5ms
query [29317]: # of matches found 13237 and it took: 23661.4ms
query [29318]: # of matches found 13145 and it took: 23813.8ms
query [29319]: # of matches found 13193 and it took: 24027.7ms
query [29320]: # of matches found 13112 and it took: 24116.4ms
query [29321]: # of matches found 13037 and it took: 24029.9ms
query [29322]: # of matches found 13342 and it took: 24016ms
query [29323]: # of matches found 13415 and it took: 24209ms
query [29324]: # of matches found 13460 and it took: 24332.2ms
query [29325]: # of matches found 13494 and it took: 24359.5ms
query [29326]: # of matches found 13554 and it took: 24377.5ms
query [29327]: # of matches found 13539 and it took: 23906.2ms
query [29328]: # of matches found 13499 and it took: 24429.9ms
query [29329]: # of matches found 13541 and it took: 24176.7ms
query [29330]: # of matches found 13607 and it took: 24372.7ms
query [29331]: # of matches found 13627 and it took: 24317.1ms
query [29332]: # of matches found 12992 and it took: 24351.8ms
query [29333]: # of matches found 12993 and it took: 24340.7ms
query [29334]: # of matches found 13982 and it took: 24463.5ms
query [29335]: # of matches found 13901 and it took: 24618.3ms
query [29336]: # of matches found 13783 and it took: 24678.1ms
query [29337]: # of matches found 13647 and it took: 24552.7ms
query [29338]: # of matches found 13512 and it took: 24942.9ms
query [29339]: # of matches found 13406 and it took: 24742.6ms
query [29340]: # of matches found 13297 and it took: 24996.4ms
query [29341]: # of matches found 13213 and it took: 24684.5ms
query [29342]: # of matches found 13194 and it took: 25032.8ms
query [29343]: # of matches found 13085 and it took: 25074.3ms
query [29344]: # of matches found 10484 and it took: 25046.4ms
query [29345]: # of matches found 10424 and it took: 24959.2ms
query [29346]: # of matches found 10451 and it took: 24982.3ms
query [29347]: # of matches found 10532 and it took: 24811.7ms
query [29348]: # of matches found 10566 and it took: 24813.5ms
query [29349]: # of matches found 10571 and it took: 24640.2ms
query [29350]: # of matches found 10622 and it took: 25029.1ms
query [29351]: # of matches found 10795 and it took: 24654.6ms
query [29352]: # of matches found 10868 and it took: 24750.4ms
query [29353]: # of matches found 10913 and it took: 24679.3ms
query [29354]: # of matches found 10870 and it took: 24564.9ms
query [29355]: # of matches found 10922 and it took: 24198.3ms
query [29356]: # of matches found 10905 and it took: 24453.6ms
query [29357]: # of matches found 10906 and it took: 24257.4ms
query [29358]: # of matches found 10742 and it took: 24555.6ms
query [29359]: # of matches found 10205 and it took: 24072.4ms
query [29360]: # of matches found 10199 and it took: 24586.7ms
query [29361]: # of matches found 10072 and it took: 24224.2ms
query [29362]: # of matches found 9984 and it took: 24403.3ms
query [29363]: # of matches found 10086 and it took: 23994.2ms
query [29364]: # of matches found 10043 and it took: 23890.9ms
query [29365]: # of matches found 9961 and it took: 23853.6ms
query [29366]: # of matches found 9924 and it took: 23852.3ms
query [29367]: # of matches found 9945 and it took: 23405.5ms
query [29368]: # of matches found 9981 and it took: 23833.6ms
query [29369]: # of matches found 9872 and it took: 23437.6ms
query [29370]: # of matches found 9933 and it took: 23765.2ms
query [29371]: # of matches found 10837 and it took: 23521ms
query [29372]: # of matches found 11303 and it took: 23708.1ms
query [29373]: # of matches found 11352 and it took: 23392.8ms
query [29374]: # of matches found 11373 and it took: 23453.7ms
query [29375]: # of matches found 11246 and it took: 23363.4ms
query [29376]: # of matches found 11249 and it took: 23476.2ms
query [29377]: # of matches found 11209 and it took: 23359.2ms
query [29378]: # of matches found 11193 and it took: 23392.8ms
query [29379]: # of matches found 11127 and it took: 22947.6ms
query [29380]: # of matches found 11172 and it took: 23275.8ms
query [29381]: # of matches found 11218 and it took: 22970.3ms
query [29382]: # of matches found 11192 and it took: 23102.5ms
query [29383]: # of matches found 11176 and it took: 23201.8ms
query [29384]: # of matches found 11160 and it took: 23061.4ms
query [29385]: # of matches found 11121 and it took: 23036.4ms
query [29386]: # of matches found 11115 and it took: 23023.5ms
query [29387]: # of matches found 11101 and it took: 23049.1ms
query [29388]: # of matches found 11114 and it took: 22896.4ms
query [29389]: # of matches found 11133 and it took: 22584.8ms
query [29390]: # of matches found 11139 and it took: 22780.3ms
query [29391]: # of matches found 11202 and it took: 22586.7ms
query [29392]: # of matches found 11211 and it took: 22596.7ms
query [29393]: # of matches found 11212 and it took: 22401.3ms
query [29394]: # of matches found 11102 and it took: 22291.5ms
query [29395]: # of matches found 11119 and it took: 22131.3ms
query [29396]: # of matches found 11129 and it took: 22221.1ms
query [29397]: # of matches found 11175 and it took: 21967.8ms
query [29398]: # of matches found 10934 and it took: 22326.6ms
query [29399]: # of matches found 10919 and it took: 22297.7ms
query [29400]: # of matches found 11098 and it took: 22173.1ms
query [29401]: # of matches found 11408 and it took: 22225.4ms
query [29402]: # of matches found 11370 and it took: 22042.3ms
query [29403]: # of matches found 11277 and it took: 22254.6ms
query [29404]: # of matches found 11305 and it took: 22103.7ms
query [29405]: # of matches found 11264 and it took: 21874.4ms
query [29406]: # of matches found 11327 and it took: 21779ms
query [29407]: # of matches found 11304 and it took: 21641.1ms
query [29408]: # of matches found 11290 and it took: 21854.1ms
query [29409]: # of matches found 11277 and it took: 21534.1ms
query [29410]: # of matches found 11203 and it took: 21476ms
query [29411]: # of matches found 11162 and it took: 21509.9ms
query [29412]: # of matches found 11155 and it took: 21463.1ms
query [29413]: # of matches found 11199 and it took: 21324.7ms
query [29414]: # of matches found 11195 and it took: 21407.8ms
query [29415]: # of matches found 11200 and it took: 21356.7ms
query [29416]: # of matches found 11177 and it took: 21407ms
query [29417]: # of matches found 11201 and it took: 21229.4ms
query [29418]: # of matches found 11277 and it took: 21654.1ms
query [29419]: # of matches found 11301 and it took: 21610.3ms
query [29420]: # of matches found 11431 and it took: 21839.3ms
query [29421]: # of matches found 11542 and it took: 21788.9ms
query [29422]: # of matches found 11523 and it took: 21998.2ms
query [29423]: # of matches found 11538 and it took: 21364.1ms
query [29424]: # of matches found 11543 and it took: 21412.5ms
query [29425]: # of matches found 11522 and it took: 21558.2ms
query [29426]: # of matches found 11472 and it took: 21641.3ms
query [29427]: # of matches found 11601 and it took: 21487ms
query [29428]: # of matches found 11615 and it took: 21541.4ms
query [29429]: # of matches found 11652 and it took: 21795.4ms
query [29430]: # of matches found 11717 and it took: 21567.1ms
query [29431]: # of matches found 11747 and it took: 21473ms
query [29432]: # of matches found 11774 and it took: 21490.9ms
query [29433]: # of matches found 11966 and it took: 22007.1ms
query [29434]: # of matches found 12014 and it took: 21707.4ms
query [29435]: # of matches found 12115 and it took: 21706.9ms
query [29436]: # of matches found 12160 and it took: 21580.3ms
query [29437]: # of matches found 12212 and it took: 21092.4ms
query [29438]: # of matches found 12292 and it took: 21195.5ms
query [29439]: # of matches found 12693 and it took: 21107.1ms
query [29440]: # of matches found 12764 and it took: 21179.2ms
query [29441]: # of matches found 12753 and it took: 21111.8ms
query [29442]: # of matches found 12782 and it took: 21128.1ms
query [29443]: # of matches found 12855 and it took: 21025.5ms
query [29444]: # of matches found 12904 and it took: 21295ms
query [29445]: # of matches found 12991 and it took: 21169.7ms
query [29446]: # of matches found 13081 and it took: 21170.3ms
query [29447]: # of matches found 13121 and it took: 21319.8ms
query [29448]: # of matches found 13152 and it took: 21262.7ms
query [29449]: # of matches found 13226 and it took: 21098.9ms
query [29450]: # of matches found 12848 and it took: 21188.1ms
query [29451]: # of matches found 12953 and it took: 21382.9ms
query [29452]: # of matches found 13002 and it took: 21509.7ms
query [29453]: # of matches found 12956 and it took: 21479.8ms
query [29454]: # of matches found 13177 and it took: 21465.2ms
query [29455]: # of matches found 13186 and it took: 21611.9ms
query [29456]: # of matches found 13185 and it took: 21681.3ms
query [29457]: # of matches found 13228 and it took: 21653.4ms
query [29458]: # of matches found 13326 and it took: 21814.3ms
query [29459]: # of matches found 13261 and it took: 21752.5ms
query [29460]: # of matches found 13264 and it took: 22178.2ms
query [29461]: # of matches found 13236 and it took: 21866.2ms
query [29462]: # of matches found 12927 and it took: 21984.7ms
query [29463]: # of matches found 12875 and it took: 21786ms
query [29464]: # of matches found 12817 and it took: 21705.2ms
query [29465]: # of matches found 12725 and it took: 21945.9ms
query [29466]: # of matches found 12632 and it took: 22149ms
query [29467]: # of matches found 12533 and it took: 22147.4ms
query [29468]: # of matches found 12475 and it took: 22132.3ms
query [29469]: # of matches found 12403 and it took: 22149ms
query [29470]: # of matches found 12341 and it took: 23186.3ms
query [29471]: # of matches found 12247 and it took: 22252.3ms
query [29472]: # of matches found 12290 and it took: 22673ms
query [29473]: # of matches found 12261 and it took: 22459.6ms
query [29474]: # of matches found 11192 and it took: 22779.5ms
query [29475]: # of matches found 11395 and it took: 23172.4ms
query [29476]: # of matches found 11484 and it took: 23135.8ms
query [29477]: # of matches found 11565 and it took: 23111.1ms
query [29478]: # of matches found 11581 and it took: 23278ms
query [29479]: # of matches found 11611 and it took: 23458.2ms
query [29480]: # of matches found 11645 and it took: 22877.5ms
query [29481]: # of matches found 11646 and it took: 22796.7ms
query [29482]: # of matches found 11741 and it took: 22587.4ms
query [29483]: # of matches found 11718 and it took: 22477.3ms
query [29484]: # of matches found 12719 and it took: 22410.5ms
query [29485]: # of matches found 12720 and it took: 22664.8ms
query [29486]: # of matches found 12636 and it took: 22766.5ms
query [29487]: # of matches found 12561 and it took: 22593ms
query [29488]: # of matches found 12492 and it took: 22722.9ms
query [29489]: # of matches found 12505 and it took: 22883.6ms
query [29490]: # of matches found 12717 and it took: 22956.3ms
query [29491]: # of matches found 12599 and it took: 23023.2ms
query [29492]: # of matches found 12535 and it took: 23034.8ms
query [29493]: # of matches found 12603 and it took: 22973.1ms
query [29494]: # of matches found 12723 and it took: 23128.7ms
query [29495]: # of matches found 12682 and it took: 23568.3ms
query [29496]: # of matches found 12717 and it took: 23319.1ms
query [29497]: # of matches found 12701 and it took: 23355.8ms
query [29498]: # of matches found 12706 and it took: 23585ms
query [29499]: # of matches found 12661 and it took: 23446.8ms
query [29500]: # of matches found 12633 and it took: 23425.1ms
query [29501]: # of matches found 12626 and it took: 23458.7ms
query [29502]: # of matches found 12630 and it took: 23662.2ms
query [29503]: # of matches found 12667 and it took: 24428.5ms
query [29504]: # of matches found 12586 and it took: 23600.6ms
query [29505]: # of matches found 12359 and it took: 23766.6ms
query [29506]: # of matches found 12405 and it took: 23751ms
query [29507]: # of matches found 12444 and it took: 23820.6ms
query [29508]: # of matches found 12433 and it took: 23793.2ms
query [29509]: # of matches found 12437 and it took: 23828.9ms
query [29510]: # of matches found 12371 and it took: 23972ms
query [29511]: # of matches found 12273 and it took: 24761.1ms
query [29512]: # of matches found 10870 and it took: 24200.4ms
query [29513]: # of matches found 10853 and it took: 23823.2ms
query [29514]: # of matches found 10783 and it took: 23843.2ms
query [29515]: # of matches found 10778 and it took: 24217.2ms
query [29516]: # of matches found 10733 and it took: 24156ms
query [29517]: # of matches found 10725 and it took: 24107.8ms
query [29518]: # of matches found 10712 and it took: 24116.1ms
query [29519]: # of matches found 10706 and it took: 24149.8ms
query [29520]: # of matches found 10686 and it took: 24427.9ms
query [29521]: # of matches found 10661 and it took: 24251.5ms
query [29522]: # of matches found 11257 and it took: 24582.1ms
query [29523]: # of matches found 11289 and it took: 24098.1ms
query [29524]: # of matches found 11371 and it took: 24254.1ms
query [29525]: # of matches found 11416 and it took: 24266.8ms
query [29526]: # of matches found 11606 and it took: 24211.5ms
query [29527]: # of matches found 11736 and it took: 24157.6ms
query [29528]: # of matches found 12143 and it took: 24158.8ms
query [29529]: # of matches found 12683 and it took: 24080.5ms
query [29530]: # of matches found 13191 and it took: 24111.5ms
query [29531]: # of matches found 13615 and it took: 24213.8ms
query [29532]: # of matches found 13774 and it took: 24163.2ms
query [29533]: # of matches found 14057 and it took: 23717ms
query [29534]: # of matches found 14100 and it took: 23781.8ms
query [29535]: # of matches found 14047 and it took: 23933.1ms
query [29536]: # of matches found 14026 and it took: 23934.3ms
query [29537]: # of matches found 14013 and it took: 23990.5ms
query [29538]: # of matches found 13961 and it took: 24002ms
query [29539]: # of matches found 13930 and it took: 24100.9ms
query [29540]: # of matches found 13676 and it took: 23996.8ms
query [29541]: # of matches found 13295 and it took: 24006.4ms
query [29542]: # of matches found 13281 and it took: 23903.8ms
query [29543]: # of matches found 13280 and it took: 23696.1ms
query [29544]: # of matches found 13213 and it took: 23788.9ms
query [29545]: # of matches found 13149 and it took: 24109.1ms
query [29546]: # of matches found 13075 and it took: 24256.9ms
query [29547]: # of matches found 13011 and it took: 23846.6ms
query [29548]: # of matches found 12984 and it took: 23805.3ms
query [29549]: # of matches found 12955 and it took: 23807.9ms
query [29550]: # of matches found 12995 and it took: 23684.3ms
query [29551]: # of matches found 12999 and it took: 23623.1ms
query [29552]: # of matches found 12959 and it took: 23597.7ms
query [29553]: # of matches found 12931 and it took: 23352.3ms
query [29554]: # of matches found 12979 and it took: 23363.5ms
query [29555]: # of matches found 13015 and it took: 23606.4ms
query [29556]: # of matches found 13118 and it took: 23439.1ms
query [29557]: # of matches found 13288 and it took: 23456.3ms
query [29558]: # of matches found 13847 and it took: 23535.4ms
query [29559]: # of matches found 13902 and it took: 23359ms
query [29560]: # of matches found 13839 and it took: 23338.8ms
query [29561]: # of matches found 13762 and it took: 23526.2ms
query [29562]: # of matches found 13773 and it took: 23409.4ms
query [29563]: # of matches found 13813 and it took: 23180.3ms
query [29564]: # of matches found 13765 and it took: 23222.5ms
query [29565]: # of matches found 13733 and it took: 23731.8ms
query [29566]: # of matches found 13765 and it took: 23580.4ms
query [29567]: # of matches found 13737 and it took: 23454.9ms
query [29568]: # of matches found 13621 and it took: 23884ms
query [29569]: # of matches found 13643 and it took: 23408.6ms
query [29570]: # of matches found 13704 and it took: 23783.4ms
query [29571]: # of matches found 13661 and it took: 23549.8ms
query [29572]: # of matches found 13581 and it took: 23739.1ms
query [29573]: # of matches found 13422 and it took: 23605.3ms
query [29574]: # of matches found 13381 and it took: 23226.9ms
query [29575]: # of matches found 13340 and it took: 23549.8ms
query [29576]: # of matches found 13264 and it took: 23307.5ms
query [29577]: # of matches found 13298 and it took: 23164.2ms
query [29578]: # of matches found 13175 and it took: 23330.9ms
query [29579]: # of matches found 12871 and it took: 23518.9ms
query [29580]: # of matches found 12976 and it took: 23524.4ms
query [29581]: # of matches found 13014 and it took: 23853.4ms
query [29582]: # of matches found 13446 and it took: 23407.9ms
query [29583]: # of matches found 13631 and it took: 23565.4ms
query [29584]: # of matches found 13821 and it took: 22752.3ms
query [29585]: # of matches found 14519 and it took: 22655.7ms
query [29586]: # of matches found 25638 and it took: 22352.2ms
query [29587]: # of matches found 29048 and it took: 22361.2ms
query [29588]: # of matches found 43549 and it took: 22294.9ms
query [29589]: # of matches found 43205 and it took: 22035.8ms
query [29590]: # of matches found 42776 and it took: 22004ms
query [29591]: # of matches found 42471 and it took: 21858.7ms
query [29592]: # of matches found 42338 and it took: 21953.8ms
query [29593]: # of matches found 42223 and it took: 21634.6ms
query [29594]: # of matches found 41779 and it took: 21619.4ms
query [29595]: # of matches found 41727 and it took: 21450.3ms
query [29596]: # of matches found 41735 and it took: 21237.3ms
query [29597]: # of matches found 41624 and it took: 21242.5ms
query [29598]: # of matches found 41442 and it took: 21221ms
query [29599]: # of matches found 41388 and it took: 20979.1ms
query [29600]: # of matches found 41333 and it took: 20822.3ms
query [29601]: # of matches found 41249 and it took: 20567.7ms
PARMIK's matches per query up to q (602) => [average: 17941, median: 13830, sum: 10800719]
Starting alignment for all queries [rev]...
queryBaseIndex: 29000
query [29000]: # of matches found 12021 and it took: 24719ms
query [29001]: # of matches found 12013 and it took: 24784.9ms
query [29002]: # of matches found 12039 and it took: 25087.6ms
query [29003]: # of matches found 12110 and it took: 25104.4ms
query [29004]: # of matches found 12146 and it took: 25077.5ms
query [29005]: # of matches found 12053 and it took: 25049.5ms
query [29006]: # of matches found 12069 and it took: 25215.8ms
query [29007]: # of matches found 12175 and it took: 25164.7ms
query [29008]: # of matches found 12177 and it took: 25301.3ms
query [29009]: # of matches found 12118 and it took: 24916.2ms
query [29010]: # of matches found 12189 and it took: 24590.2ms
query [29011]: # of matches found 11432 and it took: 24690ms
query [29012]: # of matches found 11416 and it took: 25027.6ms
query [29013]: # of matches found 11344 and it took: 24845.7ms
query [29014]: # of matches found 12862 and it took: 24814.5ms
query [29015]: # of matches found 12849 and it took: 24759.5ms
query [29016]: # of matches found 13073 and it took: 24839.8ms
query [29017]: # of matches found 12329 and it took: 24683ms
query [29018]: # of matches found 12163 and it took: 24823.7ms
query [29019]: # of matches found 12175 and it took: 24349.5ms
query [29020]: # of matches found 12079 and it took: 24249.3ms
query [29021]: # of matches found 11967 and it took: 24612.5ms
query [29022]: # of matches found 11990 and it took: 24831.3ms
query [29023]: # of matches found 11992 and it took: 24621.9ms
query [29024]: # of matches found 12121 and it took: 24432ms
query [29025]: # of matches found 12099 and it took: 24386ms
query [29026]: # of matches found 12088 and it took: 24372.2ms
query [29027]: # of matches found 12097 and it took: 24205.3ms
query [29028]: # of matches found 12064 and it took: 24327ms
query [29029]: # of matches found 12028 and it took: 24109.5ms
query [29030]: # of matches found 11995 and it took: 23956ms
query [29031]: # of matches found 12066 and it took: 24059.3ms
query [29032]: # of matches found 12029 and it took: 24287.6ms
query [29033]: # of matches found 13558 and it took: 24264.8ms
query [29034]: # of matches found 13445 and it took: 24282.4ms
query [29035]: # of matches found 13470 and it took: 24300.7ms
query [29036]: # of matches found 13480 and it took: 24376.8ms
query [29037]: # of matches found 13806 and it took: 24201.8ms
query [29038]: # of matches found 14052 and it took: 24216ms
query [29039]: # of matches found 14080 and it took: 24110.4ms
query [29040]: # of matches found 14037 and it took: 23989.9ms
query [29041]: # of matches found 14115 and it took: 23948.3ms
query [29042]: # of matches found 14115 and it took: 24132.9ms
query [29043]: # of matches found 14117 and it took: 23983.2ms
query [29044]: # of matches found 14115 and it took: 23915.2ms
query [29045]: # of matches found 13982 and it took: 24205.5ms
query [29046]: # of matches found 13898 and it took: 24122.6ms
query [29047]: # of matches found 13849 and it took: 24066.5ms
query [29048]: # of matches found 13746 and it took: 23779.5ms
query [29049]: # of matches found 13733 and it took: 24064.1ms
query [29050]: # of matches found 13634 and it took: 23913.1ms
query [29051]: # of matches found 13570 and it took: 23915.6ms
query [29052]: # of matches found 13546 and it took: 23924.3ms
query [29053]: # of matches found 13533 and it took: 23488.5ms
query [29054]: # of matches found 13531 and it took: 23836.1ms
query [29055]: # of matches found 13512 and it took: 23794.2ms
query [29056]: # of matches found 13577 and it took: 23614.2ms
query [29057]: # of matches found 13547 and it took: 23599.6ms
query [29058]: # of matches found 15787 and it took: 23263.1ms
query [29059]: # of matches found 15964 and it took: 23598.8ms
query [29060]: # of matches found 16379 and it took: 23520.1ms
query [29061]: # of matches found 16410 and it took: 23603.1ms
query [29062]: # of matches found 16469 and it took: 23474.3ms
query [29063]: # of matches found 16425 and it took: 23272.1ms
query [29064]: # of matches found 16407 and it took: 23587.4ms
query [29065]: # of matches found 16287 and it took: 23548ms
query [29066]: # of matches found 16292 and it took: 23488.2ms
query [29067]: # of matches found 16878 and it took: 23386.3ms
query [29068]: # of matches found 16933 and it took: 23143.5ms
query [29069]: # of matches found 17280 and it took: 23306.9ms
query [29070]: # of matches found 17404 and it took: 23192.5ms
query [29071]: # of matches found 17459 and it took: 23249.8ms
query [29072]: # of matches found 17601 and it took: 23104.4ms
query [29073]: # of matches found 17710 and it took: 22709ms
query [29074]: # of matches found 17726 and it took: 22913.1ms
query [29075]: # of matches found 17737 and it took: 22870.6ms
query [29076]: # of matches found 17757 and it took: 22815.6ms
query [29077]: # of matches found 17716 and it took: 22839.9ms
query [29078]: # of matches found 17687 and it took: 22270.5ms
query [29079]: # of matches found 17595 and it took: 22592.3ms
query [29080]: # of matches found 17567 and it took: 22388.7ms
query [29081]: # of matches found 17503 and it took: 22588.6ms
query [29082]: # of matches found 17479 and it took: 22382.3ms
query [29083]: # of matches found 17444 and it took: 21992.6ms
query [29084]: # of matches found 17464 and it took: 22378.8ms
query [29085]: # of matches found 17406 and it took: 22273ms
query [29086]: # of matches found 17395 and it took: 22235.2ms
query [29087]: # of matches found 17464 and it took: 22244.1ms
query [29088]: # of matches found 17638 and it took: 21967.8ms
query [29089]: # of matches found 17614 and it took: 22291.2ms
query [29090]: # of matches found 17642 and it took: 21891.3ms
query [29091]: # of matches found 17669 and it took: 22158.2ms
query [29092]: # of matches found 17661 and it took: 21648.2ms
query [29093]: # of matches found 17717 and it took: 21526.9ms
query [29094]: # of matches found 17923 and it took: 21651.3ms
query [29095]: # of matches found 18093 and it took: 21470.8ms
query [29096]: # of matches found 19474 and it took: 21196.7ms
query [29097]: # of matches found 19586 and it took: 21276.5ms
query [29098]: # of matches found 19884 and it took: 21226.5ms
query [29099]: # of matches found 19953 and it took: 21186.9ms
query [29100]: # of matches found 19963 and it took: 20887ms
query [29101]: # of matches found 20001 and it took: 20846.6ms
query [29102]: # of matches found 19972 and it took: 20664.6ms
query [29103]: # of matches found 19736 and it took: 20526.1ms
query [29104]: # of matches found 19750 and it took: 20663.8ms
query [29105]: # of matches found 19704 and it took: 20497.2ms
query [29106]: # of matches found 19667 and it took: 20292.2ms
query [29107]: # of matches found 19674 and it took: 20262.1ms
query [29108]: # of matches found 19653 and it took: 20232.3ms
query [29109]: # of matches found 19618 and it took: 20199.1ms
query [29110]: # of matches found 19714 and it took: 20145.8ms
query [29111]: # of matches found 19767 and it took: 20090.3ms
query [29112]: # of matches found 19787 and it took: 19968.5ms
query [29113]: # of matches found 19798 and it took: 19830.9ms
query [29114]: # of matches found 19758 and it took: 19909.9ms
query [29115]: # of matches found 19784 and it took: 19879ms
query [29116]: # of matches found 19809 and it took: 19760.4ms
query [29117]: # of matches found 19796 and it took: 19769.7ms
query [29118]: # of matches found 19820 and it took: 19823.8ms
query [29119]: # of matches found 20243 and it took: 19783.9ms
query [29120]: # of matches found 20256 and it took: 19809ms
query [29121]: # of matches found 20268 and it took: 19782.1ms
query [29122]: # of matches found 20370 and it took: 19697.7ms
query [29123]: # of matches found 20353 and it took: 19546.2ms
query [29124]: # of matches found 20336 and it took: 19681ms
query [29125]: # of matches found 20353 and it took: 19602.1ms
query [29126]: # of matches found 20414 and it took: 19518.6ms
query [29127]: # of matches found 20673 and it took: 19534.6ms
query [29128]: # of matches found 20642 and it took: 19591.1ms
query [29129]: # of matches found 20448 and it took: 19610.9ms
query [29130]: # of matches found 20444 and it took: 19689.5ms
query [29131]: # of matches found 20447 and it took: 19669.8ms
query [29132]: # of matches found 20428 and it took: 19564.7ms
query [29133]: # of matches found 20562 and it took: 19459.8ms
query [29134]: # of matches found 20582 and it took: 19557.1ms
query [29135]: # of matches found 20569 and it took: 19557ms
query [29136]: # of matches found 20567 and it took: 19429.4ms
query [29137]: # of matches found 20532 and it took: 19569.1ms
query [29138]: # of matches found 20573 and it took: 19486ms
query [29139]: # of matches found 20613 and it took: 19470.6ms
query [29140]: # of matches found 20657 and it took: 19515.8ms
query [29141]: # of matches found 20725 and it took: 19519.3ms
query [29142]: # of matches found 20716 and it took: 19520.6ms
query [29143]: # of matches found 20731 and it took: 19500.7ms
query [29144]: # of matches found 20750 and it took: 19564.8ms
query [29145]: # of matches found 20832 and it took: 19587.1ms
query [29146]: # of matches found 21177 and it took: 19478ms
query [29147]: # of matches found 21094 and it took: 19673ms
query [29148]: # of matches found 21067 and it took: 19575.9ms
query [29149]: # of matches found 21045 and it took: 19588.1ms
query [29150]: # of matches found 20989 and it took: 19684ms
query [29151]: # of matches found 20915 and it took: 19635.6ms
query [29152]: # of matches found 20962 and it took: 19758.9ms
query [29153]: # of matches found 20908 and it took: 19868.7ms
query [29154]: # of matches found 19337 and it took: 20000.4ms
query [29155]: # of matches found 19322 and it took: 19997.4ms
query [29156]: # of matches found 19144 and it took: 20033.2ms
query [29157]: # of matches found 19190 and it took: 20351.1ms
query [29158]: # of matches found 19212 and it took: 20188.6ms
query [29159]: # of matches found 19299 and it took: 20289.3ms
query [29160]: # of matches found 19513 and it took: 20178.4ms
query [29161]: # of matches found 19701 and it took: 20248.5ms
query [29162]: # of matches found 19846 and it took: 20391.2ms
query [29163]: # of matches found 19970 and it took: 20425.2ms
query [29164]: # of matches found 19935 and it took: 20547.9ms
query [29165]: # of matches found 20399 and it took: 20673ms
query [29166]: # of matches found 20458 and it took: 20639.2ms
query [29167]: # of matches found 20704 and it took: 20796ms
query [29168]: # of matches found 20927 and it took: 20787.4ms
query [29169]: # of matches found 21005 and it took: 20780.3ms
query [29170]: # of matches found 21023 and it took: 20815.8ms
query [29171]: # of matches found 20967 and it took: 20784.3ms
query [29172]: # of matches found 20913 and it took: 21039.8ms
query [29173]: # of matches found 19430 and it took: 21100.8ms
query [29174]: # of matches found 19416 and it took: 21127.8ms
query [29175]: # of matches found 19374 and it took: 21235.8ms
query [29176]: # of matches found 19396 and it took: 21214.8ms
query [29177]: # of matches found 19134 and it took: 21286.8ms
query [29178]: # of matches found 18813 and it took: 21291.7ms
query [29179]: # of matches found 18784 and it took: 21271.9ms
query [29180]: # of matches found 18881 and it took: 21246.4ms
query [29181]: # of matches found 18864 and it took: 21362.8ms
query [29182]: # of matches found 18863 and it took: 21788.4ms
query [29183]: # of matches found 18864 and it took: 21537.1ms
query [29184]: # of matches found 18781 and it took: 21614.7ms
query [29185]: # of matches found 18796 and it took: 21637.2ms
query [29186]: # of matches found 18831 and it took: 21684.9ms
query [29187]: # of matches found 18860 and it took: 22333.1ms
query [29188]: # of matches found 18905 and it took: 21826.2ms
query [29189]: # of matches found 18920 and it took: 21935.6ms
query [29190]: # of matches found 18907 and it took: 21854.2ms
query [29191]: # of matches found 19028 and it took: 21854.9ms
query [29192]: # of matches found 20138 and it took: 21982.3ms
query [29193]: # of matches found 20147 and it took: 22022.1ms
query [29194]: # of matches found 20233 and it took: 22058.9ms
query [29195]: # of matches found 20307 and it took: 22170.2ms
query [29196]: # of matches found 20313 and it took: 22166.6ms
query [29197]: # of matches found 20344 and it took: 22228.2ms
query [29198]: # of matches found 18037 and it took: 22252.8ms
query [29199]: # of matches found 17896 and it took: 22307.9ms
query [29200]: # of matches found 17559 and it took: 22185.4ms
query [29201]: # of matches found 17512 and it took: 22228.7ms
query [29202]: # of matches found 17476 and it took: 22301.7ms
query [29203]: # of matches found 19557 and it took: 22536.7ms
query [29204]: # of matches found 19653 and it took: 22600.2ms
query [29205]: # of matches found 19734 and it took: 22659ms
query [29206]: # of matches found 19750 and it took: 22644.5ms
query [29207]: # of matches found 19494 and it took: 22698.3ms
query [29208]: # of matches found 18963 and it took: 22705.8ms
query [29209]: # of matches found 18924 and it took: 22759.3ms
query [29210]: # of matches found 18557 and it took: 22716.1ms
query [29211]: # of matches found 18485 and it took: 22691.4ms
query [29212]: # of matches found 18394 and it took: 23325.3ms
query [29213]: # of matches found 18395 and it took: 23258.1ms
query [29214]: # of matches found 18473 and it took: 22822.4ms
query [29215]: # of matches found 18507 and it took: 22896ms
query [29216]: # of matches found 18462 and it took: 22942ms
query [29217]: # of matches found 18431 and it took: 23077.4ms
query [29218]: # of matches found 18627 and it took: 23089.1ms
query [29219]: # of matches found 19162 and it took: 23072.8ms
query [29220]: # of matches found 19271 and it took: 22948.2ms
query [29221]: # of matches found 19443 and it took: 22992.5ms
query [29222]: # of matches found 19603 and it took: 23176.4ms
query [29223]: # of matches found 19669 and it took: 23293.2ms
query [29224]: # of matches found 19845 and it took: 23322.5ms
query [29225]: # of matches found 19909 and it took: 23537.8ms
query [29226]: # of matches found 19992 and it took: 23563.3ms
query [29227]: # of matches found 20019 and it took: 23704.3ms
query [29228]: # of matches found 19932 and it took: 23791ms
query [29229]: # of matches found 19873 and it took: 23826.1ms
query [29230]: # of matches found 19799 and it took: 23680.4ms
query [29231]: # of matches found 19795 and it took: 23799.7ms
query [29232]: # of matches found 19803 and it took: 23874ms
query [29233]: # of matches found 19775 and it took: 24057ms
query [29234]: # of matches found 19598 and it took: 24108.2ms
query [29235]: # of matches found 19466 and it took: 24346.8ms
query [29236]: # of matches found 18221 and it took: 24395.5ms
query [29237]: # of matches found 18004 and it took: 24568.9ms
query [29238]: # of matches found 17244 and it took: 24564.6ms
query [29239]: # of matches found 17095 and it took: 24511.4ms
query [29240]: # of matches found 17073 and it took: 24238.6ms
query [29241]: # of matches found 17085 and it took: 24341.1ms
query [29242]: # of matches found 17070 and it took: 24600.8ms
query [29243]: # of matches found 17075 and it took: 24680.2ms
query [29244]: # of matches found 17122 and it took: 24594ms
query [29245]: # of matches found 17101 and it took: 24507.3ms
query [29246]: # of matches found 17083 and it took: 24483.2ms
query [29247]: # of matches found 17064 and it took: 24338.5ms
query [29248]: # of matches found 17043 and it took: 24372.3ms
query [29249]: # of matches found 16995 and it took: 24378.3ms
query [29250]: # of matches found 16926 and it took: 24108.9ms
query [29251]: # of matches found 16865 and it took: 24183.5ms
query [29252]: # of matches found 16843 and it took: 24307.7ms
query [29253]: # of matches found 16840 and it took: 24330.4ms
query [29254]: # of matches found 16964 and it took: 24122ms
query [29255]: # of matches found 17004 and it took: 24263ms
query [29256]: # of matches found 16998 and it took: 24250ms
query [29257]: # of matches found 16998 and it took: 23993.4ms
query [29258]: # of matches found 17052 and it took: 24159.1ms
query [29259]: # of matches found 16600 and it took: 24135.2ms
query [29260]: # of matches found 16569 and it took: 23971.6ms
query [29261]: # of matches found 16566 and it took: 23965.3ms
query [29262]: # of matches found 16498 and it took: 24079.1ms
query [29263]: # of matches found 16516 and it took: 24310.1ms
query [29264]: # of matches found 16510 and it took: 24250.4ms
query [29265]: # of matches found 16558 and it took: 24022ms
query [29266]: # of matches found 16494 and it took: 24038.2ms
query [29267]: # of matches found 16464 and it took: 24011.1ms
query [29268]: # of matches found 16154 and it took: 23967.2ms
query [29269]: # of matches found 16081 and it took: 23982.9ms
query [29270]: # of matches found 16160 and it took: 23833.7ms
query [29271]: # of matches found 16161 and it took: 23972.5ms
query [29272]: # of matches found 16103 and it took: 24017.5ms
query [29273]: # of matches found 15962 and it took: 24096ms
query [29274]: # of matches found 15914 and it took: 23825.7ms
query [29275]: # of matches found 15870 and it took: 24062.9ms
query [29276]: # of matches found 15875 and it took: 24108.8ms
query [29277]: # of matches found 15868 and it took: 24195ms
query [29278]: # of matches found 15820 and it took: 24066.2ms
query [29279]: # of matches found 15797 and it took: 24073.7ms
query [29280]: # of matches found 15679 and it took: 23941ms
query [29281]: # of matches found 15590 and it took: 24152.7ms
query [29282]: # of matches found 15530 and it took: 24352.6ms
query [29283]: # of matches found 15457 and it took: 24084.1ms
query [29284]: # of matches found 15401 and it took: 23989.9ms
query [29285]: # of matches found 15417 and it took: 24497ms
query [29286]: # of matches found 14987 and it took: 24267ms
query [29287]: # of matches found 14973 and it took: 23954.1ms
query [29288]: # of matches found 14966 and it took: 24115.5ms
query [29289]: # of matches found 14966 and it took: 24182ms
query [29290]: # of matches found 14956 and it took: 23918.9ms
query [29291]: # of matches found 15008 and it took: 24022.2ms
query [29292]: # of matches found 14996 and it took: 24059.7ms
query [29293]: # of matches found 14974 and it took: 23952ms
query [29294]: # of matches found 14956 and it took: 23783.3ms
query [29295]: # of matches found 14896 and it took: 23928.2ms
query [29296]: # of matches found 14895 and it took: 23919ms
query [29297]: # of matches found 14808 and it took: 23702.1ms
query [29298]: # of matches found 14774 and it took: 23695.9ms
query [29299]: # of matches found 14673 and it took: 23735.2ms
query [29300]: # of matches found 14439 and it took: 23828.1ms
query [29301]: # of matches found 14239 and it took: 23890.1ms
query [29302]: # of matches found 14053 and it took: 24220.2ms
query [29303]: # of matches found 13998 and it took: 23992.7ms
query [29304]: # of matches found 13828 and it took: 23951.9ms
query [29305]: # of matches found 13372 and it took: 24114.3ms
query [29306]: # of matches found 13320 and it took: 24090.8ms
query [29307]: # of matches found 13053 and it took: 23845.1ms
query [29308]: # of matches found 12823 and it took: 23855.7ms
query [29309]: # of matches found 12676 and it took: 23979.8ms
query [29310]: # of matches found 12627 and it took: 24132.2ms
query [29311]: # of matches found 12602 and it took: 24080.9ms
query [29312]: # of matches found 12583 and it took: 24269.1ms
query [29313]: # of matches found 13083 and it took: 24040.3ms
query [29314]: # of matches found 13059 and it took: 23881.2ms
query [29315]: # of matches found 13024 and it took: 23932.2ms
query [29316]: # of matches found 12992 and it took: 24045.5ms
query [29317]: # of matches found 13034 and it took: 23758ms
query [29318]: # of matches found 12980 and it took: 23781.6ms
query [29319]: # of matches found 12985 and it took: 23829ms
query [29320]: # of matches found 12941 and it took: 24014.7ms
query [29321]: # of matches found 12878 and it took: 23922ms
query [29322]: # of matches found 13204 and it took: 24183ms
query [29323]: # of matches found 13258 and it took: 23904.8ms
query [29324]: # of matches found 13257 and it took: 24109.5ms
query [29325]: # of matches found 13302 and it took: 24167.3ms
query [29326]: # of matches found 13344 and it took: 24142.6ms
query [29327]: # of matches found 13363 and it took: 24104.8ms
query [29328]: # of matches found 13507 and it took: 24027.5ms
query [29329]: # of matches found 13549 and it took: 24199.7ms
query [29330]: # of matches found 13596 and it took: 24408.2ms
query [29331]: # of matches found 13519 and it took: 23959.3ms
query [29332]: # of matches found 12402 and it took: 24127.2ms
query [29333]: # of matches found 12398 and it took: 24328.4ms
query [29334]: # of matches found 12834 and it took: 24320.8ms
query [29335]: # of matches found 12804 and it took: 24524.5ms
query [29336]: # of matches found 12716 and it took: 24621.4ms
query [29337]: # of matches found 12595 and it took: 24336.7ms
query [29338]: # of matches found 12495 and it took: 25996.6ms
query [29339]: # of matches found 12423 and it took: 24136.7ms
query [29340]: # of matches found 12359 and it took: 24402.9ms
query [29341]: # of matches found 12301 and it took: 24080.2ms
query [29342]: # of matches found 12389 and it took: 24682.1ms
query [29343]: # of matches found 12318 and it took: 24552.9ms
query [29344]: # of matches found 10094 and it took: 24722.9ms
query [29345]: # of matches found 9995 and it took: 25083.6ms
query [29346]: # of matches found 9937 and it took: 25001.6ms
query [29347]: # of matches found 9994 and it took: 24860.9ms
query [29348]: # of matches found 10014 and it took: 24858.5ms
query [29349]: # of matches found 10017 and it took: 24666.2ms
query [29350]: # of matches found 9969 and it took: 24970.9ms
query [29351]: # of matches found 10026 and it took: 24353.2ms
query [29352]: # of matches found 10034 and it took: 24551.1ms
query [29353]: # of matches found 10067 and it took: 24296.6ms
query [29354]: # of matches found 9947 and it took: 24482.8ms
query [29355]: # of matches found 9928 and it took: 24673.6ms
query [29356]: # of matches found 9894 and it took: 24289.5ms
query [29357]: # of matches found 9873 and it took: 24364ms
query [29358]: # of matches found 9775 and it took: 24224ms
query [29359]: # of matches found 9145 and it took: 23998.9ms
query [29360]: # of matches found 9102 and it took: 24156.6ms
query [29361]: # of matches found 8923 and it took: 23619.5ms
query [29362]: # of matches found 8815 and it took: 24071.1ms
query [29363]: # of matches found 8854 and it took: 23784.8ms
query [29364]: # of matches found 8794 and it took: 23867ms
query [29365]: # of matches found 8625 and it took: 23520.9ms
query [29366]: # of matches found 8522 and it took: 23300.7ms
query [29367]: # of matches found 8542 and it took: 23220.6ms
query [29368]: # of matches found 8673 and it took: 23165.4ms
query [29369]: # of matches found 8588 and it took: 22998.9ms
query [29370]: # of matches found 8679 and it took: 23264.7ms
query [29371]: # of matches found 9515 and it took: 22938.7ms
query [29372]: # of matches found 9782 and it took: 23096.4ms
query [29373]: # of matches found 9805 and it took: 23026.1ms
query [29374]: # of matches found 9820 and it took: 23253.8ms
query [29375]: # of matches found 9772 and it took: 22905.3ms
query [29376]: # of matches found 9780 and it took: 22805ms
query [29377]: # of matches found 9786 and it took: 22793.4ms
query [29378]: # of matches found 9750 and it took: 22752.1ms
query [29379]: # of matches found 9583 and it took: 22921.2ms
query [29380]: # of matches found 9627 and it took: 22704.3ms
query [29381]: # of matches found 9580 and it took: 22436ms
query [29382]: # of matches found 9560 and it took: 22758.9ms
query [29383]: # of matches found 9550 and it took: 22547.6ms
query [29384]: # of matches found 9478 and it took: 22826.3ms
query [29385]: # of matches found 9447 and it took: 22658.6ms
query [29386]: # of matches found 9424 and it took: 22557.7ms
query [29387]: # of matches found 9404 and it took: 22479.2ms
query [29388]: # of matches found 9407 and it took: 22393.8ms
query [29389]: # of matches found 9442 and it took: 22556ms
query [29390]: # of matches found 9450 and it took: 22657.3ms
query [29391]: # of matches found 9618 and it took: 22356.1ms
query [29392]: # of matches found 9651 and it took: 22495ms
query [29393]: # of matches found 9674 and it took: 22501.2ms
query [29394]: # of matches found 9572 and it took: 22330.1ms
query [29395]: # of matches found 9593 and it took: 22340.2ms
query [29396]: # of matches found 9661 and it took: 22364.9ms
query [29397]: # of matches found 9714 and it took: 22226.4ms
query [29398]: # of matches found 9619 and it took: 22215.6ms
query [29399]: # of matches found 9649 and it took: 22058.5ms
query [29400]: # of matches found 9773 and it took: 22589.7ms
query [29401]: # of matches found 9881 and it took: 21811ms
query [29402]: # of matches found 9853 and it took: 21891ms
query [29403]: # of matches found 9785 and it took: 21827.6ms
query [29404]: # of matches found 9851 and it took: 21816ms
query [29405]: # of matches found 9824 and it took: 21844.4ms
query [29406]: # of matches found 9892 and it took: 21818ms
query [29407]: # of matches found 9909 and it took: 21709ms
query [29408]: # of matches found 9904 and it took: 21635.8ms
query [29409]: # of matches found 9913 and it took: 21616.2ms
query [29410]: # of matches found 9865 and it took: 21604.4ms
query [29411]: # of matches found 9828 and it took: 21254ms
query [29412]: # of matches found 9809 and it took: 21228ms
query [29413]: # of matches found 9822 and it took: 21190.3ms
query [29414]: # of matches found 9831 and it took: 21208.3ms
query [29415]: # of matches found 9938 and it took: 21158.5ms
query [29416]: # of matches found 9874 and it took: 21527.7ms
query [29417]: # of matches found 9941 and it took: 21183.1ms
query [29418]: # of matches found 9950 and it took: 21135.5ms
query [29419]: # of matches found 9984 and it took: 21156.4ms
query [29420]: # of matches found 10054 and it took: 21228.3ms
query [29421]: # of matches found 10073 and it took: 21154.8ms
query [29422]: # of matches found 10068 and it took: 21206.3ms
query [29423]: # of matches found 10095 and it took: 21406.8ms
query [29424]: # of matches found 10099 and it took: 21199.9ms
query [29425]: # of matches found 10059 and it took: 21096.8ms
query [29426]: # of matches found 10043 and it took: 21084.4ms
query [29427]: # of matches found 10123 and it took: 21055.8ms
query [29428]: # of matches found 10138 and it took: 21042.7ms
query [29429]: # of matches found 10154 and it took: 20912.5ms
query [29430]: # of matches found 10193 and it took: 21077.7ms
query [29431]: # of matches found 10201 and it took: 21006.9ms
query [29432]: # of matches found 10186 and it took: 21005ms
query [29433]: # of matches found 10306 and it took: 20983.1ms
query [29434]: # of matches found 10364 and it took: 20993.3ms
query [29435]: # of matches found 10551 and it took: 20942.1ms
query [29436]: # of matches found 10630 and it took: 20788.4ms
query [29437]: # of matches found 10782 and it took: 20899.2ms
query [29438]: # of matches found 11095 and it took: 20794.1ms
query [29439]: # of matches found 11610 and it took: 20732.1ms
query [29440]: # of matches found 11722 and it took: 20813.8ms
query [29441]: # of matches found 11774 and it took: 20657.4ms
query [29442]: # of matches found 11798 and it took: 20804.7ms
query [29443]: # of matches found 11823 and it took: 20783.3ms
query [29444]: # of matches found 11874 and it took: 20762.7ms
query [29445]: # of matches found 12070 and it took: 20770.8ms
query [29446]: # of matches found 12103 and it took: 20756.4ms
query [29447]: # of matches found 12144 and it took: 20816.9ms
query [29448]: # of matches found 12155 and it took: 20844.3ms
query [29449]: # of matches found 12195 and it took: 20866.7ms
query [29450]: # of matches found 12303 and it took: 21160.8ms
query [29451]: # of matches found 12360 and it took: 20920.7ms
query [29452]: # of matches found 12389 and it took: 21223.6ms
query [29453]: # of matches found 11833 and it took: 21338.9ms
query [29454]: # of matches found 12034 and it took: 21325.6ms
query [29455]: # of matches found 12043 and it took: 21442.8ms
query [29456]: # of matches found 12022 and it took: 21258.8ms
query [29457]: # of matches found 12068 and it took: 21809.3ms
query [29458]: # of matches found 12114 and it took: 22185.6ms
query [29459]: # of matches found 12114 and it took: 22001.7ms
query [29460]: # of matches found 12113 and it took: 22249ms
query [29461]: # of matches found 12076 and it took: 21659.6ms
query [29462]: # of matches found 11716 and it took: 22262.8ms
query [29463]: # of matches found 11649 and it took: 21945.3ms
query [29464]: # of matches found 11604 and it took: 21899.5ms
query [29465]: # of matches found 11519 and it took: 22190.6ms
query [29466]: # of matches found 11438 and it took: 22047ms
query [29467]: # of matches found 11384 and it took: 22353.6ms
query [29468]: # of matches found 11241 and it took: 22310.5ms
query [29469]: # of matches found 11182 and it took: 22130.5ms
query [29470]: # of matches found 11130 and it took: 22048.1ms
query [29471]: # of matches found 11089 and it took: 22335.1ms
query [29472]: # of matches found 11137 and it took: 22280.1ms
query [29473]: # of matches found 11126 and it took: 22254.5ms
query [29474]: # of matches found 10643 and it took: 22183.8ms
query [29475]: # of matches found 10705 and it took: 22329.7ms
query [29476]: # of matches found 10742 and it took: 22220ms
query [29477]: # of matches found 10815 and it took: 22365.6ms
query [29478]: # of matches found 10815 and it took: 22397.6ms
query [29479]: # of matches found 10844 and it took: 22245.6ms
query [29480]: # of matches found 10866 and it took: 22712.9ms
query [29481]: # of matches found 10818 and it took: 22372ms
query [29482]: # of matches found 10867 and it took: 22620.7ms
query [29483]: # of matches found 10851 and it took: 22880ms
query [29484]: # of matches found 11117 and it took: 22887.1ms
query [29485]: # of matches found 11144 and it took: 23009.2ms
query [29486]: # of matches found 11117 and it took: 22669.7ms
query [29487]: # of matches found 11067 and it took: 22843.5ms
query [29488]: # of matches found 11020 and it took: 23981.4ms
query [29489]: # of matches found 11040 and it took: 22694.5ms
query [29490]: # of matches found 11059 and it took: 22699.9ms
query [29491]: # of matches found 10989 and it took: 22714.6ms
query [29492]: # of matches found 10972 and it took: 23042.5ms
query [29493]: # of matches found 11053 and it took: 23085.3ms
query [29494]: # of matches found 11021 and it took: 23038.9ms
query [29495]: # of matches found 11056 and it took: 23035ms
query [29496]: # of matches found 11100 and it took: 22952.7ms
query [29497]: # of matches found 11097 and it took: 23328.9ms
query [29498]: # of matches found 11117 and it took: 23686.9ms
query [29499]: # of matches found 11101 and it took: 23876.2ms
query [29500]: # of matches found 11051 and it took: 23058.3ms
query [29501]: # of matches found 11060 and it took: 22811.6ms
query [29502]: # of matches found 11047 and it took: 23275.1ms
query [29503]: # of matches found 11109 and it took: 23264.4ms
query [29504]: # of matches found 11075 and it took: 23251.9ms
query [29505]: # of matches found 10985 and it took: 23256.5ms
query [29506]: # of matches found 11033 and it took: 23205.1ms
query [29507]: # of matches found 11006 and it took: 24203.1ms
query [29508]: # of matches found 11059 and it took: 23483.8ms
query [29509]: # of matches found 11102 and it took: 23615.5ms
query [29510]: # of matches found 10958 and it took: 24483.1ms
query [29511]: # of matches found 10829 and it took: 23461.9ms
query [29512]: # of matches found 9698 and it took: 23714.6ms
query [29513]: # of matches found 9707 and it took: 23686.1ms
query [29514]: # of matches found 9658 and it took: 23610.7ms
query [29515]: # of matches found 9642 and it took: 23496.3ms
query [29516]: # of matches found 9605 and it took: 23390.7ms
query [29517]: # of matches found 9597 and it took: 23816.1ms
query [29518]: # of matches found 9588 and it took: 23651ms
query [29519]: # of matches found 9612 and it took: 24291.1ms
query [29520]: # of matches found 9579 and it took: 24169.5ms
query [29521]: # of matches found 9703 and it took: 23519.1ms
query [29522]: # of matches found 10105 and it took: 24208.3ms
query [29523]: # of matches found 10138 and it took: 23856.9ms
query [29524]: # of matches found 10230 and it took: 23757.4ms
query [29525]: # of matches found 10258 and it took: 23642.8ms
query [29526]: # of matches found 10450 and it took: 23508.8ms
query [29527]: # of matches found 10529 and it took: 23632ms
query [29528]: # of matches found 11124 and it took: 23421.9ms
query [29529]: # of matches found 11631 and it took: 23437.1ms
query [29530]: # of matches found 12190 and it took: 23443.2ms
query [29531]: # of matches found 12346 and it took: 23972.3ms
query [29532]: # of matches found 12512 and it took: 23454.7ms
query [29533]: # of matches found 12940 and it took: 23427.3ms
query [29534]: # of matches found 12976 and it took: 23593ms
query [29535]: # of matches found 12901 and it took: 24285.9ms
query [29536]: # of matches found 12882 and it took: 23769.2ms
query [29537]: # of matches found 12858 and it took: 23610.6ms
query [29538]: # of matches found 12822 and it took: 23212.2ms
query [29539]: # of matches found 12799 and it took: 23243.9ms
query [29540]: # of matches found 12641 and it took: 23145.6ms
query [29541]: # of matches found 12527 and it took: 23056ms
query [29542]: # of matches found 12526 and it took: 23206.8ms
query [29543]: # of matches found 12537 and it took: 23183.2ms
query [29544]: # of matches found 12439 and it took: 23260.1ms
query [29545]: # of matches found 12383 and it took: 23130.8ms
query [29546]: # of matches found 12348 and it took: 23077.9ms
query [29547]: # of matches found 12280 and it took: 23290ms
query [29548]: # of matches found 12251 and it took: 23102.2ms
query [29549]: # of matches found 12222 and it took: 23068.8ms
query [29550]: # of matches found 12267 and it took: 23319.9ms
query [29551]: # of matches found 12263 and it took: 23021.8ms
query [29552]: # of matches found 12232 and it took: 23156.9ms
query [29553]: # of matches found 12234 and it took: 23214.9ms
query [29554]: # of matches found 12263 and it took: 23178.5ms
query [29555]: # of matches found 12192 and it took: 23061.8ms
query [29556]: # of matches found 12282 and it took: 23718.8ms
query [29557]: # of matches found 12419 and it took: 23208.6ms
query [29558]: # of matches found 12976 and it took: 23009.2ms
query [29559]: # of matches found 13086 and it took: 23064.8ms
query [29560]: # of matches found 13063 and it took: 23010ms
query [29561]: # of matches found 13075 and it took: 22961.3ms
query [29562]: # of matches found 13119 and it took: 23016ms
query [29563]: # of matches found 13133 and it took: 23069.4ms
query [29564]: # of matches found 13098 and it took: 23076.8ms
query [29565]: # of matches found 13080 and it took: 22937.3ms
query [29566]: # of matches found 13097 and it took: 22800.2ms
query [29567]: # of matches found 13057 and it took: 23119.4ms
query [29568]: # of matches found 12976 and it took: 22844.8ms
query [29569]: # of matches found 12965 and it took: 22851.5ms
query [29570]: # of matches found 12984 and it took: 22811.5ms
query [29571]: # of matches found 12953 and it took: 22804.1ms
query [29572]: # of matches found 12915 and it took: 23021.8ms
query [29573]: # of matches found 12796 and it took: 23227.9ms
query [29574]: # of matches found 12758 and it took: 22978.5ms
query [29575]: # of matches found 12689 and it took: 23229.6ms
query [29576]: # of matches found 12511 and it took: 22628ms
query [29577]: # of matches found 12501 and it took: 22681.1ms
query [29578]: # of matches found 12104 and it took: 22486.5ms
query [29579]: # of matches found 11632 and it took: 22594.6ms
query [29580]: # of matches found 11631 and it took: 22557.8ms
query [29581]: # of matches found 11567 and it took: 22463.9ms
query [29582]: # of matches found 11801 and it took: 22611.1ms
query [29583]: # of matches found 12025 and it took: 22549.6ms
query [29584]: # of matches found 12128 and it took: 22527.1ms
query [29585]: # of matches found 12171 and it took: 22345ms
query [29586]: # of matches found 27191 and it took: 22102.4ms
query [29587]: # of matches found 28834 and it took: 22371.1ms
query [29588]: # of matches found 31868 and it took: 22150.9ms
query [29589]: # of matches found 31819 and it took: 22193.4ms
query [29590]: # of matches found 31605 and it took: 21846.9ms
query [29591]: # of matches found 31383 and it took: 21662.9ms
query [29592]: # of matches found 31319 and it took: 21701.7ms
query [29593]: # of matches found 31272 and it took: 21633.8ms
query [29594]: # of matches found 31011 and it took: 21702.2ms
query [29595]: # of matches found 30790 and it took: 21187.7ms
query [29596]: # of matches found 30737 and it took: 21510.8ms
query [29597]: # of matches found 30622 and it took: 21728ms
query [29598]: # of matches found 30530 and it took: 21255.8ms
query [29599]: # of matches found 30486 and it took: 21102.2ms
query [29600]: # of matches found 30437 and it took: 20655.6ms
query [29601]: # of matches found 30407 and it took: 20404.9ms
PARMIK's matches per query up to q (602) => [average: 14795, median: 13126, sum: 8906740]
