no kmerRangesFileAddressArg!
no otherToolArg!
**********************CONFIGURATIONS*****************************
PARMIK mode:                  3
readDatabaseAddress:          /p/lava/parmik/partialMatcherProject/datasets/metagenomicDB/SRR14381434/SRR14381434_reads
readFileName:                 SRR14381434_reads
queryFileAddress:             /p/lava/parmik/partialMatcherProject/datasets/queryFiles/covidQueryFiles/SarsGenome_chunks/SarsGenome_queries_11000-11999
queryFileName:                SarsGenome_queries_11000-11999
otherToolOutputFileAddress:   /u/rgq5aw/GIT/PARMIK/partialMatcherProject/tools/blast/SRR14381434/SarsGenome/blastn_ws30_results.out
outputDir:                    /p/lava/parmik/partialMatcherProject/tools/baseline_ssw/SRR14381434/SarsGenome
penaltyFileAddress:           /u/rgq5aw/GIT/PARMIK/experiments/parmik/CK_SSW_ID_PRCNTG/PenaltySets/2484_1111_2444_2288_2848
kmerRangesFileAddress:        
readsCount:                   17000000
queryCount:                   30000
kmerLength:                   11
regionSize:                   48
cheapKmerThreshold:           0
identityPercentage:           0.85
minExactMatchLen:             0
minNumExactMatchKmer:         0
isIndexOffline:               1
offlineIndexAddress:          /p/lava/parmik/partialMatcherProject/tools/parmik/CK_INDEX/SRR14381434/
max editDistance in min region: 2
**********************CONFIGURATIONS*****************************
--------------Penalties--------------
m: 2, s: 4, go: 8, ge: 4
m: 1, s: 1, go: 1, ge: 1
m: 2, s: 4, go: 4, ge: 4
m: 2, s: 2, go: 8, ge: 8
m: 2, s: 8, go: 4, ge: 8
------------------------------------
numberOfReadsWithN : 0
queryCount : 1000
numberOfReadsWithN : 0
readCount : 9488668
offlineCheapIndexAddress: /p/lava/parmik/partialMatcherProject/tools/parmik/CK_INDEX/SRR14381434/ck_T0_K11_r17000000
pmrkAlignmentsAddress: /p/lava/parmik/partialMatcherProject/tools/baseline_ssw/SRR14381434/SarsGenome/aln/pmAln_R48_PI85_L0_M0_E2_K11_T0_P_2484_1111_2444_2288_2848.txt
Starting alignment for all queries [fwd]...
queryBaseIndex: 11000
query [11000]: # of matches found 29277 and it took: 57617.9ms
query [11001]: # of matches found 28987 and it took: 57893.6ms
query [11002]: # of matches found 28904 and it took: 58023.7ms
query [11003]: # of matches found 28755 and it took: 58222.6ms
query [11004]: # of matches found 27956 and it took: 57951ms
query [11005]: # of matches found 25055 and it took: 57993.3ms
query [11006]: # of matches found 24578 and it took: 57925.2ms
query [11007]: # of matches found 24553 and it took: 57973.2ms
query [11008]: # of matches found 24537 and it took: 58079.5ms
query [11009]: # of matches found 24573 and it took: 58266.1ms
query [11010]: # of matches found 24593 and it took: 57704.5ms
query [11011]: # of matches found 24574 and it took: 58331ms
query [11012]: # of matches found 24576 and it took: 58478.2ms
query [11013]: # of matches found 24567 and it took: 58560.6ms
query [11014]: # of matches found 25217 and it took: 58582.7ms
query [11015]: # of matches found 25209 and it took: 58388.8ms
query [11016]: # of matches found 25314 and it took: 58281.1ms
query [11017]: # of matches found 25261 and it took: 57819.9ms
query [11018]: # of matches found 25232 and it took: 58074.8ms
query [11019]: # of matches found 25162 and it took: 58325.7ms
query [11020]: # of matches found 24764 and it took: 57765.1ms
query [11021]: # of matches found 24682 and it took: 58502.1ms
query [11022]: # of matches found 24719 and it took: 58748.6ms
query [11023]: # of matches found 24742 and it took: 58876.4ms
query [11024]: # of matches found 23542 and it took: 59341.6ms
query [11025]: # of matches found 23452 and it took: 59079.6ms
query [11026]: # of matches found 23345 and it took: 59252.5ms
query [11027]: # of matches found 23173 and it took: 59089.6ms
query [11028]: # of matches found 23295 and it took: 59933ms
query [11029]: # of matches found 23309 and it took: 60068.5ms
query [11030]: # of matches found 23337 and it took: 59471.6ms
query [11031]: # of matches found 23362 and it took: 60417ms
query [11032]: # of matches found 23360 and it took: 60402.6ms
query [11033]: # of matches found 23321 and it took: 60250.3ms
query [11034]: # of matches found 23312 and it took: 60288.6ms
query [11035]: # of matches found 23244 and it took: 60303ms
query [11036]: # of matches found 23264 and it took: 60267.9ms
query [11037]: # of matches found 23245 and it took: 60149.8ms
query [11038]: # of matches found 23516 and it took: 60125.8ms
query [11039]: # of matches found 23501 and it took: 60631.2ms
query [11040]: # of matches found 23515 and it took: 60398.9ms
query [11041]: # of matches found 23454 and it took: 61204.9ms
query [11042]: # of matches found 23462 and it took: 61010.7ms
query [11043]: # of matches found 23354 and it took: 61372.6ms
query [11044]: # of matches found 23382 and it took: 61637.7ms
query [11045]: # of matches found 23401 and it took: 61462.2ms
query [11046]: # of matches found 23920 and it took: 61618.6ms
query [11047]: # of matches found 23981 and it took: 61497.2ms
query [11048]: # of matches found 23951 and it took: 61614.7ms
query [11049]: # of matches found 24006 and it took: 61773.7ms
query [11050]: # of matches found 23946 and it took: 61297.1ms
query [11051]: # of matches found 23978 and it took: 62353.2ms
query [11052]: # of matches found 23968 and it took: 61766.7ms
query [11053]: # of matches found 23936 and it took: 61831.2ms
query [11054]: # of matches found 24105 and it took: 61695.2ms
query [11055]: # of matches found 24139 and it took: 61269.6ms
query [11056]: # of matches found 24122 and it took: 61455.9ms
query [11057]: # of matches found 24257 and it took: 61430.4ms
query [11058]: # of matches found 24068 and it took: 61610.1ms
query [11059]: # of matches found 24048 and it took: 61895.6ms
query [11060]: # of matches found 23983 and it took: 62157.3ms
query [11061]: # of matches found 24070 and it took: 62869.6ms
query [11062]: # of matches found 24055 and it took: 62548.4ms
query [11063]: # of matches found 24044 and it took: 62533.5ms
query [11064]: # of matches found 24092 and it took: 62012.8ms
query [11065]: # of matches found 24074 and it took: 62395.5ms
query [11066]: # of matches found 24076 and it took: 63178.1ms
query [11067]: # of matches found 24078 and it took: 63090.2ms
query [11068]: # of matches found 24085 and it took: 63079.3ms
query [11069]: # of matches found 24058 and it took: 63081.6ms
query [11070]: # of matches found 23999 and it took: 63228.4ms
query [11071]: # of matches found 23922 and it took: 63798.8ms
query [11072]: # of matches found 23392 and it took: 63818.9ms
query [11073]: # of matches found 23381 and it took: 63911ms
query [11074]: # of matches found 23355 and it took: 63777.2ms
query [11075]: # of matches found 23661 and it took: 64021ms
query [11076]: # of matches found 23663 and it took: 64249ms
query [11077]: # of matches found 23628 and it took: 64062.9ms
query [11078]: # of matches found 23603 and it took: 64360.4ms
query [11079]: # of matches found 23571 and it took: 64367.6ms
query [11080]: # of matches found 23591 and it took: 64158.8ms
query [11081]: # of matches found 23645 and it took: 64738.8ms
query [11082]: # of matches found 23648 and it took: 64517.5ms
query [11083]: # of matches found 23605 and it took: 64463.6ms
query [11084]: # of matches found 23614 and it took: 64052.3ms
query [11085]: # of matches found 23602 and it took: 64514.7ms
query [11086]: # of matches found 23492 and it took: 66139.5ms
query [11087]: # of matches found 23503 and it took: 65086.4ms
query [11088]: # of matches found 23503 and it took: 64831.7ms
query [11089]: # of matches found 23478 and it took: 64763.1ms
query [11090]: # of matches found 22924 and it took: 64628.1ms
query [11091]: # of matches found 22889 and it took: 65183.2ms
query [11092]: # of matches found 22896 and it took: 65242.2ms
query [11093]: # of matches found 22988 and it took: 65353.6ms
query [11094]: # of matches found 22183 and it took: 64036.5ms
query [11095]: # of matches found 22132 and it took: 64640.4ms
query [11096]: # of matches found 22161 and it took: 65289ms
query [11097]: # of matches found 22214 and it took: 64440.5ms
query [11098]: # of matches found 22248 and it took: 64380.7ms
query [11099]: # of matches found 13429 and it took: 64205.4ms
query [11100]: # of matches found 12795 and it took: 64317.8ms
query [11101]: # of matches found 12599 and it took: 64594.1ms
query [11102]: # of matches found 12521 and it took: 64398.6ms
query [11103]: # of matches found 12538 and it took: 64411ms
query [11104]: # of matches found 12737 and it took: 63557.2ms
query [11105]: # of matches found 12706 and it took: 64529.2ms
query [11106]: # of matches found 12706 and it took: 64743.6ms
query [11107]: # of matches found 12524 and it took: 64475.9ms
query [11108]: # of matches found 11872 and it took: 64611.4ms
query [11109]: # of matches found 13353 and it took: 64458.6ms
query [11110]: # of matches found 13606 and it took: 64717ms
query [11111]: # of matches found 13611 and it took: 65134ms
query [11112]: # of matches found 13625 and it took: 64825ms
query [11113]: # of matches found 13616 and it took: 65289ms
query [11114]: # of matches found 13629 and it took: 64937.6ms
query [11115]: # of matches found 14892 and it took: 65916.7ms
query [11116]: # of matches found 14912 and it took: 65868.4ms
query [11117]: # of matches found 14875 and it took: 65199.4ms
query [11118]: # of matches found 14933 and it took: 65382.3ms
query [11119]: # of matches found 14905 and it took: 64300.3ms
query [11120]: # of matches found 14853 and it took: 64611.2ms
query [11121]: # of matches found 13996 and it took: 64983.6ms
query [11122]: # of matches found 14025 and it took: 64483.9ms
query [11123]: # of matches found 14025 and it took: 65423.4ms
query [11124]: # of matches found 14133 and it took: 64402.7ms
query [11125]: # of matches found 14152 and it took: 65214.2ms
query [11126]: # of matches found 14279 and it took: 65532.7ms
query [11127]: # of matches found 14201 and it took: 64698ms
query [11128]: # of matches found 14120 and it took: 64854.6ms
query [11129]: # of matches found 14132 and it took: 63768.4ms
query [11130]: # of matches found 14187 and it took: 63581.2ms
query [11131]: # of matches found 14173 and it took: 63825.7ms
query [11132]: # of matches found 14167 and it took: 63531.8ms
query [11133]: # of matches found 14158 and it took: 64754.1ms
query [11134]: # of matches found 14176 and it took: 63453.4ms
query [11135]: # of matches found 14133 and it took: 64633.4ms
query [11136]: # of matches found 14127 and it took: 64751ms
query [11137]: # of matches found 14128 and it took: 64278.8ms
query [11138]: # of matches found 14001 and it took: 64660.1ms
query [11139]: # of matches found 13966 and it took: 63631.1ms
query [11140]: # of matches found 13741 and it took: 63700.3ms
query [11141]: # of matches found 13751 and it took: 64746.3ms
query [11142]: # of matches found 13710 and it took: 63672.7ms
query [11143]: # of matches found 13678 and it took: 65237.6ms
query [11144]: # of matches found 13694 and it took: 64013.8ms
query [11145]: # of matches found 13727 and it took: 65298.4ms
query [11146]: # of matches found 13722 and it took: 65321.8ms
query [11147]: # of matches found 13730 and it took: 64528.4ms
query [11148]: # of matches found 13726 and it took: 64946.7ms
query [11149]: # of matches found 13761 and it took: 63680.6ms
query [11150]: # of matches found 13721 and it took: 63673ms
query [11151]: # of matches found 13739 and it took: 63743.6ms
query [11152]: # of matches found 13831 and it took: 63033.4ms
query [11153]: # of matches found 13892 and it took: 63825ms
query [11154]: # of matches found 13149 and it took: 62104.4ms
query [11155]: # of matches found 13418 and it took: 63133.3ms
query [11156]: # of matches found 13295 and it took: 63295.1ms
query [11157]: # of matches found 13423 and it took: 62607.7ms
query [11158]: # of matches found 13828 and it took: 62560.5ms
query [11159]: # of matches found 14039 and it took: 61727.4ms
query [11160]: # of matches found 14145 and it took: 61408.5ms
query [11161]: # of matches found 14184 and it took: 61446.2ms
query [11162]: # of matches found 14151 and it took: 61142.4ms
query [11163]: # of matches found 14155 and it took: 62050.1ms
query [11164]: # of matches found 14195 and it took: 60564.5ms
query [11165]: # of matches found 14131 and it took: 61584.5ms
query [11166]: # of matches found 14137 and it took: 61952.2ms
query [11167]: # of matches found 14126 and it took: 61342.6ms
query [11168]: # of matches found 13997 and it took: 61427.5ms
query [11169]: # of matches found 13999 and it took: 60822ms
query [11170]: # of matches found 13949 and it took: 61316.6ms
query [11171]: # of matches found 14015 and it took: 61228ms
query [11172]: # of matches found 14038 and it took: 59983.7ms
query [11173]: # of matches found 14215 and it took: 60639.9ms
query [11174]: # of matches found 14205 and it took: 60081.1ms
query [11175]: # of matches found 14268 and it took: 60869.2ms
query [11176]: # of matches found 14309 and it took: 61302.4ms
query [11177]: # of matches found 14317 and it took: 60631.7ms
query [11178]: # of matches found 14082 and it took: 60541.7ms
query [11179]: # of matches found 14080 and it took: 59848.2ms
query [11180]: # of matches found 14073 and it took: 59776.2ms
query [11181]: # of matches found 14049 and it took: 60247.6ms
query [11182]: # of matches found 14149 and it took: 59813.2ms
query [11183]: # of matches found 14255 and it took: 60579.2ms
query [11184]: # of matches found 14314 and it took: 60369.8ms
query [11185]: # of matches found 14314 and it took: 60355.2ms
query [11186]: # of matches found 13831 and it took: 60478.9ms
query [11187]: # of matches found 13752 and it took: 59740.1ms
query [11188]: # of matches found 13764 and it took: 60034.6ms
query [11189]: # of matches found 13792 and it took: 59434.3ms
query [11190]: # of matches found 13797 and it took: 59576.8ms
query [11191]: # of matches found 13784 and it took: 59802.4ms
query [11192]: # of matches found 13804 and it took: 59257ms
query [11193]: # of matches found 13734 and it took: 59636ms
query [11194]: # of matches found 13528 and it took: 59655.4ms
query [11195]: # of matches found 13510 and it took: 59730.1ms
query [11196]: # of matches found 13844 and it took: 59944.2ms
query [11197]: # of matches found 13638 and it took: 59654.5ms
query [11198]: # of matches found 13640 and it took: 59561.8ms
query [11199]: # of matches found 13614 and it took: 59509.2ms
query [11200]: # of matches found 13626 and it took: 60210.6ms
query [11201]: # of matches found 13668 and it took: 59719ms
query [11202]: # of matches found 13561 and it took: 59153.6ms
query [11203]: # of matches found 13835 and it took: 59253.7ms
query [11204]: # of matches found 13879 and it took: 59086.5ms
query [11205]: # of matches found 13992 and it took: 59133.2ms
query [11206]: # of matches found 14031 and it took: 58732.8ms
query [11207]: # of matches found 14058 and it took: 58602.8ms
query [11208]: # of matches found 14092 and it took: 58825ms
query [11209]: # of matches found 14066 and it took: 58587.7ms
query [11210]: # of matches found 14083 and it took: 58706.1ms
query [11211]: # of matches found 14637 and it took: 59109.6ms
query [11212]: # of matches found 14599 and it took: 58733.2ms
query [11213]: # of matches found 14610 and it took: 58912.5ms
query [11214]: # of matches found 14994 and it took: 59002.2ms
query [11215]: # of matches found 14596 and it took: 59052.7ms
query [11216]: # of matches found 14599 and it took: 59027.5ms
query [11217]: # of matches found 14606 and it took: 58940.3ms
query [11218]: # of matches found 14609 and it took: 58929.9ms
query [11219]: # of matches found 14628 and it took: 58860.5ms
query [11220]: # of matches found 14620 and it took: 58972.9ms
query [11221]: # of matches found 14561 and it took: 59072.1ms
query [11222]: # of matches found 14622 and it took: 59066.8ms
query [11223]: # of matches found 14652 and it took: 59227.2ms
query [11224]: # of matches found 14636 and it took: 59340.9ms
query [11225]: # of matches found 14663 and it took: 59481.6ms
query [11226]: # of matches found 14761 and it took: 59292.6ms
query [11227]: # of matches found 14793 and it took: 59164ms
query [11228]: # of matches found 14829 and it took: 58779.2ms
query [11229]: # of matches found 14876 and it took: 58758.6ms
query [11230]: # of matches found 14905 and it took: 59435ms
query [11231]: # of matches found 14931 and it took: 59817.4ms
query [11232]: # of matches found 14933 and it took: 59143.9ms
query [11233]: # of matches found 14895 and it took: 59511.9ms
query [11234]: # of matches found 14796 and it took: 59581ms
query [11235]: # of matches found 14826 and it took: 59657.6ms
query [11236]: # of matches found 14867 and it took: 59478.6ms
query [11237]: # of matches found 14810 and it took: 59467.9ms
query [11238]: # of matches found 14794 and it took: 59285.2ms
query [11239]: # of matches found 14874 and it took: 59404.7ms
query [11240]: # of matches found 15680 and it took: 59593.3ms
query [11241]: # of matches found 14610 and it took: 59713.9ms
query [11242]: # of matches found 14619 and it took: 59537.7ms
query [11243]: # of matches found 14637 and it took: 59515.5ms
query [11244]: # of matches found 14627 and it took: 59588.9ms
query [11245]: # of matches found 14428 and it took: 59701ms
query [11246]: # of matches found 14486 and it took: 59722.2ms
query [11247]: # of matches found 14500 and it took: 59929.1ms
query [11248]: # of matches found 14499 and it took: 59698.2ms
query [11249]: # of matches found 13009 and it took: 59898.4ms
query [11250]: # of matches found 12853 and it took: 60132.8ms
query [11251]: # of matches found 13281 and it took: 60576.1ms
query [11252]: # of matches found 13149 and it took: 60174.1ms
query [11253]: # of matches found 13220 and it took: 60144.7ms
query [11254]: # of matches found 13214 and it took: 60137.5ms
query [11255]: # of matches found 11932 and it took: 60745.2ms
query [11256]: # of matches found 11908 and it took: 60342.5ms
query [11257]: # of matches found 11870 and it took: 60126.1ms
query [11258]: # of matches found 11860 and it took: 60125.9ms
query [11259]: # of matches found 11855 and it took: 60401.5ms
query [11260]: # of matches found 11864 and it took: 60556.5ms
query [11261]: # of matches found 11870 and it took: 61496.9ms
query [11262]: # of matches found 11847 and it took: 60457.8ms
query [11263]: # of matches found 11864 and it took: 60102.9ms
query [11264]: # of matches found 11780 and it took: 60354.5ms
query [11265]: # of matches found 11924 and it took: 60686ms
query [11266]: # of matches found 11829 and it took: 60389.3ms
query [11267]: # of matches found 11844 and it took: 60204.4ms
query [11268]: # of matches found 11852 and it took: 59772.1ms
query [11269]: # of matches found 11834 and it took: 60148.7ms
query [11270]: # of matches found 11709 and it took: 60020.7ms
query [11271]: # of matches found 11710 and it took: 60138.2ms
query [11272]: # of matches found 11866 and it took: 59956.5ms
query [11273]: # of matches found 11843 and it took: 59621ms
query [11274]: # of matches found 11816 and it took: 59643.8ms
query [11275]: # of matches found 11862 and it took: 59791.8ms
query [11276]: # of matches found 11856 and it took: 59299.1ms
query [11277]: # of matches found 11820 and it took: 59270.7ms
query [11278]: # of matches found 11809 and it took: 58658.9ms
query [11279]: # of matches found 11738 and it took: 59304.8ms
query [11280]: # of matches found 11725 and it took: 58468.2ms
query [11281]: # of matches found 11709 and it took: 58409.8ms
query [11282]: # of matches found 11712 and it took: 58385.2ms
query [11283]: # of matches found 11695 and it took: 58103.9ms
query [11284]: # of matches found 11653 and it took: 58043.1ms
query [11285]: # of matches found 11719 and it took: 58099.2ms
query [11286]: # of matches found 11745 and it took: 58129.8ms
query [11287]: # of matches found 11817 and it took: 58071.7ms
query [11288]: # of matches found 11834 and it took: 57841.3ms
query [11289]: # of matches found 11873 and it took: 58191.4ms
query [11290]: # of matches found 11865 and it took: 58038.8ms
query [11291]: # of matches found 11839 and it took: 58625ms
query [11292]: # of matches found 11715 and it took: 58051.6ms
query [11293]: # of matches found 11640 and it took: 58108ms
query [11294]: # of matches found 11570 and it took: 58230.1ms
query [11295]: # of matches found 11272 and it took: 58296.1ms
query [11296]: # of matches found 11187 and it took: 57969.1ms
query [11297]: # of matches found 11159 and it took: 57890ms
query [11298]: # of matches found 10895 and it took: 57854.6ms
query [11299]: # of matches found 10580 and it took: 58231.4ms
query [11300]: # of matches found 10305 and it took: 58018.2ms
query [11301]: # of matches found 10239 and it took: 58252.8ms
query [11302]: # of matches found 10298 and it took: 58128ms
query [11303]: # of matches found 10263 and it took: 57786.2ms
query [11304]: # of matches found 10216 and it took: 58160.8ms
query [11305]: # of matches found 10633 and it took: 57776.7ms
query [11306]: # of matches found 10920 and it took: 57543.7ms
query [11307]: # of matches found 10980 and it took: 57357.4ms
query [11308]: # of matches found 11029 and it took: 57156.3ms
query [11309]: # of matches found 11077 and it took: 57375.6ms
query [11310]: # of matches found 11074 and it took: 57142.8ms
query [11311]: # of matches found 12153 and it took: 57349.7ms
query [11312]: # of matches found 12136 and it took: 57249.1ms
query [11313]: # of matches found 11958 and it took: 56733.2ms
query [11314]: # of matches found 11975 and it took: 57140.1ms
query [11315]: # of matches found 11933 and it took: 57497.1ms
query [11316]: # of matches found 11877 and it took: 57053.5ms
query [11317]: # of matches found 11992 and it took: 56729.4ms
query [11318]: # of matches found 11951 and it took: 56850.8ms
query [11319]: # of matches found 11929 and it took: 57247.1ms
query [11320]: # of matches found 11912 and it took: 56890.1ms
query [11321]: # of matches found 11925 and it took: 57003.4ms
query [11322]: # of matches found 11770 and it took: 57417.4ms
query [11323]: # of matches found 11655 and it took: 56703.9ms
query [11324]: # of matches found 11576 and it took: 56566.6ms
query [11325]: # of matches found 11551 and it took: 56846.5ms
query [11326]: # of matches found 12005 and it took: 56835.6ms
query [11327]: # of matches found 11967 and it took: 56590.6ms
query [11328]: # of matches found 12033 and it took: 56518.5ms
query [11329]: # of matches found 13939 and it took: 56936.4ms
query [11330]: # of matches found 14838 and it took: 56814ms
query [11331]: # of matches found 16952 and it took: 56670.1ms
query [11332]: # of matches found 17159 and it took: 56645.5ms
query [11333]: # of matches found 17746 and it took: 56369.8ms
query [11334]: # of matches found 18862 and it took: 56011.8ms
query [11335]: # of matches found 18999 and it took: 56979.6ms
query [11336]: # of matches found 18641 and it took: 56634.6ms
query [11337]: # of matches found 18622 and it took: 56455.6ms
query [11338]: # of matches found 18654 and it took: 56448.6ms
query [11339]: # of matches found 18653 and it took: 56694.5ms
query [11340]: # of matches found 18597 and it took: 56369.6ms
query [11341]: # of matches found 18612 and it took: 56314.6ms
query [11342]: # of matches found 18632 and it took: 56244.2ms
query [11343]: # of matches found 18424 and it took: 55868.8ms
query [11344]: # of matches found 18355 and it took: 56175.4ms
query [11345]: # of matches found 18177 and it took: 56380.4ms
query [11346]: # of matches found 18150 and it took: 56173.4ms
query [11347]: # of matches found 18102 and it took: 56241.1ms
query [11348]: # of matches found 18071 and it took: 56063ms
query [11349]: # of matches found 18060 and it took: 56166.4ms
query [11350]: # of matches found 18080 and it took: 56162.3ms
query [11351]: # of matches found 17548 and it took: 56241.2ms
query [11352]: # of matches found 17569 and it took: 55913.6ms
query [11353]: # of matches found 17591 and it took: 55606.3ms
query [11354]: # of matches found 17913 and it took: 56176.5ms
query [11355]: # of matches found 18031 and it took: 55873.1ms
query [11356]: # of matches found 18137 and it took: 55502.7ms
query [11357]: # of matches found 18329 and it took: 55360.5ms
query [11358]: # of matches found 18590 and it took: 55279.8ms
query [11359]: # of matches found 18735 and it took: 55294.2ms
query [11360]: # of matches found 18944 and it took: 55132ms
query [11361]: # of matches found 19064 and it took: 55346.3ms
query [11362]: # of matches found 19066 and it took: 55087.8ms
query [11363]: # of matches found 19097 and it took: 54806.1ms
query [11364]: # of matches found 19117 and it took: 54981.9ms
query [11365]: # of matches found 19122 and it took: 55019.5ms
query [11366]: # of matches found 19095 and it took: 54928ms
query [11367]: # of matches found 19092 and it took: 54797.3ms
query [11368]: # of matches found 19188 and it took: 54910.1ms
query [11369]: # of matches found 19205 and it took: 54946ms
query [11370]: # of matches found 19339 and it took: 54794.3ms
query [11371]: # of matches found 19541 and it took: 54804.9ms
query [11372]: # of matches found 19572 and it took: 54505.2ms
query [11373]: # of matches found 19639 and it took: 54392.2ms
query [11374]: # of matches found 19649 and it took: 54561.5ms
query [11375]: # of matches found 19662 and it took: 54680.5ms
query [11376]: # of matches found 19605 and it took: 54382.1ms
query [11377]: # of matches found 19602 and it took: 54404.1ms
query [11378]: # of matches found 19576 and it took: 54392.5ms
query [11379]: # of matches found 19546 and it took: 54570.5ms
query [11380]: # of matches found 18616 and it took: 54618.1ms
query [11381]: # of matches found 18501 and it took: 54613.4ms
query [11382]: # of matches found 18492 and it took: 54330.7ms
query [11383]: # of matches found 18474 and it took: 54004.9ms
query [11384]: # of matches found 18638 and it took: 54236.9ms
query [11385]: # of matches found 18593 and it took: 54488.6ms
query [11386]: # of matches found 18507 and it took: 54127.6ms
query [11387]: # of matches found 18482 and it took: 54775.7ms
query [11388]: # of matches found 18468 and it took: 54156.6ms
query [11389]: # of matches found 18454 and it took: 54238.7ms
query [11390]: # of matches found 18369 and it took: 54454.5ms
query [11391]: # of matches found 18354 and it took: 54450.6ms
query [11392]: # of matches found 17978 and it took: 54115ms
query [11393]: # of matches found 17924 and it took: 53949.8ms
query [11394]: # of matches found 17950 and it took: 54614.6ms
query [11395]: # of matches found 18013 and it took: 54480.3ms
query [11396]: # of matches found 18056 and it took: 54231ms
query [11397]: # of matches found 18199 and it took: 54519.1ms
query [11398]: # of matches found 18261 and it took: 54638.9ms
query [11399]: # of matches found 18521 and it took: 53723.5ms
query [11400]: # of matches found 18618 and it took: 54512.4ms
query [11401]: # of matches found 20178 and it took: 54390.9ms
query [11402]: # of matches found 20289 and it took: 54051.4ms
query [11403]: # of matches found 20392 and it took: 53740.6ms
query [11404]: # of matches found 20366 and it took: 54292.5ms
query [11405]: # of matches found 20233 and it took: 54482.9ms
query [11406]: # of matches found 20089 and it took: 54080.8ms
query [11407]: # of matches found 20067 and it took: 54299.4ms
query [11408]: # of matches found 20062 and it took: 54139.6ms
query [11409]: # of matches found 20038 and it took: 53657.9ms
query [11410]: # of matches found 20034 and it took: 53744.3ms
query [11411]: # of matches found 19994 and it took: 53763.4ms
query [11412]: # of matches found 19825 and it took: 53239.1ms
query [11413]: # of matches found 19846 and it took: 53077.5ms
query [11414]: # of matches found 19904 and it took: 53352.5ms
query [11415]: # of matches found 19899 and it took: 53507.4ms
query [11416]: # of matches found 19936 and it took: 53136.2ms
query [11417]: # of matches found 20098 and it took: 53071.7ms
query [11418]: # of matches found 22074 and it took: 52757.2ms
query [11419]: # of matches found 23135 and it took: 52732.6ms
query [11420]: # of matches found 24594 and it took: 53820.8ms
query [11421]: # of matches found 24998 and it took: 53048.2ms
query [11422]: # of matches found 25890 and it took: 52812.9ms
query [11423]: # of matches found 26070 and it took: 52693.7ms
query [11424]: # of matches found 26414 and it took: 52803.3ms
query [11425]: # of matches found 26518 and it took: 52915.9ms
query [11426]: # of matches found 26517 and it took: 52561.9ms
query [11427]: # of matches found 26505 and it took: 52439.4ms
query [11428]: # of matches found 26564 and it took: 52384.8ms
query [11429]: # of matches found 26456 and it took: 52455.8ms
query [11430]: # of matches found 26511 and it took: 52432.4ms
query [11431]: # of matches found 26569 and it took: 52607.4ms
query [11432]: # of matches found 26600 and it took: 52411.8ms
query [11433]: # of matches found 26617 and it took: 52317.1ms
query [11434]: # of matches found 26660 and it took: 52504.7ms
query [11435]: # of matches found 26933 and it took: 52552.4ms
query [11436]: # of matches found 27019 and it took: 52098.3ms
query [11437]: # of matches found 27025 and it took: 52266.9ms
query [11438]: # of matches found 27036 and it took: 52060.1ms
query [11439]: # of matches found 27067 and it took: 51995.4ms
query [11440]: # of matches found 27141 and it took: 51994.5ms
query [11441]: # of matches found 27529 and it took: 51905.7ms
query [11442]: # of matches found 27690 and it took: 51885.9ms
query [11443]: # of matches found 27724 and it took: 51913.2ms
query [11444]: # of matches found 29939 and it took: 51931.9ms
query [11445]: # of matches found 29557 and it took: 51861.9ms
query [11446]: # of matches found 29303 and it took: 51627.3ms
query [11447]: # of matches found 29180 and it took: 51778.1ms
query [11448]: # of matches found 29121 and it took: 51611.7ms
query [11449]: # of matches found 29095 and it took: 51644.2ms
query [11450]: # of matches found 29065 and it took: 51983.3ms
query [11451]: # of matches found 27817 and it took: 52092.7ms
query [11452]: # of matches found 27796 and it took: 52125.5ms
query [11453]: # of matches found 27785 and it took: 51853.1ms
query [11454]: # of matches found 27840 and it took: 51997.4ms
query [11455]: # of matches found 27843 and it took: 52417.7ms
query [11456]: # of matches found 27855 and it took: 51942.1ms
query [11457]: # of matches found 27731 and it took: 52112ms
query [11458]: # of matches found 27762 and it took: 52176.8ms
query [11459]: # of matches found 27784 and it took: 52195.7ms
query [11460]: # of matches found 27794 and it took: 52207.8ms
query [11461]: # of matches found 27838 and it took: 52494.6ms
query [11462]: # of matches found 27869 and it took: 52384ms
query [11463]: # of matches found 27909 and it took: 52416.2ms
query [11464]: # of matches found 27953 and it took: 52472.7ms
query [11465]: # of matches found 28014 and it took: 52563.9ms
query [11466]: # of matches found 27960 and it took: 52394.9ms
query [11467]: # of matches found 27935 and it took: 52638.3ms
query [11468]: # of matches found 27343 and it took: 52608.7ms
query [11469]: # of matches found 25400 and it took: 52498.2ms
query [11470]: # of matches found 25167 and it took: 52772.8ms
query [11471]: # of matches found 22787 and it took: 52747.6ms
query [11472]: # of matches found 22518 and it took: 53111.1ms
query [11473]: # of matches found 21690 and it took: 52935.2ms
query [11474]: # of matches found 20552 and it took: 53057.6ms
query [11475]: # of matches found 20223 and it took: 53057.5ms
query [11476]: # of matches found 20244 and it took: 52994.1ms
query [11477]: # of matches found 20267 and it took: 52831.2ms
query [11478]: # of matches found 20325 and it took: 53039.7ms
query [11479]: # of matches found 20823 and it took: 53058.9ms
query [11480]: # of matches found 20837 and it took: 52996.3ms
query [11481]: # of matches found 20858 and it took: 53070.4ms
query [11482]: # of matches found 20805 and it took: 53527.4ms
query [11483]: # of matches found 20828 and it took: 53262.9ms
query [11484]: # of matches found 20839 and it took: 53355.4ms
query [11485]: # of matches found 20847 and it took: 53589.1ms
query [11486]: # of matches found 20873 and it took: 53424.1ms
query [11487]: # of matches found 20902 and it took: 53111.8ms
query [11488]: # of matches found 20883 and it took: 53427.6ms
query [11489]: # of matches found 21674 and it took: 53648.7ms
query [11490]: # of matches found 21679 and it took: 54002.9ms
query [11491]: # of matches found 21670 and it took: 53973.1ms
query [11492]: # of matches found 21703 and it took: 54460.4ms
query [11493]: # of matches found 21907 and it took: 54510ms
query [11494]: # of matches found 21619 and it took: 54453.2ms
query [11495]: # of matches found 21187 and it took: 54832.4ms
query [11496]: # of matches found 21105 and it took: 54857.4ms
query [11497]: # of matches found 21028 and it took: 54587.1ms
query [11498]: # of matches found 20630 and it took: 54647.8ms
query [11499]: # of matches found 20508 and it took: 54640.3ms
query [11500]: # of matches found 20372 and it took: 54955.4ms
query [11501]: # of matches found 20230 and it took: 55097.8ms
query [11502]: # of matches found 20172 and it took: 55483.9ms
query [11503]: # of matches found 20159 and it took: 55496.3ms
query [11504]: # of matches found 20204 and it took: 55596.1ms
query [11505]: # of matches found 20273 and it took: 55638.4ms
query [11506]: # of matches found 20273 and it took: 55306.4ms
query [11507]: # of matches found 20258 and it took: 55045.6ms
query [11508]: # of matches found 20192 and it took: 55320ms
query [11509]: # of matches found 20084 and it took: 55289.5ms
query [11510]: # of matches found 19916 and it took: 55129.6ms
query [11511]: # of matches found 19789 and it took: 55189.4ms
query [11512]: # of matches found 19771 and it took: 55366.1ms
query [11513]: # of matches found 19722 and it took: 55160.5ms
query [11514]: # of matches found 19693 and it took: 55014.7ms
query [11515]: # of matches found 19702 and it took: 55303.5ms
query [11516]: # of matches found 19661 and it took: 55493.3ms
query [11517]: # of matches found 19638 and it took: 55173.9ms
query [11518]: # of matches found 19639 and it took: 55500.4ms
query [11519]: # of matches found 19634 and it took: 55426.2ms
query [11520]: # of matches found 19635 and it took: 55662.1ms
query [11521]: # of matches found 19754 and it took: 55916.2ms
query [11522]: # of matches found 19841 and it took: 55932ms
query [11523]: # of matches found 20000 and it took: 55750.1ms
query [11524]: # of matches found 19824 and it took: 55673.3ms
query [11525]: # of matches found 19839 and it took: 56139.7ms
query [11526]: # of matches found 19851 and it took: 56638.8ms
query [11527]: # of matches found 19938 and it took: 56411.9ms
query [11528]: # of matches found 19993 and it took: 56889.6ms
query [11529]: # of matches found 19989 and it took: 56712.7ms
query [11530]: # of matches found 19984 and it took: 56718.3ms
query [11531]: # of matches found 19951 and it took: 56411.9ms
query [11532]: # of matches found 19862 and it took: 56668.3ms
query [11533]: # of matches found 19918 and it took: 56469.4ms
query [11534]: # of matches found 20033 and it took: 56324.3ms
query [11535]: # of matches found 20092 and it took: 56692.9ms
query [11536]: # of matches found 20101 and it took: 56889.9ms
query [11537]: # of matches found 20045 and it took: 56938.7ms
query [11538]: # of matches found 19953 and it took: 57212.4ms
query [11539]: # of matches found 19836 and it took: 57108.1ms
query [11540]: # of matches found 19783 and it took: 57255.4ms
query [11541]: # of matches found 18199 and it took: 57085.2ms
query [11542]: # of matches found 18077 and it took: 57181.1ms
query [11543]: # of matches found 17914 and it took: 57311.6ms
query [11544]: # of matches found 17876 and it took: 57257.9ms
query [11545]: # of matches found 17925 and it took: 57262.4ms
query [11546]: # of matches found 18131 and it took: 57571.9ms
query [11547]: # of matches found 18090 and it took: 57301ms
query [11548]: # of matches found 18109 and it took: 57610.5ms
query [11549]: # of matches found 18135 and it took: 57615.5ms
query [11550]: # of matches found 18589 and it took: 57840.2ms
query [11551]: # of matches found 18617 and it took: 57486.7ms
query [11552]: # of matches found 18632 and it took: 57580.7ms
query [11553]: # of matches found 18688 and it took: 58468.1ms
query [11554]: # of matches found 18841 and it took: 57871.5ms
query [11555]: # of matches found 18867 and it took: 57747.6ms
query [11556]: # of matches found 18870 and it took: 58524.7ms
query [11557]: # of matches found 18883 and it took: 58369.5ms
query [11558]: # of matches found 16947 and it took: 58670.2ms
query [11559]: # of matches found 16874 and it took: 58526ms
query [11560]: # of matches found 16176 and it took: 58427.8ms
query [11561]: # of matches found 15945 and it took: 58917.1ms
query [11562]: # of matches found 13288 and it took: 58921.6ms
query [11563]: # of matches found 13109 and it took: 58997.1ms
query [11564]: # of matches found 13162 and it took: 58257.2ms
query [11565]: # of matches found 12833 and it took: 58690.9ms
query [11566]: # of matches found 12773 and it took: 58680.3ms
query [11567]: # of matches found 12760 and it took: 58448.3ms
query [11568]: # of matches found 12661 and it took: 58747.4ms
query [11569]: # of matches found 12630 and it took: 58681.3ms
query [11570]: # of matches found 12557 and it took: 58618.5ms
query [11571]: # of matches found 12525 and it took: 58650.2ms
query [11572]: # of matches found 12617 and it took: 58613.3ms
query [11573]: # of matches found 12728 and it took: 58943.4ms
query [11574]: # of matches found 12797 and it took: 58617ms
query [11575]: # of matches found 12539 and it took: 58917.9ms
query [11576]: # of matches found 12494 and it took: 58953.4ms
query [11577]: # of matches found 12482 and it took: 58660.3ms
query [11578]: # of matches found 12513 and it took: 58911.4ms
query [11579]: # of matches found 12548 and it took: 58938.9ms
query [11580]: # of matches found 12524 and it took: 58964.2ms
query [11581]: # of matches found 12160 and it took: 58961.6ms
query [11582]: # of matches found 11954 and it took: 58873.3ms
query [11583]: # of matches found 11923 and it took: 58944.5ms
query [11584]: # of matches found 9778 and it took: 58963.6ms
query [11585]: # of matches found 9776 and it took: 58652.7ms
query [11586]: # of matches found 9776 and it took: 58751.7ms
query [11587]: # of matches found 11507 and it took: 57398ms
query [11588]: # of matches found 11508 and it took: 57032ms
query [11589]: # of matches found 11522 and it took: 57084.4ms
query [11590]: # of matches found 11552 and it took: 57118.2ms
query [11591]: # of matches found 11673 and it took: 57289.4ms
query [11592]: # of matches found 11683 and it took: 57039.3ms
query [11593]: # of matches found 11706 and it took: 57287.1ms
query [11594]: # of matches found 11757 and it took: 56829.6ms
query [11595]: # of matches found 11783 and it took: 57067ms
query [11596]: # of matches found 11775 and it took: 57197.2ms
query [11597]: # of matches found 11783 and it took: 56712.2ms
query [11598]: # of matches found 11781 and it took: 56342ms
query [11599]: # of matches found 11770 and it took: 56319.9ms
query [11600]: # of matches found 11756 and it took: 56652.6ms
query [11601]: # of matches found 11766 and it took: 56595.2ms
query [11602]: # of matches found 11688 and it took: 56376.9ms
query [11603]: # of matches found 11699 and it took: 56385.4ms
query [11604]: # of matches found 11672 and it took: 56374.1ms
query [11605]: # of matches found 11601 and it took: 56290.2ms
query [11606]: # of matches found 11621 and it took: 56559.5ms
query [11607]: # of matches found 11712 and it took: 56311.9ms
query [11608]: # of matches found 11748 and it took: 56198.1ms
query [11609]: # of matches found 11770 and it took: 56024.1ms
query [11610]: # of matches found 11788 and it took: 56219ms
query [11611]: # of matches found 11808 and it took: 56158.6ms
query [11612]: # of matches found 11827 and it took: 56091.2ms
query [11613]: # of matches found 11880 and it took: 56260.4ms
query [11614]: # of matches found 11895 and it took: 56374ms
query [11615]: # of matches found 11902 and it took: 56608.2ms
query [11616]: # of matches found 11794 and it took: 56476.4ms
query [11617]: # of matches found 11785 and it took: 56567.3ms
query [11618]: # of matches found 11690 and it took: 56296.3ms
query [11619]: # of matches found 11649 and it took: 55956.4ms
query [11620]: # of matches found 11209 and it took: 56477.4ms
query [11621]: # of matches found 11187 and it took: 56431.1ms
query [11622]: # of matches found 11172 and it took: 56106.6ms
query [11623]: # of matches found 11167 and it took: 56275ms
query [11624]: # of matches found 11106 and it took: 56408.2ms
query [11625]: # of matches found 11112 and it took: 56493.2ms
query [11626]: # of matches found 11126 and it took: 56653.1ms
query [11627]: # of matches found 11119 and it took: 56782.8ms
query [11628]: # of matches found 11134 and it took: 56694.5ms
query [11629]: # of matches found 11122 and it took: 56478.3ms
query [11630]: # of matches found 10378 and it took: 56877.9ms
query [11631]: # of matches found 10378 and it took: 56715ms
query [11632]: # of matches found 10363 and it took: 56479.8ms
query [11633]: # of matches found 10197 and it took: 56557.5ms
query [11634]: # of matches found 10232 and it took: 56503.7ms
query [11635]: # of matches found 10272 and it took: 56439.6ms
query [11636]: # of matches found 10375 and it took: 56818ms
query [11637]: # of matches found 10386 and it took: 56819.3ms
query [11638]: # of matches found 10389 and it took: 56632.4ms
query [11639]: # of matches found 10404 and it took: 56766.3ms
query [11640]: # of matches found 10365 and it took: 56904.7ms
query [11641]: # of matches found 10330 and it took: 57110.3ms
query [11642]: # of matches found 10256 and it took: 56534.4ms
query [11643]: # of matches found 10205 and it took: 56745.5ms
query [11644]: # of matches found 10187 and it took: 56838.8ms
query [11645]: # of matches found 10124 and it took: 56731.2ms
query [11646]: # of matches found 10022 and it took: 57264ms
query [11647]: # of matches found 10030 and it took: 57592.1ms
query [11648]: # of matches found 10030 and it took: 57435.5ms
query [11649]: # of matches found 10070 and it took: 57512ms
query [11650]: # of matches found 10090 and it took: 58150.8ms
query [11651]: # of matches found 10011 and it took: 57918.6ms
query [11652]: # of matches found 10319 and it took: 57810.2ms
query [11653]: # of matches found 10682 and it took: 57930.9ms
query [11654]: # of matches found 10718 and it took: 58108.3ms
query [11655]: # of matches found 10720 and it took: 58341.9ms
query [11656]: # of matches found 10771 and it took: 58735.8ms
query [11657]: # of matches found 10777 and it took: 58513.2ms
query [11658]: # of matches found 10917 and it took: 58631ms
query [11659]: # of matches found 10906 and it took: 58752.2ms
query [11660]: # of matches found 10913 and it took: 59139.3ms
query [11661]: # of matches found 10812 and it took: 59295.9ms
query [11662]: # of matches found 10784 and it took: 59088.3ms
query [11663]: # of matches found 10650 and it took: 59533.4ms
query [11664]: # of matches found 10673 and it took: 59901.4ms
query [11665]: # of matches found 10706 and it took: 60034.5ms
query [11666]: # of matches found 10764 and it took: 60547.6ms
query [11667]: # of matches found 10696 and it took: 60430.3ms
query [11668]: # of matches found 11278 and it took: 61149.3ms
query [11669]: # of matches found 11309 and it took: 61189.8ms
query [11670]: # of matches found 11327 and it took: 61272.9ms
query [11671]: # of matches found 11386 and it took: 61406.2ms
query [11672]: # of matches found 11378 and it took: 61112.8ms
query [11673]: # of matches found 11291 and it took: 61731.1ms
query [11674]: # of matches found 11255 and it took: 61530.6ms
query [11675]: # of matches found 11147 and it took: 61586.9ms
query [11676]: # of matches found 11127 and it took: 61555.5ms
query [11677]: # of matches found 11147 and it took: 62090.3ms
query [11678]: # of matches found 11228 and it took: 62607.8ms
query [11679]: # of matches found 11893 and it took: 63224.7ms
query [11680]: # of matches found 12088 and it took: 62608.8ms
query [11681]: # of matches found 12248 and it took: 62479.1ms
query [11682]: # of matches found 13442 and it took: 62617.9ms
query [11683]: # of matches found 13542 and it took: 62438.7ms
query [11684]: # of matches found 13524 and it took: 61939.1ms
query [11685]: # of matches found 13509 and it took: 62462.9ms
query [11686]: # of matches found 13299 and it took: 62382.4ms
query [11687]: # of matches found 13310 and it took: 62389.1ms
query [11688]: # of matches found 13360 and it took: 62666ms
query [11689]: # of matches found 13351 and it took: 62419.8ms
query [11690]: # of matches found 13355 and it took: 63324.5ms
query [11691]: # of matches found 13345 and it took: 62979.6ms
query [11692]: # of matches found 12896 and it took: 62988ms
query [11693]: # of matches found 12866 and it took: 63069.9ms
query [11694]: # of matches found 12668 and it took: 63421.5ms
query [11695]: # of matches found 12624 and it took: 63484.5ms
query [11696]: # of matches found 12580 and it took: 63150.2ms
query [11697]: # of matches found 12518 and it took: 63590.4ms
query [11698]: # of matches found 12553 and it took: 63448.6ms
query [11699]: # of matches found 12643 and it took: 63753.4ms
query [11700]: # of matches found 12628 and it took: 63630.6ms
query [11701]: # of matches found 12580 and it took: 63570.1ms
query [11702]: # of matches found 12927 and it took: 63493.4ms
query [11703]: # of matches found 12896 and it took: 63773.2ms
query [11704]: # of matches found 12680 and it took: 63128.4ms
query [11705]: # of matches found 12671 and it took: 63590.5ms
query [11706]: # of matches found 12723 and it took: 64043.8ms
query [11707]: # of matches found 12724 and it took: 63082.6ms
query [11708]: # of matches found 12728 and it took: 63014.9ms
query [11709]: # of matches found 12749 and it took: 63291.9ms
query [11710]: # of matches found 12779 and it took: 62941.2ms
query [11711]: # of matches found 12804 and it took: 63444.4ms
