no kmerRangesFileAddressArg!
no otherToolArg!
**********************CONFIGURATIONS*****************************
PARMIK mode:                  3
readDatabaseAddress:          /p/lava/parmik/partialMatcherProject/datasets/metagenomicDB/SRR14381434/SRR14381434_reads
readFileName:                 SRR14381434_reads
queryFileAddress:             /p/lava/parmik/partialMatcherProject/datasets/queryFiles/covidQueryFiles/SarsGenome_chunks/SarsGenome_queries_15000-15999
queryFileName:                SarsGenome_queries_15000-15999
otherToolOutputFileAddress:   /u/rgq5aw/GIT/PARMIK/partialMatcherProject/tools/blast/SRR14381434/SarsGenome/blastn_ws30_results.out
outputDir:                    /p/lava/parmik/partialMatcherProject/tools/baseline_ssw/SRR14381434/SarsGenome
penaltyFileAddress:           /u/rgq5aw/GIT/PARMIK/experiments/parmik/CK_SSW_ID_PRCNTG/PenaltySets/2484_1111_2444_2288_2848
kmerRangesFileAddress:        
readsCount:                   17000000
queryCount:                   30000
kmerLength:                   11
regionSize:                   48
cheapKmerThreshold:           0
identityPercentage:           0.85
minExactMatchLen:             0
minNumExactMatchKmer:         0
isIndexOffline:               1
offlineIndexAddress:          /p/lava/parmik/partialMatcherProject/tools/parmik/CK_INDEX/SRR14381434/
max editDistance in min region: 2
**********************CONFIGURATIONS*****************************
--------------Penalties--------------
m: 2, s: 4, go: 8, ge: 4
m: 1, s: 1, go: 1, ge: 1
m: 2, s: 4, go: 4, ge: 4
m: 2, s: 2, go: 8, ge: 8
m: 2, s: 8, go: 4, ge: 8
------------------------------------
numberOfReadsWithN : 0
queryCount : 1000
numberOfReadsWithN : 0
readCount : 9488668
offlineCheapIndexAddress: /p/lava/parmik/partialMatcherProject/tools/parmik/CK_INDEX/SRR14381434/ck_T0_K11_r17000000
pmrkAlignmentsAddress: /p/lava/parmik/partialMatcherProject/tools/baseline_ssw/SRR14381434/SarsGenome/aln/pmAln_R48_PI85_L0_M0_E2_K11_T0_P_2484_1111_2444_2288_2848.txt
Starting alignment for all queries [fwd]...
queryBaseIndex: 15000
query [15000]: # of matches found 14173 and it took: 25135.3ms
query [15001]: # of matches found 14255 and it took: 25447.5ms
query [15002]: # of matches found 14277 and it took: 25884.4ms
query [15003]: # of matches found 14292 and it took: 26079.4ms
query [15004]: # of matches found 14256 and it took: 26338.7ms
query [15005]: # of matches found 14265 and it took: 26432.9ms
query [15006]: # of matches found 13573 and it took: 27222.6ms
query [15007]: # of matches found 13550 and it took: 27978.1ms
query [15008]: # of matches found 13563 and it took: 29227.9ms
query [15009]: # of matches found 13577 and it took: 27012.5ms
query [15010]: # of matches found 13468 and it took: 27235.3ms
query [15011]: # of matches found 13442 and it took: 27393.1ms
query [15012]: # of matches found 13432 and it took: 27471.5ms
query [15013]: # of matches found 13435 and it took: 29593.9ms
query [15014]: # of matches found 13521 and it took: 29912.9ms
query [15015]: # of matches found 13627 and it took: 29902.2ms
query [15016]: # of matches found 13675 and it took: 27298.1ms
query [15017]: # of matches found 13729 and it took: 26908.5ms
query [15018]: # of matches found 13756 and it took: 28511.3ms
query [15019]: # of matches found 13746 and it took: 27780.1ms
query [15020]: # of matches found 13724 and it took: 27590.7ms
query [15021]: # of matches found 13726 and it took: 30586.5ms
query [15022]: # of matches found 13776 and it took: 28780.1ms
query [15023]: # of matches found 13769 and it took: 28491.9ms
query [15024]: # of matches found 13830 and it took: 29534.6ms
query [15025]: # of matches found 13868 and it took: 28280ms
query [15026]: # of matches found 14118 and it took: 28109.3ms
query [15027]: # of matches found 14082 and it took: 27523ms
query [15028]: # of matches found 15621 and it took: 27329.3ms
query [15029]: # of matches found 15148 and it took: 27773.4ms
query [15030]: # of matches found 15295 and it took: 29775.4ms
query [15031]: # of matches found 15521 and it took: 29552ms
query [15032]: # of matches found 15600 and it took: 27983ms
query [15033]: # of matches found 15602 and it took: 26575.5ms
query [15034]: # of matches found 15700 and it took: 28165.1ms
query [15035]: # of matches found 15799 and it took: 29340.3ms
query [15036]: # of matches found 16020 and it took: 28749.6ms
query [15037]: # of matches found 16065 and it took: 29476.2ms
query [15038]: # of matches found 15990 and it took: 29599.6ms
query [15039]: # of matches found 15788 and it took: 29592.5ms
query [15040]: # of matches found 15787 and it took: 29561.6ms
query [15041]: # of matches found 15764 and it took: 29565.8ms
query [15042]: # of matches found 15808 and it took: 28796.9ms
query [15043]: # of matches found 15745 and it took: 27962.1ms
query [15044]: # of matches found 15672 and it took: 26241.8ms
query [15045]: # of matches found 15664 and it took: 26425.1ms
query [15046]: # of matches found 15694 and it took: 27714ms
query [15047]: # of matches found 15694 and it took: 27822.6ms
query [15048]: # of matches found 15690 and it took: 29343.1ms
query [15049]: # of matches found 15698 and it took: 29271.8ms
query [15050]: # of matches found 15794 and it took: 28786.8ms
query [15051]: # of matches found 15856 and it took: 27674.7ms
query [15052]: # of matches found 15891 and it took: 26099.7ms
query [15053]: # of matches found 15879 and it took: 27778ms
query [15054]: # of matches found 16322 and it took: 28104.3ms
query [15055]: # of matches found 16309 and it took: 28610ms
query [15056]: # of matches found 16452 and it took: 29183.3ms
query [15057]: # of matches found 16461 and it took: 29136.8ms
query [15058]: # of matches found 16446 and it took: 28867.3ms
query [15059]: # of matches found 16513 and it took: 29596.2ms
query [15060]: # of matches found 16560 and it took: 27968.4ms
query [15061]: # of matches found 16628 and it took: 26168.1ms
query [15062]: # of matches found 16747 and it took: 26842.4ms
query [15063]: # of matches found 16633 and it took: 28014.4ms
query [15064]: # of matches found 16607 and it took: 27828.9ms
query [15065]: # of matches found 16535 and it took: 29169.3ms
query [15066]: # of matches found 16599 and it took: 28922ms
query [15067]: # of matches found 16569 and it took: 29184.1ms
query [15068]: # of matches found 16563 and it took: 27894.1ms
query [15069]: # of matches found 16379 and it took: 27687.3ms
query [15070]: # of matches found 16369 and it took: 28388ms
query [15071]: # of matches found 16374 and it took: 27208.1ms
query [15072]: # of matches found 16388 and it took: 27266.5ms
query [15073]: # of matches found 16551 and it took: 28510.8ms
query [15074]: # of matches found 16791 and it took: 27693.2ms
query [15075]: # of matches found 16781 and it took: 28240.1ms
query [15076]: # of matches found 18932 and it took: 28623.4ms
query [15077]: # of matches found 18933 and it took: 28465.9ms
query [15078]: # of matches found 18839 and it took: 25782.1ms
query [15079]: # of matches found 18659 and it took: 26606ms
query [15080]: # of matches found 18388 and it took: 27335.2ms
query [15081]: # of matches found 18338 and it took: 27435ms
query [15082]: # of matches found 18212 and it took: 25602.9ms
query [15083]: # of matches found 18305 and it took: 26353.7ms
query [15084]: # of matches found 18293 and it took: 26210.3ms
query [15085]: # of matches found 18366 and it took: 26246.7ms
query [15086]: # of matches found 18332 and it took: 28560.5ms
query [15087]: # of matches found 18312 and it took: 28841.2ms
query [15088]: # of matches found 18202 and it took: 27756.7ms
query [15089]: # of matches found 18125 and it took: 25906.5ms
query [15090]: # of matches found 18103 and it took: 26584.2ms
query [15091]: # of matches found 18002 and it took: 25897.8ms
query [15092]: # of matches found 17909 and it took: 27068.4ms
query [15093]: # of matches found 17862 and it took: 27232.3ms
query [15094]: # of matches found 17882 and it took: 26738.6ms
query [15095]: # of matches found 17858 and it took: 26478.8ms
query [15096]: # of matches found 17882 and it took: 27733ms
query [15097]: # of matches found 17857 and it took: 25182.4ms
query [15098]: # of matches found 17923 and it took: 25704.6ms
query [15099]: # of matches found 17935 and it took: 27094.2ms
query [15100]: # of matches found 17953 and it took: 27506.4ms
query [15101]: # of matches found 17968 and it took: 27548.5ms
query [15102]: # of matches found 17953 and it took: 27226.2ms
query [15103]: # of matches found 17916 and it took: 27769.5ms
query [15104]: # of matches found 17900 and it took: 27666.3ms
query [15105]: # of matches found 17896 and it took: 27584ms
query [15106]: # of matches found 17993 and it took: 26759.2ms
query [15107]: # of matches found 17964 and it took: 25072.8ms
query [15108]: # of matches found 17881 and it took: 26324.2ms
query [15109]: # of matches found 17834 and it took: 26188.9ms
query [15110]: # of matches found 17845 and it took: 26433.7ms
query [15111]: # of matches found 17862 and it took: 27093ms
query [15112]: # of matches found 17837 and it took: 24708.8ms
query [15113]: # of matches found 17792 and it took: 25459.4ms
query [15114]: # of matches found 17793 and it took: 25929.7ms
query [15115]: # of matches found 17724 and it took: 26702.5ms
query [15116]: # of matches found 17745 and it took: 28231.1ms
query [15117]: # of matches found 17714 and it took: 27855.3ms
query [15118]: # of matches found 17699 and it took: 27640.1ms
query [15119]: # of matches found 17822 and it took: 27466.2ms
query [15120]: # of matches found 17598 and it took: 27597.3ms
query [15121]: # of matches found 17725 and it took: 28758.1ms
query [15122]: # of matches found 17667 and it took: 28884.2ms
query [15123]: # of matches found 17710 and it took: 26480.9ms
query [15124]: # of matches found 17775 and it took: 25020.5ms
query [15125]: # of matches found 17712 and it took: 26278.7ms
query [15126]: # of matches found 17808 and it took: 27240.1ms
query [15127]: # of matches found 17594 and it took: 28117.4ms
query [15128]: # of matches found 17622 and it took: 27602.6ms
query [15129]: # of matches found 17576 and it took: 28061.3ms
query [15130]: # of matches found 17569 and it took: 27424.3ms
query [15131]: # of matches found 17523 and it took: 25415.3ms
query [15132]: # of matches found 17556 and it took: 26214.9ms
query [15133]: # of matches found 17554 and it took: 26071.9ms
query [15134]: # of matches found 17481 and it took: 26531.6ms
query [15135]: # of matches found 17551 and it took: 27194ms
query [15136]: # of matches found 14971 and it took: 27297.8ms
query [15137]: # of matches found 14979 and it took: 26962.5ms
query [15138]: # of matches found 14522 and it took: 25884.3ms
query [15139]: # of matches found 14581 and it took: 26239.2ms
query [15140]: # of matches found 14568 and it took: 27390.5ms
query [15141]: # of matches found 14521 and it took: 25977.9ms
query [15142]: # of matches found 14514 and it took: 26873ms
query [15143]: # of matches found 14458 and it took: 28485.8ms
query [15144]: # of matches found 14547 and it took: 29297.2ms
query [15145]: # of matches found 14476 and it took: 28956.7ms
query [15146]: # of matches found 14995 and it took: 28290.4ms
query [15147]: # of matches found 14844 and it took: 26965.1ms
query [15148]: # of matches found 15014 and it took: 27006.7ms
query [15149]: # of matches found 15011 and it took: 26591.7ms
query [15150]: # of matches found 15145 and it took: 28622.4ms
query [15151]: # of matches found 15277 and it took: 28159.4ms
query [15152]: # of matches found 15337 and it took: 26645.6ms
query [15153]: # of matches found 15362 and it took: 28450.1ms
query [15154]: # of matches found 15283 and it took: 29136.6ms
query [15155]: # of matches found 15205 and it took: 29141.7ms
query [15156]: # of matches found 15085 and it took: 29347.7ms
query [15157]: # of matches found 15086 and it took: 29135ms
query [15158]: # of matches found 15052 and it took: 28777.6ms
query [15159]: # of matches found 15109 and it took: 28952.4ms
query [15160]: # of matches found 15090 and it took: 28886.6ms
query [15161]: # of matches found 15082 and it took: 29320.3ms
query [15162]: # of matches found 15096 and it took: 29362ms
query [15163]: # of matches found 15152 and it took: 29440.8ms
query [15164]: # of matches found 15108 and it took: 29606.1ms
query [15165]: # of matches found 15104 and it took: 29825.7ms
query [15166]: # of matches found 15078 and it took: 29614.9ms
query [15167]: # of matches found 14985 and it took: 29075.1ms
query [15168]: # of matches found 13390 and it took: 28646.3ms
query [15169]: # of matches found 13251 and it took: 29327.1ms
query [15170]: # of matches found 13100 and it took: 30402.8ms
query [15171]: # of matches found 12851 and it took: 29367.4ms
query [15172]: # of matches found 12754 and it took: 29755ms
query [15173]: # of matches found 12674 and it took: 30123.5ms
query [15174]: # of matches found 12626 and it took: 29922.4ms
query [15175]: # of matches found 12564 and it took: 30709.1ms
query [15176]: # of matches found 12337 and it took: 29347.1ms
query [15177]: # of matches found 12286 and it took: 27377.3ms
query [15178]: # of matches found 12327 and it took: 26161.4ms
query [15179]: # of matches found 12321 and it took: 27304.3ms
query [15180]: # of matches found 12310 and it took: 28442.2ms
query [15181]: # of matches found 12309 and it took: 29273.3ms
query [15182]: # of matches found 12133 and it took: 29576.5ms
query [15183]: # of matches found 12120 and it took: 29761.9ms
query [15184]: # of matches found 12097 and it took: 28276.6ms
query [15185]: # of matches found 12079 and it took: 26269.4ms
query [15186]: # of matches found 12033 and it took: 26650.3ms
query [15187]: # of matches found 11961 and it took: 27491ms
query [15188]: # of matches found 11947 and it took: 27802.9ms
query [15189]: # of matches found 11920 and it took: 28958.3ms
query [15190]: # of matches found 12097 and it took: 29417.9ms
query [15191]: # of matches found 11993 and it took: 28253ms
query [15192]: # of matches found 11960 and it took: 27601.3ms
query [15193]: # of matches found 11913 and it took: 27680.2ms
query [15194]: # of matches found 11847 and it took: 28973.1ms
query [15195]: # of matches found 11848 and it took: 28705.7ms
query [15196]: # of matches found 11364 and it took: 27932.5ms
query [15197]: # of matches found 11330 and it took: 26396.5ms
query [15198]: # of matches found 11305 and it took: 26630.9ms
query [15199]: # of matches found 11245 and it took: 28332.5ms
query [15200]: # of matches found 11275 and it took: 30391.5ms
query [15201]: # of matches found 17627 and it took: 29974.9ms
query [15202]: # of matches found 17473 and it took: 28878.2ms
query [15203]: # of matches found 17474 and it took: 28267.1ms
query [15204]: # of matches found 17673 and it took: 29429.8ms
query [15205]: # of matches found 17692 and it took: 30902.2ms
query [15206]: # of matches found 17772 and it took: 29368.5ms
query [15207]: # of matches found 17792 and it took: 29178.6ms
query [15208]: # of matches found 17787 and it took: 29526.3ms
query [15209]: # of matches found 17730 and it took: 27723.8ms
query [15210]: # of matches found 17720 and it took: 30607.9ms
query [15211]: # of matches found 17737 and it took: 30713.5ms
query [15212]: # of matches found 17812 and it took: 29249.2ms
query [15213]: # of matches found 17804 and it took: 29497.7ms
query [15214]: # of matches found 17569 and it took: 30493.7ms
query [15215]: # of matches found 17418 and it took: 30834.2ms
query [15216]: # of matches found 15237 and it took: 30943.6ms
query [15217]: # of matches found 15373 and it took: 31325.8ms
query [15218]: # of matches found 15418 and it took: 28966.6ms
query [15219]: # of matches found 15467 and it took: 27250.4ms
query [15220]: # of matches found 15540 and it took: 28688.1ms
query [15221]: # of matches found 15552 and it took: 29617.5ms
query [15222]: # of matches found 15821 and it took: 29593.4ms
query [15223]: # of matches found 15841 and it took: 29097.6ms
query [15224]: # of matches found 15706 and it took: 28005.8ms
query [15225]: # of matches found 15696 and it took: 28536.1ms
query [15226]: # of matches found 15606 and it took: 29300.5ms
query [15227]: # of matches found 15625 and it took: 28712.7ms
query [15228]: # of matches found 15590 and it took: 28754.5ms
query [15229]: # of matches found 15610 and it took: 29171.2ms
query [15230]: # of matches found 15517 and it took: 29399.5ms
query [15231]: # of matches found 15455 and it took: 28389.8ms
query [15232]: # of matches found 15379 and it took: 28566.2ms
query [15233]: # of matches found 15444 and it took: 28644.7ms
query [15234]: # of matches found 15605 and it took: 31589ms
query [15235]: # of matches found 15673 and it took: 31112.5ms
query [15236]: # of matches found 15704 and it took: 29896.4ms
query [15237]: # of matches found 15874 and it took: 30662.4ms
query [15238]: # of matches found 15778 and it took: 30333ms
query [15239]: # of matches found 15785 and it took: 29824.7ms
query [15240]: # of matches found 15795 and it took: 29375.5ms
query [15241]: # of matches found 15790 and it took: 27293.9ms
query [15242]: # of matches found 15806 and it took: 29137.9ms
query [15243]: # of matches found 15809 and it took: 29612.7ms
query [15244]: # of matches found 16457 and it took: 28801.9ms
query [15245]: # of matches found 16404 and it took: 27732.2ms
query [15246]: # of matches found 16294 and it took: 30775.8ms
query [15247]: # of matches found 16332 and it took: 30046.4ms
query [15248]: # of matches found 16415 and it took: 29345.3ms
query [15249]: # of matches found 16657 and it took: 29983.1ms
query [15250]: # of matches found 16717 and it took: 30007.4ms
query [15251]: # of matches found 16788 and it took: 28500.4ms
query [15252]: # of matches found 17019 and it took: 30003.2ms
query [15253]: # of matches found 17025 and it took: 30792.8ms
query [15254]: # of matches found 17055 and it took: 29000.4ms
query [15255]: # of matches found 17076 and it took: 27207.7ms
query [15256]: # of matches found 17187 and it took: 28768.8ms
query [15257]: # of matches found 17259 and it took: 30675.2ms
query [15258]: # of matches found 17308 and it took: 29048.8ms
query [15259]: # of matches found 17306 and it took: 26979.5ms
query [15260]: # of matches found 17463 and it took: 27610ms
query [15261]: # of matches found 17496 and it took: 27650ms
query [15262]: # of matches found 17440 and it took: 30384.2ms
query [15263]: # of matches found 17524 and it took: 29156.2ms
query [15264]: # of matches found 17511 and it took: 27439.7ms
query [15265]: # of matches found 17686 and it took: 30256.5ms
query [15266]: # of matches found 17715 and it took: 31006.3ms
query [15267]: # of matches found 17675 and it took: 30901.6ms
query [15268]: # of matches found 17600 and it took: 30249.1ms
query [15269]: # of matches found 18205 and it took: 29363.7ms
query [15270]: # of matches found 18250 and it took: 27853.2ms
query [15271]: # of matches found 18220 and it took: 28483.9ms
query [15272]: # of matches found 18257 and it took: 28805.5ms
query [15273]: # of matches found 18275 and it took: 28829ms
query [15274]: # of matches found 18280 and it took: 28885.3ms
query [15275]: # of matches found 18155 and it took: 30663ms
query [15276]: # of matches found 17942 and it took: 31047ms
query [15277]: # of matches found 17899 and it took: 30499.6ms
query [15278]: # of matches found 17872 and it took: 29166.6ms
query [15279]: # of matches found 17811 and it took: 27778.7ms
query [15280]: # of matches found 17824 and it took: 29060.5ms
query [15281]: # of matches found 17965 and it took: 28491.1ms
query [15282]: # of matches found 18080 and it took: 29511.1ms
query [15283]: # of matches found 18208 and it took: 27892.5ms
query [15284]: # of matches found 18136 and it took: 29876.4ms
query [15285]: # of matches found 18183 and it took: 30056.7ms
query [15286]: # of matches found 17650 and it took: 30185.3ms
query [15287]: # of matches found 18003 and it took: 30859.6ms
query [15288]: # of matches found 17856 and it took: 30623.7ms
query [15289]: # of matches found 17867 and it took: 31284.8ms
query [15290]: # of matches found 17987 and it took: 30707.1ms
query [15291]: # of matches found 17889 and it took: 29806.9ms
query [15292]: # of matches found 17997 and it took: 28145.2ms
query [15293]: # of matches found 17946 and it took: 31169.9ms
query [15294]: # of matches found 17967 and it took: 31385ms
query [15295]: # of matches found 17970 and it took: 30507.3ms
query [15296]: # of matches found 18018 and it took: 28150.8ms
query [15297]: # of matches found 17944 and it took: 29999.1ms
query [15298]: # of matches found 17986 and it took: 31876.1ms
query [15299]: # of matches found 17901 and it took: 31233.7ms
query [15300]: # of matches found 17958 and it took: 31636.8ms
query [15301]: # of matches found 17961 and it took: 30242.5ms
query [15302]: # of matches found 17912 and it took: 29954.5ms
query [15303]: # of matches found 17876 and it took: 28298.9ms
query [15304]: # of matches found 17966 and it took: 30207.5ms
query [15305]: # of matches found 17936 and it took: 31772.3ms
query [15306]: # of matches found 17932 and it took: 30211.7ms
query [15307]: # of matches found 17932 and it took: 29834.4ms
query [15308]: # of matches found 18046 and it took: 28757.3ms
query [15309]: # of matches found 18254 and it took: 29689.6ms
query [15310]: # of matches found 18783 and it took: 28761.8ms
query [15311]: # of matches found 18883 and it took: 29733.9ms
query [15312]: # of matches found 18904 and it took: 30896.4ms
query [15313]: # of matches found 19088 and it took: 30383.9ms
query [15314]: # of matches found 19134 and it took: 30487.7ms
query [15315]: # of matches found 19110 and it took: 29735.9ms
query [15316]: # of matches found 19096 and it took: 28278.3ms
query [15317]: # of matches found 18625 and it took: 29351ms
query [15318]: # of matches found 18550 and it took: 28638.5ms
query [15319]: # of matches found 18510 and it took: 28882.1ms
query [15320]: # of matches found 18545 and it took: 29474.1ms
query [15321]: # of matches found 18570 and it took: 28416.5ms
query [15322]: # of matches found 18572 and it took: 29216.3ms
query [15323]: # of matches found 18594 and it took: 29900.1ms
query [15324]: # of matches found 18630 and it took: 29678.3ms
query [15325]: # of matches found 18655 and it took: 27608ms
query [15326]: # of matches found 19135 and it took: 30567.4ms
query [15327]: # of matches found 19717 and it took: 31011ms
query [15328]: # of matches found 19725 and it took: 30492.2ms
query [15329]: # of matches found 19743 and it took: 30574.2ms
query [15330]: # of matches found 19507 and it took: 30808.6ms
query [15331]: # of matches found 19585 and it took: 30647.9ms
query [15332]: # of matches found 19660 and it took: 30211ms
query [15333]: # of matches found 20829 and it took: 30304.6ms
query [15334]: # of matches found 20898 and it took: 29089.7ms
query [15335]: # of matches found 20947 and it took: 27548.7ms
query [15336]: # of matches found 20944 and it took: 29589.3ms
query [15337]: # of matches found 21009 and it took: 30633.2ms
query [15338]: # of matches found 21083 and it took: 29898.6ms
query [15339]: # of matches found 21110 and it took: 28845.7ms
query [15340]: # of matches found 21079 and it took: 30513.4ms
query [15341]: # of matches found 14719 and it took: 30551.1ms
query [15342]: # of matches found 14726 and it took: 30412.3ms
query [15343]: # of matches found 14918 and it took: 29821.5ms
query [15344]: # of matches found 15186 and it took: 29828.5ms
query [15345]: # of matches found 15604 and it took: 30298.3ms
query [15346]: # of matches found 15470 and it took: 30234.2ms
query [15347]: # of matches found 15636 and it took: 29297.2ms
query [15348]: # of matches found 15683 and it took: 30313.8ms
query [15349]: # of matches found 15736 and it took: 29447.8ms
query [15350]: # of matches found 15786 and it took: 26857ms
query [15351]: # of matches found 15854 and it took: 27651.7ms
query [15352]: # of matches found 15793 and it took: 28697ms
query [15353]: # of matches found 15818 and it took: 28420ms
query [15354]: # of matches found 15829 and it took: 28681.3ms
query [15355]: # of matches found 15833 and it took: 27441.3ms
query [15356]: # of matches found 15946 and it took: 26637.9ms
query [15357]: # of matches found 15913 and it took: 28008ms
query [15358]: # of matches found 15867 and it took: 27919.5ms
query [15359]: # of matches found 15745 and it took: 28325.1ms
query [15360]: # of matches found 15757 and it took: 28297.5ms
query [15361]: # of matches found 15759 and it took: 26807.4ms
query [15362]: # of matches found 15528 and it took: 27461.8ms
query [15363]: # of matches found 15557 and it took: 29455.7ms
query [15364]: # of matches found 15539 and it took: 28548.6ms
query [15365]: # of matches found 15510 and it took: 26434.3ms
query [15366]: # of matches found 15877 and it took: 26386.4ms
query [15367]: # of matches found 16925 and it took: 28102.5ms
query [15368]: # of matches found 16871 and it took: 29649.1ms
query [15369]: # of matches found 16862 and it took: 29964.5ms
query [15370]: # of matches found 16864 and it took: 28379ms
query [15371]: # of matches found 16802 and it took: 26749.2ms
query [15372]: # of matches found 16780 and it took: 25772.1ms
query [15373]: # of matches found 16672 and it took: 27974.6ms
query [15374]: # of matches found 16437 and it took: 27900.8ms
query [15375]: # of matches found 16381 and it took: 26062.5ms
query [15376]: # of matches found 16321 and it took: 25838.5ms
query [15377]: # of matches found 16128 and it took: 27827.8ms
query [15378]: # of matches found 16131 and it took: 29568.6ms
query [15379]: # of matches found 16145 and it took: 28785.5ms
query [15380]: # of matches found 16150 and it took: 28859.1ms
query [15381]: # of matches found 16078 and it took: 28807.6ms
query [15382]: # of matches found 16069 and it took: 28850.6ms
query [15383]: # of matches found 16131 and it took: 28854.7ms
query [15384]: # of matches found 15526 and it took: 27501.7ms
query [15385]: # of matches found 15553 and it took: 27641.4ms
query [15386]: # of matches found 15576 and it took: 28090.3ms
query [15387]: # of matches found 15570 and it took: 26150.6ms
query [15388]: # of matches found 15518 and it took: 27009.6ms
query [15389]: # of matches found 15275 and it took: 28021.3ms
query [15390]: # of matches found 15219 and it took: 29092.2ms
query [15391]: # of matches found 15172 and it took: 28948.4ms
query [15392]: # of matches found 14931 and it took: 28557.5ms
query [15393]: # of matches found 14937 and it took: 28615.9ms
query [15394]: # of matches found 14979 and it took: 28927.2ms
query [15395]: # of matches found 15040 and it took: 29272.5ms
query [15396]: # of matches found 14983 and it took: 29294ms
query [15397]: # of matches found 14945 and it took: 28976ms
query [15398]: # of matches found 14893 and it took: 28991ms
query [15399]: # of matches found 14833 and it took: 26655.8ms
query [15400]: # of matches found 14738 and it took: 26751ms
query [15401]: # of matches found 14657 and it took: 28187.6ms
query [15402]: # of matches found 14632 and it took: 29587.6ms
query [15403]: # of matches found 14439 and it took: 29419.7ms
query [15404]: # of matches found 14402 and it took: 29034.9ms
query [15405]: # of matches found 14262 and it took: 28837.7ms
query [15406]: # of matches found 14170 and it took: 28636.6ms
query [15407]: # of matches found 14053 and it took: 27693.3ms
query [15408]: # of matches found 14029 and it took: 27737.6ms
query [15409]: # of matches found 13443 and it took: 26764ms
query [15410]: # of matches found 13389 and it took: 27174.7ms
query [15411]: # of matches found 13384 and it took: 29400.1ms
query [15412]: # of matches found 13353 and it took: 29812.9ms
query [15413]: # of matches found 13326 and it took: 28873.4ms
query [15414]: # of matches found 13228 and it took: 29800.7ms
query [15415]: # of matches found 13103 and it took: 29905ms
query [15416]: # of matches found 14022 and it took: 28760.6ms
query [15417]: # of matches found 14024 and it took: 26471.9ms
query [15418]: # of matches found 13990 and it took: 27330.9ms
query [15419]: # of matches found 13927 and it took: 28007.6ms
query [15420]: # of matches found 13942 and it took: 29910.9ms
query [15421]: # of matches found 13935 and it took: 28118.4ms
query [15422]: # of matches found 14259 and it took: 28666.6ms
query [15423]: # of matches found 13948 and it took: 27120.5ms
query [15424]: # of matches found 14384 and it took: 27940.6ms
query [15425]: # of matches found 14821 and it took: 26589.5ms
query [15426]: # of matches found 14821 and it took: 26727.9ms
query [15427]: # of matches found 14818 and it took: 28437.9ms
query [15428]: # of matches found 14804 and it took: 29329ms
query [15429]: # of matches found 14796 and it took: 29561.6ms
query [15430]: # of matches found 14852 and it took: 28094.9ms
query [15431]: # of matches found 14979 and it took: 27200ms
query [15432]: # of matches found 15592 and it took: 28306.4ms
query [15433]: # of matches found 15631 and it took: 27269.6ms
query [15434]: # of matches found 15659 and it took: 26674.2ms
query [15435]: # of matches found 16077 and it took: 30829.6ms
query [15436]: # of matches found 16059 and it took: 29323.2ms
query [15437]: # of matches found 16139 and it took: 28995.2ms
query [15438]: # of matches found 16149 and it took: 29555.1ms
query [15439]: # of matches found 16164 and it took: 29140.7ms
query [15440]: # of matches found 16325 and it took: 29384.4ms
query [15441]: # of matches found 16318 and it took: 28608.6ms
query [15442]: # of matches found 16341 and it took: 29024.2ms
query [15443]: # of matches found 16333 and it took: 27237.4ms
query [15444]: # of matches found 16209 and it took: 26699.6ms
query [15445]: # of matches found 16204 and it took: 28534.8ms
query [15446]: # of matches found 16192 and it took: 29654.4ms
query [15447]: # of matches found 16272 and it took: 29818.4ms
query [15448]: # of matches found 16202 and it took: 28129.2ms
query [15449]: # of matches found 15938 and it took: 27218.8ms
query [15450]: # of matches found 15457 and it took: 28393.6ms
query [15451]: # of matches found 15388 and it took: 28564ms
query [15452]: # of matches found 15408 and it took: 28477.9ms
query [15453]: # of matches found 15323 and it took: 27490ms
query [15454]: # of matches found 15223 and it took: 28181.5ms
query [15455]: # of matches found 15287 and it took: 30589.5ms
query [15456]: # of matches found 15278 and it took: 29963.6ms
query [15457]: # of matches found 15294 and it took: 29608.5ms
query [15458]: # of matches found 15396 and it took: 28065.3ms
query [15459]: # of matches found 15410 and it took: 28782.3ms
query [15460]: # of matches found 15384 and it took: 29646.6ms
query [15461]: # of matches found 15388 and it took: 29811.6ms
query [15462]: # of matches found 17983 and it took: 29427.1ms
query [15463]: # of matches found 17993 and it took: 29804.2ms
query [15464]: # of matches found 17972 and it took: 29415.3ms
query [15465]: # of matches found 18016 and it took: 29439.2ms
query [15466]: # of matches found 17564 and it took: 29507.7ms
query [15467]: # of matches found 16963 and it took: 30023.9ms
query [15468]: # of matches found 16941 and it took: 29590ms
query [15469]: # of matches found 16990 and it took: 28130.5ms
query [15470]: # of matches found 16941 and it took: 26815.9ms
query [15471]: # of matches found 16875 and it took: 29682.2ms
query [15472]: # of matches found 16854 and it took: 30111.6ms
query [15473]: # of matches found 16874 and it took: 30030.6ms
query [15474]: # of matches found 15648 and it took: 28420.9ms
query [15475]: # of matches found 15625 and it took: 28619.9ms
query [15476]: # of matches found 16322 and it took: 29857.8ms
query [15477]: # of matches found 16287 and it took: 30012.5ms
query [15478]: # of matches found 16457 and it took: 29371.5ms
query [15479]: # of matches found 16465 and it took: 26779.6ms
query [15480]: # of matches found 16570 and it took: 27523.1ms
query [15481]: # of matches found 16960 and it took: 28718.5ms
query [15482]: # of matches found 16957 and it took: 28379.6ms
query [15483]: # of matches found 16802 and it took: 29874.7ms
query [15484]: # of matches found 16390 and it took: 26915ms
query [15485]: # of matches found 16402 and it took: 28607.4ms
query [15486]: # of matches found 16004 and it took: 29397.7ms
query [15487]: # of matches found 15968 and it took: 28564.6ms
query [15488]: # of matches found 15963 and it took: 26984.6ms
query [15489]: # of matches found 15989 and it took: 30760.2ms
query [15490]: # of matches found 15933 and it took: 30201.6ms
query [15491]: # of matches found 15842 and it took: 30200.7ms
query [15492]: # of matches found 15822 and it took: 29286.4ms
query [15493]: # of matches found 15832 and it took: 29627.7ms
query [15494]: # of matches found 16020 and it took: 29913.7ms
query [15495]: # of matches found 16035 and it took: 29482ms
query [15496]: # of matches found 15986 and it took: 29238.3ms
query [15497]: # of matches found 16072 and it took: 27361.8ms
query [15498]: # of matches found 16091 and it took: 27211.3ms
query [15499]: # of matches found 16173 and it took: 27892.2ms
query [15500]: # of matches found 16173 and it took: 28433.6ms
query [15501]: # of matches found 16257 and it took: 26380.7ms
query [15502]: # of matches found 16234 and it took: 26952.2ms
query [15503]: # of matches found 16234 and it took: 30097.3ms
query [15504]: # of matches found 16411 and it took: 29568.3ms
query [15505]: # of matches found 16508 and it took: 29180.4ms
query [15506]: # of matches found 16255 and it took: 29026.1ms
query [15507]: # of matches found 15371 and it took: 29585.1ms
query [15508]: # of matches found 15794 and it took: 29356ms
query [15509]: # of matches found 15842 and it took: 29299.6ms
query [15510]: # of matches found 15914 and it took: 28431ms
query [15511]: # of matches found 15968 and it took: 27009.5ms
query [15512]: # of matches found 16115 and it took: 28207.7ms
query [15513]: # of matches found 16266 and it took: 28167.6ms
query [15514]: # of matches found 16301 and it took: 29490.2ms
query [15515]: # of matches found 16259 and it took: 29146.6ms
query [15516]: # of matches found 16375 and it took: 26079.6ms
query [15517]: # of matches found 16399 and it took: 27059ms
query [15518]: # of matches found 16404 and it took: 27631.6ms
query [15519]: # of matches found 16414 and it took: 28412.3ms
query [15520]: # of matches found 16407 and it took: 28585.3ms
query [15521]: # of matches found 16422 and it took: 29783.6ms
query [15522]: # of matches found 16410 and it took: 28897ms
query [15523]: # of matches found 17297 and it took: 28503.5ms
query [15524]: # of matches found 17283 and it took: 29521.1ms
query [15525]: # of matches found 17264 and it took: 28559.4ms
query [15526]: # of matches found 17273 and it took: 29623.5ms
query [15527]: # of matches found 17286 and it took: 28425.3ms
query [15528]: # of matches found 17287 and it took: 26673.5ms
query [15529]: # of matches found 17438 and it took: 27876.2ms
query [15530]: # of matches found 17443 and it took: 27857.2ms
query [15531]: # of matches found 17433 and it took: 26887.8ms
query [15532]: # of matches found 17449 and it took: 26682.6ms
query [15533]: # of matches found 17429 and it took: 27933.1ms
query [15534]: # of matches found 17408 and it took: 27259.8ms
query [15535]: # of matches found 17440 and it took: 27002ms
query [15536]: # of matches found 17359 and it took: 26071.5ms
query [15537]: # of matches found 17352 and it took: 27532.5ms
query [15538]: # of matches found 17364 and it took: 27548.4ms
query [15539]: # of matches found 17310 and it took: 27032.3ms
query [15540]: # of matches found 17337 and it took: 27345.4ms
query [15541]: # of matches found 17411 and it took: 29616.9ms
query [15542]: # of matches found 17406 and it took: 28140.3ms
query [15543]: # of matches found 17523 and it took: 27050.7ms
query [15544]: # of matches found 17730 and it took: 26757.4ms
query [15545]: # of matches found 17782 and it took: 28442.7ms
query [15546]: # of matches found 17830 and it took: 30237.8ms
query [15547]: # of matches found 17824 and it took: 28493.2ms
query [15548]: # of matches found 17839 and it took: 27052.6ms
query [15549]: # of matches found 17851 and it took: 27594.9ms
query [15550]: # of matches found 17846 and it took: 29096.6ms
query [15551]: # of matches found 17863 and it took: 26701.6ms
query [15552]: # of matches found 17855 and it took: 29297.4ms
query [15553]: # of matches found 17828 and it took: 29544.3ms
query [15554]: # of matches found 17741 and it took: 28960.3ms
query [15555]: # of matches found 17734 and it took: 29725ms
query [15556]: # of matches found 16813 and it took: 29869.3ms
query [15557]: # of matches found 16796 and it took: 29442.6ms
query [15558]: # of matches found 16786 and it took: 28902.5ms
query [15559]: # of matches found 16784 and it took: 26692.2ms
query [15560]: # of matches found 16769 and it took: 28377.2ms
query [15561]: # of matches found 16821 and it took: 27739.2ms
query [15562]: # of matches found 16673 and it took: 27418.2ms
query [15563]: # of matches found 16624 and it took: 27656.3ms
query [15564]: # of matches found 16171 and it took: 27731.4ms
query [15565]: # of matches found 15839 and it took: 28638.5ms
query [15566]: # of matches found 15951 and it took: 29632.4ms
query [15567]: # of matches found 15988 and it took: 29748.3ms
query [15568]: # of matches found 17516 and it took: 30029.4ms
query [15569]: # of matches found 17517 and it took: 29719.9ms
query [15570]: # of matches found 17509 and it took: 29692.7ms
query [15571]: # of matches found 17302 and it took: 30295.6ms
query [15572]: # of matches found 17040 and it took: 29654.3ms
query [15573]: # of matches found 16415 and it took: 29433.5ms
query [15574]: # of matches found 16382 and it took: 29954.1ms
query [15575]: # of matches found 15982 and it took: 29145.5ms
query [15576]: # of matches found 15958 and it took: 26985.5ms
query [15577]: # of matches found 15883 and it took: 27675.6ms
query [15578]: # of matches found 15798 and it took: 30902.8ms
query [15579]: # of matches found 15771 and it took: 29923.9ms
query [15580]: # of matches found 15574 and it took: 29908ms
query [15581]: # of matches found 15643 and it took: 27300.6ms
query [15582]: # of matches found 15921 and it took: 29459.9ms
query [15583]: # of matches found 16149 and it took: 29414.3ms
query [15584]: # of matches found 16297 and it took: 27432.3ms
query [15585]: # of matches found 16584 and it took: 28269ms
query [15586]: # of matches found 16714 and it took: 28137.6ms
query [15587]: # of matches found 16944 and it took: 28736.7ms
query [15588]: # of matches found 17074 and it took: 27889.9ms
query [15589]: # of matches found 17155 and it took: 26453.5ms
query [15590]: # of matches found 17297 and it took: 27722.5ms
query [15591]: # of matches found 17422 and it took: 30314ms
query [15592]: # of matches found 17481 and it took: 28244.1ms
query [15593]: # of matches found 17719 and it took: 25914.2ms
query [15594]: # of matches found 17909 and it took: 27785ms
query [15595]: # of matches found 17918 and it took: 28699.5ms
query [15596]: # of matches found 18010 and it took: 26341.1ms
query [15597]: # of matches found 18108 and it took: 26310.1ms
query [15598]: # of matches found 18004 and it took: 26635.7ms
query [15599]: # of matches found 18021 and it took: 26171.6ms
query [15600]: # of matches found 18097 and it took: 27620.6ms
query [15601]: # of matches found 18195 and it took: 27857.1ms
query [15602]: # of matches found 15896 and it took: 28682ms
query [15603]: # of matches found 16036 and it took: 28375.9ms
query [15604]: # of matches found 16038 and it took: 28770.7ms
query [15605]: # of matches found 16106 and it took: 27913.4ms
query [15606]: # of matches found 16179 and it took: 26051.5ms
query [15607]: # of matches found 16243 and it took: 27369.7ms
query [15608]: # of matches found 16250 and it took: 26112.3ms
query [15609]: # of matches found 16226 and it took: 28157.9ms
query [15610]: # of matches found 16256 and it took: 28333.7ms
query [15611]: # of matches found 16289 and it took: 27824.4ms
query [15612]: # of matches found 16346 and it took: 27956.5ms
query [15613]: # of matches found 16345 and it took: 26853.6ms
query [15614]: # of matches found 16341 and it took: 27990.6ms
query [15615]: # of matches found 16341 and it took: 26392.8ms
query [15616]: # of matches found 16322 and it took: 27028ms
query [15617]: # of matches found 16918 and it took: 25896.7ms
query [15618]: # of matches found 16017 and it took: 26209.9ms
query [15619]: # of matches found 16078 and it took: 25552.2ms
query [15620]: # of matches found 16005 and it took: 27344.2ms
query [15621]: # of matches found 16014 and it took: 26601.3ms
query [15622]: # of matches found 16104 and it took: 26690.6ms
query [15623]: # of matches found 16345 and it took: 28735.4ms
query [15624]: # of matches found 16405 and it took: 28802.9ms
query [15625]: # of matches found 16360 and it took: 28614.6ms
query [15626]: # of matches found 16365 and it took: 28492.3ms
query [15627]: # of matches found 16440 and it took: 27635.3ms
query [15628]: # of matches found 16443 and it took: 25636.4ms
query [15629]: # of matches found 16410 and it took: 26337.7ms
query [15630]: # of matches found 16379 and it took: 26221.8ms
query [15631]: # of matches found 16395 and it took: 28996.5ms
query [15632]: # of matches found 16393 and it took: 28892.7ms
query [15633]: # of matches found 16346 and it took: 28941.1ms
query [15634]: # of matches found 16126 and it took: 27511.1ms
query [15635]: # of matches found 16089 and it took: 25865.3ms
query [15636]: # of matches found 15970 and it took: 26112.3ms
query [15637]: # of matches found 15872 and it took: 28180.1ms
query [15638]: # of matches found 15832 and it took: 25896.9ms
query [15639]: # of matches found 15857 and it took: 26259.2ms
query [15640]: # of matches found 15751 and it took: 26015ms
query [15641]: # of matches found 15647 and it took: 27253.3ms
query [15642]: # of matches found 15677 and it took: 26590.3ms
query [15643]: # of matches found 15620 and it took: 26918.1ms
query [15644]: # of matches found 15453 and it took: 25841.2ms
query [15645]: # of matches found 15321 and it took: 26815.7ms
query [15646]: # of matches found 15234 and it took: 29376.9ms
query [15647]: # of matches found 15089 and it took: 27443.9ms
query [15648]: # of matches found 14891 and it took: 25795.4ms
query [15649]: # of matches found 15212 and it took: 28975.1ms
query [15650]: # of matches found 14906 and it took: 29230.3ms
query [15651]: # of matches found 14926 and it took: 28090.7ms
query [15652]: # of matches found 14781 and it took: 28917.3ms
query [15653]: # of matches found 14604 and it took: 27428.4ms
query [15654]: # of matches found 14558 and it took: 27986.5ms
query [15655]: # of matches found 14591 and it took: 28995.9ms
query [15656]: # of matches found 14504 and it took: 28587.9ms
query [15657]: # of matches found 14532 and it took: 24946.7ms
query [15658]: # of matches found 14506 and it took: 25620.9ms
query [15659]: # of matches found 14479 and it took: 28503.3ms
query [15660]: # of matches found 14468 and it took: 28641.9ms
query [15661]: # of matches found 14535 and it took: 28807.6ms
query [15662]: # of matches found 14595 and it took: 28739.5ms
query [15663]: # of matches found 14570 and it took: 25945.1ms
query [15664]: # of matches found 14153 and it took: 27622.6ms
query [15665]: # of matches found 14171 and it took: 26456ms
query [15666]: # of matches found 14362 and it took: 25020.4ms
query [15667]: # of matches found 14357 and it took: 26135ms
query [15668]: # of matches found 14367 and it took: 26389.2ms
query [15669]: # of matches found 14395 and it took: 26026.6ms
query [15670]: # of matches found 14377 and it took: 26003.8ms
query [15671]: # of matches found 14430 and it took: 26079ms
query [15672]: # of matches found 14430 and it took: 27148ms
query [15673]: # of matches found 14431 and it took: 27127.7ms
query [15674]: # of matches found 14438 and it took: 26311.6ms
query [15675]: # of matches found 14438 and it took: 25377.8ms
query [15676]: # of matches found 14336 and it took: 27190.1ms
query [15677]: # of matches found 14367 and it took: 26217.4ms
query [15678]: # of matches found 14355 and it took: 27054.7ms
query [15679]: # of matches found 14350 and it took: 26290.5ms
query [15680]: # of matches found 14336 and it took: 26142.4ms
query [15681]: # of matches found 14248 and it took: 26441.3ms
query [15682]: # of matches found 14209 and it took: 27435.2ms
query [15683]: # of matches found 14121 and it took: 28204.6ms
query [15684]: # of matches found 14077 and it took: 28041.6ms
query [15685]: # of matches found 13861 and it took: 26431.2ms
query [15686]: # of matches found 13863 and it took: 25792.1ms
query [15687]: # of matches found 13898 and it took: 27583.1ms
query [15688]: # of matches found 13937 and it took: 28662.3ms
query [15689]: # of matches found 13990 and it took: 28658ms
query [15690]: # of matches found 14022 and it took: 28145.5ms
query [15691]: # of matches found 14457 and it took: 28587.4ms
query [15692]: # of matches found 14491 and it took: 28169.4ms
query [15693]: # of matches found 14586 and it took: 25882.6ms
query [15694]: # of matches found 14632 and it took: 26444.2ms
query [15695]: # of matches found 14741 and it took: 26935ms
query [15696]: # of matches found 14822 and it took: 27606.3ms
query [15697]: # of matches found 14860 and it took: 29280.1ms
query [15698]: # of matches found 14861 and it took: 29072.3ms
query [15699]: # of matches found 14874 and it took: 28733.3ms
query [15700]: # of matches found 14908 and it took: 25704.7ms
query [15701]: # of matches found 14900 and it took: 27668.2ms
query [15702]: # of matches found 14707 and it took: 28250.7ms
query [15703]: # of matches found 14668 and it took: 26095.2ms
query [15704]: # of matches found 14676 and it took: 26972.7ms
query [15705]: # of matches found 14563 and it took: 26540ms
query [15706]: # of matches found 14435 and it took: 28001.8ms
query [15707]: # of matches found 14451 and it took: 30159.8ms
query [15708]: # of matches found 12869 and it took: 29677.6ms
query [15709]: # of matches found 12857 and it took: 28659.6ms
query [15710]: # of matches found 12855 and it took: 29533.2ms
query [15711]: # of matches found 12836 and it took: 28841.7ms
query [15712]: # of matches found 12843 and it took: 26964ms
query [15713]: # of matches found 12850 and it took: 27580ms
query [15714]: # of matches found 12837 and it took: 28603.9ms
query [15715]: # of matches found 12821 and it took: 29631.5ms
query [15716]: # of matches found 12812 and it took: 27200.3ms
query [15717]: # of matches found 12804 and it took: 27926.6ms
query [15718]: # of matches found 12810 and it took: 28028.1ms
query [15719]: # of matches found 12788 and it took: 29163ms
query [15720]: # of matches found 13866 and it took: 30734.2ms
query [15721]: # of matches found 13817 and it took: 30053.8ms
query [15722]: # of matches found 13534 and it took: 30923.6ms
query [15723]: # of matches found 13294 and it took: 30121.4ms
query [15724]: # of matches found 14175 and it took: 30963.6ms
query [15725]: # of matches found 14016 and it took: 27765.9ms
query [15726]: # of matches found 13913 and it took: 28162.8ms
query [15727]: # of matches found 13756 and it took: 28975.2ms
query [15728]: # of matches found 13657 and it took: 30279.5ms
query [15729]: # of matches found 13940 and it took: 30940.3ms
query [15730]: # of matches found 13648 and it took: 30260.9ms
query [15731]: # of matches found 13533 and it took: 28301.9ms
query [15732]: # of matches found 13587 and it took: 30244.9ms
query [15733]: # of matches found 13548 and it took: 30499.6ms
query [15734]: # of matches found 14217 and it took: 29748.6ms
query [15735]: # of matches found 14068 and it took: 30260.1ms
query [15736]: # of matches found 13998 and it took: 30414.2ms
query [15737]: # of matches found 13930 and it took: 30537.2ms
query [15738]: # of matches found 13793 and it took: 30463.9ms
query [15739]: # of matches found 13767 and it took: 30102.5ms
query [15740]: # of matches found 13689 and it took: 28009.3ms
query [15741]: # of matches found 13657 and it took: 30499ms
query [15742]: # of matches found 13712 and it took: 30328.7ms
query [15743]: # of matches found 15609 and it took: 30902.8ms
query [15744]: # of matches found 15626 and it took: 29592.8ms
query [15745]: # of matches found 15938 and it took: 27822ms
query [15746]: # of matches found 16002 and it took: 29508.5ms
query [15747]: # of matches found 16001 and it took: 30991ms
query [15748]: # of matches found 16008 and it took: 30139.4ms
query [15749]: # of matches found 15974 and it took: 27437.8ms
query [15750]: # of matches found 18503 and it took: 28161.1ms
query [15751]: # of matches found 18546 and it took: 28035.1ms
query [15752]: # of matches found 18582 and it took: 29054.2ms
query [15753]: # of matches found 18637 and it took: 30119.3ms
query [15754]: # of matches found 18610 and it took: 30022.2ms
query [15755]: # of matches found 18578 and it took: 30278.6ms
query [15756]: # of matches found 18740 and it took: 30689ms
query [15757]: # of matches found 18212 and it took: 30924.1ms
query [15758]: # of matches found 18276 and it took: 30578.7ms
query [15759]: # of matches found 18229 and it took: 30517.9ms
query [15760]: # of matches found 18313 and it took: 30251.7ms
query [15761]: # of matches found 17943 and it took: 30190.1ms
query [15762]: # of matches found 18315 and it took: 29868.1ms
query [15763]: # of matches found 18742 and it took: 27333.6ms
query [15764]: # of matches found 19480 and it took: 26824.5ms
query [15765]: # of matches found 19600 and it took: 31277.3ms
query [15766]: # of matches found 19582 and it took: 28258.3ms
query [15767]: # of matches found 19752 and it took: 30673.3ms
query [15768]: # of matches found 19820 and it took: 30910.9ms
query [15769]: # of matches found 21095 and it took: 30333.3ms
query [15770]: # of matches found 21168 and it took: 29655ms
query [15771]: # of matches found 21141 and it took: 30443ms
query [15772]: # of matches found 21189 and it took: 29717.4ms
query [15773]: # of matches found 21314 and it took: 26912.3ms
query [15774]: # of matches found 21380 and it took: 29972.8ms
query [15775]: # of matches found 21419 and it took: 30129.8ms
query [15776]: # of matches found 21457 and it took: 30110.3ms
query [15777]: # of matches found 21609 and it took: 28965.5ms
query [15778]: # of matches found 21645 and it took: 29254.5ms
query [15779]: # of matches found 21645 and it took: 26737.2ms
query [15780]: # of matches found 22006 and it took: 26905.2ms
query [15781]: # of matches found 21990 and it took: 27446.6ms
query [15782]: # of matches found 21944 and it took: 28559.3ms
query [15783]: # of matches found 23842 and it took: 27235.1ms
query [15784]: # of matches found 23796 and it took: 26686.3ms
query [15785]: # of matches found 23803 and it took: 27237.4ms
query [15786]: # of matches found 23766 and it took: 28297.7ms
query [15787]: # of matches found 23741 and it took: 27997.6ms
query [15788]: # of matches found 23754 and it took: 28341.9ms
query [15789]: # of matches found 23757 and it took: 28134.3ms
query [15790]: # of matches found 23413 and it took: 28914.1ms
query [15791]: # of matches found 23375 and it took: 26673.3ms
query [15792]: # of matches found 23628 and it took: 27399.7ms
query [15793]: # of matches found 23824 and it took: 27884.7ms
query [15794]: # of matches found 24355 and it took: 30939.8ms
query [15795]: # of matches found 24353 and it took: 28897.4ms
query [15796]: # of matches found 24361 and it took: 27105.2ms
query [15797]: # of matches found 24372 and it took: 26678.9ms
query [15798]: # of matches found 24370 and it took: 29811.3ms
query [15799]: # of matches found 24362 and it took: 28288.7ms
query [15800]: # of matches found 24355 and it took: 26742.8ms
query [15801]: # of matches found 24329 and it took: 27254.8ms
query [15802]: # of matches found 24284 and it took: 29433.4ms
query [15803]: # of matches found 24301 and it took: 27917ms
query [15804]: # of matches found 23926 and it took: 26674.3ms
query [15805]: # of matches found 23932 and it took: 28529.4ms
query [15806]: # of matches found 24126 and it took: 30428.6ms
query [15807]: # of matches found 24019 and it took: 29297.3ms
query [15808]: # of matches found 24132 and it took: 30417.9ms
query [15809]: # of matches found 23985 and it took: 29202.5ms
query [15810]: # of matches found 23995 and it took: 27063.7ms
query [15811]: # of matches found 23927 and it took: 28231.1ms
query [15812]: # of matches found 23914 and it took: 29027.3ms
query [15813]: # of matches found 23925 and it took: 27496ms
query [15814]: # of matches found 23934 and it took: 26997ms
query [15815]: # of matches found 23962 and it took: 27894.8ms
query [15816]: # of matches found 23930 and it took: 27792ms
query [15817]: # of matches found 23913 and it took: 27465.3ms
query [15818]: # of matches found 23981 and it took: 27618.7ms
query [15819]: # of matches found 24097 and it took: 30115.5ms
query [15820]: # of matches found 24181 and it took: 30100.6ms
query [15821]: # of matches found 24181 and it took: 29283.6ms
query [15822]: # of matches found 24193 and it took: 30365.6ms
query [15823]: # of matches found 24188 and it took: 29777.2ms
query [15824]: # of matches found 24193 and it took: 29525.2ms
query [15825]: # of matches found 24190 and it took: 28935.5ms
query [15826]: # of matches found 24134 and it took: 26660.3ms
query [15827]: # of matches found 24107 and it took: 27147.6ms
query [15828]: # of matches found 24644 and it took: 28105.7ms
query [15829]: # of matches found 24580 and it took: 28622.9ms
query [15830]: # of matches found 24578 and it took: 28450.8ms
query [15831]: # of matches found 24528 and it took: 29550.9ms
query [15832]: # of matches found 24449 and it took: 28644.9ms
query [15833]: # of matches found 24158 and it took: 27067.3ms
query [15834]: # of matches found 24134 and it took: 26876.2ms
query [15835]: # of matches found 24398 and it took: 29607.5ms
query [15836]: # of matches found 24455 and it took: 29494.8ms
query [15837]: # of matches found 24465 and it took: 29059.6ms
query [15838]: # of matches found 24611 and it took: 28780.6ms
query [15839]: # of matches found 24677 and it took: 27009ms
query [15840]: # of matches found 24788 and it took: 30272.6ms
query [15841]: # of matches found 24820 and it took: 29018.7ms
query [15842]: # of matches found 24856 and it took: 26450.4ms
query [15843]: # of matches found 24824 and it took: 28431.4ms
query [15844]: # of matches found 24853 and it took: 28916.8ms
query [15845]: # of matches found 24894 and it took: 29173ms
query [15846]: # of matches found 24885 and it took: 29044.4ms
query [15847]: # of matches found 24843 and it took: 26247.5ms
query [15848]: # of matches found 24878 and it took: 29031.8ms
query [15849]: # of matches found 24854 and it took: 29252.9ms
query [15850]: # of matches found 24871 and it took: 29222.1ms
query [15851]: # of matches found 24909 and it took: 28586.8ms
query [15852]: # of matches found 24906 and it took: 28440.2ms
query [15853]: # of matches found 24908 and it took: 29220.4ms
query [15854]: # of matches found 24892 and it took: 28429.1ms
query [15855]: # of matches found 25044 and it took: 26288.8ms
query [15856]: # of matches found 25098 and it took: 26727.1ms
query [15857]: # of matches found 25120 and it took: 28802.3ms
query [15858]: # of matches found 25139 and it took: 28879.1ms
query [15859]: # of matches found 25181 and it took: 25763.6ms
query [15860]: # of matches found 24160 and it took: 25806ms
query [15861]: # of matches found 24208 and it took: 27014.2ms
query [15862]: # of matches found 24384 and it took: 27762.4ms
query [15863]: # of matches found 24433 and it took: 26793.9ms
query [15864]: # of matches found 24444 and it took: 26452.1ms
query [15865]: # of matches found 23458 and it took: 27413.3ms
query [15866]: # of matches found 23452 and it took: 27375.8ms
query [15867]: # of matches found 23479 and it took: 26346.7ms
query [15868]: # of matches found 23507 and it took: 25926.2ms
query [15869]: # of matches found 23134 and it took: 26469.2ms
query [15870]: # of matches found 23117 and it took: 27648.1ms
query [15871]: # of matches found 23063 and it took: 28544.1ms
query [15872]: # of matches found 23005 and it took: 26606ms
query [15873]: # of matches found 22791 and it took: 29150.2ms
query [15874]: # of matches found 21909 and it took: 28646.9ms
query [15875]: # of matches found 21893 and it took: 25668.6ms
query [15876]: # of matches found 21856 and it took: 26618ms
query [15877]: # of matches found 21923 and it took: 27643.6ms
query [15878]: # of matches found 21975 and it took: 26167.6ms
query [15879]: # of matches found 22040 and it took: 26206.1ms
query [15880]: # of matches found 22241 and it took: 27355.4ms
query [15881]: # of matches found 22299 and it took: 26468.8ms
query [15882]: # of matches found 22239 and it took: 27578.2ms
query [15883]: # of matches found 19956 and it took: 27440.8ms
query [15884]: # of matches found 19970 and it took: 28706.9ms
query [15885]: # of matches found 19687 and it took: 28647ms
query [15886]: # of matches found 19526 and it took: 28714.3ms
query [15887]: # of matches found 19515 and it took: 29024.7ms
query [15888]: # of matches found 19528 and it took: 28936.4ms
query [15889]: # of matches found 19502 and it took: 25889.6ms
query [15890]: # of matches found 16955 and it took: 26380.6ms
query [15891]: # of matches found 16940 and it took: 26734.3ms
query [15892]: # of matches found 16910 and it took: 26760ms
query [15893]: # of matches found 16905 and it took: 27982.3ms
query [15894]: # of matches found 16856 and it took: 28823.9ms
query [15895]: # of matches found 16935 and it took: 28850.2ms
query [15896]: # of matches found 16867 and it took: 28769.5ms
query [15897]: # of matches found 16921 and it took: 28434.3ms
query [15898]: # of matches found 16832 and it took: 28760.8ms
query [15899]: # of matches found 16873 and it took: 28871.6ms
query [15900]: # of matches found 16797 and it took: 28422.2ms
query [15901]: # of matches found 16849 and it took: 27784.1ms
query [15902]: # of matches found 16723 and it took: 25576ms
query [15903]: # of matches found 16369 and it took: 26356.7ms
query [15904]: # of matches found 15300 and it took: 26262.1ms
query [15905]: # of matches found 14802 and it took: 29096.8ms
query [15906]: # of matches found 14782 and it took: 27393.2ms
query [15907]: # of matches found 14682 and it took: 27590.6ms
query [15908]: # of matches found 14362 and it took: 28351.5ms
query [15909]: # of matches found 14356 and it took: 28393.9ms
query [15910]: # of matches found 13017 and it took: 28398.7ms
query [15911]: # of matches found 12982 and it took: 29086.5ms
query [15912]: # of matches found 12959 and it took: 28141.5ms
query [15913]: # of matches found 12894 and it took: 28385.1ms
query [15914]: # of matches found 12839 and it took: 29152.2ms
query [15915]: # of matches found 12767 and it took: 28365ms
query [15916]: # of matches found 12739 and it took: 27656.2ms
query [15917]: # of matches found 12798 and it took: 28128ms
query [15918]: # of matches found 12734 and it took: 27895.6ms
query [15919]: # of matches found 12681 and it took: 26881.8ms
query [15920]: # of matches found 12357 and it took: 28059.8ms
query [15921]: # of matches found 12421 and it took: 25708.9ms
query [15922]: # of matches found 12498 and it took: 27241.5ms
query [15923]: # of matches found 10623 and it took: 26340.8ms
query [15924]: # of matches found 10737 and it took: 27735.8ms
query [15925]: # of matches found 10752 and it took: 28210.3ms
query [15926]: # of matches found 10803 and it took: 27221.1ms
query [15927]: # of matches found 10902 and it took: 25350.6ms
query [15928]: # of matches found 10916 and it took: 28076.5ms
query [15929]: # of matches found 11038 and it took: 28594.9ms
query [15930]: # of matches found 11023 and it took: 25400.2ms
query [15931]: # of matches found 11116 and it took: 27156.9ms
query [15932]: # of matches found 11026 and it took: 25933ms
query [15933]: # of matches found 10960 and it took: 25939.8ms
query [15934]: # of matches found 10209 and it took: 28504.3ms
query [15935]: # of matches found 10197 and it took: 27423.5ms
query [15936]: # of matches found 10177 and it took: 25400.9ms
query [15937]: # of matches found 10169 and it took: 26336.2ms
query [15938]: # of matches found 10148 and it took: 27075ms
query [15939]: # of matches found 10177 and it took: 28588.8ms
query [15940]: # of matches found 10166 and it took: 28547.1ms
query [15941]: # of matches found 10143 and it took: 27842.3ms
query [15942]: # of matches found 10107 and it took: 25724.2ms
query [15943]: # of matches found 10052 and it took: 28521.8ms
query [15944]: # of matches found 10107 and it took: 29724.3ms
query [15945]: # of matches found 10116 and it took: 27276ms
query [15946]: # of matches found 10081 and it took: 25859.7ms
query [15947]: # of matches found 9750 and it took: 25614.1ms
query [15948]: # of matches found 9576 and it took: 25992.4ms
query [15949]: # of matches found 9587 and it took: 28549.4ms
query [15950]: # of matches found 9587 and it took: 27760.6ms
query [15951]: # of matches found 9613 and it took: 25564.3ms
query [15952]: # of matches found 9687 and it took: 26125.3ms
query [15953]: # of matches found 9671 and it took: 27235.1ms
query [15954]: # of matches found 9764 and it took: 26078.8ms
query [15955]: # of matches found 9811 and it took: 25377.5ms
query [15956]: # of matches found 9851 and it took: 24982.9ms
query [15957]: # of matches found 9849 and it took: 25891.7ms
query [15958]: # of matches found 9814 and it took: 28221.2ms
query [15959]: # of matches found 9679 and it took: 27454.3ms
query [15960]: # of matches found 9592 and it took: 26275.6ms
query [15961]: # of matches found 9614 and it took: 25138.2ms
query [15962]: # of matches found 9637 and it took: 27087.5ms
query [15963]: # of matches found 9731 and it took: 27090.4ms
query [15964]: # of matches found 9723 and it took: 26772.7ms
query [15965]: # of matches found 9950 and it took: 27890.9ms
query [15966]: # of matches found 9945 and it took: 27975.1ms
query [15967]: # of matches found 9987 and it took: 28649.6ms
query [15968]: # of matches found 9464 and it took: 29126.5ms
query [15969]: # of matches found 9447 and it took: 28877.2ms
query [15970]: # of matches found 9501 and it took: 27433.1ms
query [15971]: # of matches found 9467 and it took: 28486.1ms
query [15972]: # of matches found 9476 and it took: 26652.8ms
query [15973]: # of matches found 9398 and it took: 27538.2ms
query [15974]: # of matches found 9366 and it took: 28773.3ms
query [15975]: # of matches found 9300 and it took: 28574.1ms
query [15976]: # of matches found 8935 and it took: 29093ms
query [15977]: # of matches found 8905 and it took: 29438.2ms
query [15978]: # of matches found 8841 and it took: 29155ms
query [15979]: # of matches found 8698 and it took: 28881.6ms
query [15980]: # of matches found 8635 and it took: 29321.7ms
query [15981]: # of matches found 8577 and it took: 29706.3ms
query [15982]: # of matches found 8518 and it took: 29541.9ms
query [15983]: # of matches found 8533 and it took: 29636.6ms
query [15984]: # of matches found 8531 and it took: 27122ms
query [15985]: # of matches found 9897 and it took: 28968ms
query [15986]: # of matches found 9938 and it took: 29348.6ms
query [15987]: # of matches found 9980 and it took: 29253.9ms
query [15988]: # of matches found 9923 and it took: 29494ms
query [15989]: # of matches found 9946 and it took: 29464.8ms
query [15990]: # of matches found 9927 and it took: 29333.2ms
query [15991]: # of matches found 9879 and it took: 27297.9ms
query [15992]: # of matches found 9880 and it took: 29226.3ms
query [15993]: # of matches found 9881 and it took: 29522ms
query [15994]: # of matches found 9875 and it took: 26830.6ms
query [15995]: # of matches found 9736 and it took: 30801.8ms
query [15996]: # of matches found 9671 and it took: 29515.2ms
query [15997]: # of matches found 9693 and it took: 29732ms
query [15998]: # of matches found 9672 and it took: 29139.5ms
query [15999]: # of matches found 10147 and it took: 29385ms
PARMIK's matches per query up to q (1000) => [average: 16435, median: 16149, sum: 16435699]
Starting alignment for all queries [rev]...
queryBaseIndex: 15000
query [15000]: # of matches found 14040 and it took: 28241.9ms
query [15001]: # of matches found 14082 and it took: 26708.1ms
query [15002]: # of matches found 14106 and it took: 27365.9ms
query [15003]: # of matches found 14145 and it took: 27660.4ms
query [15004]: # of matches found 14017 and it took: 27617.2ms
query [15005]: # of matches found 14036 and it took: 26962.4ms
query [15006]: # of matches found 13154 and it took: 27626ms
query [15007]: # of matches found 13070 and it took: 26923.9ms
query [15008]: # of matches found 13099 and it took: 27559ms
query [15009]: # of matches found 13212 and it took: 27364.7ms
query [15010]: # of matches found 13108 and it took: 27362.3ms
query [15011]: # of matches found 13089 and it took: 27449.6ms
query [15012]: # of matches found 13022 and it took: 29897.1ms
query [15013]: # of matches found 13155 and it took: 30693.7ms
query [15014]: # of matches found 13476 and it took: 28975.7ms
query [15015]: # of matches found 13563 and it took: 26781.7ms
query [15016]: # of matches found 13576 and it took: 28897.1ms
query [15017]: # of matches found 13611 and it took: 29056.5ms
query [15018]: # of matches found 13649 and it took: 27160.8ms
query [15019]: # of matches found 13651 and it took: 27955ms
query [15020]: # of matches found 13648 and it took: 27865.1ms
query [15021]: # of matches found 13641 and it took: 28477.6ms
query [15022]: # of matches found 13684 and it took: 29582ms
query [15023]: # of matches found 13673 and it took: 29726.2ms
query [15024]: # of matches found 13800 and it took: 29815.7ms
query [15025]: # of matches found 13826 and it took: 29541ms
query [15026]: # of matches found 14035 and it took: 29423.5ms
query [15027]: # of matches found 14029 and it took: 27317.8ms
query [15028]: # of matches found 15435 and it took: 28171.4ms
query [15029]: # of matches found 15043 and it took: 28195.3ms
query [15030]: # of matches found 15186 and it took: 27941.5ms
query [15031]: # of matches found 15414 and it took: 28578.4ms
query [15032]: # of matches found 15483 and it took: 29732.3ms
query [15033]: # of matches found 15468 and it took: 29157.8ms
query [15034]: # of matches found 15543 and it took: 29474.3ms
query [15035]: # of matches found 15635 and it took: 28170.8ms
query [15036]: # of matches found 15845 and it took: 26873.1ms
query [15037]: # of matches found 15882 and it took: 28351.5ms
query [15038]: # of matches found 15821 and it took: 29664.7ms
query [15039]: # of matches found 15555 and it took: 29506.3ms
query [15040]: # of matches found 15574 and it took: 28523.3ms
query [15041]: # of matches found 15530 and it took: 27825ms
query [15042]: # of matches found 15599 and it took: 26463ms
query [15043]: # of matches found 15508 and it took: 27481.1ms
query [15044]: # of matches found 15488 and it took: 28426.1ms
query [15045]: # of matches found 15477 and it took: 27881.8ms
query [15046]: # of matches found 15537 and it took: 27793.5ms
query [15047]: # of matches found 15578 and it took: 26863.8ms
query [15048]: # of matches found 15573 and it took: 28604.8ms
query [15049]: # of matches found 15574 and it took: 29644.9ms
query [15050]: # of matches found 15670 and it took: 29829.6ms
query [15051]: # of matches found 15740 and it took: 28275.6ms
query [15052]: # of matches found 15786 and it took: 26507.6ms
query [15053]: # of matches found 15777 and it took: 27615.4ms
query [15054]: # of matches found 16752 and it took: 29135.9ms
query [15055]: # of matches found 16727 and it took: 29155.4ms
query [15056]: # of matches found 16936 and it took: 28863.4ms
query [15057]: # of matches found 16932 and it took: 28690.4ms
query [15058]: # of matches found 16951 and it took: 28494.4ms
query [15059]: # of matches found 17016 and it took: 25758.6ms
query [15060]: # of matches found 17239 and it took: 26453.5ms
query [15061]: # of matches found 17285 and it took: 26654.5ms
query [15062]: # of matches found 17405 and it took: 26503.7ms
query [15063]: # of matches found 17276 and it took: 26310.4ms
query [15064]: # of matches found 17269 and it took: 26104.6ms
query [15065]: # of matches found 17210 and it took: 27509.2ms
query [15066]: # of matches found 17228 and it took: 25459ms
query [15067]: # of matches found 17195 and it took: 25914.7ms
query [15068]: # of matches found 17213 and it took: 26366.2ms
query [15069]: # of matches found 17035 and it took: 26855.2ms
query [15070]: # of matches found 17059 and it took: 27598.2ms
query [15071]: # of matches found 17066 and it took: 29294.2ms
query [15072]: # of matches found 17112 and it took: 28639.2ms
query [15073]: # of matches found 17270 and it took: 28986.7ms
query [15074]: # of matches found 17478 and it took: 29226.7ms
query [15075]: # of matches found 17494 and it took: 29331.4ms
query [15076]: # of matches found 18954 and it took: 27476.9ms
query [15077]: # of matches found 18932 and it took: 26178.6ms
query [15078]: # of matches found 18853 and it took: 28561.4ms
query [15079]: # of matches found 18610 and it took: 29132.5ms
query [15080]: # of matches found 18397 and it took: 28880.3ms
query [15081]: # of matches found 18360 and it took: 28866.3ms
query [15082]: # of matches found 18289 and it took: 28461ms
query [15083]: # of matches found 18442 and it took: 28691.3ms
query [15084]: # of matches found 18386 and it took: 28315.5ms
query [15085]: # of matches found 18406 and it took: 26906.4ms
query [15086]: # of matches found 18339 and it took: 26980ms
query [15087]: # of matches found 18393 and it took: 26785.1ms
query [15088]: # of matches found 18293 and it took: 26966.5ms
query [15089]: # of matches found 18208 and it took: 25380.2ms
query [15090]: # of matches found 18100 and it took: 25863.8ms
query [15091]: # of matches found 18024 and it took: 26343.9ms
query [15092]: # of matches found 18001 and it took: 27040.8ms
query [15093]: # of matches found 17954 and it took: 26765.9ms
query [15094]: # of matches found 17941 and it took: 25758.8ms
query [15095]: # of matches found 17897 and it took: 25348.2ms
query [15096]: # of matches found 17858 and it took: 27192.9ms
query [15097]: # of matches found 17866 and it took: 26394.9ms
query [15098]: # of matches found 17887 and it took: 26109.4ms
query [15099]: # of matches found 17903 and it took: 26887.9ms
query [15100]: # of matches found 17929 and it took: 28209.9ms
query [15101]: # of matches found 17936 and it took: 26834.2ms
query [15102]: # of matches found 17919 and it took: 25311.1ms
query [15103]: # of matches found 17873 and it took: 27748ms
query [15104]: # of matches found 17845 and it took: 27632.4ms
query [15105]: # of matches found 17775 and it took: 28665.3ms
query [15106]: # of matches found 17814 and it took: 27305.1ms
query [15107]: # of matches found 17797 and it took: 25943.7ms
query [15108]: # of matches found 17730 and it took: 28167.7ms
query [15109]: # of matches found 17657 and it took: 28004.2ms
query [15110]: # of matches found 17663 and it took: 27965ms
query [15111]: # of matches found 17692 and it took: 27734.9ms
query [15112]: # of matches found 17672 and it took: 26556.6ms
query [15113]: # of matches found 17634 and it took: 24731.9ms
query [15114]: # of matches found 17629 and it took: 25607.5ms
query [15115]: # of matches found 17566 and it took: 25839.4ms
query [15116]: # of matches found 17591 and it took: 25969.6ms
query [15117]: # of matches found 17560 and it took: 26891.5ms
query [15118]: # of matches found 17531 and it took: 26595.9ms
query [15119]: # of matches found 17621 and it took: 25129ms
query [15120]: # of matches found 17452 and it took: 26658.8ms
query [15121]: # of matches found 17585 and it took: 25790.1ms
query [15122]: # of matches found 17546 and it took: 25820.6ms
query [15123]: # of matches found 17562 and it took: 28356.9ms
query [15124]: # of matches found 17592 and it took: 26955.1ms
query [15125]: # of matches found 17543 and it took: 26321ms
query [15126]: # of matches found 17638 and it took: 25886ms
query [15127]: # of matches found 17446 and it took: 25010.3ms
query [15128]: # of matches found 17465 and it took: 26877.1ms
query [15129]: # of matches found 17412 and it took: 28615.4ms
query [15130]: # of matches found 17417 and it took: 28106.6ms
query [15131]: # of matches found 17333 and it took: 27990.2ms
query [15132]: # of matches found 17398 and it took: 27509.9ms
query [15133]: # of matches found 17443 and it took: 27356.9ms
query [15134]: # of matches found 17454 and it took: 27290.5ms
query [15135]: # of matches found 17540 and it took: 26066.7ms
query [15136]: # of matches found 15356 and it took: 26042.7ms
query [15137]: # of matches found 15382 and it took: 27067.8ms
query [15138]: # of matches found 15074 and it took: 27536.8ms
query [15139]: # of matches found 15118 and it took: 25939.4ms
query [15140]: # of matches found 15100 and it took: 25980.6ms
query [15141]: # of matches found 15078 and it took: 25800.9ms
query [15142]: # of matches found 15064 and it took: 25898.9ms
query [15143]: # of matches found 15001 and it took: 27565.7ms
query [15144]: # of matches found 15085 and it took: 27751.6ms
query [15145]: # of matches found 15006 and it took: 26237.1ms
query [15146]: # of matches found 15056 and it took: 25766.4ms
query [15147]: # of matches found 14890 and it took: 26293.4ms
query [15148]: # of matches found 15055 and it took: 29478.8ms
query [15149]: # of matches found 14924 and it took: 27944ms
query [15150]: # of matches found 15020 and it took: 25681.7ms
query [15151]: # of matches found 15073 and it took: 26532.2ms
query [15152]: # of matches found 15115 and it took: 27089.8ms
query [15153]: # of matches found 15130 and it took: 27321.9ms
query [15154]: # of matches found 14696 and it took: 29988.1ms
query [15155]: # of matches found 14593 and it took: 28345.8ms
query [15156]: # of matches found 14532 and it took: 28285.8ms
query [15157]: # of matches found 14529 and it took: 28029.1ms
query [15158]: # of matches found 14525 and it took: 26164.2ms
query [15159]: # of matches found 14569 and it took: 27607.9ms
query [15160]: # of matches found 14529 and it took: 26381.6ms
query [15161]: # of matches found 14523 and it took: 26667.9ms
query [15162]: # of matches found 14608 and it took: 27224.3ms
query [15163]: # of matches found 14678 and it took: 26675.5ms
query [15164]: # of matches found 14578 and it took: 28053.5ms
query [15165]: # of matches found 14595 and it took: 27264.7ms
query [15166]: # of matches found 14590 and it took: 28207ms
query [15167]: # of matches found 14487 and it took: 27062.5ms
query [15168]: # of matches found 13082 and it took: 26791.5ms
query [15169]: # of matches found 12873 and it took: 27455.1ms
query [15170]: # of matches found 12740 and it took: 27228.4ms
query [15171]: # of matches found 12515 and it took: 27111.6ms
query [15172]: # of matches found 12439 and it took: 27359.8ms
query [15173]: # of matches found 12395 and it took: 28224.5ms
query [15174]: # of matches found 12372 and it took: 28290.2ms
query [15175]: # of matches found 12313 and it took: 26918.8ms
query [15176]: # of matches found 12100 and it took: 26832.7ms
query [15177]: # of matches found 12039 and it took: 27133.1ms
query [15178]: # of matches found 12020 and it took: 29986.5ms
query [15179]: # of matches found 12027 and it took: 28809.4ms
query [15180]: # of matches found 12000 and it took: 26559.9ms
query [15181]: # of matches found 11996 and it took: 27434.1ms
query [15182]: # of matches found 11814 and it took: 29570.1ms
query [15183]: # of matches found 11794 and it took: 29532.1ms
query [15184]: # of matches found 11741 and it took: 28171.3ms
query [15185]: # of matches found 11720 and it took: 28204.9ms
query [15186]: # of matches found 11642 and it took: 29577.3ms
query [15187]: # of matches found 11502 and it took: 29177.2ms
query [15188]: # of matches found 11471 and it took: 27121.6ms
query [15189]: # of matches found 11445 and it took: 27513.1ms
query [15190]: # of matches found 11411 and it took: 29636.7ms
query [15191]: # of matches found 11296 and it took: 30195.8ms
query [15192]: # of matches found 11237 and it took: 29564ms
query [15193]: # of matches found 11213 and it took: 28173.6ms
query [15194]: # of matches found 11120 and it took: 30154.1ms
query [15195]: # of matches found 11060 and it took: 27849.8ms
query [15196]: # of matches found 10048 and it took: 29001.2ms
query [15197]: # of matches found 10021 and it took: 30208.4ms
query [15198]: # of matches found 9974 and it took: 30097.9ms
query [15199]: # of matches found 9906 and it took: 30769.1ms
query [15200]: # of matches found 9701 and it took: 30156.9ms
query [15201]: # of matches found 11105 and it took: 30866ms
query [15202]: # of matches found 10905 and it took: 28267.8ms
query [15203]: # of matches found 10947 and it took: 27840.1ms
query [15204]: # of matches found 11134 and it took: 30227.4ms
query [15205]: # of matches found 11139 and it took: 31271ms
query [15206]: # of matches found 11208 and it took: 30977.2ms
query [15207]: # of matches found 11232 and it took: 31156.7ms
query [15208]: # of matches found 11213 and it took: 31396.5ms
query [15209]: # of matches found 11222 and it took: 31768.4ms
query [15210]: # of matches found 11200 and it took: 30738.1ms
query [15211]: # of matches found 11208 and it took: 30770.7ms
query [15212]: # of matches found 11217 and it took: 30843.3ms
query [15213]: # of matches found 11229 and it took: 31237.2ms
query [15214]: # of matches found 10999 and it took: 31165.9ms
query [15215]: # of matches found 10869 and it took: 31649.8ms
query [15216]: # of matches found 9345 and it took: 29449.1ms
query [15217]: # of matches found 9393 and it took: 27672.4ms
query [15218]: # of matches found 9917 and it took: 31431.5ms
query [15219]: # of matches found 9947 and it took: 30066.2ms
query [15220]: # of matches found 9992 and it took: 29178ms
query [15221]: # of matches found 9999 and it took: 28614.5ms
query [15222]: # of matches found 10214 and it took: 28074.4ms
query [15223]: # of matches found 10243 and it took: 29486.9ms
query [15224]: # of matches found 10030 and it took: 31353.6ms
query [15225]: # of matches found 10010 and it took: 30692.3ms
query [15226]: # of matches found 9962 and it took: 30113.2ms
query [15227]: # of matches found 9943 and it took: 27515.2ms
query [15228]: # of matches found 9916 and it took: 28617.7ms
query [15229]: # of matches found 9923 and it took: 30256.2ms
query [15230]: # of matches found 9847 and it took: 30896ms
query [15231]: # of matches found 9807 and it took: 28080.8ms
query [15232]: # of matches found 9738 and it took: 29626.9ms
query [15233]: # of matches found 9887 and it took: 29178.1ms
query [15234]: # of matches found 9887 and it took: 28352.5ms
query [15235]: # of matches found 9968 and it took: 29966.9ms
query [15236]: # of matches found 10026 and it took: 28180ms
query [15237]: # of matches found 10089 and it took: 29835.6ms
query [15238]: # of matches found 10067 and it took: 27531.1ms
query [15239]: # of matches found 10068 and it took: 30406.4ms
query [15240]: # of matches found 10115 and it took: 28192.3ms
query [15241]: # of matches found 10100 and it took: 27920.9ms
query [15242]: # of matches found 10109 and it took: 30605.1ms
query [15243]: # of matches found 10113 and it took: 29527.6ms
query [15244]: # of matches found 10738 and it took: 27785.1ms
query [15245]: # of matches found 10690 and it took: 28112.2ms
query [15246]: # of matches found 10656 and it took: 28006.6ms
query [15247]: # of matches found 10692 and it took: 28210.8ms
query [15248]: # of matches found 10780 and it took: 28990.9ms
