no kmerRangesFileAddressArg!
no baselineBaseAddress!
no otherToolArg!
**********************CONFIGURATIONS*****************************
PARMIK mode:                  3
readDatabaseAddress:          /p/lava/parmik/partialMatcherProject/datasets/metagenomicDB/SRR14381434/SRR14381434_reads
readFileName:                 SRR14381434_reads
queryFileAddress:             /p/lava/parmik/partialMatcherProject/datasets/queryFiles/covidQueryFiles/SarsGenome_chunks/SarsGenome_queries_21000-21999
queryFileName:                SarsGenome_queries_21000-21999
otherToolOutputFileAddress:   /u/rgq5aw/GIT/PARMIK/partialMatcherProject/tools/blast/SRR14381434/SarsGenome/blastn_ws30_results.out
outputDir:                    /p/lava/parmik/partialMatcherProject/tools/baseline_ssw/SRR14381434/SarsGenome
penaltyFileAddress:           /u/rgq5aw/GIT/PARMIK/experiments/parmik/CK_SSW_ID_PRCNTG/PenaltySets/2484_1111_2444_2288_2848
kmerRangesFileAddress:        
readsCount:                   17000000
queryCount:                   30000
kmerLength:                   11
regionSize:                   48
cheapKmerThreshold:           0
identityPercentage:           0.85
minExactMatchLen:             0
minNumExactMatchKmer:         0
isIndexOffline:               1
offlineIndexAddress:          /p/lava/parmik/partialMatcherProject/tools/parmik/CK_INDEX/SRR14381434/
baselineBaseAddress:          
max editDistance in min region: 2
**********************CONFIGURATIONS*****************************
--------------Penalties--------------
m: 2, s: 4, go: 8, ge: 4
m: 1, s: 1, go: 1, ge: 1
m: 2, s: 4, go: 4, ge: 4
m: 2, s: 2, go: 8, ge: 8
m: 2, s: 8, go: 4, ge: 8
------------------------------------
numberOfReadsWithN : 0
queryCount : 1000
numberOfReadsWithN : 0
readCount : 9488668
offlineCheapIndexAddress: /p/lava/parmik/partialMatcherProject/tools/parmik/CK_INDEX/SRR14381434/ck_T0_K11_r17000000
pmrkAlignmentsAddress: /p/lava/parmik/partialMatcherProject/tools/baseline_ssw/SRR14381434/SarsGenome/aln/pmAln_R48_PI85_L0_M0_E2_K11_T0_P_2484_1111_2444_2288_2848.txt
Starting alignment for all queries [fwd]...
queryBaseIndex: 21000
query [21000]: # of matches found 21354 and it took: 23096ms
query [21001]: # of matches found 21291 and it took: 22924ms
query [21002]: # of matches found 21309 and it took: 22641.7ms
query [21003]: # of matches found 21315 and it took: 22785.1ms
query [21004]: # of matches found 21283 and it took: 22787.9ms
query [21005]: # of matches found 21121 and it took: 23403ms
query [21006]: # of matches found 20899 and it took: 23020.9ms
query [21007]: # of matches found 20884 and it took: 23010.7ms
query [21008]: # of matches found 20805 and it took: 23790.3ms
query [21009]: # of matches found 20611 and it took: 23952ms
query [21010]: # of matches found 20752 and it took: 23855.7ms
query [21011]: # of matches found 20783 and it took: 24059.1ms
query [21012]: # of matches found 20745 and it took: 23959.5ms
query [21013]: # of matches found 21059 and it took: 24170.1ms
query [21014]: # of matches found 21111 and it took: 24408.2ms
query [21015]: # of matches found 21129 and it took: 24406ms
query [21016]: # of matches found 21158 and it took: 24334.7ms
query [21017]: # of matches found 21161 and it took: 24344.1ms
query [21018]: # of matches found 21144 and it took: 24638.9ms
query [21019]: # of matches found 20948 and it took: 24469.4ms
query [21020]: # of matches found 21017 and it took: 24696.6ms
query [21021]: # of matches found 21014 and it took: 24743.1ms
query [21022]: # of matches found 21038 and it took: 24268.5ms
query [21023]: # of matches found 21029 and it took: 24807.5ms
query [21024]: # of matches found 18805 and it took: 24880.7ms
query [21025]: # of matches found 21538 and it took: 24702.3ms
query [21026]: # of matches found 21517 and it took: 24742.7ms
query [21027]: # of matches found 20245 and it took: 24693.7ms
query [21028]: # of matches found 20234 and it took: 24839.3ms
query [21029]: # of matches found 20325 and it took: 23952.5ms
query [21030]: # of matches found 20288 and it took: 24916.1ms
query [21031]: # of matches found 20342 and it took: 24977.5ms
query [21032]: # of matches found 18154 and it took: 24401.3ms
query [21033]: # of matches found 18212 and it took: 25015.8ms
query [21034]: # of matches found 18206 and it took: 25032.1ms
query [21035]: # of matches found 18231 and it took: 25059.7ms
query [21036]: # of matches found 18198 and it took: 24941.5ms
query [21037]: # of matches found 18183 and it took: 24960.3ms
query [21038]: # of matches found 18210 and it took: 25016.8ms
query [21039]: # of matches found 18371 and it took: 24915.1ms
query [21040]: # of matches found 18401 and it took: 25098.2ms
query [21041]: # of matches found 18402 and it took: 25038.5ms
query [21042]: # of matches found 18691 and it took: 24861.6ms
query [21043]: # of matches found 18860 and it took: 24937.1ms
query [21044]: # of matches found 19199 and it took: 25138.1ms
query [21045]: # of matches found 19176 and it took: 24872.4ms
query [21046]: # of matches found 19169 and it took: 24940.6ms
query [21047]: # of matches found 19110 and it took: 25237ms
query [21048]: # of matches found 19038 and it took: 25125.4ms
query [21049]: # of matches found 19124 and it took: 25283.6ms
query [21050]: # of matches found 18999 and it took: 25155.2ms
query [21051]: # of matches found 18931 and it took: 25194.8ms
query [21052]: # of matches found 18915 and it took: 25122.3ms
query [21053]: # of matches found 18882 and it took: 25244.7ms
query [21054]: # of matches found 18912 and it took: 25430.7ms
query [21055]: # of matches found 19338 and it took: 25367.4ms
query [21056]: # of matches found 19277 and it took: 24998.8ms
query [21057]: # of matches found 18984 and it took: 25088.5ms
query [21058]: # of matches found 18667 and it took: 25340.8ms
query [21059]: # of matches found 18679 and it took: 25200.1ms
query [21060]: # of matches found 18728 and it took: 25204.7ms
query [21061]: # of matches found 18764 and it took: 25093.2ms
query [21062]: # of matches found 18799 and it took: 25022.7ms
query [21063]: # of matches found 18852 and it took: 25212ms
query [21064]: # of matches found 18829 and it took: 25062ms
query [21065]: # of matches found 18809 and it took: 25050.4ms
query [21066]: # of matches found 18814 and it took: 25053.7ms
query [21067]: # of matches found 18533 and it took: 25145.5ms
query [21068]: # of matches found 18521 and it took: 25030.3ms
query [21069]: # of matches found 18521 and it took: 25078.1ms
query [21070]: # of matches found 18511 and it took: 24910.6ms
query [21071]: # of matches found 18398 and it took: 24920ms
query [21072]: # of matches found 18288 and it took: 24755.9ms
query [21073]: # of matches found 18227 and it took: 24798ms
query [21074]: # of matches found 18212 and it took: 24754.6ms
query [21075]: # of matches found 18141 and it took: 24845.5ms
query [21076]: # of matches found 18139 and it took: 24795.2ms
query [21077]: # of matches found 18044 and it took: 25154.1ms
query [21078]: # of matches found 17925 and it took: 24882.5ms
query [21079]: # of matches found 17892 and it took: 25016.7ms
query [21080]: # of matches found 17883 and it took: 25033ms
query [21081]: # of matches found 17920 and it took: 25023ms
query [21082]: # of matches found 17997 and it took: 24686.8ms
query [21083]: # of matches found 17991 and it took: 24850.9ms
query [21084]: # of matches found 18011 and it took: 24904.3ms
query [21085]: # of matches found 18070 and it took: 24914.5ms
query [21086]: # of matches found 18125 and it took: 24839ms
query [21087]: # of matches found 18325 and it took: 24862.8ms
query [21088]: # of matches found 18398 and it took: 24864.8ms
query [21089]: # of matches found 18425 and it took: 24951.4ms
query [21090]: # of matches found 18410 and it took: 24955.1ms
query [21091]: # of matches found 17667 and it took: 24802ms
query [21092]: # of matches found 17663 and it took: 24808.7ms
query [21093]: # of matches found 17735 and it took: 24758.9ms
query [21094]: # of matches found 17701 and it took: 24956.1ms
query [21095]: # of matches found 17791 and it took: 24886.1ms
query [21096]: # of matches found 17748 and it took: 24838.6ms
query [21097]: # of matches found 17770 and it took: 24839.6ms
query [21098]: # of matches found 17882 and it took: 24766.2ms
query [21099]: # of matches found 17867 and it took: 24861.9ms
query [21100]: # of matches found 17881 and it took: 24901.4ms
query [21101]: # of matches found 17920 and it took: 24708.2ms
query [21102]: # of matches found 17840 and it took: 24552.4ms
query [21103]: # of matches found 17871 and it took: 24525ms
query [21104]: # of matches found 17943 and it took: 24577.5ms
query [21105]: # of matches found 17916 and it took: 24449.8ms
query [21106]: # of matches found 17896 and it took: 24515.5ms
query [21107]: # of matches found 17833 and it took: 24480ms
query [21108]: # of matches found 17802 and it took: 24588.2ms
query [21109]: # of matches found 17811 and it took: 24552.9ms
query [21110]: # of matches found 17777 and it took: 24517.9ms
query [21111]: # of matches found 17726 and it took: 24467.2ms
query [21112]: # of matches found 17720 and it took: 24445.7ms
query [21113]: # of matches found 17676 and it took: 24406.7ms
query [21114]: # of matches found 17643 and it took: 24601.3ms
query [21115]: # of matches found 17645 and it took: 24463ms
query [21116]: # of matches found 17631 and it took: 24778.2ms
query [21117]: # of matches found 17656 and it took: 24439.5ms
query [21118]: # of matches found 17658 and it took: 24642.1ms
query [21119]: # of matches found 17625 and it took: 24634.6ms
query [21120]: # of matches found 17920 and it took: 23646.7ms
query [21121]: # of matches found 17907 and it took: 24517.9ms
query [21122]: # of matches found 17883 and it took: 24539.7ms
query [21123]: # of matches found 17889 and it took: 24284.3ms
query [21124]: # of matches found 17887 and it took: 24693.4ms
query [21125]: # of matches found 17909 and it took: 24542.1ms
query [21126]: # of matches found 17930 and it took: 24767ms
query [21127]: # of matches found 17853 and it took: 24435.4ms
query [21128]: # of matches found 17831 and it took: 24642.3ms
query [21129]: # of matches found 17815 and it took: 24724.6ms
query [21130]: # of matches found 15189 and it took: 24697.6ms
query [21131]: # of matches found 15061 and it took: 24487ms
query [21132]: # of matches found 15176 and it took: 24497.2ms
query [21133]: # of matches found 15219 and it took: 24311.3ms
query [21134]: # of matches found 15253 and it took: 24618.3ms
query [21135]: # of matches found 15308 and it took: 24557.8ms
query [21136]: # of matches found 15414 and it took: 24770.6ms
query [21137]: # of matches found 15478 and it took: 24467.4ms
query [21138]: # of matches found 15506 and it took: 24684.6ms
query [21139]: # of matches found 15444 and it took: 24753.2ms
query [21140]: # of matches found 16126 and it took: 24789.2ms
query [21141]: # of matches found 16080 and it took: 24697.5ms
query [21142]: # of matches found 16135 and it took: 24649.3ms
query [21143]: # of matches found 16210 and it took: 23942.7ms
query [21144]: # of matches found 16663 and it took: 24791.9ms
query [21145]: # of matches found 16673 and it took: 24728.4ms
query [21146]: # of matches found 16715 and it took: 24814.9ms
query [21147]: # of matches found 16777 and it took: 24395.9ms
query [21148]: # of matches found 16860 and it took: 24673ms
query [21149]: # of matches found 16841 and it took: 24653.3ms
query [21150]: # of matches found 16671 and it took: 24747.6ms
query [21151]: # of matches found 16712 and it took: 24655.2ms
query [21152]: # of matches found 16649 and it took: 24612.7ms
query [21153]: # of matches found 16331 and it took: 24487ms
query [21154]: # of matches found 16296 and it took: 24833.7ms
query [21155]: # of matches found 16323 and it took: 24823.1ms
query [21156]: # of matches found 16298 and it took: 24820.1ms
query [21157]: # of matches found 16311 and it took: 24607.6ms
query [21158]: # of matches found 16329 and it took: 24713.7ms
query [21159]: # of matches found 16304 and it took: 24909.9ms
query [21160]: # of matches found 16213 and it took: 24897.4ms
query [21161]: # of matches found 16259 and it took: 25003ms
query [21162]: # of matches found 16307 and it took: 24937.2ms
query [21163]: # of matches found 16260 and it took: 24894.6ms
query [21164]: # of matches found 15967 and it took: 25047.8ms
query [21165]: # of matches found 13689 and it took: 24970.8ms
query [21166]: # of matches found 13564 and it took: 24954.3ms
query [21167]: # of matches found 13514 and it took: 24838.8ms
query [21168]: # of matches found 12984 and it took: 24973.6ms
query [21169]: # of matches found 12928 and it took: 24983.4ms
query [21170]: # of matches found 12810 and it took: 24841.4ms
query [21171]: # of matches found 12665 and it took: 24855.2ms
query [21172]: # of matches found 12522 and it took: 24829.8ms
query [21173]: # of matches found 12392 and it took: 24686.6ms
query [21174]: # of matches found 12506 and it took: 24827ms
query [21175]: # of matches found 12440 and it took: 24682.5ms
query [21176]: # of matches found 12355 and it took: 24870ms
query [21177]: # of matches found 12389 and it took: 24655.9ms
query [21178]: # of matches found 12415 and it took: 24635.6ms
query [21179]: # of matches found 12348 and it took: 24672.5ms
query [21180]: # of matches found 12219 and it took: 24636.7ms
query [21181]: # of matches found 12164 and it took: 24856.6ms
query [21182]: # of matches found 12071 and it took: 24737ms
query [21183]: # of matches found 11782 and it took: 24629.5ms
query [21184]: # of matches found 11483 and it took: 24701.3ms
query [21185]: # of matches found 11443 and it took: 24781.8ms
query [21186]: # of matches found 11420 and it took: 24896ms
query [21187]: # of matches found 11416 and it took: 24875.7ms
query [21188]: # of matches found 11728 and it took: 24841.7ms
query [21189]: # of matches found 11707 and it took: 24885.1ms
query [21190]: # of matches found 11449 and it took: 24432.8ms
query [21191]: # of matches found 11865 and it took: 24957.6ms
query [21192]: # of matches found 11895 and it took: 24985.6ms
query [21193]: # of matches found 11911 and it took: 24985.3ms
query [21194]: # of matches found 11921 and it took: 24975.2ms
query [21195]: # of matches found 11457 and it took: 25029.3ms
query [21196]: # of matches found 11411 and it took: 25143.9ms
query [21197]: # of matches found 11399 and it took: 25088.8ms
query [21198]: # of matches found 11324 and it took: 25161.8ms
query [21199]: # of matches found 11012 and it took: 25084.8ms
query [21200]: # of matches found 10923 and it took: 24965.9ms
query [21201]: # of matches found 10926 and it took: 25195.9ms
query [21202]: # of matches found 10886 and it took: 25294.5ms
query [21203]: # of matches found 10926 and it took: 25081.3ms
query [21204]: # of matches found 10962 and it took: 25097.2ms
query [21205]: # of matches found 11019 and it took: 25092.5ms
query [21206]: # of matches found 11058 and it took: 25144.1ms
query [21207]: # of matches found 11089 and it took: 25111.1ms
query [21208]: # of matches found 11110 and it took: 25166.3ms
query [21209]: # of matches found 11111 and it took: 25065.3ms
query [21210]: # of matches found 11353 and it took: 25043.4ms
query [21211]: # of matches found 11474 and it took: 25145.7ms
query [21212]: # of matches found 11728 and it took: 25321.9ms
query [21213]: # of matches found 11858 and it took: 25147.1ms
query [21214]: # of matches found 11926 and it took: 25190.2ms
query [21215]: # of matches found 11987 and it took: 25097ms
query [21216]: # of matches found 12112 and it took: 25010.5ms
query [21217]: # of matches found 12124 and it took: 24718.2ms
query [21218]: # of matches found 12204 and it took: 25055.5ms
query [21219]: # of matches found 12218 and it took: 25029.3ms
query [21220]: # of matches found 12218 and it took: 24814.6ms
query [21221]: # of matches found 12240 and it took: 24058.4ms
query [21222]: # of matches found 12184 and it took: 24993.6ms
query [21223]: # of matches found 12171 and it took: 24888.2ms
query [21224]: # of matches found 12186 and it took: 24920.1ms
query [21225]: # of matches found 12281 and it took: 24688.8ms
query [21226]: # of matches found 12218 and it took: 24164.4ms
query [21227]: # of matches found 11987 and it took: 24905.1ms
query [21228]: # of matches found 11883 and it took: 24721.6ms
query [21229]: # of matches found 11879 and it took: 24600.8ms
query [21230]: # of matches found 11864 and it took: 24916.1ms
query [21231]: # of matches found 11980 and it took: 24346.4ms
query [21232]: # of matches found 11558 and it took: 23703ms
query [21233]: # of matches found 11541 and it took: 24415.1ms
query [21234]: # of matches found 11677 and it took: 24204.8ms
query [21235]: # of matches found 11539 and it took: 24525.3ms
query [21236]: # of matches found 11637 and it took: 24273.5ms
query [21237]: # of matches found 11606 and it took: 23571.8ms
query [21238]: # of matches found 11415 and it took: 24177.1ms
query [21239]: # of matches found 11403 and it took: 23827.9ms
query [21240]: # of matches found 11409 and it took: 24212.9ms
query [21241]: # of matches found 11536 and it took: 23860.7ms
query [21242]: # of matches found 11558 and it took: 23265.3ms
query [21243]: # of matches found 11581 and it took: 23770.7ms
query [21244]: # of matches found 11558 and it took: 23529.8ms
query [21245]: # of matches found 11620 and it took: 24030.9ms
query [21246]: # of matches found 11710 and it took: 23891.3ms
query [21247]: # of matches found 11810 and it took: 23326.7ms
query [21248]: # of matches found 11828 and it took: 23825.7ms
query [21249]: # of matches found 11789 and it took: 23458.9ms
query [21250]: # of matches found 11837 and it took: 23315.4ms
query [21251]: # of matches found 11864 and it took: 22863.4ms
query [21252]: # of matches found 11948 and it took: 23860.8ms
query [21253]: # of matches found 11984 and it took: 23331.8ms
query [21254]: # of matches found 12056 and it took: 23242.4ms
query [21255]: # of matches found 12200 and it took: 22892.3ms
query [21256]: # of matches found 12239 and it took: 23096.9ms
query [21257]: # of matches found 12253 and it took: 23001.6ms
query [21258]: # of matches found 12296 and it took: 23137.7ms
query [21259]: # of matches found 12361 and it took: 22530.1ms
query [21260]: # of matches found 12461 and it took: 22519.3ms
query [21261]: # of matches found 12228 and it took: 22880.6ms
query [21262]: # of matches found 12301 and it took: 23163.5ms
query [21263]: # of matches found 12379 and it took: 23193.8ms
query [21264]: # of matches found 15053 and it took: 22901.7ms
query [21265]: # of matches found 15102 and it took: 22740.1ms
query [21266]: # of matches found 15092 and it took: 22797.7ms
query [21267]: # of matches found 15110 and it took: 22982.5ms
query [21268]: # of matches found 15103 and it took: 22968ms
query [21269]: # of matches found 15140 and it took: 22720.2ms
query [21270]: # of matches found 15125 and it took: 23366.4ms
query [21271]: # of matches found 15639 and it took: 22571.7ms
query [21272]: # of matches found 15662 and it took: 22610.6ms
query [21273]: # of matches found 15642 and it took: 22895.4ms
query [21274]: # of matches found 15706 and it took: 22812.3ms
query [21275]: # of matches found 15694 and it took: 22488.6ms
query [21276]: # of matches found 15553 and it took: 22799.3ms
query [21277]: # of matches found 15481 and it took: 23217.3ms
query [21278]: # of matches found 15422 and it took: 22829.8ms
query [21279]: # of matches found 15374 and it took: 22871.9ms
query [21280]: # of matches found 14673 and it took: 22625.4ms
query [21281]: # of matches found 14593 and it took: 22641.7ms
query [21282]: # of matches found 14517 and it took: 22473.6ms
query [21283]: # of matches found 14401 and it took: 22808.3ms
query [21284]: # of matches found 14414 and it took: 23367.5ms
query [21285]: # of matches found 14003 and it took: 22721.4ms
query [21286]: # of matches found 13973 and it took: 22618.2ms
query [21287]: # of matches found 13938 and it took: 22895.7ms
query [21288]: # of matches found 13916 and it took: 22861.5ms
query [21289]: # of matches found 14014 and it took: 22348.3ms
query [21290]: # of matches found 14043 and it took: 22373.2ms
query [21291]: # of matches found 13974 and it took: 22835.1ms
query [21292]: # of matches found 14085 and it took: 22244.5ms
query [21293]: # of matches found 14118 and it took: 22767.6ms
query [21294]: # of matches found 14127 and it took: 22533.1ms
query [21295]: # of matches found 14348 and it took: 22588.8ms
query [21296]: # of matches found 14480 and it took: 22888.4ms
query [21297]: # of matches found 14796 and it took: 22637.5ms
query [21298]: # of matches found 14912 and it took: 22563.2ms
query [21299]: # of matches found 15120 and it took: 22279.3ms
query [21300]: # of matches found 17792 and it took: 22188.5ms
query [21301]: # of matches found 17753 and it took: 22220.8ms
query [21302]: # of matches found 17691 and it took: 22206.8ms
query [21303]: # of matches found 17664 and it took: 22175.4ms
query [21304]: # of matches found 17682 and it took: 22222.4ms
query [21305]: # of matches found 17701 and it took: 22074.5ms
query [21306]: # of matches found 17677 and it took: 22232.5ms
query [21307]: # of matches found 17703 and it took: 22237.3ms
query [21308]: # of matches found 17739 and it took: 22347.5ms
query [21309]: # of matches found 18314 and it took: 22115ms
query [21310]: # of matches found 18394 and it took: 22138.1ms
query [21311]: # of matches found 18489 and it took: 22297.8ms
query [21312]: # of matches found 18540 and it took: 23029.4ms
query [21313]: # of matches found 18557 and it took: 23010.8ms
query [21314]: # of matches found 19887 and it took: 22939.2ms
query [21315]: # of matches found 19876 and it took: 23108.2ms
query [21316]: # of matches found 19899 and it took: 22990.1ms
query [21317]: # of matches found 19953 and it took: 23129.9ms
query [21318]: # of matches found 19987 and it took: 23156.2ms
query [21319]: # of matches found 20031 and it took: 23186ms
query [21320]: # of matches found 20037 and it took: 22178.3ms
query [21321]: # of matches found 20103 and it took: 22683.3ms
query [21322]: # of matches found 20099 and it took: 22368.6ms
query [21323]: # of matches found 22048 and it took: 22584.1ms
query [21324]: # of matches found 22122 and it took: 22270.7ms
query [21325]: # of matches found 22106 and it took: 22370.6ms
query [21326]: # of matches found 22228 and it took: 22449.3ms
query [21327]: # of matches found 22184 and it took: 22412.3ms
query [21328]: # of matches found 21861 and it took: 22332.1ms
query [21329]: # of matches found 21896 and it took: 22162ms
query [21330]: # of matches found 21871 and it took: 22127.8ms
query [21331]: # of matches found 21855 and it took: 22365.3ms
query [21332]: # of matches found 21428 and it took: 22252.9ms
query [21333]: # of matches found 21401 and it took: 22245.9ms
query [21334]: # of matches found 21334 and it took: 22156ms
query [21335]: # of matches found 21337 and it took: 22388.6ms
query [21336]: # of matches found 21453 and it took: 22213.5ms
query [21337]: # of matches found 21431 and it took: 22091.5ms
query [21338]: # of matches found 21532 and it took: 22079.4ms
query [21339]: # of matches found 22491 and it took: 22128.1ms
query [21340]: # of matches found 22543 and it took: 22212.9ms
query [21341]: # of matches found 22425 and it took: 22513.1ms
query [21342]: # of matches found 22447 and it took: 22439.9ms
query [21343]: # of matches found 22334 and it took: 22357.7ms
query [21344]: # of matches found 22313 and it took: 22308.8ms
query [21345]: # of matches found 22352 and it took: 22440.6ms
query [21346]: # of matches found 22324 and it took: 22611.3ms
query [21347]: # of matches found 22304 and it took: 22719.6ms
query [21348]: # of matches found 22415 and it took: 22298.6ms
query [21349]: # of matches found 22571 and it took: 22528.4ms
query [21350]: # of matches found 22499 and it took: 22712.9ms
query [21351]: # of matches found 22444 and it took: 23010.2ms
query [21352]: # of matches found 22437 and it took: 22263.1ms
query [21353]: # of matches found 22701 and it took: 22441.3ms
query [21354]: # of matches found 22755 and it took: 22206.5ms
query [21355]: # of matches found 23347 and it took: 21892ms
query [21356]: # of matches found 23355 and it took: 21689.3ms
query [21357]: # of matches found 23389 and it took: 21899.4ms
query [21358]: # of matches found 23456 and it took: 21637.7ms
query [21359]: # of matches found 23734 and it took: 22171.3ms
query [21360]: # of matches found 23890 and it took: 21774.6ms
query [21361]: # of matches found 24107 and it took: 21596.4ms
query [21362]: # of matches found 24187 and it took: 22039ms
query [21363]: # of matches found 24382 and it took: 21854.9ms
query [21364]: # of matches found 25212 and it took: 21433.5ms
query [21365]: # of matches found 25903 and it took: 21771.3ms
query [21366]: # of matches found 25973 and it took: 21470.4ms
query [21367]: # of matches found 26062 and it took: 21593.1ms
query [21368]: # of matches found 26226 and it took: 21372.3ms
query [21369]: # of matches found 26250 and it took: 21561.3ms
query [21370]: # of matches found 26276 and it took: 21847.2ms
query [21371]: # of matches found 26160 and it took: 21893.2ms
query [21372]: # of matches found 26075 and it took: 21611.5ms
query [21373]: # of matches found 25990 and it took: 21451.2ms
query [21374]: # of matches found 25867 and it took: 21917.7ms
query [21375]: # of matches found 25790 and it took: 21399.1ms
query [21376]: # of matches found 25708 and it took: 21585ms
query [21377]: # of matches found 25660 and it took: 21682.1ms
query [21378]: # of matches found 25611 and it took: 21592.3ms
query [21379]: # of matches found 25595 and it took: 21869.2ms
query [21380]: # of matches found 25561 and it took: 21612.5ms
query [21381]: # of matches found 25527 and it took: 21576.7ms
query [21382]: # of matches found 25468 and it took: 21943.3ms
query [21383]: # of matches found 25560 and it took: 21823.1ms
query [21384]: # of matches found 25802 and it took: 21573.3ms
query [21385]: # of matches found 25758 and it took: 21594.1ms
query [21386]: # of matches found 25712 and it took: 21522.3ms
query [21387]: # of matches found 25618 and it took: 21623.9ms
query [21388]: # of matches found 25610 and it took: 21532.8ms
query [21389]: # of matches found 25603 and it took: 21917.1ms
query [21390]: # of matches found 25525 and it took: 21912.7ms
query [21391]: # of matches found 25517 and it took: 21879.3ms
query [21392]: # of matches found 25487 and it took: 21491.5ms
query [21393]: # of matches found 26170 and it took: 21496.7ms
query [21394]: # of matches found 26134 and it took: 21431.4ms
query [21395]: # of matches found 25993 and it took: 21774.7ms
query [21396]: # of matches found 25947 and it took: 21423.6ms
query [21397]: # of matches found 25866 and it took: 21692.8ms
query [21398]: # of matches found 25870 and it took: 21711.6ms
query [21399]: # of matches found 25790 and it took: 21823ms
query [21400]: # of matches found 25824 and it took: 22533ms
query [21401]: # of matches found 25838 and it took: 22354.8ms
query [21402]: # of matches found 25900 and it took: 22685.2ms
query [21403]: # of matches found 25869 and it took: 22669.4ms
query [21404]: # of matches found 23259 and it took: 22753.3ms
query [21405]: # of matches found 23210 and it took: 22471.2ms
query [21406]: # of matches found 23246 and it took: 22406.5ms
query [21407]: # of matches found 23536 and it took: 22641.9ms
query [21408]: # of matches found 23575 and it took: 22099.3ms
query [21409]: # of matches found 23475 and it took: 22280.8ms
query [21410]: # of matches found 23404 and it took: 22165.3ms
query [21411]: # of matches found 22904 and it took: 22203ms
query [21412]: # of matches found 22825 and it took: 22363.4ms
query [21413]: # of matches found 22848 and it took: 22237ms
query [21414]: # of matches found 22938 and it took: 22454.2ms
query [21415]: # of matches found 23022 and it took: 22290.8ms
query [21416]: # of matches found 23282 and it took: 22197ms
query [21417]: # of matches found 23687 and it took: 22137.6ms
query [21418]: # of matches found 23758 and it took: 22199.6ms
query [21419]: # of matches found 23850 and it took: 22447.8ms
query [21420]: # of matches found 23866 and it took: 22378.2ms
query [21421]: # of matches found 23915 and it took: 22963.5ms
query [21422]: # of matches found 23933 and it took: 22410.8ms
query [21423]: # of matches found 23954 and it took: 22823.9ms
query [21424]: # of matches found 23845 and it took: 22738.3ms
query [21425]: # of matches found 23863 and it took: 22887.4ms
query [21426]: # of matches found 23850 and it took: 22833.9ms
query [21427]: # of matches found 23811 and it took: 22924.4ms
query [21428]: # of matches found 23773 and it took: 23089.1ms
query [21429]: # of matches found 23608 and it took: 22917.7ms
query [21430]: # of matches found 23578 and it took: 23185.6ms
query [21431]: # of matches found 24045 and it took: 23317.4ms
query [21432]: # of matches found 23952 and it took: 22906ms
query [21433]: # of matches found 23913 and it took: 22964.6ms
query [21434]: # of matches found 23896 and it took: 22849ms
query [21435]: # of matches found 23718 and it took: 23051.7ms
query [21436]: # of matches found 23624 and it took: 22938ms
query [21437]: # of matches found 23228 and it took: 22960.8ms
query [21438]: # of matches found 23101 and it took: 23210.5ms
query [21439]: # of matches found 22867 and it took: 23301ms
query [21440]: # of matches found 22520 and it took: 23822ms
query [21441]: # of matches found 20139 and it took: 23533.9ms
query [21442]: # of matches found 20123 and it took: 23009.5ms
query [21443]: # of matches found 20128 and it took: 22851.7ms
query [21444]: # of matches found 20072 and it took: 22951.6ms
query [21445]: # of matches found 20066 and it took: 23447.9ms
query [21446]: # of matches found 20121 and it took: 23127.4ms
query [21447]: # of matches found 20131 and it took: 23237.9ms
query [21448]: # of matches found 20086 and it took: 23291.3ms
query [21449]: # of matches found 19476 and it took: 23238.2ms
query [21450]: # of matches found 19564 and it took: 23370.5ms
query [21451]: # of matches found 19510 and it took: 23259.6ms
query [21452]: # of matches found 19430 and it took: 23452.3ms
query [21453]: # of matches found 19428 and it took: 23459.6ms
query [21454]: # of matches found 18021 and it took: 23912.4ms
query [21455]: # of matches found 18041 and it took: 23855.1ms
query [21456]: # of matches found 18021 and it took: 23772ms
query [21457]: # of matches found 18066 and it took: 23633.2ms
query [21458]: # of matches found 17908 and it took: 24259.2ms
query [21459]: # of matches found 18402 and it took: 23948.9ms
query [21460]: # of matches found 18414 and it took: 24114.2ms
query [21461]: # of matches found 18361 and it took: 24257.3ms
query [21462]: # of matches found 18852 and it took: 24216.4ms
query [21463]: # of matches found 18749 and it took: 24112.5ms
query [21464]: # of matches found 17225 and it took: 24054.7ms
query [21465]: # of matches found 17123 and it took: 24134.1ms
query [21466]: # of matches found 16940 and it took: 24216.9ms
query [21467]: # of matches found 16903 and it took: 24112.1ms
query [21468]: # of matches found 16863 and it took: 23804.7ms
query [21469]: # of matches found 16829 and it took: 23887.6ms
query [21470]: # of matches found 17124 and it took: 24317ms
query [21471]: # of matches found 17370 and it took: 24214.4ms
query [21472]: # of matches found 17308 and it took: 24359.9ms
query [21473]: # of matches found 17290 and it took: 24116.1ms
query [21474]: # of matches found 17398 and it took: 24329.7ms
query [21475]: # of matches found 17420 and it took: 24296ms
query [21476]: # of matches found 17423 and it took: 24475.2ms
query [21477]: # of matches found 17376 and it took: 24258.8ms
query [21478]: # of matches found 17370 and it took: 24344.5ms
query [21479]: # of matches found 17451 and it took: 24505ms
query [21480]: # of matches found 16541 and it took: 24456.1ms
query [21481]: # of matches found 16672 and it took: 24742.4ms
query [21482]: # of matches found 16919 and it took: 24715.5ms
query [21483]: # of matches found 17390 and it took: 24353.5ms
query [21484]: # of matches found 17565 and it took: 24378.9ms
query [21485]: # of matches found 17738 and it took: 24489.7ms
query [21486]: # of matches found 17921 and it took: 24679.8ms
query [21487]: # of matches found 18053 and it took: 24461.7ms
query [21488]: # of matches found 18068 and it took: 24636.3ms
query [21489]: # of matches found 17901 and it took: 24371.1ms
query [21490]: # of matches found 17904 and it took: 24653.3ms
query [21491]: # of matches found 17833 and it took: 24662.5ms
query [21492]: # of matches found 17589 and it took: 24717.8ms
query [21493]: # of matches found 17303 and it took: 24345.8ms
query [21494]: # of matches found 17142 and it took: 24750.7ms
query [21495]: # of matches found 16849 and it took: 24622.6ms
query [21496]: # of matches found 16619 and it took: 25387.7ms
query [21497]: # of matches found 16602 and it took: 24789.3ms
query [21498]: # of matches found 16387 and it took: 25014.1ms
query [21499]: # of matches found 16399 and it took: 24755.6ms
query [21500]: # of matches found 16308 and it took: 25197.6ms
query [21501]: # of matches found 15885 and it took: 25132.6ms
query [21502]: # of matches found 15828 and it took: 25417.2ms
query [21503]: # of matches found 15846 and it took: 24947.7ms
query [21504]: # of matches found 15433 and it took: 24807.7ms
query [21505]: # of matches found 15106 and it took: 24677ms
query [21506]: # of matches found 15076 and it took: 24986.3ms
query [21507]: # of matches found 14990 and it took: 24388.6ms
query [21508]: # of matches found 14321 and it took: 24919.2ms
query [21509]: # of matches found 14343 and it took: 24559.1ms
query [21510]: # of matches found 14326 and it took: 24650.8ms
query [21511]: # of matches found 14308 and it took: 24431.5ms
query [21512]: # of matches found 14306 and it took: 24647ms
query [21513]: # of matches found 14302 and it took: 24574.2ms
query [21514]: # of matches found 14289 and it took: 24254.3ms
query [21515]: # of matches found 14385 and it took: 24128.8ms
query [21516]: # of matches found 14390 and it took: 24306.4ms
query [21517]: # of matches found 14520 and it took: 23961.8ms
query [21518]: # of matches found 14639 and it took: 24118.7ms
query [21519]: # of matches found 14641 and it took: 23666ms
query [21520]: # of matches found 14703 and it took: 23709.8ms
query [21521]: # of matches found 14861 and it took: 23570ms
query [21522]: # of matches found 15097 and it took: 23757.8ms
query [21523]: # of matches found 15074 and it took: 23481.4ms
query [21524]: # of matches found 14886 and it took: 23664.7ms
query [21525]: # of matches found 14963 and it took: 23597.5ms
query [21526]: # of matches found 15046 and it took: 23684.5ms
query [21527]: # of matches found 15125 and it took: 23361ms
query [21528]: # of matches found 15312 and it took: 23478.7ms
query [21529]: # of matches found 15324 and it took: 23200.1ms
query [21530]: # of matches found 15706 and it took: 23458.6ms
query [21531]: # of matches found 15801 and it took: 23394.1ms
query [21532]: # of matches found 15783 and it took: 23192.1ms
query [21533]: # of matches found 15167 and it took: 22834.8ms
query [21534]: # of matches found 15721 and it took: 23014.5ms
query [21535]: # of matches found 16043 and it took: 22627.5ms
query [21536]: # of matches found 16068 and it took: 22549.4ms
query [21537]: # of matches found 16069 and it took: 22442.9ms
query [21538]: # of matches found 16052 and it took: 22525.2ms
query [21539]: # of matches found 16084 and it took: 22342.5ms
query [21540]: # of matches found 16134 and it took: 22593.7ms
query [21541]: # of matches found 15899 and it took: 22616.9ms
query [21542]: # of matches found 15835 and it took: 22354ms
query [21543]: # of matches found 15797 and it took: 21466.6ms
query [21544]: # of matches found 15799 and it took: 21996ms
query [21545]: # of matches found 15796 and it took: 22263ms
query [21546]: # of matches found 15736 and it took: 22114.7ms
query [21547]: # of matches found 15395 and it took: 21705.1ms
query [21548]: # of matches found 15336 and it took: 22115.6ms
query [21549]: # of matches found 15318 and it took: 22320.7ms
query [21550]: # of matches found 15357 and it took: 22198.4ms
query [21551]: # of matches found 15352 and it took: 21923.9ms
query [21552]: # of matches found 15318 and it took: 21724ms
query [21553]: # of matches found 15263 and it took: 21691.5ms
query [21554]: # of matches found 15163 and it took: 21801.9ms
query [21555]: # of matches found 15065 and it took: 21733.3ms
query [21556]: # of matches found 14953 and it took: 21660.3ms
query [21557]: # of matches found 14723 and it took: 21556.8ms
query [21558]: # of matches found 14659 and it took: 21703.2ms
query [21559]: # of matches found 14644 and it took: 21591.2ms
query [21560]: # of matches found 14625 and it took: 21617.7ms
query [21561]: # of matches found 14584 and it took: 21076.7ms
query [21562]: # of matches found 14566 and it took: 21108.2ms
query [21563]: # of matches found 14657 and it took: 21505.4ms
query [21564]: # of matches found 14751 and it took: 22060.8ms
query [21565]: # of matches found 14784 and it took: 21453.8ms
query [21566]: # of matches found 14785 and it took: 21896.1ms
query [21567]: # of matches found 14801 and it took: 21666.2ms
query [21568]: # of matches found 14812 and it took: 21819.6ms
query [21569]: # of matches found 14833 and it took: 21754.2ms
query [21570]: # of matches found 14833 and it took: 21579.8ms
query [21571]: # of matches found 14350 and it took: 21689.2ms
query [21572]: # of matches found 14380 and it took: 21471ms
query [21573]: # of matches found 14418 and it took: 21318.4ms
query [21574]: # of matches found 14522 and it took: 21691.5ms
query [21575]: # of matches found 14544 and it took: 21262.6ms
query [21576]: # of matches found 14588 and it took: 21707.7ms
query [21577]: # of matches found 14522 and it took: 21606.9ms
query [21578]: # of matches found 14606 and it took: 21636.5ms
query [21579]: # of matches found 14624 and it took: 21511.3ms
query [21580]: # of matches found 14567 and it took: 21639.3ms
query [21581]: # of matches found 14541 and it took: 21589.4ms
query [21582]: # of matches found 14627 and it took: 21745.1ms
query [21583]: # of matches found 14643 and it took: 21712.2ms
query [21584]: # of matches found 14620 and it took: 22049.2ms
query [21585]: # of matches found 14589 and it took: 21234.7ms
query [21586]: # of matches found 14508 and it took: 21693.4ms
query [21587]: # of matches found 14468 and it took: 21546ms
query [21588]: # of matches found 14455 and it took: 21654.1ms
query [21589]: # of matches found 14468 and it took: 21585.6ms
query [21590]: # of matches found 14397 and it took: 21512.4ms
query [21591]: # of matches found 14361 and it took: 21811.7ms
query [21592]: # of matches found 14438 and it took: 21408.4ms
query [21593]: # of matches found 14334 and it took: 21806.9ms
query [21594]: # of matches found 14351 and it took: 21512.5ms
query [21595]: # of matches found 14384 and it took: 21531.2ms
query [21596]: # of matches found 14490 and it took: 22056.2ms
query [21597]: # of matches found 14476 and it took: 21282.4ms
query [21598]: # of matches found 14480 and it took: 21651ms
query [21599]: # of matches found 13917 and it took: 21590.6ms
query [21600]: # of matches found 13857 and it took: 21578.9ms
query [21601]: # of matches found 13859 and it took: 21950.8ms
query [21602]: # of matches found 13483 and it took: 21674.8ms
query [21603]: # of matches found 13491 and it took: 21866.7ms
query [21604]: # of matches found 13121 and it took: 21779.5ms
query [21605]: # of matches found 13182 and it took: 21489.1ms
query [21606]: # of matches found 13360 and it took: 21963.4ms
query [21607]: # of matches found 14035 and it took: 22341.8ms
query [21608]: # of matches found 14297 and it took: 21756.5ms
query [21609]: # of matches found 14591 and it took: 22454.1ms
query [21610]: # of matches found 14489 and it took: 22402.3ms
query [21611]: # of matches found 14708 and it took: 22229.9ms
query [21612]: # of matches found 15617 and it took: 22038.7ms
query [21613]: # of matches found 15670 and it took: 22335.8ms
query [21614]: # of matches found 15555 and it took: 21291.1ms
query [21615]: # of matches found 15627 and it took: 22107.4ms
query [21616]: # of matches found 15582 and it took: 21944.5ms
query [21617]: # of matches found 15561 and it took: 22166.1ms
query [21618]: # of matches found 15648 and it took: 22484.7ms
query [21619]: # of matches found 15694 and it took: 22324.1ms
query [21620]: # of matches found 15651 and it took: 22015.3ms
query [21621]: # of matches found 15478 and it took: 22530.4ms
query [21622]: # of matches found 15299 and it took: 21730.7ms
query [21623]: # of matches found 15443 and it took: 22285.5ms
query [21624]: # of matches found 15293 and it took: 22667.9ms
query [21625]: # of matches found 15222 and it took: 22767.4ms
query [21626]: # of matches found 14844 and it took: 22455.3ms
query [21627]: # of matches found 14792 and it took: 22419.7ms
query [21628]: # of matches found 14783 and it took: 22615.5ms
query [21629]: # of matches found 15476 and it took: 22658.7ms
query [21630]: # of matches found 15471 and it took: 22710.6ms
query [21631]: # of matches found 15512 and it took: 22349.6ms
query [21632]: # of matches found 15583 and it took: 22472.5ms
query [21633]: # of matches found 15620 and it took: 22087.5ms
query [21634]: # of matches found 15654 and it took: 22874.6ms
query [21635]: # of matches found 15581 and it took: 22378.4ms
query [21636]: # of matches found 15619 and it took: 22660.4ms
query [21637]: # of matches found 15563 and it took: 23003.7ms
query [21638]: # of matches found 15594 and it took: 23401.5ms
query [21639]: # of matches found 15828 and it took: 22841ms
query [21640]: # of matches found 15758 and it took: 22739.8ms
query [21641]: # of matches found 15711 and it took: 22764.2ms
query [21642]: # of matches found 15656 and it took: 22841ms
query [21643]: # of matches found 15631 and it took: 22971.3ms
query [21644]: # of matches found 15312 and it took: 23257.3ms
query [21645]: # of matches found 15222 and it took: 22747.1ms
query [21646]: # of matches found 15044 and it took: 23642.8ms
query [21647]: # of matches found 15228 and it took: 23346.8ms
query [21648]: # of matches found 15403 and it took: 23342.1ms
query [21649]: # of matches found 15378 and it took: 23273.8ms
query [21650]: # of matches found 15411 and it took: 23321.8ms
query [21651]: # of matches found 15535 and it took: 23861.5ms
query [21652]: # of matches found 15607 and it took: 23341.2ms
query [21653]: # of matches found 15649 and it took: 23218.7ms
query [21654]: # of matches found 15737 and it took: 23101ms
query [21655]: # of matches found 15786 and it took: 23138.2ms
query [21656]: # of matches found 15843 and it took: 22757.3ms
query [21657]: # of matches found 15826 and it took: 23332.9ms
query [21658]: # of matches found 15652 and it took: 22762.8ms
query [21659]: # of matches found 15627 and it took: 22838ms
query [21660]: # of matches found 15592 and it took: 22701.5ms
query [21661]: # of matches found 15363 and it took: 22888.7ms
query [21662]: # of matches found 15175 and it took: 23351.2ms
query [21663]: # of matches found 15137 and it took: 22411.6ms
query [21664]: # of matches found 15017 and it took: 23857.4ms
query [21665]: # of matches found 14891 and it took: 22550.3ms
query [21666]: # of matches found 14820 and it took: 22126.4ms
query [21667]: # of matches found 14757 and it took: 22501.4ms
query [21668]: # of matches found 14599 and it took: 22954.6ms
query [21669]: # of matches found 14801 and it took: 23439.3ms
query [21670]: # of matches found 14564 and it took: 22491ms
query [21671]: # of matches found 14542 and it took: 22897.6ms
query [21672]: # of matches found 14524 and it took: 23549.3ms
query [21673]: # of matches found 14477 and it took: 23658.8ms
query [21674]: # of matches found 14782 and it took: 22557.9ms
query [21675]: # of matches found 14675 and it took: 22639.5ms
query [21676]: # of matches found 14498 and it took: 23092.1ms
query [21677]: # of matches found 14529 and it took: 23100.7ms
query [21678]: # of matches found 14537 and it took: 23672.9ms
query [21679]: # of matches found 14605 and it took: 23320.4ms
query [21680]: # of matches found 14622 and it took: 23273.3ms
query [21681]: # of matches found 14667 and it took: 23363.9ms
query [21682]: # of matches found 14660 and it took: 23548ms
query [21683]: # of matches found 14753 and it took: 24379.2ms
query [21684]: # of matches found 14679 and it took: 23951.5ms
query [21685]: # of matches found 14715 and it took: 24013.5ms
query [21686]: # of matches found 14730 and it took: 24145ms
query [21687]: # of matches found 14756 and it took: 23861.5ms
query [21688]: # of matches found 14769 and it took: 23973.6ms
query [21689]: # of matches found 14809 and it took: 24543.9ms
query [21690]: # of matches found 15221 and it took: 23907.9ms
query [21691]: # of matches found 15288 and it took: 24197.9ms
query [21692]: # of matches found 15427 and it took: 23715ms
query [21693]: # of matches found 15481 and it took: 24058.9ms
query [21694]: # of matches found 16005 and it took: 23785.1ms
query [21695]: # of matches found 16199 and it took: 23385.2ms
query [21696]: # of matches found 16280 and it took: 23556.7ms
query [21697]: # of matches found 16129 and it took: 23661.5ms
query [21698]: # of matches found 16146 and it took: 23451.1ms
query [21699]: # of matches found 16139 and it took: 23304ms
query [21700]: # of matches found 16136 and it took: 23476.9ms
query [21701]: # of matches found 19336 and it took: 23422.1ms
query [21702]: # of matches found 19347 and it took: 22696ms
query [21703]: # of matches found 19869 and it took: 23431.1ms
query [21704]: # of matches found 19777 and it took: 22923.6ms
query [21705]: # of matches found 19999 and it took: 23179.1ms
query [21706]: # of matches found 20041 and it took: 23208.6ms
query [21707]: # of matches found 20032 and it took: 22891.7ms
query [21708]: # of matches found 22305 and it took: 23142.1ms
query [21709]: # of matches found 22324 and it took: 23222.3ms
query [21710]: # of matches found 22320 and it took: 22931.2ms
query [21711]: # of matches found 22351 and it took: 23070.5ms
query [21712]: # of matches found 22391 and it took: 23122.1ms
query [21713]: # of matches found 22301 and it took: 23302ms
query [21714]: # of matches found 22781 and it took: 23344ms
query [21715]: # of matches found 22726 and it took: 22968ms
query [21716]: # of matches found 22773 and it took: 23297.6ms
query [21717]: # of matches found 22868 and it took: 23303.2ms
query [21718]: # of matches found 22801 and it took: 23335.7ms
query [21719]: # of matches found 22778 and it took: 23200.6ms
query [21720]: # of matches found 22742 and it took: 23089.1ms
query [21721]: # of matches found 22715 and it took: 23216ms
query [21722]: # of matches found 22684 and it took: 22876.1ms
query [21723]: # of matches found 22617 and it took: 23294.8ms
query [21724]: # of matches found 22601 and it took: 23074.8ms
query [21725]: # of matches found 22605 and it took: 23482.3ms
query [21726]: # of matches found 22689 and it took: 23438ms
query [21727]: # of matches found 22683 and it took: 23480.6ms
query [21728]: # of matches found 22682 and it took: 23128.5ms
query [21729]: # of matches found 22661 and it took: 23233.5ms
query [21730]: # of matches found 22771 and it took: 23336.7ms
query [21731]: # of matches found 22802 and it took: 23006.1ms
query [21732]: # of matches found 22774 and it took: 23175.4ms
query [21733]: # of matches found 22937 and it took: 23490ms
query [21734]: # of matches found 22902 and it took: 23195.6ms
query [21735]: # of matches found 22866 and it took: 23250.9ms
query [21736]: # of matches found 22898 and it took: 23168.8ms
query [21737]: # of matches found 24416 and it took: 23104.3ms
query [21738]: # of matches found 24440 and it took: 23016.9ms
query [21739]: # of matches found 24508 and it took: 23304.9ms
query [21740]: # of matches found 24611 and it took: 23204.2ms
query [21741]: # of matches found 24649 and it took: 22906.1ms
query [21742]: # of matches found 24531 and it took: 22794.8ms
query [21743]: # of matches found 24571 and it took: 23327.7ms
query [21744]: # of matches found 24579 and it took: 23272.6ms
query [21745]: # of matches found 24785 and it took: 22885.3ms
query [21746]: # of matches found 24732 and it took: 23031ms
query [21747]: # of matches found 24091 and it took: 23241.5ms
query [21748]: # of matches found 23833 and it took: 23242ms
query [21749]: # of matches found 23584 and it took: 23098.5ms
query [21750]: # of matches found 23399 and it took: 23436.2ms
query [21751]: # of matches found 23159 and it took: 23306.3ms
query [21752]: # of matches found 22446 and it took: 23139.2ms
query [21753]: # of matches found 22364 and it took: 23340.9ms
query [21754]: # of matches found 22100 and it took: 23297.3ms
query [21755]: # of matches found 21995 and it took: 23155ms
query [21756]: # of matches found 21958 and it took: 23346.5ms
query [21757]: # of matches found 21956 and it took: 23240.1ms
query [21758]: # of matches found 21919 and it took: 23277.7ms
query [21759]: # of matches found 21914 and it took: 22875.2ms
query [21760]: # of matches found 21913 and it took: 23032.8ms
query [21761]: # of matches found 21952 and it took: 23077.6ms
query [21762]: # of matches found 22059 and it took: 23062.6ms
query [21763]: # of matches found 21479 and it took: 22814.7ms
query [21764]: # of matches found 21511 and it took: 22419.2ms
query [21765]: # of matches found 21519 and it took: 22951.8ms
query [21766]: # of matches found 21445 and it took: 22982.3ms
query [21767]: # of matches found 21371 and it took: 22860.5ms
query [21768]: # of matches found 21327 and it took: 22648.5ms
query [21769]: # of matches found 20749 and it took: 22904.6ms
query [21770]: # of matches found 20586 and it took: 22676ms
query [21771]: # of matches found 20866 and it took: 22763.8ms
query [21772]: # of matches found 20782 and it took: 22520ms
query [21773]: # of matches found 20742 and it took: 22933.4ms
query [21774]: # of matches found 20741 and it took: 22841.5ms
query [21775]: # of matches found 20802 and it took: 22680.6ms
query [21776]: # of matches found 20724 and it took: 22687.1ms
query [21777]: # of matches found 20703 and it took: 22758.1ms
query [21778]: # of matches found 20709 and it took: 22729.9ms
query [21779]: # of matches found 20295 and it took: 22752.1ms
query [21780]: # of matches found 20287 and it took: 22664ms
query [21781]: # of matches found 20280 and it took: 22796.8ms
query [21782]: # of matches found 20270 and it took: 22875.5ms
query [21783]: # of matches found 20278 and it took: 22848.8ms
query [21784]: # of matches found 20286 and it took: 22776.9ms
query [21785]: # of matches found 20289 and it took: 22741.7ms
query [21786]: # of matches found 20332 and it took: 22948.8ms
query [21787]: # of matches found 20497 and it took: 23010.8ms
query [21788]: # of matches found 20351 and it took: 22996ms
query [21789]: # of matches found 20473 and it took: 23031.9ms
query [21790]: # of matches found 20428 and it took: 23177.7ms
query [21791]: # of matches found 20345 and it took: 23204.2ms
query [21792]: # of matches found 20307 and it took: 22867.9ms
query [21793]: # of matches found 20313 and it took: 23318ms
query [21794]: # of matches found 20169 and it took: 23207.9ms
query [21795]: # of matches found 20145 and it took: 23137.9ms
query [21796]: # of matches found 20457 and it took: 23335.5ms
query [21797]: # of matches found 20401 and it took: 23233.4ms
query [21798]: # of matches found 20406 and it took: 23268.7ms
query [21799]: # of matches found 20407 and it took: 23228.4ms
query [21800]: # of matches found 20400 and it took: 23164.4ms
query [21801]: # of matches found 20362 and it took: 23333.8ms
query [21802]: # of matches found 20368 and it took: 23325ms
query [21803]: # of matches found 20286 and it took: 23841.8ms
query [21804]: # of matches found 20421 and it took: 23309.6ms
query [21805]: # of matches found 20447 and it took: 23295.7ms
query [21806]: # of matches found 20864 and it took: 23259.7ms
query [21807]: # of matches found 20822 and it took: 23252.3ms
query [21808]: # of matches found 20948 and it took: 23328.3ms
query [21809]: # of matches found 20842 and it took: 23641.3ms
query [21810]: # of matches found 20740 and it took: 23622.3ms
query [21811]: # of matches found 20617 and it took: 23618.9ms
query [21812]: # of matches found 20610 and it took: 23586.7ms
query [21813]: # of matches found 20654 and it took: 23716.8ms
query [21814]: # of matches found 19863 and it took: 22970.8ms
query [21815]: # of matches found 20107 and it took: 23186.4ms
query [21816]: # of matches found 20162 and it took: 23650.6ms
query [21817]: # of matches found 20108 and it took: 23042.8ms
query [21818]: # of matches found 20119 and it took: 23403.9ms
query [21819]: # of matches found 20075 and it took: 23390.6ms
query [21820]: # of matches found 20056 and it took: 23749.7ms
query [21821]: # of matches found 20394 and it took: 23665.6ms
query [21822]: # of matches found 20392 and it took: 23621ms
query [21823]: # of matches found 20336 and it took: 23948.5ms
query [21824]: # of matches found 20392 and it took: 23522.6ms
query [21825]: # of matches found 20372 and it took: 23965.3ms
query [21826]: # of matches found 20376 and it took: 23778.4ms
query [21827]: # of matches found 20325 and it took: 23716ms
query [21828]: # of matches found 20391 and it took: 23691.7ms
query [21829]: # of matches found 20351 and it took: 22820.7ms
query [21830]: # of matches found 19871 and it took: 23715.4ms
query [21831]: # of matches found 19802 and it took: 23707ms
query [21832]: # of matches found 19731 and it took: 23629.7ms
query [21833]: # of matches found 19623 and it took: 23873.7ms
query [21834]: # of matches found 19227 and it took: 23989ms
query [21835]: # of matches found 19001 and it took: 23732.2ms
query [21836]: # of matches found 18966 and it took: 23963ms
query [21837]: # of matches found 19115 and it took: 24196.2ms
query [21838]: # of matches found 19044 and it took: 24599.3ms
query [21839]: # of matches found 18957 and it took: 24501.7ms
query [21840]: # of matches found 18973 and it took: 23108.4ms
query [21841]: # of matches found 15844 and it took: 23891.8ms
query [21842]: # of matches found 15766 and it took: 24116.6ms
query [21843]: # of matches found 15159 and it took: 24030.3ms
query [21844]: # of matches found 15215 and it took: 24005.4ms
query [21845]: # of matches found 14980 and it took: 24100.3ms
query [21846]: # of matches found 14955 and it took: 23914.8ms
query [21847]: # of matches found 15019 and it took: 23962.9ms
query [21848]: # of matches found 12823 and it took: 24074.5ms
query [21849]: # of matches found 12775 and it took: 23954.7ms
query [21850]: # of matches found 12758 and it took: 24121.7ms
query [21851]: # of matches found 12768 and it took: 24239.2ms
query [21852]: # of matches found 12727 and it took: 24753.5ms
query [21853]: # of matches found 12737 and it took: 23872.3ms
query [21854]: # of matches found 12301 and it took: 24176ms
query [21855]: # of matches found 12255 and it took: 24113.6ms
query [21856]: # of matches found 12128 and it took: 24447.6ms
query [21857]: # of matches found 12105 and it took: 24108.5ms
query [21858]: # of matches found 12084 and it took: 24800.8ms
query [21859]: # of matches found 12265 and it took: 23863.8ms
query [21860]: # of matches found 13970 and it took: 24466.9ms
query [21861]: # of matches found 14023 and it took: 24778ms
query [21862]: # of matches found 14081 and it took: 24261.8ms
query [21863]: # of matches found 14163 and it took: 24054ms
query [21864]: # of matches found 14251 and it took: 24024.6ms
query [21865]: # of matches found 14299 and it took: 23063.1ms
query [21866]: # of matches found 14339 and it took: 23983.5ms
query [21867]: # of matches found 14606 and it took: 23963.5ms
query [21868]: # of matches found 14637 and it took: 24033.3ms
query [21869]: # of matches found 14817 and it took: 24055.8ms
query [21870]: # of matches found 14859 and it took: 23957.5ms
query [21871]: # of matches found 14820 and it took: 24080.7ms
query [21872]: # of matches found 14786 and it took: 24135.1ms
query [21873]: # of matches found 14641 and it took: 24149.7ms
query [21874]: # of matches found 14589 and it took: 24037.6ms
