no kmerRangesFileAddressArg!
no otherToolArg!
**********************CONFIGURATIONS*****************************
PARMIK mode:                  3
readDatabaseAddress:          /p/lava/parmik/partialMatcherProject/datasets/metagenomicDB/SRR14381434/SRR14381434_reads
readFileName:                 SRR14381434_reads
queryFileAddress:             /p/lava/parmik/partialMatcherProject/datasets/queryFiles/covidQueryFiles/SarsGenome_chunks/SarsGenome_queries_7000-7999
queryFileName:                SarsGenome_queries_7000-7999
otherToolOutputFileAddress:   /u/rgq5aw/GIT/PARMIK/partialMatcherProject/tools/blast/SRR14381434/SarsGenome/blastn_ws30_results.out
outputDir:                    /p/lava/parmik/partialMatcherProject/tools/baseline_ssw/SRR14381434/SarsGenome
penaltyFileAddress:           /u/rgq5aw/GIT/PARMIK/experiments/parmik/CK_SSW_ID_PRCNTG/PenaltySets/2484_1111_2444_2288_2848
kmerRangesFileAddress:        
readsCount:                   17000000
queryCount:                   30000
kmerLength:                   11
regionSize:                   48
cheapKmerThreshold:           0
identityPercentage:           0.85
minExactMatchLen:             0
minNumExactMatchKmer:         0
isIndexOffline:               1
offlineIndexAddress:          /p/lava/parmik/partialMatcherProject/tools/parmik/CK_INDEX/SRR14381434/
max editDistance in min region: 2
**********************CONFIGURATIONS*****************************
--------------Penalties--------------
m: 2, s: 4, go: 8, ge: 4
m: 1, s: 1, go: 1, ge: 1
m: 2, s: 4, go: 4, ge: 4
m: 2, s: 2, go: 8, ge: 8
m: 2, s: 8, go: 4, ge: 8
------------------------------------
numberOfReadsWithN : 0
queryCount : 1000
numberOfReadsWithN : 0
readCount : 9488668
offlineCheapIndexAddress: /p/lava/parmik/partialMatcherProject/tools/parmik/CK_INDEX/SRR14381434/ck_T0_K11_r17000000
pmrkAlignmentsAddress: /p/lava/parmik/partialMatcherProject/tools/baseline_ssw/SRR14381434/SarsGenome/aln/pmAln_R48_PI85_L0_M0_E2_K11_T0_P_2484_1111_2444_2288_2848.txt
Starting alignment for all queries [fwd]...
queryBaseIndex: 7000
query [7000]: # of matches found 14555 and it took: 35281.2ms
query [7001]: # of matches found 14533 and it took: 35228.3ms
query [7002]: # of matches found 14503 and it took: 36811.2ms
query [7003]: # of matches found 14502 and it took: 36657.9ms
query [7004]: # of matches found 14531 and it took: 36969.5ms
query [7005]: # of matches found 15287 and it took: 36227.3ms
query [7006]: # of matches found 15221 and it took: 35806.2ms
query [7007]: # of matches found 15428 and it took: 35625.5ms
query [7008]: # of matches found 15540 and it took: 36465.1ms
query [7009]: # of matches found 15549 and it took: 36218.2ms
query [7010]: # of matches found 15567 and it took: 36650.9ms
query [7011]: # of matches found 15677 and it took: 35768.5ms
query [7012]: # of matches found 15727 and it took: 36770.4ms
query [7013]: # of matches found 15750 and it took: 35990.4ms
query [7014]: # of matches found 15796 and it took: 36378.1ms
query [7015]: # of matches found 21927 and it took: 36399ms
query [7016]: # of matches found 21965 and it took: 36527.4ms
query [7017]: # of matches found 20737 and it took: 36920.4ms
query [7018]: # of matches found 20999 and it took: 36841ms
query [7019]: # of matches found 21216 and it took: 37984.9ms
query [7020]: # of matches found 21217 and it took: 36775.2ms
query [7021]: # of matches found 21417 and it took: 36861.5ms
query [7022]: # of matches found 21371 and it took: 37457.1ms
query [7023]: # of matches found 21351 and it took: 37779ms
query [7024]: # of matches found 21461 and it took: 37188.4ms
query [7025]: # of matches found 21600 and it took: 37277.7ms
query [7026]: # of matches found 21624 and it took: 37996.4ms
query [7027]: # of matches found 21640 and it took: 37737.8ms
query [7028]: # of matches found 21658 and it took: 37769.6ms
query [7029]: # of matches found 21623 and it took: 37572.6ms
query [7030]: # of matches found 21588 and it took: 37523.8ms
query [7031]: # of matches found 21572 and it took: 37386.2ms
query [7032]: # of matches found 21539 and it took: 37625.4ms
query [7033]: # of matches found 21644 and it took: 37599.3ms
query [7034]: # of matches found 21625 and it took: 37429.3ms
query [7035]: # of matches found 21636 and it took: 38097.6ms
query [7036]: # of matches found 21658 and it took: 37780.3ms
query [7037]: # of matches found 21634 and it took: 37250.8ms
query [7038]: # of matches found 21647 and it took: 37585.3ms
query [7039]: # of matches found 21644 and it took: 38472ms
query [7040]: # of matches found 21651 and it took: 37673.1ms
query [7041]: # of matches found 21646 and it took: 37632ms
query [7042]: # of matches found 21664 and it took: 38245.3ms
query [7043]: # of matches found 21724 and it took: 37923.1ms
query [7044]: # of matches found 21643 and it took: 37617.1ms
query [7045]: # of matches found 21758 and it took: 37711.2ms
query [7046]: # of matches found 21684 and it took: 36856.6ms
query [7047]: # of matches found 20117 and it took: 37172.9ms
query [7048]: # of matches found 20012 and it took: 37798ms
query [7049]: # of matches found 20041 and it took: 37589.4ms
query [7050]: # of matches found 20016 and it took: 37755.9ms
query [7051]: # of matches found 19993 and it took: 37720.8ms
query [7052]: # of matches found 20033 and it took: 38363.5ms
query [7053]: # of matches found 20010 and it took: 38004.8ms
query [7054]: # of matches found 19949 and it took: 37729.1ms
query [7055]: # of matches found 20019 and it took: 37745ms
query [7056]: # of matches found 19957 and it took: 38005.9ms
query [7057]: # of matches found 20087 and it took: 37686.6ms
query [7058]: # of matches found 20058 and it took: 37755ms
query [7059]: # of matches found 20066 and it took: 37294ms
query [7060]: # of matches found 20286 and it took: 37795.6ms
query [7061]: # of matches found 20323 and it took: 37626.6ms
query [7062]: # of matches found 20298 and it took: 37519.6ms
query [7063]: # of matches found 20486 and it took: 37742.4ms
query [7064]: # of matches found 20624 and it took: 37702ms
query [7065]: # of matches found 20760 and it took: 36908.1ms
query [7066]: # of matches found 21046 and it took: 36871.5ms
query [7067]: # of matches found 22335 and it took: 36929.1ms
query [7068]: # of matches found 22778 and it took: 38387.7ms
query [7069]: # of matches found 22907 and it took: 37491.3ms
query [7070]: # of matches found 22922 and it took: 37797.9ms
query [7071]: # of matches found 22981 and it took: 37357.2ms
query [7072]: # of matches found 23003 and it took: 37472.4ms
query [7073]: # of matches found 23007 and it took: 37179.6ms
query [7074]: # of matches found 23014 and it took: 36500.7ms
query [7075]: # of matches found 23028 and it took: 36958.4ms
query [7076]: # of matches found 23047 and it took: 36919.9ms
query [7077]: # of matches found 23075 and it took: 36949.5ms
query [7078]: # of matches found 23132 and it took: 37048.3ms
query [7079]: # of matches found 23162 and it took: 36620.1ms
query [7080]: # of matches found 23208 and it took: 37603.9ms
query [7081]: # of matches found 23249 and it took: 36409.2ms
query [7082]: # of matches found 23268 and it took: 36254.7ms
query [7083]: # of matches found 25120 and it took: 36479.4ms
query [7084]: # of matches found 25165 and it took: 36116.8ms
query [7085]: # of matches found 25164 and it took: 36202.4ms
query [7086]: # of matches found 25100 and it took: 35984.2ms
query [7087]: # of matches found 25100 and it took: 35807.9ms
query [7088]: # of matches found 25064 and it took: 36726.8ms
query [7089]: # of matches found 25137 and it took: 36407.4ms
query [7090]: # of matches found 25111 and it took: 36380.3ms
query [7091]: # of matches found 25114 and it took: 35344.6ms
query [7092]: # of matches found 25111 and it took: 35776.7ms
query [7093]: # of matches found 25513 and it took: 35989ms
query [7094]: # of matches found 25605 and it took: 36374.5ms
query [7095]: # of matches found 25688 and it took: 35957ms
query [7096]: # of matches found 25565 and it took: 35502.6ms
query [7097]: # of matches found 25547 and it took: 35483.5ms
query [7098]: # of matches found 25502 and it took: 35919.1ms
query [7099]: # of matches found 25504 and it took: 36162.5ms
query [7100]: # of matches found 24961 and it took: 34878.8ms
query [7101]: # of matches found 24923 and it took: 35607.7ms
query [7102]: # of matches found 25209 and it took: 35094.3ms
query [7103]: # of matches found 25221 and it took: 35108.2ms
query [7104]: # of matches found 25142 and it took: 35398.2ms
query [7105]: # of matches found 25136 and it took: 36004.5ms
query [7106]: # of matches found 25045 and it took: 34658.7ms
query [7107]: # of matches found 23595 and it took: 34716.3ms
query [7108]: # of matches found 23579 and it took: 34562.3ms
query [7109]: # of matches found 23419 and it took: 34373.3ms
query [7110]: # of matches found 23224 and it took: 35114ms
query [7111]: # of matches found 23239 and it took: 34102.1ms
query [7112]: # of matches found 23283 and it took: 35200.3ms
query [7113]: # of matches found 23292 and it took: 34236.8ms
query [7114]: # of matches found 23383 and it took: 34676.2ms
query [7115]: # of matches found 23380 and it took: 34602.1ms
query [7116]: # of matches found 23408 and it took: 33803.1ms
query [7117]: # of matches found 23354 and it took: 34155ms
query [7118]: # of matches found 23339 and it took: 33658.1ms
query [7119]: # of matches found 23282 and it took: 33297.4ms
query [7120]: # of matches found 23265 and it took: 33777.2ms
query [7121]: # of matches found 23292 and it took: 33133.4ms
query [7122]: # of matches found 23292 and it took: 32720.9ms
query [7123]: # of matches found 23185 and it took: 33354.7ms
query [7124]: # of matches found 23205 and it took: 33346.3ms
query [7125]: # of matches found 23173 and it took: 32724.1ms
query [7126]: # of matches found 23239 and it took: 33357.8ms
query [7127]: # of matches found 23341 and it took: 33525.3ms
query [7128]: # of matches found 23400 and it took: 33246.1ms
query [7129]: # of matches found 23500 and it took: 33283.4ms
query [7130]: # of matches found 23529 and it took: 33057.2ms
query [7131]: # of matches found 23927 and it took: 32875.6ms
query [7132]: # of matches found 23953 and it took: 32616.9ms
query [7133]: # of matches found 24083 and it took: 32322.9ms
query [7134]: # of matches found 24110 and it took: 32405.3ms
query [7135]: # of matches found 24137 and it took: 31916.8ms
query [7136]: # of matches found 24089 and it took: 32102.4ms
query [7137]: # of matches found 23259 and it took: 32067.2ms
query [7138]: # of matches found 23272 and it took: 31775.7ms
query [7139]: # of matches found 22672 and it took: 32316.6ms
query [7140]: # of matches found 22685 and it took: 32525.8ms
query [7141]: # of matches found 22698 and it took: 32525.9ms
query [7142]: # of matches found 22711 and it took: 32498.6ms
query [7143]: # of matches found 22704 and it took: 32652.8ms
query [7144]: # of matches found 22694 and it took: 32655.4ms
query [7145]: # of matches found 21949 and it took: 32875.9ms
query [7146]: # of matches found 21965 and it took: 32491.5ms
query [7147]: # of matches found 22263 and it took: 32559.9ms
query [7148]: # of matches found 22201 and it took: 32606.3ms
query [7149]: # of matches found 22203 and it took: 32423.4ms
query [7150]: # of matches found 22243 and it took: 32485.5ms
query [7151]: # of matches found 22183 and it took: 32393.9ms
query [7152]: # of matches found 22178 and it took: 32567.1ms
query [7153]: # of matches found 22519 and it took: 32080.2ms
query [7154]: # of matches found 22543 and it took: 32138.1ms
query [7155]: # of matches found 16457 and it took: 32098.4ms
query [7156]: # of matches found 16445 and it took: 32198.7ms
query [7157]: # of matches found 16459 and it took: 32530.6ms
query [7158]: # of matches found 16216 and it took: 32329.7ms
query [7159]: # of matches found 15969 and it took: 32494.8ms
query [7160]: # of matches found 16015 and it took: 31744.1ms
query [7161]: # of matches found 15819 and it took: 31845.9ms
query [7162]: # of matches found 15717 and it took: 31635ms
query [7163]: # of matches found 15697 and it took: 31782.3ms
query [7164]: # of matches found 15665 and it took: 32546.2ms
query [7165]: # of matches found 15646 and it took: 32043.8ms
query [7166]: # of matches found 15719 and it took: 32872.7ms
query [7167]: # of matches found 15751 and it took: 33256.8ms
query [7168]: # of matches found 15863 and it took: 32799.7ms
query [7169]: # of matches found 15919 and it took: 33079.4ms
query [7170]: # of matches found 16025 and it took: 33464.4ms
query [7171]: # of matches found 16122 and it took: 33549.3ms
query [7172]: # of matches found 17489 and it took: 33258ms
query [7173]: # of matches found 17429 and it took: 33880ms
query [7174]: # of matches found 17385 and it took: 34020.1ms
query [7175]: # of matches found 17328 and it took: 33691.4ms
query [7176]: # of matches found 17272 and it took: 33574ms
query [7177]: # of matches found 17264 and it took: 33992.1ms
query [7178]: # of matches found 17269 and it took: 33857.2ms
query [7179]: # of matches found 17251 and it took: 34017.4ms
query [7180]: # of matches found 17240 and it took: 34011ms
query [7181]: # of matches found 17235 and it took: 33734.2ms
query [7182]: # of matches found 17278 and it took: 33939ms
query [7183]: # of matches found 17206 and it took: 33852.7ms
query [7184]: # of matches found 17347 and it took: 33928.3ms
query [7185]: # of matches found 17291 and it took: 34173.2ms
query [7186]: # of matches found 17252 and it took: 34022.7ms
query [7187]: # of matches found 17271 and it took: 33944ms
query [7188]: # of matches found 17273 and it took: 34180.7ms
query [7189]: # of matches found 17280 and it took: 34372.8ms
query [7190]: # of matches found 17231 and it took: 34431.8ms
query [7191]: # of matches found 17183 and it took: 33879.8ms
query [7192]: # of matches found 17136 and it took: 34077.7ms
query [7193]: # of matches found 17044 and it took: 34192.3ms
query [7194]: # of matches found 17019 and it took: 34608.8ms
query [7195]: # of matches found 16871 and it took: 35618.5ms
query [7196]: # of matches found 16816 and it took: 34413.3ms
query [7197]: # of matches found 16586 and it took: 34724.3ms
query [7198]: # of matches found 16445 and it took: 35366.3ms
query [7199]: # of matches found 16414 and it took: 35082.7ms
query [7200]: # of matches found 16171 and it took: 34944.7ms
query [7201]: # of matches found 16426 and it took: 34969.2ms
query [7202]: # of matches found 16439 and it took: 35083.7ms
query [7203]: # of matches found 16246 and it took: 35563.9ms
query [7204]: # of matches found 16025 and it took: 35594.5ms
query [7205]: # of matches found 16338 and it took: 35183ms
query [7206]: # of matches found 16617 and it took: 35187.2ms
query [7207]: # of matches found 15690 and it took: 34780.4ms
query [7208]: # of matches found 14921 and it took: 36250.9ms
query [7209]: # of matches found 14870 and it took: 35366.8ms
query [7210]: # of matches found 14998 and it took: 34942.7ms
query [7211]: # of matches found 14949 and it took: 34884.3ms
query [7212]: # of matches found 14943 and it took: 35274.7ms
query [7213]: # of matches found 14969 and it took: 35183.6ms
query [7214]: # of matches found 15133 and it took: 36133.9ms
query [7215]: # of matches found 15199 and it took: 35591.8ms
query [7216]: # of matches found 15248 and it took: 34469.3ms
query [7217]: # of matches found 15327 and it took: 34944.4ms
query [7218]: # of matches found 15353 and it took: 34659.9ms
query [7219]: # of matches found 15321 and it took: 34842.8ms
query [7220]: # of matches found 15278 and it took: 35309.7ms
query [7221]: # of matches found 15252 and it took: 34885.5ms
query [7222]: # of matches found 15258 and it took: 34802.8ms
query [7223]: # of matches found 13461 and it took: 35379.3ms
query [7224]: # of matches found 13445 and it took: 35403.6ms
query [7225]: # of matches found 13459 and it took: 35170.8ms
query [7226]: # of matches found 13477 and it took: 34805.9ms
query [7227]: # of matches found 13502 and it took: 34551.5ms
query [7228]: # of matches found 13531 and it took: 34782ms
query [7229]: # of matches found 13581 and it took: 35243.4ms
query [7230]: # of matches found 13623 and it took: 34327.7ms
query [7231]: # of matches found 13647 and it took: 34908.8ms
query [7232]: # of matches found 13691 and it took: 34544.4ms
query [7233]: # of matches found 13294 and it took: 35405.5ms
query [7234]: # of matches found 14942 and it took: 36197.7ms
query [7235]: # of matches found 14832 and it took: 35075ms
query [7236]: # of matches found 14785 and it took: 34262.3ms
query [7237]: # of matches found 15995 and it took: 34574.8ms
query [7238]: # of matches found 15965 and it took: 35204.7ms
query [7239]: # of matches found 15942 and it took: 34753.7ms
query [7240]: # of matches found 15872 and it took: 34816.6ms
query [7241]: # of matches found 15895 and it took: 34708.4ms
query [7242]: # of matches found 15596 and it took: 34694.9ms
query [7243]: # of matches found 15677 and it took: 34473.5ms
query [7244]: # of matches found 23336 and it took: 34642.3ms
query [7245]: # of matches found 23395 and it took: 35186.2ms
query [7246]: # of matches found 23376 and it took: 34927.4ms
query [7247]: # of matches found 23173 and it took: 35466.3ms
query [7248]: # of matches found 23167 and it took: 34767.5ms
query [7249]: # of matches found 23164 and it took: 34515.7ms
query [7250]: # of matches found 23175 and it took: 34710ms
query [7251]: # of matches found 23175 and it took: 35125.8ms
query [7252]: # of matches found 23142 and it took: 35280.6ms
query [7253]: # of matches found 23162 and it took: 35009.1ms
query [7254]: # of matches found 23056 and it took: 34773.2ms
query [7255]: # of matches found 23077 and it took: 34545.5ms
query [7256]: # of matches found 23101 and it took: 35076.8ms
query [7257]: # of matches found 23086 and it took: 35364.2ms
query [7258]: # of matches found 23106 and it took: 34623.3ms
query [7259]: # of matches found 23117 and it took: 35427ms
query [7260]: # of matches found 23118 and it took: 35483.5ms
query [7261]: # of matches found 23098 and it took: 34814.8ms
query [7262]: # of matches found 23112 and it took: 35263.1ms
query [7263]: # of matches found 22925 and it took: 35061.5ms
query [7264]: # of matches found 22915 and it took: 36417ms
query [7265]: # of matches found 22898 and it took: 35310.3ms
query [7266]: # of matches found 22847 and it took: 35157.4ms
query [7267]: # of matches found 22792 and it took: 35645ms
query [7268]: # of matches found 22709 and it took: 40398.6ms
query [7269]: # of matches found 22621 and it took: 38780.2ms
query [7270]: # of matches found 22541 and it took: 35791.6ms
query [7271]: # of matches found 22182 and it took: 36162.8ms
query [7272]: # of matches found 22239 and it took: 35736.4ms
query [7273]: # of matches found 22190 and it took: 35680.4ms
query [7274]: # of matches found 22199 and it took: 36822.7ms
query [7275]: # of matches found 22122 and it took: 35316.3ms
query [7276]: # of matches found 22099 and it took: 36290.6ms
query [7277]: # of matches found 22105 and it took: 36063.7ms
query [7278]: # of matches found 22124 and it took: 36276.8ms
query [7279]: # of matches found 22185 and it took: 36440.2ms
query [7280]: # of matches found 22374 and it took: 36264.1ms
query [7281]: # of matches found 22399 and it took: 36751.8ms
query [7282]: # of matches found 22392 and it took: 36642.3ms
query [7283]: # of matches found 22392 and it took: 36206ms
query [7284]: # of matches found 22388 and it took: 35952.8ms
query [7285]: # of matches found 22396 and it took: 36473.4ms
query [7286]: # of matches found 22319 and it took: 36188.9ms
query [7287]: # of matches found 21896 and it took: 36206.4ms
query [7288]: # of matches found 21831 and it took: 36654.6ms
query [7289]: # of matches found 21815 and it took: 36712.3ms
query [7290]: # of matches found 21775 and it took: 37159.7ms
query [7291]: # of matches found 21727 and it took: 36396.5ms
query [7292]: # of matches found 21678 and it took: 36666.9ms
query [7293]: # of matches found 21392 and it took: 37352.8ms
query [7294]: # of matches found 21345 and it took: 36637.6ms
query [7295]: # of matches found 21297 and it took: 36697.1ms
query [7296]: # of matches found 21283 and it took: 37318.6ms
query [7297]: # of matches found 21328 and it took: 37115.6ms
query [7298]: # of matches found 21325 and it took: 37466.4ms
query [7299]: # of matches found 21319 and it took: 37668.4ms
query [7300]: # of matches found 21243 and it took: 38197.2ms
query [7301]: # of matches found 21228 and it took: 37950ms
query [7302]: # of matches found 21240 and it took: 37800.9ms
query [7303]: # of matches found 21290 and it took: 37502.9ms
query [7304]: # of matches found 21525 and it took: 37847ms
query [7305]: # of matches found 21649 and it took: 37672.8ms
query [7306]: # of matches found 21767 and it took: 38361.8ms
query [7307]: # of matches found 21746 and it took: 37856.5ms
query [7308]: # of matches found 21703 and it took: 37872.8ms
query [7309]: # of matches found 21567 and it took: 37863.2ms
query [7310]: # of matches found 21469 and it took: 38078ms
query [7311]: # of matches found 21401 and it took: 38594.3ms
query [7312]: # of matches found 20001 and it took: 37806ms
query [7313]: # of matches found 19966 and it took: 38676.5ms
query [7314]: # of matches found 20202 and it took: 38247.9ms
query [7315]: # of matches found 20230 and it took: 37492ms
query [7316]: # of matches found 20254 and it took: 38523.3ms
query [7317]: # of matches found 20284 and it took: 38026.1ms
query [7318]: # of matches found 20245 and it took: 37862.1ms
query [7319]: # of matches found 20286 and it took: 38383ms
query [7320]: # of matches found 20278 and it took: 38249.4ms
query [7321]: # of matches found 20277 and it took: 38543.2ms
query [7322]: # of matches found 20237 and it took: 38770.2ms
query [7323]: # of matches found 20230 and it took: 38974.3ms
query [7324]: # of matches found 20204 and it took: 38559.7ms
query [7325]: # of matches found 20142 and it took: 38480.9ms
query [7326]: # of matches found 20145 and it took: 38530.6ms
query [7327]: # of matches found 22239 and it took: 38761.9ms
query [7328]: # of matches found 22281 and it took: 38339.6ms
query [7329]: # of matches found 22310 and it took: 39321.6ms
query [7330]: # of matches found 22373 and it took: 38367.5ms
query [7331]: # of matches found 23074 and it took: 38678.2ms
query [7332]: # of matches found 23096 and it took: 38847.9ms
query [7333]: # of matches found 23216 and it took: 39119.4ms
query [7334]: # of matches found 23233 and it took: 38848.7ms
query [7335]: # of matches found 23242 and it took: 39626.3ms
query [7336]: # of matches found 23235 and it took: 38799.8ms
query [7337]: # of matches found 23324 and it took: 38703.5ms
query [7338]: # of matches found 23400 and it took: 39241.1ms
query [7339]: # of matches found 23523 and it took: 39241.1ms
query [7340]: # of matches found 23714 and it took: 39122.2ms
query [7341]: # of matches found 23467 and it took: 39277.4ms
query [7342]: # of matches found 23632 and it took: 38711.8ms
query [7343]: # of matches found 23794 and it took: 39801.4ms
query [7344]: # of matches found 25053 and it took: 39672.9ms
query [7345]: # of matches found 25013 and it took: 39854.3ms
query [7346]: # of matches found 24153 and it took: 39470.9ms
query [7347]: # of matches found 24119 and it took: 39969.1ms
query [7348]: # of matches found 24143 and it took: 40118.5ms
query [7349]: # of matches found 24041 and it took: 39673.5ms
query [7350]: # of matches found 23829 and it took: 39424.6ms
query [7351]: # of matches found 23884 and it took: 40887.7ms
query [7352]: # of matches found 23859 and it took: 40896.6ms
query [7353]: # of matches found 23856 and it took: 40535.8ms
query [7354]: # of matches found 23806 and it took: 39896ms
query [7355]: # of matches found 23823 and it took: 39773.2ms
query [7356]: # of matches found 23853 and it took: 41301.3ms
query [7357]: # of matches found 23777 and it took: 40619.6ms
query [7358]: # of matches found 23758 and it took: 40386ms
query [7359]: # of matches found 23752 and it took: 41244.6ms
query [7360]: # of matches found 23741 and it took: 40224.3ms
query [7361]: # of matches found 23870 and it took: 40091.9ms
query [7362]: # of matches found 23845 and it took: 40542.1ms
query [7363]: # of matches found 23802 and it took: 40421.2ms
query [7364]: # of matches found 23810 and it took: 42527.6ms
query [7365]: # of matches found 23894 and it took: 42874.4ms
query [7366]: # of matches found 23947 and it took: 40617.6ms
query [7367]: # of matches found 24019 and it took: 41438.8ms
query [7368]: # of matches found 23977 and it took: 44057.8ms
query [7369]: # of matches found 23887 and it took: 43847.5ms
query [7370]: # of matches found 23938 and it took: 42783.6ms
query [7371]: # of matches found 24006 and it took: 41698.2ms
query [7372]: # of matches found 24102 and it took: 41297.5ms
query [7373]: # of matches found 24442 and it took: 41901.7ms
query [7374]: # of matches found 26064 and it took: 41045.6ms
query [7375]: # of matches found 26151 and it took: 41123.8ms
query [7376]: # of matches found 26249 and it took: 41037.6ms
query [7377]: # of matches found 26240 and it took: 41528.3ms
query [7378]: # of matches found 25095 and it took: 41516.7ms
query [7379]: # of matches found 25255 and it took: 41364.8ms
query [7380]: # of matches found 25301 and it took: 42024.7ms
query [7381]: # of matches found 25330 and it took: 42030.9ms
query [7382]: # of matches found 25366 and it took: 41491.1ms
query [7383]: # of matches found 25592 and it took: 41250.4ms
query [7384]: # of matches found 17828 and it took: 41365.7ms
query [7385]: # of matches found 17927 and it took: 41802.2ms
query [7386]: # of matches found 17982 and it took: 41297.2ms
query [7387]: # of matches found 17983 and it took: 41866.3ms
query [7388]: # of matches found 18010 and it took: 41818ms
query [7389]: # of matches found 18066 and it took: 43262.3ms
query [7390]: # of matches found 18038 and it took: 42191.8ms
query [7391]: # of matches found 18260 and it took: 42229ms
query [7392]: # of matches found 18248 and it took: 41271.9ms
query [7393]: # of matches found 18256 and it took: 41492ms
query [7394]: # of matches found 18147 and it took: 41446.2ms
query [7395]: # of matches found 18134 and it took: 41658ms
query [7396]: # of matches found 18095 and it took: 41799.6ms
query [7397]: # of matches found 18042 and it took: 41841.7ms
query [7398]: # of matches found 18213 and it took: 42265.3ms
query [7399]: # of matches found 18254 and it took: 42348.4ms
query [7400]: # of matches found 18359 and it took: 41909ms
query [7401]: # of matches found 18398 and it took: 42047.6ms
query [7402]: # of matches found 18427 and it took: 42048.8ms
query [7403]: # of matches found 18482 and it took: 42274.4ms
query [7404]: # of matches found 18451 and it took: 41772.2ms
query [7405]: # of matches found 18439 and it took: 41600.8ms
query [7406]: # of matches found 18478 and it took: 41272.7ms
query [7407]: # of matches found 18504 and it took: 41863.8ms
query [7408]: # of matches found 18502 and it took: 41568.2ms
query [7409]: # of matches found 18482 and it took: 41156.2ms
query [7410]: # of matches found 18464 and it took: 41242.3ms
query [7411]: # of matches found 18500 and it took: 41906.5ms
query [7412]: # of matches found 18397 and it took: 41807.8ms
query [7413]: # of matches found 18432 and it took: 40882.4ms
query [7414]: # of matches found 18441 and it took: 40299.6ms
query [7415]: # of matches found 18418 and it took: 41021.3ms
query [7416]: # of matches found 18447 and it took: 41652.4ms
query [7417]: # of matches found 18509 and it took: 41468.9ms
query [7418]: # of matches found 18642 and it took: 41309.3ms
query [7419]: # of matches found 18706 and it took: 41342.3ms
query [7420]: # of matches found 18588 and it took: 40054.9ms
query [7421]: # of matches found 18620 and it took: 40212.5ms
query [7422]: # of matches found 18605 and it took: 40270ms
query [7423]: # of matches found 18685 and it took: 39825.2ms
query [7424]: # of matches found 18730 and it took: 39705.2ms
query [7425]: # of matches found 18750 and it took: 40685.8ms
query [7426]: # of matches found 18771 and it took: 39897.9ms
query [7427]: # of matches found 18780 and it took: 41095.2ms
query [7428]: # of matches found 18777 and it took: 39665.4ms
query [7429]: # of matches found 18780 and it took: 39800.5ms
query [7430]: # of matches found 18892 and it took: 39305.1ms
query [7431]: # of matches found 18956 and it took: 40447.1ms
query [7432]: # of matches found 19083 and it took: 40146.7ms
query [7433]: # of matches found 19040 and it took: 40123.8ms
query [7434]: # of matches found 19029 and it took: 39709.2ms
query [7435]: # of matches found 19052 and it took: 40190.2ms
query [7436]: # of matches found 19078 and it took: 40168.5ms
query [7437]: # of matches found 19058 and it took: 40494.8ms
query [7438]: # of matches found 19053 and it took: 39866.6ms
query [7439]: # of matches found 19073 and it took: 39976.8ms
query [7440]: # of matches found 19079 and it took: 39684.4ms
query [7441]: # of matches found 19153 and it took: 41359.6ms
query [7442]: # of matches found 19153 and it took: 39990.3ms
query [7443]: # of matches found 19166 and it took: 39524.4ms
query [7444]: # of matches found 18952 and it took: 39149.1ms
query [7445]: # of matches found 18699 and it took: 41350.5ms
query [7446]: # of matches found 18326 and it took: 41918ms
query [7447]: # of matches found 18292 and it took: 41345.5ms
query [7448]: # of matches found 18315 and it took: 43544.4ms
query [7449]: # of matches found 18344 and it took: 42657.3ms
query [7450]: # of matches found 18370 and it took: 39417.2ms
query [7451]: # of matches found 18367 and it took: 39452.2ms
query [7452]: # of matches found 18485 and it took: 38577ms
query [7453]: # of matches found 18676 and it took: 38965.9ms
query [7454]: # of matches found 18556 and it took: 38792.5ms
query [7455]: # of matches found 18685 and it took: 38532.6ms
query [7456]: # of matches found 18764 and it took: 38430.8ms
query [7457]: # of matches found 18754 and it took: 39094.8ms
query [7458]: # of matches found 18757 and it took: 39061.7ms
query [7459]: # of matches found 18970 and it took: 39121.9ms
query [7460]: # of matches found 18961 and it took: 38571.7ms
query [7461]: # of matches found 19501 and it took: 39451.4ms
query [7462]: # of matches found 19471 and it took: 39279.7ms
query [7463]: # of matches found 19467 and it took: 39291.1ms
query [7464]: # of matches found 19372 and it took: 38565.2ms
query [7465]: # of matches found 19364 and it took: 39922.7ms
query [7466]: # of matches found 19372 and it took: 39203.8ms
query [7467]: # of matches found 19645 and it took: 40273.3ms
query [7468]: # of matches found 19645 and it took: 39206.7ms
query [7469]: # of matches found 19584 and it took: 38806.4ms
query [7470]: # of matches found 19500 and it took: 39290.7ms
query [7471]: # of matches found 17468 and it took: 39472ms
query [7472]: # of matches found 17414 and it took: 39623.5ms
query [7473]: # of matches found 16734 and it took: 39985.1ms
query [7474]: # of matches found 16744 and it took: 39234.1ms
query [7475]: # of matches found 16751 and it took: 38482.9ms
query [7476]: # of matches found 16796 and it took: 40113.2ms
query [7477]: # of matches found 16749 and it took: 42603.4ms
query [7478]: # of matches found 16697 and it took: 40982.1ms
query [7479]: # of matches found 16588 and it took: 41981.3ms
query [7480]: # of matches found 16510 and it took: 40314.5ms
query [7481]: # of matches found 16502 and it took: 41188.4ms
query [7482]: # of matches found 16429 and it took: 43787.3ms
query [7483]: # of matches found 16164 and it took: 42792.8ms
query [7484]: # of matches found 14846 and it took: 43856.9ms
query [7485]: # of matches found 14830 and it took: 42991.8ms
query [7486]: # of matches found 14842 and it took: 40558.1ms
query [7487]: # of matches found 14843 and it took: 40207.4ms
query [7488]: # of matches found 14971 and it took: 42735.8ms
query [7489]: # of matches found 15010 and it took: 42230.5ms
query [7490]: # of matches found 15845 and it took: 41176.4ms
query [7491]: # of matches found 15810 and it took: 42823.5ms
query [7492]: # of matches found 15938 and it took: 41489.7ms
query [7493]: # of matches found 15929 and it took: 42689.8ms
query [7494]: # of matches found 15863 and it took: 41983.9ms
query [7495]: # of matches found 15917 and it took: 44484.3ms
query [7496]: # of matches found 15782 and it took: 40917.6ms
query [7497]: # of matches found 15743 and it took: 38739.8ms
query [7498]: # of matches found 15698 and it took: 38755ms
query [7499]: # of matches found 15693 and it took: 39016.5ms
query [7500]: # of matches found 15659 and it took: 40117.7ms
query [7501]: # of matches found 15548 and it took: 38726.6ms
query [7502]: # of matches found 15530 and it took: 38166.5ms
query [7503]: # of matches found 15545 and it took: 38812ms
query [7504]: # of matches found 15530 and it took: 38830.7ms
query [7505]: # of matches found 15472 and it took: 38441ms
query [7506]: # of matches found 15402 and it took: 38298.1ms
query [7507]: # of matches found 15336 and it took: 38322ms
query [7508]: # of matches found 15321 and it took: 38428.1ms
query [7509]: # of matches found 15249 and it took: 40111.7ms
query [7510]: # of matches found 15241 and it took: 38367.3ms
query [7511]: # of matches found 15128 and it took: 38570.3ms
query [7512]: # of matches found 15040 and it took: 38277.8ms
query [7513]: # of matches found 14689 and it took: 38135.9ms
query [7514]: # of matches found 11213 and it took: 38244.7ms
query [7515]: # of matches found 11079 and it took: 38100.1ms
query [7516]: # of matches found 11037 and it took: 37323.1ms
query [7517]: # of matches found 10969 and it took: 37604.8ms
query [7518]: # of matches found 10955 and it took: 42888.8ms
query [7519]: # of matches found 10906 and it took: 40776.4ms
query [7520]: # of matches found 10865 and it took: 37467.7ms
query [7521]: # of matches found 10964 and it took: 36905ms
query [7522]: # of matches found 11165 and it took: 38584.2ms
query [7523]: # of matches found 10982 and it took: 37834ms
query [7524]: # of matches found 10942 and it took: 36722.5ms
query [7525]: # of matches found 10903 and it took: 36465.6ms
query [7526]: # of matches found 10933 and it took: 36282.3ms
query [7527]: # of matches found 11016 and it took: 36007.6ms
query [7528]: # of matches found 11013 and it took: 40772.5ms
query [7529]: # of matches found 10943 and it took: 35811ms
query [7530]: # of matches found 10952 and it took: 35922.7ms
query [7531]: # of matches found 10856 and it took: 36545.6ms
query [7532]: # of matches found 10973 and it took: 36185.6ms
query [7533]: # of matches found 11021 and it took: 36150.5ms
query [7534]: # of matches found 11254 and it took: 36473ms
query [7535]: # of matches found 11275 and it took: 38414.1ms
query [7536]: # of matches found 11295 and it took: 36577.5ms
query [7537]: # of matches found 11368 and it took: 37711.4ms
query [7538]: # of matches found 11288 and it took: 37548.4ms
query [7539]: # of matches found 11265 and it took: 36505.7ms
query [7540]: # of matches found 11337 and it took: 36535.4ms
query [7541]: # of matches found 11444 and it took: 36434.9ms
query [7542]: # of matches found 11486 and it took: 36650.2ms
query [7543]: # of matches found 11555 and it took: 36693.5ms
query [7544]: # of matches found 11631 and it took: 36498.3ms
query [7545]: # of matches found 11664 and it took: 37230.8ms
query [7546]: # of matches found 11664 and it took: 37678ms
query [7547]: # of matches found 11592 and it took: 37317.5ms
query [7548]: # of matches found 11618 and it took: 37253.5ms
query [7549]: # of matches found 11756 and it took: 37472.8ms
query [7550]: # of matches found 11929 and it took: 36867ms
query [7551]: # of matches found 11941 and it took: 37348.8ms
query [7552]: # of matches found 12060 and it took: 36832.7ms
query [7553]: # of matches found 12138 and it took: 37285.7ms
query [7554]: # of matches found 12159 and it took: 36490.9ms
query [7555]: # of matches found 12187 and it took: 37072.2ms
query [7556]: # of matches found 12187 and it took: 36730.2ms
query [7557]: # of matches found 12174 and it took: 37207ms
query [7558]: # of matches found 12094 and it took: 37349.2ms
query [7559]: # of matches found 11977 and it took: 36934.7ms
query [7560]: # of matches found 11888 and it took: 36876ms
query [7561]: # of matches found 11857 and it took: 36959ms
query [7562]: # of matches found 11852 and it took: 39007.8ms
query [7563]: # of matches found 11778 and it took: 37183.4ms
query [7564]: # of matches found 11732 and it took: 37652.2ms
query [7565]: # of matches found 12537 and it took: 37163.7ms
query [7566]: # of matches found 12582 and it took: 37009.3ms
query [7567]: # of matches found 13017 and it took: 36805.2ms
query [7568]: # of matches found 12911 and it took: 37373.3ms
query [7569]: # of matches found 12907 and it took: 37124.6ms
query [7570]: # of matches found 12857 and it took: 36892.2ms
query [7571]: # of matches found 12827 and it took: 37221.6ms
query [7572]: # of matches found 12790 and it took: 37270.9ms
query [7573]: # of matches found 12776 and it took: 36831.8ms
query [7574]: # of matches found 12826 and it took: 36886.3ms
query [7575]: # of matches found 12842 and it took: 37500.1ms
query [7576]: # of matches found 12770 and it took: 37381.8ms
query [7577]: # of matches found 12901 and it took: 36705.9ms
query [7578]: # of matches found 12927 and it took: 37152.2ms
query [7579]: # of matches found 12941 and it took: 37049.4ms
query [7580]: # of matches found 12945 and it took: 37615.9ms
query [7581]: # of matches found 12897 and it took: 36931.3ms
query [7582]: # of matches found 12893 and it took: 39574ms
query [7583]: # of matches found 12890 and it took: 36966.5ms
query [7584]: # of matches found 12929 and it took: 36567.1ms
query [7585]: # of matches found 12915 and it took: 37178.4ms
query [7586]: # of matches found 12928 and it took: 37516.9ms
query [7587]: # of matches found 12925 and it took: 37153.5ms
query [7588]: # of matches found 12885 and it took: 36361.1ms
query [7589]: # of matches found 12870 and it took: 36516ms
query [7590]: # of matches found 12860 and it took: 37560.6ms
query [7591]: # of matches found 12965 and it took: 37177ms
query [7592]: # of matches found 12916 and it took: 37372.2ms
query [7593]: # of matches found 12700 and it took: 36864ms
query [7594]: # of matches found 12533 and it took: 37459.3ms
query [7595]: # of matches found 12392 and it took: 37304.1ms
query [7596]: # of matches found 12297 and it took: 37611.7ms
query [7597]: # of matches found 12329 and it took: 37261.1ms
query [7598]: # of matches found 12337 and it took: 37527.9ms
query [7599]: # of matches found 12129 and it took: 37940.6ms
query [7600]: # of matches found 12120 and it took: 38249.3ms
query [7601]: # of matches found 11551 and it took: 38314.5ms
query [7602]: # of matches found 11591 and it took: 37772.2ms
query [7603]: # of matches found 11663 and it took: 38241.8ms
query [7604]: # of matches found 12737 and it took: 39149.3ms
query [7605]: # of matches found 13007 and it took: 37731.4ms
query [7606]: # of matches found 13007 and it took: 38138.2ms
query [7607]: # of matches found 12696 and it took: 37908.5ms
query [7608]: # of matches found 12760 and it took: 37773.4ms
query [7609]: # of matches found 12739 and it took: 37850.1ms
query [7610]: # of matches found 12762 and it took: 38377.5ms
query [7611]: # of matches found 13254 and it took: 37634.2ms
query [7612]: # of matches found 13406 and it took: 38181.9ms
query [7613]: # of matches found 13478 and it took: 37821.6ms
query [7614]: # of matches found 13641 and it took: 38452.5ms
query [7615]: # of matches found 13732 and it took: 37749.7ms
query [7616]: # of matches found 14096 and it took: 37938.9ms
query [7617]: # of matches found 14107 and it took: 38588.7ms
query [7618]: # of matches found 15901 and it took: 37699.7ms
query [7619]: # of matches found 15864 and it took: 37918.8ms
query [7620]: # of matches found 15883 and it took: 37633.4ms
query [7621]: # of matches found 15971 and it took: 38462.8ms
query [7622]: # of matches found 16263 and it took: 38978.4ms
query [7623]: # of matches found 16295 and it took: 37561.6ms
query [7624]: # of matches found 16320 and it took: 37543.4ms
query [7625]: # of matches found 16333 and it took: 37955.8ms
query [7626]: # of matches found 16325 and it took: 37688ms
query [7627]: # of matches found 16318 and it took: 38220.3ms
query [7628]: # of matches found 16247 and it took: 38428.8ms
query [7629]: # of matches found 16182 and it took: 38214.4ms
query [7630]: # of matches found 15317 and it took: 38248.7ms
query [7631]: # of matches found 15351 and it took: 41078.3ms
query [7632]: # of matches found 15219 and it took: 37395.6ms
query [7633]: # of matches found 15197 and it took: 37308.3ms
query [7634]: # of matches found 15145 and it took: 37213.6ms
query [7635]: # of matches found 15111 and it took: 37932.2ms
query [7636]: # of matches found 15088 and it took: 37486.2ms
query [7637]: # of matches found 15099 and it took: 37199.4ms
query [7638]: # of matches found 15094 and it took: 36703ms
query [7639]: # of matches found 15088 and it took: 37459.5ms
query [7640]: # of matches found 15088 and it took: 37175.1ms
query [7641]: # of matches found 15110 and it took: 38004.1ms
query [7642]: # of matches found 15206 and it took: 38475.2ms
query [7643]: # of matches found 15334 and it took: 37076.1ms
query [7644]: # of matches found 15408 and it took: 37578.3ms
query [7645]: # of matches found 15415 and it took: 37225.2ms
query [7646]: # of matches found 15396 and it took: 38060.2ms
query [7647]: # of matches found 15363 and it took: 41209.3ms
query [7648]: # of matches found 15376 and it took: 37062.4ms
query [7649]: # of matches found 15390 and it took: 36400.2ms
query [7650]: # of matches found 15385 and it took: 37072.9ms
query [7651]: # of matches found 15619 and it took: 36818.7ms
query [7652]: # of matches found 15619 and it took: 36987.3ms
query [7653]: # of matches found 15674 and it took: 37245.3ms
query [7654]: # of matches found 15666 and it took: 36262.5ms
query [7655]: # of matches found 15678 and it took: 36363ms
query [7656]: # of matches found 15673 and it took: 36993ms
query [7657]: # of matches found 15697 and it took: 36894.5ms
query [7658]: # of matches found 15711 and it took: 36219.8ms
query [7659]: # of matches found 15689 and it took: 36564.1ms
query [7660]: # of matches found 15585 and it took: 36182.8ms
query [7661]: # of matches found 15486 and it took: 36430.1ms
query [7662]: # of matches found 15165 and it took: 37100.5ms
query [7663]: # of matches found 15167 and it took: 35633ms
query [7664]: # of matches found 15143 and it took: 36517.5ms
query [7665]: # of matches found 15055 and it took: 36728.8ms
query [7666]: # of matches found 15072 and it took: 36174.5ms
query [7667]: # of matches found 15040 and it took: 37102.5ms
query [7668]: # of matches found 15139 and it took: 37152.5ms
query [7669]: # of matches found 15132 and it took: 36293.8ms
query [7670]: # of matches found 15136 and it took: 37056.9ms
query [7671]: # of matches found 15184 and it took: 36150ms
query [7672]: # of matches found 15162 and it took: 35932.1ms
query [7673]: # of matches found 15099 and it took: 36244.2ms
query [7674]: # of matches found 15057 and it took: 35774.1ms
query [7675]: # of matches found 14930 and it took: 36553.5ms
query [7676]: # of matches found 14963 and it took: 36486.4ms
query [7677]: # of matches found 14948 and it took: 36026.4ms
query [7678]: # of matches found 15154 and it took: 36294.6ms
query [7679]: # of matches found 15165 and it took: 36042.3ms
query [7680]: # of matches found 15071 and it took: 36705.8ms
query [7681]: # of matches found 14927 and it took: 35858ms
query [7682]: # of matches found 14924 and it took: 35883.6ms
query [7683]: # of matches found 14832 and it took: 35164.6ms
query [7684]: # of matches found 14765 and it took: 35810.3ms
query [7685]: # of matches found 14838 and it took: 36089.5ms
query [7686]: # of matches found 14805 and it took: 35796ms
query [7687]: # of matches found 14902 and it took: 36013.2ms
query [7688]: # of matches found 14919 and it took: 35933ms
query [7689]: # of matches found 14965 and it took: 35955.6ms
query [7690]: # of matches found 14800 and it took: 36115.1ms
query [7691]: # of matches found 15699 and it took: 36737.2ms
query [7692]: # of matches found 15567 and it took: 36052.8ms
query [7693]: # of matches found 15492 and it took: 35246.1ms
query [7694]: # of matches found 15397 and it took: 35071.1ms
query [7695]: # of matches found 15381 and it took: 35396.1ms
query [7696]: # of matches found 15394 and it took: 35121.4ms
query [7697]: # of matches found 15442 and it took: 35382.3ms
query [7698]: # of matches found 15381 and it took: 35399.2ms
query [7699]: # of matches found 15325 and it took: 35730.6ms
query [7700]: # of matches found 15389 and it took: 34786.6ms
query [7701]: # of matches found 15359 and it took: 35083.1ms
query [7702]: # of matches found 15368 and it took: 34700.2ms
query [7703]: # of matches found 15398 and it took: 34597.1ms
query [7704]: # of matches found 15385 and it took: 35240.8ms
query [7705]: # of matches found 14539 and it took: 34919.2ms
query [7706]: # of matches found 14539 and it took: 36384.8ms
query [7707]: # of matches found 14227 and it took: 35814.2ms
query [7708]: # of matches found 14200 and it took: 35814.7ms
query [7709]: # of matches found 14226 and it took: 35176.2ms
query [7710]: # of matches found 14475 and it took: 35575.8ms
query [7711]: # of matches found 14457 and it took: 35002.4ms
query [7712]: # of matches found 14511 and it took: 35445.1ms
query [7713]: # of matches found 14459 and it took: 36626.9ms
query [7714]: # of matches found 14406 and it took: 36385.4ms
query [7715]: # of matches found 14386 and it took: 35422ms
query [7716]: # of matches found 14425 and it took: 35248.4ms
query [7717]: # of matches found 14400 and it took: 35194ms
query [7718]: # of matches found 14297 and it took: 35788.3ms
query [7719]: # of matches found 14255 and it took: 35388.3ms
query [7720]: # of matches found 14301 and it took: 35642.6ms
query [7721]: # of matches found 14520 and it took: 34827.1ms
query [7722]: # of matches found 14622 and it took: 35772.7ms
query [7723]: # of matches found 14756 and it took: 35289.8ms
query [7724]: # of matches found 14730 and it took: 35311ms
query [7725]: # of matches found 14797 and it took: 35798.3ms
query [7726]: # of matches found 14812 and it took: 35683ms
query [7727]: # of matches found 14817 and it took: 36624.4ms
query [7728]: # of matches found 14892 and it took: 36074.7ms
query [7729]: # of matches found 15537 and it took: 35719.6ms
query [7730]: # of matches found 15659 and it took: 35395.3ms
query [7731]: # of matches found 15633 and it took: 35803.2ms
query [7732]: # of matches found 15654 and it took: 35877.5ms
query [7733]: # of matches found 15682 and it took: 36513.6ms
query [7734]: # of matches found 15719 and it took: 35611.6ms
query [7735]: # of matches found 15687 and it took: 36372ms
query [7736]: # of matches found 15723 and it took: 36308.2ms
query [7737]: # of matches found 15747 and it took: 36715.6ms
query [7738]: # of matches found 15830 and it took: 37336.7ms
query [7739]: # of matches found 15768 and it took: 37450.6ms
query [7740]: # of matches found 15892 and it took: 37233.6ms
query [7741]: # of matches found 15968 and it took: 37489.1ms
query [7742]: # of matches found 16036 and it took: 37689.1ms
query [7743]: # of matches found 16177 and it took: 37389.1ms
query [7744]: # of matches found 15129 and it took: 38456.4ms
query [7745]: # of matches found 14887 and it took: 38252.1ms
query [7746]: # of matches found 14989 and it took: 38424.5ms
query [7747]: # of matches found 15002 and it took: 38666.7ms
query [7748]: # of matches found 14944 and it took: 39250.1ms
query [7749]: # of matches found 14883 and it took: 38598ms
query [7750]: # of matches found 14855 and it took: 38005.7ms
query [7751]: # of matches found 14835 and it took: 38798.1ms
query [7752]: # of matches found 14198 and it took: 38450.4ms
query [7753]: # of matches found 14139 and it took: 38018.4ms
query [7754]: # of matches found 14472 and it took: 38175.2ms
query [7755]: # of matches found 14336 and it took: 38550.8ms
query [7756]: # of matches found 13846 and it took: 38511.4ms
query [7757]: # of matches found 13806 and it took: 38095.8ms
query [7758]: # of matches found 13815 and it took: 38120.2ms
query [7759]: # of matches found 13812 and it took: 38890.7ms
query [7760]: # of matches found 12041 and it took: 37999ms
query [7761]: # of matches found 11975 and it took: 38581.1ms
query [7762]: # of matches found 11711 and it took: 38233.2ms
query [7763]: # of matches found 11825 and it took: 38942ms
query [7764]: # of matches found 11769 and it took: 39808.8ms
query [7765]: # of matches found 11711 and it took: 40458.1ms
query [7766]: # of matches found 11693 and it took: 38787.2ms
query [7767]: # of matches found 11665 and it took: 40626.5ms
query [7768]: # of matches found 11678 and it took: 40528.1ms
query [7769]: # of matches found 11653 and it took: 41593.9ms
query [7770]: # of matches found 11607 and it took: 40592.1ms
query [7771]: # of matches found 11607 and it took: 40444.5ms
query [7772]: # of matches found 11597 and it took: 41192.7ms
query [7773]: # of matches found 11605 and it took: 40259.1ms
query [7774]: # of matches found 11622 and it took: 41266.1ms
query [7775]: # of matches found 11641 and it took: 40006.2ms
query [7776]: # of matches found 11707 and it took: 40844.8ms
query [7777]: # of matches found 11689 and it took: 39087.6ms
query [7778]: # of matches found 11685 and it took: 39646.5ms
query [7779]: # of matches found 11670 and it took: 40248.3ms
query [7780]: # of matches found 11651 and it took: 41253.6ms
query [7781]: # of matches found 11632 and it took: 41902.3ms
query [7782]: # of matches found 11656 and it took: 39577.5ms
query [7783]: # of matches found 11515 and it took: 40624.4ms
query [7784]: # of matches found 11401 and it took: 41324.1ms
query [7785]: # of matches found 11377 and it took: 44513.7ms
query [7786]: # of matches found 11423 and it took: 41185.5ms
query [7787]: # of matches found 11422 and it took: 43320.4ms
query [7788]: # of matches found 11586 and it took: 41378.9ms
query [7789]: # of matches found 11611 and it took: 43786.7ms
query [7790]: # of matches found 11702 and it took: 41345.8ms
query [7791]: # of matches found 11459 and it took: 42934.5ms
query [7792]: # of matches found 11500 and it took: 41209.5ms
query [7793]: # of matches found 11465 and it took: 42779.2ms
query [7794]: # of matches found 11675 and it took: 42430.6ms
query [7795]: # of matches found 11684 and it took: 42362ms
query [7796]: # of matches found 11654 and it took: 42233.9ms
query [7797]: # of matches found 11636 and it took: 41521ms
query [7798]: # of matches found 11638 and it took: 42218.4ms
query [7799]: # of matches found 11631 and it took: 41981.2ms
query [7800]: # of matches found 11655 and it took: 41711.1ms
query [7801]: # of matches found 11661 and it took: 42233.2ms
query [7802]: # of matches found 11670 and it took: 42317.3ms
query [7803]: # of matches found 11641 and it took: 42092.3ms
query [7804]: # of matches found 11734 and it took: 41747.7ms
query [7805]: # of matches found 11784 and it took: 42562.2ms
query [7806]: # of matches found 11714 and it took: 42690.9ms
query [7807]: # of matches found 11699 and it took: 44857.5ms
query [7808]: # of matches found 11499 and it took: 44602.2ms
query [7809]: # of matches found 11563 and it took: 45027.4ms
query [7810]: # of matches found 11546 and it took: 43881.2ms
query [7811]: # of matches found 11454 and it took: 42940.2ms
query [7812]: # of matches found 11437 and it took: 45240.6ms
query [7813]: # of matches found 11348 and it took: 44930.5ms
query [7814]: # of matches found 11286 and it took: 45767.4ms
query [7815]: # of matches found 11241 and it took: 47606.4ms
query [7816]: # of matches found 11183 and it took: 46199.6ms
query [7817]: # of matches found 11131 and it took: 46382.6ms
query [7818]: # of matches found 11435 and it took: 48384.1ms
query [7819]: # of matches found 11159 and it took: 46443.6ms
query [7820]: # of matches found 11149 and it took: 47486.3ms
query [7821]: # of matches found 11135 and it took: 47376.8ms
query [7822]: # of matches found 11109 and it took: 47868.4ms
query [7823]: # of matches found 11111 and it took: 46340.6ms
query [7824]: # of matches found 12201 and it took: 48725.6ms
query [7825]: # of matches found 12086 and it took: 45034.2ms
query [7826]: # of matches found 12084 and it took: 47522.4ms
query [7827]: # of matches found 12105 and it took: 48641.3ms
query [7828]: # of matches found 12070 and it took: 47695.2ms
query [7829]: # of matches found 11895 and it took: 45690.9ms
query [7830]: # of matches found 11860 and it took: 48738ms
query [7831]: # of matches found 11036 and it took: 45582.7ms
query [7832]: # of matches found 10922 and it took: 46127.7ms
query [7833]: # of matches found 10918 and it took: 45558.2ms
query [7834]: # of matches found 10984 and it took: 46869.6ms
query [7835]: # of matches found 10977 and it took: 46790.2ms
query [7836]: # of matches found 11112 and it took: 42739.5ms
query [7837]: # of matches found 11053 and it took: 44253.8ms
query [7838]: # of matches found 11072 and it took: 43646.5ms
query [7839]: # of matches found 11101 and it took: 44886ms
query [7840]: # of matches found 11042 and it took: 46527.9ms
query [7841]: # of matches found 11096 and it took: 44709.1ms
query [7842]: # of matches found 11079 and it took: 44441.1ms
query [7843]: # of matches found 11051 and it took: 43255ms
query [7844]: # of matches found 11058 and it took: 43714.2ms
query [7845]: # of matches found 11105 and it took: 41124.6ms
query [7846]: # of matches found 11109 and it took: 44987ms
query [7847]: # of matches found 11253 and it took: 44615.6ms
query [7848]: # of matches found 11351 and it took: 45334ms
query [7849]: # of matches found 11422 and it took: 49210.7ms
query [7850]: # of matches found 11159 and it took: 44823.2ms
query [7851]: # of matches found 14513 and it took: 43197.8ms
query [7852]: # of matches found 14454 and it took: 43443.8ms
query [7853]: # of matches found 14454 and it took: 44953.1ms
query [7854]: # of matches found 14436 and it took: 43844.1ms
query [7855]: # of matches found 14431 and it took: 43398.8ms
query [7856]: # of matches found 14423 and it took: 42402ms
query [7857]: # of matches found 14529 and it took: 42386.6ms
query [7858]: # of matches found 14496 and it took: 41559.7ms
query [7859]: # of matches found 14492 and it took: 41262ms
query [7860]: # of matches found 14289 and it took: 42800.4ms
query [7861]: # of matches found 14088 and it took: 42301.9ms
query [7862]: # of matches found 13994 and it took: 42511.9ms
query [7863]: # of matches found 13827 and it took: 44635.7ms
query [7864]: # of matches found 13863 and it took: 44567.2ms
query [7865]: # of matches found 13817 and it took: 40461.9ms
query [7866]: # of matches found 13792 and it took: 40231.4ms
query [7867]: # of matches found 13800 and it took: 40721.5ms
query [7868]: # of matches found 13752 and it took: 41470.1ms
query [7869]: # of matches found 13476 and it took: 42332.5ms
query [7870]: # of matches found 13502 and it took: 40088.6ms
query [7871]: # of matches found 13549 and it took: 40817.6ms
query [7872]: # of matches found 13359 and it took: 39481.1ms
query [7873]: # of matches found 13279 and it took: 39829.2ms
query [7874]: # of matches found 13309 and it took: 39021.6ms
query [7875]: # of matches found 13386 and it took: 38052.3ms
query [7876]: # of matches found 13363 and it took: 41020ms
query [7877]: # of matches found 13418 and it took: 39965.4ms
query [7878]: # of matches found 13395 and it took: 39807.9ms
query [7879]: # of matches found 13368 and it took: 38251ms
query [7880]: # of matches found 13242 and it took: 38854.9ms
query [7881]: # of matches found 13193 and it took: 37842.2ms
query [7882]: # of matches found 13124 and it took: 38258.6ms
query [7883]: # of matches found 12958 and it took: 38800ms
query [7884]: # of matches found 12986 and it took: 36746.6ms
query [7885]: # of matches found 13060 and it took: 36635.9ms
query [7886]: # of matches found 13191 and it took: 38115.6ms
query [7887]: # of matches found 13123 and it took: 39111.1ms
query [7888]: # of matches found 13139 and it took: 39811.7ms
query [7889]: # of matches found 13135 and it took: 37654.1ms
query [7890]: # of matches found 13191 and it took: 39438.7ms
query [7891]: # of matches found 13231 and it took: 40413.1ms
query [7892]: # of matches found 13260 and it took: 38096.8ms
query [7893]: # of matches found 13272 and it took: 36414.1ms
query [7894]: # of matches found 12803 and it took: 37964.9ms
query [7895]: # of matches found 12837 and it took: 40387.4ms
query [7896]: # of matches found 12851 and it took: 37462.2ms
query [7897]: # of matches found 12838 and it took: 37005.2ms
query [7898]: # of matches found 12844 and it took: 37588.3ms
query [7899]: # of matches found 12906 and it took: 39451.9ms
query [7900]: # of matches found 12812 and it took: 37624.8ms
query [7901]: # of matches found 12752 and it took: 40461.4ms
query [7902]: # of matches found 12662 and it took: 38055.1ms
query [7903]: # of matches found 12734 and it took: 37977ms
query [7904]: # of matches found 12787 and it took: 40258.2ms
query [7905]: # of matches found 12806 and it took: 38849.9ms
query [7906]: # of matches found 12808 and it took: 38468.7ms
query [7907]: # of matches found 12830 and it took: 37846.3ms
query [7908]: # of matches found 12808 and it took: 37637.9ms
query [7909]: # of matches found 12835 and it took: 38386.8ms
query [7910]: # of matches found 12880 and it took: 38663.6ms
query [7911]: # of matches found 12858 and it took: 39931.8ms
query [7912]: # of matches found 12840 and it took: 37812.6ms
query [7913]: # of matches found 12810 and it took: 37968.9ms
query [7914]: # of matches found 12828 and it took: 38286.9ms
query [7915]: # of matches found 12890 and it took: 39311.2ms
query [7916]: # of matches found 12843 and it took: 39074.4ms
query [7917]: # of matches found 12833 and it took: 37864ms
query [7918]: # of matches found 12887 and it took: 39928.3ms
query [7919]: # of matches found 12888 and it took: 37527.2ms
query [7920]: # of matches found 13162 and it took: 41101.5ms
query [7921]: # of matches found 13167 and it took: 39428.8ms
query [7922]: # of matches found 13110 and it took: 38548.9ms
query [7923]: # of matches found 13091 and it took: 40654.6ms
query [7924]: # of matches found 13187 and it took: 39938ms
query [7925]: # of matches found 13234 and it took: 38065.7ms
query [7926]: # of matches found 13204 and it took: 38273.2ms
query [7927]: # of matches found 13244 and it took: 38319.4ms
query [7928]: # of matches found 13116 and it took: 39893.9ms
query [7929]: # of matches found 13106 and it took: 38865.5ms
query [7930]: # of matches found 13026 and it took: 38579.9ms
query [7931]: # of matches found 13013 and it took: 39734.1ms
query [7932]: # of matches found 13069 and it took: 37586.7ms
query [7933]: # of matches found 13099 and it took: 39523.7ms
query [7934]: # of matches found 12972 and it took: 37828.6ms
query [7935]: # of matches found 12966 and it took: 39170.9ms
query [7936]: # of matches found 12987 and it took: 39231.3ms
query [7937]: # of matches found 12984 and it took: 38738ms
query [7938]: # of matches found 12950 and it took: 37796.1ms
query [7939]: # of matches found 12968 and it took: 38089.3ms
query [7940]: # of matches found 12945 and it took: 38344.5ms
query [7941]: # of matches found 13006 and it took: 38808.9ms
query [7942]: # of matches found 13006 and it took: 39123ms
query [7943]: # of matches found 13130 and it took: 38115.7ms
query [7944]: # of matches found 13085 and it took: 37386.6ms
query [7945]: # of matches found 13147 and it took: 38657.7ms
query [7946]: # of matches found 13134 and it took: 38301.7ms
query [7947]: # of matches found 13159 and it took: 39992ms
query [7948]: # of matches found 13160 and it took: 38392.7ms
query [7949]: # of matches found 13204 and it took: 39036.7ms
query [7950]: # of matches found 13198 and it took: 43247.4ms
query [7951]: # of matches found 13104 and it took: 41383.1ms
query [7952]: # of matches found 13084 and it took: 40160.6ms
query [7953]: # of matches found 13065 and it took: 39550.3ms
query [7954]: # of matches found 13078 and it took: 39254.5ms
query [7955]: # of matches found 13169 and it took: 42034.6ms
query [7956]: # of matches found 13216 and it took: 37935.8ms
query [7957]: # of matches found 13291 and it took: 40976.3ms
query [7958]: # of matches found 12977 and it took: 39084.5ms
query [7959]: # of matches found 13272 and it took: 38925.1ms
query [7960]: # of matches found 13415 and it took: 40589.7ms
query [7961]: # of matches found 13722 and it took: 40380.2ms
query [7962]: # of matches found 13857 and it took: 45969.4ms
query [7963]: # of matches found 13859 and it took: 39007.7ms
query [7964]: # of matches found 13997 and it took: 40140.7ms
query [7965]: # of matches found 12959 and it took: 40233.6ms
query [7966]: # of matches found 12972 and it took: 40692.2ms
query [7967]: # of matches found 13042 and it took: 42635.8ms
query [7968]: # of matches found 13019 and it took: 41405ms
query [7969]: # of matches found 13592 and it took: 40070.3ms
query [7970]: # of matches found 13629 and it took: 40922.3ms
query [7971]: # of matches found 13641 and it took: 38902.6ms
query [7972]: # of matches found 15702 and it took: 38388.4ms
query [7973]: # of matches found 15815 and it took: 39561.5ms
query [7974]: # of matches found 15911 and it took: 39353.9ms
query [7975]: # of matches found 15996 and it took: 41157.4ms
query [7976]: # of matches found 15893 and it took: 41894.7ms
query [7977]: # of matches found 15826 and it took: 40780.6ms
query [7978]: # of matches found 15768 and it took: 41581.8ms
query [7979]: # of matches found 15791 and it took: 40801.6ms
query [7980]: # of matches found 15885 and it took: 41808.3ms
query [7981]: # of matches found 15853 and it took: 42216.3ms
query [7982]: # of matches found 15826 and it took: 40446.6ms
query [7983]: # of matches found 15815 and it took: 43413.5ms
query [7984]: # of matches found 15916 and it took: 41376.6ms
query [7985]: # of matches found 16055 and it took: 40867.3ms
query [7986]: # of matches found 16139 and it took: 41273.8ms
query [7987]: # of matches found 16111 and it took: 40488.1ms
query [7988]: # of matches found 16100 and it took: 40557ms
query [7989]: # of matches found 16088 and it took: 41594.2ms
query [7990]: # of matches found 16070 and it took: 42640.1ms
query [7991]: # of matches found 12782 and it took: 41573.6ms
query [7992]: # of matches found 12726 and it took: 42295.9ms
query [7993]: # of matches found 12724 and it took: 41758.6ms
query [7994]: # of matches found 12808 and it took: 43521.9ms
query [7995]: # of matches found 12872 and it took: 42261.4ms
query [7996]: # of matches found 12892 and it took: 43806.9ms
query [7997]: # of matches found 12811 and it took: 44706.4ms
query [7998]: # of matches found 12801 and it took: 42754.6ms
query [7999]: # of matches found 12811 and it took: 42492.3ms
PARMIK's matches per query up to q (1000) => [average: 16797, median: 15669, sum: 16797978]
Starting alignment for all queries [rev]...
queryBaseIndex: 7000
query [7000]: # of matches found 13126 and it took: 39516ms
query [7001]: # of matches found 13067 and it took: 38796.3ms
query [7002]: # of matches found 13044 and it took: 40978.9ms
query [7003]: # of matches found 13032 and it took: 38816.1ms
query [7004]: # of matches found 13071 and it took: 39153.3ms
query [7005]: # of matches found 14559 and it took: 38031.1ms
query [7006]: # of matches found 14506 and it took: 38096.7ms
query [7007]: # of matches found 14691 and it took: 37979.5ms
query [7008]: # of matches found 14790 and it took: 37050.7ms
query [7009]: # of matches found 14774 and it took: 37282.8ms
query [7010]: # of matches found 14805 and it took: 37591.9ms
query [7011]: # of matches found 14889 and it took: 38497.2ms
query [7012]: # of matches found 14940 and it took: 37654.8ms
query [7013]: # of matches found 14961 and it took: 39240.3ms
query [7014]: # of matches found 15014 and it took: 38882.1ms
query [7015]: # of matches found 16457 and it took: 39147.2ms
query [7016]: # of matches found 16492 and it took: 37673.2ms
query [7017]: # of matches found 14940 and it took: 41089.1ms
query [7018]: # of matches found 15057 and it took: 39635.8ms
query [7019]: # of matches found 15352 and it took: 42044.9ms
query [7020]: # of matches found 15327 and it took: 42677.5ms
query [7021]: # of matches found 15589 and it took: 40020.9ms
query [7022]: # of matches found 15667 and it took: 37468.4ms
query [7023]: # of matches found 15670 and it took: 37639.9ms
query [7024]: # of matches found 15728 and it took: 38160.8ms
query [7025]: # of matches found 15937 and it took: 38839.3ms
query [7026]: # of matches found 15970 and it took: 38104.3ms
query [7027]: # of matches found 15945 and it took: 37954.2ms
query [7028]: # of matches found 15963 and it took: 38072.3ms
query [7029]: # of matches found 15916 and it took: 37952.2ms
query [7030]: # of matches found 15883 and it took: 37777.2ms
query [7031]: # of matches found 15835 and it took: 38224.4ms
query [7032]: # of matches found 15840 and it took: 38080.9ms
query [7033]: # of matches found 16080 and it took: 38541.3ms
query [7034]: # of matches found 16099 and it took: 39305.8ms
query [7035]: # of matches found 16046 and it took: 38464.9ms
query [7036]: # of matches found 16095 and it took: 37665.8ms
query [7037]: # of matches found 16087 and it took: 37695ms
query [7038]: # of matches found 16131 and it took: 37483ms
query [7039]: # of matches found 16156 and it took: 37532.7ms
query [7040]: # of matches found 16205 and it took: 37890.2ms
query [7041]: # of matches found 16211 and it took: 38108.6ms
query [7042]: # of matches found 16230 and it took: 37804.1ms
query [7043]: # of matches found 16283 and it took: 37526.7ms
query [7044]: # of matches found 16259 and it took: 37903.7ms
query [7045]: # of matches found 16268 and it took: 38583.6ms
query [7046]: # of matches found 16232 and it took: 38617ms
query [7047]: # of matches found 15037 and it took: 37747.1ms
query [7048]: # of matches found 14912 and it took: 38476.6ms
query [7049]: # of matches found 14894 and it took: 38582.4ms
query [7050]: # of matches found 14897 and it took: 37899.2ms
query [7051]: # of matches found 14855 and it took: 37523.4ms
query [7052]: # of matches found 14921 and it took: 38344.3ms
query [7053]: # of matches found 14876 and it took: 37897.9ms
query [7054]: # of matches found 14838 and it took: 38582.2ms
query [7055]: # of matches found 14928 and it took: 38515.9ms
query [7056]: # of matches found 14825 and it took: 37921.2ms
query [7057]: # of matches found 14968 and it took: 37985.4ms
query [7058]: # of matches found 14903 and it took: 38430ms
query [7059]: # of matches found 14929 and it took: 39006.4ms
query [7060]: # of matches found 15158 and it took: 37808.9ms
query [7061]: # of matches found 15200 and it took: 37706.5ms
query [7062]: # of matches found 15187 and it took: 37714.6ms
query [7063]: # of matches found 15513 and it took: 38094ms
query [7064]: # of matches found 16108 and it took: 38482ms
query [7065]: # of matches found 16258 and it took: 38178.1ms
query [7066]: # of matches found 16533 and it took: 37219.8ms
query [7067]: # of matches found 18030 and it took: 37668.3ms
query [7068]: # of matches found 18506 and it took: 38219.5ms
query [7069]: # of matches found 18676 and it took: 37869.3ms
query [7070]: # of matches found 18692 and it took: 37370.2ms
query [7071]: # of matches found 18754 and it took: 38183.9ms
query [7072]: # of matches found 18778 and it took: 37710.6ms
query [7073]: # of matches found 18781 and it took: 38310.8ms
query [7074]: # of matches found 18787 and it took: 37938.2ms
query [7075]: # of matches found 18812 and it took: 37560.3ms
query [7076]: # of matches found 18831 and it took: 37093.7ms
query [7077]: # of matches found 18866 and it took: 37074.1ms
query [7078]: # of matches found 18894 and it took: 37244.2ms
query [7079]: # of matches found 18940 and it took: 37122.6ms
query [7080]: # of matches found 19003 and it took: 36925.5ms
query [7081]: # of matches found 19024 and it took: 37048ms
query [7082]: # of matches found 19037 and it took: 37247.2ms
query [7083]: # of matches found 20074 and it took: 36515.1ms
query [7084]: # of matches found 20107 and it took: 37081.5ms
query [7085]: # of matches found 20078 and it took: 37216.6ms
query [7086]: # of matches found 20001 and it took: 36656.8ms
query [7087]: # of matches found 19974 and it took: 36638.9ms
query [7088]: # of matches found 19901 and it took: 36898.1ms
query [7089]: # of matches found 19983 and it took: 36761ms
query [7090]: # of matches found 19967 and it took: 36894.3ms
query [7091]: # of matches found 19965 and it took: 36792.8ms
query [7092]: # of matches found 19962 and it took: 36437.5ms
query [7093]: # of matches found 20143 and it took: 36808.1ms
query [7094]: # of matches found 20300 and it took: 36789.4ms
query [7095]: # of matches found 20397 and it took: 36380.7ms
query [7096]: # of matches found 20244 and it took: 36605.6ms
query [7097]: # of matches found 20192 and it took: 36623.9ms
query [7098]: # of matches found 20197 and it took: 36725.5ms
query [7099]: # of matches found 20252 and it took: 36603.5ms
query [7100]: # of matches found 19873 and it took: 35800.9ms
query [7101]: # of matches found 19843 and it took: 36085.2ms
query [7102]: # of matches found 20084 and it took: 37226.3ms
query [7103]: # of matches found 20114 and it took: 35917.8ms
