no kmerRangesFileAddressArg!
no baselineBaseAddress!
no otherToolArg!
**********************CONFIGURATIONS*****************************
PARMIK mode:                  3
readDatabaseAddress:          /p/lava/parmik/partialMatcherProject/datasets/metagenomicDB/SRR14381434/SRR14381434_reads
readFileName:                 SRR14381434_reads
queryFileAddress:             /p/lava/parmik/partialMatcherProject/datasets/queryFiles/covidQueryFiles/SarsGenome_chunks/SarsGenome_queries_23000-23999
queryFileName:                SarsGenome_queries_23000-23999
otherToolOutputFileAddress:   /u/rgq5aw/GIT/PARMIK/partialMatcherProject/tools/blast/SRR14381434/baselineAln/blastn_ws30_results.out
outputDir:                    /p/lava/parmik/partialMatcherProject/tools/baseline_ssw/SRR14381434/SarsGenome
penaltyFileAddress:           /u/rgq5aw/GIT/PARMIK/experiments/parmik/CK_SSW_ID_PRCNTG/PenaltySets/2484_1111_2444_2288_2848
kmerRangesFileAddress:        
readsCount:                   17000000
queryCount:                   30000
kmerLength:                   11
regionSize:                   48
cheapKmerThreshold:           0
identityPercentage:           0.85
minExactMatchLen:             0
minNumExactMatchKmer:         0
isIndexOffline:               1
offlineIndexAddress:          /p/lava/parmik/partialMatcherProject/tools/parmik/CK_INDEX/SRR14381434/
baselineBaseAddress:          
max editDistance in min region: 2
**********************CONFIGURATIONS*****************************
--------------Penalties--------------
m: 2, s: 4, go: 8, ge: 4
m: 1, s: 1, go: 1, ge: 1
m: 2, s: 4, go: 4, ge: 4
m: 2, s: 2, go: 8, ge: 8
m: 2, s: 8, go: 4, ge: 8
------------------------------------
numberOfReadsWithN : 0
queryCount : 1000
numberOfReadsWithN : 0
readCount : 9488668
offlineCheapIndexAddress: /p/lava/parmik/partialMatcherProject/tools/parmik/CK_INDEX/SRR14381434/ck_T0_K11_r17000000
pmrkAlignmentsAddress: /p/lava/parmik/partialMatcherProject/tools/baseline_ssw/SRR14381434/SarsGenome/aln/pmAln_R48_PI85_L0_M0_E2_K11_T0_P_2484_1111_2444_2288_2848.txt
Starting alignment for all queries [fwd]...
queryBaseIndex: 23000
query [23000]: # of matches found 18676 and it took: 31958.1ms
query [23001]: # of matches found 18679 and it took: 32664.7ms
query [23002]: # of matches found 18650 and it took: 32335.7ms
query [23003]: # of matches found 18713 and it took: 32221.9ms
query [23004]: # of matches found 18963 and it took: 32423ms
query [23005]: # of matches found 18883 and it took: 32561.9ms
query [23006]: # of matches found 18796 and it took: 31986.7ms
query [23007]: # of matches found 16972 and it took: 32637.7ms
query [23008]: # of matches found 16687 and it took: 32698.5ms
