no kmerRangesFileAddressArg!
no otherToolArg!
**********************CONFIGURATIONS*****************************
PARMIK mode:                  3
readDatabaseAddress:          /p/lava/parmik/partialMatcherProject/datasets/metagenomicDB/SRR14381434/SRR14381434_reads
readFileName:                 SRR14381434_reads
queryFileAddress:             /p/lava/parmik/partialMatcherProject/datasets/queryFiles/covidQueryFiles/SarsGenome_chunks/SarsGenome_queries_20000-20999
queryFileName:                SarsGenome_queries_20000-20999
otherToolOutputFileAddress:   /u/rgq5aw/GIT/PARMIK/partialMatcherProject/tools/blast/SRR14381434/SarsGenome/blastn_ws30_results.out
outputDir:                    /p/lava/parmik/partialMatcherProject/tools/baseline_ssw/SRR14381434/SarsGenome
penaltyFileAddress:           /u/rgq5aw/GIT/PARMIK/experiments/parmik/CK_SSW_ID_PRCNTG/PenaltySets/2484_1111_2444_2288_2848
kmerRangesFileAddress:        
readsCount:                   17000000
queryCount:                   30000
kmerLength:                   11
regionSize:                   48
cheapKmerThreshold:           0
identityPercentage:           0.85
minExactMatchLen:             0
minNumExactMatchKmer:         0
isIndexOffline:               1
offlineIndexAddress:          /p/lava/parmik/partialMatcherProject/tools/parmik/CK_INDEX/SRR14381434/
max editDistance in min region: 2
**********************CONFIGURATIONS*****************************
--------------Penalties--------------
m: 2, s: 4, go: 8, ge: 4
m: 1, s: 1, go: 1, ge: 1
m: 2, s: 4, go: 4, ge: 4
m: 2, s: 2, go: 8, ge: 8
m: 2, s: 8, go: 4, ge: 8
------------------------------------
numberOfReadsWithN : 0
queryCount : 1000
numberOfReadsWithN : 0
readCount : 9488668
offlineCheapIndexAddress: /p/lava/parmik/partialMatcherProject/tools/parmik/CK_INDEX/SRR14381434/ck_T0_K11_r17000000
pmrkAlignmentsAddress: /p/lava/parmik/partialMatcherProject/tools/baseline_ssw/SRR14381434/SarsGenome/aln/pmAln_R48_PI85_L0_M0_E2_K11_T0_P_2484_1111_2444_2288_2848.txt
Starting alignment for all queries [fwd]...
queryBaseIndex: 20000
query [20000]: # of matches found 17000 and it took: 71122.8ms
query [20001]: # of matches found 16887 and it took: 71088.7ms
query [20002]: # of matches found 15781 and it took: 70685.2ms
query [20003]: # of matches found 15073 and it took: 71227.9ms
query [20004]: # of matches found 15010 and it took: 70642.1ms
query [20005]: # of matches found 14903 and it took: 70537.1ms
query [20006]: # of matches found 14848 and it took: 70698ms
query [20007]: # of matches found 14825 and it took: 70474.2ms
query [20008]: # of matches found 14818 and it took: 70639.9ms
query [20009]: # of matches found 14871 and it took: 70445ms
query [20010]: # of matches found 14860 and it took: 70588.2ms
query [20011]: # of matches found 14882 and it took: 70674.9ms
query [20012]: # of matches found 14742 and it took: 70525.5ms
query [20013]: # of matches found 14726 and it took: 70684.1ms
query [20014]: # of matches found 14707 and it took: 70501ms
query [20015]: # of matches found 14329 and it took: 70436.7ms
query [20016]: # of matches found 14273 and it took: 70274.3ms
query [20017]: # of matches found 14128 and it took: 70340.2ms
query [20018]: # of matches found 14062 and it took: 70383.5ms
query [20019]: # of matches found 14234 and it took: 70032.5ms
query [20020]: # of matches found 14646 and it took: 70324.3ms
query [20021]: # of matches found 14520 and it took: 70199.4ms
query [20022]: # of matches found 14516 and it took: 70044ms
query [20023]: # of matches found 14510 and it took: 70147.6ms
query [20024]: # of matches found 14462 and it took: 69722.3ms
query [20025]: # of matches found 14495 and it took: 69982.8ms
query [20026]: # of matches found 14570 and it took: 69971.7ms
query [20027]: # of matches found 14647 and it took: 69683.1ms
query [20028]: # of matches found 14671 and it took: 69329.7ms
query [20029]: # of matches found 14719 and it took: 69938.4ms
query [20030]: # of matches found 14790 and it took: 69608.7ms
query [20031]: # of matches found 14935 and it took: 69893.4ms
query [20032]: # of matches found 15031 and it took: 69576.8ms
query [20033]: # of matches found 14881 and it took: 69910.3ms
query [20034]: # of matches found 14916 and it took: 69848.2ms
query [20035]: # of matches found 15036 and it took: 70027.8ms
query [20036]: # of matches found 15060 and it took: 69855.9ms
query [20037]: # of matches found 14998 and it took: 69531.9ms
query [20038]: # of matches found 15018 and it took: 69607.2ms
query [20039]: # of matches found 15138 and it took: 69335.3ms
query [20040]: # of matches found 15156 and it took: 69599.2ms
query [20041]: # of matches found 15204 and it took: 70042ms
query [20042]: # of matches found 14669 and it took: 69959.3ms
query [20043]: # of matches found 14590 and it took: 70285.2ms
query [20044]: # of matches found 14625 and it took: 70444.5ms
query [20045]: # of matches found 14599 and it took: 70845.3ms
query [20046]: # of matches found 14734 and it took: 71458ms
query [20047]: # of matches found 14705 and it took: 71139ms
query [20048]: # of matches found 14840 and it took: 71559.2ms
query [20049]: # of matches found 14814 and it took: 71365.7ms
query [20050]: # of matches found 15381 and it took: 72448.6ms
query [20051]: # of matches found 15482 and it took: 74051.9ms
query [20052]: # of matches found 15454 and it took: 74111.8ms
query [20053]: # of matches found 15376 and it took: 74364.5ms
query [20054]: # of matches found 15288 and it took: 75118ms
query [20055]: # of matches found 15330 and it took: 74887.3ms
query [20056]: # of matches found 15320 and it took: 74738.5ms
query [20057]: # of matches found 15245 and it took: 74531.6ms
query [20058]: # of matches found 15288 and it took: 74814.2ms
query [20059]: # of matches found 15254 and it took: 74764.8ms
query [20060]: # of matches found 13973 and it took: 75583ms
query [20061]: # of matches found 14266 and it took: 76913.1ms
query [20062]: # of matches found 14294 and it took: 77021ms
query [20063]: # of matches found 14291 and it took: 77161ms
query [20064]: # of matches found 14211 and it took: 77091.1ms
query [20065]: # of matches found 13870 and it took: 77325.5ms
query [20066]: # of matches found 12855 and it took: 76964.2ms
query [20067]: # of matches found 11273 and it took: 76629.7ms
query [20068]: # of matches found 11251 and it took: 76620.9ms
query [20069]: # of matches found 11283 and it took: 76007.6ms
query [20070]: # of matches found 11345 and it took: 76919.8ms
query [20071]: # of matches found 11368 and it took: 78200.6ms
query [20072]: # of matches found 11341 and it took: 78538.8ms
query [20073]: # of matches found 11385 and it took: 78508.8ms
query [20074]: # of matches found 11382 and it took: 78607.5ms
query [20075]: # of matches found 11398 and it took: 78182.6ms
query [20076]: # of matches found 11397 and it took: 77917.2ms
query [20077]: # of matches found 11163 and it took: 77802.2ms
query [20078]: # of matches found 11151 and it took: 78228.2ms
query [20079]: # of matches found 10948 and it took: 77287ms
query [20080]: # of matches found 10947 and it took: 78047ms
query [20081]: # of matches found 10932 and it took: 78770.3ms
query [20082]: # of matches found 10926 and it took: 78696.3ms
query [20083]: # of matches found 10854 and it took: 78905.4ms
query [20084]: # of matches found 10790 and it took: 78872.4ms
query [20085]: # of matches found 10750 and it took: 78982.3ms
query [20086]: # of matches found 11415 and it took: 79278.8ms
query [20087]: # of matches found 11595 and it took: 78890.5ms
query [20088]: # of matches found 11651 and it took: 78703.6ms
query [20089]: # of matches found 11664 and it took: 78078.8ms
query [20090]: # of matches found 11661 and it took: 78238.4ms
query [20091]: # of matches found 11708 and it took: 79249.9ms
query [20092]: # of matches found 11636 and it took: 78903.7ms
query [20093]: # of matches found 11652 and it took: 79106.8ms
query [20094]: # of matches found 11609 and it took: 79172.1ms
query [20095]: # of matches found 11639 and it took: 78894ms
query [20096]: # of matches found 11580 and it took: 78956.8ms
query [20097]: # of matches found 11541 and it took: 79265.5ms
query [20098]: # of matches found 11343 and it took: 79340ms
query [20099]: # of matches found 11335 and it took: 78966.9ms
query [20100]: # of matches found 11318 and it took: 79084.5ms
query [20101]: # of matches found 11297 and it took: 79671.7ms
query [20102]: # of matches found 11242 and it took: 79605.9ms
query [20103]: # of matches found 10867 and it took: 79226.3ms
query [20104]: # of matches found 10828 and it took: 79358.8ms
query [20105]: # of matches found 10855 and it took: 79282.6ms
query [20106]: # of matches found 10839 and it took: 79649.8ms
query [20107]: # of matches found 10712 and it took: 79647.9ms
query [20108]: # of matches found 10659 and it took: 79870.9ms
query [20109]: # of matches found 10592 and it took: 79368.3ms
query [20110]: # of matches found 11322 and it took: 79507.7ms
query [20111]: # of matches found 11322 and it took: 79789.6ms
query [20112]: # of matches found 11683 and it took: 79410.6ms
query [20113]: # of matches found 11710 and it took: 79103.3ms
query [20114]: # of matches found 11732 and it took: 79451.8ms
query [20115]: # of matches found 11697 and it took: 79288.4ms
query [20116]: # of matches found 11744 and it took: 79479.4ms
query [20117]: # of matches found 11781 and it took: 79151.2ms
query [20118]: # of matches found 11818 and it took: 79533.5ms
query [20119]: # of matches found 11817 and it took: 79246.4ms
query [20120]: # of matches found 11864 and it took: 79281.5ms
query [20121]: # of matches found 11968 and it took: 79382.4ms
query [20122]: # of matches found 11928 and it took: 79316.6ms
query [20123]: # of matches found 11977 and it took: 79695.7ms
query [20124]: # of matches found 12006 and it took: 79698ms
query [20125]: # of matches found 12102 and it took: 79406.9ms
query [20126]: # of matches found 12139 and it took: 79528.7ms
query [20127]: # of matches found 12128 and it took: 79248.9ms
query [20128]: # of matches found 12164 and it took: 80177.4ms
query [20129]: # of matches found 12090 and it took: 79992.3ms
query [20130]: # of matches found 12076 and it took: 79896.5ms
query [20131]: # of matches found 11919 and it took: 80081.1ms
query [20132]: # of matches found 12151 and it took: 80368.4ms
query [20133]: # of matches found 12180 and it took: 80609.7ms
query [20134]: # of matches found 12045 and it took: 80868.4ms
query [20135]: # of matches found 12040 and it took: 80460.9ms
query [20136]: # of matches found 12412 and it took: 80397.1ms
query [20137]: # of matches found 12319 and it took: 80401ms
query [20138]: # of matches found 12313 and it took: 81245ms
query [20139]: # of matches found 12330 and it took: 81461.4ms
query [20140]: # of matches found 12303 and it took: 81811.1ms
query [20141]: # of matches found 12394 and it took: 81915.3ms
query [20142]: # of matches found 12399 and it took: 81833.2ms
query [20143]: # of matches found 12636 and it took: 81498.5ms
query [20144]: # of matches found 12555 and it took: 81832.9ms
query [20145]: # of matches found 12657 and it took: 81910.3ms
query [20146]: # of matches found 12695 and it took: 82398.7ms
query [20147]: # of matches found 12692 and it took: 81766.4ms
query [20148]: # of matches found 12748 and it took: 83048.4ms
query [20149]: # of matches found 12717 and it took: 82932.7ms
query [20150]: # of matches found 12767 and it took: 82845.7ms
query [20151]: # of matches found 12819 and it took: 82761.7ms
query [20152]: # of matches found 12864 and it took: 82716.1ms
query [20153]: # of matches found 13155 and it took: 82236.3ms
query [20154]: # of matches found 15506 and it took: 82387.1ms
query [20155]: # of matches found 15564 and it took: 82679ms
query [20156]: # of matches found 15609 and it took: 82473.1ms
query [20157]: # of matches found 15629 and it took: 82677.7ms
query [20158]: # of matches found 15627 and it took: 83172.8ms
query [20159]: # of matches found 15412 and it took: 83238.1ms
query [20160]: # of matches found 14883 and it took: 82681.8ms
query [20161]: # of matches found 14855 and it took: 82724.5ms
query [20162]: # of matches found 14829 and it took: 82525ms
query [20163]: # of matches found 14842 and it took: 81790.9ms
query [20164]: # of matches found 14789 and it took: 82138.8ms
query [20165]: # of matches found 14740 and it took: 82110.3ms
query [20166]: # of matches found 14695 and it took: 82009ms
query [20167]: # of matches found 14587 and it took: 82693.4ms
query [20168]: # of matches found 14580 and it took: 82540.2ms
query [20169]: # of matches found 14574 and it took: 82595ms
query [20170]: # of matches found 14494 and it took: 82290.7ms
query [20171]: # of matches found 14349 and it took: 82325.2ms
query [20172]: # of matches found 14285 and it took: 82806.3ms
query [20173]: # of matches found 14298 and it took: 82055.4ms
query [20174]: # of matches found 14253 and it took: 82415.6ms
query [20175]: # of matches found 14200 and it took: 82630.9ms
query [20176]: # of matches found 14134 and it took: 82117.5ms
query [20177]: # of matches found 14034 and it took: 82012.3ms
query [20178]: # of matches found 14045 and it took: 83055.7ms
query [20179]: # of matches found 14008 and it took: 82961.4ms
query [20180]: # of matches found 13912 and it took: 82428.5ms
query [20181]: # of matches found 13855 and it took: 82405.3ms
query [20182]: # of matches found 14537 and it took: 82648.6ms
query [20183]: # of matches found 14524 and it took: 81909.3ms
query [20184]: # of matches found 14434 and it took: 82552ms
query [20185]: # of matches found 14515 and it took: 82168.7ms
query [20186]: # of matches found 14537 and it took: 82085.1ms
query [20187]: # of matches found 14869 and it took: 82150.5ms
query [20188]: # of matches found 14632 and it took: 82875.2ms
query [20189]: # of matches found 14619 and it took: 83101.8ms
query [20190]: # of matches found 14121 and it took: 82584.5ms
query [20191]: # of matches found 13879 and it took: 82623.2ms
query [20192]: # of matches found 13901 and it took: 81856.4ms
query [20193]: # of matches found 13936 and it took: 81115.6ms
query [20194]: # of matches found 13945 and it took: 82001.6ms
query [20195]: # of matches found 13904 and it took: 79601.2ms
query [20196]: # of matches found 13917 and it took: 80208ms
query [20197]: # of matches found 13926 and it took: 80793.7ms
query [20198]: # of matches found 13911 and it took: 81234.4ms
query [20199]: # of matches found 13871 and it took: 80412.8ms
query [20200]: # of matches found 13856 and it took: 80238.5ms
query [20201]: # of matches found 13431 and it took: 80407.5ms
query [20202]: # of matches found 13304 and it took: 80136ms
query [20203]: # of matches found 13270 and it took: 79226.5ms
query [20204]: # of matches found 13306 and it took: 80178.1ms
query [20205]: # of matches found 13273 and it took: 78523.3ms
query [20206]: # of matches found 13271 and it took: 79126.3ms
query [20207]: # of matches found 13372 and it took: 79200.5ms
query [20208]: # of matches found 13339 and it took: 80099.7ms
query [20209]: # of matches found 13288 and it took: 79065.4ms
query [20210]: # of matches found 13271 and it took: 79070.3ms
query [20211]: # of matches found 13181 and it took: 78834.5ms
query [20212]: # of matches found 13172 and it took: 78911.4ms
query [20213]: # of matches found 13129 and it took: 77076.5ms
query [20214]: # of matches found 13099 and it took: 78003.5ms
query [20215]: # of matches found 13067 and it took: 76477.8ms
query [20216]: # of matches found 13072 and it took: 76829.7ms
query [20217]: # of matches found 13083 and it took: 76835.8ms
query [20218]: # of matches found 13126 and it took: 77546.3ms
query [20219]: # of matches found 13132 and it took: 76913.3ms
query [20220]: # of matches found 13173 and it took: 76961.2ms
query [20221]: # of matches found 13197 and it took: 76915.6ms
query [20222]: # of matches found 13198 and it took: 76828.5ms
query [20223]: # of matches found 13274 and it took: 76772.8ms
query [20224]: # of matches found 13458 and it took: 77617.1ms
query [20225]: # of matches found 13496 and it took: 75962ms
query [20226]: # of matches found 12966 and it took: 76372.2ms
query [20227]: # of matches found 12724 and it took: 76469.4ms
query [20228]: # of matches found 12630 and it took: 76419ms
query [20229]: # of matches found 12689 and it took: 76061.3ms
query [20230]: # of matches found 12758 and it took: 75685.3ms
query [20231]: # of matches found 12794 and it took: 75133.8ms
query [20232]: # of matches found 12995 and it took: 74786.3ms
query [20233]: # of matches found 13076 and it took: 74628.3ms
query [20234]: # of matches found 13200 and it took: 75077.1ms
query [20235]: # of matches found 13229 and it took: 73650.1ms
query [20236]: # of matches found 13412 and it took: 74032.3ms
query [20237]: # of matches found 13452 and it took: 74269.3ms
query [20238]: # of matches found 13531 and it took: 74961.2ms
query [20239]: # of matches found 13555 and it took: 74051.7ms
query [20240]: # of matches found 13600 and it took: 74195.6ms
query [20241]: # of matches found 13624 and it took: 74007ms
query [20242]: # of matches found 13634 and it took: 73526ms
query [20243]: # of matches found 13644 and it took: 73148.7ms
query [20244]: # of matches found 13634 and it took: 73643.9ms
query [20245]: # of matches found 13617 and it took: 71714.4ms
query [20246]: # of matches found 13565 and it took: 72726.4ms
query [20247]: # of matches found 13580 and it took: 72905.8ms
query [20248]: # of matches found 13616 and it took: 73011.6ms
query [20249]: # of matches found 13607 and it took: 72556.9ms
query [20250]: # of matches found 12896 and it took: 73136.3ms
query [20251]: # of matches found 12891 and it took: 73119.5ms
query [20252]: # of matches found 12917 and it took: 72222ms
query [20253]: # of matches found 12688 and it took: 72306.2ms
query [20254]: # of matches found 12477 and it took: 72701.7ms
query [20255]: # of matches found 12501 and it took: 71269ms
query [20256]: # of matches found 12509 and it took: 72166.6ms
query [20257]: # of matches found 12501 and it took: 72523.9ms
query [20258]: # of matches found 12440 and it took: 72896.1ms
query [20259]: # of matches found 12528 and it took: 72247.8ms
query [20260]: # of matches found 12544 and it took: 73136ms
query [20261]: # of matches found 12507 and it took: 72611ms
query [20262]: # of matches found 12509 and it took: 71704.7ms
query [20263]: # of matches found 12510 and it took: 71477.7ms
query [20264]: # of matches found 12681 and it took: 71474.2ms
query [20265]: # of matches found 12703 and it took: 70069.3ms
query [20266]: # of matches found 12627 and it took: 70855.7ms
query [20267]: # of matches found 12697 and it took: 70973ms
query [20268]: # of matches found 12847 and it took: 70503.4ms
query [20269]: # of matches found 12923 and it took: 69654.5ms
query [20270]: # of matches found 13014 and it took: 70010.9ms
query [20271]: # of matches found 13122 and it took: 70039.4ms
query [20272]: # of matches found 13016 and it took: 69605ms
query [20273]: # of matches found 13017 and it took: 69412.3ms
query [20274]: # of matches found 13160 and it took: 69633.4ms
query [20275]: # of matches found 13152 and it took: 69385.7ms
query [20276]: # of matches found 13168 and it took: 69530.8ms
query [20277]: # of matches found 13062 and it took: 69495.4ms
query [20278]: # of matches found 13188 and it took: 69797.1ms
query [20279]: # of matches found 13525 and it took: 69036.8ms
query [20280]: # of matches found 13555 and it took: 69485.8ms
query [20281]: # of matches found 13494 and it took: 69665.5ms
query [20282]: # of matches found 13572 and it took: 69306.1ms
query [20283]: # of matches found 13397 and it took: 69224.9ms
query [20284]: # of matches found 13459 and it took: 69261.8ms
query [20285]: # of matches found 13392 and it took: 69010.7ms
query [20286]: # of matches found 13370 and it took: 69389.5ms
query [20287]: # of matches found 13387 and it took: 68820.6ms
query [20288]: # of matches found 13371 and it took: 69241.5ms
query [20289]: # of matches found 13349 and it took: 68667ms
query [20290]: # of matches found 13307 and it took: 68833.1ms
query [20291]: # of matches found 13334 and it took: 68911.2ms
query [20292]: # of matches found 13303 and it took: 68982.4ms
query [20293]: # of matches found 13344 and it took: 69023.6ms
query [20294]: # of matches found 11427 and it took: 68863.5ms
query [20295]: # of matches found 11215 and it took: 68449.5ms
query [20296]: # of matches found 11118 and it took: 68790.7ms
query [20297]: # of matches found 11152 and it took: 68647.1ms
query [20298]: # of matches found 11167 and it took: 69143.2ms
query [20299]: # of matches found 11157 and it took: 68720.1ms
query [20300]: # of matches found 11211 and it took: 68540.3ms
query [20301]: # of matches found 11228 and it took: 68421.5ms
query [20302]: # of matches found 11207 and it took: 68412.4ms
query [20303]: # of matches found 11254 and it took: 68344ms
query [20304]: # of matches found 11279 and it took: 68216ms
query [20305]: # of matches found 11366 and it took: 67575.7ms
query [20306]: # of matches found 11590 and it took: 68226.9ms
query [20307]: # of matches found 11682 and it took: 67606.1ms
query [20308]: # of matches found 11890 and it took: 67848.5ms
query [20309]: # of matches found 11904 and it took: 67353.4ms
query [20310]: # of matches found 11994 and it took: 67356.5ms
query [20311]: # of matches found 11994 and it took: 67414.6ms
query [20312]: # of matches found 11986 and it took: 67446.3ms
query [20313]: # of matches found 11941 and it took: 67298.7ms
query [20314]: # of matches found 11999 and it took: 66960.4ms
query [20315]: # of matches found 11981 and it took: 66845.6ms
query [20316]: # of matches found 12027 and it took: 67024ms
query [20317]: # of matches found 12033 and it took: 66808.4ms
query [20318]: # of matches found 12035 and it took: 67284.1ms
query [20319]: # of matches found 12027 and it took: 66908ms
query [20320]: # of matches found 12160 and it took: 66834.8ms
query [20321]: # of matches found 12187 and it took: 66926.7ms
query [20322]: # of matches found 12405 and it took: 66779.9ms
query [20323]: # of matches found 12422 and it took: 66823.5ms
query [20324]: # of matches found 11767 and it took: 66696.1ms
query [20325]: # of matches found 11775 and it took: 66600.3ms
query [20326]: # of matches found 11750 and it took: 66684.1ms
query [20327]: # of matches found 13152 and it took: 66737ms
query [20328]: # of matches found 13179 and it took: 67038.8ms
query [20329]: # of matches found 13189 and it took: 66987.9ms
query [20330]: # of matches found 13246 and it took: 66903.6ms
query [20331]: # of matches found 13947 and it took: 67055.5ms
query [20332]: # of matches found 14066 and it took: 66910.9ms
query [20333]: # of matches found 14098 and it took: 66856.9ms
query [20334]: # of matches found 14109 and it took: 66931.7ms
query [20335]: # of matches found 14069 and it took: 66659.2ms
query [20336]: # of matches found 14134 and it took: 67111.2ms
query [20337]: # of matches found 14143 and it took: 66878.6ms
query [20338]: # of matches found 14137 and it took: 67353.7ms
query [20339]: # of matches found 14204 and it took: 67736.8ms
query [20340]: # of matches found 14203 and it took: 67327.4ms
query [20341]: # of matches found 14247 and it took: 67232.1ms
query [20342]: # of matches found 14280 and it took: 67144.6ms
query [20343]: # of matches found 14283 and it took: 67102.8ms
query [20344]: # of matches found 14306 and it took: 66961.2ms
query [20345]: # of matches found 14336 and it took: 66920.7ms
query [20346]: # of matches found 14351 and it took: 67217ms
query [20347]: # of matches found 14308 and it took: 67077.9ms
query [20348]: # of matches found 14520 and it took: 67122.3ms
query [20349]: # of matches found 14537 and it took: 67117.5ms
query [20350]: # of matches found 14721 and it took: 66841ms
query [20351]: # of matches found 14749 and it took: 66968.9ms
query [20352]: # of matches found 14811 and it took: 67122.2ms
query [20353]: # of matches found 14826 and it took: 66696.8ms
query [20354]: # of matches found 14854 and it took: 66921.2ms
query [20355]: # of matches found 14930 and it took: 66560.2ms
query [20356]: # of matches found 14988 and it took: 66714.3ms
query [20357]: # of matches found 15014 and it took: 66518.2ms
query [20358]: # of matches found 15010 and it took: 66413ms
query [20359]: # of matches found 15089 and it took: 66400ms
query [20360]: # of matches found 15126 and it took: 66396ms
query [20361]: # of matches found 15146 and it took: 66239.7ms
query [20362]: # of matches found 15272 and it took: 66384ms
query [20363]: # of matches found 15206 and it took: 65908.7ms
query [20364]: # of matches found 15270 and it took: 65540.6ms
query [20365]: # of matches found 15158 and it took: 65241.4ms
query [20366]: # of matches found 15108 and it took: 66225.4ms
query [20367]: # of matches found 15062 and it took: 65847.2ms
query [20368]: # of matches found 14994 and it took: 65761.7ms
query [20369]: # of matches found 14942 and it took: 65570.8ms
query [20370]: # of matches found 14865 and it took: 65694.6ms
query [20371]: # of matches found 14794 and it took: 65496.9ms
query [20372]: # of matches found 14611 and it took: 65843ms
query [20373]: # of matches found 14489 and it took: 65759.8ms
query [20374]: # of matches found 14370 and it took: 65647.8ms
query [20375]: # of matches found 14328 and it took: 65694.6ms
query [20376]: # of matches found 14167 and it took: 66316.5ms
query [20377]: # of matches found 14111 and it took: 66478.4ms
query [20378]: # of matches found 14121 and it took: 66555.4ms
query [20379]: # of matches found 14093 and it took: 66730.5ms
query [20380]: # of matches found 14071 and it took: 66574.6ms
query [20381]: # of matches found 14088 and it took: 66531.6ms
query [20382]: # of matches found 14227 and it took: 66629.6ms
query [20383]: # of matches found 14200 and it took: 66489.9ms
query [20384]: # of matches found 14308 and it took: 66291.8ms
query [20385]: # of matches found 14434 and it took: 65970.8ms
query [20386]: # of matches found 14514 and it took: 66377.5ms
query [20387]: # of matches found 14596 and it took: 66170.4ms
query [20388]: # of matches found 14762 and it took: 66502ms
query [20389]: # of matches found 14825 and it took: 66550ms
query [20390]: # of matches found 14954 and it took: 66294.7ms
query [20391]: # of matches found 14954 and it took: 66706.3ms
query [20392]: # of matches found 14962 and it took: 66483.3ms
query [20393]: # of matches found 14907 and it took: 66950.7ms
query [20394]: # of matches found 14950 and it took: 66362ms
query [20395]: # of matches found 15066 and it took: 66106ms
query [20396]: # of matches found 15047 and it took: 66511ms
query [20397]: # of matches found 14963 and it took: 66319.8ms
query [20398]: # of matches found 15181 and it took: 66401.6ms
query [20399]: # of matches found 15114 and it took: 66649.7ms
query [20400]: # of matches found 15048 and it took: 66307.3ms
query [20401]: # of matches found 15159 and it took: 66396.7ms
query [20402]: # of matches found 15209 and it took: 66462ms
query [20403]: # of matches found 15202 and it took: 66440.8ms
query [20404]: # of matches found 15015 and it took: 66042.1ms
query [20405]: # of matches found 14941 and it took: 66138.9ms
query [20406]: # of matches found 14902 and it took: 66613.3ms
query [20407]: # of matches found 14820 and it took: 66474.7ms
query [20408]: # of matches found 14643 and it took: 66733.1ms
query [20409]: # of matches found 14552 and it took: 67465.8ms
query [20410]: # of matches found 14448 and it took: 66884.4ms
query [20411]: # of matches found 14339 and it took: 67195.5ms
query [20412]: # of matches found 14476 and it took: 67236.4ms
query [20413]: # of matches found 14438 and it took: 67402.4ms
query [20414]: # of matches found 14382 and it took: 67135.4ms
query [20415]: # of matches found 14407 and it took: 67655.1ms
query [20416]: # of matches found 14344 and it took: 67624.5ms
query [20417]: # of matches found 15618 and it took: 67595.4ms
query [20418]: # of matches found 15967 and it took: 67839.3ms
query [20419]: # of matches found 15491 and it took: 67956.6ms
query [20420]: # of matches found 15410 and it took: 68269ms
query [20421]: # of matches found 15372 and it took: 68280.3ms
query [20422]: # of matches found 15334 and it took: 68626.1ms
query [20423]: # of matches found 15309 and it took: 69027.7ms
query [20424]: # of matches found 15284 and it took: 68565.7ms
query [20425]: # of matches found 15231 and it took: 68945.5ms
query [20426]: # of matches found 15227 and it took: 68916.1ms
query [20427]: # of matches found 15216 and it took: 68984.2ms
query [20428]: # of matches found 15244 and it took: 69232.7ms
query [20429]: # of matches found 15296 and it took: 69383.4ms
query [20430]: # of matches found 15245 and it took: 69229.7ms
query [20431]: # of matches found 15252 and it took: 69608ms
query [20432]: # of matches found 15200 and it took: 69455.5ms
query [20433]: # of matches found 15160 and it took: 69785ms
query [20434]: # of matches found 14641 and it took: 68902ms
query [20435]: # of matches found 14700 and it took: 68958.8ms
query [20436]: # of matches found 14717 and it took: 68993.6ms
query [20437]: # of matches found 14738 and it took: 68933.2ms
query [20438]: # of matches found 14884 and it took: 69173.6ms
query [20439]: # of matches found 15189 and it took: 69333.6ms
query [20440]: # of matches found 15246 and it took: 69229.3ms
query [20441]: # of matches found 15245 and it took: 69494ms
query [20442]: # of matches found 15261 and it took: 69095.7ms
query [20443]: # of matches found 15733 and it took: 69685ms
query [20444]: # of matches found 15749 and it took: 68883.8ms
query [20445]: # of matches found 15898 and it took: 69207.3ms
query [20446]: # of matches found 15777 and it took: 69295.6ms
query [20447]: # of matches found 15718 and it took: 68768.1ms
query [20448]: # of matches found 15648 and it took: 68788.8ms
query [20449]: # of matches found 15476 and it took: 68777.3ms
query [20450]: # of matches found 15396 and it took: 69307.3ms
query [20451]: # of matches found 15388 and it took: 69541ms
query [20452]: # of matches found 15518 and it took: 69568.5ms
query [20453]: # of matches found 15508 and it took: 69967.5ms
query [20454]: # of matches found 15487 and it took: 69763.7ms
query [20455]: # of matches found 15596 and it took: 70220.5ms
query [20456]: # of matches found 15584 and it took: 69994.2ms
query [20457]: # of matches found 16942 and it took: 70292.7ms
query [20458]: # of matches found 16999 and it took: 70346.6ms
query [20459]: # of matches found 17048 and it took: 70528ms
query [20460]: # of matches found 16990 and it took: 70867.6ms
query [20461]: # of matches found 16986 and it took: 71960.9ms
query [20462]: # of matches found 16858 and it took: 71214.4ms
query [20463]: # of matches found 16893 and it took: 72023.9ms
query [20464]: # of matches found 16866 and it took: 71768.8ms
query [20465]: # of matches found 16853 and it took: 71547.9ms
query [20466]: # of matches found 17012 and it took: 71929.6ms
query [20467]: # of matches found 15618 and it took: 72839.4ms
query [20468]: # of matches found 15605 and it took: 72721.1ms
query [20469]: # of matches found 15591 and it took: 72647.2ms
query [20470]: # of matches found 15283 and it took: 72887.3ms
query [20471]: # of matches found 14578 and it took: 73829.2ms
query [20472]: # of matches found 14452 and it took: 72958.6ms
query [20473]: # of matches found 14413 and it took: 73442.8ms
query [20474]: # of matches found 14373 and it took: 73600.5ms
query [20475]: # of matches found 14358 and it took: 73300.7ms
query [20476]: # of matches found 14300 and it took: 73205.6ms
query [20477]: # of matches found 14255 and it took: 73808.4ms
query [20478]: # of matches found 14227 and it took: 73894.8ms
