no kmerRangesFileAddressArg!
no otherToolArg!
**********************CONFIGURATIONS*****************************
PARMIK mode:                  3
readDatabaseAddress:          /p/lava/parmik/partialMatcherProject/datasets/metagenomicDB/SRR14381434/SRR14381434_reads
readFileName:                 SRR14381434_reads
queryFileAddress:             /p/lava/parmik/partialMatcherProject/datasets/queryFiles/covidQueryFiles/SarsGenome_chunks/SarsGenome_queries_8000-8999
queryFileName:                SarsGenome_queries_8000-8999
otherToolOutputFileAddress:   /u/rgq5aw/GIT/PARMIK/partialMatcherProject/tools/blast/SRR14381434/SarsGenome/blastn_ws30_results.out
outputDir:                    /p/lava/parmik/partialMatcherProject/tools/baseline_ssw/SRR14381434/SarsGenome
penaltyFileAddress:           /u/rgq5aw/GIT/PARMIK/experiments/parmik/CK_SSW_ID_PRCNTG/PenaltySets/2484_1111_2444_2288_2848
kmerRangesFileAddress:        
readsCount:                   17000000
queryCount:                   30000
kmerLength:                   11
regionSize:                   48
cheapKmerThreshold:           0
identityPercentage:           0.85
minExactMatchLen:             0
minNumExactMatchKmer:         0
isIndexOffline:               1
offlineIndexAddress:          /p/lava/parmik/partialMatcherProject/tools/parmik/CK_INDEX/SRR14381434/
max editDistance in min region: 2
**********************CONFIGURATIONS*****************************
--------------Penalties--------------
m: 2, s: 4, go: 8, ge: 4
m: 1, s: 1, go: 1, ge: 1
m: 2, s: 4, go: 4, ge: 4
m: 2, s: 2, go: 8, ge: 8
m: 2, s: 8, go: 4, ge: 8
------------------------------------
numberOfReadsWithN : 0
queryCount : 1000
numberOfReadsWithN : 0
readCount : 9488668
offlineCheapIndexAddress: /p/lava/parmik/partialMatcherProject/tools/parmik/CK_INDEX/SRR14381434/ck_T0_K11_r17000000
pmrkAlignmentsAddress: /p/lava/parmik/partialMatcherProject/tools/baseline_ssw/SRR14381434/SarsGenome/aln/pmAln_R48_PI85_L0_M0_E2_K11_T0_P_2484_1111_2444_2288_2848.txt
Starting alignment for all queries [fwd]...
queryBaseIndex: 8000
query [8000]: # of matches found 12806 and it took: 64545.8ms
query [8001]: # of matches found 12869 and it took: 64137.6ms
query [8002]: # of matches found 12887 and it took: 64568.8ms
query [8003]: # of matches found 13192 and it took: 65354.8ms
query [8004]: # of matches found 13920 and it took: 64683.3ms
query [8005]: # of matches found 13984 and it took: 65172.4ms
query [8006]: # of matches found 13976 and it took: 65312.7ms
query [8007]: # of matches found 14002 and it took: 65081.2ms
query [8008]: # of matches found 14021 and it took: 65128.3ms
query [8009]: # of matches found 13924 and it took: 64964.4ms
query [8010]: # of matches found 13929 and it took: 64763.1ms
query [8011]: # of matches found 13851 and it took: 64126.6ms
query [8012]: # of matches found 13837 and it took: 64806.7ms
query [8013]: # of matches found 13853 and it took: 65643ms
query [8014]: # of matches found 13753 and it took: 64999.3ms
query [8015]: # of matches found 13703 and it took: 65184ms
query [8016]: # of matches found 13707 and it took: 64922ms
query [8017]: # of matches found 14183 and it took: 65015.1ms
query [8018]: # of matches found 14358 and it took: 64616.9ms
query [8019]: # of matches found 14473 and it took: 64095.1ms
query [8020]: # of matches found 14513 and it took: 63906.3ms
query [8021]: # of matches found 14596 and it took: 63198.5ms
query [8022]: # of matches found 14657 and it took: 63644ms
query [8023]: # of matches found 16193 and it took: 64707.9ms
query [8024]: # of matches found 16206 and it took: 64222.5ms
query [8025]: # of matches found 16181 and it took: 64358.4ms
query [8026]: # of matches found 16490 and it took: 63332.2ms
query [8027]: # of matches found 16441 and it took: 63368.9ms
query [8028]: # of matches found 17148 and it took: 62997.5ms
query [8029]: # of matches found 17167 and it took: 62830.7ms
query [8030]: # of matches found 17280 and it took: 62494.7ms
query [8031]: # of matches found 17256 and it took: 61884.1ms
query [8032]: # of matches found 17305 and it took: 62548ms
query [8033]: # of matches found 17310 and it took: 62624.6ms
query [8034]: # of matches found 17310 and it took: 62565.3ms
query [8035]: # of matches found 17362 and it took: 62292.7ms
query [8036]: # of matches found 17522 and it took: 62021.2ms
query [8037]: # of matches found 17535 and it took: 62311.3ms
query [8038]: # of matches found 17659 and it took: 62067.4ms
query [8039]: # of matches found 17570 and it took: 61712.5ms
query [8040]: # of matches found 18214 and it took: 61877.2ms
query [8041]: # of matches found 18204 and it took: 61090.2ms
query [8042]: # of matches found 18246 and it took: 61827.5ms
query [8043]: # of matches found 18320 and it took: 62298.6ms
query [8044]: # of matches found 18171 and it took: 63051.9ms
query [8045]: # of matches found 18217 and it took: 62729ms
query [8046]: # of matches found 18240 and it took: 62459.5ms
query [8047]: # of matches found 18223 and it took: 62796.9ms
query [8048]: # of matches found 18257 and it took: 62763.5ms
query [8049]: # of matches found 18294 and it took: 62541.8ms
query [8050]: # of matches found 18299 and it took: 61823.2ms
query [8051]: # of matches found 18367 and it took: 61664.7ms
query [8052]: # of matches found 18610 and it took: 62804.3ms
query [8053]: # of matches found 18640 and it took: 63125.1ms
query [8054]: # of matches found 18720 and it took: 64393.4ms
query [8055]: # of matches found 18691 and it took: 63698.9ms
query [8056]: # of matches found 18821 and it took: 63076.4ms
query [8057]: # of matches found 18902 and it took: 63697ms
query [8058]: # of matches found 18874 and it took: 63294.1ms
query [8059]: # of matches found 18893 and it took: 62468.7ms
query [8060]: # of matches found 18691 and it took: 63022.3ms
query [8061]: # of matches found 19511 and it took: 62603.5ms
query [8062]: # of matches found 19629 and it took: 63304.2ms
query [8063]: # of matches found 19721 and it took: 63522.1ms
query [8064]: # of matches found 19730 and it took: 63431.1ms
query [8065]: # of matches found 19745 and it took: 63085.3ms
query [8066]: # of matches found 19960 and it took: 62610.6ms
query [8067]: # of matches found 19942 and it took: 63322.3ms
query [8068]: # of matches found 19956 and it took: 62915.5ms
query [8069]: # of matches found 20086 and it took: 62231ms
query [8070]: # of matches found 20136 and it took: 62985.1ms
query [8071]: # of matches found 20083 and it took: 62511.7ms
query [8072]: # of matches found 20076 and it took: 63481.8ms
query [8073]: # of matches found 20094 and it took: 64019.3ms
query [8074]: # of matches found 20139 and it took: 63857.5ms
query [8075]: # of matches found 20176 and it took: 63412.1ms
query [8076]: # of matches found 20184 and it took: 63042.9ms
query [8077]: # of matches found 20153 and it took: 63668.1ms
query [8078]: # of matches found 20132 and it took: 62682.3ms
query [8079]: # of matches found 20103 and it took: 62018.5ms
query [8080]: # of matches found 20129 and it took: 62578ms
query [8081]: # of matches found 20097 and it took: 61980ms
query [8082]: # of matches found 20078 and it took: 63549.5ms
query [8083]: # of matches found 19984 and it took: 62889.9ms
query [8084]: # of matches found 19951 and it took: 63174.8ms
query [8085]: # of matches found 19976 and it took: 62621.6ms
query [8086]: # of matches found 19946 and it took: 62406.8ms
query [8087]: # of matches found 19909 and it took: 62958ms
query [8088]: # of matches found 19904 and it took: 61866ms
query [8089]: # of matches found 19947 and it took: 61172.1ms
query [8090]: # of matches found 20091 and it took: 62163.1ms
query [8091]: # of matches found 20129 and it took: 61413.1ms
query [8092]: # of matches found 20255 and it took: 61930.5ms
query [8093]: # of matches found 20321 and it took: 61860.5ms
query [8094]: # of matches found 20420 and it took: 61250.2ms
query [8095]: # of matches found 20491 and it took: 60804ms
query [8096]: # of matches found 20453 and it took: 60273.9ms
query [8097]: # of matches found 20431 and it took: 60744.3ms
query [8098]: # of matches found 20419 and it took: 59457.2ms
query [8099]: # of matches found 20327 and it took: 58679.1ms
query [8100]: # of matches found 19952 and it took: 59694.7ms
query [8101]: # of matches found 19666 and it took: 58983.3ms
query [8102]: # of matches found 19646 and it took: 59683.9ms
query [8103]: # of matches found 19500 and it took: 59688.3ms
query [8104]: # of matches found 19278 and it took: 59987.1ms
query [8105]: # of matches found 19256 and it took: 59354.8ms
query [8106]: # of matches found 19288 and it took: 59139ms
query [8107]: # of matches found 19431 and it took: 59812.9ms
query [8108]: # of matches found 19414 and it took: 59119.7ms
query [8109]: # of matches found 18851 and it took: 58559.1ms
query [8110]: # of matches found 18849 and it took: 59765.5ms
query [8111]: # of matches found 18829 and it took: 59449.8ms
query [8112]: # of matches found 16914 and it took: 60724.1ms
query [8113]: # of matches found 16824 and it took: 60224ms
query [8114]: # of matches found 16731 and it took: 60181.5ms
query [8115]: # of matches found 16696 and it took: 60189.6ms
query [8116]: # of matches found 16644 and it took: 59728.7ms
query [8117]: # of matches found 16764 and it took: 60376.2ms
query [8118]: # of matches found 16810 and it took: 59919ms
query [8119]: # of matches found 16782 and it took: 59413.2ms
query [8120]: # of matches found 16677 and it took: 60644ms
query [8121]: # of matches found 16650 and it took: 60061.2ms
query [8122]: # of matches found 16654 and it took: 60512.6ms
query [8123]: # of matches found 16742 and it took: 60567.8ms
query [8124]: # of matches found 16833 and it took: 60418.3ms
query [8125]: # of matches found 16655 and it took: 60390.5ms
query [8126]: # of matches found 16421 and it took: 60623.4ms
query [8127]: # of matches found 16383 and it took: 60580.9ms
query [8128]: # of matches found 16370 and it took: 60337.6ms
query [8129]: # of matches found 16345 and it took: 60257.2ms
query [8130]: # of matches found 16365 and it took: 60709.4ms
query [8131]: # of matches found 16294 and it took: 60333.4ms
query [8132]: # of matches found 16262 and it took: 60639.2ms
query [8133]: # of matches found 16408 and it took: 60894.1ms
query [8134]: # of matches found 16365 and it took: 60584.9ms
query [8135]: # of matches found 16405 and it took: 61400.6ms
query [8136]: # of matches found 16415 and it took: 61293.3ms
query [8137]: # of matches found 16405 and it took: 61486ms
query [8138]: # of matches found 16416 and it took: 61430.3ms
query [8139]: # of matches found 16443 and it took: 61116.4ms
query [8140]: # of matches found 16540 and it took: 61421.7ms
query [8141]: # of matches found 16504 and it took: 61073.8ms
query [8142]: # of matches found 16476 and it took: 61706.5ms
query [8143]: # of matches found 16234 and it took: 61532.9ms
query [8144]: # of matches found 15571 and it took: 61261.7ms
query [8145]: # of matches found 15474 and it took: 61407.3ms
query [8146]: # of matches found 15430 and it took: 61471.1ms
query [8147]: # of matches found 15396 and it took: 61733ms
query [8148]: # of matches found 15423 and it took: 61688.1ms
query [8149]: # of matches found 15409 and it took: 61502.1ms
query [8150]: # of matches found 15414 and it took: 61682.1ms
query [8151]: # of matches found 15357 and it took: 61717ms
query [8152]: # of matches found 15347 and it took: 61773.4ms
query [8153]: # of matches found 15233 and it took: 61950ms
query [8154]: # of matches found 15246 and it took: 61489.6ms
query [8155]: # of matches found 15224 and it took: 61795.7ms
query [8156]: # of matches found 15187 and it took: 62236.1ms
query [8157]: # of matches found 14647 and it took: 61964.1ms
query [8158]: # of matches found 14485 and it took: 62061.3ms
query [8159]: # of matches found 14429 and it took: 62028.6ms
query [8160]: # of matches found 14461 and it took: 62387.1ms
query [8161]: # of matches found 14467 and it took: 61930.7ms
query [8162]: # of matches found 14395 and it took: 62074.3ms
query [8163]: # of matches found 12872 and it took: 61901.6ms
query [8164]: # of matches found 13162 and it took: 61894.1ms
query [8165]: # of matches found 14137 and it took: 62163.1ms
query [8166]: # of matches found 13870 and it took: 62022.5ms
query [8167]: # of matches found 14379 and it took: 61685.8ms
query [8168]: # of matches found 14748 and it took: 61672.1ms
query [8169]: # of matches found 15436 and it took: 61856.1ms
query [8170]: # of matches found 15291 and it took: 62065.1ms
query [8171]: # of matches found 15288 and it took: 61644.8ms
query [8172]: # of matches found 15282 and it took: 61564.4ms
query [8173]: # of matches found 15267 and it took: 61373.4ms
query [8174]: # of matches found 15277 and it took: 61085.4ms
query [8175]: # of matches found 15259 and it took: 60918ms
query [8176]: # of matches found 15118 and it took: 60965.4ms
query [8177]: # of matches found 15230 and it took: 60770.3ms
query [8178]: # of matches found 15146 and it took: 61026.5ms
query [8179]: # of matches found 15140 and it took: 60895.3ms
query [8180]: # of matches found 14482 and it took: 61067.4ms
query [8181]: # of matches found 14787 and it took: 60739.6ms
query [8182]: # of matches found 14910 and it took: 60903ms
query [8183]: # of matches found 14868 and it took: 61010ms
query [8184]: # of matches found 14776 and it took: 61072ms
query [8185]: # of matches found 14661 and it took: 61427.2ms
query [8186]: # of matches found 14769 and it took: 61269.8ms
query [8187]: # of matches found 14767 and it took: 60926.5ms
query [8188]: # of matches found 14805 and it took: 61152ms
query [8189]: # of matches found 14822 and it took: 61149ms
query [8190]: # of matches found 14788 and it took: 61413.6ms
query [8191]: # of matches found 14797 and it took: 61028.8ms
query [8192]: # of matches found 14728 and it took: 60932.5ms
query [8193]: # of matches found 14751 and it took: 61490.7ms
query [8194]: # of matches found 14819 and it took: 61098.2ms
query [8195]: # of matches found 15801 and it took: 61430.1ms
query [8196]: # of matches found 15795 and it took: 61299ms
query [8197]: # of matches found 15883 and it took: 60409.9ms
query [8198]: # of matches found 15763 and it took: 60915ms
query [8199]: # of matches found 15745 and it took: 60739.5ms
query [8200]: # of matches found 15710 and it took: 61600ms
query [8201]: # of matches found 15131 and it took: 60732.4ms
query [8202]: # of matches found 15130 and it took: 60549.6ms
query [8203]: # of matches found 14995 and it took: 61051.3ms
query [8204]: # of matches found 14966 and it took: 60920.8ms
query [8205]: # of matches found 14825 and it took: 61244.5ms
query [8206]: # of matches found 14644 and it took: 61047ms
query [8207]: # of matches found 14578 and it took: 60724.1ms
query [8208]: # of matches found 14595 and it took: 61352.4ms
query [8209]: # of matches found 14527 and it took: 60791ms
query [8210]: # of matches found 14491 and it took: 61242.6ms
query [8211]: # of matches found 14520 and it took: 61146.5ms
query [8212]: # of matches found 14461 and it took: 60820.3ms
query [8213]: # of matches found 14427 and it took: 61143.9ms
query [8214]: # of matches found 14352 and it took: 61201.1ms
query [8215]: # of matches found 14328 and it took: 61549.4ms
query [8216]: # of matches found 14416 and it took: 61184.2ms
query [8217]: # of matches found 14540 and it took: 60496.6ms
query [8218]: # of matches found 14621 and it took: 61316ms
query [8219]: # of matches found 14652 and it took: 61158.7ms
query [8220]: # of matches found 14765 and it took: 61562.2ms
query [8221]: # of matches found 14809 and it took: 61431.8ms
query [8222]: # of matches found 14980 and it took: 61348.5ms
query [8223]: # of matches found 15000 and it took: 61700ms
query [8224]: # of matches found 14960 and it took: 61509ms
query [8225]: # of matches found 14942 and it took: 62052.5ms
query [8226]: # of matches found 14862 and it took: 62070.1ms
query [8227]: # of matches found 14909 and it took: 61118.1ms
query [8228]: # of matches found 14915 and it took: 61997.9ms
query [8229]: # of matches found 14842 and it took: 61964.7ms
query [8230]: # of matches found 14725 and it took: 62025.6ms
query [8231]: # of matches found 14805 and it took: 61917.7ms
query [8232]: # of matches found 14899 and it took: 61491.8ms
query [8233]: # of matches found 14935 and it took: 61753.4ms
query [8234]: # of matches found 14871 and it took: 61190.9ms
query [8235]: # of matches found 14757 and it took: 61996.6ms
query [8236]: # of matches found 14782 and it took: 62058ms
query [8237]: # of matches found 14723 and it took: 61344.5ms
query [8238]: # of matches found 14686 and it took: 61996.9ms
query [8239]: # of matches found 14622 and it took: 61564.8ms
query [8240]: # of matches found 14608 and it took: 61792.8ms
query [8241]: # of matches found 14595 and it took: 61542.3ms
query [8242]: # of matches found 14634 and it took: 61062.2ms
query [8243]: # of matches found 14818 and it took: 61691.3ms
query [8244]: # of matches found 14875 and it took: 60964.8ms
query [8245]: # of matches found 14888 and it took: 61552.6ms
query [8246]: # of matches found 14903 and it took: 61463.5ms
query [8247]: # of matches found 14705 and it took: 61027.7ms
query [8248]: # of matches found 14826 and it took: 61222.4ms
query [8249]: # of matches found 14935 and it took: 60473ms
query [8250]: # of matches found 14929 and it took: 60603.6ms
query [8251]: # of matches found 15045 and it took: 60504ms
query [8252]: # of matches found 15173 and it took: 60081.5ms
query [8253]: # of matches found 15237 and it took: 60790.1ms
query [8254]: # of matches found 15211 and it took: 60422ms
query [8255]: # of matches found 15555 and it took: 60814.9ms
query [8256]: # of matches found 15640 and it took: 60745.2ms
query [8257]: # of matches found 15759 and it took: 60502.3ms
query [8258]: # of matches found 15755 and it took: 60518ms
query [8259]: # of matches found 15780 and it took: 60995.1ms
query [8260]: # of matches found 16099 and it took: 60155.8ms
query [8261]: # of matches found 16233 and it took: 60032.5ms
query [8262]: # of matches found 16262 and it took: 59710.7ms
query [8263]: # of matches found 16236 and it took: 60222.7ms
query [8264]: # of matches found 16178 and it took: 59582.7ms
query [8265]: # of matches found 16144 and it took: 59856.2ms
query [8266]: # of matches found 16150 and it took: 59679.2ms
query [8267]: # of matches found 16171 and it took: 59529.6ms
query [8268]: # of matches found 16136 and it took: 59535ms
query [8269]: # of matches found 16028 and it took: 59403ms
query [8270]: # of matches found 15987 and it took: 59320.2ms
query [8271]: # of matches found 15966 and it took: 59193.1ms
query [8272]: # of matches found 15969 and it took: 58803.6ms
query [8273]: # of matches found 15808 and it took: 59102.1ms
query [8274]: # of matches found 15783 and it took: 58438.1ms
query [8275]: # of matches found 15704 and it took: 58952.6ms
query [8276]: # of matches found 15661 and it took: 58717.2ms
query [8277]: # of matches found 15607 and it took: 58642.8ms
query [8278]: # of matches found 15690 and it took: 58501.3ms
query [8279]: # of matches found 15640 and it took: 58524.7ms
query [8280]: # of matches found 15654 and it took: 58811.1ms
query [8281]: # of matches found 15578 and it took: 58487ms
query [8282]: # of matches found 15676 and it took: 58217.2ms
query [8283]: # of matches found 15691 and it took: 58542.2ms
query [8284]: # of matches found 15668 and it took: 58333ms
query [8285]: # of matches found 15686 and it took: 58671.1ms
query [8286]: # of matches found 15667 and it took: 58552.2ms
query [8287]: # of matches found 15657 and it took: 58522.1ms
query [8288]: # of matches found 15598 and it took: 58451.8ms
query [8289]: # of matches found 15597 and it took: 59071ms
query [8290]: # of matches found 15512 and it took: 58523.3ms
query [8291]: # of matches found 15559 and it took: 58705.9ms
query [8292]: # of matches found 15520 and it took: 58562.3ms
query [8293]: # of matches found 15487 and it took: 59084.4ms
query [8294]: # of matches found 15527 and it took: 59063.1ms
query [8295]: # of matches found 15537 and it took: 59312.4ms
query [8296]: # of matches found 15536 and it took: 59606.7ms
query [8297]: # of matches found 15547 and it took: 59587.4ms
query [8298]: # of matches found 15531 and it took: 59595.5ms
query [8299]: # of matches found 15586 and it took: 59902.6ms
query [8300]: # of matches found 15548 and it took: 59551.1ms
query [8301]: # of matches found 16575 and it took: 60328.7ms
query [8302]: # of matches found 16570 and it took: 60318.1ms
query [8303]: # of matches found 17078 and it took: 60573.1ms
query [8304]: # of matches found 17125 and it took: 60506.6ms
query [8305]: # of matches found 15823 and it took: 60858.6ms
query [8306]: # of matches found 15811 and it took: 61231.9ms
query [8307]: # of matches found 15391 and it took: 61109.1ms
query [8308]: # of matches found 14216 and it took: 60918.7ms
query [8309]: # of matches found 13712 and it took: 60823.8ms
query [8310]: # of matches found 13694 and it took: 60776.6ms
query [8311]: # of matches found 13499 and it took: 61127.2ms
query [8312]: # of matches found 13464 and it took: 60742.9ms
query [8313]: # of matches found 13450 and it took: 60668.6ms
query [8314]: # of matches found 13484 and it took: 60796.6ms
query [8315]: # of matches found 13456 and it took: 61053.5ms
query [8316]: # of matches found 13426 and it took: 61266.2ms
query [8317]: # of matches found 13399 and it took: 60948ms
query [8318]: # of matches found 13453 and it took: 60920.9ms
query [8319]: # of matches found 13440 and it took: 61460.5ms
query [8320]: # of matches found 13411 and it took: 60779.8ms
query [8321]: # of matches found 13341 and it took: 61220.3ms
query [8322]: # of matches found 13043 and it took: 60898.4ms
query [8323]: # of matches found 13008 and it took: 60610.7ms
query [8324]: # of matches found 13050 and it took: 60728.9ms
query [8325]: # of matches found 13063 and it took: 61371.9ms
query [8326]: # of matches found 12969 and it took: 60909.4ms
query [8327]: # of matches found 12940 and it took: 60960.1ms
query [8328]: # of matches found 12874 and it took: 60710.8ms
query [8329]: # of matches found 12849 and it took: 60931.3ms
query [8330]: # of matches found 12861 and it took: 60701.9ms
query [8331]: # of matches found 12856 and it took: 60682.5ms
query [8332]: # of matches found 12696 and it took: 60644.2ms
query [8333]: # of matches found 12789 and it took: 60707.9ms
query [8334]: # of matches found 12593 and it took: 60975.9ms
query [8335]: # of matches found 11601 and it took: 60880.7ms
query [8336]: # of matches found 11614 and it took: 60963.1ms
query [8337]: # of matches found 11494 and it took: 60943.6ms
query [8338]: # of matches found 11575 and it took: 60774.5ms
query [8339]: # of matches found 11633 and it took: 60808.1ms
query [8340]: # of matches found 11638 and it took: 60692.5ms
query [8341]: # of matches found 11383 and it took: 60927.5ms
query [8342]: # of matches found 12514 and it took: 60850.9ms
query [8343]: # of matches found 12552 and it took: 60521.1ms
query [8344]: # of matches found 12605 and it took: 59994.2ms
query [8345]: # of matches found 12599 and it took: 59922.1ms
query [8346]: # of matches found 12602 and it took: 60046.8ms
query [8347]: # of matches found 12640 and it took: 59874.6ms
query [8348]: # of matches found 12655 and it took: 59716.3ms
query [8349]: # of matches found 12579 and it took: 60190.5ms
query [8350]: # of matches found 12576 and it took: 59521.2ms
query [8351]: # of matches found 12543 and it took: 59575.4ms
query [8352]: # of matches found 12510 and it took: 59507.6ms
query [8353]: # of matches found 12712 and it took: 59270.8ms
query [8354]: # of matches found 12641 and it took: 59743.1ms
query [8355]: # of matches found 12646 and it took: 59416.5ms
query [8356]: # of matches found 12575 and it took: 59541.3ms
query [8357]: # of matches found 12578 and it took: 59480.8ms
query [8358]: # of matches found 12573 and it took: 59372.8ms
query [8359]: # of matches found 12638 and it took: 59274.7ms
query [8360]: # of matches found 12566 and it took: 59076ms
query [8361]: # of matches found 12546 and it took: 58997ms
query [8362]: # of matches found 12517 and it took: 59097.4ms
query [8363]: # of matches found 12495 and it took: 58935.1ms
query [8364]: # of matches found 12699 and it took: 58695.7ms
query [8365]: # of matches found 12675 and it took: 58348.1ms
query [8366]: # of matches found 12680 and it took: 58567.6ms
query [8367]: # of matches found 12649 and it took: 58429.1ms
query [8368]: # of matches found 12628 and it took: 58253.7ms
query [8369]: # of matches found 12620 and it took: 58366.2ms
query [8370]: # of matches found 12583 and it took: 58426.5ms
query [8371]: # of matches found 12504 and it took: 58431.9ms
query [8372]: # of matches found 12284 and it took: 58238.9ms
query [8373]: # of matches found 12196 and it took: 58157.8ms
query [8374]: # of matches found 12168 and it took: 58374.9ms
query [8375]: # of matches found 12197 and it took: 58296.3ms
query [8376]: # of matches found 12122 and it took: 58479.4ms
query [8377]: # of matches found 12130 and it took: 58338.5ms
query [8378]: # of matches found 12154 and it took: 57958.5ms
query [8379]: # of matches found 12152 and it took: 58591.1ms
query [8380]: # of matches found 12151 and it took: 58441ms
query [8381]: # of matches found 12162 and it took: 58393.5ms
query [8382]: # of matches found 12178 and it took: 58084.1ms
query [8383]: # of matches found 11938 and it took: 57727.2ms
query [8384]: # of matches found 11929 and it took: 57933.8ms
query [8385]: # of matches found 11982 and it took: 57557.3ms
query [8386]: # of matches found 11947 and it took: 57782.8ms
query [8387]: # of matches found 11923 and it took: 57665.3ms
query [8388]: # of matches found 11790 and it took: 57435.4ms
query [8389]: # of matches found 11748 and it took: 57228.8ms
query [8390]: # of matches found 11746 and it took: 57908ms
query [8391]: # of matches found 11687 and it took: 57584.8ms
query [8392]: # of matches found 11557 and it took: 57297.3ms
query [8393]: # of matches found 11441 and it took: 57288.1ms
query [8394]: # of matches found 11408 and it took: 57521.2ms
query [8395]: # of matches found 11035 and it took: 57083.8ms
query [8396]: # of matches found 10971 and it took: 57395.9ms
query [8397]: # of matches found 10824 and it took: 57398ms
query [8398]: # of matches found 10792 and it took: 57077.2ms
query [8399]: # of matches found 10846 and it took: 57137.8ms
query [8400]: # of matches found 10576 and it took: 58191.7ms
query [8401]: # of matches found 10520 and it took: 57875.7ms
query [8402]: # of matches found 10631 and it took: 58051.7ms
query [8403]: # of matches found 10653 and it took: 57928ms
query [8404]: # of matches found 10635 and it took: 58069.7ms
query [8405]: # of matches found 10669 and it took: 57547.3ms
query [8406]: # of matches found 10739 and it took: 57555.3ms
query [8407]: # of matches found 12501 and it took: 57135.7ms
query [8408]: # of matches found 12771 and it took: 56992.6ms
query [8409]: # of matches found 12802 and it took: 57170.6ms
query [8410]: # of matches found 12815 and it took: 57452.8ms
query [8411]: # of matches found 12886 and it took: 57481.5ms
query [8412]: # of matches found 13131 and it took: 57176.3ms
query [8413]: # of matches found 13160 and it took: 57054.1ms
query [8414]: # of matches found 13167 and it took: 57253.2ms
query [8415]: # of matches found 13149 and it took: 56711.8ms
query [8416]: # of matches found 13144 and it took: 56798.4ms
query [8417]: # of matches found 13152 and it took: 56968ms
query [8418]: # of matches found 13034 and it took: 56466.6ms
query [8419]: # of matches found 13043 and it took: 56417.2ms
query [8420]: # of matches found 13039 and it took: 57209.7ms
query [8421]: # of matches found 13036 and it took: 56643.5ms
query [8422]: # of matches found 12957 and it took: 56671.5ms
query [8423]: # of matches found 12925 and it took: 56595.3ms
query [8424]: # of matches found 12903 and it took: 56652.6ms
query [8425]: # of matches found 12881 and it took: 56238ms
query [8426]: # of matches found 12865 and it took: 56114.7ms
query [8427]: # of matches found 12839 and it took: 56327.8ms
query [8428]: # of matches found 12882 and it took: 56066ms
query [8429]: # of matches found 12940 and it took: 56185.1ms
query [8430]: # of matches found 13039 and it took: 56754.5ms
query [8431]: # of matches found 13062 and it took: 56550.5ms
query [8432]: # of matches found 13111 and it took: 56685.5ms
query [8433]: # of matches found 13140 and it took: 56434.4ms
query [8434]: # of matches found 13170 and it took: 56314.3ms
query [8435]: # of matches found 13196 and it took: 56105.1ms
query [8436]: # of matches found 13203 and it took: 56025ms
query [8437]: # of matches found 13256 and it took: 55993.9ms
query [8438]: # of matches found 13287 and it took: 55657.3ms
query [8439]: # of matches found 13212 and it took: 55602.7ms
query [8440]: # of matches found 13143 and it took: 56089.2ms
query [8441]: # of matches found 12014 and it took: 55835.3ms
query [8442]: # of matches found 11989 and it took: 56220.8ms
query [8443]: # of matches found 11916 and it took: 56211.7ms
query [8444]: # of matches found 11372 and it took: 56152.2ms
query [8445]: # of matches found 11275 and it took: 55747.6ms
query [8446]: # of matches found 11259 and it took: 55710.9ms
query [8447]: # of matches found 11310 and it took: 55635ms
query [8448]: # of matches found 11271 and it took: 55752.4ms
query [8449]: # of matches found 11191 and it took: 55763.5ms
query [8450]: # of matches found 11982 and it took: 56334.3ms
query [8451]: # of matches found 12015 and it took: 55879.8ms
query [8452]: # of matches found 11999 and it took: 55958.8ms
query [8453]: # of matches found 11983 and it took: 55872.9ms
query [8454]: # of matches found 11964 and it took: 56146ms
query [8455]: # of matches found 11980 and it took: 55805.8ms
query [8456]: # of matches found 11997 and it took: 55906.9ms
query [8457]: # of matches found 11952 and it took: 56063.7ms
query [8458]: # of matches found 11886 and it took: 55743.4ms
query [8459]: # of matches found 11918 and it took: 56139.5ms
query [8460]: # of matches found 12065 and it took: 56284.5ms
query [8461]: # of matches found 12701 and it took: 55871.6ms
query [8462]: # of matches found 12830 and it took: 56158.4ms
query [8463]: # of matches found 13271 and it took: 56332.4ms
query [8464]: # of matches found 13416 and it took: 56779.7ms
query [8465]: # of matches found 13628 and it took: 56193.9ms
query [8466]: # of matches found 13711 and it took: 56243.4ms
query [8467]: # of matches found 13861 and it took: 56389.3ms
query [8468]: # of matches found 13885 and it took: 55897.5ms
query [8469]: # of matches found 13910 and it took: 56303.5ms
query [8470]: # of matches found 13919 and it took: 56552ms
query [8471]: # of matches found 13874 and it took: 56493.7ms
query [8472]: # of matches found 13872 and it took: 56399.9ms
query [8473]: # of matches found 13855 and it took: 56283.8ms
query [8474]: # of matches found 13680 and it took: 56465.2ms
query [8475]: # of matches found 13687 and it took: 56341.6ms
query [8476]: # of matches found 13670 and it took: 55940.2ms
query [8477]: # of matches found 13583 and it took: 55961.5ms
query [8478]: # of matches found 13530 and it took: 56229.1ms
query [8479]: # of matches found 13487 and it took: 56200.2ms
query [8480]: # of matches found 13530 and it took: 56449ms
query [8481]: # of matches found 13603 and it took: 56391.4ms
query [8482]: # of matches found 12519 and it took: 56441.6ms
query [8483]: # of matches found 12528 and it took: 56430.4ms
query [8484]: # of matches found 12535 and it took: 56325.2ms
query [8485]: # of matches found 12558 and it took: 56304.6ms
query [8486]: # of matches found 12563 and it took: 56387.5ms
query [8487]: # of matches found 12593 and it took: 56450.7ms
query [8488]: # of matches found 12639 and it took: 57139.6ms
query [8489]: # of matches found 12659 and it took: 57425.7ms
query [8490]: # of matches found 12689 and it took: 57679.4ms
query [8491]: # of matches found 12761 and it took: 57782.8ms
query [8492]: # of matches found 12872 and it took: 57852.6ms
query [8493]: # of matches found 12761 and it took: 57531.2ms
query [8494]: # of matches found 12804 and it took: 57586.4ms
query [8495]: # of matches found 13484 and it took: 57486.1ms
query [8496]: # of matches found 13520 and it took: 57539.5ms
query [8497]: # of matches found 13450 and it took: 58144ms
query [8498]: # of matches found 13297 and it took: 58875ms
query [8499]: # of matches found 13273 and it took: 59079.7ms
query [8500]: # of matches found 13222 and it took: 59300.1ms
query [8501]: # of matches found 13209 and it took: 59652.6ms
query [8502]: # of matches found 13153 and it took: 59648.7ms
query [8503]: # of matches found 13101 and it took: 59303.5ms
query [8504]: # of matches found 12871 and it took: 59572.1ms
query [8505]: # of matches found 13027 and it took: 59613.8ms
query [8506]: # of matches found 13055 and it took: 59832.5ms
query [8507]: # of matches found 13083 and it took: 59398.7ms
query [8508]: # of matches found 13173 and it took: 59459.7ms
query [8509]: # of matches found 13267 and it took: 59678.7ms
query [8510]: # of matches found 13258 and it took: 60007.4ms
query [8511]: # of matches found 13317 and it took: 60288ms
query [8512]: # of matches found 13369 and it took: 60228.5ms
query [8513]: # of matches found 13562 and it took: 59472.6ms
query [8514]: # of matches found 13608 and it took: 59838.9ms
query [8515]: # of matches found 13648 and it took: 59828.5ms
query [8516]: # of matches found 13605 and it took: 59338.4ms
query [8517]: # of matches found 13626 and it took: 59823.5ms
query [8518]: # of matches found 14375 and it took: 59917.3ms
query [8519]: # of matches found 14416 and it took: 60074.9ms
query [8520]: # of matches found 14553 and it took: 60435.3ms
query [8521]: # of matches found 14754 and it took: 60463.6ms
query [8522]: # of matches found 14800 and it took: 60639ms
query [8523]: # of matches found 14820 and it took: 60113.5ms
query [8524]: # of matches found 14847 and it took: 60189.7ms
query [8525]: # of matches found 14864 and it took: 60657.1ms
query [8526]: # of matches found 14929 and it took: 59769.4ms
query [8527]: # of matches found 15928 and it took: 60272.7ms
query [8528]: # of matches found 15909 and it took: 60314.6ms
query [8529]: # of matches found 16190 and it took: 60907.5ms
query [8530]: # of matches found 16253 and it took: 61033.4ms
query [8531]: # of matches found 16334 and it took: 61082.1ms
query [8532]: # of matches found 16303 and it took: 60928.8ms
query [8533]: # of matches found 16509 and it took: 60302.4ms
query [8534]: # of matches found 16896 and it took: 59701ms
query [8535]: # of matches found 17021 and it took: 59979.7ms
query [8536]: # of matches found 17007 and it took: 59934ms
query [8537]: # of matches found 17030 and it took: 59522ms
query [8538]: # of matches found 17021 and it took: 59569.4ms
query [8539]: # of matches found 17198 and it took: 60042ms
query [8540]: # of matches found 17150 and it took: 60496.3ms
query [8541]: # of matches found 17168 and it took: 60243.7ms
query [8542]: # of matches found 17226 and it took: 59964.2ms
query [8543]: # of matches found 17271 and it took: 59758.1ms
query [8544]: # of matches found 17280 and it took: 59990.5ms
query [8545]: # of matches found 17248 and it took: 59916.3ms
query [8546]: # of matches found 17216 and it took: 59389.3ms
query [8547]: # of matches found 15585 and it took: 59795.4ms
query [8548]: # of matches found 15417 and it took: 59233.4ms
query [8549]: # of matches found 15441 and it took: 59774ms
query [8550]: # of matches found 15434 and it took: 59770.6ms
query [8551]: # of matches found 15393 and it took: 59553.3ms
query [8552]: # of matches found 15170 and it took: 59641.9ms
query [8553]: # of matches found 15150 and it took: 59124.7ms
query [8554]: # of matches found 15233 and it took: 59215.1ms
query [8555]: # of matches found 15236 and it took: 59615.9ms
query [8556]: # of matches found 15257 and it took: 58936.7ms
query [8557]: # of matches found 15247 and it took: 59421.4ms
query [8558]: # of matches found 15392 and it took: 58839.8ms
query [8559]: # of matches found 15416 and it took: 59304.6ms
query [8560]: # of matches found 15427 and it took: 59281.4ms
query [8561]: # of matches found 15459 and it took: 59083ms
query [8562]: # of matches found 15467 and it took: 58894.9ms
query [8563]: # of matches found 15525 and it took: 58505.1ms
query [8564]: # of matches found 15531 and it took: 58550.3ms
query [8565]: # of matches found 15554 and it took: 58621.5ms
query [8566]: # of matches found 15533 and it took: 58514.8ms
query [8567]: # of matches found 15533 and it took: 58830.5ms
query [8568]: # of matches found 15489 and it took: 58587.8ms
query [8569]: # of matches found 15478 and it took: 58824.3ms
query [8570]: # of matches found 15507 and it took: 59464.9ms
query [8571]: # of matches found 15567 and it took: 59270.6ms
query [8572]: # of matches found 15650 and it took: 59236.4ms
query [8573]: # of matches found 15862 and it took: 59134.7ms
query [8574]: # of matches found 16278 and it took: 59013.7ms
query [8575]: # of matches found 16793 and it took: 59581.2ms
query [8576]: # of matches found 16789 and it took: 59377.2ms
query [8577]: # of matches found 16828 and it took: 59500.1ms
query [8578]: # of matches found 16853 and it took: 59530.5ms
query [8579]: # of matches found 16882 and it took: 59464.5ms
query [8580]: # of matches found 16876 and it took: 59745.9ms
query [8581]: # of matches found 16908 and it took: 59479.6ms
query [8582]: # of matches found 16904 and it took: 59492.9ms
query [8583]: # of matches found 16992 and it took: 59231.1ms
query [8584]: # of matches found 17265 and it took: 59285.3ms
query [8585]: # of matches found 18259 and it took: 59650.2ms
query [8586]: # of matches found 18894 and it took: 58846.4ms
query [8587]: # of matches found 19021 and it took: 59186.3ms
query [8588]: # of matches found 18983 and it took: 59205.4ms
query [8589]: # of matches found 19100 and it took: 59108.3ms
query [8590]: # of matches found 18823 and it took: 59509.4ms
query [8591]: # of matches found 19081 and it took: 59189.7ms
query [8592]: # of matches found 19349 and it took: 59056.2ms
query [8593]: # of matches found 19540 and it took: 58860ms
query [8594]: # of matches found 19559 and it took: 58645.9ms
query [8595]: # of matches found 19580 and it took: 59213.5ms
query [8596]: # of matches found 19544 and it took: 58730.5ms
query [8597]: # of matches found 19552 and it took: 59004.6ms
query [8598]: # of matches found 19593 and it took: 59348.7ms
query [8599]: # of matches found 19724 and it took: 59175.9ms
query [8600]: # of matches found 19596 and it took: 59419.3ms
query [8601]: # of matches found 19067 and it took: 59082.7ms
query [8602]: # of matches found 18857 and it took: 59082.6ms
query [8603]: # of matches found 18390 and it took: 59288.8ms
query [8604]: # of matches found 18224 and it took: 58996.4ms
query [8605]: # of matches found 18117 and it took: 59412.6ms
query [8606]: # of matches found 17884 and it took: 58777.2ms
query [8607]: # of matches found 17687 and it took: 59104.2ms
query [8608]: # of matches found 17675 and it took: 59386.6ms
query [8609]: # of matches found 17677 and it took: 59317.5ms
query [8610]: # of matches found 17928 and it took: 59564.4ms
query [8611]: # of matches found 17996 and it took: 59163.8ms
query [8612]: # of matches found 18099 and it took: 59444.3ms
query [8613]: # of matches found 18260 and it took: 59501.7ms
query [8614]: # of matches found 18282 and it took: 59186ms
query [8615]: # of matches found 18263 and it took: 59411.6ms
query [8616]: # of matches found 18277 and it took: 59166.8ms
query [8617]: # of matches found 18285 and it took: 59210.2ms
query [8618]: # of matches found 18319 and it took: 59539.5ms
query [8619]: # of matches found 18351 and it took: 59676.6ms
query [8620]: # of matches found 18291 and it took: 59988.8ms
query [8621]: # of matches found 18229 and it took: 59288.8ms
query [8622]: # of matches found 18194 and it took: 59522.3ms
query [8623]: # of matches found 18240 and it took: 59506.3ms
query [8624]: # of matches found 18208 and it took: 59180.8ms
query [8625]: # of matches found 18201 and it took: 59420.8ms
query [8626]: # of matches found 18216 and it took: 59409.6ms
query [8627]: # of matches found 18209 and it took: 59371.6ms
query [8628]: # of matches found 18641 and it took: 59463.9ms
query [8629]: # of matches found 18640 and it took: 59192.2ms
query [8630]: # of matches found 18647 and it took: 59475ms
query [8631]: # of matches found 18584 and it took: 58883.2ms
query [8632]: # of matches found 18542 and it took: 59269.6ms
query [8633]: # of matches found 18486 and it took: 59328.1ms
query [8634]: # of matches found 18497 and it took: 59286.9ms
query [8635]: # of matches found 19315 and it took: 59417.8ms
query [8636]: # of matches found 19124 and it took: 59200.3ms
query [8637]: # of matches found 19683 and it took: 59044.7ms
query [8638]: # of matches found 19729 and it took: 59481.9ms
query [8639]: # of matches found 19823 and it took: 59110.6ms
query [8640]: # of matches found 19813 and it took: 59396.7ms
query [8641]: # of matches found 19811 and it took: 58837ms
query [8642]: # of matches found 19810 and it took: 59255.1ms
query [8643]: # of matches found 19952 and it took: 59184.8ms
query [8644]: # of matches found 19949 and it took: 59121.7ms
query [8645]: # of matches found 22257 and it took: 59614.8ms
query [8646]: # of matches found 22231 and it took: 59324.8ms
query [8647]: # of matches found 22228 and it took: 59031.7ms
query [8648]: # of matches found 22158 and it took: 59478.1ms
query [8649]: # of matches found 22186 and it took: 59657.9ms
query [8650]: # of matches found 22206 and it took: 60139.9ms
query [8651]: # of matches found 22166 and it took: 59334.6ms
query [8652]: # of matches found 22145 and it took: 59919.3ms
query [8653]: # of matches found 22071 and it took: 59763ms
query [8654]: # of matches found 21959 and it took: 59864.4ms
query [8655]: # of matches found 21906 and it took: 60720.9ms
query [8656]: # of matches found 21889 and it took: 61162.1ms
query [8657]: # of matches found 21952 and it took: 61461.9ms
query [8658]: # of matches found 21187 and it took: 61768.3ms
query [8659]: # of matches found 21108 and it took: 61311.5ms
query [8660]: # of matches found 20961 and it took: 62110.9ms
query [8661]: # of matches found 20736 and it took: 60935.4ms
query [8662]: # of matches found 20672 and it took: 61507.6ms
query [8663]: # of matches found 20637 and it took: 61403.7ms
query [8664]: # of matches found 20609 and it took: 61200.6ms
query [8665]: # of matches found 20519 and it took: 61713.1ms
query [8666]: # of matches found 20452 and it took: 61925.8ms
query [8667]: # of matches found 20342 and it took: 62289.8ms
query [8668]: # of matches found 19480 and it took: 62477ms
query [8669]: # of matches found 19255 and it took: 62322.3ms
query [8670]: # of matches found 19224 and it took: 62925.6ms
query [8671]: # of matches found 19135 and it took: 62411.4ms
query [8672]: # of matches found 19151 and it took: 63482ms
query [8673]: # of matches found 19032 and it took: 63296.7ms
query [8674]: # of matches found 18730 and it took: 63276.7ms
query [8675]: # of matches found 18507 and it took: 63622.6ms
query [8676]: # of matches found 18482 and it took: 64416ms
query [8677]: # of matches found 18382 and it took: 63866ms
query [8678]: # of matches found 18244 and it took: 64300ms
query [8679]: # of matches found 18016 and it took: 63826.5ms
query [8680]: # of matches found 18266 and it took: 64387ms
query [8681]: # of matches found 18215 and it took: 63801.8ms
query [8682]: # of matches found 17990 and it took: 63931.6ms
query [8683]: # of matches found 17964 and it took: 63220.3ms
query [8684]: # of matches found 17982 and it took: 63126ms
query [8685]: # of matches found 18016 and it took: 63665.1ms
query [8686]: # of matches found 18021 and it took: 64587.4ms
query [8687]: # of matches found 18010 and it took: 64127.1ms
query [8688]: # of matches found 17862 and it took: 64035.5ms
query [8689]: # of matches found 17832 and it took: 63878.7ms
query [8690]: # of matches found 17830 and it took: 64724.6ms
query [8691]: # of matches found 17829 and it took: 64699.1ms
query [8692]: # of matches found 17863 and it took: 65083.6ms
query [8693]: # of matches found 17877 and it took: 64977ms
query [8694]: # of matches found 17810 and it took: 64578.5ms
query [8695]: # of matches found 17909 and it took: 64965.9ms
query [8696]: # of matches found 17942 and it took: 65489.7ms
query [8697]: # of matches found 18052 and it took: 65596.3ms
query [8698]: # of matches found 17928 and it took: 65069.1ms
query [8699]: # of matches found 18068 and it took: 64879.6ms
