no kmerRangesFileAddressArg!
no otherToolArg!
**********************CONFIGURATIONS*****************************
PARMIK mode:                  3
readDatabaseAddress:          /p/lava/parmik/partialMatcherProject/datasets/metagenomicDB/SRR14381434/SRR14381434_reads
readFileName:                 SRR14381434_reads
queryFileAddress:             /p/lava/parmik/partialMatcherProject/datasets/queryFiles/covidQueryFiles/SarsGenome_chunks/SarsGenome_queries_9000-9999
queryFileName:                SarsGenome_queries_9000-9999
otherToolOutputFileAddress:   /u/rgq5aw/GIT/PARMIK/partialMatcherProject/tools/blast/SRR14381434/SarsGenome/blastn_ws30_results.out
outputDir:                    /p/lava/parmik/partialMatcherProject/tools/baseline_ssw/SRR14381434/SarsGenome
penaltyFileAddress:           /u/rgq5aw/GIT/PARMIK/experiments/parmik/CK_SSW_ID_PRCNTG/PenaltySets/2484_1111_2444_2288_2848
kmerRangesFileAddress:        
readsCount:                   17000000
queryCount:                   30000
kmerLength:                   11
regionSize:                   48
cheapKmerThreshold:           0
identityPercentage:           0.85
minExactMatchLen:             0
minNumExactMatchKmer:         0
isIndexOffline:               1
offlineIndexAddress:          /p/lava/parmik/partialMatcherProject/tools/parmik/CK_INDEX/SRR14381434/
max editDistance in min region: 2
**********************CONFIGURATIONS*****************************
--------------Penalties--------------
m: 2, s: 4, go: 8, ge: 4
m: 1, s: 1, go: 1, ge: 1
m: 2, s: 4, go: 4, ge: 4
m: 2, s: 2, go: 8, ge: 8
m: 2, s: 8, go: 4, ge: 8
------------------------------------
numberOfReadsWithN : 0
queryCount : 1000
numberOfReadsWithN : 0
readCount : 9488668
offlineCheapIndexAddress: /p/lava/parmik/partialMatcherProject/tools/parmik/CK_INDEX/SRR14381434/ck_T0_K11_r17000000
pmrkAlignmentsAddress: /p/lava/parmik/partialMatcherProject/tools/baseline_ssw/SRR14381434/SarsGenome/aln/pmAln_R48_PI85_L0_M0_E2_K11_T0_P_2484_1111_2444_2288_2848.txt
Starting alignment for all queries [fwd]...
queryBaseIndex: 9000
query [9000]: # of matches found 11361 and it took: 36214.6ms
query [9001]: # of matches found 11688 and it took: 35812.1ms
query [9002]: # of matches found 11668 and it took: 36426.8ms
query [9003]: # of matches found 11666 and it took: 36499.6ms
query [9004]: # of matches found 11798 and it took: 36605.9ms
query [9005]: # of matches found 12085 and it took: 36690.6ms
query [9006]: # of matches found 12368 and it took: 37174.6ms
query [9007]: # of matches found 12346 and it took: 37399.3ms
query [9008]: # of matches found 12373 and it took: 37146.3ms
query [9009]: # of matches found 12437 and it took: 37480.6ms
query [9010]: # of matches found 12430 and it took: 37123.8ms
query [9011]: # of matches found 12472 and it took: 36631.2ms
query [9012]: # of matches found 12503 and it took: 37147ms
query [9013]: # of matches found 12560 and it took: 37501.9ms
query [9014]: # of matches found 12532 and it took: 37543.6ms
query [9015]: # of matches found 12528 and it took: 37398ms
query [9016]: # of matches found 12517 and it took: 37899.6ms
query [9017]: # of matches found 12232 and it took: 37979.6ms
query [9018]: # of matches found 11570 and it took: 38310.5ms
query [9019]: # of matches found 11696 and it took: 38333.7ms
query [9020]: # of matches found 11600 and it took: 38061.6ms
query [9021]: # of matches found 11545 and it took: 37956.3ms
query [9022]: # of matches found 11519 and it took: 38623.2ms
query [9023]: # of matches found 11510 and it took: 38429.3ms
query [9024]: # of matches found 11672 and it took: 38838.6ms
query [9025]: # of matches found 11708 and it took: 38909.6ms
query [9026]: # of matches found 11726 and it took: 39723.2ms
query [9027]: # of matches found 11760 and it took: 39485.3ms
query [9028]: # of matches found 11805 and it took: 39220.7ms
query [9029]: # of matches found 11854 and it took: 39376.7ms
query [9030]: # of matches found 11832 and it took: 38972.6ms
query [9031]: # of matches found 12216 and it took: 38540.6ms
query [9032]: # of matches found 12265 and it took: 38853.7ms
query [9033]: # of matches found 12413 and it took: 38579ms
query [9034]: # of matches found 12436 and it took: 38823.8ms
query [9035]: # of matches found 12429 and it took: 38115ms
query [9036]: # of matches found 12298 and it took: 38540.2ms
query [9037]: # of matches found 12218 and it took: 38646.7ms
query [9038]: # of matches found 12219 and it took: 38451ms
query [9039]: # of matches found 12190 and it took: 38472.3ms
query [9040]: # of matches found 12118 and it took: 38196.9ms
query [9041]: # of matches found 12123 and it took: 37823.6ms
query [9042]: # of matches found 12029 and it took: 38043.8ms
query [9043]: # of matches found 11860 and it took: 38068.6ms
query [9044]: # of matches found 11777 and it took: 37846.4ms
query [9045]: # of matches found 11795 and it took: 37542.9ms
query [9046]: # of matches found 11826 and it took: 37866.1ms
query [9047]: # of matches found 11849 and it took: 38015.5ms
query [9048]: # of matches found 11859 and it took: 37636.6ms
query [9049]: # of matches found 11879 and it took: 37719.5ms
query [9050]: # of matches found 11934 and it took: 37648.8ms
query [9051]: # of matches found 11959 and it took: 37979.5ms
query [9052]: # of matches found 12008 and it took: 37836.2ms
query [9053]: # of matches found 12009 and it took: 37959.2ms
query [9054]: # of matches found 12048 and it took: 37926.8ms
query [9055]: # of matches found 12087 and it took: 37628.6ms
query [9056]: # of matches found 11768 and it took: 38651ms
query [9057]: # of matches found 12047 and it took: 38378.2ms
query [9058]: # of matches found 12089 and it took: 38099.7ms
query [9059]: # of matches found 12076 and it took: 37882.9ms
query [9060]: # of matches found 12046 and it took: 38154.6ms
query [9061]: # of matches found 11883 and it took: 37901.1ms
query [9062]: # of matches found 11888 and it took: 38090.7ms
query [9063]: # of matches found 11919 and it took: 37643.1ms
query [9064]: # of matches found 11876 and it took: 38023.1ms
query [9065]: # of matches found 11852 and it took: 37606.7ms
query [9066]: # of matches found 11862 and it took: 37813.3ms
query [9067]: # of matches found 11836 and it took: 37881.3ms
query [9068]: # of matches found 11837 and it took: 37718.7ms
query [9069]: # of matches found 11921 and it took: 37481.8ms
query [9070]: # of matches found 11935 and it took: 37354.5ms
query [9071]: # of matches found 11982 and it took: 37521.1ms
query [9072]: # of matches found 12010 and it took: 37443.7ms
query [9073]: # of matches found 11988 and it took: 37833.2ms
query [9074]: # of matches found 11984 and it took: 37630.1ms
query [9075]: # of matches found 12685 and it took: 37341.5ms
query [9076]: # of matches found 12691 and it took: 37844.9ms
query [9077]: # of matches found 12501 and it took: 37825.2ms
query [9078]: # of matches found 12388 and it took: 37764ms
query [9079]: # of matches found 12208 and it took: 37668.6ms
query [9080]: # of matches found 12193 and it took: 37705ms
query [9081]: # of matches found 12229 and it took: 37590.3ms
query [9082]: # of matches found 12249 and it took: 37238.3ms
query [9083]: # of matches found 12430 and it took: 37457.2ms
query [9084]: # of matches found 12456 and it took: 37416ms
query [9085]: # of matches found 12478 and it took: 37382.5ms
query [9086]: # of matches found 12555 and it took: 37201.2ms
query [9087]: # of matches found 12520 and it took: 37177.7ms
query [9088]: # of matches found 12501 and it took: 37108ms
query [9089]: # of matches found 12579 and it took: 36849.3ms
query [9090]: # of matches found 12585 and it took: 37101.5ms
query [9091]: # of matches found 12601 and it took: 36617.9ms
query [9092]: # of matches found 12613 and it took: 36565.7ms
query [9093]: # of matches found 12638 and it took: 36815.2ms
query [9094]: # of matches found 12671 and it took: 36968.1ms
query [9095]: # of matches found 12660 and it took: 37211.5ms
query [9096]: # of matches found 12785 and it took: 37121.5ms
query [9097]: # of matches found 12742 and it took: 37121.4ms
query [9098]: # of matches found 12774 and it took: 36863.3ms
query [9099]: # of matches found 12778 and it took: 36954ms
query [9100]: # of matches found 12835 and it took: 37018.4ms
query [9101]: # of matches found 12740 and it took: 36966.2ms
query [9102]: # of matches found 25284 and it took: 37108.4ms
query [9103]: # of matches found 25314 and it took: 37268.4ms
query [9104]: # of matches found 25388 and it took: 37753.1ms
query [9105]: # of matches found 25431 and it took: 37167.2ms
query [9106]: # of matches found 25494 and it took: 37732ms
query [9107]: # of matches found 25637 and it took: 37675.6ms
query [9108]: # of matches found 25242 and it took: 37608ms
query [9109]: # of matches found 25250 and it took: 37737.3ms
query [9110]: # of matches found 25384 and it took: 37786.3ms
query [9111]: # of matches found 25505 and it took: 37561.2ms
query [9112]: # of matches found 25724 and it took: 37499.1ms
query [9113]: # of matches found 25794 and it took: 37559.7ms
query [9114]: # of matches found 25763 and it took: 37480.1ms
query [9115]: # of matches found 25788 and it took: 37429.1ms
query [9116]: # of matches found 25846 and it took: 37715.7ms
query [9117]: # of matches found 25802 and it took: 37906.1ms
query [9118]: # of matches found 26211 and it took: 37508.8ms
query [9119]: # of matches found 26164 and it took: 37681.9ms
query [9120]: # of matches found 26213 and it took: 37666.7ms
query [9121]: # of matches found 27484 and it took: 37582.1ms
query [9122]: # of matches found 26433 and it took: 37621.5ms
query [9123]: # of matches found 112953 and it took: 37836.9ms
query [9124]: # of matches found 112972 and it took: 37782.9ms
query [9125]: # of matches found 112926 and it took: 37906.7ms
query [9126]: # of matches found 112925 and it took: 37749.7ms
query [9127]: # of matches found 112913 and it took: 37776.9ms
query [9128]: # of matches found 112850 and it took: 37836.9ms
query [9129]: # of matches found 112782 and it took: 38116.3ms
query [9130]: # of matches found 112480 and it took: 38107.1ms
query [9131]: # of matches found 112426 and it took: 37946.9ms
query [9132]: # of matches found 112315 and it took: 38120.6ms
query [9133]: # of matches found 112335 and it took: 37813.1ms
query [9134]: # of matches found 112357 and it took: 37616.7ms
query [9135]: # of matches found 112351 and it took: 37864ms
query [9136]: # of matches found 112366 and it took: 37454.5ms
query [9137]: # of matches found 112347 and it took: 37679.5ms
query [9138]: # of matches found 112351 and it took: 37500ms
query [9139]: # of matches found 112365 and it took: 37309.7ms
query [9140]: # of matches found 112424 and it took: 37602.3ms
query [9141]: # of matches found 112117 and it took: 37290.5ms
query [9142]: # of matches found 112196 and it took: 37468ms
query [9143]: # of matches found 112246 and it took: 37347.6ms
query [9144]: # of matches found 112119 and it took: 36930ms
query [9145]: # of matches found 111804 and it took: 37383.4ms
query [9146]: # of matches found 111589 and it took: 37088.1ms
query [9147]: # of matches found 111601 and it took: 37239.5ms
query [9148]: # of matches found 111582 and it took: 37131.7ms
query [9149]: # of matches found 111547 and it took: 37192.7ms
query [9150]: # of matches found 111653 and it took: 37360.8ms
query [9151]: # of matches found 111627 and it took: 37265.2ms
query [9152]: # of matches found 111620 and it took: 37504.8ms
query [9153]: # of matches found 111888 and it took: 36939.7ms
query [9154]: # of matches found 111925 and it took: 36677ms
query [9155]: # of matches found 111952 and it took: 36791.8ms
query [9156]: # of matches found 111936 and it took: 36474.3ms
query [9157]: # of matches found 111955 and it took: 36694.5ms
query [9158]: # of matches found 112005 and it took: 36602.6ms
query [9159]: # of matches found 112045 and it took: 36562.4ms
query [9160]: # of matches found 111959 and it took: 36595.9ms
query [9161]: # of matches found 111982 and it took: 36572.6ms
query [9162]: # of matches found 111979 and it took: 36604.8ms
query [9163]: # of matches found 111927 and it took: 36501.5ms
query [9164]: # of matches found 111924 and it took: 36480.2ms
query [9165]: # of matches found 111813 and it took: 36599.1ms
query [9166]: # of matches found 112555 and it took: 36414.1ms
query [9167]: # of matches found 112534 and it took: 36530.8ms
query [9168]: # of matches found 112483 and it took: 36292.2ms
query [9169]: # of matches found 112605 and it took: 36333.1ms
query [9170]: # of matches found 112564 and it took: 36395ms
query [9171]: # of matches found 112174 and it took: 36310.9ms
query [9172]: # of matches found 112189 and it took: 36023.7ms
query [9173]: # of matches found 111872 and it took: 36025ms
query [9174]: # of matches found 111858 and it took: 35946.4ms
query [9175]: # of matches found 111937 and it took: 35995.5ms
query [9176]: # of matches found 111960 and it took: 35982.7ms
query [9177]: # of matches found 111941 and it took: 36185.6ms
query [9178]: # of matches found 112294 and it took: 36245.6ms
query [9179]: # of matches found 112343 and it took: 36462.2ms
query [9180]: # of matches found 113255 and it took: 36490.7ms
query [9181]: # of matches found 113303 and it took: 36550.7ms
query [9182]: # of matches found 113715 and it took: 36295ms
query [9183]: # of matches found 113769 and it took: 36451.3ms
query [9184]: # of matches found 115531 and it took: 36389.4ms
query [9185]: # of matches found 115610 and it took: 36484.5ms
query [9186]: # of matches found 115697 and it took: 36361.4ms
query [9187]: # of matches found 115704 and it took: 36522.3ms
query [9188]: # of matches found 115765 and it took: 36672.5ms
query [9189]: # of matches found 115760 and it took: 36262.2ms
query [9190]: # of matches found 115727 and it took: 36871.7ms
query [9191]: # of matches found 115676 and it took: 36837.4ms
query [9192]: # of matches found 115657 and it took: 37028.9ms
query [9193]: # of matches found 115653 and it took: 37200.6ms
query [9194]: # of matches found 115624 and it took: 36763.2ms
query [9195]: # of matches found 115666 and it took: 36724.1ms
query [9196]: # of matches found 115964 and it took: 36856.7ms
query [9197]: # of matches found 116023 and it took: 37766.9ms
query [9198]: # of matches found 116247 and it took: 37828.2ms
query [9199]: # of matches found 116297 and it took: 37741.9ms
query [9200]: # of matches found 116357 and it took: 38034.5ms
query [9201]: # of matches found 116494 and it took: 37989.9ms
query [9202]: # of matches found 116634 and it took: 37508.9ms
query [9203]: # of matches found 116603 and it took: 37115ms
query [9204]: # of matches found 116690 and it took: 36778.7ms
query [9205]: # of matches found 116763 and it took: 36637.9ms
query [9206]: # of matches found 116780 and it took: 36753.5ms
query [9207]: # of matches found 116779 and it took: 37128.5ms
query [9208]: # of matches found 116816 and it took: 37023.2ms
query [9209]: # of matches found 116741 and it took: 37073.2ms
query [9210]: # of matches found 116750 and it took: 36986.6ms
query [9211]: # of matches found 116744 and it took: 36992.4ms
query [9212]: # of matches found 116750 and it took: 36805.8ms
query [9213]: # of matches found 116786 and it took: 36807.2ms
query [9214]: # of matches found 116812 and it took: 36538.6ms
query [9215]: # of matches found 116073 and it took: 36534.5ms
query [9216]: # of matches found 116051 and it took: 36535.4ms
query [9217]: # of matches found 116056 and it took: 36807.1ms
query [9218]: # of matches found 116082 and it took: 36649.4ms
query [9219]: # of matches found 116074 and it took: 36767.9ms
query [9220]: # of matches found 116099 and it took: 36750.7ms
query [9221]: # of matches found 116080 and it took: 36710.5ms
query [9222]: # of matches found 116078 and it took: 36543.1ms
query [9223]: # of matches found 116032 and it took: 36225.6ms
query [9224]: # of matches found 116136 and it took: 36500ms
query [9225]: # of matches found 116059 and it took: 35800.9ms
query [9226]: # of matches found 115976 and it took: 36163.3ms
query [9227]: # of matches found 116017 and it took: 36559.5ms
query [9228]: # of matches found 116045 and it took: 36303ms
query [9229]: # of matches found 116114 and it took: 36441ms
query [9230]: # of matches found 116043 and it took: 36502.6ms
query [9231]: # of matches found 116094 and it took: 36566.3ms
query [9232]: # of matches found 116097 and it took: 36312.6ms
query [9233]: # of matches found 116027 and it took: 36102.8ms
query [9234]: # of matches found 115955 and it took: 36566.6ms
query [9235]: # of matches found 115920 and it took: 36196.6ms
query [9236]: # of matches found 115814 and it took: 36392.6ms
query [9237]: # of matches found 115803 and it took: 36864.7ms
query [9238]: # of matches found 115785 and it took: 36512.6ms
query [9239]: # of matches found 115787 and it took: 36684.8ms
query [9240]: # of matches found 115748 and it took: 36353.9ms
query [9241]: # of matches found 115673 and it took: 36740.4ms
query [9242]: # of matches found 103110 and it took: 36753.2ms
query [9243]: # of matches found 103061 and it took: 36733.6ms
query [9244]: # of matches found 103040 and it took: 36669ms
query [9245]: # of matches found 103250 and it took: 36673.2ms
query [9246]: # of matches found 103196 and it took: 36797.9ms
query [9247]: # of matches found 103004 and it took: 36294.6ms
query [9248]: # of matches found 103022 and it took: 36444.4ms
query [9249]: # of matches found 103155 and it took: 36772.4ms
query [9250]: # of matches found 103093 and it took: 37250.1ms
query [9251]: # of matches found 103019 and it took: 37253.3ms
query [9252]: # of matches found 102680 and it took: 36479.2ms
query [9253]: # of matches found 102644 and it took: 37124.9ms
query [9254]: # of matches found 102814 and it took: 37154.1ms
query [9255]: # of matches found 102809 and it took: 36795.6ms
query [9256]: # of matches found 102869 and it took: 37083.5ms
query [9257]: # of matches found 102826 and it took: 36982.5ms
query [9258]: # of matches found 102835 and it took: 36683.8ms
query [9259]: # of matches found 102372 and it took: 36636.5ms
query [9260]: # of matches found 102341 and it took: 36341ms
query [9261]: # of matches found 100782 and it took: 36556.6ms
query [9262]: # of matches found 105264 and it took: 36526.4ms
query [9263]: # of matches found 20004 and it took: 36299.6ms
query [9264]: # of matches found 18652 and it took: 36177.1ms
query [9265]: # of matches found 18678 and it took: 36118.8ms
query [9266]: # of matches found 18688 and it took: 36232.6ms
query [9267]: # of matches found 18707 and it took: 36379.6ms
query [9268]: # of matches found 18707 and it took: 36003.4ms
query [9269]: # of matches found 18727 and it took: 35966.4ms
query [9270]: # of matches found 18957 and it took: 36201ms
query [9271]: # of matches found 18979 and it took: 36059.2ms
query [9272]: # of matches found 18987 and it took: 35998.3ms
query [9273]: # of matches found 18946 and it took: 35986.2ms
query [9274]: # of matches found 18913 and it took: 35963.1ms
query [9275]: # of matches found 18996 and it took: 35710.9ms
query [9276]: # of matches found 19038 and it took: 36012ms
query [9277]: # of matches found 19050 and it took: 36260.4ms
query [9278]: # of matches found 19133 and it took: 35987.6ms
query [9279]: # of matches found 19138 and it took: 35663.9ms
query [9280]: # of matches found 19118 and it took: 36107.2ms
query [9281]: # of matches found 19237 and it took: 36091.6ms
query [9282]: # of matches found 19283 and it took: 35854ms
query [9283]: # of matches found 21211 and it took: 35942.2ms
query [9284]: # of matches found 21440 and it took: 36124.9ms
query [9285]: # of matches found 21604 and it took: 36225.9ms
query [9286]: # of matches found 21593 and it took: 36048.1ms
query [9287]: # of matches found 21583 and it took: 36695.5ms
query [9288]: # of matches found 21866 and it took: 35945.5ms
query [9289]: # of matches found 21917 and it took: 36399.8ms
query [9290]: # of matches found 21875 and it took: 36425.2ms
query [9291]: # of matches found 21851 and it took: 36496.7ms
query [9292]: # of matches found 21787 and it took: 36566.9ms
query [9293]: # of matches found 21554 and it took: 35516.8ms
query [9294]: # of matches found 21547 and it took: 35555.9ms
query [9295]: # of matches found 21549 and it took: 35616.1ms
query [9296]: # of matches found 21622 and it took: 35737.2ms
query [9297]: # of matches found 21684 and it took: 36637.9ms
query [9298]: # of matches found 21681 and it took: 35334.5ms
query [9299]: # of matches found 22778 and it took: 35537.7ms
query [9300]: # of matches found 22820 and it took: 35328.7ms
query [9301]: # of matches found 23247 and it took: 35426.2ms
query [9302]: # of matches found 23560 and it took: 35238.7ms
query [9303]: # of matches found 28422 and it took: 35074.3ms
query [9304]: # of matches found 28559 and it took: 34715.4ms
query [9305]: # of matches found 28944 and it took: 34865.1ms
query [9306]: # of matches found 28472 and it took: 34972.5ms
query [9307]: # of matches found 28564 and it took: 34919.9ms
query [9308]: # of matches found 28682 and it took: 34816.4ms
query [9309]: # of matches found 28657 and it took: 34794ms
query [9310]: # of matches found 28684 and it took: 34812.7ms
query [9311]: # of matches found 28729 and it took: 34628.9ms
query [9312]: # of matches found 28684 and it took: 34493.5ms
query [9313]: # of matches found 28713 and it took: 34333.3ms
query [9314]: # of matches found 28725 and it took: 34317.3ms
query [9315]: # of matches found 28658 and it took: 34209.2ms
query [9316]: # of matches found 28656 and it took: 34190.6ms
query [9317]: # of matches found 28671 and it took: 34301.4ms
query [9318]: # of matches found 28323 and it took: 34252.3ms
query [9319]: # of matches found 28313 and it took: 34171.6ms
query [9320]: # of matches found 28296 and it took: 34165.9ms
query [9321]: # of matches found 27397 and it took: 33992ms
query [9322]: # of matches found 26982 and it took: 33915.8ms
query [9323]: # of matches found 26926 and it took: 33922.6ms
query [9324]: # of matches found 25200 and it took: 33434ms
query [9325]: # of matches found 25092 and it took: 33644.8ms
query [9326]: # of matches found 25007 and it took: 33764.6ms
query [9327]: # of matches found 25048 and it took: 33419.6ms
query [9328]: # of matches found 25001 and it took: 33328.2ms
query [9329]: # of matches found 25029 and it took: 33590.5ms
query [9330]: # of matches found 25035 and it took: 33380.9ms
query [9331]: # of matches found 25035 and it took: 33392.2ms
query [9332]: # of matches found 25038 and it took: 33028.6ms
query [9333]: # of matches found 24996 and it took: 32848.6ms
query [9334]: # of matches found 25088 and it took: 32819.6ms
query [9335]: # of matches found 25049 and it took: 33246.8ms
query [9336]: # of matches found 24882 and it took: 33223.6ms
query [9337]: # of matches found 24417 and it took: 33244.1ms
query [9338]: # of matches found 24113 and it took: 33389ms
query [9339]: # of matches found 24063 and it took: 33188.7ms
query [9340]: # of matches found 23963 and it took: 33043.6ms
query [9341]: # of matches found 23836 and it took: 33047.5ms
query [9342]: # of matches found 23781 and it took: 33278.9ms
query [9343]: # of matches found 23690 and it took: 33073.7ms
query [9344]: # of matches found 23653 and it took: 33184ms
query [9345]: # of matches found 23517 and it took: 33122.7ms
query [9346]: # of matches found 23539 and it took: 33141.8ms
query [9347]: # of matches found 23590 and it took: 33282.7ms
query [9348]: # of matches found 23555 and it took: 33297.7ms
query [9349]: # of matches found 23538 and it took: 33540.1ms
query [9350]: # of matches found 23510 and it took: 33553.7ms
query [9351]: # of matches found 23498 and it took: 33688.8ms
query [9352]: # of matches found 23434 and it took: 34110.4ms
query [9353]: # of matches found 23415 and it took: 33904.7ms
query [9354]: # of matches found 23456 and it took: 34034.5ms
query [9355]: # of matches found 23482 and it took: 34260.1ms
query [9356]: # of matches found 23532 and it took: 34256.8ms
query [9357]: # of matches found 23525 and it took: 34307.1ms
query [9358]: # of matches found 23512 and it took: 34247.6ms
query [9359]: # of matches found 23515 and it took: 34313.7ms
query [9360]: # of matches found 23470 and it took: 34319.6ms
query [9361]: # of matches found 23443 and it took: 34299.4ms
query [9362]: # of matches found 23445 and it took: 34428.9ms
query [9363]: # of matches found 23403 and it took: 33837.6ms
query [9364]: # of matches found 23255 and it took: 34294.1ms
query [9365]: # of matches found 23237 and it took: 34535.3ms
query [9366]: # of matches found 23221 and it took: 34498.9ms
query [9367]: # of matches found 23169 and it took: 34477.4ms
query [9368]: # of matches found 23124 and it took: 34458ms
query [9369]: # of matches found 23129 and it took: 34659.3ms
query [9370]: # of matches found 23105 and it took: 34595.9ms
query [9371]: # of matches found 23039 and it took: 34675.3ms
query [9372]: # of matches found 23024 and it took: 34161.4ms
query [9373]: # of matches found 23033 and it took: 34599.3ms
query [9374]: # of matches found 23061 and it took: 34483.3ms
query [9375]: # of matches found 23093 and it took: 34465.6ms
query [9376]: # of matches found 23069 and it took: 34517.9ms
query [9377]: # of matches found 23093 and it took: 34505.6ms
query [9378]: # of matches found 23119 and it took: 34367.3ms
query [9379]: # of matches found 23120 and it took: 34637.4ms
query [9380]: # of matches found 24204 and it took: 34504ms
query [9381]: # of matches found 24263 and it took: 34532.4ms
query [9382]: # of matches found 24244 and it took: 33901.5ms
query [9383]: # of matches found 25489 and it took: 34569.2ms
query [9384]: # of matches found 25509 and it took: 34556.5ms
query [9385]: # of matches found 25293 and it took: 34405ms
query [9386]: # of matches found 26345 and it took: 34575.3ms
query [9387]: # of matches found 26349 and it took: 34466.5ms
query [9388]: # of matches found 26785 and it took: 34294.5ms
query [9389]: # of matches found 26690 and it took: 34133.7ms
query [9390]: # of matches found 26572 and it took: 34203.3ms
query [9391]: # of matches found 26576 and it took: 34310.7ms
query [9392]: # of matches found 26711 and it took: 34466.3ms
query [9393]: # of matches found 34635 and it took: 34491.3ms
query [9394]: # of matches found 34550 and it took: 34455.2ms
query [9395]: # of matches found 34584 and it took: 34411.9ms
query [9396]: # of matches found 35234 and it took: 33890.2ms
query [9397]: # of matches found 35291 and it took: 34205.8ms
query [9398]: # of matches found 35475 and it took: 34203.9ms
query [9399]: # of matches found 35548 and it took: 34328.4ms
query [9400]: # of matches found 35765 and it took: 34327.2ms
query [9401]: # of matches found 35683 and it took: 34469.3ms
query [9402]: # of matches found 35329 and it took: 34427ms
query [9403]: # of matches found 31175 and it took: 34587.2ms
query [9404]: # of matches found 31034 and it took: 34491.5ms
query [9405]: # of matches found 30996 and it took: 34411ms
query [9406]: # of matches found 31030 and it took: 34639.8ms
query [9407]: # of matches found 31064 and it took: 34494.1ms
query [9408]: # of matches found 31171 and it took: 34375.4ms
query [9409]: # of matches found 31180 and it took: 34286.3ms
query [9410]: # of matches found 31056 and it took: 34316.5ms
query [9411]: # of matches found 31051 and it took: 34037.2ms
query [9412]: # of matches found 31125 and it took: 34258.5ms
query [9413]: # of matches found 31152 and it took: 34087.7ms
query [9414]: # of matches found 31218 and it took: 34176.7ms
query [9415]: # of matches found 31162 and it took: 34107.5ms
query [9416]: # of matches found 31118 and it took: 34174ms
query [9417]: # of matches found 31133 and it took: 34099.6ms
query [9418]: # of matches found 30975 and it took: 34080.7ms
query [9419]: # of matches found 30899 and it took: 34123.7ms
query [9420]: # of matches found 30982 and it took: 34039.9ms
query [9421]: # of matches found 31050 and it took: 34216.5ms
query [9422]: # of matches found 30958 and it took: 34218.9ms
query [9423]: # of matches found 30004 and it took: 34333.5ms
query [9424]: # of matches found 29673 and it took: 33954.2ms
query [9425]: # of matches found 28809 and it took: 34135.3ms
query [9426]: # of matches found 29119 and it took: 34193.6ms
query [9427]: # of matches found 29317 and it took: 34228.8ms
query [9428]: # of matches found 29128 and it took: 33660.3ms
query [9429]: # of matches found 29126 and it took: 34336.8ms
query [9430]: # of matches found 29121 and it took: 34142.5ms
query [9431]: # of matches found 29156 and it took: 34235.9ms
query [9432]: # of matches found 29859 and it took: 34244.8ms
query [9433]: # of matches found 29803 and it took: 34167.3ms
query [9434]: # of matches found 29815 and it took: 34196.5ms
query [9435]: # of matches found 29803 and it took: 34211.5ms
query [9436]: # of matches found 29799 and it took: 34183.8ms
query [9437]: # of matches found 29796 and it took: 34279.1ms
query [9438]: # of matches found 29813 and it took: 34129.6ms
query [9439]: # of matches found 28716 and it took: 34126.4ms
query [9440]: # of matches found 28704 and it took: 34235.9ms
query [9441]: # of matches found 28448 and it took: 34430.5ms
query [9442]: # of matches found 28108 and it took: 34447.1ms
query [9443]: # of matches found 23271 and it took: 34298.3ms
query [9444]: # of matches found 23045 and it took: 34262.6ms
query [9445]: # of matches found 22538 and it took: 34392.4ms
query [9446]: # of matches found 22493 and it took: 34418.2ms
query [9447]: # of matches found 22316 and it took: 34413.3ms
query [9448]: # of matches found 22285 and it took: 34198.6ms
query [9449]: # of matches found 22292 and it took: 34306.6ms
query [9450]: # of matches found 22253 and it took: 34178.9ms
query [9451]: # of matches found 22147 and it took: 34179.1ms
query [9452]: # of matches found 22127 and it took: 34148.1ms
query [9453]: # of matches found 22151 and it took: 34178.2ms
query [9454]: # of matches found 22092 and it took: 33780.4ms
query [9455]: # of matches found 22089 and it took: 34063.7ms
query [9456]: # of matches found 22062 and it took: 34224.6ms
query [9457]: # of matches found 22122 and it took: 34176.3ms
query [9458]: # of matches found 22137 and it took: 33819ms
query [9459]: # of matches found 22098 and it took: 33833.6ms
query [9460]: # of matches found 22139 and it took: 33781.5ms
query [9461]: # of matches found 22097 and it took: 33728.9ms
query [9462]: # of matches found 22138 and it took: 33690.6ms
query [9463]: # of matches found 22181 and it took: 33438.5ms
query [9464]: # of matches found 22160 and it took: 33496.7ms
query [9465]: # of matches found 22454 and it took: 33415.7ms
query [9466]: # of matches found 22840 and it took: 33463.4ms
query [9467]: # of matches found 22821 and it took: 33405.4ms
query [9468]: # of matches found 22862 and it took: 32953.1ms
query [9469]: # of matches found 22833 and it took: 33172.5ms
query [9470]: # of matches found 22859 and it took: 33206.7ms
query [9471]: # of matches found 22857 and it took: 33079.8ms
query [9472]: # of matches found 22902 and it took: 32996.1ms
query [9473]: # of matches found 22922 and it took: 32645.5ms
query [9474]: # of matches found 22827 and it took: 32658.6ms
query [9475]: # of matches found 22832 and it took: 32901.2ms
query [9476]: # of matches found 22795 and it took: 32686.9ms
query [9477]: # of matches found 22806 and it took: 32541.2ms
query [9478]: # of matches found 22804 and it took: 32174.9ms
query [9479]: # of matches found 22813 and it took: 32378.3ms
query [9480]: # of matches found 22846 and it took: 32201.6ms
query [9481]: # of matches found 22838 and it took: 32244.7ms
query [9482]: # of matches found 22900 and it took: 32292.3ms
query [9483]: # of matches found 23021 and it took: 32143.8ms
query [9484]: # of matches found 23046 and it took: 32086.3ms
query [9485]: # of matches found 23060 and it took: 32395.8ms
query [9486]: # of matches found 23037 and it took: 32281.6ms
query [9487]: # of matches found 23055 and it took: 32199ms
query [9488]: # of matches found 23082 and it took: 32043.6ms
query [9489]: # of matches found 23082 and it took: 32093.7ms
query [9490]: # of matches found 23208 and it took: 32023.4ms
query [9491]: # of matches found 23282 and it took: 32001.8ms
query [9492]: # of matches found 23306 and it took: 32068.7ms
query [9493]: # of matches found 23425 and it took: 31917.7ms
query [9494]: # of matches found 23437 and it took: 32043.4ms
query [9495]: # of matches found 23383 and it took: 31890.9ms
query [9496]: # of matches found 23346 and it took: 31991.9ms
query [9497]: # of matches found 23380 and it took: 32074.3ms
query [9498]: # of matches found 23377 and it took: 31922.2ms
query [9499]: # of matches found 23459 and it took: 32238.6ms
query [9500]: # of matches found 26013 and it took: 32288.4ms
query [9501]: # of matches found 26187 and it took: 32428.9ms
query [9502]: # of matches found 26270 and it took: 32469.7ms
query [9503]: # of matches found 26408 and it took: 32358ms
query [9504]: # of matches found 26467 and it took: 32405.3ms
query [9505]: # of matches found 26502 and it took: 32617.6ms
query [9506]: # of matches found 26582 and it took: 32685.7ms
query [9507]: # of matches found 26655 and it took: 32711.4ms
query [9508]: # of matches found 26685 and it took: 32288.6ms
query [9509]: # of matches found 26749 and it took: 32276.4ms
query [9510]: # of matches found 26838 and it took: 32598.6ms
query [9511]: # of matches found 26889 and it took: 32698.6ms
query [9512]: # of matches found 27054 and it took: 33019.5ms
query [9513]: # of matches found 27148 and it took: 32736.7ms
query [9514]: # of matches found 27297 and it took: 32745.4ms
query [9515]: # of matches found 27343 and it took: 32980ms
query [9516]: # of matches found 27329 and it took: 32862.7ms
query [9517]: # of matches found 27762 and it took: 32905.8ms
query [9518]: # of matches found 27781 and it took: 32432.7ms
query [9519]: # of matches found 27791 and it took: 32921.7ms
query [9520]: # of matches found 27781 and it took: 32849.5ms
query [9521]: # of matches found 26777 and it took: 32857.6ms
query [9522]: # of matches found 26751 and it took: 32926.5ms
query [9523]: # of matches found 26766 and it took: 32716.5ms
query [9524]: # of matches found 26709 and it took: 32611.6ms
query [9525]: # of matches found 25442 and it took: 32694.7ms
query [9526]: # of matches found 24390 and it took: 32814.5ms
query [9527]: # of matches found 24362 and it took: 32657.4ms
query [9528]: # of matches found 23930 and it took: 32515.9ms
query [9529]: # of matches found 23934 and it took: 32582.4ms
query [9530]: # of matches found 23952 and it took: 32515.9ms
query [9531]: # of matches found 23934 and it took: 32169.9ms
query [9532]: # of matches found 23871 and it took: 32906ms
query [9533]: # of matches found 16166 and it took: 32555.7ms
query [9534]: # of matches found 15756 and it took: 32607.3ms
query [9535]: # of matches found 15726 and it took: 32209.6ms
query [9536]: # of matches found 15688 and it took: 32806.3ms
query [9537]: # of matches found 15695 and it took: 32764.8ms
query [9538]: # of matches found 14968 and it took: 32944.5ms
query [9539]: # of matches found 14923 and it took: 32752.1ms
query [9540]: # of matches found 14707 and it took: 32509.2ms
query [9541]: # of matches found 14662 and it took: 32896.5ms
query [9542]: # of matches found 14668 and it took: 32985.3ms
query [9543]: # of matches found 14601 and it took: 32734.7ms
query [9544]: # of matches found 14548 and it took: 32639.6ms
query [9545]: # of matches found 14533 and it took: 32923.2ms
query [9546]: # of matches found 14466 and it took: 32803.2ms
query [9547]: # of matches found 14469 and it took: 32668.2ms
query [9548]: # of matches found 14452 and it took: 32686.3ms
query [9549]: # of matches found 14472 and it took: 32747.4ms
query [9550]: # of matches found 14964 and it took: 32575.3ms
query [9551]: # of matches found 14939 and it took: 32350.3ms
query [9552]: # of matches found 14845 and it took: 32384.3ms
query [9553]: # of matches found 15016 and it took: 32715.9ms
query [9554]: # of matches found 15100 and it took: 32587.7ms
query [9555]: # of matches found 15153 and it took: 32305.2ms
query [9556]: # of matches found 15191 and it took: 32573.2ms
query [9557]: # of matches found 15168 and it took: 32917.4ms
query [9558]: # of matches found 15160 and it took: 32758.3ms
query [9559]: # of matches found 15159 and it took: 32818.3ms
query [9560]: # of matches found 15120 and it took: 32814.9ms
query [9561]: # of matches found 14954 and it took: 32819.2ms
query [9562]: # of matches found 14882 and it took: 32741.4ms
query [9563]: # of matches found 14906 and it took: 32713.4ms
query [9564]: # of matches found 14955 and it took: 32775.9ms
query [9565]: # of matches found 14779 and it took: 32571.6ms
query [9566]: # of matches found 14698 and it took: 32530ms
query [9567]: # of matches found 14138 and it took: 32481.4ms
query [9568]: # of matches found 14081 and it took: 32763.5ms
query [9569]: # of matches found 14019 and it took: 32497.5ms
query [9570]: # of matches found 13926 and it took: 32779.1ms
query [9571]: # of matches found 13918 and it took: 32973.2ms
query [9572]: # of matches found 13203 and it took: 32997.9ms
query [9573]: # of matches found 13174 and it took: 32769.4ms
query [9574]: # of matches found 13127 and it took: 32837.4ms
query [9575]: # of matches found 13200 and it took: 33088.3ms
query [9576]: # of matches found 13211 and it took: 32930.1ms
query [9577]: # of matches found 13179 and it took: 33170.5ms
query [9578]: # of matches found 13445 and it took: 33468.2ms
query [9579]: # of matches found 13549 and it took: 33367.8ms
query [9580]: # of matches found 13638 and it took: 34565.6ms
query [9581]: # of matches found 13834 and it took: 33608.5ms
query [9582]: # of matches found 13749 and it took: 34033.6ms
query [9583]: # of matches found 13777 and it took: 33787ms
query [9584]: # of matches found 13756 and it took: 34273.9ms
query [9585]: # of matches found 13755 and it took: 34051.4ms
query [9586]: # of matches found 13696 and it took: 33631.5ms
query [9587]: # of matches found 13683 and it took: 33787.8ms
query [9588]: # of matches found 13696 and it took: 33945.7ms
query [9589]: # of matches found 13648 and it took: 33903.5ms
query [9590]: # of matches found 13650 and it took: 33710.7ms
query [9591]: # of matches found 13679 and it took: 33932.6ms
query [9592]: # of matches found 13716 and it took: 33921ms
query [9593]: # of matches found 13767 and it took: 33894.9ms
query [9594]: # of matches found 13825 and it took: 33797.6ms
query [9595]: # of matches found 13826 and it took: 33829ms
query [9596]: # of matches found 13850 and it took: 33603.3ms
query [9597]: # of matches found 13883 and it took: 33914.7ms
query [9598]: # of matches found 13801 and it took: 33750.2ms
query [9599]: # of matches found 13811 and it took: 33870.1ms
query [9600]: # of matches found 13779 and it took: 33967.8ms
query [9601]: # of matches found 13835 and it took: 33912.1ms
query [9602]: # of matches found 13888 and it took: 33940.3ms
query [9603]: # of matches found 13895 and it took: 33836ms
query [9604]: # of matches found 14013 and it took: 33996ms
query [9605]: # of matches found 13790 and it took: 33767.4ms
query [9606]: # of matches found 13825 and it took: 33765.3ms
query [9607]: # of matches found 13728 and it took: 33968.1ms
query [9608]: # of matches found 13445 and it took: 34195.2ms
query [9609]: # of matches found 13481 and it took: 33523.1ms
query [9610]: # of matches found 13568 and it took: 34112.3ms
query [9611]: # of matches found 14305 and it took: 35008.4ms
query [9612]: # of matches found 14365 and it took: 34246.1ms
query [9613]: # of matches found 14325 and it took: 33926.9ms
query [9614]: # of matches found 14460 and it took: 34273.9ms
query [9615]: # of matches found 14446 and it took: 34065.7ms
query [9616]: # of matches found 14446 and it took: 34079.1ms
query [9617]: # of matches found 14459 and it took: 34088.9ms
query [9618]: # of matches found 14510 and it took: 33986.5ms
query [9619]: # of matches found 14592 and it took: 34033.1ms
query [9620]: # of matches found 14601 and it took: 34087.6ms
query [9621]: # of matches found 14585 and it took: 34626.5ms
query [9622]: # of matches found 14521 and it took: 33307.1ms
query [9623]: # of matches found 14452 and it took: 33661.2ms
query [9624]: # of matches found 14458 and it took: 34331.5ms
query [9625]: # of matches found 14420 and it took: 33868.4ms
query [9626]: # of matches found 14378 and it took: 33744.8ms
query [9627]: # of matches found 14304 and it took: 33810.1ms
query [9628]: # of matches found 14303 and it took: 34029.9ms
query [9629]: # of matches found 14288 and it took: 33611.5ms
query [9630]: # of matches found 14169 and it took: 33820.6ms
query [9631]: # of matches found 14018 and it took: 33826ms
query [9632]: # of matches found 13995 and it took: 33698.8ms
query [9633]: # of matches found 13834 and it took: 33589.3ms
query [9634]: # of matches found 13799 and it took: 34557.7ms
query [9635]: # of matches found 13731 and it took: 33849.9ms
query [9636]: # of matches found 13706 and it took: 34265.8ms
query [9637]: # of matches found 13640 and it took: 34042.3ms
query [9638]: # of matches found 13618 and it took: 34341.3ms
query [9639]: # of matches found 13552 and it took: 33838.7ms
query [9640]: # of matches found 13513 and it took: 34125.2ms
query [9641]: # of matches found 12399 and it took: 34340.7ms
query [9642]: # of matches found 10779 and it took: 33991.8ms
query [9643]: # of matches found 10758 and it took: 34057.9ms
query [9644]: # of matches found 10814 and it took: 34486.7ms
query [9645]: # of matches found 10923 and it took: 34417.4ms
query [9646]: # of matches found 10885 and it took: 34573.3ms
query [9647]: # of matches found 10880 and it took: 34763.1ms
query [9648]: # of matches found 10896 and it took: 35000.6ms
query [9649]: # of matches found 10787 and it took: 34969.5ms
query [9650]: # of matches found 10675 and it took: 35189.9ms
query [9651]: # of matches found 15945 and it took: 35155.3ms
query [9652]: # of matches found 15797 and it took: 34868.8ms
query [9653]: # of matches found 15760 and it took: 35055.6ms
query [9654]: # of matches found 15759 and it took: 35557.3ms
query [9655]: # of matches found 18357 and it took: 35505.7ms
query [9656]: # of matches found 18357 and it took: 35198.5ms
query [9657]: # of matches found 18014 and it took: 35338.2ms
query [9658]: # of matches found 17988 and it took: 35138.2ms
query [9659]: # of matches found 18016 and it took: 35386.8ms
query [9660]: # of matches found 18007 and it took: 35822.3ms
query [9661]: # of matches found 18000 and it took: 35739.1ms
query [9662]: # of matches found 17972 and it took: 35568.4ms
query [9663]: # of matches found 17934 and it took: 35367.8ms
query [9664]: # of matches found 17915 and it took: 36056.4ms
query [9665]: # of matches found 17913 and it took: 35771.3ms
query [9666]: # of matches found 17880 and it took: 35503.7ms
query [9667]: # of matches found 17864 and it took: 35817.6ms
query [9668]: # of matches found 17883 and it took: 35758.8ms
query [9669]: # of matches found 17891 and it took: 35763.3ms
query [9670]: # of matches found 17839 and it took: 36047.7ms
query [9671]: # of matches found 17855 and it took: 35843.1ms
query [9672]: # of matches found 17861 and it took: 35589.7ms
query [9673]: # of matches found 17867 and it took: 35798.5ms
query [9674]: # of matches found 17885 and it took: 35746.9ms
query [9675]: # of matches found 17869 and it took: 36013.5ms
query [9676]: # of matches found 17922 and it took: 35816.6ms
query [9677]: # of matches found 17944 and it took: 35844.9ms
query [9678]: # of matches found 17913 and it took: 35861.5ms
query [9679]: # of matches found 17797 and it took: 36024.3ms
query [9680]: # of matches found 17881 and it took: 36395.1ms
query [9681]: # of matches found 17876 and it took: 35948.6ms
query [9682]: # of matches found 17860 and it took: 35675.3ms
query [9683]: # of matches found 17879 and it took: 35791.1ms
query [9684]: # of matches found 17968 and it took: 36141.7ms
query [9685]: # of matches found 18005 and it took: 35900.6ms
query [9686]: # of matches found 19089 and it took: 35805ms
query [9687]: # of matches found 19123 and it took: 35559.4ms
query [9688]: # of matches found 19400 and it took: 36050.6ms
query [9689]: # of matches found 19528 and it took: 35822.8ms
query [9690]: # of matches found 19177 and it took: 35964.2ms
query [9691]: # of matches found 19192 and it took: 35864.1ms
query [9692]: # of matches found 19240 and it took: 35643.7ms
query [9693]: # of matches found 19037 and it took: 35740.9ms
query [9694]: # of matches found 19017 and it took: 35796.9ms
query [9695]: # of matches found 18994 and it took: 35644.8ms
query [9696]: # of matches found 18876 and it took: 35576.5ms
query [9697]: # of matches found 18942 and it took: 35308.7ms
query [9698]: # of matches found 19002 and it took: 35571.1ms
query [9699]: # of matches found 19020 and it took: 35099.3ms
query [9700]: # of matches found 19046 and it took: 35558.4ms
query [9701]: # of matches found 19051 and it took: 35206ms
query [9702]: # of matches found 19100 and it took: 34868.8ms
query [9703]: # of matches found 19123 and it took: 35244.5ms
query [9704]: # of matches found 19087 and it took: 35490.1ms
query [9705]: # of matches found 19049 and it took: 35363.6ms
query [9706]: # of matches found 19063 and it took: 35426.7ms
query [9707]: # of matches found 19083 and it took: 35610.4ms
query [9708]: # of matches found 19245 and it took: 35254.7ms
query [9709]: # of matches found 19286 and it took: 35513.8ms
query [9710]: # of matches found 19347 and it took: 35739.1ms
query [9711]: # of matches found 19336 and it took: 35407.7ms
query [9712]: # of matches found 19369 and it took: 35380.4ms
query [9713]: # of matches found 19356 and it took: 35245.6ms
query [9714]: # of matches found 19387 and it took: 35518.7ms
query [9715]: # of matches found 19322 and it took: 35433ms
query [9716]: # of matches found 19251 and it took: 34997.8ms
query [9717]: # of matches found 19146 and it took: 34825.9ms
query [9718]: # of matches found 18818 and it took: 35037.1ms
query [9719]: # of matches found 18718 and it took: 35191.9ms
query [9720]: # of matches found 19014 and it took: 35381.8ms
query [9721]: # of matches found 18816 and it took: 35067.8ms
query [9722]: # of matches found 18669 and it took: 35286.8ms
query [9723]: # of matches found 18639 and it took: 35567.4ms
query [9724]: # of matches found 18588 and it took: 35258.1ms
query [9725]: # of matches found 18526 and it took: 35378.3ms
query [9726]: # of matches found 18490 and it took: 34994.5ms
query [9727]: # of matches found 18418 and it took: 35186.1ms
query [9728]: # of matches found 18412 and it took: 35805.7ms
query [9729]: # of matches found 18388 and it took: 35551.3ms
query [9730]: # of matches found 18373 and it took: 35502.9ms
query [9731]: # of matches found 18321 and it took: 36036.2ms
query [9732]: # of matches found 18344 and it took: 35910.2ms
query [9733]: # of matches found 18254 and it took: 35944.6ms
query [9734]: # of matches found 18276 and it took: 36348ms
query [9735]: # of matches found 18369 and it took: 36585.9ms
query [9736]: # of matches found 18466 and it took: 36064.1ms
query [9737]: # of matches found 18537 and it took: 36558.6ms
query [9738]: # of matches found 18729 and it took: 36956.7ms
query [9739]: # of matches found 18905 and it took: 36689.2ms
query [9740]: # of matches found 18994 and it took: 37140.1ms
query [9741]: # of matches found 19155 and it took: 37110.9ms
query [9742]: # of matches found 19086 and it took: 37359.9ms
query [9743]: # of matches found 19531 and it took: 37208.7ms
query [9744]: # of matches found 19413 and it took: 37439.8ms
query [9745]: # of matches found 19518 and it took: 37402.1ms
query [9746]: # of matches found 19554 and it took: 37232.5ms
query [9747]: # of matches found 19467 and it took: 36847.5ms
query [9748]: # of matches found 19448 and it took: 37544.5ms
query [9749]: # of matches found 19439 and it took: 37422.4ms
query [9750]: # of matches found 19331 and it took: 37660.1ms
query [9751]: # of matches found 18569 and it took: 37545.8ms
query [9752]: # of matches found 18509 and it took: 37619.9ms
query [9753]: # of matches found 18476 and it took: 37361ms
query [9754]: # of matches found 18344 and it took: 37647.7ms
query [9755]: # of matches found 18327 and it took: 37816.8ms
query [9756]: # of matches found 18327 and it took: 37719.3ms
query [9757]: # of matches found 18330 and it took: 37414.2ms
query [9758]: # of matches found 18280 and it took: 37793.2ms
query [9759]: # of matches found 18282 and it took: 37764.9ms
query [9760]: # of matches found 18351 and it took: 38225.2ms
query [9761]: # of matches found 18340 and it took: 37647.9ms
query [9762]: # of matches found 18324 and it took: 37908.1ms
query [9763]: # of matches found 18290 and it took: 37725.7ms
query [9764]: # of matches found 18209 and it took: 38073.2ms
query [9765]: # of matches found 18223 and it took: 37910.2ms
query [9766]: # of matches found 18658 and it took: 37873.2ms
query [9767]: # of matches found 18696 and it took: 37646ms
query [9768]: # of matches found 18711 and it took: 37953.7ms
query [9769]: # of matches found 18728 and it took: 37652.6ms
query [9770]: # of matches found 18732 and it took: 37956.9ms
query [9771]: # of matches found 18726 and it took: 37983.8ms
query [9772]: # of matches found 18735 and it took: 37813.5ms
query [9773]: # of matches found 18727 and it took: 37425.5ms
query [9774]: # of matches found 18763 and it took: 37419.4ms
query [9775]: # of matches found 18976 and it took: 37498.2ms
query [9776]: # of matches found 19022 and it took: 37231.3ms
query [9777]: # of matches found 18995 and it took: 37219.5ms
query [9778]: # of matches found 18996 and it took: 37440.5ms
query [9779]: # of matches found 19034 and it took: 36854.7ms
query [9780]: # of matches found 19027 and it took: 37357.9ms
query [9781]: # of matches found 19046 and it took: 37345.8ms
query [9782]: # of matches found 19039 and it took: 37253.4ms
query [9783]: # of matches found 19090 and it took: 37317ms
query [9784]: # of matches found 18967 and it took: 37603.6ms
query [9785]: # of matches found 18917 and it took: 38117ms
query [9786]: # of matches found 18978 and it took: 37843.2ms
query [9787]: # of matches found 18978 and it took: 37649.7ms
query [9788]: # of matches found 19226 and it took: 38126.1ms
query [9789]: # of matches found 19322 and it took: 38200.4ms
query [9790]: # of matches found 19389 and it took: 37979.9ms
query [9791]: # of matches found 14441 and it took: 38978.3ms
query [9792]: # of matches found 14464 and it took: 38590.1ms
query [9793]: # of matches found 14516 and it took: 39656.5ms
query [9794]: # of matches found 14389 and it took: 39553.2ms
query [9795]: # of matches found 14350 and it took: 39286.2ms
query [9796]: # of matches found 14402 and it took: 39270ms
query [9797]: # of matches found 11650 and it took: 39159.1ms
query [9798]: # of matches found 11682 and it took: 39215.1ms
query [9799]: # of matches found 11615 and it took: 39380.8ms
query [9800]: # of matches found 11615 and it took: 39771.7ms
query [9801]: # of matches found 11534 and it took: 39577.4ms
query [9802]: # of matches found 11578 and it took: 39250.6ms
query [9803]: # of matches found 11653 and it took: 39639.9ms
query [9804]: # of matches found 12243 and it took: 39723.3ms
query [9805]: # of matches found 12668 and it took: 39911.5ms
query [9806]: # of matches found 14150 and it took: 40002.3ms
query [9807]: # of matches found 14278 and it took: 39812.6ms
query [9808]: # of matches found 14491 and it took: 40488.4ms
query [9809]: # of matches found 15003 and it took: 39731.4ms
query [9810]: # of matches found 15135 and it took: 40124.6ms
query [9811]: # of matches found 15175 and it took: 40229.9ms
query [9812]: # of matches found 15254 and it took: 39913.2ms
query [9813]: # of matches found 15308 and it took: 39757.6ms
query [9814]: # of matches found 15484 and it took: 40279.1ms
query [9815]: # of matches found 15509 and it took: 39943.2ms
query [9816]: # of matches found 15486 and it took: 40066.8ms
query [9817]: # of matches found 15539 and it took: 40002ms
query [9818]: # of matches found 15470 and it took: 40461.6ms
query [9819]: # of matches found 15467 and it took: 40035.3ms
query [9820]: # of matches found 15402 and it took: 40193.3ms
query [9821]: # of matches found 15468 and it took: 40154.5ms
query [9822]: # of matches found 15479 and it took: 40214.3ms
query [9823]: # of matches found 15467 and it took: 40106.1ms
query [9824]: # of matches found 15526 and it took: 40339.5ms
query [9825]: # of matches found 15519 and it took: 40397.9ms
query [9826]: # of matches found 15465 and it took: 40419.5ms
query [9827]: # of matches found 15505 and it took: 40389.5ms
query [9828]: # of matches found 15310 and it took: 40922.3ms
query [9829]: # of matches found 15176 and it took: 40605ms
query [9830]: # of matches found 14983 and it took: 41179.7ms
query [9831]: # of matches found 15164 and it took: 41240ms
query [9832]: # of matches found 15344 and it took: 40966.3ms
query [9833]: # of matches found 15369 and it took: 41002.2ms
query [9834]: # of matches found 14496 and it took: 41170.2ms
query [9835]: # of matches found 14547 and it took: 41215.4ms
query [9836]: # of matches found 14861 and it took: 41432.6ms
query [9837]: # of matches found 14833 and it took: 41255.1ms
query [9838]: # of matches found 14788 and it took: 41614ms
query [9839]: # of matches found 14901 and it took: 41849.4ms
query [9840]: # of matches found 14952 and it took: 42794.9ms
query [9841]: # of matches found 15042 and it took: 42413.6ms
query [9842]: # of matches found 15001 and it took: 42419.8ms
query [9843]: # of matches found 15047 and it took: 42178.2ms
query [9844]: # of matches found 15040 and it took: 41360.9ms
query [9845]: # of matches found 15057 and it took: 40916.6ms
query [9846]: # of matches found 15079 and it took: 41375.4ms
query [9847]: # of matches found 15102 and it took: 40932.8ms
query [9848]: # of matches found 14961 and it took: 41553.9ms
query [9849]: # of matches found 14963 and it took: 40797.1ms
query [9850]: # of matches found 14980 and it took: 41131.9ms
query [9851]: # of matches found 15025 and it took: 41049ms
query [9852]: # of matches found 15099 and it took: 40880.7ms
query [9853]: # of matches found 15103 and it took: 40975.5ms
query [9854]: # of matches found 15124 and it took: 40492.7ms
query [9855]: # of matches found 15199 and it took: 40839.2ms
query [9856]: # of matches found 15293 and it took: 40836.1ms
query [9857]: # of matches found 16085 and it took: 40182.9ms
query [9858]: # of matches found 16275 and it took: 40461.3ms
query [9859]: # of matches found 16318 and it took: 40528.1ms
query [9860]: # of matches found 15989 and it took: 40732.2ms
query [9861]: # of matches found 15987 and it took: 41245.5ms
query [9862]: # of matches found 16001 and it took: 41984.3ms
query [9863]: # of matches found 16042 and it took: 40107.8ms
query [9864]: # of matches found 16046 and it took: 40234.9ms
query [9865]: # of matches found 16039 and it took: 40880.6ms
query [9866]: # of matches found 16077 and it took: 40320.7ms
query [9867]: # of matches found 16132 and it took: 39703.2ms
query [9868]: # of matches found 16101 and it took: 39941.4ms
query [9869]: # of matches found 16224 and it took: 39770.7ms
query [9870]: # of matches found 16212 and it took: 39607.9ms
query [9871]: # of matches found 16230 and it took: 39639.2ms
query [9872]: # of matches found 16186 and it took: 39246.2ms
query [9873]: # of matches found 16315 and it took: 39324.9ms
query [9874]: # of matches found 16325 and it took: 38884.2ms
query [9875]: # of matches found 16241 and it took: 38618.4ms
query [9876]: # of matches found 17619 and it took: 38789.5ms
query [9877]: # of matches found 17732 and it took: 38977.9ms
query [9878]: # of matches found 17694 and it took: 38649.5ms
query [9879]: # of matches found 17762 and it took: 38724ms
query [9880]: # of matches found 17537 and it took: 38699.8ms
query [9881]: # of matches found 17230 and it took: 38656ms
query [9882]: # of matches found 17233 and it took: 39092.1ms
query [9883]: # of matches found 17169 and it took: 39274.1ms
query [9884]: # of matches found 17133 and it took: 39222.4ms
query [9885]: # of matches found 16562 and it took: 38853.8ms
query [9886]: # of matches found 16681 and it took: 38526.2ms
query [9887]: # of matches found 16739 and it took: 38299.1ms
query [9888]: # of matches found 16880 and it took: 38361.5ms
query [9889]: # of matches found 16896 and it took: 38676.3ms
query [9890]: # of matches found 16889 and it took: 38989.4ms
query [9891]: # of matches found 16894 and it took: 38822.1ms
query [9892]: # of matches found 16908 and it took: 38877.3ms
query [9893]: # of matches found 16922 and it took: 39213.1ms
query [9894]: # of matches found 17005 and it took: 38611.2ms
query [9895]: # of matches found 16997 and it took: 38685.8ms
query [9896]: # of matches found 16974 and it took: 39303.9ms
query [9897]: # of matches found 16980 and it took: 39013.9ms
query [9898]: # of matches found 16976 and it took: 38765.5ms
query [9899]: # of matches found 16933 and it took: 38597.9ms
query [9900]: # of matches found 16821 and it took: 39335.6ms
query [9901]: # of matches found 16823 and it took: 38741.3ms
query [9902]: # of matches found 16814 and it took: 38907.5ms
query [9903]: # of matches found 16812 and it took: 38895.9ms
query [9904]: # of matches found 16834 and it took: 38417.4ms
query [9905]: # of matches found 16844 and it took: 38779.1ms
query [9906]: # of matches found 16489 and it took: 39109.7ms
query [9907]: # of matches found 16538 and it took: 38723.6ms
query [9908]: # of matches found 16544 and it took: 38586.8ms
query [9909]: # of matches found 16512 and it took: 39021.3ms
query [9910]: # of matches found 16512 and it took: 39662.9ms
query [9911]: # of matches found 16548 and it took: 39573.7ms
query [9912]: # of matches found 16571 and it took: 39874.3ms
query [9913]: # of matches found 16606 and it took: 39073.6ms
query [9914]: # of matches found 16557 and it took: 39329.5ms
query [9915]: # of matches found 16677 and it took: 38620ms
query [9916]: # of matches found 16645 and it took: 39370.1ms
query [9917]: # of matches found 16680 and it took: 38958.9ms
query [9918]: # of matches found 16695 and it took: 38621.8ms
query [9919]: # of matches found 16871 and it took: 39786.9ms
query [9920]: # of matches found 17047 and it took: 38483.3ms
query [9921]: # of matches found 17034 and it took: 38384.1ms
query [9922]: # of matches found 17068 and it took: 38455.1ms
query [9923]: # of matches found 17069 and it took: 38598.5ms
query [9924]: # of matches found 17035 and it took: 38797.4ms
query [9925]: # of matches found 16974 and it took: 38277.5ms
query [9926]: # of matches found 16909 and it took: 38786.4ms
query [9927]: # of matches found 16796 and it took: 38864.9ms
query [9928]: # of matches found 16731 and it took: 38127.8ms
query [9929]: # of matches found 16596 and it took: 38273.6ms
query [9930]: # of matches found 16572 and it took: 38879.2ms
query [9931]: # of matches found 16495 and it took: 38357.1ms
query [9932]: # of matches found 16875 and it took: 38278.4ms
query [9933]: # of matches found 16837 and it took: 38019.9ms
query [9934]: # of matches found 16898 and it took: 37706.3ms
query [9935]: # of matches found 16889 and it took: 37795.6ms
query [9936]: # of matches found 16799 and it took: 37949.4ms
query [9937]: # of matches found 16908 and it took: 37696.7ms
query [9938]: # of matches found 16872 and it took: 37595.3ms
query [9939]: # of matches found 16901 and it took: 37578.7ms
query [9940]: # of matches found 16939 and it took: 39128.1ms
query [9941]: # of matches found 17035 and it took: 38246.3ms
query [9942]: # of matches found 17028 and it took: 38511.8ms
query [9943]: # of matches found 16937 and it took: 37853.6ms
query [9944]: # of matches found 16455 and it took: 38587.5ms
query [9945]: # of matches found 16087 and it took: 38082.7ms
query [9946]: # of matches found 15052 and it took: 38139.1ms
query [9947]: # of matches found 14587 and it took: 38212.7ms
query [9948]: # of matches found 14386 and it took: 38557.5ms
query [9949]: # of matches found 13813 and it took: 38235.8ms
query [9950]: # of matches found 13644 and it took: 38366.1ms
query [9951]: # of matches found 13530 and it took: 38162.3ms
query [9952]: # of matches found 13548 and it took: 38292.1ms
query [9953]: # of matches found 13439 and it took: 37954.8ms
query [9954]: # of matches found 13457 and it took: 37818ms
query [9955]: # of matches found 13308 and it took: 37572.9ms
query [9956]: # of matches found 13305 and it took: 38116.6ms
query [9957]: # of matches found 13250 and it took: 38215.6ms
query [9958]: # of matches found 13236 and it took: 38386.9ms
query [9959]: # of matches found 13261 and it took: 38083.5ms
query [9960]: # of matches found 13231 and it took: 39610.1ms
query [9961]: # of matches found 13209 and it took: 39591.4ms
query [9962]: # of matches found 13220 and it took: 39265ms
query [9963]: # of matches found 13283 and it took: 39367.2ms
query [9964]: # of matches found 14721 and it took: 40736.5ms
query [9965]: # of matches found 14743 and it took: 39264.9ms
query [9966]: # of matches found 14736 and it took: 39410.8ms
query [9967]: # of matches found 14727 and it took: 38868.5ms
query [9968]: # of matches found 14598 and it took: 38683.2ms
query [9969]: # of matches found 14586 and it took: 38987.3ms
query [9970]: # of matches found 14595 and it took: 38243.7ms
query [9971]: # of matches found 14383 and it took: 38216.4ms
query [9972]: # of matches found 14323 and it took: 38483.3ms
query [9973]: # of matches found 14286 and it took: 38609.3ms
query [9974]: # of matches found 14392 and it took: 38569ms
query [9975]: # of matches found 14444 and it took: 38704.4ms
query [9976]: # of matches found 14156 and it took: 38692.2ms
query [9977]: # of matches found 14276 and it took: 38542.5ms
query [9978]: # of matches found 14430 and it took: 38504.3ms
query [9979]: # of matches found 14883 and it took: 38504.7ms
query [9980]: # of matches found 14802 and it took: 38278.3ms
query [9981]: # of matches found 14748 and it took: 38042.1ms
query [9982]: # of matches found 14712 and it took: 38362.1ms
query [9983]: # of matches found 14627 and it took: 38689.8ms
query [9984]: # of matches found 14629 and it took: 38264.6ms
query [9985]: # of matches found 14606 and it took: 38185ms
query [9986]: # of matches found 14569 and it took: 38910.5ms
query [9987]: # of matches found 14534 and it took: 39085ms
query [9988]: # of matches found 14531 and it took: 38230.8ms
query [9989]: # of matches found 14523 and it took: 38696.9ms
query [9990]: # of matches found 14463 and it took: 38419.4ms
query [9991]: # of matches found 14407 and it took: 38511.2ms
query [9992]: # of matches found 14592 and it took: 38591.9ms
query [9993]: # of matches found 14592 and it took: 38998.2ms
query [9994]: # of matches found 14539 and it took: 39062.8ms
query [9995]: # of matches found 14485 and it took: 38324.8ms
query [9996]: # of matches found 14394 and it took: 38936.4ms
query [9997]: # of matches found 13614 and it took: 38962.8ms
query [9998]: # of matches found 13422 and it took: 38523.4ms
query [9999]: # of matches found 13376 and it took: 38460.4ms
PARMIK's matches per query up to q (1000) => [average: 31797, median: 18701, sum: 31797951]
Starting alignment for all queries [rev]...
queryBaseIndex: 9000
query [9000]: # of matches found 13117 and it took: 37393.2ms
query [9001]: # of matches found 13586 and it took: 38196.7ms
query [9002]: # of matches found 13569 and it took: 37300.9ms
query [9003]: # of matches found 13583 and it took: 37238.2ms
query [9004]: # of matches found 14425 and it took: 37523ms
query [9005]: # of matches found 14632 and it took: 37438.5ms
query [9006]: # of matches found 14695 and it took: 37671.3ms
query [9007]: # of matches found 14689 and it took: 37456.8ms
query [9008]: # of matches found 14714 and it took: 37602.4ms
query [9009]: # of matches found 14762 and it took: 37769.8ms
query [9010]: # of matches found 14751 and it took: 37661ms
query [9011]: # of matches found 14829 and it took: 37772.5ms
query [9012]: # of matches found 14856 and it took: 37836.4ms
query [9013]: # of matches found 14920 and it took: 37711.7ms
query [9014]: # of matches found 14880 and it took: 38061.3ms
query [9015]: # of matches found 14830 and it took: 37933.2ms
query [9016]: # of matches found 14783 and it took: 38128.4ms
query [9017]: # of matches found 14290 and it took: 38078.1ms
query [9018]: # of matches found 13103 and it took: 38323ms
query [9019]: # of matches found 13099 and it took: 38427.2ms
query [9020]: # of matches found 12934 and it took: 38462.3ms
query [9021]: # of matches found 12817 and it took: 38596.6ms
query [9022]: # of matches found 12783 and it took: 38366.6ms
query [9023]: # of matches found 12758 and it took: 38280.3ms
query [9024]: # of matches found 12848 and it took: 38520ms
query [9025]: # of matches found 12850 and it took: 38502.4ms
query [9026]: # of matches found 12862 and it took: 38698.9ms
query [9027]: # of matches found 12870 and it took: 38623.8ms
query [9028]: # of matches found 12887 and it took: 38718.3ms
query [9029]: # of matches found 12931 and it took: 38676.8ms
query [9030]: # of matches found 12897 and it took: 38771.6ms
query [9031]: # of matches found 13660 and it took: 38492.6ms
query [9032]: # of matches found 13639 and it took: 38470.4ms
query [9033]: # of matches found 13860 and it took: 38358.5ms
query [9034]: # of matches found 13869 and it took: 38545.5ms
query [9035]: # of matches found 13848 and it took: 38377.1ms
query [9036]: # of matches found 13682 and it took: 38663.2ms
query [9037]: # of matches found 13606 and it took: 38820.2ms
query [9038]: # of matches found 13604 and it took: 38792.3ms
query [9039]: # of matches found 13572 and it took: 38645.6ms
query [9040]: # of matches found 13504 and it took: 37942.1ms
query [9041]: # of matches found 13505 and it took: 37682.8ms
query [9042]: # of matches found 13449 and it took: 37509.9ms
query [9043]: # of matches found 13378 and it took: 37714.1ms
query [9044]: # of matches found 13281 and it took: 37663.8ms
query [9045]: # of matches found 13123 and it took: 37703.5ms
query [9046]: # of matches found 13172 and it took: 37624.3ms
query [9047]: # of matches found 13185 and it took: 37160.5ms
query [9048]: # of matches found 13187 and it took: 37420.3ms
query [9049]: # of matches found 13200 and it took: 37538.7ms
query [9050]: # of matches found 13224 and it took: 37737.8ms
query [9051]: # of matches found 13255 and it took: 37610.6ms
query [9052]: # of matches found 13300 and it took: 37959ms
query [9053]: # of matches found 13300 and it took: 37790.4ms
query [9054]: # of matches found 13343 and it took: 37454.3ms
query [9055]: # of matches found 13407 and it took: 37539.8ms
query [9056]: # of matches found 13070 and it took: 37562.6ms
query [9057]: # of matches found 13369 and it took: 37281.4ms
query [9058]: # of matches found 13395 and it took: 37550.8ms
query [9059]: # of matches found 13353 and it took: 37708.2ms
query [9060]: # of matches found 13312 and it took: 37451.9ms
query [9061]: # of matches found 13020 and it took: 37297ms
query [9062]: # of matches found 13034 and it took: 37857.9ms
query [9063]: # of matches found 13040 and it took: 37512.8ms
query [9064]: # of matches found 13016 and it took: 37473.5ms
query [9065]: # of matches found 13007 and it took: 37783.3ms
query [9066]: # of matches found 13013 and it took: 37736ms
query [9067]: # of matches found 12979 and it took: 37422.9ms
query [9068]: # of matches found 12997 and it took: 37357.3ms
query [9069]: # of matches found 13185 and it took: 37452.6ms
query [9070]: # of matches found 13230 and it took: 37206.7ms
query [9071]: # of matches found 13275 and it took: 37247.4ms
query [9072]: # of matches found 13282 and it took: 37425.8ms
query [9073]: # of matches found 12389 and it took: 36671.2ms
query [9074]: # of matches found 12358 and it took: 36904.8ms
query [9075]: # of matches found 13244 and it took: 37141.3ms
query [9076]: # of matches found 13259 and it took: 37345.6ms
query [9077]: # of matches found 13168 and it took: 36885.4ms
query [9078]: # of matches found 13119 and it took: 37012.4ms
query [9079]: # of matches found 13038 and it took: 36928.6ms
query [9080]: # of matches found 13012 and it took: 36658.8ms
query [9081]: # of matches found 13064 and it took: 36804.5ms
query [9082]: # of matches found 13079 and it took: 37159.5ms
query [9083]: # of matches found 13270 and it took: 36949.4ms
query [9084]: # of matches found 13274 and it took: 36717ms
query [9085]: # of matches found 13308 and it took: 36960.2ms
query [9086]: # of matches found 13386 and it took: 37108ms
query [9087]: # of matches found 13362 and it took: 36801.2ms
query [9088]: # of matches found 13355 and it took: 36573.1ms
query [9089]: # of matches found 13425 and it took: 36535ms
query [9090]: # of matches found 13405 and it took: 36199ms
query [9091]: # of matches found 13401 and it took: 36416.1ms
query [9092]: # of matches found 13389 and it took: 36616ms
query [9093]: # of matches found 13388 and it took: 36268.9ms
query [9094]: # of matches found 13413 and it took: 36434.6ms
query [9095]: # of matches found 13404 and it took: 36458.8ms
query [9096]: # of matches found 13500 and it took: 36575.9ms
query [9097]: # of matches found 13447 and it took: 36415.1ms
query [9098]: # of matches found 13462 and it took: 36418.3ms
query [9099]: # of matches found 13461 and it took: 36377.1ms
query [9100]: # of matches found 13530 and it took: 36217.9ms
query [9101]: # of matches found 13574 and it took: 36418.9ms
query [9102]: # of matches found 30041 and it took: 36544.7ms
query [9103]: # of matches found 30061 and it took: 36217.9ms
query [9104]: # of matches found 30301 and it took: 36156.5ms
query [9105]: # of matches found 30540 and it took: 35919.1ms
query [9106]: # of matches found 30698 and it took: 36368.4ms
query [9107]: # of matches found 31033 and it took: 36499.3ms
query [9108]: # of matches found 30946 and it took: 36020ms
query [9109]: # of matches found 30945 and it took: 36562.7ms
query [9110]: # of matches found 31129 and it took: 36341.1ms
query [9111]: # of matches found 31208 and it took: 36683.1ms
query [9112]: # of matches found 31465 and it took: 36561.2ms
query [9113]: # of matches found 31528 and it took: 35920.9ms
query [9114]: # of matches found 31541 and it took: 36290.6ms
query [9115]: # of matches found 31562 and it took: 36174.6ms
query [9116]: # of matches found 31614 and it took: 36337.6ms
query [9117]: # of matches found 31615 and it took: 36071.7ms
query [9118]: # of matches found 31781 and it took: 36148ms
query [9119]: # of matches found 31746 and it took: 36403.3ms
query [9120]: # of matches found 31774 and it took: 36101.8ms
query [9121]: # of matches found 33668 and it took: 36511.5ms
query [9122]: # of matches found 33066 and it took: 36481.6ms
query [9123]: # of matches found 470359 and it took: 36735.5ms
query [9124]: # of matches found 470414 and it took: 37012.5ms
query [9125]: # of matches found 470399 and it took: 36894.6ms
query [9126]: # of matches found 470406 and it took: 36999.1ms
query [9127]: # of matches found 470384 and it took: 36883.2ms
query [9128]: # of matches found 470304 and it took: 36865.4ms
query [9129]: # of matches found 470217 and it took: 37001.2ms
query [9130]: # of matches found 469744 and it took: 36846.8ms
query [9131]: # of matches found 469658 and it took: 37130.9ms
query [9132]: # of matches found 469632 and it took: 37127ms
query [9133]: # of matches found 469648 and it took: 36819.8ms
query [9134]: # of matches found 469675 and it took: 36901ms
query [9135]: # of matches found 469677 and it took: 37081.8ms
query [9136]: # of matches found 469671 and it took: 37123.3ms
query [9137]: # of matches found 469647 and it took: 37075.1ms
query [9138]: # of matches found 469702 and it took: 37037.8ms
query [9139]: # of matches found 469665 and it took: 37144.8ms
query [9140]: # of matches found 469690 and it took: 37022.8ms
query [9141]: # of matches found 469256 and it took: 37157.5ms
query [9142]: # of matches found 469333 and it took: 37093.8ms
query [9143]: # of matches found 469390 and it took: 36829.6ms
query [9144]: # of matches found 468625 and it took: 36914.5ms
query [9145]: # of matches found 468478 and it took: 36808.4ms
query [9146]: # of matches found 468522 and it took: 36835.9ms
query [9147]: # of matches found 468510 and it took: 36834.1ms
query [9148]: # of matches found 468485 and it took: 36573.8ms
query [9149]: # of matches found 468478 and it took: 36830.8ms
query [9150]: # of matches found 468570 and it took: 36612ms
query [9151]: # of matches found 468535 and it took: 36963.2ms
query [9152]: # of matches found 468522 and it took: 36851.1ms
query [9153]: # of matches found 468854 and it took: 36684.1ms
query [9154]: # of matches found 468908 and it took: 36673.9ms
query [9155]: # of matches found 468942 and it took: 36555.9ms
