no kmerRangesFileAddressArg!
no otherToolArg!
**********************CONFIGURATIONS*****************************
PARMIK mode:                  3
readDatabaseAddress:          /p/lava/parmik/partialMatcherProject/datasets/metagenomicDB/SRR14381434/SRR14381434_reads
readFileName:                 SRR14381434_reads
queryFileAddress:             /p/lava/parmik/partialMatcherProject/datasets/queryFiles/covidQueryFiles/SarsGenome_chunks/SarsGenome_queries_12000-12999
queryFileName:                SarsGenome_queries_12000-12999
otherToolOutputFileAddress:   /u/rgq5aw/GIT/PARMIK/partialMatcherProject/tools/blast/SRR14381434/SarsGenome/blastn_ws30_results.out
outputDir:                    /p/lava/parmik/partialMatcherProject/tools/baseline_ssw/SRR14381434/SarsGenome
penaltyFileAddress:           /u/rgq5aw/GIT/PARMIK/experiments/parmik/CK_SSW_ID_PRCNTG/PenaltySets/2484_1111_2444_2288_2848
kmerRangesFileAddress:        
readsCount:                   17000000
queryCount:                   30000
kmerLength:                   11
regionSize:                   48
cheapKmerThreshold:           0
identityPercentage:           0.85
minExactMatchLen:             0
minNumExactMatchKmer:         0
isIndexOffline:               1
offlineIndexAddress:          /p/lava/parmik/partialMatcherProject/tools/parmik/CK_INDEX/SRR14381434/
max editDistance in min region: 2
**********************CONFIGURATIONS*****************************
--------------Penalties--------------
m: 2, s: 4, go: 8, ge: 4
m: 1, s: 1, go: 1, ge: 1
m: 2, s: 4, go: 4, ge: 4
m: 2, s: 2, go: 8, ge: 8
m: 2, s: 8, go: 4, ge: 8
------------------------------------
numberOfReadsWithN : 0
queryCount : 1000
numberOfReadsWithN : 0
readCount : 9488668
offlineCheapIndexAddress: /p/lava/parmik/partialMatcherProject/tools/parmik/CK_INDEX/SRR14381434/ck_T0_K11_r17000000
pmrkAlignmentsAddress: /p/lava/parmik/partialMatcherProject/tools/baseline_ssw/SRR14381434/SarsGenome/aln/pmAln_R48_PI85_L0_M0_E2_K11_T0_P_2484_1111_2444_2288_2848.txt
Starting alignment for all queries [fwd]...
queryBaseIndex: 12000
query [12000]: # of matches found 19181 and it took: 63975.8ms
query [12001]: # of matches found 19247 and it took: 64156.9ms
query [12002]: # of matches found 19289 and it took: 62952.5ms
query [12003]: # of matches found 19407 and it took: 64030.5ms
query [12004]: # of matches found 19496 and it took: 63739.8ms
query [12005]: # of matches found 19539 and it took: 63590.3ms
query [12006]: # of matches found 19587 and it took: 63704.4ms
query [12007]: # of matches found 19599 and it took: 63198.4ms
query [12008]: # of matches found 13272 and it took: 62728.2ms
query [12009]: # of matches found 13302 and it took: 62950.6ms
query [12010]: # of matches found 13301 and it took: 62523ms
query [12011]: # of matches found 13335 and it took: 62616ms
query [12012]: # of matches found 13362 and it took: 61499.4ms
query [12013]: # of matches found 13356 and it took: 62523.2ms
query [12014]: # of matches found 13249 and it took: 62414.7ms
query [12015]: # of matches found 13156 and it took: 62458.3ms
query [12016]: # of matches found 13162 and it took: 62796.1ms
query [12017]: # of matches found 13177 and it took: 62167.7ms
query [12018]: # of matches found 13221 and it took: 62426.2ms
query [12019]: # of matches found 13248 and it took: 62085.3ms
query [12020]: # of matches found 13290 and it took: 61977.2ms
query [12021]: # of matches found 13335 and it took: 62044.6ms
query [12022]: # of matches found 13345 and it took: 61084.4ms
query [12023]: # of matches found 13320 and it took: 62641.1ms
query [12024]: # of matches found 13284 and it took: 62512.3ms
query [12025]: # of matches found 13298 and it took: 62607.9ms
query [12026]: # of matches found 12354 and it took: 62746.5ms
query [12027]: # of matches found 12343 and it took: 62291.9ms
query [12028]: # of matches found 12332 and it took: 62363.6ms
query [12029]: # of matches found 12237 and it took: 62346.5ms
query [12030]: # of matches found 12129 and it took: 62278.3ms
query [12031]: # of matches found 12200 and it took: 62821ms
query [12032]: # of matches found 12422 and it took: 62025.7ms
query [12033]: # of matches found 12514 and it took: 63435.5ms
query [12034]: # of matches found 12705 and it took: 63806.8ms
query [12035]: # of matches found 12738 and it took: 63522.1ms
query [12036]: # of matches found 12799 and it took: 63879.5ms
query [12037]: # of matches found 12838 and it took: 63652.3ms
query [12038]: # of matches found 12834 and it took: 63839.8ms
query [12039]: # of matches found 12934 and it took: 63964.9ms
query [12040]: # of matches found 12951 and it took: 63962.5ms
query [12041]: # of matches found 12919 and it took: 64189.8ms
query [12042]: # of matches found 12842 and it took: 63299.2ms
query [12043]: # of matches found 12854 and it took: 64370.5ms
query [12044]: # of matches found 12839 and it took: 65004.1ms
query [12045]: # of matches found 12785 and it took: 64532.9ms
query [12046]: # of matches found 12791 and it took: 65102.9ms
query [12047]: # of matches found 12745 and it took: 64663.3ms
query [12048]: # of matches found 12765 and it took: 65064.8ms
query [12049]: # of matches found 12736 and it took: 64684ms
query [12050]: # of matches found 12829 and it took: 64855.5ms
query [12051]: # of matches found 12838 and it took: 65671.4ms
query [12052]: # of matches found 12952 and it took: 63940ms
query [12053]: # of matches found 12984 and it took: 64733.4ms
query [12054]: # of matches found 13016 and it took: 65331.8ms
query [12055]: # of matches found 13046 and it took: 64980ms
query [12056]: # of matches found 13095 and it took: 65522.3ms
query [12057]: # of matches found 13138 and it took: 64662.6ms
query [12058]: # of matches found 13067 and it took: 65257.5ms
query [12059]: # of matches found 13074 and it took: 64790.9ms
query [12060]: # of matches found 13418 and it took: 63957.5ms
query [12061]: # of matches found 13501 and it took: 63805.4ms
query [12062]: # of matches found 13870 and it took: 62871.7ms
query [12063]: # of matches found 13916 and it took: 63739.3ms
query [12064]: # of matches found 13962 and it took: 63788.8ms
query [12065]: # of matches found 13902 and it took: 63582.9ms
query [12066]: # of matches found 13848 and it took: 63613.1ms
query [12067]: # of matches found 13838 and it took: 63152ms
query [12068]: # of matches found 13821 and it took: 62755.5ms
query [12069]: # of matches found 13799 and it took: 62606ms
query [12070]: # of matches found 13770 and it took: 62655.6ms
query [12071]: # of matches found 13678 and it took: 62383.2ms
query [12072]: # of matches found 13511 and it took: 62022.1ms
query [12073]: # of matches found 13371 and it took: 62543.8ms
query [12074]: # of matches found 13233 and it took: 62776.5ms
query [12075]: # of matches found 13233 and it took: 62525.4ms
query [12076]: # of matches found 13232 and it took: 62814.4ms
query [12077]: # of matches found 13216 and it took: 62575.3ms
query [12078]: # of matches found 12966 and it took: 62790.9ms
query [12079]: # of matches found 12896 and it took: 62441.5ms
query [12080]: # of matches found 12923 and it took: 62676.6ms
query [12081]: # of matches found 12909 and it took: 62468.3ms
query [12082]: # of matches found 12909 and it took: 61876.8ms
query [12083]: # of matches found 12907 and it took: 61665.6ms
query [12084]: # of matches found 12866 and it took: 62155.2ms
query [12085]: # of matches found 12928 and it took: 61908.6ms
query [12086]: # of matches found 13189 and it took: 62054.7ms
query [12087]: # of matches found 13615 and it took: 61721.5ms
query [12088]: # of matches found 13619 and it took: 62068.5ms
query [12089]: # of matches found 13631 and it took: 62043ms
query [12090]: # of matches found 13579 and it took: 62118.4ms
query [12091]: # of matches found 13553 and it took: 62285ms
query [12092]: # of matches found 13574 and it took: 62312.1ms
query [12093]: # of matches found 13603 and it took: 62024.7ms
query [12094]: # of matches found 13913 and it took: 61970.6ms
query [12095]: # of matches found 13929 and it took: 61902.9ms
query [12096]: # of matches found 14109 and it took: 62371.3ms
query [12097]: # of matches found 14177 and it took: 61878.7ms
query [12098]: # of matches found 14241 and it took: 62197ms
query [12099]: # of matches found 15274 and it took: 62421.6ms
query [12100]: # of matches found 15325 and it took: 62303ms
query [12101]: # of matches found 15328 and it took: 62508ms
query [12102]: # of matches found 15294 and it took: 62649.9ms
query [12103]: # of matches found 15293 and it took: 62844.6ms
query [12104]: # of matches found 15272 and it took: 63135.1ms
query [12105]: # of matches found 15196 and it took: 63255.3ms
query [12106]: # of matches found 15195 and it took: 63521.7ms
query [12107]: # of matches found 15180 and it took: 63068.1ms
query [12108]: # of matches found 15158 and it took: 64131.9ms
query [12109]: # of matches found 15139 and it took: 63784ms
query [12110]: # of matches found 15177 and it took: 63913.1ms
query [12111]: # of matches found 15209 and it took: 63625.5ms
query [12112]: # of matches found 15095 and it took: 63587.2ms
query [12113]: # of matches found 15119 and it took: 63686ms
query [12114]: # of matches found 15106 and it took: 63758.4ms
query [12115]: # of matches found 15101 and it took: 63586.3ms
query [12116]: # of matches found 15054 and it took: 63651.8ms
query [12117]: # of matches found 15101 and it took: 63488.2ms
query [12118]: # of matches found 15095 and it took: 64016ms
query [12119]: # of matches found 15188 and it took: 64121.2ms
query [12120]: # of matches found 15150 and it took: 64122.1ms
query [12121]: # of matches found 15100 and it took: 64233.1ms
query [12122]: # of matches found 15042 and it took: 63844.7ms
query [12123]: # of matches found 15044 and it took: 64335.4ms
query [12124]: # of matches found 15021 and it took: 64212.3ms
query [12125]: # of matches found 14961 and it took: 63965.5ms
query [12126]: # of matches found 12986 and it took: 64334.3ms
query [12127]: # of matches found 12648 and it took: 64056.8ms
query [12128]: # of matches found 12492 and it took: 64849.1ms
query [12129]: # of matches found 12320 and it took: 65037.7ms
query [12130]: # of matches found 12218 and it took: 65083.3ms
query [12131]: # of matches found 12158 and it took: 65107.6ms
query [12132]: # of matches found 12207 and it took: 64842.6ms
query [12133]: # of matches found 11992 and it took: 65415.2ms
query [12134]: # of matches found 11922 and it took: 65374.6ms
query [12135]: # of matches found 11796 and it took: 65518.2ms
query [12136]: # of matches found 11678 and it took: 66252.7ms
query [12137]: # of matches found 11626 and it took: 65175.4ms
query [12138]: # of matches found 11524 and it took: 65636.4ms
query [12139]: # of matches found 11497 and it took: 65895.4ms
query [12140]: # of matches found 11537 and it took: 66003.4ms
query [12141]: # of matches found 11627 and it took: 65915.9ms
query [12142]: # of matches found 11605 and it took: 65393.7ms
query [12143]: # of matches found 12808 and it took: 65912.6ms
query [12144]: # of matches found 12698 and it took: 66033.5ms
query [12145]: # of matches found 12760 and it took: 65775.1ms
query [12146]: # of matches found 12763 and it took: 65920.2ms
query [12147]: # of matches found 12779 and it took: 65694.4ms
query [12148]: # of matches found 12939 and it took: 66180.5ms
query [12149]: # of matches found 13036 and it took: 66083.9ms
query [12150]: # of matches found 13050 and it took: 66421.2ms
query [12151]: # of matches found 13054 and it took: 65842ms
query [12152]: # of matches found 13056 and it took: 65557.9ms
query [12153]: # of matches found 13108 and it took: 65715.3ms
query [12154]: # of matches found 13075 and it took: 65948.5ms
query [12155]: # of matches found 13095 and it took: 65965.7ms
query [12156]: # of matches found 13093 and it took: 65983.5ms
query [12157]: # of matches found 13104 and it took: 65432.7ms
query [12158]: # of matches found 13064 and it took: 65705.5ms
query [12159]: # of matches found 13021 and it took: 65567.7ms
query [12160]: # of matches found 12939 and it took: 65441.4ms
query [12161]: # of matches found 12935 and it took: 65159.2ms
query [12162]: # of matches found 12896 and it took: 64588.3ms
query [12163]: # of matches found 12880 and it took: 65050.3ms
query [12164]: # of matches found 12872 and it took: 64965.5ms
query [12165]: # of matches found 12877 and it took: 64069.3ms
query [12166]: # of matches found 12738 and it took: 64124.2ms
query [12167]: # of matches found 12734 and it took: 64044.2ms
query [12168]: # of matches found 12665 and it took: 64552.1ms
query [12169]: # of matches found 12688 and it took: 64398.2ms
query [12170]: # of matches found 12728 and it took: 64174.2ms
query [12171]: # of matches found 12700 and it took: 63686.7ms
query [12172]: # of matches found 14226 and it took: 63064.1ms
query [12173]: # of matches found 14099 and it took: 62714.6ms
query [12174]: # of matches found 13925 and it took: 63080.6ms
query [12175]: # of matches found 13987 and it took: 62617.7ms
query [12176]: # of matches found 13911 and it took: 63224.9ms
query [12177]: # of matches found 14045 and it took: 62737.4ms
query [12178]: # of matches found 13923 and it took: 62984ms
query [12179]: # of matches found 13959 and it took: 62599.8ms
query [12180]: # of matches found 13907 and it took: 63034.1ms
query [12181]: # of matches found 13909 and it took: 62263.5ms
query [12182]: # of matches found 13894 and it took: 62435.6ms
query [12183]: # of matches found 13908 and it took: 61968.5ms
query [12184]: # of matches found 13933 and it took: 61573.8ms
query [12185]: # of matches found 13965 and it took: 61727ms
query [12186]: # of matches found 13986 and it took: 61808.2ms
query [12187]: # of matches found 14120 and it took: 61530.5ms
query [12188]: # of matches found 16600 and it took: 61240ms
query [12189]: # of matches found 16723 and it took: 61417.1ms
query [12190]: # of matches found 17106 and it took: 62255.5ms
query [12191]: # of matches found 17267 and it took: 61875.2ms
query [12192]: # of matches found 17260 and it took: 62576.5ms
query [12193]: # of matches found 17253 and it took: 61751.4ms
query [12194]: # of matches found 17303 and it took: 61644.9ms
query [12195]: # of matches found 17367 and it took: 61859ms
query [12196]: # of matches found 18399 and it took: 61829ms
query [12197]: # of matches found 18473 and it took: 61411.1ms
query [12198]: # of matches found 18647 and it took: 60771.8ms
query [12199]: # of matches found 18676 and it took: 60977.7ms
query [12200]: # of matches found 18664 and it took: 61471.1ms
query [12201]: # of matches found 18480 and it took: 61526.5ms
query [12202]: # of matches found 18182 and it took: 61352.9ms
query [12203]: # of matches found 18140 and it took: 61350.7ms
query [12204]: # of matches found 18033 and it took: 61175.1ms
query [12205]: # of matches found 18087 and it took: 61519.9ms
query [12206]: # of matches found 18008 and it took: 61250.7ms
query [12207]: # of matches found 18065 and it took: 60752.1ms
query [12208]: # of matches found 18249 and it took: 60099ms
query [12209]: # of matches found 19030 and it took: 60058ms
query [12210]: # of matches found 19070 and it took: 60240.7ms
query [12211]: # of matches found 19135 and it took: 60103.3ms
query [12212]: # of matches found 19163 and it took: 60090.3ms
query [12213]: # of matches found 19543 and it took: 59612ms
query [12214]: # of matches found 21629 and it took: 59180.7ms
query [12215]: # of matches found 21683 and it took: 59087.7ms
query [12216]: # of matches found 21729 and it took: 59152.1ms
query [12217]: # of matches found 21754 and it took: 59153.2ms
query [12218]: # of matches found 21806 and it took: 59098.8ms
query [12219]: # of matches found 21908 and it took: 58925.3ms
query [12220]: # of matches found 22039 and it took: 59027.2ms
query [12221]: # of matches found 22075 and it took: 59247.7ms
query [12222]: # of matches found 22103 and it took: 59901.3ms
query [12223]: # of matches found 22114 and it took: 59168.9ms
query [12224]: # of matches found 22145 and it took: 59141ms
query [12225]: # of matches found 22124 and it took: 59171.1ms
query [12226]: # of matches found 22053 and it took: 59351.3ms
query [12227]: # of matches found 21719 and it took: 59075.5ms
query [12228]: # of matches found 21720 and it took: 59080.5ms
query [12229]: # of matches found 21596 and it took: 58757.4ms
query [12230]: # of matches found 21842 and it took: 58917.8ms
query [12231]: # of matches found 22023 and it took: 59202.1ms
query [12232]: # of matches found 22017 and it took: 59181.5ms
query [12233]: # of matches found 21983 and it took: 59205.8ms
query [12234]: # of matches found 21789 and it took: 59207.9ms
query [12235]: # of matches found 21720 and it took: 59301ms
query [12236]: # of matches found 22628 and it took: 59291.8ms
query [12237]: # of matches found 22579 and it took: 59133.2ms
query [12238]: # of matches found 22511 and it took: 58922.2ms
query [12239]: # of matches found 21474 and it took: 58782.5ms
query [12240]: # of matches found 21426 and it took: 59055.2ms
query [12241]: # of matches found 21415 and it took: 58896.4ms
query [12242]: # of matches found 21425 and it took: 58872.1ms
query [12243]: # of matches found 21447 and it took: 58902.6ms
query [12244]: # of matches found 21422 and it took: 58709.4ms
query [12245]: # of matches found 21421 and it took: 58994.2ms
query [12246]: # of matches found 21410 and it took: 59308.7ms
query [12247]: # of matches found 21413 and it took: 58927.4ms
query [12248]: # of matches found 21466 and it took: 59380.5ms
query [12249]: # of matches found 21466 and it took: 59384.8ms
query [12250]: # of matches found 21656 and it took: 59505.5ms
query [12251]: # of matches found 21731 and it took: 59287ms
query [12252]: # of matches found 21978 and it took: 59609.1ms
query [12253]: # of matches found 22020 and it took: 59230.7ms
query [12254]: # of matches found 21996 and it took: 59079.1ms
query [12255]: # of matches found 22324 and it took: 59358.6ms
query [12256]: # of matches found 22250 and it took: 59564.4ms
query [12257]: # of matches found 22222 and it took: 59245.7ms
query [12258]: # of matches found 22214 and it took: 59546.2ms
query [12259]: # of matches found 22072 and it took: 59507.1ms
query [12260]: # of matches found 22065 and it took: 59790.6ms
query [12261]: # of matches found 22052 and it took: 59847.8ms
query [12262]: # of matches found 22049 and it took: 59693.7ms
query [12263]: # of matches found 22015 and it took: 59573.9ms
query [12264]: # of matches found 22015 and it took: 59301.8ms
query [12265]: # of matches found 22044 and it took: 59904.4ms
query [12266]: # of matches found 22105 and it took: 60175.9ms
query [12267]: # of matches found 22184 and it took: 59564.2ms
query [12268]: # of matches found 22642 and it took: 59891.4ms
query [12269]: # of matches found 22931 and it took: 60082.5ms
query [12270]: # of matches found 22899 and it took: 60235ms
query [12271]: # of matches found 22911 and it took: 60320.1ms
query [12272]: # of matches found 22861 and it took: 60153.9ms
query [12273]: # of matches found 22861 and it took: 60148.8ms
query [12274]: # of matches found 22862 and it took: 59179.8ms
query [12275]: # of matches found 22853 and it took: 59848.1ms
query [12276]: # of matches found 22829 and it took: 60018.9ms
query [12277]: # of matches found 22823 and it took: 59765.2ms
query [12278]: # of matches found 22798 and it took: 59889.4ms
query [12279]: # of matches found 22758 and it took: 59967ms
query [12280]: # of matches found 22571 and it took: 60205.9ms
query [12281]: # of matches found 22467 and it took: 60195ms
query [12282]: # of matches found 22470 and it took: 59966.5ms
query [12283]: # of matches found 21234 and it took: 60173.9ms
query [12284]: # of matches found 21160 and it took: 59284.3ms
query [12285]: # of matches found 21129 and it took: 60105ms
query [12286]: # of matches found 21020 and it took: 60035.9ms
query [12287]: # of matches found 20981 and it took: 59768.2ms
query [12288]: # of matches found 20844 and it took: 59901.5ms
query [12289]: # of matches found 20717 and it took: 59985.6ms
query [12290]: # of matches found 20732 and it took: 60793.8ms
query [12291]: # of matches found 20791 and it took: 61111.2ms
query [12292]: # of matches found 20904 and it took: 61020.8ms
query [12293]: # of matches found 20934 and it took: 60450.5ms
query [12294]: # of matches found 20945 and it took: 59981ms
query [12295]: # of matches found 21084 and it took: 61112.7ms
query [12296]: # of matches found 21111 and it took: 61268.9ms
query [12297]: # of matches found 21177 and it took: 60750.9ms
query [12298]: # of matches found 21145 and it took: 60625.8ms
query [12299]: # of matches found 21155 and it took: 61190.9ms
query [12300]: # of matches found 21176 and it took: 61384.6ms
query [12301]: # of matches found 21179 and it took: 61608.9ms
query [12302]: # of matches found 21170 and it took: 61550.2ms
query [12303]: # of matches found 21197 and it took: 61601.5ms
query [12304]: # of matches found 21219 and it took: 61125.7ms
query [12305]: # of matches found 21257 and it took: 61754.6ms
query [12306]: # of matches found 21302 and it took: 61830.3ms
query [12307]: # of matches found 21380 and it took: 61544.7ms
query [12308]: # of matches found 21374 and it took: 61565.5ms
query [12309]: # of matches found 21343 and it took: 62021ms
query [12310]: # of matches found 21299 and it took: 61892.2ms
query [12311]: # of matches found 21277 and it took: 62118.4ms
query [12312]: # of matches found 19568 and it took: 62490.5ms
query [12313]: # of matches found 21025 and it took: 61761.8ms
query [12314]: # of matches found 20932 and it took: 61265.7ms
query [12315]: # of matches found 20835 and it took: 61758.8ms
query [12316]: # of matches found 20856 and it took: 61765.5ms
query [12317]: # of matches found 20745 and it took: 61329.7ms
query [12318]: # of matches found 20735 and it took: 61068ms
query [12319]: # of matches found 20795 and it took: 61456.1ms
query [12320]: # of matches found 20756 and it took: 61440.3ms
query [12321]: # of matches found 20814 and it took: 61582.6ms
query [12322]: # of matches found 20881 and it took: 61139.8ms
query [12323]: # of matches found 20830 and it took: 61095.5ms
query [12324]: # of matches found 20795 and it took: 61043.1ms
query [12325]: # of matches found 20705 and it took: 61979.9ms
query [12326]: # of matches found 20659 and it took: 62105.9ms
query [12327]: # of matches found 20594 and it took: 61961.1ms
query [12328]: # of matches found 20285 and it took: 61929.9ms
query [12329]: # of matches found 18043 and it took: 62430.3ms
query [12330]: # of matches found 17608 and it took: 62624.8ms
query [12331]: # of matches found 17575 and it took: 62938.1ms
query [12332]: # of matches found 17556 and it took: 62498.6ms
query [12333]: # of matches found 17437 and it took: 62734.9ms
query [12334]: # of matches found 17354 and it took: 63053.2ms
query [12335]: # of matches found 17284 and it took: 63299.8ms
query [12336]: # of matches found 16184 and it took: 63847.7ms
query [12337]: # of matches found 16103 and it took: 63609ms
query [12338]: # of matches found 15931 and it took: 63152.7ms
query [12339]: # of matches found 15995 and it took: 63754.6ms
query [12340]: # of matches found 15924 and it took: 64180.3ms
query [12341]: # of matches found 15830 and it took: 64724.9ms
query [12342]: # of matches found 15728 and it took: 63727.7ms
query [12343]: # of matches found 15828 and it took: 63312.9ms
query [12344]: # of matches found 15895 and it took: 63276.9ms
query [12345]: # of matches found 15910 and it took: 63894.6ms
query [12346]: # of matches found 15931 and it took: 64729.9ms
query [12347]: # of matches found 15947 and it took: 64423.2ms
query [12348]: # of matches found 15830 and it took: 63718.5ms
query [12349]: # of matches found 15040 and it took: 64582.2ms
query [12350]: # of matches found 15072 and it took: 64566.8ms
query [12351]: # of matches found 15082 and it took: 65455.3ms
query [12352]: # of matches found 15159 and it took: 64410ms
query [12353]: # of matches found 14931 and it took: 63395.3ms
query [12354]: # of matches found 14912 and it took: 63904.1ms
query [12355]: # of matches found 13355 and it took: 64932.6ms
query [12356]: # of matches found 13388 and it took: 64606.1ms
query [12357]: # of matches found 13437 and it took: 64587ms
query [12358]: # of matches found 13449 and it took: 63521.2ms
query [12359]: # of matches found 13370 and it took: 64686.2ms
query [12360]: # of matches found 13280 and it took: 64534ms
query [12361]: # of matches found 13307 and it took: 65321.8ms
query [12362]: # of matches found 13282 and it took: 64571.8ms
query [12363]: # of matches found 13285 and it took: 64374.2ms
query [12364]: # of matches found 13255 and it took: 64864.9ms
query [12365]: # of matches found 13241 and it took: 64665.5ms
query [12366]: # of matches found 13212 and it took: 64709.2ms
query [12367]: # of matches found 13190 and it took: 64547.7ms
query [12368]: # of matches found 13165 and it took: 64278.6ms
query [12369]: # of matches found 12948 and it took: 65537ms
query [12370]: # of matches found 12651 and it took: 64932.2ms
query [12371]: # of matches found 12424 and it took: 65560.3ms
query [12372]: # of matches found 12427 and it took: 65957ms
query [12373]: # of matches found 12439 and it took: 65033ms
query [12374]: # of matches found 12391 and it took: 66611.1ms
query [12375]: # of matches found 12396 and it took: 65930.8ms
query [12376]: # of matches found 13756 and it took: 65931.3ms
query [12377]: # of matches found 12748 and it took: 65676.8ms
query [12378]: # of matches found 12803 and it took: 65422.6ms
query [12379]: # of matches found 12781 and it took: 65715.3ms
query [12380]: # of matches found 12795 and it took: 65680.6ms
query [12381]: # of matches found 12786 and it took: 65367.9ms
query [12382]: # of matches found 12784 and it took: 64330.9ms
query [12383]: # of matches found 12905 and it took: 63443.8ms
query [12384]: # of matches found 12940 and it took: 64948.8ms
query [12385]: # of matches found 12965 and it took: 64617.9ms
query [12386]: # of matches found 12991 and it took: 64338.3ms
query [12387]: # of matches found 13173 and it took: 63710.3ms
query [12388]: # of matches found 13060 and it took: 63622.1ms
query [12389]: # of matches found 13104 and it took: 63973ms
query [12390]: # of matches found 12914 and it took: 63682.9ms
query [12391]: # of matches found 13078 and it took: 63915.8ms
query [12392]: # of matches found 12885 and it took: 63668.5ms
query [12393]: # of matches found 12827 and it took: 63046.1ms
query [12394]: # of matches found 12824 and it took: 63461ms
query [12395]: # of matches found 12489 and it took: 63355.6ms
query [12396]: # of matches found 12493 and it took: 63044.9ms
query [12397]: # of matches found 12465 and it took: 64325.6ms
query [12398]: # of matches found 12497 and it took: 63063.8ms
query [12399]: # of matches found 12556 and it took: 63378.1ms
query [12400]: # of matches found 12660 and it took: 63174.7ms
query [12401]: # of matches found 13497 and it took: 63687.5ms
query [12402]: # of matches found 13559 and it took: 63228.1ms
query [12403]: # of matches found 13516 and it took: 62605.9ms
query [12404]: # of matches found 13510 and it took: 63384.6ms
query [12405]: # of matches found 13573 and it took: 63255.9ms
query [12406]: # of matches found 13481 and it took: 62585.1ms
query [12407]: # of matches found 13989 and it took: 62714.3ms
query [12408]: # of matches found 13569 and it took: 62753.6ms
query [12409]: # of matches found 13334 and it took: 62727.1ms
query [12410]: # of matches found 13537 and it took: 62515.7ms
query [12411]: # of matches found 13722 and it took: 62942.1ms
query [12412]: # of matches found 13754 and it took: 62592ms
query [12413]: # of matches found 13779 and it took: 61870.2ms
query [12414]: # of matches found 13872 and it took: 62853.8ms
query [12415]: # of matches found 14051 and it took: 62784ms
query [12416]: # of matches found 14083 and it took: 62099.5ms
query [12417]: # of matches found 14077 and it took: 62154ms
query [12418]: # of matches found 14101 and it took: 62131.6ms
query [12419]: # of matches found 14081 and it took: 62550.1ms
query [12420]: # of matches found 14159 and it took: 62468ms
query [12421]: # of matches found 14297 and it took: 62611.7ms
query [12422]: # of matches found 14304 and it took: 62226.7ms
query [12423]: # of matches found 14222 and it took: 61426.8ms
query [12424]: # of matches found 14214 and it took: 62120.7ms
query [12425]: # of matches found 14202 and it took: 62303.1ms
query [12426]: # of matches found 14155 and it took: 61424.5ms
query [12427]: # of matches found 14221 and it took: 61894.6ms
query [12428]: # of matches found 14225 and it took: 61327.5ms
query [12429]: # of matches found 14316 and it took: 61664.3ms
query [12430]: # of matches found 14324 and it took: 61471ms
query [12431]: # of matches found 14363 and it took: 61538.2ms
query [12432]: # of matches found 14328 and it took: 61406.6ms
query [12433]: # of matches found 14268 and it took: 60675.7ms
query [12434]: # of matches found 14467 and it took: 61206.1ms
query [12435]: # of matches found 14320 and it took: 60976.6ms
query [12436]: # of matches found 14341 and it took: 60519.9ms
query [12437]: # of matches found 14271 and it took: 60902.6ms
query [12438]: # of matches found 14290 and it took: 61110.9ms
query [12439]: # of matches found 14288 and it took: 61073.4ms
query [12440]: # of matches found 14272 and it took: 61146.2ms
query [12441]: # of matches found 14326 and it took: 61171.2ms
query [12442]: # of matches found 14310 and it took: 60806.2ms
query [12443]: # of matches found 14316 and it took: 60267ms
query [12444]: # of matches found 14309 and it took: 60801.9ms
query [12445]: # of matches found 14266 and it took: 60842.5ms
query [12446]: # of matches found 14260 and it took: 60327.5ms
query [12447]: # of matches found 14160 and it took: 60508.1ms
query [12448]: # of matches found 14189 and it took: 60411ms
query [12449]: # of matches found 14213 and it took: 60633.1ms
query [12450]: # of matches found 14276 and it took: 60516.7ms
query [12451]: # of matches found 14351 and it took: 60440.2ms
query [12452]: # of matches found 14390 and it took: 60488.6ms
query [12453]: # of matches found 12898 and it took: 60084.9ms
query [12454]: # of matches found 12901 and it took: 61019.9ms
query [12455]: # of matches found 12959 and it took: 61808.2ms
query [12456]: # of matches found 12953 and it took: 61214.8ms
query [12457]: # of matches found 12919 and it took: 60795ms
query [12458]: # of matches found 12910 and it took: 61225.3ms
query [12459]: # of matches found 12853 and it took: 61553.9ms
query [12460]: # of matches found 12817 and it took: 61486.8ms
query [12461]: # of matches found 12755 and it took: 61381.5ms
query [12462]: # of matches found 12662 and it took: 60659ms
query [12463]: # of matches found 12689 and it took: 60098.2ms
query [12464]: # of matches found 12699 and it took: 60570.6ms
query [12465]: # of matches found 12721 and it took: 60720.4ms
query [12466]: # of matches found 12790 and it took: 60371.5ms
query [12467]: # of matches found 12824 and it took: 59828.2ms
query [12468]: # of matches found 12793 and it took: 60310.8ms
query [12469]: # of matches found 12737 and it took: 60676.2ms
query [12470]: # of matches found 12748 and it took: 60027.5ms
query [12471]: # of matches found 12807 and it took: 59945.8ms
query [12472]: # of matches found 12791 and it took: 59567.1ms
query [12473]: # of matches found 12801 and it took: 59227.2ms
query [12474]: # of matches found 12853 and it took: 59368.8ms
query [12475]: # of matches found 12844 and it took: 59089.5ms
query [12476]: # of matches found 12897 and it took: 58956.5ms
query [12477]: # of matches found 12925 and it took: 58679.1ms
query [12478]: # of matches found 12920 and it took: 58804.5ms
query [12479]: # of matches found 12803 and it took: 59288.9ms
query [12480]: # of matches found 12817 and it took: 59016.1ms
query [12481]: # of matches found 12839 and it took: 59063.3ms
query [12482]: # of matches found 12830 and it took: 58863.8ms
query [12483]: # of matches found 12738 and it took: 59008.8ms
query [12484]: # of matches found 12575 and it took: 58928.1ms
query [12485]: # of matches found 12533 and it took: 59716ms
query [12486]: # of matches found 12484 and it took: 58965.5ms
query [12487]: # of matches found 12470 and it took: 58765.7ms
query [12488]: # of matches found 12455 and it took: 59150.3ms
query [12489]: # of matches found 12531 and it took: 59862.2ms
query [12490]: # of matches found 12576 and it took: 59522.2ms
query [12491]: # of matches found 12486 and it took: 59308.9ms
query [12492]: # of matches found 12438 and it took: 59233.2ms
query [12493]: # of matches found 12321 and it took: 59456ms
query [12494]: # of matches found 12091 and it took: 60105.6ms
query [12495]: # of matches found 11608 and it took: 60451.1ms
query [12496]: # of matches found 11601 and it took: 60250.4ms
query [12497]: # of matches found 11638 and it took: 59900.5ms
query [12498]: # of matches found 11545 and it took: 60689.1ms
query [12499]: # of matches found 11529 and it took: 61202ms
query [12500]: # of matches found 11582 and it took: 60449.5ms
query [12501]: # of matches found 11466 and it took: 60687.9ms
query [12502]: # of matches found 11462 and it took: 61471.5ms
query [12503]: # of matches found 11467 and it took: 61906.8ms
query [12504]: # of matches found 11490 and it took: 61641.5ms
query [12505]: # of matches found 11506 and it took: 61783.4ms
query [12506]: # of matches found 11549 and it took: 62165.1ms
query [12507]: # of matches found 11539 and it took: 61776.8ms
query [12508]: # of matches found 11534 and it took: 62126.4ms
query [12509]: # of matches found 11574 and it took: 63347.7ms
query [12510]: # of matches found 11567 and it took: 63458.8ms
query [12511]: # of matches found 11592 and it took: 63847.4ms
query [12512]: # of matches found 11582 and it took: 64164.6ms
query [12513]: # of matches found 11623 and it took: 64614.8ms
query [12514]: # of matches found 11675 and it took: 64598.2ms
query [12515]: # of matches found 11912 and it took: 63977.2ms
query [12516]: # of matches found 12411 and it took: 64687.2ms
query [12517]: # of matches found 11058 and it took: 64367.5ms
query [12518]: # of matches found 11093 and it took: 64388.3ms
query [12519]: # of matches found 11105 and it took: 65304.9ms
query [12520]: # of matches found 11192 and it took: 65217ms
query [12521]: # of matches found 11229 and it took: 65398.9ms
query [12522]: # of matches found 11250 and it took: 64895.4ms
query [12523]: # of matches found 11167 and it took: 65458.1ms
query [12524]: # of matches found 11175 and it took: 64455.2ms
query [12525]: # of matches found 11258 and it took: 64261ms
query [12526]: # of matches found 11439 and it took: 65305.3ms
query [12527]: # of matches found 11504 and it took: 64774.3ms
query [12528]: # of matches found 11699 and it took: 65062.3ms
query [12529]: # of matches found 11708 and it took: 65354.2ms
query [12530]: # of matches found 11757 and it took: 65408.6ms
query [12531]: # of matches found 11721 and it took: 65577.1ms
query [12532]: # of matches found 11580 and it took: 64727ms
query [12533]: # of matches found 11560 and it took: 65439ms
query [12534]: # of matches found 11612 and it took: 65102.5ms
query [12535]: # of matches found 11625 and it took: 64870.8ms
query [12536]: # of matches found 11667 and it took: 65436.5ms
query [12537]: # of matches found 11774 and it took: 65097.4ms
query [12538]: # of matches found 11772 and it took: 65128.9ms
query [12539]: # of matches found 11734 and it took: 65534.5ms
query [12540]: # of matches found 11636 and it took: 65235.7ms
query [12541]: # of matches found 10834 and it took: 65354.6ms
query [12542]: # of matches found 10769 and it took: 66144ms
query [12543]: # of matches found 10774 and it took: 65317.2ms
query [12544]: # of matches found 10837 and it took: 65127.6ms
query [12545]: # of matches found 10852 and it took: 65235.2ms
query [12546]: # of matches found 10893 and it took: 65934.9ms
query [12547]: # of matches found 10998 and it took: 65568.1ms
query [12548]: # of matches found 11374 and it took: 66062.9ms
query [12549]: # of matches found 11567 and it took: 65980.8ms
query [12550]: # of matches found 11378 and it took: 65638.6ms
query [12551]: # of matches found 11213 and it took: 66531.2ms
query [12552]: # of matches found 11208 and it took: 66323.1ms
query [12553]: # of matches found 11204 and it took: 66667.9ms
query [12554]: # of matches found 11221 and it took: 66651.5ms
query [12555]: # of matches found 11056 and it took: 67298.1ms
query [12556]: # of matches found 11094 and it took: 68509.8ms
query [12557]: # of matches found 11075 and it took: 67997.4ms
query [12558]: # of matches found 11033 and it took: 68179.8ms
query [12559]: # of matches found 11024 and it took: 68345.7ms
query [12560]: # of matches found 11659 and it took: 67510.6ms
query [12561]: # of matches found 11539 and it took: 68020ms
query [12562]: # of matches found 11533 and it took: 68022.5ms
query [12563]: # of matches found 11500 and it took: 67552.2ms
query [12564]: # of matches found 11507 and it took: 67340.3ms
query [12565]: # of matches found 11517 and it took: 67277.1ms
query [12566]: # of matches found 11607 and it took: 67674ms
query [12567]: # of matches found 11664 and it took: 67553.9ms
query [12568]: # of matches found 11720 and it took: 67644.6ms
query [12569]: # of matches found 11733 and it took: 68412.7ms
query [12570]: # of matches found 11666 and it took: 66731ms
query [12571]: # of matches found 11591 and it took: 67765.6ms
query [12572]: # of matches found 11564 and it took: 67762.5ms
query [12573]: # of matches found 11514 and it took: 67790.4ms
query [12574]: # of matches found 11275 and it took: 67418.5ms
query [12575]: # of matches found 11261 and it took: 67664.7ms
query [12576]: # of matches found 11185 and it took: 67880.3ms
query [12577]: # of matches found 11193 and it took: 67765.8ms
query [12578]: # of matches found 11234 and it took: 67994.5ms
query [12579]: # of matches found 11254 and it took: 68428.1ms
query [12580]: # of matches found 11335 and it took: 66810.5ms
query [12581]: # of matches found 11354 and it took: 68245.6ms
query [12582]: # of matches found 16420 and it took: 68647.1ms
query [12583]: # of matches found 16427 and it took: 67997.9ms
query [12584]: # of matches found 16412 and it took: 67970.1ms
query [12585]: # of matches found 16412 and it took: 68186.1ms
query [12586]: # of matches found 16419 and it took: 68271.1ms
query [12587]: # of matches found 16426 and it took: 68533.4ms
query [12588]: # of matches found 16422 and it took: 68386ms
query [12589]: # of matches found 16379 and it took: 68729.8ms
query [12590]: # of matches found 16304 and it took: 67577.2ms
query [12591]: # of matches found 16650 and it took: 68798.7ms
query [12592]: # of matches found 16831 and it took: 69051.1ms
query [12593]: # of matches found 16857 and it took: 67951.6ms
query [12594]: # of matches found 17003 and it took: 68270.6ms
query [12595]: # of matches found 17009 and it took: 68859.7ms
query [12596]: # of matches found 17061 and it took: 68509.3ms
query [12597]: # of matches found 17095 and it took: 68379.8ms
query [12598]: # of matches found 17093 and it took: 68176.8ms
query [12599]: # of matches found 17092 and it took: 68182.4ms
query [12600]: # of matches found 17091 and it took: 66865.5ms
query [12601]: # of matches found 17085 and it took: 68239ms
query [12602]: # of matches found 17094 and it took: 68331.2ms
query [12603]: # of matches found 17159 and it took: 67416.3ms
query [12604]: # of matches found 17133 and it took: 67850ms
query [12605]: # of matches found 17143 and it took: 68581ms
query [12606]: # of matches found 17120 and it took: 68686ms
query [12607]: # of matches found 17084 and it took: 69802.6ms
query [12608]: # of matches found 17053 and it took: 69405.4ms
query [12609]: # of matches found 17062 and it took: 69453.8ms
query [12610]: # of matches found 17040 and it took: 67516.7ms
query [12611]: # of matches found 16899 and it took: 69911.2ms
query [12612]: # of matches found 16950 and it took: 69447.7ms
query [12613]: # of matches found 16999 and it took: 68247.7ms
query [12614]: # of matches found 17070 and it took: 69115ms
query [12615]: # of matches found 19889 and it took: 69336.7ms
query [12616]: # of matches found 20245 and it took: 69041.8ms
query [12617]: # of matches found 20296 and it took: 69857.3ms
query [12618]: # of matches found 20225 and it took: 69195.2ms
query [12619]: # of matches found 20318 and it took: 69474.6ms
query [12620]: # of matches found 20325 and it took: 67651.5ms
query [12621]: # of matches found 20430 and it took: 69380.6ms
query [12622]: # of matches found 20575 and it took: 69494.2ms
query [12623]: # of matches found 20631 and it took: 68546.3ms
query [12624]: # of matches found 20628 and it took: 68657.4ms
query [12625]: # of matches found 20619 and it took: 68665.6ms
query [12626]: # of matches found 20609 and it took: 68728.6ms
query [12627]: # of matches found 20632 and it took: 68934.6ms
query [12628]: # of matches found 20630 and it took: 68354.6ms
query [12629]: # of matches found 20581 and it took: 68655.2ms
query [12630]: # of matches found 20323 and it took: 66546.2ms
query [12631]: # of matches found 20312 and it took: 68182.8ms
query [12632]: # of matches found 20293 and it took: 68667.1ms
query [12633]: # of matches found 20279 and it took: 67340.6ms
query [12634]: # of matches found 20304 and it took: 68573.5ms
query [12635]: # of matches found 20295 and it took: 68562.5ms
query [12636]: # of matches found 20221 and it took: 67571.3ms
query [12637]: # of matches found 20152 and it took: 69102.3ms
query [12638]: # of matches found 20135 and it took: 68542.9ms
query [12639]: # of matches found 20112 and it took: 69040.7ms
query [12640]: # of matches found 20033 and it took: 67085.3ms
query [12641]: # of matches found 20018 and it took: 68333.9ms
query [12642]: # of matches found 20021 and it took: 69671.5ms
query [12643]: # of matches found 19984 and it took: 68752.3ms
query [12644]: # of matches found 19993 and it took: 69882.9ms
query [12645]: # of matches found 19976 and it took: 69431.4ms
query [12646]: # of matches found 19955 and it took: 67468.7ms
query [12647]: # of matches found 19983 and it took: 68291.7ms
query [12648]: # of matches found 20022 and it took: 68411.7ms
query [12649]: # of matches found 20003 and it took: 68485.1ms
query [12650]: # of matches found 19988 and it took: 66685.2ms
query [12651]: # of matches found 19991 and it took: 67812.5ms
query [12652]: # of matches found 19956 and it took: 67817.5ms
query [12653]: # of matches found 19937 and it took: 66244.3ms
query [12654]: # of matches found 19858 and it took: 67114.8ms
query [12655]: # of matches found 19709 and it took: 67045.8ms
query [12656]: # of matches found 19233 and it took: 65279ms
query [12657]: # of matches found 19120 and it took: 66092.2ms
query [12658]: # of matches found 19021 and it took: 65626.8ms
query [12659]: # of matches found 19086 and it took: 65652.9ms
