no kmerRangesFileAddressArg!
no otherToolArg!
**********************CONFIGURATIONS*****************************
PARMIK mode:                  3
readDatabaseAddress:          /p/lava/parmik/partialMatcherProject/datasets/metagenomicDB/SRR14381434/SRR14381434_reads
readFileName:                 SRR14381434_reads
queryFileAddress:             /p/lava/parmik/partialMatcherProject/datasets/queryFiles/covidQueryFiles/SarsGenome_chunks/SarsGenome_queries_13000-13999
queryFileName:                SarsGenome_queries_13000-13999
otherToolOutputFileAddress:   /u/rgq5aw/GIT/PARMIK/partialMatcherProject/tools/blast/SRR14381434/SarsGenome/blastn_ws30_results.out
outputDir:                    /p/lava/parmik/partialMatcherProject/tools/baseline_ssw/SRR14381434/SarsGenome
penaltyFileAddress:           /u/rgq5aw/GIT/PARMIK/experiments/parmik/CK_SSW_ID_PRCNTG/PenaltySets/2484_1111_2444_2288_2848
kmerRangesFileAddress:        
readsCount:                   17000000
queryCount:                   30000
kmerLength:                   11
regionSize:                   48
cheapKmerThreshold:           0
identityPercentage:           0.85
minExactMatchLen:             0
minNumExactMatchKmer:         0
isIndexOffline:               1
offlineIndexAddress:          /p/lava/parmik/partialMatcherProject/tools/parmik/CK_INDEX/SRR14381434/
max editDistance in min region: 2
**********************CONFIGURATIONS*****************************
--------------Penalties--------------
m: 2, s: 4, go: 8, ge: 4
m: 1, s: 1, go: 1, ge: 1
m: 2, s: 4, go: 4, ge: 4
m: 2, s: 2, go: 8, ge: 8
m: 2, s: 8, go: 4, ge: 8
------------------------------------
numberOfReadsWithN : 0
queryCount : 1000
numberOfReadsWithN : 0
readCount : 9488668
offlineCheapIndexAddress: /p/lava/parmik/partialMatcherProject/tools/parmik/CK_INDEX/SRR14381434/ck_T0_K11_r17000000
pmrkAlignmentsAddress: /p/lava/parmik/partialMatcherProject/tools/baseline_ssw/SRR14381434/SarsGenome/aln/pmAln_R48_PI85_L0_M0_E2_K11_T0_P_2484_1111_2444_2288_2848.txt
Starting alignment for all queries [fwd]...
queryBaseIndex: 13000
query [13000]: # of matches found 11629 and it took: 65432.5ms
query [13001]: # of matches found 11581 and it took: 66131.6ms
query [13002]: # of matches found 11454 and it took: 65893.3ms
query [13003]: # of matches found 11413 and it took: 65681.5ms
query [13004]: # of matches found 11364 and it took: 65394ms
query [13005]: # of matches found 11378 and it took: 65296.8ms
query [13006]: # of matches found 11450 and it took: 65698.9ms
query [13007]: # of matches found 11549 and it took: 65844.3ms
query [13008]: # of matches found 11744 and it took: 66303.1ms
query [13009]: # of matches found 11721 and it took: 65568.2ms
query [13010]: # of matches found 11677 and it took: 65403.6ms
query [13011]: # of matches found 11677 and it took: 65616.4ms
query [13012]: # of matches found 11576 and it took: 66902.1ms
query [13013]: # of matches found 11588 and it took: 66225ms
query [13014]: # of matches found 11633 and it took: 65586.8ms
query [13015]: # of matches found 11944 and it took: 65133ms
query [13016]: # of matches found 12126 and it took: 65975.1ms
query [13017]: # of matches found 13497 and it took: 65997.4ms
query [13018]: # of matches found 13624 and it took: 66710.5ms
query [13019]: # of matches found 13670 and it took: 66182.8ms
query [13020]: # of matches found 13707 and it took: 66074.3ms
query [13021]: # of matches found 13730 and it took: 65706ms
query [13022]: # of matches found 13643 and it took: 66061ms
query [13023]: # of matches found 13833 and it took: 65876.5ms
query [13024]: # of matches found 13873 and it took: 65900.1ms
query [13025]: # of matches found 13889 and it took: 65768.3ms
query [13026]: # of matches found 13971 and it took: 66156.2ms
query [13027]: # of matches found 13861 and it took: 65867.2ms
query [13028]: # of matches found 13838 and it took: 66686.7ms
query [13029]: # of matches found 13880 and it took: 66369.3ms
query [13030]: # of matches found 14101 and it took: 66330.9ms
query [13031]: # of matches found 14123 and it took: 65973.9ms
query [13032]: # of matches found 14109 and it took: 66121.5ms
query [13033]: # of matches found 14167 and it took: 65884.3ms
query [13034]: # of matches found 14119 and it took: 65569ms
query [13035]: # of matches found 14125 and it took: 65205.2ms
query [13036]: # of matches found 14302 and it took: 65882.5ms
query [13037]: # of matches found 14524 and it took: 65822.7ms
query [13038]: # of matches found 14553 and it took: 66553.3ms
query [13039]: # of matches found 14589 and it took: 66506.3ms
query [13040]: # of matches found 14688 and it took: 65664.6ms
query [13041]: # of matches found 14683 and it took: 65629.8ms
query [13042]: # of matches found 14698 and it took: 65831.6ms
query [13043]: # of matches found 14727 and it took: 65858.4ms
query [13044]: # of matches found 16371 and it took: 65061.5ms
query [13045]: # of matches found 16390 and it took: 65150.1ms
query [13046]: # of matches found 17323 and it took: 65691.2ms
query [13047]: # of matches found 17318 and it took: 65300.3ms
query [13048]: # of matches found 17310 and it took: 66124.5ms
query [13049]: # of matches found 17229 and it took: 65965.8ms
query [13050]: # of matches found 17239 and it took: 65784ms
query [13051]: # of matches found 17145 and it took: 65415.3ms
query [13052]: # of matches found 17153 and it took: 65761.4ms
query [13053]: # of matches found 17111 and it took: 65798.8ms
query [13054]: # of matches found 17016 and it took: 65547.2ms
query [13055]: # of matches found 16978 and it took: 65276.8ms
query [13056]: # of matches found 16913 and it took: 65706.3ms
query [13057]: # of matches found 16917 and it took: 65262ms
query [13058]: # of matches found 16929 and it took: 67554ms
query [13059]: # of matches found 16787 and it took: 65762.9ms
query [13060]: # of matches found 16701 and it took: 65694ms
query [13061]: # of matches found 16720 and it took: 65339.2ms
query [13062]: # of matches found 16689 and it took: 65529.8ms
query [13063]: # of matches found 16193 and it took: 65603.1ms
query [13064]: # of matches found 15901 and it took: 65139.7ms
query [13065]: # of matches found 15881 and it took: 64455.6ms
query [13066]: # of matches found 15914 and it took: 65762ms
query [13067]: # of matches found 15890 and it took: 64750.6ms
query [13068]: # of matches found 15833 and it took: 66038.7ms
query [13069]: # of matches found 15819 and it took: 65473.9ms
query [13070]: # of matches found 15943 and it took: 65115ms
query [13071]: # of matches found 15969 and it took: 65077.1ms
query [13072]: # of matches found 15980 and it took: 64967.3ms
query [13073]: # of matches found 15342 and it took: 65211.4ms
query [13074]: # of matches found 15183 and it took: 64619.7ms
query [13075]: # of matches found 15163 and it took: 64464.8ms
query [13076]: # of matches found 15113 and it took: 64963.2ms
query [13077]: # of matches found 14976 and it took: 64329ms
query [13078]: # of matches found 14978 and it took: 65571.5ms
query [13079]: # of matches found 15007 and it took: 65691.5ms
query [13080]: # of matches found 14803 and it took: 65228.5ms
query [13081]: # of matches found 14797 and it took: 65110ms
query [13082]: # of matches found 14781 and it took: 64985.8ms
query [13083]: # of matches found 14765 and it took: 65027.2ms
query [13084]: # of matches found 14747 and it took: 65207.3ms
query [13085]: # of matches found 14666 and it took: 64267.6ms
query [13086]: # of matches found 14702 and it took: 64738.3ms
query [13087]: # of matches found 14665 and it took: 63979.4ms
query [13088]: # of matches found 14669 and it took: 64722.4ms
query [13089]: # of matches found 14666 and it took: 64554ms
query [13090]: # of matches found 14597 and it took: 64329.7ms
query [13091]: # of matches found 14627 and it took: 63770ms
query [13092]: # of matches found 14605 and it took: 63489.9ms
query [13093]: # of matches found 14570 and it took: 63748.2ms
query [13094]: # of matches found 14548 and it took: 63576.8ms
query [13095]: # of matches found 14535 and it took: 63054.5ms
query [13096]: # of matches found 14383 and it took: 63669ms
query [13097]: # of matches found 14325 and it took: 62812.3ms
query [13098]: # of matches found 14284 and it took: 64419.5ms
query [13099]: # of matches found 14216 and it took: 64141.5ms
query [13100]: # of matches found 14130 and it took: 64116.5ms
query [13101]: # of matches found 14170 and it took: 64248.6ms
query [13102]: # of matches found 14160 and it took: 63384ms
query [13103]: # of matches found 14165 and it took: 63066.3ms
query [13104]: # of matches found 14005 and it took: 62601ms
query [13105]: # of matches found 13976 and it took: 61965.4ms
query [13106]: # of matches found 13903 and it took: 62118.1ms
query [13107]: # of matches found 13918 and it took: 61674.4ms
query [13108]: # of matches found 13942 and it took: 62483.1ms
query [13109]: # of matches found 13917 and it took: 62491.2ms
query [13110]: # of matches found 14017 and it took: 62529.7ms
query [13111]: # of matches found 14079 and it took: 62427.8ms
query [13112]: # of matches found 14043 and it took: 62405.7ms
query [13113]: # of matches found 14015 and it took: 62330.8ms
query [13114]: # of matches found 14027 and it took: 61833.1ms
query [13115]: # of matches found 14044 and it took: 61505.2ms
query [13116]: # of matches found 14034 and it took: 61868.3ms
query [13117]: # of matches found 14087 and it took: 61515.3ms
query [13118]: # of matches found 14056 and it took: 62139.9ms
query [13119]: # of matches found 14021 and it took: 61817.3ms
query [13120]: # of matches found 14039 and it took: 61997ms
query [13121]: # of matches found 13959 and it took: 61792.8ms
query [13122]: # of matches found 13898 and it took: 61851.1ms
query [13123]: # of matches found 13871 and it took: 62621.4ms
query [13124]: # of matches found 13791 and it took: 61993.2ms
query [13125]: # of matches found 13717 and it took: 60963.1ms
query [13126]: # of matches found 13656 and it took: 61288ms
query [13127]: # of matches found 13531 and it took: 61122.9ms
query [13128]: # of matches found 13547 and it took: 61817.8ms
query [13129]: # of matches found 13543 and it took: 61621.8ms
query [13130]: # of matches found 13508 and it took: 62268.4ms
query [13131]: # of matches found 13229 and it took: 62008.3ms
query [13132]: # of matches found 13209 and it took: 61838.3ms
query [13133]: # of matches found 13329 and it took: 61393.8ms
query [13134]: # of matches found 13344 and it took: 61207.2ms
query [13135]: # of matches found 13339 and it took: 60826.3ms
query [13136]: # of matches found 13371 and it took: 61002.2ms
query [13137]: # of matches found 13386 and it took: 61056.8ms
query [13138]: # of matches found 13412 and it took: 61169.4ms
query [13139]: # of matches found 13361 and it took: 60817.9ms
query [13140]: # of matches found 13319 and it took: 61350.2ms
query [13141]: # of matches found 13350 and it took: 60928.6ms
query [13142]: # of matches found 13310 and it took: 61085.7ms
query [13143]: # of matches found 13544 and it took: 60755.3ms
query [13144]: # of matches found 13554 and it took: 60695.6ms
query [13145]: # of matches found 13680 and it took: 60607.1ms
query [13146]: # of matches found 13678 and it took: 60299.7ms
query [13147]: # of matches found 13610 and it took: 60416.6ms
query [13148]: # of matches found 13567 and it took: 60527.7ms
query [13149]: # of matches found 13627 and it took: 60539.2ms
query [13150]: # of matches found 13635 and it took: 60868.2ms
query [13151]: # of matches found 13691 and it took: 60607.9ms
query [13152]: # of matches found 13692 and it took: 61051.5ms
query [13153]: # of matches found 13705 and it took: 60641.4ms
query [13154]: # of matches found 13939 and it took: 61016.8ms
query [13155]: # of matches found 13663 and it took: 60803.7ms
query [13156]: # of matches found 13525 and it took: 60958.7ms
query [13157]: # of matches found 12157 and it took: 60572.7ms
query [13158]: # of matches found 12102 and it took: 61166.4ms
query [13159]: # of matches found 12061 and it took: 61262.7ms
query [13160]: # of matches found 11981 and it took: 61495.5ms
query [13161]: # of matches found 11969 and it took: 61787.3ms
query [13162]: # of matches found 11966 and it took: 61864.6ms
query [13163]: # of matches found 11760 and it took: 61755.8ms
query [13164]: # of matches found 11764 and it took: 62415.4ms
query [13165]: # of matches found 11735 and it took: 62812.2ms
query [13166]: # of matches found 11759 and it took: 63733.4ms
query [13167]: # of matches found 11877 and it took: 63783.5ms
query [13168]: # of matches found 11871 and it took: 63652.8ms
query [13169]: # of matches found 11831 and it took: 64224.7ms
query [13170]: # of matches found 11871 and it took: 64630.1ms
query [13171]: # of matches found 11690 and it took: 64740.9ms
query [13172]: # of matches found 11665 and it took: 64658.8ms
query [13173]: # of matches found 11637 and it took: 64890.9ms
query [13174]: # of matches found 11488 and it took: 64617.1ms
query [13175]: # of matches found 11668 and it took: 65331.8ms
query [13176]: # of matches found 11505 and it took: 65232.4ms
query [13177]: # of matches found 11337 and it took: 64929.3ms
query [13178]: # of matches found 11313 and it took: 64637.8ms
query [13179]: # of matches found 11317 and it took: 64959.2ms
query [13180]: # of matches found 11273 and it took: 65411.7ms
query [13181]: # of matches found 11292 and it took: 65551.7ms
query [13182]: # of matches found 11287 and it took: 65230ms
query [13183]: # of matches found 11279 and it took: 65455.2ms
query [13184]: # of matches found 11278 and it took: 64969.5ms
query [13185]: # of matches found 9797 and it took: 65522.5ms
query [13186]: # of matches found 8835 and it took: 64920.5ms
query [13187]: # of matches found 8823 and it took: 64790.1ms
query [13188]: # of matches found 8772 and it took: 64490.5ms
query [13189]: # of matches found 8737 and it took: 64922.6ms
query [13190]: # of matches found 8710 and it took: 65261.1ms
query [13191]: # of matches found 8734 and it took: 65304.3ms
query [13192]: # of matches found 8719 and it took: 65320.7ms
query [13193]: # of matches found 8735 and it took: 64945.1ms
query [13194]: # of matches found 8771 and it took: 64777.5ms
query [13195]: # of matches found 8835 and it took: 65386.4ms
query [13196]: # of matches found 8928 and it took: 65025.7ms
query [13197]: # of matches found 8942 and it took: 65042.8ms
query [13198]: # of matches found 8953 and it took: 64704.7ms
query [13199]: # of matches found 8960 and it took: 65130ms
query [13200]: # of matches found 8948 and it took: 65429.4ms
query [13201]: # of matches found 8901 and it took: 65312.3ms
query [13202]: # of matches found 8788 and it took: 65448.2ms
query [13203]: # of matches found 8745 and it took: 65746.6ms
query [13204]: # of matches found 8742 and it took: 65112.9ms
query [13205]: # of matches found 8745 and it took: 66117.7ms
query [13206]: # of matches found 8709 and it took: 66011.6ms
query [13207]: # of matches found 8730 and it took: 66004.4ms
query [13208]: # of matches found 8738 and it took: 66477.1ms
query [13209]: # of matches found 8740 and it took: 66779.8ms
query [13210]: # of matches found 8619 and it took: 66533.1ms
query [13211]: # of matches found 8588 and it took: 66954.5ms
query [13212]: # of matches found 8487 and it took: 66731.2ms
query [13213]: # of matches found 8472 and it took: 66730.4ms
query [13214]: # of matches found 8556 and it took: 66915.7ms
query [13215]: # of matches found 8568 and it took: 67808.4ms
query [13216]: # of matches found 8540 and it took: 66966.5ms
query [13217]: # of matches found 8514 and it took: 67087ms
query [13218]: # of matches found 9048 and it took: 66578.3ms
query [13219]: # of matches found 8547 and it took: 67047.6ms
query [13220]: # of matches found 8566 and it took: 66705.4ms
query [13221]: # of matches found 8580 and it took: 66803.8ms
query [13222]: # of matches found 8596 and it took: 66588.3ms
query [13223]: # of matches found 8747 and it took: 66915.6ms
query [13224]: # of matches found 8821 and it took: 66462.4ms
query [13225]: # of matches found 8845 and it took: 67377.8ms
query [13226]: # of matches found 8894 and it took: 67339.5ms
query [13227]: # of matches found 8898 and it took: 67478.5ms
query [13228]: # of matches found 8875 and it took: 68162.3ms
query [13229]: # of matches found 8868 and it took: 68894.3ms
query [13230]: # of matches found 8870 and it took: 68247.2ms
query [13231]: # of matches found 8817 and it took: 68152.2ms
query [13232]: # of matches found 8808 and it took: 68468ms
query [13233]: # of matches found 8869 and it took: 68873ms
query [13234]: # of matches found 8919 and it took: 67999.5ms
query [13235]: # of matches found 9001 and it took: 69604.3ms
query [13236]: # of matches found 9026 and it took: 67929.4ms
query [13237]: # of matches found 9132 and it took: 68466.3ms
query [13238]: # of matches found 9721 and it took: 67871.7ms
query [13239]: # of matches found 9680 and it took: 68740.1ms
query [13240]: # of matches found 9704 and it took: 68394.5ms
query [13241]: # of matches found 9636 and it took: 69287.4ms
query [13242]: # of matches found 9638 and it took: 68973.8ms
query [13243]: # of matches found 9646 and it took: 69868.5ms
query [13244]: # of matches found 9648 and it took: 69428.6ms
query [13245]: # of matches found 9701 and it took: 69242.5ms
query [13246]: # of matches found 9779 and it took: 69035.4ms
query [13247]: # of matches found 9800 and it took: 69330.1ms
query [13248]: # of matches found 9769 and it took: 68546.1ms
query [13249]: # of matches found 9776 and it took: 68920ms
query [13250]: # of matches found 9690 and it took: 68329.9ms
query [13251]: # of matches found 9647 and it took: 68887.1ms
query [13252]: # of matches found 9569 and it took: 67871ms
query [13253]: # of matches found 9561 and it took: 68686.5ms
query [13254]: # of matches found 9519 and it took: 68371ms
query [13255]: # of matches found 9584 and it took: 68717ms
query [13256]: # of matches found 9531 and it took: 68256.1ms
query [13257]: # of matches found 9500 and it took: 68423.8ms
query [13258]: # of matches found 9596 and it took: 68052.9ms
query [13259]: # of matches found 9690 and it took: 68704.6ms
query [13260]: # of matches found 9728 and it took: 68046.8ms
query [13261]: # of matches found 9773 and it took: 68748.1ms
query [13262]: # of matches found 9756 and it took: 67517.5ms
query [13263]: # of matches found 9734 and it took: 68285.7ms
query [13264]: # of matches found 9731 and it took: 67649.3ms
query [13265]: # of matches found 9842 and it took: 68200.4ms
query [13266]: # of matches found 9858 and it took: 67546.6ms
query [13267]: # of matches found 10522 and it took: 68237.5ms
query [13268]: # of matches found 10533 and it took: 67854.1ms
query [13269]: # of matches found 10614 and it took: 68302.5ms
query [13270]: # of matches found 10634 and it took: 67841.7ms
query [13271]: # of matches found 10594 and it took: 68139.7ms
query [13272]: # of matches found 10622 and it took: 67685.7ms
query [13273]: # of matches found 10529 and it took: 68743.9ms
query [13274]: # of matches found 10753 and it took: 68338.7ms
query [13275]: # of matches found 10763 and it took: 68616.4ms
query [13276]: # of matches found 10922 and it took: 68643.9ms
query [13277]: # of matches found 10918 and it took: 68915.9ms
query [13278]: # of matches found 10880 and it took: 68911.3ms
query [13279]: # of matches found 10873 and it took: 69116.9ms
query [13280]: # of matches found 10857 and it took: 69092ms
query [13281]: # of matches found 10807 and it took: 69465.3ms
query [13282]: # of matches found 10905 and it took: 69098.4ms
query [13283]: # of matches found 10891 and it took: 70251.9ms
query [13284]: # of matches found 10878 and it took: 69785.7ms
query [13285]: # of matches found 10480 and it took: 69611.9ms
query [13286]: # of matches found 10434 and it took: 69933.1ms
query [13287]: # of matches found 10362 and it took: 71626.2ms
query [13288]: # of matches found 10484 and it took: 71378.3ms
query [13289]: # of matches found 10519 and it took: 71405.8ms
query [13290]: # of matches found 10572 and it took: 71326ms
query [13291]: # of matches found 10734 and it took: 71129.8ms
query [13292]: # of matches found 10771 and it took: 70601.4ms
query [13293]: # of matches found 11078 and it took: 71657.4ms
query [13294]: # of matches found 11143 and it took: 71514ms
query [13295]: # of matches found 11109 and it took: 71282.7ms
query [13296]: # of matches found 11227 and it took: 72119ms
query [13297]: # of matches found 11364 and it took: 71921.8ms
query [13298]: # of matches found 11403 and it took: 72905.4ms
query [13299]: # of matches found 11444 and it took: 72893.5ms
query [13300]: # of matches found 12542 and it took: 72529.8ms
query [13301]: # of matches found 12926 and it took: 72356.3ms
query [13302]: # of matches found 13283 and it took: 71895.6ms
query [13303]: # of matches found 13436 and it took: 73057.7ms
query [13304]: # of matches found 13430 and it took: 71816.4ms
query [13305]: # of matches found 13414 and it took: 71810.3ms
query [13306]: # of matches found 13205 and it took: 72662.2ms
query [13307]: # of matches found 13086 and it took: 71812.7ms
query [13308]: # of matches found 13070 and it took: 71926.2ms
query [13309]: # of matches found 13090 and it took: 71941ms
query [13310]: # of matches found 12941 and it took: 71775.2ms
query [13311]: # of matches found 12925 and it took: 72329.1ms
query [13312]: # of matches found 12934 and it took: 72121.2ms
query [13313]: # of matches found 12992 and it took: 73128.1ms
query [13314]: # of matches found 13158 and it took: 72663.6ms
query [13315]: # of matches found 13431 and it took: 72508.5ms
query [13316]: # of matches found 13405 and it took: 73584.9ms
query [13317]: # of matches found 13406 and it took: 72876.7ms
query [13318]: # of matches found 13615 and it took: 73429.6ms
query [13319]: # of matches found 13553 and it took: 73885.4ms
query [13320]: # of matches found 13505 and it took: 72960.3ms
query [13321]: # of matches found 13623 and it took: 73254ms
query [13322]: # of matches found 13616 and it took: 72514.7ms
query [13323]: # of matches found 13576 and it took: 74736.6ms
query [13324]: # of matches found 13562 and it took: 74437.6ms
query [13325]: # of matches found 13527 and it took: 73090.6ms
query [13326]: # of matches found 13534 and it took: 73638.6ms
query [13327]: # of matches found 13558 and it took: 72923ms
query [13328]: # of matches found 13572 and it took: 73412.8ms
query [13329]: # of matches found 13571 and it took: 72874ms
query [13330]: # of matches found 13627 and it took: 72465.4ms
query [13331]: # of matches found 13651 and it took: 72772.2ms
query [13332]: # of matches found 14113 and it took: 72109.3ms
query [13333]: # of matches found 15921 and it took: 72843.9ms
query [13334]: # of matches found 16077 and it took: 72065.2ms
query [13335]: # of matches found 16025 and it took: 71850ms
query [13336]: # of matches found 16050 and it took: 71879.4ms
query [13337]: # of matches found 16096 and it took: 71772.8ms
query [13338]: # of matches found 16058 and it took: 71991.8ms
query [13339]: # of matches found 16080 and it took: 71662.7ms
query [13340]: # of matches found 16080 and it took: 71288.3ms
query [13341]: # of matches found 16080 and it took: 71646.5ms
query [13342]: # of matches found 16141 and it took: 70858.5ms
query [13343]: # of matches found 16316 and it took: 71562.6ms
query [13344]: # of matches found 16355 and it took: 71074.9ms
query [13345]: # of matches found 16985 and it took: 70490.2ms
query [13346]: # of matches found 16967 and it took: 70564.4ms
query [13347]: # of matches found 16986 and it took: 70189.4ms
query [13348]: # of matches found 17094 and it took: 70621.8ms
query [13349]: # of matches found 17196 and it took: 69991ms
query [13350]: # of matches found 20457 and it took: 69795.3ms
query [13351]: # of matches found 20438 and it took: 69617ms
query [13352]: # of matches found 20443 and it took: 69064.3ms
query [13353]: # of matches found 20444 and it took: 69470.6ms
query [13354]: # of matches found 20503 and it took: 68744.5ms
query [13355]: # of matches found 20496 and it took: 68023.6ms
query [13356]: # of matches found 20574 and it took: 67619ms
query [13357]: # of matches found 20782 and it took: 67843.7ms
query [13358]: # of matches found 20836 and it took: 68220.2ms
query [13359]: # of matches found 20939 and it took: 67640.6ms
query [13360]: # of matches found 20931 and it took: 66986.9ms
query [13361]: # of matches found 20974 and it took: 67454.5ms
query [13362]: # of matches found 20996 and it took: 66844.3ms
query [13363]: # of matches found 20862 and it took: 66858.2ms
query [13364]: # of matches found 20831 and it took: 66076.4ms
query [13365]: # of matches found 20773 and it took: 65694.6ms
query [13366]: # of matches found 20724 and it took: 65377.1ms
query [13367]: # of matches found 20694 and it took: 65857.3ms
query [13368]: # of matches found 20694 and it took: 65438.4ms
query [13369]: # of matches found 20732 and it took: 64680.7ms
query [13370]: # of matches found 22062 and it took: 64490.7ms
query [13371]: # of matches found 22058 and it took: 64460.1ms
query [13372]: # of matches found 22085 and it took: 64327.6ms
query [13373]: # of matches found 22044 and it took: 64451ms
query [13374]: # of matches found 22012 and it took: 64347.2ms
query [13375]: # of matches found 22015 and it took: 63767.6ms
query [13376]: # of matches found 22243 and it took: 63640.5ms
query [13377]: # of matches found 22329 and it took: 63482.1ms
query [13378]: # of matches found 21782 and it took: 63328.6ms
query [13379]: # of matches found 21780 and it took: 62904.3ms
query [13380]: # of matches found 21776 and it took: 62589.7ms
query [13381]: # of matches found 21782 and it took: 62536.3ms
query [13382]: # of matches found 21772 and it took: 62749.3ms
query [13383]: # of matches found 21767 and it took: 63008ms
query [13384]: # of matches found 21756 and it took: 63104.9ms
query [13385]: # of matches found 21713 and it took: 63231.7ms
query [13386]: # of matches found 21792 and it took: 63104.3ms
query [13387]: # of matches found 21787 and it took: 63116.7ms
query [13388]: # of matches found 21847 and it took: 62909.7ms
query [13389]: # of matches found 21899 and it took: 62715.5ms
query [13390]: # of matches found 21872 and it took: 62604.8ms
query [13391]: # of matches found 21898 and it took: 62898.5ms
query [13392]: # of matches found 21908 and it took: 62723.9ms
query [13393]: # of matches found 22060 and it took: 62508.6ms
query [13394]: # of matches found 22218 and it took: 62895ms
query [13395]: # of matches found 22269 and it took: 63055.4ms
query [13396]: # of matches found 22225 and it took: 63072.9ms
query [13397]: # of matches found 22326 and it took: 63060ms
query [13398]: # of matches found 22432 and it took: 62965.6ms
query [13399]: # of matches found 22532 and it took: 62481.4ms
query [13400]: # of matches found 22574 and it took: 62167.1ms
query [13401]: # of matches found 22678 and it took: 61776.5ms
query [13402]: # of matches found 22742 and it took: 62181.1ms
query [13403]: # of matches found 22850 and it took: 61832.9ms
query [13404]: # of matches found 22908 and it took: 62447ms
query [13405]: # of matches found 22992 and it took: 62086.3ms
query [13406]: # of matches found 23076 and it took: 61373.8ms
query [13407]: # of matches found 22498 and it took: 61276ms
query [13408]: # of matches found 22848 and it took: 61201ms
query [13409]: # of matches found 22910 and it took: 60886.5ms
query [13410]: # of matches found 23018 and it took: 61473.3ms
query [13411]: # of matches found 23149 and it took: 61034.6ms
query [13412]: # of matches found 23126 and it took: 60879.5ms
query [13413]: # of matches found 23201 and it took: 60627.4ms
query [13414]: # of matches found 23056 and it took: 60786.4ms
query [13415]: # of matches found 22930 and it took: 60418.7ms
query [13416]: # of matches found 22740 and it took: 60344.9ms
query [13417]: # of matches found 22803 and it took: 60393.5ms
query [13418]: # of matches found 22982 and it took: 60560.7ms
query [13419]: # of matches found 23202 and it took: 59974.6ms
query [13420]: # of matches found 23324 and it took: 60886.3ms
query [13421]: # of matches found 23350 and it took: 59585.5ms
query [13422]: # of matches found 23282 and it took: 59593.5ms
query [13423]: # of matches found 23526 and it took: 59118.3ms
query [13424]: # of matches found 23556 and it took: 59223.8ms
query [13425]: # of matches found 23562 and it took: 59269.5ms
query [13426]: # of matches found 23560 and it took: 59383.9ms
query [13427]: # of matches found 23594 and it took: 58877.7ms
query [13428]: # of matches found 23479 and it took: 59265.7ms
query [13429]: # of matches found 23161 and it took: 59253.7ms
query [13430]: # of matches found 23048 and it took: 59399.8ms
query [13431]: # of matches found 22793 and it took: 58771.3ms
query [13432]: # of matches found 22961 and it took: 58567.7ms
query [13433]: # of matches found 22639 and it took: 58421.2ms
query [13434]: # of matches found 22620 and it took: 58201.2ms
query [13435]: # of matches found 22503 and it took: 58197.3ms
query [13436]: # of matches found 22414 and it took: 58098.9ms
query [13437]: # of matches found 22645 and it took: 57815.9ms
query [13438]: # of matches found 22643 and it took: 57570.1ms
query [13439]: # of matches found 22568 and it took: 57413.6ms
query [13440]: # of matches found 22715 and it took: 57533.1ms
query [13441]: # of matches found 22355 and it took: 57459.1ms
query [13442]: # of matches found 22072 and it took: 57491.6ms
query [13443]: # of matches found 21930 and it took: 56971.2ms
query [13444]: # of matches found 21937 and it took: 56955.6ms
query [13445]: # of matches found 21891 and it took: 56718.9ms
query [13446]: # of matches found 21889 and it took: 56740.1ms
query [13447]: # of matches found 21920 and it took: 56610.8ms
query [13448]: # of matches found 21881 and it took: 56817.2ms
query [13449]: # of matches found 21885 and it took: 56802.1ms
query [13450]: # of matches found 22184 and it took: 56742.9ms
query [13451]: # of matches found 22197 and it took: 57026.9ms
query [13452]: # of matches found 22177 and it took: 56671.3ms
query [13453]: # of matches found 22072 and it took: 56561.5ms
query [13454]: # of matches found 22013 and it took: 56369.4ms
query [13455]: # of matches found 21469 and it took: 56308.4ms
query [13456]: # of matches found 21465 and it took: 56459.6ms
query [13457]: # of matches found 21488 and it took: 56278ms
query [13458]: # of matches found 21270 and it took: 56575ms
query [13459]: # of matches found 27716 and it took: 56505.7ms
query [13460]: # of matches found 27721 and it took: 56841.3ms
query [13461]: # of matches found 27606 and it took: 56714.4ms
query [13462]: # of matches found 27586 and it took: 56835.8ms
query [13463]: # of matches found 27597 and it took: 56846.2ms
query [13464]: # of matches found 27809 and it took: 56504.3ms
query [13465]: # of matches found 27825 and it took: 56824.5ms
query [13466]: # of matches found 27859 and it took: 56844.6ms
query [13467]: # of matches found 27869 and it took: 56724ms
query [13468]: # of matches found 27903 and it took: 56972.9ms
query [13469]: # of matches found 27938 and it took: 56747.1ms
query [13470]: # of matches found 27983 and it took: 57739.9ms
query [13471]: # of matches found 28035 and it took: 57521.5ms
query [13472]: # of matches found 27805 and it took: 57816.9ms
query [13473]: # of matches found 26192 and it took: 57668.8ms
query [13474]: # of matches found 26179 and it took: 57217.3ms
query [13475]: # of matches found 26091 and it took: 57487.5ms
query [13476]: # of matches found 25919 and it took: 57633.9ms
query [13477]: # of matches found 25854 and it took: 57338.1ms
query [13478]: # of matches found 25915 and it took: 57409.6ms
query [13479]: # of matches found 25890 and it took: 56827.6ms
query [13480]: # of matches found 25886 and it took: 57956.6ms
query [13481]: # of matches found 25918 and it took: 57465.2ms
query [13482]: # of matches found 25876 and it took: 57582.7ms
query [13483]: # of matches found 25739 and it took: 58093.7ms
query [13484]: # of matches found 25701 and it took: 56967.6ms
query [13485]: # of matches found 25198 and it took: 57175.9ms
query [13486]: # of matches found 25166 and it took: 57109ms
query [13487]: # of matches found 25177 and it took: 57201.7ms
query [13488]: # of matches found 25143 and it took: 57398.2ms
query [13489]: # of matches found 25065 and it took: 57114.9ms
query [13490]: # of matches found 21823 and it took: 57696.6ms
query [13491]: # of matches found 21795 and it took: 57363.7ms
query [13492]: # of matches found 21763 and it took: 57411.8ms
query [13493]: # of matches found 21727 and it took: 57476.1ms
query [13494]: # of matches found 21669 and it took: 57098.6ms
query [13495]: # of matches found 21634 and it took: 57214.7ms
query [13496]: # of matches found 21539 and it took: 57491ms
query [13497]: # of matches found 21302 and it took: 57428.9ms
query [13498]: # of matches found 20653 and it took: 57575.5ms
query [13499]: # of matches found 21683 and it took: 57367.1ms
query [13500]: # of matches found 21576 and it took: 57815.1ms
query [13501]: # of matches found 21506 and it took: 57661.3ms
query [13502]: # of matches found 21473 and it took: 57694.1ms
query [13503]: # of matches found 21447 and it took: 57562.1ms
query [13504]: # of matches found 21459 and it took: 57428.1ms
query [13505]: # of matches found 21526 and it took: 57521.2ms
query [13506]: # of matches found 21581 and it took: 57768.2ms
query [13507]: # of matches found 21620 and it took: 57901.9ms
query [13508]: # of matches found 21643 and it took: 58136.3ms
query [13509]: # of matches found 21725 and it took: 57675.9ms
query [13510]: # of matches found 20494 and it took: 58332.8ms
query [13511]: # of matches found 20529 and it took: 58297.7ms
query [13512]: # of matches found 20545 and it took: 58027.2ms
query [13513]: # of matches found 20619 and it took: 58102.9ms
query [13514]: # of matches found 20611 and it took: 58359.7ms
query [13515]: # of matches found 20737 and it took: 58241.9ms
query [13516]: # of matches found 20636 and it took: 58015.5ms
query [13517]: # of matches found 20431 and it took: 58430.4ms
query [13518]: # of matches found 20501 and it took: 58158.7ms
query [13519]: # of matches found 20641 and it took: 58121.9ms
query [13520]: # of matches found 20672 and it took: 58544.2ms
query [13521]: # of matches found 20670 and it took: 58460.8ms
query [13522]: # of matches found 20684 and it took: 58804.6ms
query [13523]: # of matches found 20837 and it took: 58726.7ms
query [13524]: # of matches found 20863 and it took: 58270.6ms
query [13525]: # of matches found 20918 and it took: 58668.3ms
query [13526]: # of matches found 21065 and it took: 58591.3ms
query [13527]: # of matches found 21234 and it took: 58631.6ms
query [13528]: # of matches found 21410 and it took: 58263.5ms
query [13529]: # of matches found 21346 and it took: 57835.1ms
query [13530]: # of matches found 21392 and it took: 57902.9ms
query [13531]: # of matches found 21446 and it took: 57622.3ms
query [13532]: # of matches found 21553 and it took: 57655.7ms
query [13533]: # of matches found 21602 and it took: 57438.4ms
query [13534]: # of matches found 22045 and it took: 57107.3ms
query [13535]: # of matches found 21980 and it took: 57268.8ms
query [13536]: # of matches found 21941 and it took: 57079.8ms
query [13537]: # of matches found 21870 and it took: 57079.2ms
query [13538]: # of matches found 21881 and it took: 57048.4ms
query [13539]: # of matches found 21638 and it took: 56953.4ms
query [13540]: # of matches found 21546 and it took: 57030.7ms
query [13541]: # of matches found 21301 and it took: 56930.7ms
query [13542]: # of matches found 21227 and it took: 57159.3ms
query [13543]: # of matches found 21173 and it took: 57237.6ms
query [13544]: # of matches found 21203 and it took: 57066.6ms
query [13545]: # of matches found 21187 and it took: 57630.7ms
query [13546]: # of matches found 21232 and it took: 57372.1ms
query [13547]: # of matches found 21026 and it took: 58108.1ms
query [13548]: # of matches found 20762 and it took: 57234.9ms
query [13549]: # of matches found 20660 and it took: 57248.1ms
query [13550]: # of matches found 20624 and it took: 57323.9ms
query [13551]: # of matches found 20452 and it took: 57211.3ms
query [13552]: # of matches found 20417 and it took: 57770.3ms
query [13553]: # of matches found 20343 and it took: 57679.4ms
query [13554]: # of matches found 20305 and it took: 57625.3ms
query [13555]: # of matches found 20256 and it took: 57705.6ms
query [13556]: # of matches found 20265 and it took: 57753.8ms
query [13557]: # of matches found 20216 and it took: 58268.7ms
query [13558]: # of matches found 20076 and it took: 58240.8ms
query [13559]: # of matches found 20066 and it took: 57962.4ms
query [13560]: # of matches found 19721 and it took: 57984.9ms
query [13561]: # of matches found 19733 and it took: 58264.2ms
query [13562]: # of matches found 19718 and it took: 58523.2ms
query [13563]: # of matches found 19547 and it took: 58126.7ms
query [13564]: # of matches found 19563 and it took: 58086.4ms
query [13565]: # of matches found 19656 and it took: 58212.2ms
query [13566]: # of matches found 19685 and it took: 58262.8ms
query [13567]: # of matches found 19652 and it took: 58572.6ms
query [13568]: # of matches found 19641 and it took: 58629.6ms
query [13569]: # of matches found 19634 and it took: 58994ms
query [13570]: # of matches found 19683 and it took: 58854.1ms
query [13571]: # of matches found 19686 and it took: 58806.4ms
query [13572]: # of matches found 19569 and it took: 59391.1ms
query [13573]: # of matches found 19567 and it took: 59672.4ms
query [13574]: # of matches found 19577 and it took: 59505.7ms
query [13575]: # of matches found 19532 and it took: 59901.6ms
query [13576]: # of matches found 19556 and it took: 60117.8ms
query [13577]: # of matches found 19373 and it took: 60200.9ms
query [13578]: # of matches found 19330 and it took: 61675.3ms
query [13579]: # of matches found 19368 and it took: 60017.9ms
query [13580]: # of matches found 19215 and it took: 60073.3ms
query [13581]: # of matches found 18073 and it took: 59964.3ms
query [13582]: # of matches found 18004 and it took: 60687.5ms
query [13583]: # of matches found 18021 and it took: 61235.7ms
query [13584]: # of matches found 18027 and it took: 60397.1ms
query [13585]: # of matches found 18056 and it took: 60376.4ms
query [13586]: # of matches found 18061 and it took: 60049.8ms
query [13587]: # of matches found 18105 and it took: 60278.2ms
query [13588]: # of matches found 18154 and it took: 60680.4ms
query [13589]: # of matches found 18176 and it took: 60222.2ms
query [13590]: # of matches found 18397 and it took: 60265.1ms
query [13591]: # of matches found 18337 and it took: 60298ms
query [13592]: # of matches found 18419 and it took: 60765ms
query [13593]: # of matches found 18477 and it took: 60035.6ms
query [13594]: # of matches found 18479 and it took: 60035.9ms
query [13595]: # of matches found 18462 and it took: 60058.5ms
query [13596]: # of matches found 21356 and it took: 59885.8ms
query [13597]: # of matches found 21499 and it took: 60796.7ms
query [13598]: # of matches found 22256 and it took: 60149.5ms
query [13599]: # of matches found 15862 and it took: 60571.7ms
query [13600]: # of matches found 15881 and it took: 60543.7ms
query [13601]: # of matches found 15914 and it took: 60250.1ms
query [13602]: # of matches found 15923 and it took: 61835.9ms
query [13603]: # of matches found 15937 and it took: 61780.7ms
query [13604]: # of matches found 15921 and it took: 61516.3ms
query [13605]: # of matches found 15612 and it took: 61337.7ms
query [13606]: # of matches found 15567 and it took: 61764.1ms
query [13607]: # of matches found 15491 and it took: 61528.7ms
query [13608]: # of matches found 15456 and it took: 61503.5ms
query [13609]: # of matches found 15374 and it took: 61891ms
query [13610]: # of matches found 15329 and it took: 61126.5ms
query [13611]: # of matches found 15221 and it took: 60671.7ms
query [13612]: # of matches found 15096 and it took: 60935ms
query [13613]: # of matches found 14786 and it took: 60666.5ms
query [13614]: # of matches found 14639 and it took: 60733.1ms
query [13615]: # of matches found 14636 and it took: 60417.3ms
query [13616]: # of matches found 14700 and it took: 60319.6ms
query [13617]: # of matches found 14729 and it took: 60905.2ms
query [13618]: # of matches found 14737 and it took: 61245.7ms
query [13619]: # of matches found 14730 and it took: 61019.8ms
query [13620]: # of matches found 14743 and it took: 61576.9ms
query [13621]: # of matches found 16732 and it took: 61265.1ms
query [13622]: # of matches found 17102 and it took: 61756.6ms
query [13623]: # of matches found 17053 and it took: 61290.4ms
query [13624]: # of matches found 17099 and it took: 61499.1ms
query [13625]: # of matches found 17164 and it took: 61247.1ms
query [13626]: # of matches found 17130 and it took: 61202.2ms
query [13627]: # of matches found 17232 and it took: 61184.3ms
query [13628]: # of matches found 17402 and it took: 61302.5ms
query [13629]: # of matches found 17431 and it took: 61579.2ms
query [13630]: # of matches found 17425 and it took: 61793ms
query [13631]: # of matches found 17947 and it took: 61140.7ms
query [13632]: # of matches found 17931 and it took: 61648.3ms
query [13633]: # of matches found 17924 and it took: 61524.6ms
query [13634]: # of matches found 17920 and it took: 61434ms
query [13635]: # of matches found 17921 and it took: 61538.4ms
query [13636]: # of matches found 17907 and it took: 61259.5ms
query [13637]: # of matches found 17954 and it took: 61183.6ms
query [13638]: # of matches found 17948 and it took: 61623.9ms
query [13639]: # of matches found 16962 and it took: 61683.4ms
query [13640]: # of matches found 16990 and it took: 61789.2ms
query [13641]: # of matches found 17039 and it took: 61363.7ms
query [13642]: # of matches found 18171 and it took: 61919.6ms
query [13643]: # of matches found 18110 and it took: 61627.7ms
query [13644]: # of matches found 18164 and it took: 61672.8ms
query [13645]: # of matches found 18216 and it took: 61681.6ms
query [13646]: # of matches found 18068 and it took: 61096.7ms
query [13647]: # of matches found 18175 and it took: 61104.4ms
query [13648]: # of matches found 18206 and it took: 61471.7ms
query [13649]: # of matches found 18477 and it took: 61327.4ms
query [13650]: # of matches found 18454 and it took: 61127.7ms
query [13651]: # of matches found 18640 and it took: 60840ms
query [13652]: # of matches found 18710 and it took: 60720.7ms
query [13653]: # of matches found 19003 and it took: 60359.2ms
query [13654]: # of matches found 19118 and it took: 60239ms
query [13655]: # of matches found 19219 and it took: 60238ms
query [13656]: # of matches found 19169 and it took: 60162.9ms
query [13657]: # of matches found 19191 and it took: 59911.6ms
query [13658]: # of matches found 19120 and it took: 59971.2ms
query [13659]: # of matches found 18983 and it took: 60140.3ms
