no kmerRangesFileAddressArg!
no otherToolArg!
**********************CONFIGURATIONS*****************************
PARMIK mode:                  3
readDatabaseAddress:          /p/lava/parmik/partialMatcherProject/datasets/metagenomicDB/SRR14381434/SRR14381434_reads
readFileName:                 SRR14381434_reads
queryFileAddress:             /p/lava/parmik/partialMatcherProject/datasets/queryFiles/covidQueryFiles/SarsGenome_chunks/SarsGenome_queries_10000-10999
queryFileName:                SarsGenome_queries_10000-10999
otherToolOutputFileAddress:   /u/rgq5aw/GIT/PARMIK/partialMatcherProject/tools/blast/SRR14381434/SarsGenome/blastn_ws30_results.out
outputDir:                    /p/lava/parmik/partialMatcherProject/tools/baseline_ssw/SRR14381434/SarsGenome
penaltyFileAddress:           /u/rgq5aw/GIT/PARMIK/experiments/parmik/CK_SSW_ID_PRCNTG/PenaltySets/2484_1111_2444_2288_2848
kmerRangesFileAddress:        
readsCount:                   17000000
queryCount:                   30000
kmerLength:                   11
regionSize:                   48
cheapKmerThreshold:           0
identityPercentage:           0.85
minExactMatchLen:             0
minNumExactMatchKmer:         0
isIndexOffline:               1
offlineIndexAddress:          /p/lava/parmik/partialMatcherProject/tools/parmik/CK_INDEX/SRR14381434/
max editDistance in min region: 2
**********************CONFIGURATIONS*****************************
--------------Penalties--------------
m: 2, s: 4, go: 8, ge: 4
m: 1, s: 1, go: 1, ge: 1
m: 2, s: 4, go: 4, ge: 4
m: 2, s: 2, go: 8, ge: 8
m: 2, s: 8, go: 4, ge: 8
------------------------------------
numberOfReadsWithN : 0
queryCount : 1000
numberOfReadsWithN : 0
readCount : 9488668
offlineCheapIndexAddress: /p/lava/parmik/partialMatcherProject/tools/parmik/CK_INDEX/SRR14381434/ck_T0_K11_r17000000
pmrkAlignmentsAddress: /p/lava/parmik/partialMatcherProject/tools/baseline_ssw/SRR14381434/SarsGenome/aln/pmAln_R48_PI85_L0_M0_E2_K11_T0_P_2484_1111_2444_2288_2848.txt
Starting alignment for all queries [fwd]...
queryBaseIndex: 10000
query [10000]: # of matches found 13406 and it took: 64772.3ms
query [10001]: # of matches found 13415 and it took: 65487.2ms
query [10002]: # of matches found 13501 and it took: 64745.9ms
query [10003]: # of matches found 13514 and it took: 64443.3ms
query [10004]: # of matches found 13523 and it took: 64453.7ms
query [10005]: # of matches found 13612 and it took: 63938.8ms
query [10006]: # of matches found 13658 and it took: 64638.3ms
query [10007]: # of matches found 13721 and it took: 64119.1ms
query [10008]: # of matches found 13722 and it took: 63631.4ms
query [10009]: # of matches found 13744 and it took: 63473.8ms
query [10010]: # of matches found 13770 and it took: 62831.4ms
query [10011]: # of matches found 13786 and it took: 63660ms
query [10012]: # of matches found 13867 and it took: 63610ms
query [10013]: # of matches found 13889 and it took: 63426.2ms
query [10014]: # of matches found 13745 and it took: 63487.7ms
query [10015]: # of matches found 13707 and it took: 63135ms
query [10016]: # of matches found 12305 and it took: 63782.7ms
query [10017]: # of matches found 12179 and it took: 63808.2ms
query [10018]: # of matches found 12150 and it took: 63058.8ms
query [10019]: # of matches found 12041 and it took: 63306.8ms
query [10020]: # of matches found 12451 and it took: 63063.7ms
query [10021]: # of matches found 12387 and it took: 63329.9ms
query [10022]: # of matches found 12364 and it took: 63206.7ms
query [10023]: # of matches found 12445 and it took: 63419.6ms
query [10024]: # of matches found 12534 and it took: 63505.2ms
query [10025]: # of matches found 12569 and it took: 62981.2ms
query [10026]: # of matches found 12609 and it took: 63564.8ms
query [10027]: # of matches found 12311 and it took: 63226.1ms
query [10028]: # of matches found 12149 and it took: 62361.3ms
query [10029]: # of matches found 12144 and it took: 62857.8ms
query [10030]: # of matches found 12135 and it took: 62158.5ms
query [10031]: # of matches found 12172 and it took: 62551.9ms
query [10032]: # of matches found 12125 and it took: 62290.8ms
query [10033]: # of matches found 12116 and it took: 62195.1ms
query [10034]: # of matches found 12033 and it took: 62223.1ms
query [10035]: # of matches found 12053 and it took: 61862.9ms
query [10036]: # of matches found 12053 and it took: 62584.5ms
query [10037]: # of matches found 12037 and it took: 62228.4ms
query [10038]: # of matches found 12128 and it took: 61834.3ms
query [10039]: # of matches found 12241 and it took: 61986.9ms
query [10040]: # of matches found 12385 and it took: 61805.5ms
query [10041]: # of matches found 12721 and it took: 62399.1ms
query [10042]: # of matches found 12915 and it took: 62295.3ms
query [10043]: # of matches found 12967 and it took: 63102.8ms
query [10044]: # of matches found 13005 and it took: 63168.4ms
query [10045]: # of matches found 13157 and it took: 63011ms
query [10046]: # of matches found 13214 and it took: 63806.2ms
query [10047]: # of matches found 13107 and it took: 63436.2ms
query [10048]: # of matches found 13131 and it took: 63319.1ms
query [10049]: # of matches found 13196 and it took: 63441.8ms
query [10050]: # of matches found 13195 and it took: 63356.6ms
query [10051]: # of matches found 13216 and it took: 63586.9ms
query [10052]: # of matches found 13967 and it took: 63524.8ms
query [10053]: # of matches found 13966 and it took: 63640.9ms
query [10054]: # of matches found 13989 and it took: 63500.6ms
query [10055]: # of matches found 13670 and it took: 63427.9ms
query [10056]: # of matches found 13750 and it took: 64169.2ms
query [10057]: # of matches found 13765 and it took: 63821.6ms
query [10058]: # of matches found 13806 and it took: 64260.5ms
query [10059]: # of matches found 13678 and it took: 63595.3ms
query [10060]: # of matches found 13673 and it took: 63752.1ms
query [10061]: # of matches found 13755 and it took: 64378.9ms
query [10062]: # of matches found 13783 and it took: 64045.8ms
query [10063]: # of matches found 13734 and it took: 64416.9ms
query [10064]: # of matches found 13667 and it took: 64520.1ms
query [10065]: # of matches found 13638 and it took: 64603.4ms
query [10066]: # of matches found 13623 and it took: 65161.5ms
query [10067]: # of matches found 13601 and it took: 64901.4ms
query [10068]: # of matches found 13511 and it took: 64802.4ms
query [10069]: # of matches found 13484 and it took: 64957.4ms
query [10070]: # of matches found 13437 and it took: 64537.2ms
query [10071]: # of matches found 13477 and it took: 64912ms
query [10072]: # of matches found 12909 and it took: 64577.6ms
query [10073]: # of matches found 12876 and it took: 64699.6ms
query [10074]: # of matches found 12793 and it took: 64766.1ms
query [10075]: # of matches found 12770 and it took: 65075.1ms
query [10076]: # of matches found 12774 and it took: 65194.5ms
query [10077]: # of matches found 12802 and it took: 64307.5ms
query [10078]: # of matches found 12708 and it took: 64621.6ms
query [10079]: # of matches found 12722 and it took: 64706.1ms
query [10080]: # of matches found 12697 and it took: 64356.1ms
query [10081]: # of matches found 12624 and it took: 64647.3ms
query [10082]: # of matches found 12580 and it took: 64303.5ms
query [10083]: # of matches found 12582 and it took: 64293.4ms
query [10084]: # of matches found 12612 and it took: 63747.7ms
query [10085]: # of matches found 12566 and it took: 64101.9ms
query [10086]: # of matches found 12531 and it took: 64377.3ms
query [10087]: # of matches found 12600 and it took: 63627.9ms
query [10088]: # of matches found 12645 and it took: 63601.2ms
query [10089]: # of matches found 12703 and it took: 63601.2ms
query [10090]: # of matches found 12731 and it took: 63170.1ms
query [10091]: # of matches found 12783 and it took: 63676.9ms
query [10092]: # of matches found 12924 and it took: 63320.8ms
query [10093]: # of matches found 12893 and it took: 63822.5ms
query [10094]: # of matches found 12870 and it took: 63212.9ms
query [10095]: # of matches found 12896 and it took: 63191ms
query [10096]: # of matches found 12937 and it took: 63218.4ms
query [10097]: # of matches found 12930 and it took: 62575.5ms
query [10098]: # of matches found 12885 and it took: 62955.2ms
query [10099]: # of matches found 12816 and it took: 62720.9ms
query [10100]: # of matches found 12811 and it took: 62580.7ms
query [10101]: # of matches found 12768 and it took: 62810.2ms
query [10102]: # of matches found 12820 and it took: 61977ms
query [10103]: # of matches found 12726 and it took: 61998.4ms
query [10104]: # of matches found 11231 and it took: 61808.8ms
query [10105]: # of matches found 11187 and it took: 61929ms
query [10106]: # of matches found 11152 and it took: 62045.7ms
query [10107]: # of matches found 11097 and it took: 61535.4ms
query [10108]: # of matches found 11151 and it took: 61819ms
query [10109]: # of matches found 12328 and it took: 61947.3ms
query [10110]: # of matches found 12272 and it took: 61880.6ms
query [10111]: # of matches found 12280 and it took: 62018.4ms
query [10112]: # of matches found 12224 and it took: 61632.9ms
query [10113]: # of matches found 12195 and it took: 61569.5ms
query [10114]: # of matches found 12038 and it took: 61440.1ms
query [10115]: # of matches found 11867 and it took: 62172.9ms
query [10116]: # of matches found 11807 and it took: 61569.6ms
query [10117]: # of matches found 11661 and it took: 60778.8ms
query [10118]: # of matches found 11662 and it took: 61275.2ms
query [10119]: # of matches found 11455 and it took: 61258.1ms
query [10120]: # of matches found 11056 and it took: 61109.2ms
query [10121]: # of matches found 10998 and it took: 60900.7ms
query [10122]: # of matches found 10994 and it took: 60743ms
query [10123]: # of matches found 10965 and it took: 60538.2ms
query [10124]: # of matches found 10933 and it took: 60468.6ms
query [10125]: # of matches found 10932 and it took: 61927.4ms
query [10126]: # of matches found 10926 and it took: 61600.5ms
query [10127]: # of matches found 10905 and it took: 61418ms
query [10128]: # of matches found 10906 and it took: 62080.6ms
query [10129]: # of matches found 10882 and it took: 62069ms
query [10130]: # of matches found 11010 and it took: 61456.3ms
query [10131]: # of matches found 11015 and it took: 61626.7ms
query [10132]: # of matches found 10809 and it took: 61595.4ms
query [10133]: # of matches found 10899 and it took: 60692.5ms
query [10134]: # of matches found 10884 and it took: 61190.3ms
query [10135]: # of matches found 10862 and it took: 61364.7ms
query [10136]: # of matches found 10913 and it took: 61387ms
query [10137]: # of matches found 10967 and it took: 61104.9ms
query [10138]: # of matches found 10948 and it took: 61401.6ms
query [10139]: # of matches found 10956 and it took: 60949.1ms
query [10140]: # of matches found 10983 and it took: 61131.8ms
query [10141]: # of matches found 11152 and it took: 60953.6ms
query [10142]: # of matches found 11159 and it took: 60962.7ms
query [10143]: # of matches found 11497 and it took: 59955ms
query [10144]: # of matches found 11597 and it took: 61751.5ms
query [10145]: # of matches found 12989 and it took: 60606ms
query [10146]: # of matches found 12919 and it took: 60763.7ms
query [10147]: # of matches found 12885 and it took: 59724ms
query [10148]: # of matches found 12870 and it took: 59728.8ms
query [10149]: # of matches found 12792 and it took: 59313.3ms
query [10150]: # of matches found 12793 and it took: 59377.8ms
query [10151]: # of matches found 12775 and it took: 58957.3ms
query [10152]: # of matches found 12691 and it took: 59153ms
query [10153]: # of matches found 12709 and it took: 58600ms
query [10154]: # of matches found 12705 and it took: 58505.1ms
query [10155]: # of matches found 12719 and it took: 58382.2ms
query [10156]: # of matches found 12681 and it took: 58705.8ms
query [10157]: # of matches found 12635 and it took: 58418.5ms
query [10158]: # of matches found 12562 and it took: 58386.5ms
query [10159]: # of matches found 12618 and it took: 58399.5ms
query [10160]: # of matches found 12173 and it took: 58718.7ms
query [10161]: # of matches found 12157 and it took: 58386.6ms
query [10162]: # of matches found 12271 and it took: 58429.4ms
query [10163]: # of matches found 12334 and it took: 58011.5ms
query [10164]: # of matches found 12273 and it took: 58158.5ms
query [10165]: # of matches found 12337 and it took: 57991.4ms
query [10166]: # of matches found 12281 and it took: 57800.4ms
query [10167]: # of matches found 12317 and it took: 57917.8ms
query [10168]: # of matches found 12333 and it took: 58093.6ms
query [10169]: # of matches found 12335 and it took: 58153.9ms
query [10170]: # of matches found 12445 and it took: 57852.6ms
query [10171]: # of matches found 12683 and it took: 57753.5ms
query [10172]: # of matches found 12803 and it took: 57810.6ms
query [10173]: # of matches found 13010 and it took: 57145.8ms
query [10174]: # of matches found 13221 and it took: 58128.5ms
query [10175]: # of matches found 13353 and it took: 58314.7ms
query [10176]: # of matches found 13499 and it took: 57652.4ms
query [10177]: # of matches found 13544 and it took: 57660.5ms
query [10178]: # of matches found 13637 and it took: 57043.7ms
query [10179]: # of matches found 13546 and it took: 56810.1ms
query [10180]: # of matches found 13434 and it took: 57210ms
query [10181]: # of matches found 13049 and it took: 57027.7ms
query [10182]: # of matches found 12908 and it took: 57098.9ms
query [10183]: # of matches found 12848 and it took: 56948.4ms
query [10184]: # of matches found 12837 and it took: 57271.4ms
query [10185]: # of matches found 12698 and it took: 56946.3ms
query [10186]: # of matches found 12607 and it took: 57162.8ms
query [10187]: # of matches found 12537 and it took: 57025.8ms
query [10188]: # of matches found 12455 and it took: 56744.1ms
query [10189]: # of matches found 12399 and it took: 56690.8ms
query [10190]: # of matches found 12433 and it took: 56984.2ms
query [10191]: # of matches found 12410 and it took: 56576ms
query [10192]: # of matches found 11636 and it took: 56463.9ms
query [10193]: # of matches found 12184 and it took: 56499ms
query [10194]: # of matches found 12176 and it took: 56927.2ms
query [10195]: # of matches found 12207 and it took: 56825.6ms
query [10196]: # of matches found 12146 and it took: 56999.4ms
query [10197]: # of matches found 12109 and it took: 56969.4ms
query [10198]: # of matches found 12080 and it took: 56754.7ms
query [10199]: # of matches found 12093 and it took: 56740.8ms
query [10200]: # of matches found 12003 and it took: 56997.7ms
query [10201]: # of matches found 11933 and it took: 56613.8ms
query [10202]: # of matches found 12025 and it took: 56712.7ms
query [10203]: # of matches found 19877 and it took: 56878ms
query [10204]: # of matches found 19946 and it took: 57652.7ms
query [10205]: # of matches found 20094 and it took: 57331.9ms
query [10206]: # of matches found 20190 and it took: 58230.1ms
query [10207]: # of matches found 20457 and it took: 57836.8ms
query [10208]: # of matches found 20697 and it took: 57849.7ms
query [10209]: # of matches found 20707 and it took: 57668.6ms
query [10210]: # of matches found 20864 and it took: 58152.8ms
query [10211]: # of matches found 20816 and it took: 57927.5ms
query [10212]: # of matches found 20903 and it took: 57858.8ms
query [10213]: # of matches found 20896 and it took: 57898.5ms
query [10214]: # of matches found 20921 and it took: 58241.6ms
query [10215]: # of matches found 20911 and it took: 58060.7ms
query [10216]: # of matches found 21058 and it took: 58342.1ms
query [10217]: # of matches found 21024 and it took: 58254.9ms
query [10218]: # of matches found 21056 and it took: 58222.8ms
query [10219]: # of matches found 21064 and it took: 58101.7ms
query [10220]: # of matches found 21059 and it took: 58299.6ms
query [10221]: # of matches found 21057 and it took: 58410ms
query [10222]: # of matches found 21180 and it took: 58399.1ms
query [10223]: # of matches found 21262 and it took: 58269.7ms
query [10224]: # of matches found 21244 and it took: 58934.7ms
query [10225]: # of matches found 21278 and it took: 58925.8ms
query [10226]: # of matches found 21236 and it took: 59296.4ms
query [10227]: # of matches found 21091 and it took: 58710.3ms
query [10228]: # of matches found 21181 and it took: 58919.2ms
query [10229]: # of matches found 21125 and it took: 59039.6ms
query [10230]: # of matches found 21107 and it took: 59273.5ms
query [10231]: # of matches found 21043 and it took: 59103.1ms
query [10232]: # of matches found 20914 and it took: 59052.7ms
query [10233]: # of matches found 20882 and it took: 59166.1ms
query [10234]: # of matches found 20828 and it took: 59328.4ms
query [10235]: # of matches found 20783 and it took: 59748.2ms
query [10236]: # of matches found 20693 and it took: 59820.5ms
query [10237]: # of matches found 20704 and it took: 59878.3ms
query [10238]: # of matches found 20702 and it took: 59294ms
query [10239]: # of matches found 20706 and it took: 59493.8ms
query [10240]: # of matches found 21203 and it took: 59988.4ms
query [10241]: # of matches found 21206 and it took: 59440.3ms
query [10242]: # of matches found 22188 and it took: 59707.2ms
query [10243]: # of matches found 22192 and it took: 59721ms
query [10244]: # of matches found 22193 and it took: 59879.6ms
query [10245]: # of matches found 22250 and it took: 59947.3ms
query [10246]: # of matches found 22345 and it took: 60391.8ms
query [10247]: # of matches found 22331 and it took: 59752.1ms
query [10248]: # of matches found 22285 and it took: 59759.2ms
query [10249]: # of matches found 21095 and it took: 60024.3ms
query [10250]: # of matches found 21719 and it took: 59963.9ms
query [10251]: # of matches found 21672 and it took: 59623.6ms
query [10252]: # of matches found 21691 and it took: 59674.7ms
query [10253]: # of matches found 21655 and it took: 59766.6ms
query [10254]: # of matches found 21641 and it took: 60026.4ms
query [10255]: # of matches found 21628 and it took: 59954.6ms
query [10256]: # of matches found 21648 and it took: 60165.8ms
query [10257]: # of matches found 21694 and it took: 59560.1ms
query [10258]: # of matches found 21644 and it took: 59548.5ms
query [10259]: # of matches found 21662 and it took: 59720.4ms
query [10260]: # of matches found 21677 and it took: 59777.9ms
query [10261]: # of matches found 21798 and it took: 59333.9ms
query [10262]: # of matches found 21803 and it took: 59530.2ms
query [10263]: # of matches found 21863 and it took: 59331.5ms
query [10264]: # of matches found 21871 and it took: 59653.8ms
query [10265]: # of matches found 21899 and it took: 59656.5ms
query [10266]: # of matches found 21917 and it took: 60104.4ms
query [10267]: # of matches found 21985 and it took: 60059.4ms
query [10268]: # of matches found 22023 and it took: 59536.1ms
query [10269]: # of matches found 22068 and it took: 59747ms
query [10270]: # of matches found 22085 and it took: 59994.7ms
query [10271]: # of matches found 22119 and it took: 59973.6ms
query [10272]: # of matches found 22153 and it took: 60391.4ms
query [10273]: # of matches found 22043 and it took: 60019.7ms
query [10274]: # of matches found 21935 and it took: 60758.7ms
query [10275]: # of matches found 21959 and it took: 60791.9ms
query [10276]: # of matches found 21965 and it took: 61324.6ms
query [10277]: # of matches found 22039 and it took: 60892.4ms
query [10278]: # of matches found 22129 and it took: 60985.3ms
query [10279]: # of matches found 22164 and it took: 61289.2ms
query [10280]: # of matches found 22158 and it took: 61185.3ms
query [10281]: # of matches found 22256 and it took: 60696ms
query [10282]: # of matches found 22206 and it took: 61006.5ms
query [10283]: # of matches found 22144 and it took: 60936.8ms
query [10284]: # of matches found 22249 and it took: 61329.9ms
query [10285]: # of matches found 20535 and it took: 61184.8ms
query [10286]: # of matches found 20499 and it took: 61756.3ms
query [10287]: # of matches found 20445 and it took: 60871.6ms
query [10288]: # of matches found 20534 and it took: 60759.1ms
query [10289]: # of matches found 20519 and it took: 61050.5ms
query [10290]: # of matches found 20662 and it took: 60722.5ms
query [10291]: # of matches found 20825 and it took: 60445.5ms
query [10292]: # of matches found 21225 and it took: 60106.9ms
query [10293]: # of matches found 21222 and it took: 59799.7ms
query [10294]: # of matches found 21212 and it took: 59866.7ms
query [10295]: # of matches found 21230 and it took: 59611.1ms
query [10296]: # of matches found 21267 and it took: 59719.7ms
query [10297]: # of matches found 21317 and it took: 59578.9ms
query [10298]: # of matches found 21368 and it took: 59149.4ms
query [10299]: # of matches found 21386 and it took: 59480.4ms
query [10300]: # of matches found 21486 and it took: 59626.1ms
query [10301]: # of matches found 21497 and it took: 59162.2ms
query [10302]: # of matches found 21391 and it took: 58629.7ms
query [10303]: # of matches found 21304 and it took: 59196.8ms
query [10304]: # of matches found 21230 and it took: 59229.9ms
query [10305]: # of matches found 21106 and it took: 59588.8ms
query [10306]: # of matches found 21102 and it took: 59578.4ms
query [10307]: # of matches found 21037 and it took: 59102.9ms
query [10308]: # of matches found 21288 and it took: 59164.1ms
query [10309]: # of matches found 21288 and it took: 59325.7ms
query [10310]: # of matches found 21217 and it took: 59142.4ms
query [10311]: # of matches found 21031 and it took: 59097.5ms
query [10312]: # of matches found 20883 and it took: 58715.4ms
query [10313]: # of matches found 20686 and it took: 59106.8ms
query [10314]: # of matches found 20647 and it took: 58598ms
query [10315]: # of matches found 20388 and it took: 58825.5ms
query [10316]: # of matches found 20249 and it took: 58840.8ms
query [10317]: # of matches found 20249 and it took: 58172.8ms
query [10318]: # of matches found 20297 and it took: 58567.7ms
query [10319]: # of matches found 20280 and it took: 58529.1ms
query [10320]: # of matches found 21179 and it took: 58449.3ms
query [10321]: # of matches found 21195 and it took: 58117.4ms
query [10322]: # of matches found 21441 and it took: 58293.6ms
query [10323]: # of matches found 21450 and it took: 57981.2ms
query [10324]: # of matches found 21447 and it took: 58144.2ms
query [10325]: # of matches found 21109 and it took: 57895.4ms
query [10326]: # of matches found 21131 and it took: 57905.4ms
query [10327]: # of matches found 21154 and it took: 57861.4ms
query [10328]: # of matches found 21221 and it took: 57464ms
query [10329]: # of matches found 21258 and it took: 57725.4ms
query [10330]: # of matches found 21272 and it took: 57322.9ms
query [10331]: # of matches found 21269 and it took: 57294.9ms
query [10332]: # of matches found 21506 and it took: 57378.8ms
query [10333]: # of matches found 20925 and it took: 57284.7ms
query [10334]: # of matches found 20927 and it took: 57690.6ms
query [10335]: # of matches found 20895 and it took: 57311.2ms
query [10336]: # of matches found 20876 and it took: 57540.9ms
query [10337]: # of matches found 20835 and it took: 57047.3ms
query [10338]: # of matches found 20880 and it took: 57166.6ms
query [10339]: # of matches found 20855 and it took: 57272.8ms
query [10340]: # of matches found 20841 and it took: 57022ms
query [10341]: # of matches found 20841 and it took: 56805.1ms
query [10342]: # of matches found 20893 and it took: 56747.5ms
query [10343]: # of matches found 13326 and it took: 56746.6ms
query [10344]: # of matches found 13152 and it took: 57236.3ms
query [10345]: # of matches found 12934 and it took: 56934.8ms
query [10346]: # of matches found 12914 and it took: 57139.2ms
query [10347]: # of matches found 12734 and it took: 56710.2ms
query [10348]: # of matches found 12295 and it took: 56720.3ms
query [10349]: # of matches found 12274 and it took: 57090ms
query [10350]: # of matches found 12133 and it took: 56845.2ms
query [10351]: # of matches found 12113 and it took: 56930ms
query [10352]: # of matches found 12103 and it took: 57341.1ms
query [10353]: # of matches found 12133 and it took: 57264.8ms
query [10354]: # of matches found 12078 and it took: 57766.4ms
query [10355]: # of matches found 12085 and it took: 57530.5ms
query [10356]: # of matches found 12001 and it took: 58009.5ms
query [10357]: # of matches found 11985 and it took: 57363.4ms
query [10358]: # of matches found 11980 and it took: 57459.3ms
query [10359]: # of matches found 12096 and it took: 58474.7ms
query [10360]: # of matches found 12258 and it took: 57647.6ms
query [10361]: # of matches found 12272 and it took: 57599ms
query [10362]: # of matches found 12148 and it took: 57922.7ms
query [10363]: # of matches found 12076 and it took: 57953.7ms
query [10364]: # of matches found 12061 and it took: 58490.4ms
query [10365]: # of matches found 11995 and it took: 58122ms
query [10366]: # of matches found 12002 and it took: 58385.5ms
query [10367]: # of matches found 12031 and it took: 58322.1ms
query [10368]: # of matches found 11859 and it took: 58379.1ms
query [10369]: # of matches found 12006 and it took: 58934.8ms
query [10370]: # of matches found 12000 and it took: 58723.7ms
query [10371]: # of matches found 12027 and it took: 58766.4ms
query [10372]: # of matches found 12032 and it took: 58866.3ms
query [10373]: # of matches found 12024 and it took: 58703.1ms
query [10374]: # of matches found 12046 and it took: 58959.9ms
query [10375]: # of matches found 12132 and it took: 58841.4ms
query [10376]: # of matches found 12447 and it took: 58854.6ms
query [10377]: # of matches found 12490 and it took: 58759.5ms
query [10378]: # of matches found 12524 and it took: 58417.9ms
query [10379]: # of matches found 12547 and it took: 59079.8ms
query [10380]: # of matches found 12102 and it took: 58538.1ms
query [10381]: # of matches found 12289 and it took: 58604.8ms
query [10382]: # of matches found 11232 and it took: 58824.7ms
query [10383]: # of matches found 11261 and it took: 59082.6ms
query [10384]: # of matches found 11267 and it took: 59328.2ms
query [10385]: # of matches found 11172 and it took: 59113ms
query [10386]: # of matches found 11129 and it took: 59268.3ms
query [10387]: # of matches found 11122 and it took: 59574.3ms
query [10388]: # of matches found 11198 and it took: 59254.9ms
query [10389]: # of matches found 11169 and it took: 60420.9ms
query [10390]: # of matches found 10941 and it took: 59948.3ms
query [10391]: # of matches found 10971 and it took: 59544.6ms
query [10392]: # of matches found 10978 and it took: 59755.2ms
query [10393]: # of matches found 10973 and it took: 59721.4ms
query [10394]: # of matches found 10985 and it took: 59866.7ms
query [10395]: # of matches found 11389 and it took: 59923.2ms
query [10396]: # of matches found 11440 and it took: 60146.7ms
query [10397]: # of matches found 11443 and it took: 59900.2ms
query [10398]: # of matches found 11349 and it took: 59445.9ms
query [10399]: # of matches found 11306 and it took: 60027.5ms
query [10400]: # of matches found 11287 and it took: 59969.5ms
query [10401]: # of matches found 11237 and it took: 59876.4ms
query [10402]: # of matches found 11267 and it took: 60528.5ms
query [10403]: # of matches found 11246 and it took: 60721ms
query [10404]: # of matches found 11298 and it took: 60457ms
query [10405]: # of matches found 11302 and it took: 60328.5ms
query [10406]: # of matches found 11351 and it took: 60602.9ms
query [10407]: # of matches found 11350 and it took: 60437.4ms
query [10408]: # of matches found 11427 and it took: 60549.5ms
query [10409]: # of matches found 11511 and it took: 61095.8ms
query [10410]: # of matches found 11455 and it took: 60877.6ms
query [10411]: # of matches found 11467 and it took: 60844.9ms
query [10412]: # of matches found 11443 and it took: 61333.4ms
query [10413]: # of matches found 11527 and it took: 61411.5ms
query [10414]: # of matches found 11605 and it took: 61838.4ms
query [10415]: # of matches found 11817 and it took: 62067.1ms
query [10416]: # of matches found 11872 and it took: 62221.3ms
query [10417]: # of matches found 12019 and it took: 62231.1ms
query [10418]: # of matches found 12121 and it took: 62508.7ms
query [10419]: # of matches found 12019 and it took: 63666.5ms
query [10420]: # of matches found 12121 and it took: 63091.1ms
query [10421]: # of matches found 11903 and it took: 63130.5ms
query [10422]: # of matches found 11928 and it took: 63193.7ms
query [10423]: # of matches found 12179 and it took: 63310ms
query [10424]: # of matches found 12079 and it took: 63612.3ms
query [10425]: # of matches found 12035 and it took: 63499.6ms
query [10426]: # of matches found 12006 and it took: 63732.4ms
query [10427]: # of matches found 11980 and it took: 63860.3ms
query [10428]: # of matches found 11971 and it took: 63857.6ms
query [10429]: # of matches found 11974 and it took: 64127.3ms
query [10430]: # of matches found 11874 and it took: 63880.7ms
query [10431]: # of matches found 11814 and it took: 64446.3ms
query [10432]: # of matches found 11642 and it took: 64119.2ms
query [10433]: # of matches found 11636 and it took: 64193.1ms
query [10434]: # of matches found 11664 and it took: 64561.5ms
query [10435]: # of matches found 11668 and it took: 64184.3ms
query [10436]: # of matches found 11686 and it took: 64510.9ms
query [10437]: # of matches found 13677 and it took: 64102.9ms
query [10438]: # of matches found 13739 and it took: 64133.7ms
query [10439]: # of matches found 13717 and it took: 64338.2ms
query [10440]: # of matches found 13687 and it took: 64286ms
query [10441]: # of matches found 13679 and it took: 64296.4ms
query [10442]: # of matches found 13923 and it took: 64123.1ms
query [10443]: # of matches found 14007 and it took: 64083.2ms
query [10444]: # of matches found 14103 and it took: 64500.8ms
query [10445]: # of matches found 14224 and it took: 65453.4ms
query [10446]: # of matches found 14321 and it took: 65241.6ms
query [10447]: # of matches found 14534 and it took: 64340.5ms
query [10448]: # of matches found 14459 and it took: 63949.7ms
query [10449]: # of matches found 14540 and it took: 63685.8ms
query [10450]: # of matches found 14663 and it took: 63660ms
query [10451]: # of matches found 14592 and it took: 63609.1ms
query [10452]: # of matches found 15250 and it took: 63514.5ms
query [10453]: # of matches found 15284 and it took: 63253ms
query [10454]: # of matches found 15271 and it took: 63444.3ms
query [10455]: # of matches found 15266 and it took: 63251.3ms
query [10456]: # of matches found 15285 and it took: 63399.7ms
query [10457]: # of matches found 15270 and it took: 63181.3ms
query [10458]: # of matches found 15118 and it took: 62951.9ms
query [10459]: # of matches found 15101 and it took: 62747.3ms
query [10460]: # of matches found 14222 and it took: 62994.4ms
query [10461]: # of matches found 14244 and it took: 63006.9ms
query [10462]: # of matches found 14002 and it took: 62970.6ms
query [10463]: # of matches found 13989 and it took: 62766.6ms
query [10464]: # of matches found 14010 and it took: 62808.7ms
query [10465]: # of matches found 14025 and it took: 62772.8ms
query [10466]: # of matches found 13974 and it took: 62829.6ms
query [10467]: # of matches found 13977 and it took: 62729.6ms
query [10468]: # of matches found 13974 and it took: 62789.9ms
query [10469]: # of matches found 14013 and it took: 62424.6ms
query [10470]: # of matches found 14201 and it took: 62243.6ms
query [10471]: # of matches found 14358 and it took: 62876.1ms
query [10472]: # of matches found 14105 and it took: 62991.8ms
query [10473]: # of matches found 14130 and it took: 62608.6ms
query [10474]: # of matches found 14122 and it took: 62797.4ms
query [10475]: # of matches found 14185 and it took: 62844.5ms
query [10476]: # of matches found 14231 and it took: 63148.9ms
query [10477]: # of matches found 14272 and it took: 62649.7ms
query [10478]: # of matches found 14248 and it took: 63049.2ms
query [10479]: # of matches found 14285 and it took: 62145.6ms
query [10480]: # of matches found 16956 and it took: 62317.2ms
query [10481]: # of matches found 16956 and it took: 62625.1ms
query [10482]: # of matches found 16886 and it took: 62538.2ms
query [10483]: # of matches found 16898 and it took: 61834.9ms
query [10484]: # of matches found 16889 and it took: 62268.4ms
query [10485]: # of matches found 16890 and it took: 62823.3ms
query [10486]: # of matches found 16864 and it took: 62409.7ms
query [10487]: # of matches found 16887 and it took: 62773.9ms
query [10488]: # of matches found 16944 and it took: 62634.2ms
query [10489]: # of matches found 19087 and it took: 61918.2ms
query [10490]: # of matches found 19069 and it took: 63105.7ms
query [10491]: # of matches found 19110 and it took: 63264.5ms
query [10492]: # of matches found 19117 and it took: 62725.3ms
query [10493]: # of matches found 19101 and it took: 61679.1ms
query [10494]: # of matches found 19085 and it took: 62414.7ms
query [10495]: # of matches found 19082 and it took: 62441.1ms
query [10496]: # of matches found 19135 and it took: 61239.9ms
query [10497]: # of matches found 19218 and it took: 61404.3ms
query [10498]: # of matches found 19244 and it took: 61302.3ms
query [10499]: # of matches found 19258 and it took: 60843.9ms
query [10500]: # of matches found 18958 and it took: 60533.3ms
query [10501]: # of matches found 18991 and it took: 60815.3ms
query [10502]: # of matches found 19023 and it took: 60496.9ms
query [10503]: # of matches found 19080 and it took: 59790.8ms
query [10504]: # of matches found 19120 and it took: 60065.2ms
query [10505]: # of matches found 19135 and it took: 60591.1ms
query [10506]: # of matches found 19135 and it took: 59929.8ms
query [10507]: # of matches found 19099 and it took: 60355.4ms
query [10508]: # of matches found 19439 and it took: 60099.2ms
query [10509]: # of matches found 19316 and it took: 59840.7ms
query [10510]: # of matches found 19373 and it took: 59986.4ms
query [10511]: # of matches found 19420 and it took: 60435.4ms
query [10512]: # of matches found 19531 and it took: 60329.4ms
query [10513]: # of matches found 19548 and it took: 59651ms
query [10514]: # of matches found 24010 and it took: 59697.2ms
query [10515]: # of matches found 23974 and it took: 59930.5ms
query [10516]: # of matches found 23669 and it took: 59802.2ms
query [10517]: # of matches found 23655 and it took: 60336.5ms
query [10518]: # of matches found 23681 and it took: 60081.5ms
query [10519]: # of matches found 23875 and it took: 59731.1ms
query [10520]: # of matches found 23917 and it took: 59746.3ms
query [10521]: # of matches found 23721 and it took: 60206.5ms
query [10522]: # of matches found 23749 and it took: 59840.5ms
query [10523]: # of matches found 23728 and it took: 59170.1ms
query [10524]: # of matches found 23776 and it took: 59208.5ms
query [10525]: # of matches found 23795 and it took: 59401.6ms
query [10526]: # of matches found 23897 and it took: 59218ms
query [10527]: # of matches found 23937 and it took: 59629.8ms
query [10528]: # of matches found 24009 and it took: 59417.4ms
query [10529]: # of matches found 23980 and it took: 58956.4ms
query [10530]: # of matches found 24002 and it took: 59101.9ms
query [10531]: # of matches found 24002 and it took: 59446.5ms
query [10532]: # of matches found 23959 and it took: 59571.4ms
query [10533]: # of matches found 23967 and it took: 58652.7ms
query [10534]: # of matches found 23963 and it took: 58817.1ms
query [10535]: # of matches found 23595 and it took: 59626.1ms
query [10536]: # of matches found 23608 and it took: 58935.8ms
query [10537]: # of matches found 23628 and it took: 59388.2ms
query [10538]: # of matches found 23593 and it took: 59117.4ms
query [10539]: # of matches found 23707 and it took: 58984.1ms
query [10540]: # of matches found 23727 and it took: 58947.6ms
query [10541]: # of matches found 23722 and it took: 59030ms
query [10542]: # of matches found 23818 and it took: 58882.6ms
query [10543]: # of matches found 23773 and it took: 58285.5ms
query [10544]: # of matches found 23722 and it took: 58321.9ms
query [10545]: # of matches found 23712 and it took: 58466.6ms
query [10546]: # of matches found 23691 and it took: 58459.9ms
query [10547]: # of matches found 23644 and it took: 58642.2ms
query [10548]: # of matches found 23629 and it took: 58332.7ms
query [10549]: # of matches found 23581 and it took: 58501.4ms
query [10550]: # of matches found 23553 and it took: 58455.6ms
query [10551]: # of matches found 23556 and it took: 58228.6ms
query [10552]: # of matches found 23483 and it took: 57811.2ms
query [10553]: # of matches found 23457 and it took: 57451.4ms
query [10554]: # of matches found 23377 and it took: 57654.4ms
query [10555]: # of matches found 23201 and it took: 57675.8ms
query [10556]: # of matches found 23074 and it took: 57418.4ms
query [10557]: # of matches found 22877 and it took: 57308.8ms
query [10558]: # of matches found 22820 and it took: 56847ms
query [10559]: # of matches found 22852 and it took: 57148.8ms
query [10560]: # of matches found 22835 and it took: 56891.7ms
query [10561]: # of matches found 22873 and it took: 56878.5ms
query [10562]: # of matches found 22958 and it took: 56498.5ms
query [10563]: # of matches found 22919 and it took: 56320ms
query [10564]: # of matches found 22815 and it took: 56578.7ms
query [10565]: # of matches found 22784 and it took: 56756.2ms
query [10566]: # of matches found 22803 and it took: 57311.1ms
query [10567]: # of matches found 22836 and it took: 56700.8ms
query [10568]: # of matches found 22800 and it took: 56709.8ms
query [10569]: # of matches found 22812 and it took: 56865.9ms
query [10570]: # of matches found 22940 and it took: 57075.8ms
query [10571]: # of matches found 22914 and it took: 57123.9ms
query [10572]: # of matches found 23014 and it took: 56792.8ms
query [10573]: # of matches found 22705 and it took: 57008.9ms
query [10574]: # of matches found 22702 and it took: 56795.5ms
query [10575]: # of matches found 22692 and it took: 57165.6ms
query [10576]: # of matches found 22690 and it took: 57361.7ms
query [10577]: # of matches found 22542 and it took: 57151.9ms
query [10578]: # of matches found 22570 and it took: 56921.5ms
query [10579]: # of matches found 21392 and it took: 57009.9ms
query [10580]: # of matches found 21582 and it took: 57303.3ms
query [10581]: # of matches found 21628 and it took: 57141.7ms
query [10582]: # of matches found 21478 and it took: 56961.9ms
query [10583]: # of matches found 22459 and it took: 57262.1ms
query [10584]: # of matches found 22452 and it took: 57314.8ms
query [10585]: # of matches found 22311 and it took: 57467.9ms
query [10586]: # of matches found 22267 and it took: 57562.9ms
query [10587]: # of matches found 22156 and it took: 57691ms
query [10588]: # of matches found 21887 and it took: 57547.4ms
query [10589]: # of matches found 21811 and it took: 57691.4ms
query [10590]: # of matches found 21640 and it took: 57667.7ms
query [10591]: # of matches found 21636 and it took: 57775.6ms
query [10592]: # of matches found 20978 and it took: 57499.8ms
query [10593]: # of matches found 20904 and it took: 57747.2ms
query [10594]: # of matches found 20895 and it took: 57648.1ms
query [10595]: # of matches found 20926 and it took: 57641.2ms
query [10596]: # of matches found 20900 and it took: 57957.6ms
query [10597]: # of matches found 20920 and it took: 58837.6ms
query [10598]: # of matches found 20909 and it took: 57988.8ms
query [10599]: # of matches found 21550 and it took: 57463ms
query [10600]: # of matches found 21598 and it took: 57715.9ms
query [10601]: # of matches found 21577 and it took: 57628.3ms
query [10602]: # of matches found 21633 and it took: 57439.5ms
query [10603]: # of matches found 21695 and it took: 57704.9ms
query [10604]: # of matches found 21908 and it took: 57237ms
query [10605]: # of matches found 22089 and it took: 57419.3ms
query [10606]: # of matches found 22195 and it took: 57181.7ms
query [10607]: # of matches found 22202 and it took: 57265.7ms
query [10608]: # of matches found 22208 and it took: 57506.9ms
query [10609]: # of matches found 22183 and it took: 57502.2ms
query [10610]: # of matches found 22044 and it took: 57907.2ms
query [10611]: # of matches found 21959 and it took: 57520.5ms
query [10612]: # of matches found 21970 and it took: 57464.3ms
query [10613]: # of matches found 21942 and it took: 57724.5ms
query [10614]: # of matches found 21975 and it took: 57428.2ms
query [10615]: # of matches found 21860 and it took: 58078.1ms
query [10616]: # of matches found 21842 and it took: 58195.6ms
query [10617]: # of matches found 21790 and it took: 58102.8ms
query [10618]: # of matches found 21796 and it took: 58839.4ms
query [10619]: # of matches found 21825 and it took: 58412.5ms
query [10620]: # of matches found 19328 and it took: 58939.4ms
query [10621]: # of matches found 20006 and it took: 58663.4ms
query [10622]: # of matches found 19963 and it took: 58602.7ms
query [10623]: # of matches found 19886 and it took: 59010.6ms
query [10624]: # of matches found 19825 and it took: 58840.4ms
query [10625]: # of matches found 19871 and it took: 59091ms
query [10626]: # of matches found 19952 and it took: 59444.7ms
query [10627]: # of matches found 19921 and it took: 58854.7ms
query [10628]: # of matches found 19931 and it took: 60101.9ms
query [10629]: # of matches found 17808 and it took: 59447.8ms
query [10630]: # of matches found 17830 and it took: 59547ms
query [10631]: # of matches found 17771 and it took: 59578.3ms
query [10632]: # of matches found 17823 and it took: 59601.3ms
query [10633]: # of matches found 18053 and it took: 60032.8ms
query [10634]: # of matches found 17953 and it took: 60135.8ms
query [10635]: # of matches found 18152 and it took: 60443.6ms
query [10636]: # of matches found 18282 and it took: 60573.7ms
query [10637]: # of matches found 18264 and it took: 60167ms
query [10638]: # of matches found 18385 and it took: 60598ms
query [10639]: # of matches found 18441 and it took: 60198.5ms
query [10640]: # of matches found 18471 and it took: 60639.4ms
query [10641]: # of matches found 18577 and it took: 60333.8ms
query [10642]: # of matches found 18615 and it took: 60215.2ms
query [10643]: # of matches found 18626 and it took: 60690.4ms
query [10644]: # of matches found 18609 and it took: 60336.7ms
query [10645]: # of matches found 18644 and it took: 60685.2ms
query [10646]: # of matches found 18616 and it took: 60766.7ms
query [10647]: # of matches found 18706 and it took: 60420.9ms
query [10648]: # of matches found 20561 and it took: 61092.5ms
query [10649]: # of matches found 20657 and it took: 60835.5ms
query [10650]: # of matches found 20790 and it took: 61448ms
query [10651]: # of matches found 21850 and it took: 61319.4ms
query [10652]: # of matches found 22265 and it took: 61726.4ms
query [10653]: # of matches found 23220 and it took: 62466.9ms
query [10654]: # of matches found 20785 and it took: 62259.6ms
query [10655]: # of matches found 20875 and it took: 62493.7ms
query [10656]: # of matches found 20934 and it took: 62512.5ms
query [10657]: # of matches found 20968 and it took: 62334.6ms
query [10658]: # of matches found 20955 and it took: 63227.9ms
query [10659]: # of matches found 21016 and it took: 62444.4ms
query [10660]: # of matches found 20977 and it took: 62975.8ms
query [10661]: # of matches found 20894 and it took: 62717.3ms
query [10662]: # of matches found 20854 and it took: 62521.3ms
query [10663]: # of matches found 20848 and it took: 62919.5ms
query [10664]: # of matches found 20893 and it took: 62640.1ms
query [10665]: # of matches found 20882 and it took: 62995.7ms
query [10666]: # of matches found 20994 and it took: 62926.3ms
query [10667]: # of matches found 21009 and it took: 62488ms
query [10668]: # of matches found 20997 and it took: 63002.5ms
query [10669]: # of matches found 20974 and it took: 62383.3ms
query [10670]: # of matches found 21043 and it took: 63368.8ms
query [10671]: # of matches found 21002 and it took: 63091.1ms
query [10672]: # of matches found 21000 and it took: 62927.1ms
query [10673]: # of matches found 20955 and it took: 63330.9ms
query [10674]: # of matches found 20960 and it took: 63400.8ms
query [10675]: # of matches found 20923 and it took: 63637.8ms
query [10676]: # of matches found 20812 and it took: 63721.4ms
query [10677]: # of matches found 20784 and it took: 63063.6ms
query [10678]: # of matches found 20744 and it took: 63704ms
query [10679]: # of matches found 20637 and it took: 63793.8ms
query [10680]: # of matches found 20589 and it took: 63874.6ms
query [10681]: # of matches found 20527 and it took: 63962.5ms
query [10682]: # of matches found 20434 and it took: 64188.3ms
query [10683]: # of matches found 20386 and it took: 63989ms
query [10684]: # of matches found 20440 and it took: 64342.3ms
query [10685]: # of matches found 20418 and it took: 64670.8ms
query [10686]: # of matches found 20400 and it took: 65173.7ms
query [10687]: # of matches found 20372 and it took: 64282.2ms
query [10688]: # of matches found 20363 and it took: 64783.7ms
query [10689]: # of matches found 20337 and it took: 64633.1ms
query [10690]: # of matches found 20341 and it took: 64824.6ms
query [10691]: # of matches found 20325 and it took: 64215.9ms
query [10692]: # of matches found 20363 and it took: 64028.5ms
query [10693]: # of matches found 20388 and it took: 63979.2ms
