no kmerRangesFileAddressArg!
no otherToolArg!
**********************CONFIGURATIONS*****************************
PARMIK mode:                  3
readDatabaseAddress:          /p/lava/parmik/partialMatcherProject/datasets/metagenomicDB/SRR14381434/SRR14381434_reads
readFileName:                 SRR14381434_reads
queryFileAddress:             /p/lava/parmik/partialMatcherProject/datasets/queryFiles/covidQueryFiles/SarsGenome_chunks/SarsGenome_queries_17000-17999
queryFileName:                SarsGenome_queries_17000-17999
otherToolOutputFileAddress:   /u/rgq5aw/GIT/PARMIK/partialMatcherProject/tools/blast/SRR14381434/SarsGenome/blastn_ws30_results.out
outputDir:                    /p/lava/parmik/partialMatcherProject/tools/baseline_ssw/SRR14381434/SarsGenome
penaltyFileAddress:           /u/rgq5aw/GIT/PARMIK/experiments/parmik/CK_SSW_ID_PRCNTG/PenaltySets/2484_1111_2444_2288_2848
kmerRangesFileAddress:        
readsCount:                   17000000
queryCount:                   30000
kmerLength:                   11
regionSize:                   48
cheapKmerThreshold:           0
identityPercentage:           0.85
minExactMatchLen:             0
minNumExactMatchKmer:         0
isIndexOffline:               1
offlineIndexAddress:          /p/lava/parmik/partialMatcherProject/tools/parmik/CK_INDEX/SRR14381434/
max editDistance in min region: 2
**********************CONFIGURATIONS*****************************
--------------Penalties--------------
m: 2, s: 4, go: 8, ge: 4
m: 1, s: 1, go: 1, ge: 1
m: 2, s: 4, go: 4, ge: 4
m: 2, s: 2, go: 8, ge: 8
m: 2, s: 8, go: 4, ge: 8
------------------------------------
numberOfReadsWithN : 0
queryCount : 1000
numberOfReadsWithN : 0
readCount : 9488668
offlineCheapIndexAddress: /p/lava/parmik/partialMatcherProject/tools/parmik/CK_INDEX/SRR14381434/ck_T0_K11_r17000000
pmrkAlignmentsAddress: /p/lava/parmik/partialMatcherProject/tools/baseline_ssw/SRR14381434/SarsGenome/aln/pmAln_R48_PI85_L0_M0_E2_K11_T0_P_2484_1111_2444_2288_2848.txt
Starting alignment for all queries [fwd]...
queryBaseIndex: 17000
query [17000]: # of matches found 14023 and it took: 81325.5ms
query [17001]: # of matches found 14005 and it took: 81247.9ms
query [17002]: # of matches found 14000 and it took: 80285.6ms
query [17003]: # of matches found 14097 and it took: 80682.3ms
query [17004]: # of matches found 14140 and it took: 81368.1ms
query [17005]: # of matches found 14182 and it took: 81859ms
query [17006]: # of matches found 14200 and it took: 81238.8ms
query [17007]: # of matches found 14033 and it took: 78797.5ms
query [17008]: # of matches found 13989 and it took: 81664.5ms
query [17009]: # of matches found 13985 and it took: 81014.4ms
query [17010]: # of matches found 13664 and it took: 78516.5ms
query [17011]: # of matches found 13525 and it took: 78513.6ms
query [17012]: # of matches found 13416 and it took: 77919.7ms
query [17013]: # of matches found 13387 and it took: 77824.2ms
query [17014]: # of matches found 13355 and it took: 78098.7ms
query [17015]: # of matches found 13307 and it took: 77858.3ms
query [17016]: # of matches found 13298 and it took: 77385.8ms
query [17017]: # of matches found 13235 and it took: 77190.9ms
query [17018]: # of matches found 13142 and it took: 77491.3ms
query [17019]: # of matches found 12593 and it took: 76578.5ms
query [17020]: # of matches found 12574 and it took: 76854.7ms
query [17021]: # of matches found 12573 and it took: 76847.7ms
query [17022]: # of matches found 12569 and it took: 76292ms
query [17023]: # of matches found 12622 and it took: 76168.9ms
query [17024]: # of matches found 12619 and it took: 76625.5ms
query [17025]: # of matches found 12646 and it took: 76501.5ms
query [17026]: # of matches found 12679 and it took: 76399.3ms
query [17027]: # of matches found 12822 and it took: 76924.2ms
query [17028]: # of matches found 13132 and it took: 77239.2ms
query [17029]: # of matches found 13996 and it took: 76573.5ms
query [17030]: # of matches found 14655 and it took: 77378.2ms
query [17031]: # of matches found 23144 and it took: 77789.2ms
query [17032]: # of matches found 516269 and it took: 82122.7ms
query [17033]: # of matches found 518002 and it took: 82005.9ms
query [17034]: # of matches found 524063 and it took: 82727.3ms
query [17035]: # of matches found 524327 and it took: 82766.3ms
query [17036]: # of matches found 524382 and it took: 83122.3ms
query [17037]: # of matches found 524510 and it took: 82775.6ms
query [17038]: # of matches found 524473 and it took: 83339.1ms
query [17039]: # of matches found 524370 and it took: 82438.4ms
query [17040]: # of matches found 524419 and it took: 82484ms
query [17041]: # of matches found 524385 and it took: 82489ms
query [17042]: # of matches found 524349 and it took: 81877.7ms
query [17043]: # of matches found 524319 and it took: 81684.8ms
query [17044]: # of matches found 524374 and it took: 81983.3ms
query [17045]: # of matches found 524380 and it took: 80948.2ms
query [17046]: # of matches found 524562 and it took: 80239.8ms
query [17047]: # of matches found 524506 and it took: 81034.2ms
query [17048]: # of matches found 524548 and it took: 80771.3ms
query [17049]: # of matches found 524612 and it took: 80543.5ms
query [17050]: # of matches found 526728 and it took: 81599.6ms
query [17051]: # of matches found 527011 and it took: 81159.9ms
query [17052]: # of matches found 527205 and it took: 81458.8ms
query [17053]: # of matches found 527463 and it took: 80926ms
query [17054]: # of matches found 527509 and it took: 80809.2ms
query [17055]: # of matches found 527668 and it took: 80156.3ms
query [17056]: # of matches found 527791 and it took: 79940.7ms
query [17057]: # of matches found 528015 and it took: 80662.9ms
query [17058]: # of matches found 528114 and it took: 80639.9ms
query [17059]: # of matches found 528368 and it took: 80442.5ms
query [17060]: # of matches found 528380 and it took: 80864.3ms
query [17061]: # of matches found 528413 and it took: 80498.1ms
query [17062]: # of matches found 528396 and it took: 80378.8ms
query [17063]: # of matches found 528383 and it took: 79867.6ms
query [17064]: # of matches found 527980 and it took: 79930.1ms
query [17065]: # of matches found 527911 and it took: 79152.5ms
query [17066]: # of matches found 527920 and it took: 78325.2ms
query [17067]: # of matches found 527955 and it took: 78600.2ms
query [17068]: # of matches found 527932 and it took: 78781ms
query [17069]: # of matches found 528208 and it took: 78871.9ms
query [17070]: # of matches found 528249 and it took: 78920.9ms
query [17071]: # of matches found 528318 and it took: 78513.7ms
query [17072]: # of matches found 528325 and it took: 78174.9ms
query [17073]: # of matches found 528312 and it took: 77549.1ms
query [17074]: # of matches found 528603 and it took: 78009.5ms
query [17075]: # of matches found 528705 and it took: 77467.2ms
query [17076]: # of matches found 528721 and it took: 76728.3ms
query [17077]: # of matches found 528785 and it took: 77069.5ms
query [17078]: # of matches found 528808 and it took: 76988.4ms
query [17079]: # of matches found 528854 and it took: 76368.9ms
query [17080]: # of matches found 528761 and it took: 77103.9ms
query [17081]: # of matches found 528775 and it took: 77353.5ms
query [17082]: # of matches found 528788 and it took: 76208.2ms
query [17083]: # of matches found 528826 and it took: 76570.6ms
query [17084]: # of matches found 528917 and it took: 76557.2ms
query [17085]: # of matches found 531530 and it took: 76353.7ms
query [17086]: # of matches found 531500 and it took: 76343ms
query [17087]: # of matches found 531485 and it took: 76048.4ms
query [17088]: # of matches found 531495 and it took: 76085ms
query [17089]: # of matches found 531320 and it took: 75553.5ms
query [17090]: # of matches found 531297 and it took: 76299ms
query [17091]: # of matches found 531367 and it took: 75367ms
query [17092]: # of matches found 531398 and it took: 75199.7ms
query [17093]: # of matches found 531460 and it took: 75678.5ms
query [17094]: # of matches found 531465 and it took: 75970.3ms
query [17095]: # of matches found 530982 and it took: 75743.7ms
query [17096]: # of matches found 530699 and it took: 76472ms
query [17097]: # of matches found 530684 and it took: 76846ms
query [17098]: # of matches found 530600 and it took: 76070.4ms
query [17099]: # of matches found 530215 and it took: 75796.8ms
query [17100]: # of matches found 530113 and it took: 76514.6ms
query [17101]: # of matches found 530068 and it took: 75640.1ms
query [17102]: # of matches found 529962 and it took: 76573.8ms
query [17103]: # of matches found 529912 and it took: 76052.7ms
query [17104]: # of matches found 529931 and it took: 75872.9ms
query [17105]: # of matches found 529868 and it took: 75341.8ms
query [17106]: # of matches found 529848 and it took: 75499.2ms
query [17107]: # of matches found 529853 and it took: 75533.1ms
query [17108]: # of matches found 529863 and it took: 75451.9ms
query [17109]: # of matches found 530050 and it took: 75700ms
query [17110]: # of matches found 530122 and it took: 75173.8ms
query [17111]: # of matches found 530165 and it took: 75720.9ms
query [17112]: # of matches found 530278 and it took: 76469.6ms
query [17113]: # of matches found 530322 and it took: 76542ms
query [17114]: # of matches found 533970 and it took: 76607.3ms
query [17115]: # of matches found 534793 and it took: 75665.1ms
query [17116]: # of matches found 534821 and it took: 76610.1ms
query [17117]: # of matches found 535269 and it took: 76170.3ms
query [17118]: # of matches found 535312 and it took: 76378.3ms
query [17119]: # of matches found 535277 and it took: 76094ms
query [17120]: # of matches found 535302 and it took: 76065.9ms
query [17121]: # of matches found 535683 and it took: 75781.3ms
query [17122]: # of matches found 535658 and it took: 76427ms
query [17123]: # of matches found 534957 and it took: 76213.7ms
query [17124]: # of matches found 534969 and it took: 76107.4ms
query [17125]: # of matches found 534838 and it took: 76934.1ms
query [17126]: # of matches found 534788 and it took: 77068.9ms
query [17127]: # of matches found 534858 and it took: 77309.5ms
query [17128]: # of matches found 534639 and it took: 76640.9ms
query [17129]: # of matches found 534083 and it took: 76524.5ms
query [17130]: # of matches found 533168 and it took: 76895.4ms
query [17131]: # of matches found 533032 and it took: 77134.1ms
query [17132]: # of matches found 532854 and it took: 76687.7ms
query [17133]: # of matches found 532795 and it took: 77126.7ms
query [17134]: # of matches found 532793 and it took: 76808.9ms
query [17135]: # of matches found 532740 and it took: 77275.1ms
query [17136]: # of matches found 532743 and it took: 76888.3ms
query [17137]: # of matches found 532700 and it took: 77491.8ms
query [17138]: # of matches found 532738 and it took: 76609.5ms
query [17139]: # of matches found 532756 and it took: 76715.7ms
query [17140]: # of matches found 532806 and it took: 76483.4ms
query [17141]: # of matches found 532881 and it took: 76837ms
query [17142]: # of matches found 532952 and it took: 77286.7ms
query [17143]: # of matches found 532961 and it took: 77568.8ms
query [17144]: # of matches found 533130 and it took: 78157.2ms
query [17145]: # of matches found 533191 and it took: 78288.8ms
query [17146]: # of matches found 533236 and it took: 79079.8ms
query [17147]: # of matches found 533205 and it took: 78513.5ms
query [17148]: # of matches found 533211 and it took: 78103.6ms
query [17149]: # of matches found 533180 and it took: 77321.7ms
query [17150]: # of matches found 533167 and it took: 77045.7ms
query [17151]: # of matches found 533145 and it took: 77904.2ms
query [17152]: # of matches found 533137 and it took: 78005.5ms
query [17153]: # of matches found 533206 and it took: 77578ms
query [17154]: # of matches found 533226 and it took: 77974.2ms
query [17155]: # of matches found 533230 and it took: 77135.6ms
query [17156]: # of matches found 533258 and it took: 77522.5ms
query [17157]: # of matches found 533123 and it took: 77915.8ms
query [17158]: # of matches found 533134 and it took: 77728ms
query [17159]: # of matches found 533124 and it took: 76694.9ms
query [17160]: # of matches found 533083 and it took: 76393ms
query [17161]: # of matches found 533088 and it took: 77626.2ms
query [17162]: # of matches found 533075 and it took: 77385ms
query [17163]: # of matches found 533043 and it took: 78278.1ms
query [17164]: # of matches found 533061 and it took: 77283.9ms
query [17165]: # of matches found 533003 and it took: 76765.2ms
query [17166]: # of matches found 533107 and it took: 76305.6ms
query [17167]: # of matches found 532947 and it took: 76127.8ms
query [17168]: # of matches found 532916 and it took: 76508ms
query [17169]: # of matches found 531846 and it took: 75458.2ms
query [17170]: # of matches found 531648 and it took: 75226.5ms
query [17171]: # of matches found 524848 and it took: 75365.2ms
query [17172]: # of matches found 53889 and it took: 68859.6ms
query [17173]: # of matches found 49956 and it took: 69045.9ms
query [17174]: # of matches found 39949 and it took: 69236ms
query [17175]: # of matches found 21379 and it took: 68998.7ms
query [17176]: # of matches found 21242 and it took: 69292.9ms
query [17177]: # of matches found 21417 and it took: 69373.1ms
query [17178]: # of matches found 21514 and it took: 69678.3ms
query [17179]: # of matches found 21510 and it took: 69422.3ms
query [17180]: # of matches found 22816 and it took: 69536.6ms
query [17181]: # of matches found 23309 and it took: 69688.8ms
query [17182]: # of matches found 23420 and it took: 69393.5ms
query [17183]: # of matches found 23449 and it took: 69364.3ms
query [17184]: # of matches found 23427 and it took: 69653.1ms
query [17185]: # of matches found 23406 and it took: 69648.2ms
query [17186]: # of matches found 23209 and it took: 69946.9ms
query [17187]: # of matches found 23211 and it took: 70146ms
query [17188]: # of matches found 23684 and it took: 70384.6ms
query [17189]: # of matches found 23670 and it took: 70406.6ms
query [17190]: # of matches found 21571 and it took: 70366.7ms
query [17191]: # of matches found 21314 and it took: 70958.5ms
query [17192]: # of matches found 21150 and it took: 70522.6ms
query [17193]: # of matches found 20812 and it took: 70948.6ms
query [17194]: # of matches found 20793 and it took: 71686.3ms
query [17195]: # of matches found 20751 and it took: 71560ms
query [17196]: # of matches found 20747 and it took: 71689.8ms
query [17197]: # of matches found 20552 and it took: 71733.4ms
query [17198]: # of matches found 21747 and it took: 72056.1ms
query [17199]: # of matches found 21530 and it took: 71797.7ms
query [17200]: # of matches found 21630 and it took: 71822.2ms
query [17201]: # of matches found 21764 and it took: 72133.2ms
query [17202]: # of matches found 21766 and it took: 71301.1ms
query [17203]: # of matches found 21729 and it took: 71630.5ms
query [17204]: # of matches found 21749 and it took: 72053ms
query [17205]: # of matches found 21768 and it took: 71757.1ms
query [17206]: # of matches found 21805 and it took: 72118.7ms
query [17207]: # of matches found 21744 and it took: 72262ms
query [17208]: # of matches found 21721 and it took: 72721.5ms
query [17209]: # of matches found 21463 and it took: 72172.8ms
query [17210]: # of matches found 21397 and it took: 72541.9ms
query [17211]: # of matches found 21335 and it took: 72700.7ms
query [17212]: # of matches found 21308 and it took: 71821.6ms
query [17213]: # of matches found 21330 and it took: 72599.4ms
query [17214]: # of matches found 21054 and it took: 73033ms
query [17215]: # of matches found 21001 and it took: 72461.8ms
query [17216]: # of matches found 21017 and it took: 72921.6ms
query [17217]: # of matches found 20891 and it took: 72772.8ms
query [17218]: # of matches found 20900 and it took: 73397ms
query [17219]: # of matches found 20886 and it took: 72899.1ms
query [17220]: # of matches found 20929 and it took: 73295.5ms
query [17221]: # of matches found 20928 and it took: 73869.4ms
query [17222]: # of matches found 20942 and it took: 72950.9ms
query [17223]: # of matches found 21065 and it took: 73860.3ms
query [17224]: # of matches found 21104 and it took: 75000.1ms
query [17225]: # of matches found 18503 and it took: 74128.5ms
query [17226]: # of matches found 18517 and it took: 74657.7ms
query [17227]: # of matches found 18539 and it took: 74695.5ms
query [17228]: # of matches found 18545 and it took: 75361.6ms
query [17229]: # of matches found 18498 and it took: 74783.9ms
query [17230]: # of matches found 18460 and it took: 74881.2ms
query [17231]: # of matches found 18340 and it took: 74914.6ms
query [17232]: # of matches found 18278 and it took: 74132.6ms
query [17233]: # of matches found 18606 and it took: 74973.5ms
query [17234]: # of matches found 18547 and it took: 75452.6ms
query [17235]: # of matches found 18492 and it took: 74084ms
query [17236]: # of matches found 18528 and it took: 74188.1ms
query [17237]: # of matches found 18477 and it took: 74702.3ms
query [17238]: # of matches found 18468 and it took: 75406.7ms
query [17239]: # of matches found 18431 and it took: 75245.5ms
query [17240]: # of matches found 18458 and it took: 75598.3ms
query [17241]: # of matches found 19073 and it took: 75102.4ms
query [17242]: # of matches found 24030 and it took: 74679.6ms
query [17243]: # of matches found 25246 and it took: 75509.6ms
query [17244]: # of matches found 25342 and it took: 75561.1ms
query [17245]: # of matches found 32296 and it took: 75020.8ms
query [17246]: # of matches found 33540 and it took: 74873.1ms
query [17247]: # of matches found 33555 and it took: 75631.3ms
query [17248]: # of matches found 33566 and it took: 76268.9ms
query [17249]: # of matches found 33438 and it took: 76181.5ms
query [17250]: # of matches found 33404 and it took: 75722.9ms
query [17251]: # of matches found 33360 and it took: 75075.9ms
query [17252]: # of matches found 33341 and it took: 74689.1ms
query [17253]: # of matches found 33307 and it took: 75833.9ms
query [17254]: # of matches found 33341 and it took: 75776.6ms
query [17255]: # of matches found 28809 and it took: 75475.9ms
query [17256]: # of matches found 28727 and it took: 75339.8ms
query [17257]: # of matches found 28276 and it took: 76428.9ms
query [17258]: # of matches found 28252 and it took: 77038.9ms
query [17259]: # of matches found 28224 and it took: 76653.9ms
query [17260]: # of matches found 28188 and it took: 76861.4ms
query [17261]: # of matches found 27769 and it took: 76030.3ms
query [17262]: # of matches found 27727 and it took: 76102.6ms
query [17263]: # of matches found 27648 and it took: 76912.5ms
query [17264]: # of matches found 27624 and it took: 76535.6ms
query [17265]: # of matches found 27595 and it took: 75554.4ms
query [17266]: # of matches found 27550 and it took: 75028.3ms
query [17267]: # of matches found 27472 and it took: 75913.6ms
query [17268]: # of matches found 27438 and it took: 76535.5ms
query [17269]: # of matches found 27364 and it took: 76723.1ms
query [17270]: # of matches found 28072 and it took: 77317.3ms
query [17271]: # of matches found 28041 and it took: 76763.9ms
query [17272]: # of matches found 28028 and it took: 76709.2ms
query [17273]: # of matches found 28056 and it took: 77704.4ms
query [17274]: # of matches found 28038 and it took: 78065.9ms
query [17275]: # of matches found 28032 and it took: 77528.3ms
query [17276]: # of matches found 28360 and it took: 76981.7ms
query [17277]: # of matches found 28500 and it took: 78432.7ms
query [17278]: # of matches found 28437 and it took: 78659.7ms
query [17279]: # of matches found 28472 and it took: 78698.9ms
query [17280]: # of matches found 28442 and it took: 79459.3ms
query [17281]: # of matches found 28434 and it took: 78482.8ms
query [17282]: # of matches found 28601 and it took: 77858.1ms
query [17283]: # of matches found 28760 and it took: 78680.4ms
query [17284]: # of matches found 28828 and it took: 78773.5ms
query [17285]: # of matches found 29365 and it took: 77693.5ms
query [17286]: # of matches found 29621 and it took: 77517.4ms
query [17287]: # of matches found 29790 and it took: 78713.5ms
query [17288]: # of matches found 29992 and it took: 79118.3ms
query [17289]: # of matches found 30084 and it took: 79168ms
query [17290]: # of matches found 30090 and it took: 78978.6ms
query [17291]: # of matches found 30114 and it took: 78198.3ms
query [17292]: # of matches found 30138 and it took: 78023.8ms
query [17293]: # of matches found 30738 and it took: 78356.6ms
query [17294]: # of matches found 30709 and it took: 77779.2ms
query [17295]: # of matches found 30623 and it took: 77511.2ms
query [17296]: # of matches found 30642 and it took: 77015.4ms
query [17297]: # of matches found 30692 and it took: 78248.3ms
query [17298]: # of matches found 30767 and it took: 77977.2ms
query [17299]: # of matches found 30815 and it took: 78298.3ms
query [17300]: # of matches found 30841 and it took: 78169.8ms
query [17301]: # of matches found 30880 and it took: 77832.1ms
query [17302]: # of matches found 30897 and it took: 78136.6ms
query [17303]: # of matches found 30891 and it took: 79058.3ms
query [17304]: # of matches found 30882 and it took: 78836.4ms
query [17305]: # of matches found 30925 and it took: 78491.3ms
query [17306]: # of matches found 30804 and it took: 78066.4ms
query [17307]: # of matches found 30912 and it took: 78677.5ms
query [17308]: # of matches found 30910 and it took: 78874.2ms
query [17309]: # of matches found 30972 and it took: 79067.2ms
query [17310]: # of matches found 31024 and it took: 79362.2ms
query [17311]: # of matches found 31347 and it took: 78428.1ms
query [17312]: # of matches found 31491 and it took: 78331.1ms
query [17313]: # of matches found 31510 and it took: 78384.2ms
query [17314]: # of matches found 31537 and it took: 77891.6ms
query [17315]: # of matches found 31534 and it took: 78050.4ms
query [17316]: # of matches found 31430 and it took: 76685.2ms
query [17317]: # of matches found 31440 and it took: 77255.5ms
query [17318]: # of matches found 30934 and it took: 77119.5ms
query [17319]: # of matches found 30881 and it took: 76953.7ms
query [17320]: # of matches found 29481 and it took: 77104.4ms
query [17321]: # of matches found 28970 and it took: 76670ms
query [17322]: # of matches found 28882 and it took: 76726.7ms
query [17323]: # of matches found 28830 and it took: 76657.7ms
query [17324]: # of matches found 28813 and it took: 76115.3ms
query [17325]: # of matches found 28878 and it took: 75895.2ms
query [17326]: # of matches found 28926 and it took: 74825.5ms
query [17327]: # of matches found 28969 and it took: 76045.8ms
query [17328]: # of matches found 28741 and it took: 75737.7ms
query [17329]: # of matches found 28753 and it took: 76043.7ms
query [17330]: # of matches found 28743 and it took: 75871.1ms
query [17331]: # of matches found 28766 and it took: 75321.4ms
query [17332]: # of matches found 28799 and it took: 75441.2ms
query [17333]: # of matches found 28828 and it took: 75533.5ms
query [17334]: # of matches found 28834 and it took: 74894.4ms
query [17335]: # of matches found 28837 and it took: 74773.7ms
query [17336]: # of matches found 28919 and it took: 74219.9ms
query [17337]: # of matches found 28926 and it took: 75564.4ms
query [17338]: # of matches found 27610 and it took: 74400.2ms
query [17339]: # of matches found 27869 and it took: 75005.9ms
query [17340]: # of matches found 28530 and it took: 75239.9ms
query [17341]: # of matches found 28452 and it took: 75737.4ms
query [17342]: # of matches found 28330 and it took: 75463.8ms
query [17343]: # of matches found 28334 and it took: 75832.2ms
query [17344]: # of matches found 28561 and it took: 75188.9ms
query [17345]: # of matches found 28605 and it took: 75067.8ms
query [17346]: # of matches found 28663 and it took: 74935.6ms
query [17347]: # of matches found 28800 and it took: 76206.8ms
query [17348]: # of matches found 28862 and it took: 74578.6ms
query [17349]: # of matches found 29009 and it took: 75325.2ms
query [17350]: # of matches found 29252 and it took: 75445.3ms
query [17351]: # of matches found 29281 and it took: 75608.1ms
query [17352]: # of matches found 29432 and it took: 74995.1ms
query [17353]: # of matches found 29408 and it took: 75518.8ms
query [17354]: # of matches found 29477 and it took: 75165.4ms
query [17355]: # of matches found 29537 and it took: 74352.6ms
query [17356]: # of matches found 30307 and it took: 74748ms
query [17357]: # of matches found 30362 and it took: 76039.4ms
query [17358]: # of matches found 30525 and it took: 74609.1ms
query [17359]: # of matches found 30528 and it took: 75822.9ms
query [17360]: # of matches found 30596 and it took: 76153.5ms
query [17361]: # of matches found 30667 and it took: 76291.2ms
query [17362]: # of matches found 30686 and it took: 75826.9ms
query [17363]: # of matches found 30619 and it took: 76363.8ms
query [17364]: # of matches found 30762 and it took: 75534ms
query [17365]: # of matches found 30752 and it took: 74972.7ms
query [17366]: # of matches found 31108 and it took: 74556.3ms
query [17367]: # of matches found 31107 and it took: 75375.3ms
query [17368]: # of matches found 31156 and it took: 73403.7ms
query [17369]: # of matches found 31231 and it took: 74776.3ms
query [17370]: # of matches found 31269 and it took: 75174.2ms
query [17371]: # of matches found 31271 and it took: 74869.8ms
query [17372]: # of matches found 31308 and it took: 74044ms
query [17373]: # of matches found 31318 and it took: 75119.4ms
query [17374]: # of matches found 31301 and it took: 74236.8ms
query [17375]: # of matches found 30931 and it took: 74254.1ms
query [17376]: # of matches found 30911 and it took: 74956ms
query [17377]: # of matches found 30925 and it took: 76671.4ms
query [17378]: # of matches found 30964 and it took: 75380.7ms
query [17379]: # of matches found 31147 and it took: 76548.6ms
query [17380]: # of matches found 31143 and it took: 76523ms
query [17381]: # of matches found 30636 and it took: 75992.1ms
query [17382]: # of matches found 26084 and it took: 75064.6ms
query [17383]: # of matches found 24437 and it took: 75883.6ms
query [17384]: # of matches found 24174 and it took: 74542.4ms
query [17385]: # of matches found 17443 and it took: 74320.4ms
query [17386]: # of matches found 15856 and it took: 75264.3ms
query [17387]: # of matches found 15838 and it took: 76076.9ms
query [17388]: # of matches found 15820 and it took: 74689.6ms
query [17389]: # of matches found 15830 and it took: 76121ms
query [17390]: # of matches found 15814 and it took: 75880ms
query [17391]: # of matches found 15813 and it took: 75671.4ms
query [17392]: # of matches found 15893 and it took: 74869.9ms
query [17393]: # of matches found 15998 and it took: 75761.1ms
query [17394]: # of matches found 15968 and it took: 75068.8ms
query [17395]: # of matches found 15956 and it took: 74267.3ms
query [17396]: # of matches found 16006 and it took: 75390.9ms
query [17397]: # of matches found 16018 and it took: 75875.9ms
query [17398]: # of matches found 16022 and it took: 74107.5ms
query [17399]: # of matches found 16039 and it took: 75398.1ms
query [17400]: # of matches found 16050 and it took: 75344.9ms
query [17401]: # of matches found 16112 and it took: 74920.5ms
query [17402]: # of matches found 16165 and it took: 74307.7ms
query [17403]: # of matches found 16165 and it took: 75272.9ms
query [17404]: # of matches found 16156 and it took: 74552ms
query [17405]: # of matches found 16157 and it took: 74129.9ms
query [17406]: # of matches found 16137 and it took: 75281.7ms
query [17407]: # of matches found 18230 and it took: 75490ms
query [17408]: # of matches found 18345 and it took: 73975.8ms
query [17409]: # of matches found 19414 and it took: 75565.1ms
query [17410]: # of matches found 18868 and it took: 75104.3ms
query [17411]: # of matches found 18893 and it took: 74649.1ms
query [17412]: # of matches found 18886 and it took: 74062.3ms
query [17413]: # of matches found 18847 and it took: 74642.6ms
query [17414]: # of matches found 18881 and it took: 74002.3ms
query [17415]: # of matches found 18890 and it took: 73576ms
query [17416]: # of matches found 18557 and it took: 74671.7ms
query [17417]: # of matches found 18470 and it took: 74821.1ms
query [17418]: # of matches found 18444 and it took: 73311.9ms
query [17419]: # of matches found 18385 and it took: 74735.3ms
query [17420]: # of matches found 18383 and it took: 74595.3ms
query [17421]: # of matches found 18339 and it took: 74368.9ms
query [17422]: # of matches found 18225 and it took: 73915.6ms
query [17423]: # of matches found 17924 and it took: 74557.7ms
query [17424]: # of matches found 17609 and it took: 74397.4ms
query [17425]: # of matches found 17169 and it took: 73618.3ms
query [17426]: # of matches found 16852 and it took: 74601.8ms
query [17427]: # of matches found 16513 and it took: 75173.2ms
query [17428]: # of matches found 16437 and it took: 73274.9ms
query [17429]: # of matches found 16397 and it took: 75426.8ms
query [17430]: # of matches found 16387 and it took: 75111ms
query [17431]: # of matches found 16389 and it took: 75100.5ms
query [17432]: # of matches found 16335 and it took: 74523.7ms
query [17433]: # of matches found 15776 and it took: 75000.1ms
query [17434]: # of matches found 15880 and it took: 74018.7ms
query [17435]: # of matches found 15900 and it took: 73845.8ms
query [17436]: # of matches found 15931 and it took: 74543.3ms
query [17437]: # of matches found 15953 and it took: 74705.6ms
query [17438]: # of matches found 15874 and it took: 72713.4ms
query [17439]: # of matches found 16005 and it took: 74644.5ms
query [17440]: # of matches found 16180 and it took: 74454.8ms
query [17441]: # of matches found 16228 and it took: 74053.8ms
query [17442]: # of matches found 16286 and it took: 73645.5ms
query [17443]: # of matches found 16365 and it took: 73658.3ms
query [17444]: # of matches found 16406 and it took: 72859.2ms
query [17445]: # of matches found 16433 and it took: 72805.4ms
query [17446]: # of matches found 16446 and it took: 73171ms
query [17447]: # of matches found 16503 and it took: 73602.5ms
query [17448]: # of matches found 16501 and it took: 72427.6ms
query [17449]: # of matches found 16540 and it took: 73773.7ms
query [17450]: # of matches found 16495 and it took: 73285.7ms
query [17451]: # of matches found 16221 and it took: 72984.6ms
query [17452]: # of matches found 16111 and it took: 73400.7ms
query [17453]: # of matches found 16020 and it took: 73230.2ms
query [17454]: # of matches found 16052 and it took: 72550.2ms
query [17455]: # of matches found 16028 and it took: 72667.3ms
query [17456]: # of matches found 16074 and it took: 72740.1ms
query [17457]: # of matches found 16118 and it took: 73102.1ms
query [17458]: # of matches found 16124 and it took: 71771ms
query [17459]: # of matches found 16135 and it took: 73248ms
query [17460]: # of matches found 16365 and it took: 72768.7ms
query [17461]: # of matches found 16401 and it took: 72292.4ms
