no otherToolArg!
**********************CONFIGURATIONS*****************************
PARMIK mode:                  1
readDatabaseAddress:          /p/lava/parmik/partialMatcherProject/datasets/metagenomicDB/SRR14381428/SRR14381428_reads
readFileName:                 SRR14381428_reads
queryFileAddress:             /p/lava/parmik/partialMatcherProject/datasets/queryFiles/covidQueryFiles/RmYN02_queries
queryFileName:                RmYN02_queries
otherToolOutputFileAddress:   /u/rgq5aw/GIT/PARMIK/partialMatcherProject/tools/blast/SRR12432009/NC_045512/blastn_ws30_results.out
outputDir:                    /p/lava/parmik/partialMatcherProject/tools/parmik/SRR14381428/RmYN02
readsCount:                   40000000
queryCount:                   30000
kmerLength:                   15
regionSize:                   50
minExactMatchLen:             30
overlapsize:                  14
cheapKmerThreshold:           500
minNumExactMatchKmer:         16
isIndexOffline:               1
offlineIndexAddress:          /p/lava/parmik/partialMatcherProject/tools/parmik/SRR14381428/index/
isVeboseLog:                  0
**********************CONFIGURATIONS*****************************
numberOfReadsWithN : 0
queryCount : 29522
numberOfReadsWithN : 0
readCount : 31525405
Cheap Kmers Deserialization Time: 843.25 seconds
k-mer max size : 16, stringSize = 15
<<<<<<<<<<<<<<<<< Partial Matcher based on Cheap Kmers Started!! >>>>>>>>>>>>>>>>>>
Partial Mathing based on Cheap Kmer took: 2.39 seconds
------------more partial matching statistics-------------
Number of cheap seeds per query up to q (29522) => Front [average: 0, median: 0, mean: 0] - Back [average: 0, median: 0, mean: 0]
Number of cheap seeds in matched read per query up to q (29522) => [average: 19, median: 19, mean: 19]
Number of reads with at least 1 similar cheap seed per query up to q (29522) => Front [average: 415, median: 408, mean: 415] - Back [average: 415, median: 408, mean: 415]
Number of matches with at least min threshold (16) seeds per query up to q (29522) => Front [average: 8, median: 9, mean: 8] - Back [average: 9, median: 9, mean: 9]
Query time for queries up to q(29522) => [average: 0.000076, median: 0.000064, mean: 0.000076]
--------------------------------------------------------
------------partial matching timing details-------------
extractKmersFromRegions_totalExeTime =  207534687 nanoseconds, 0.21 seconds, 207.53 milliseconds
collectCheapSeeds_totalExeTime =        1311131796 nanoseconds, 1.31 seconds, 1311.13 milliseconds
findMatchedReadWithHihestSeeds_totalExeTime = 121125244 nanoseconds, 0.12 seconds, 121.13 milliseconds
--------------------------------------------------------
<<<<<<<<<<<<<<<<< Partial Matcher based on Cheap Kmers  Ended!! >>>>>>>>>>>>>>>>>>
<<<<<<<<<<<<<<<<< Partial Matcher based on Cheap Kmers Started!! >>>>>>>>>>>>>>>>>>
Partial Mathing based on Cheap Kmer took: 2.37 seconds
------------more partial matching statistics-------------
Number of cheap seeds per query up to q (29522) => Front [average: 0, median: 0, mean: 0] - Back [average: 0, median: 0, mean: 0]
Number of cheap seeds in matched read per query up to q (29522) => [average: 18, median: 19, mean: 18]
Number of reads with at least 1 similar cheap seed per query up to q (29522) => Front [average: 395, median: 391, mean: 395] - Back [average: 395, median: 391, mean: 395]
Number of matches with at least min threshold (16) seeds per query up to q (29522) => Front [average: 15, median: 11, mean: 15] - Back [average: 9, median: 9, mean: 9]
Query time for queries up to q(29522) => [average: 0.000075, median: 0.000064, mean: 0.000075]
--------------------------------------------------------
------------partial matching timing details-------------
extractKmersFromRegions_totalExeTime =  209443280 nanoseconds, 0.21 seconds, 209.44 milliseconds
collectCheapSeeds_totalExeTime =        1286416168 nanoseconds, 1.29 seconds, 1286.42 milliseconds
findMatchedReadWithHihestSeeds_totalExeTime = 119508846 nanoseconds, 0.12 seconds, 119.51 milliseconds
--------------------------------------------------------
<<<<<<<<<<<<<<<<< Partial Matcher based on Cheap Kmers  Ended!! >>>>>>>>>>>>>>>>>>
k-mer max size : 32, stringSize = 30
seed find and extension time (micro second) for queries up to q(29522) => [average: 9082.918528, median: 7195.000000, mean: 9082.918528]
# of queries that pm did not find match : 27674
seed find and extension time (micro second) for queries up to q(29522) => [average: 8178.683830, median: 6515.000000, mean: 8178.683830]
# of queries that pm did not find match : 27605
