k-mer max size : 32, stringSize = 15
numberOfReadsWithN : 0
numberOfReadsWithN : 0
create index started
k-mer max size : 32, stringSize = 15
bp_jump_size : 1
<<<<<<<<<<<<<<<<<<<<<<<< Index Construction Started!!>>>>>>>>>>>>>>>>>>>>>>>>
The 0 100k contigs have been processed!
The 1 100k contigs have been processed!
The 2 100k contigs have been processed!
The 3 100k contigs have been processed!
The 4 100k contigs have been processed!
The 5 100k contigs have been processed!
The 6 100k contigs have been processed!
The 7 100k contigs have been processed!
The 8 100k contigs have been processed!
The 9 100k contigs have been processed!
The 10 100k contigs have been processed!
The 11 100k contigs have been processed!
The 12 100k contigs have been processed!
The 13 100k contigs have been processed!
The 14 100k contigs have been processed!
The 15 100k contigs have been processed!
The 16 100k contigs have been processed!
The 17 100k contigs have been processed!
The 18 100k contigs have been processed!
The 19 100k contigs have been processed!
The 20 100k contigs have been processed!
The 21 100k contigs have been processed!
The 22 100k contigs have been processed!
The 23 100k contigs have been processed!
The 24 100k contigs have been processed!
The 25 100k contigs have been processed!
The 26 100k contigs have been processed!
The 27 100k contigs have been processed!
The 28 100k contigs have been processed!
The 29 100k contigs have been processed!
The 30 100k contigs have been processed!
The 31 100k contigs have been processed!
The 32 100k contigs have been processed!
The 33 100k contigs have been processed!
The 34 100k contigs have been processed!
The 35 100k contigs have been processed!
The 36 100k contigs have been processed!
The 37 100k contigs have been processed!
The 38 100k contigs have been processed!
The 39 100k contigs have been processed!
The 40 100k contigs have been processed!
The 41 100k contigs have been processed!
The 42 100k contigs have been processed!
The 43 100k contigs have been processed!
The 44 100k contigs have been processed!
The 45 100k contigs have been processed!
The 46 100k contigs have been processed!
The 47 100k contigs have been processed!
The 48 100k contigs have been processed!
The 49 100k contigs have been processed!
The 50 100k contigs have been processed!
The 51 100k contigs have been processed!
The 52 100k contigs have been processed!
The 53 100k contigs have been processed!
The 54 100k contigs have been processed!
The 55 100k contigs have been processed!
The 56 100k contigs have been processed!
The 57 100k contigs have been processed!
The 58 100k contigs have been processed!
The 59 100k contigs have been processed!
The 60 100k contigs have been processed!
The 61 100k contigs have been processed!
The 62 100k contigs have been processed!
The 63 100k contigs have been processed!
The 64 100k contigs have been processed!
The 65 100k contigs have been processed!
The 66 100k contigs have been processed!
The 67 100k contigs have been processed!
The 68 100k contigs have been processed!
The 69 100k contigs have been processed!
The 70 100k contigs have been processed!
The 71 100k contigs have been processed!
The 72 100k contigs have been processed!
The 73 100k contigs have been processed!
The 74 100k contigs have been processed!
The 75 100k contigs have been processed!
The 76 100k contigs have been processed!
The 77 100k contigs have been processed!
The 78 100k contigs have been processed!
The 79 100k contigs have been processed!
The 80 100k contigs have been processed!
The 81 100k contigs have been processed!
The 82 100k contigs have been processed!
The 83 100k contigs have been processed!
The 84 100k contigs have been processed!
The 85 100k contigs have been processed!
The 86 100k contigs have been processed!
The 87 100k contigs have been processed!
The 88 100k contigs have been processed!
The 89 100k contigs have been processed!
The 90 100k contigs have been processed!
The 91 100k contigs have been processed!
The 92 100k contigs have been processed!
The 93 100k contigs have been processed!
The 94 100k contigs have been processed!
The 95 100k contigs have been processed!
The 96 100k contigs have been processed!
The 97 100k contigs have been processed!
The 98 100k contigs have been processed!
The 99 100k contigs have been processed!
The 100 100k contigs have been processed!
The 101 100k contigs have been processed!
The 102 100k contigs have been processed!
The 103 100k contigs have been processed!
The 104 100k contigs have been processed!
The 105 100k contigs have been processed!
The 106 100k contigs have been processed!
The 107 100k contigs have been processed!
The 108 100k contigs have been processed!
The 109 100k contigs have been processed!
The 110 100k contigs have been processed!
The 111 100k contigs have been processed!
The 112 100k contigs have been processed!
The 113 100k contigs have been processed!
The 114 100k contigs have been processed!
The 115 100k contigs have been processed!
The 116 100k contigs have been processed!
The 117 100k contigs have been processed!
The 118 100k contigs have been processed!
The 119 100k contigs have been processed!
The 120 100k contigs have been processed!
The 121 100k contigs have been processed!
The 122 100k contigs have been processed!
The 123 100k contigs have been processed!
The 124 100k contigs have been processed!
The 125 100k contigs have been processed!
The 126 100k contigs have been processed!
The 127 100k contigs have been processed!
The 128 100k contigs have been processed!
The 129 100k contigs have been processed!
The 130 100k contigs have been processed!
The 131 100k contigs have been processed!
The 132 100k contigs have been processed!
The 133 100k contigs have been processed!
The 134 100k contigs have been processed!
The 135 100k contigs have been processed!
The 136 100k contigs have been processed!
The 137 100k contigs have been processed!
The 138 100k contigs have been processed!
The 139 100k contigs have been processed!
The 140 100k contigs have been processed!
The 141 100k contigs have been processed!
The 142 100k contigs have been processed!
The 143 100k contigs have been processed!
The 144 100k contigs have been processed!
The 145 100k contigs have been processed!
The 146 100k contigs have been processed!
The 147 100k contigs have been processed!
The 148 100k contigs have been processed!
The 149 100k contigs have been processed!
The 150 100k contigs have been processed!
The 151 100k contigs have been processed!
The 152 100k contigs have been processed!
The 153 100k contigs have been processed!
The 154 100k contigs have been processed!
The 155 100k contigs have been processed!
The 156 100k contigs have been processed!
The 157 100k contigs have been processed!
The 158 100k contigs have been processed!
The 159 100k contigs have been processed!
The 160 100k contigs have been processed!
The 161 100k contigs have been processed!
The 162 100k contigs have been processed!
The 163 100k contigs have been processed!
Index Construction took: 1042.66 seconds
Number of kmers:                        2222871992
Number of contigs:                      16344647
Size of inverted index:                 2222871992
Number of Reads Containing N:           0
<<<<<<<<<<<<<<<<<<<<<<<Index Construction Ended!!>>>>>>>>>>>>>>>>>>>>>>> 
create index finished
