no kmerRangesFileAddressArg!
**********************CONFIGURATIONS*****************************
PARMIK mode:                  2
readDatabaseAddress:          /p/lava/parmik/partialMatcherProject/datasets/metagenomicDB/SRR12432009/SRR12432009_reads
readFileName:                 SRR12432009_reads
queryFileAddress:             /p/lava/parmik/partialMatcherProject/datasets/queryFiles/covidQueryFiles/NC_045512_queries
queryFileName:                NC_045512_queries
otherToolOutputFileAddress:   /p/lava/parmik/partialMatcherProject/tools/blast/SRR12432009/NC_045512/blastn_ws11_pi95_results.out
outputDir:                    /p/lava/parmik/partialMatcherProject/tools/parmik/CK_SSW_ID_PRCNTG/SRR12432009/NC_045512
penaltyFileAddress:           /u/rgq5aw/GIT/PARMIK/experiments/parmik/CK_SSW_ID_PRCNTG/PenaltySets/2484_1111_2444_2288_2848
kmerRangesFileAddress:        
readsCount:                   17000000
queryCount:                   30000
kmerLength:                   11
regionSize:                   48
cheapKmerThreshold:           0
identityPercentage:           0.95
minExactMatchLen:             0
regionKmers: 4, exactMatchSize: 46, editDistance: 2
minNumExactMatchKmer:         6
isIndexOffline:               1
offlineIndexAddress:          /p/lava/parmik/partialMatcherProject/tools/parmik/CK_INDEX/SRR12432009/
max editDistance in min region: 2
**********************CONFIGURATIONS*****************************
--------------Penalties--------------
m: 2, s: 4, go: 8, ge: 4
m: 1, s: 1, go: 1, ge: 1
m: 2, s: 4, go: 4, ge: 4
m: 2, s: 2, go: 8, ge: 8
m: 2, s: 8, go: 4, ge: 8
------------------------------------
numberOfReadsWithN : 0
queryCount : 29754
numberOfReadsWithN : 0
readCount : 16344647
offlineCheapIndexAddress: /p/lava/parmik/partialMatcherProject/tools/parmik/CK_INDEX/SRR12432009/ck_T0_K11_r17000000
pmrkAlignmentsAddress: /p/lava/parmik/partialMatcherProject/tools/parmik/CK_SSW_ID_PRCNTG/SRR12432009/NC_045512/aln/pmAln_R48_PI95_L0_M6_E2_K11_T0_P_2484_1111_2444_2288_2848.txt
Comparison Results File Address: /p/lava/parmik/partialMatcherProject/tools/parmik/CK_SSW_ID_PRCNTG/SRR12432009/NC_045512/cmp/blast/cmp_R48_PI95_L0_M6_E2_K11_T0_P_2484_1111_2444_2288_2848.txt
Aln Per Query File Address: /p/lava/parmik/partialMatcherProject/tools/parmik/CK_SSW_ID_PRCNTG/SRR12432009/NC_045512/cmp/blast/AlnPerQ_R48_PI95_L0_M6_E2_K11_T0_P_2484_1111_2444_2288_2848.txt
Parmik Fn Reads File Address: /p/lava/parmik/partialMatcherProject/tools/parmik/CK_SSW_ID_PRCNTG/SRR12432009/NC_045512/cmp/blast/ParmikFnReads_R48_PI95_L0_M6_E2_K11_T0_P_2484_1111_2444_2288_2848.txt
Best Aln Cmp File Address: /p/lava/parmik/partialMatcherProject/tools/parmik/CK_SSW_ID_PRCNTG/SRR12432009/NC_045512/cmp/blast/BestAlnCmp_R48_PI95_L0_M6_E2_K11_T0_P_2484_1111_2444_2288_2848.txt
cmp file address: /p/lava/parmik/partialMatcherProject/tools/parmik/CK_SSW_ID_PRCNTG/SRR12432009/NC_045512/cmp/blast/cmp_R48_PI95_L0_M6_E2_K11_T0_P_2484_1111_2444_2288_2848.txt
blastTP_blastOutperfomed_alnLen_allQ: 
22, 22, 22, 22, 22, 22, 22, 22, 22, 22, 22, 22, 22, 22, 22, 22, 22, 22, 22, 22, 22, 22, 22, 22, 22, 22, 22, 22, 22, 22, 22, 22, 22, 22, 22, 22, 22, 22, 22, 22, 22, 23, 23, 23, 23, 24, 25, 25, 26, 26, 28, 29, 30, 30, 31, 31, 32, 33, 34, 40, 47, 62, 64, 64, 73, 75, 75, 75, 81, 84, 89, 89, 91, 92, 92, 92, 94, 94, 94, 94, 94, 94, 99, 101, 101, 103, 104, 109, 109, 111, 117, 117, 121, 126, 129, 129, 135, 139, 139, 149, 
parmikTP_blastOutperfomed_alnLen_allQ: 
16, 16, 16, 16, 16, 16, 16, 16, 16, 16, 16, 16, 16, 16, 16, 16, 16, 16, 16, 16, 16, 16, 16, 16, 16, 16, 16, 16, 16, 16, 20, 20, 20, 20, 20, 21, 21, 21, 21, 21, 21, 21, 21, 21, 22, 22, 22, 22, 24, 24, 27, 27, 27, 27, 27, 27, 30, 30, 32, 32, 46, 61, 63, 63, 70, 72, 74, 75, 75, 83, 84, 84, 84, 84, 84, 84, 87, 89, 89, 90, 90, 91, 97, 99, 100, 102, 103, 107, 107, 109, 115, 115, 117, 123, 127, 127, 134, 137, 137, 146, 
