no kmerRangesFileAddressArg!
**********************CONFIGURATIONS*****************************
PARMIK mode:                  2
readDatabaseAddress:          /p/lava/parmik/partialMatcherProject/datasets/metagenomicDB/SRR12432009/SRR12432009_reads
readFileName:                 SRR12432009_reads
queryFileAddress:             /p/lava/parmik/partialMatcherProject/datasets/queryFiles/covidQueryFiles/NC_045512_queries
queryFileName:                NC_045512_queries
otherToolOutputFileAddress:   /p/lava/parmik/partialMatcherProject/tools/bwa/SRR12432009/NC_045512/NC_045512.2_SRR12432009.sam
outputDir:                    /p/lava/parmik/partialMatcherProject/tools/parmik/IK_SSW_PF/SRR12432009/NC_045512
penaltyFileAddress:           /u/rgq5aw/GIT/PARMIK/experiments/parmik/CK_SSW_ID_PRCNTG/PenaltySets/2484_1111_2444_2288_2848
kmerRangesFileAddress:        
readsCount:                   17000000
queryCount:                   30000
kmerLength:                   11
regionSize:                   48
cheapKmerThreshold:           0
identityPercentage:           0.9
minExactMatchLen:             14
numThreads:                   1
isSecondChanceOff:            F
minNumExactMatchKmer:         0
isIndexOffline:               1
offlineIndexAddress:          /p/lava/parmik/partialMatcherProject/tools/parmik/CK_INDEX/SRR12432009/
baselineBaseAddress:          /p/lava/parmik/partialMatcherProject/tools/parmik/IK_SSW_PF/SRR12432009/NC_045512/IKT0_K11_PI90_M4_T1_SC1_P_2484_1111_2444_2288_2848/parmikAln.txt
max editDistance in min region: 2
otherTool:                    bwa
**********************CONFIGURATIONS*****************************
--------------Penalties--------------
m: 2, s: 4, go: 8, ge: 4
m: 1, s: 1, go: 1, ge: 1
m: 2, s: 4, go: 4, ge: 4
m: 2, s: 2, go: 8, ge: 8
m: 2, s: 8, go: 4, ge: 8
------------------------------------
experiment dir: /p/lava/parmik/partialMatcherProject/tools/parmik/IK_SSW_PF/SRR12432009/NC_045512/IKT0_K11_PI90_M0_T1_SC1_P_2484_1111_2444_2288_2848
numberOfReadsWithN : 0
queryCount : 29754
numberOfReadsWithN : 0
readCount : 16344647
offlineCheapIndexAddress: /p/lava/parmik/partialMatcherProject/tools/parmik/CK_INDEX/SRR12432009/ck_T0_K11_r17000000
offlineExpensiveIndexAddress: /p/lava/parmik/partialMatcherProject/tools/parmik/CK_INDEX/SRR12432009/ek_T0_K11_r17000000
pmrkAlignmentsAddress: /p/lava/parmik/partialMatcherProject/tools/parmik/IK_SSW_PF/SRR12432009/NC_045512/IKT0_K11_PI90_M0_T1_SC1_P_2484_1111_2444_2288_2848/parmikAln.txt
queries processed: 0 / 29754
Bwa ouperformed: larger aln_length for [31, 3921450]: Bwa aln_len: 150 - parmik aln_len: 149
Bwa ouperformed: larger aln_length for [188, 377830]: Bwa aln_len: 150 - parmik aln_len: 148
Bwa ouperformed: larger aln_length for [272, 2882126]: Bwa aln_len: 150 - parmik aln_len: 149
Bwa ouperformed: larger aln_length for [362, 2383590]: Bwa aln_len: 150 - parmik aln_len: 149
Bwa ouperformed: larger aln_length for [394, 935161]: Bwa aln_len: 150 - parmik aln_len: 149
Bwa ouperformed: larger aln_length for [395, 15706371]: Bwa aln_len: 150 - parmik aln_len: 148
Bwa ouperformed: larger aln_length for [419, 962849]: Bwa aln_len: 150 - parmik aln_len: 148
Bwa ouperformed: larger aln_length for [434, 862516]: Bwa aln_len: 150 - parmik aln_len: 148
Bwa ouperformed: larger aln_length for [516, 2785560]: Bwa aln_len: 150 - parmik aln_len: 149
Bwa ouperformed: larger aln_length for [543, 658347]: Bwa aln_len: 150 - parmik aln_len: 149
Bwa ouperformed: larger aln_length for [556, 3557701]: Bwa aln_len: 150 - parmik aln_len: 149
Bwa ouperformed: larger aln_length for [612, 14378725]: Bwa aln_len: 150 - parmik aln_len: 149
Bwa ouperformed: larger aln_length for [625, 11362563]: Bwa aln_len: 150 - parmik aln_len: 149
Bwa ouperformed: larger aln_length for [704, 1204869]: Bwa aln_len: 150 - parmik aln_len: 148
Bwa ouperformed: larger aln_length for [733, 8084567]: Bwa aln_len: 150 - parmik aln_len: 149
Bwa ouperformed: larger aln_length for [770, 10312399]: Bwa aln_len: 150 - parmik aln_len: 149
Bwa ouperformed: larger aln_length for [798, 403607]: Bwa aln_len: 150 - parmik aln_len: 149
Bwa ouperformed: larger aln_length for [817, 2331189]: Bwa aln_len: 150 - parmik aln_len: 149
Bwa ouperformed: larger aln_length for [881, 4980066]: Bwa aln_len: 150 - parmik aln_len: 148
Bwa ouperformed: larger aln_length for [897, 11404157]: Bwa aln_len: 150 - parmik aln_len: 149
Bwa ouperformed: larger aln_length for [922, 13617291]: Bwa aln_len: 150 - parmik aln_len: 149
Bwa ouperformed: larger aln_length for [944, 5707195]: Bwa aln_len: 150 - parmik aln_len: 149
Bwa ouperformed: larger aln_length for [955, 3279209]: Bwa aln_len: 150 - parmik aln_len: 148
Bwa ouperformed: larger aln_length for [977, 5048123]: Bwa aln_len: 150 - parmik aln_len: 148
queries processed: 1000 / 29754
Bwa ouperformed: larger aln_length for [1092, 685235]: Bwa aln_len: 150 - parmik aln_len: 148
Bwa ouperformed: larger aln_length for [1093, 8753073]: Bwa aln_len: 150 - parmik aln_len: 149
Bwa ouperformed: larger aln_length for [1124, 3491442]: Bwa aln_len: 150 - parmik aln_len: 148
Bwa ouperformed: larger aln_length for [1242, 2193054]: Bwa aln_len: 150 - parmik aln_len: 149
Bwa ouperformed: larger aln_length for [1389, 843865]: Bwa aln_len: 150 - parmik aln_len: 148
Bwa ouperformed: larger aln_length for [1608, 3122421]: Bwa aln_len: 150 - parmik aln_len: 149
Bwa ouperformed: larger aln_length for [1674, 5455262]: Bwa aln_len: 150 - parmik aln_len: 149
Bwa ouperformed: larger aln_length for [1675, 7319769]: Bwa aln_len: 150 - parmik aln_len: 149
Bwa ouperformed: larger aln_length for [1765, 10331532]: Bwa aln_len: 150 - parmik aln_len: 148
Bwa ouperformed: larger aln_length for [1770, 7856385]: Bwa aln_len: 150 - parmik aln_len: 149
Bwa ouperformed: larger aln_length for [1823, 14927606]: Bwa aln_len: 150 - parmik aln_len: 148
bwa ouperformed: smaller edits for [1832, 4086335]: Bwa edit_len: 6 - parmik edit_len: 8
Bwa ouperformed: larger aln_length for [1911, 5653345]: Bwa aln_len: 150 - parmik aln_len: 149
Bwa ouperformed: larger aln_length for [1935, 11564916]: Bwa aln_len: 150 - parmik aln_len: 149
Bwa ouperformed: larger aln_length for [1945, 10451239]: Bwa aln_len: 150 - parmik aln_len: 149
bwa ouperformed: smaller edits for [1946, 12654806]: Bwa edit_len: 4 - parmik edit_len: 11
queries processed: 2000 / 29754
Bwa ouperformed: larger aln_length for [2002, 11564917]: Bwa aln_len: 150 - parmik aln_len: 149
Bwa ouperformed: larger aln_length for [2027, 476900]: Bwa aln_len: 150 - parmik aln_len: 148
bwa ouperformed: smaller edits for [2028, 13286306]: Bwa edit_len: 9 - parmik edit_len: 10
Bwa ouperformed: larger aln_length for [2094, 15007981]: Bwa aln_len: 150 - parmik aln_len: 149
Bwa ouperformed: larger aln_length for [2108, 2093166]: Bwa aln_len: 150 - parmik aln_len: 148
Bwa ouperformed: larger aln_length for [2165, 2864528]: Bwa aln_len: 150 - parmik aln_len: 148
Bwa ouperformed: larger aln_length for [2166, 3990170]: Bwa aln_len: 150 - parmik aln_len: 149
Bwa ouperformed: larger aln_length for [2249, 7264167]: Bwa aln_len: 150 - parmik aln_len: 148
Bwa ouperformed: larger aln_length for [2280, 3239643]: Bwa aln_len: 150 - parmik aln_len: 149
Bwa ouperformed: larger aln_length for [2291, 8333683]: Bwa aln_len: 150 - parmik aln_len: 148
Bwa ouperformed: larger aln_length for [2301, 5533682]: Bwa aln_len: 150 - parmik aln_len: 148
Bwa ouperformed: larger aln_length for [2359, 11782474]: Bwa aln_len: 150 - parmik aln_len: 149
Bwa ouperformed: larger aln_length for [2360, 9414670]: Bwa aln_len: 150 - parmik aln_len: 148
Bwa ouperformed: larger aln_length for [2383, 4864604]: Bwa aln_len: 150 - parmik aln_len: 149
Bwa ouperformed: larger aln_length for [2454, 6238665]: Bwa aln_len: 150 - parmik aln_len: 149
Bwa ouperformed: larger aln_length for [2464, 6991249]: Bwa aln_len: 150 - parmik aln_len: 149
Bwa ouperformed: larger aln_length for [2465, 234191]: Bwa aln_len: 150 - parmik aln_len: 148
Bwa ouperformed: larger aln_length for [2471, 12756459]: Bwa aln_len: 150 - parmik aln_len: 148
Bwa ouperformed: larger aln_length for [2533, 153039]: Bwa aln_len: 150 - parmik aln_len: 149
Bwa ouperformed: larger aln_length for [2548, 9514295]: Bwa aln_len: 150 - parmik aln_len: 149
Bwa ouperformed: larger aln_length for [2549, 2103223]: Bwa aln_len: 150 - parmik aln_len: 148
Bwa ouperformed: larger aln_length for [2581, 397467]: Bwa aln_len: 150 - parmik aln_len: 149
Bwa ouperformed: larger aln_length for [2582, 2617904]: Bwa aln_len: 150 - parmik aln_len: 148
Bwa ouperformed: larger aln_length for [2653, 6938]: Bwa aln_len: 150 - parmik aln_len: 149
Bwa ouperformed: larger aln_length for [2668, 1456533]: Bwa aln_len: 150 - parmik aln_len: 149
Bwa ouperformed: larger aln_length for [2729, 5158248]: Bwa aln_len: 148 - parmik aln_len: 147
Bwa ouperformed: larger aln_length for [2774, 4512321]: Bwa aln_len: 149 - parmik aln_len: 147
Bwa ouperformed: larger aln_length for [2775, 4512321]: Bwa aln_len: 148 - parmik aln_len: 147
Bwa ouperformed: larger aln_length for [2802, 2086361]: Bwa aln_len: 150 - parmik aln_len: 149
bwa ouperformed: smaller edits for [2854, 1898976]: Bwa edit_len: 5 - parmik edit_len: 6
Bwa ouperformed: larger aln_length for [2878, 884097]: Bwa aln_len: 150 - parmik aln_len: 149
Bwa ouperformed: larger aln_length for [2879, 884097]: Bwa aln_len: 148 - parmik aln_len: 146
Bwa ouperformed: larger aln_length for [2880, 884097]: Bwa aln_len: 147 - parmik aln_len: 146
Bwa ouperformed: larger aln_length for [2887, 14603620]: Bwa aln_len: 150 - parmik aln_len: 149
Bwa ouperformed: larger aln_length for [2888, 3961738]: Bwa aln_len: 150 - parmik aln_len: 149
Bwa ouperformed: larger aln_length for [2965, 6149277]: Bwa aln_len: 150 - parmik aln_len: 149
Bwa ouperformed: larger aln_length for [2983, 697775]: Bwa aln_len: 149 - parmik aln_len: 148
queries processed: 3000 / 29754
Bwa ouperformed: larger aln_length for [3003, 4935182]: Bwa aln_len: 150 - parmik aln_len: 149
Bwa ouperformed: larger aln_length for [3021, 14475212]: Bwa aln_len: 150 - parmik aln_len: 149
Bwa ouperformed: larger aln_length for [3027, 10859763]: Bwa aln_len: 150 - parmik aln_len: 149
Bwa ouperformed: larger aln_length for [3063, 4125155]: Bwa aln_len: 150 - parmik aln_len: 149
Bwa ouperformed: larger aln_length for [3069, 6962247]: Bwa aln_len: 150 - parmik aln_len: 149
Bwa ouperformed: larger aln_length for [3089, 10004324]: Bwa aln_len: 150 - parmik aln_len: 149
Bwa ouperformed: larger aln_length for [3092, 150782]: Bwa aln_len: 150 - parmik aln_len: 149
Bwa ouperformed: larger aln_length for [3093, 12482604]: Bwa aln_len: 150 - parmik aln_len: 148
Bwa ouperformed: larger aln_length for [3117, 271894]: Bwa aln_len: 150 - parmik aln_len: 149
Bwa ouperformed: larger aln_length for [3241, 5858136]: Bwa aln_len: 150 - parmik aln_len: 149
Bwa ouperformed: larger aln_length for [3247, 14630005]: Bwa aln_len: 150 - parmik aln_len: 148
Bwa ouperformed: larger aln_length for [3248, 6142861]: Bwa aln_len: 150 - parmik aln_len: 149
bwa ouperformed: smaller edits for [3283, 2194721]: Bwa edit_len: 6 - parmik edit_len: 7
Bwa ouperformed: larger aln_length for [3284, 2194721]: Bwa aln_len: 150 - parmik aln_len: 148
Bwa ouperformed: larger aln_length for [3311, 8647620]: Bwa aln_len: 150 - parmik aln_len: 149
Bwa ouperformed: larger aln_length for [3316, 6710815]: Bwa aln_len: 150 - parmik aln_len: 149
Bwa ouperformed: larger aln_length for [3344, 3088539]: Bwa aln_len: 150 - parmik aln_len: 149
Bwa ouperformed: larger aln_length for [3366, 5240579]: Bwa aln_len: 150 - parmik aln_len: 149
Bwa ouperformed: larger aln_length for [3367, 4869756]: Bwa aln_len: 150 - parmik aln_len: 149
Bwa ouperformed: larger aln_length for [3410, 7620946]: Bwa aln_len: 150 - parmik aln_len: 149
Bwa ouperformed: larger aln_length for [3452, 2907803]: Bwa aln_len: 147 - parmik aln_len: 146
Bwa ouperformed: larger aln_length for [3453, 2907803]: Bwa aln_len: 148 - parmik aln_len: 146
Bwa ouperformed: larger aln_length for [3556, 13625167]: Bwa aln_len: 150 - parmik aln_len: 149
Bwa ouperformed: larger aln_length for [3568, 9636670]: Bwa aln_len: 150 - parmik aln_len: 149
bwa ouperformed: smaller edits for [3569, 3055507]: Bwa edit_len: 2 - parmik edit_len: 11
Bwa ouperformed: larger aln_length for [3613, 3171979]: Bwa aln_len: 150 - parmik aln_len: 149
Bwa ouperformed: larger aln_length for [3638, 15293044]: Bwa aln_len: 150 - parmik aln_len: 149
Bwa ouperformed: larger aln_length for [3668, 2514675]: Bwa aln_len: 150 - parmik aln_len: 149
Bwa ouperformed: larger aln_length for [3688, 10122972]: Bwa aln_len: 150 - parmik aln_len: 149
Bwa ouperformed: larger aln_length for [3721, 7181537]: Bwa aln_len: 150 - parmik aln_len: 149
Bwa ouperformed: larger aln_length for [3722, 11603113]: Bwa aln_len: 150 - parmik aln_len: 148
Bwa ouperformed: larger aln_length for [3739, 12829880]: Bwa aln_len: 150 - parmik aln_len: 149
bwa ouperformed: smaller edits for [3761, 5168410]: Bwa edit_len: 5 - parmik edit_len: 10
Bwa ouperformed: larger aln_length for [3773, 1592474]: Bwa aln_len: 149 - parmik aln_len: 148
Bwa ouperformed: larger aln_length for [3774, 1592474]: Bwa aln_len: 150 - parmik aln_len: 148
Bwa ouperformed: larger aln_length for [3787, 11488209]: Bwa aln_len: 150 - parmik aln_len: 148
Bwa ouperformed: larger aln_length for [3817, 1347930]: Bwa aln_len: 150 - parmik aln_len: 149
Bwa ouperformed: larger aln_length for [3836, 2188513]: Bwa aln_len: 150 - parmik aln_len: 148
Bwa ouperformed: larger aln_length for [3837, 4497564]: Bwa aln_len: 150 - parmik aln_len: 149
Bwa ouperformed: larger aln_length for [3854, 690198]: Bwa aln_len: 150 - parmik aln_len: 149
Bwa ouperformed: larger aln_length for [3869, 2427261]: Bwa aln_len: 150 - parmik aln_len: 148
Bwa ouperformed: larger aln_length for [3881, 6920637]: Bwa aln_len: 150 - parmik aln_len: 148
Bwa ouperformed: larger aln_length for [3908, 3668736]: Bwa aln_len: 150 - parmik aln_len: 148
Bwa ouperformed: larger aln_length for [3921, 3128441]: Bwa aln_len: 150 - parmik aln_len: 149
Bwa ouperformed: larger aln_length for [3986, 2021066]: Bwa aln_len: 150 - parmik aln_len: 148
Bwa ouperformed: larger aln_length for [3991, 1138204]: Bwa aln_len: 150 - parmik aln_len: 149
queries processed: 4000 / 29754
Bwa ouperformed: larger aln_length for [4004, 5471133]: Bwa aln_len: 150 - parmik aln_len: 149
Bwa ouperformed: larger aln_length for [4013, 2205417]: Bwa aln_len: 150 - parmik aln_len: 148
Bwa ouperformed: larger aln_length for [4029, 4770571]: Bwa aln_len: 150 - parmik aln_len: 149
Bwa ouperformed: larger aln_length for [4039, 2424947]: Bwa aln_len: 150 - parmik aln_len: 149
Bwa ouperformed: larger aln_length for [4050, 1113718]: Bwa aln_len: 150 - parmik aln_len: 149
Bwa ouperformed: larger aln_length for [4099, 7493801]: Bwa aln_len: 150 - parmik aln_len: 149
Bwa ouperformed: larger aln_length for [4105, 1604548]: Bwa aln_len: 150 - parmik aln_len: 149
Bwa ouperformed: larger aln_length for [4135, 11124405]: Bwa aln_len: 150 - parmik aln_len: 149
Bwa ouperformed: larger aln_length for [4140, 393859]: Bwa aln_len: 150 - parmik aln_len: 149
bwa ouperformed: smaller edits for [4188, 4076105]: Bwa edit_len: 9 - parmik edit_len: 10
Bwa ouperformed: larger aln_length for [4236, 2253524]: Bwa aln_len: 150 - parmik aln_len: 149
Bwa ouperformed: larger aln_length for [4274, 558651]: Bwa aln_len: 148 - parmik aln_len: 146
Bwa ouperformed: larger aln_length for [4292, 2392461]: Bwa aln_len: 149 - parmik aln_len: 148
Bwa ouperformed: larger aln_length for [4351, 2267453]: Bwa aln_len: 150 - parmik aln_len: 149
Bwa ouperformed: larger aln_length for [4393, 2457797]: Bwa aln_len: 150 - parmik aln_len: 149
Bwa ouperformed: larger aln_length for [4421, 3384854]: Bwa aln_len: 150 - parmik aln_len: 149
Bwa ouperformed: larger aln_length for [4442, 2156364]: Bwa aln_len: 150 - parmik aln_len: 149
bwa ouperformed: smaller edits for [4443, 427693]: Bwa edit_len: 9 - parmik edit_len: 11
Bwa ouperformed: larger aln_length for [4445, 13152868]: Bwa aln_len: 150 - parmik aln_len: 149
Bwa ouperformed: larger aln_length for [4454, 1434285]: Bwa aln_len: 149 - parmik aln_len: 147
Bwa ouperformed: larger aln_length for [4455, 1434285]: Bwa aln_len: 148 - parmik aln_len: 147
Bwa ouperformed: larger aln_length for [4462, 11181504]: Bwa aln_len: 150 - parmik aln_len: 149
Bwa ouperformed: larger aln_length for [4482, 2133622]: Bwa aln_len: 150 - parmik aln_len: 149
Bwa ouperformed: larger aln_length for [4484, 439518]: Bwa aln_len: 150 - parmik aln_len: 148
Bwa ouperformed: larger aln_length for [4502, 1048949]: Bwa aln_len: 150 - parmik aln_len: 148
Bwa ouperformed: larger aln_length for [4504, 1590125]: Bwa aln_len: 150 - parmik aln_len: 149
Bwa ouperformed: larger aln_length for [4510, 12187402]: Bwa aln_len: 150 - parmik aln_len: 149
Bwa ouperformed: larger aln_length for [4519, 15435533]: Bwa aln_len: 150 - parmik aln_len: 149
Bwa ouperformed: larger aln_length for [4520, 8359459]: Bwa aln_len: 150 - parmik aln_len: 148
Bwa ouperformed: larger aln_length for [4528, 5377697]: Bwa aln_len: 150 - parmik aln_len: 149
Bwa ouperformed: larger aln_length for [4540, 2648200]: Bwa aln_len: 147 - parmik aln_len: 146
Bwa ouperformed: larger aln_length for [4541, 3269499]: Bwa aln_len: 148 - parmik aln_len: 146
Bwa ouperformed: larger aln_length for [4630, 31229]: Bwa aln_len: 150 - parmik aln_len: 148
Bwa ouperformed: larger aln_length for [4659, 1080061]: Bwa aln_len: 150 - parmik aln_len: 149
Bwa ouperformed: larger aln_length for [4661, 3108247]: Bwa aln_len: 150 - parmik aln_len: 148
Bwa ouperformed: larger aln_length for [4668, 6845014]: Bwa aln_len: 150 - parmik aln_len: 149
bwa ouperformed: smaller edits for [4677, 5889402]: Bwa edit_len: 11 - parmik edit_len: 12
Bwa ouperformed: larger aln_length for [4748, 13469578]: Bwa aln_len: 150 - parmik aln_len: 149
Bwa ouperformed: larger aln_length for [4778, 8187680]: Bwa aln_len: 150 - parmik aln_len: 149
Bwa ouperformed: larger aln_length for [4786, 839519]: Bwa aln_len: 150 - parmik aln_len: 149
Bwa ouperformed: larger aln_length for [4797, 2333759]: Bwa aln_len: 150 - parmik aln_len: 149
Bwa ouperformed: larger aln_length for [4809, 3176452]: Bwa aln_len: 150 - parmik aln_len: 149
Bwa ouperformed: larger aln_length for [4821, 13913983]: Bwa aln_len: 150 - parmik aln_len: 149
Bwa ouperformed: larger aln_length for [4896, 14509141]: Bwa aln_len: 150 - parmik aln_len: 148
Bwa ouperformed: larger aln_length for [4909, 582234]: Bwa aln_len: 150 - parmik aln_len: 149
Bwa ouperformed: larger aln_length for [4934, 5618477]: Bwa aln_len: 150 - parmik aln_len: 148
Bwa ouperformed: larger aln_length for [4935, 5428770]: Bwa aln_len: 150 - parmik aln_len: 149
Bwa ouperformed: larger aln_length for [4961, 344868]: Bwa aln_len: 150 - parmik aln_len: 149
Bwa ouperformed: larger aln_length for [4978, 6717039]: Bwa aln_len: 150 - parmik aln_len: 149
Bwa ouperformed: larger aln_length for [4989, 4773593]: Bwa aln_len: 150 - parmik aln_len: 149
Bwa ouperformed: larger aln_length for [4997, 9802665]: Bwa aln_len: 150 - parmik aln_len: 149
queries processed: 5000 / 29754
Bwa ouperformed: larger aln_length for [5007, 4006311]: Bwa aln_len: 150 - parmik aln_len: 149
bwa ouperformed: smaller edits for [5023, 8338990]: Bwa edit_len: 5 - parmik edit_len: 9
Bwa ouperformed: larger aln_length for [5024, 1444845]: Bwa aln_len: 150 - parmik aln_len: 149
Bwa ouperformed: larger aln_length for [5072, 575405]: Bwa aln_len: 150 - parmik aln_len: 148
Bwa ouperformed: larger aln_length for [5086, 9333664]: Bwa aln_len: 150 - parmik aln_len: 149
Bwa ouperformed: larger aln_length for [5111, 11290052]: Bwa aln_len: 148 - parmik aln_len: 146
Bwa ouperformed: larger aln_length for [5126, 12052292]: Bwa aln_len: 150 - parmik aln_len: 148
Bwa ouperformed: larger aln_length for [5128, 6717038]: Bwa aln_len: 150 - parmik aln_len: 149
Bwa ouperformed: larger aln_length for [5182, 4758652]: Bwa aln_len: 150 - parmik aln_len: 149
Bwa ouperformed: larger aln_length for [5188, 1390839]: Bwa aln_len: 150 - parmik aln_len: 149
Bwa ouperformed: larger aln_length for [5198, 11161794]: Bwa aln_len: 150 - parmik aln_len: 149
Bwa ouperformed: larger aln_length for [5209, 3392127]: Bwa aln_len: 150 - parmik aln_len: 149
Bwa ouperformed: larger aln_length for [5215, 15436955]: Bwa aln_len: 150 - parmik aln_len: 149
Bwa ouperformed: larger aln_length for [5220, 10974772]: Bwa aln_len: 150 - parmik aln_len: 149
Bwa ouperformed: larger aln_length for [5258, 339931]: Bwa aln_len: 150 - parmik aln_len: 149
bwa ouperformed: smaller edits for [5272, 1424582]: Bwa edit_len: 12 - parmik edit_len: 14
Bwa ouperformed: larger aln_length for [5277, 320130]: Bwa aln_len: 150 - parmik aln_len: 149
Bwa ouperformed: larger aln_length for [5294, 5026296]: Bwa aln_len: 150 - parmik aln_len: 148
Bwa ouperformed: larger aln_length for [5295, 5026296]: Bwa aln_len: 149 - parmik aln_len: 148
Bwa ouperformed: larger aln_length for [5303, 1013913]: Bwa aln_len: 150 - parmik aln_len: 148
Bwa ouperformed: larger aln_length for [5304, 15745561]: Bwa aln_len: 150 - parmik aln_len: 149
Bwa ouperformed: larger aln_length for [5308, 9884211]: Bwa aln_len: 150 - parmik aln_len: 149
Bwa ouperformed: larger aln_length for [5336, 13843200]: Bwa aln_len: 149 - parmik aln_len: 147
Bwa ouperformed: larger aln_length for [5337, 13843200]: Bwa aln_len: 148 - parmik aln_len: 147
Bwa ouperformed: larger aln_length for [5362, 4189534]: Bwa aln_len: 150 - parmik aln_len: 149
Bwa ouperformed: larger aln_length for [5367, 3246052]: Bwa aln_len: 150 - parmik aln_len: 149
Bwa ouperformed: larger aln_length for [5421, 579562]: Bwa aln_len: 150 - parmik aln_len: 149
Bwa ouperformed: larger aln_length for [5448, 1441968]: Bwa aln_len: 150 - parmik aln_len: 149
Bwa ouperformed: larger aln_length for [5465, 252163]: Bwa aln_len: 150 - parmik aln_len: 148
Bwa ouperformed: larger aln_length for [5510, 569819]: Bwa aln_len: 148 - parmik aln_len: 147
Bwa ouperformed: larger aln_length for [5580, 15405285]: Bwa aln_len: 149 - parmik aln_len: 148
Bwa ouperformed: larger aln_length for [5581, 15405285]: Bwa aln_len: 150 - parmik aln_len: 148
Bwa ouperformed: larger aln_length for [5623, 10558553]: Bwa aln_len: 150 - parmik aln_len: 149
Bwa ouperformed: larger aln_length for [5647, 7961730]: Bwa aln_len: 150 - parmik aln_len: 149
Bwa ouperformed: larger aln_length for [5667, 7890357]: Bwa aln_len: 150 - parmik aln_len: 149
Bwa ouperformed: larger aln_length for [5675, 8301130]: Bwa aln_len: 150 - parmik aln_len: 148
Bwa ouperformed: larger aln_length for [5684, 11055073]: Bwa aln_len: 150 - parmik aln_len: 148
Bwa ouperformed: larger aln_length for [5720, 1219130]: Bwa aln_len: 150 - parmik aln_len: 148
Bwa ouperformed: larger aln_length for [5728, 469529]: Bwa aln_len: 150 - parmik aln_len: 148
Bwa ouperformed: larger aln_length for [5729, 469529]: Bwa aln_len: 149 - parmik aln_len: 148
Bwa ouperformed: larger aln_length for [5758, 13466903]: Bwa aln_len: 150 - parmik aln_len: 149
Bwa ouperformed: larger aln_length for [5759, 12233314]: Bwa aln_len: 150 - parmik aln_len: 149
Bwa ouperformed: larger aln_length for [5836, 14065174]: Bwa aln_len: 150 - parmik aln_len: 149
Bwa ouperformed: larger aln_length for [5837, 13775850]: Bwa aln_len: 148 - parmik aln_len: 146
Bwa ouperformed: larger aln_length for [5857, 1229898]: Bwa aln_len: 150 - parmik aln_len: 149
Bwa ouperformed: larger aln_length for [5868, 5574368]: Bwa aln_len: 150 - parmik aln_len: 149
Bwa ouperformed: larger aln_length for [5880, 6393564]: Bwa aln_len: 150 - parmik aln_len: 149
Bwa ouperformed: larger aln_length for [5890, 11605976]: Bwa aln_len: 150 - parmik aln_len: 149
Bwa ouperformed: larger aln_length for [5917, 7437995]: Bwa aln_len: 150 - parmik aln_len: 149
Bwa ouperformed: larger aln_length for [5964, 301606]: Bwa aln_len: 150 - parmik aln_len: 149
queries processed: 6000 / 29754
Bwa ouperformed: larger aln_length for [6082, 3240263]: Bwa aln_len: 150 - parmik aln_len: 149
Bwa ouperformed: larger aln_length for [6112, 4446246]: Bwa aln_len: 150 - parmik aln_len: 149
Bwa ouperformed: larger aln_length for [6118, 1959074]: Bwa aln_len: 150 - parmik aln_len: 149
Bwa ouperformed: larger aln_length for [6141, 8024284]: Bwa aln_len: 150 - parmik aln_len: 149
Bwa ouperformed: larger aln_length for [6151, 8474198]: Bwa aln_len: 148 - parmik aln_len: 147
Bwa ouperformed: larger aln_length for [6152, 8474198]: Bwa aln_len: 149 - parmik aln_len: 147
Bwa ouperformed: larger aln_length for [6185, 4564723]: Bwa aln_len: 150 - parmik aln_len: 148
Bwa ouperformed: larger aln_length for [6209, 71587]: Bwa aln_len: 149 - parmik aln_len: 148
Bwa ouperformed: larger aln_length for [6260, 3730508]: Bwa aln_len: 150 - parmik aln_len: 148
Bwa ouperformed: larger aln_length for [6261, 2244462]: Bwa aln_len: 150 - parmik aln_len: 149
Bwa ouperformed: larger aln_length for [6333, 7195543]: Bwa aln_len: 150 - parmik aln_len: 149
Bwa ouperformed: larger aln_length for [6356, 325456]: Bwa aln_len: 150 - parmik aln_len: 148
Bwa ouperformed: larger aln_length for [6379, 848921]: Bwa aln_len: 150 - parmik aln_len: 149
Bwa ouperformed: larger aln_length for [6407, 10571807]: Bwa aln_len: 150 - parmik aln_len: 148
Bwa ouperformed: larger aln_length for [6444, 1455303]: Bwa aln_len: 150 - parmik aln_len: 148
Bwa ouperformed: larger aln_length for [6445, 10868455]: Bwa aln_len: 150 - parmik aln_len: 149
Bwa ouperformed: larger aln_length for [6508, 3906103]: Bwa aln_len: 150 - parmik aln_len: 149
Bwa ouperformed: larger aln_length for [6586, 2419531]: Bwa aln_len: 150 - parmik aln_len: 149
bwa ouperformed: smaller edits for [6652, 5000350]: Bwa edit_len: 8 - parmik edit_len: 9
Bwa ouperformed: larger aln_length for [6665, 7649397]: Bwa aln_len: 149 - parmik aln_len: 147
Bwa ouperformed: larger aln_length for [6666, 7649397]: Bwa aln_len: 148 - parmik aln_len: 147
Bwa ouperformed: larger aln_length for [6667, 7437351]: Bwa aln_len: 149 - parmik aln_len: 147
Bwa ouperformed: larger aln_length for [6679, 6979014]: Bwa aln_len: 150 - parmik aln_len: 148
Bwa ouperformed: larger aln_length for [6716, 3622519]: Bwa aln_len: 149 - parmik aln_len: 147
Bwa ouperformed: larger aln_length for [6717, 3622519]: Bwa aln_len: 148 - parmik aln_len: 147
Bwa ouperformed: larger aln_length for [6734, 10389935]: Bwa aln_len: 146 - parmik aln_len: 144
Bwa ouperformed: larger aln_length for [6766, 1419757]: Bwa aln_len: 150 - parmik aln_len: 149
Bwa ouperformed: larger aln_length for [6767, 2517516]: Bwa aln_len: 150 - parmik aln_len: 148
Bwa ouperformed: larger aln_length for [6786, 7437352]: Bwa aln_len: 145 - parmik aln_len: 143
Bwa ouperformed: larger aln_length for [6787, 7437352]: Bwa aln_len: 144 - parmik aln_len: 143
Bwa ouperformed: larger aln_length for [6792, 6041839]: Bwa aln_len: 140 - parmik aln_len: 139
Bwa ouperformed: larger aln_length for [6801, 6041839]: Bwa aln_len: 150 - parmik aln_len: 149
Bwa ouperformed: larger aln_length for [6826, 12919229]: Bwa aln_len: 150 - parmik aln_len: 148
Bwa ouperformed: larger aln_length for [6827, 12919229]: Bwa aln_len: 149 - parmik aln_len: 148
Bwa ouperformed: larger aln_length for [6914, 15489433]: Bwa aln_len: 150 - parmik aln_len: 148
Bwa ouperformed: larger aln_length for [6915, 780620]: Bwa aln_len: 150 - parmik aln_len: 149
Bwa ouperformed: larger aln_length for [6939, 1990511]: Bwa aln_len: 150 - parmik aln_len: 148
Bwa ouperformed: larger aln_length for [6958, 3301916]: Bwa aln_len: 150 - parmik aln_len: 149
queries processed: 7000 / 29754
Bwa ouperformed: larger aln_length for [7013, 122349]: Bwa aln_len: 150 - parmik aln_len: 149
Bwa ouperformed: larger aln_length for [7014, 8824118]: Bwa aln_len: 150 - parmik aln_len: 149
bwa ouperformed: smaller edits for [7106, 10106531]: Bwa edit_len: 4 - parmik edit_len: 13
Bwa ouperformed: larger aln_length for [7118, 4437597]: Bwa aln_len: 149 - parmik aln_len: 147
Bwa ouperformed: larger aln_length for [7126, 15901159]: Bwa aln_len: 150 - parmik aln_len: 149
Bwa ouperformed: larger aln_length for [7127, 7517300]: Bwa aln_len: 150 - parmik aln_len: 149
Bwa ouperformed: larger aln_length for [7136, 11352459]: Bwa aln_len: 150 - parmik aln_len: 148
Bwa ouperformed: larger aln_length for [7137, 11388445]: Bwa aln_len: 150 - parmik aln_len: 149
Bwa ouperformed: larger aln_length for [7138, 2467532]: Bwa aln_len: 150 - parmik aln_len: 149
Bwa ouperformed: larger aln_length for [7167, 13026726]: Bwa aln_len: 150 - parmik aln_len: 149
Bwa ouperformed: larger aln_length for [7244, 2054573]: Bwa aln_len: 150 - parmik aln_len: 149
Bwa ouperformed: larger aln_length for [7266, 15857481]: Bwa aln_len: 150 - parmik aln_len: 149
Bwa ouperformed: larger aln_length for [7329, 3068655]: Bwa aln_len: 150 - parmik aln_len: 149
Bwa ouperformed: larger aln_length for [7348, 1699276]: Bwa aln_len: 150 - parmik aln_len: 149
Bwa ouperformed: larger aln_length for [7378, 1797363]: Bwa aln_len: 150 - parmik aln_len: 149
Bwa ouperformed: larger aln_length for [7379, 5267574]: Bwa aln_len: 150 - parmik aln_len: 148
Bwa ouperformed: larger aln_length for [7391, 4116131]: Bwa aln_len: 150 - parmik aln_len: 148
Bwa ouperformed: larger aln_length for [7477, 1688584]: Bwa aln_len: 150 - parmik aln_len: 148
Bwa ouperformed: larger aln_length for [7478, 1096437]: Bwa aln_len: 150 - parmik aln_len: 149
Bwa ouperformed: larger aln_length for [7483, 3496718]: Bwa aln_len: 150 - parmik aln_len: 149
Bwa ouperformed: larger aln_length for [7484, 3042294]: Bwa aln_len: 150 - parmik aln_len: 148
bwa ouperformed: smaller edits for [7527, 324546]: Bwa edit_len: 3 - parmik edit_len: 5
Bwa ouperformed: larger aln_length for [7530, 14314967]: Bwa aln_len: 150 - parmik aln_len: 149
Bwa ouperformed: larger aln_length for [7550, 4220227]: Bwa aln_len: 150 - parmik aln_len: 149
Bwa ouperformed: larger aln_length for [7593, 4816872]: Bwa aln_len: 150 - parmik aln_len: 149
Bwa ouperformed: larger aln_length for [7614, 11142317]: Bwa aln_len: 150 - parmik aln_len: 149
Bwa ouperformed: larger aln_length for [7615, 3995877]: Bwa aln_len: 150 - parmik aln_len: 148
Bwa ouperformed: larger aln_length for [7631, 8477622]: Bwa aln_len: 150 - parmik aln_len: 148
Bwa ouperformed: larger aln_length for [7632, 8477622]: Bwa aln_len: 149 - parmik aln_len: 148
Bwa ouperformed: larger aln_length for [7690, 14137882]: Bwa aln_len: 150 - parmik aln_len: 149
Bwa ouperformed: larger aln_length for [7762, 9015794]: Bwa aln_len: 150 - parmik aln_len: 148
Bwa ouperformed: larger aln_length for [7763, 623541]: Bwa aln_len: 150 - parmik aln_len: 149
Bwa ouperformed: larger aln_length for [7820, 9770697]: Bwa aln_len: 150 - parmik aln_len: 149
Bwa ouperformed: larger aln_length for [7839, 1478815]: Bwa aln_len: 150 - parmik aln_len: 149
Bwa ouperformed: larger aln_length for [7843, 5231406]: Bwa aln_len: 150 - parmik aln_len: 149
Bwa ouperformed: larger aln_length for [7850, 11733890]: Bwa aln_len: 150 - parmik aln_len: 149
Bwa ouperformed: larger aln_length for [7862, 2774770]: Bwa aln_len: 150 - parmik aln_len: 148
Bwa ouperformed: larger aln_length for [7937, 533381]: Bwa aln_len: 150 - parmik aln_len: 149
Bwa ouperformed: larger aln_length for [7938, 2392420]: Bwa aln_len: 150 - parmik aln_len: 149
Bwa ouperformed: larger aln_length for [7940, 8118486]: Bwa aln_len: 149 - parmik aln_len: 148
Bwa ouperformed: larger aln_length for [7941, 8118486]: Bwa aln_len: 150 - parmik aln_len: 148
Bwa ouperformed: larger aln_length for [7971, 14279293]: Bwa aln_len: 150 - parmik aln_len: 149
Bwa ouperformed: larger aln_length for [7991, 8998490]: Bwa aln_len: 150 - parmik aln_len: 147
queries processed: 8000 / 29754
Bwa ouperformed: larger aln_length for [8010, 11879701]: Bwa aln_len: 150 - parmik aln_len: 149
Bwa ouperformed: larger aln_length for [8016, 1688595]: Bwa aln_len: 150 - parmik aln_len: 149
Bwa ouperformed: larger aln_length for [8059, 14427719]: Bwa aln_len: 150 - parmik aln_len: 149
Bwa ouperformed: larger aln_length for [8060, 2693616]: Bwa aln_len: 150 - parmik aln_len: 148
Bwa ouperformed: larger aln_length for [8088, 3463601]: Bwa aln_len: 150 - parmik aln_len: 148
Bwa ouperformed: larger aln_length for [8116, 2359898]: Bwa aln_len: 150 - parmik aln_len: 149
Bwa ouperformed: larger aln_length for [8264, 4318181]: Bwa aln_len: 150 - parmik aln_len: 148
Bwa ouperformed: larger aln_length for [8265, 4318181]: Bwa aln_len: 149 - parmik aln_len: 148
Bwa ouperformed: larger aln_length for [8321, 2079774]: Bwa aln_len: 150 - parmik aln_len: 148
Bwa ouperformed: larger aln_length for [8322, 5843413]: Bwa aln_len: 150 - parmik aln_len: 149
Bwa ouperformed: larger aln_length for [8490, 9858590]: Bwa aln_len: 150 - parmik aln_len: 149
Bwa ouperformed: larger aln_length for [8513, 1281088]: Bwa aln_len: 150 - parmik aln_len: 148
Bwa ouperformed: larger aln_length for [8527, 13750819]: Bwa aln_len: 150 - parmik aln_len: 149
Bwa ouperformed: larger aln_length for [8551, 7325113]: Bwa aln_len: 149 - parmik aln_len: 148
Bwa ouperformed: larger aln_length for [8552, 7325113]: Bwa aln_len: 150 - parmik aln_len: 148
Bwa ouperformed: larger aln_length for [8581, 1395821]: Bwa aln_len: 150 - parmik aln_len: 149
Bwa ouperformed: larger aln_length for [8605, 7156583]: Bwa aln_len: 150 - parmik aln_len: 149
Bwa ouperformed: larger aln_length for [8611, 5235503]: Bwa aln_len: 150 - parmik aln_len: 149
Bwa ouperformed: larger aln_length for [8614, 1436342]: Bwa aln_len: 150 - parmik aln_len: 149
Bwa ouperformed: larger aln_length for [8660, 10845708]: Bwa aln_len: 150 - parmik aln_len: 148
Bwa ouperformed: larger aln_length for [8661, 1769517]: Bwa aln_len: 150 - parmik aln_len: 149
Bwa ouperformed: larger aln_length for [8699, 626412]: Bwa aln_len: 150 - parmik aln_len: 148
Bwa ouperformed: larger aln_length for [8716, 12504517]: Bwa aln_len: 150 - parmik aln_len: 149
Bwa ouperformed: larger aln_length for [8720, 5091918]: Bwa aln_len: 150 - parmik aln_len: 149
Bwa ouperformed: larger aln_length for [8721, 8345404]: Bwa aln_len: 150 - parmik aln_len: 148
Bwa ouperformed: larger aln_length for [8728, 6832294]: Bwa aln_len: 150 - parmik aln_len: 149
Bwa ouperformed: larger aln_length for [8729, 6832294]: Bwa aln_len: 148 - parmik aln_len: 146
Bwa ouperformed: larger aln_length for [8769, 11400640]: Bwa aln_len: 150 - parmik aln_len: 149
Bwa ouperformed: larger aln_length for [8780, 7019770]: Bwa aln_len: 150 - parmik aln_len: 148
Bwa ouperformed: larger aln_length for [8781, 4613047]: Bwa aln_len: 150 - parmik aln_len: 149
Bwa ouperformed: larger aln_length for [8859, 9940296]: Bwa aln_len: 150 - parmik aln_len: 149
bwa ouperformed: smaller edits for [8869, 375724]: Bwa edit_len: 5 - parmik edit_len: 7
Bwa ouperformed: larger aln_length for [8876, 11136982]: Bwa aln_len: 150 - parmik aln_len: 148
Bwa ouperformed: larger aln_length for [8952, 5858978]: Bwa aln_len: 150 - parmik aln_len: 149
Bwa ouperformed: larger aln_length for [8957, 777376]: Bwa aln_len: 150 - parmik aln_len: 149
Bwa ouperformed: larger aln_length for [8984, 3086288]: Bwa aln_len: 148 - parmik aln_len: 146
queries processed: 9000 / 29754
Bwa ouperformed: larger aln_length for [9069, 1037553]: Bwa aln_len: 150 - parmik aln_len: 149
Bwa ouperformed: larger aln_length for [9071, 2569684]: Bwa aln_len: 150 - parmik aln_len: 148
Bwa ouperformed: larger aln_length for [9096, 12894822]: Bwa aln_len: 150 - parmik aln_len: 149
Bwa ouperformed: larger aln_length for [9106, 5248129]: Bwa aln_len: 150 - parmik aln_len: 148
Bwa ouperformed: larger aln_length for [9122, 10405131]: Bwa aln_len: 150 - parmik aln_len: 148
Bwa ouperformed: larger aln_length for [9165, 12674998]: Bwa aln_len: 150 - parmik aln_len: 149
Bwa ouperformed: larger aln_length for [9254, 7992557]: Bwa aln_len: 150 - parmik aln_len: 148
Bwa ouperformed: larger aln_length for [9255, 574503]: Bwa aln_len: 150 - parmik aln_len: 149
Bwa ouperformed: larger aln_length for [9309, 1218516]: Bwa aln_len: 150 - parmik aln_len: 149
Bwa ouperformed: larger aln_length for [9345, 3532506]: Bwa aln_len: 150 - parmik aln_len: 149
Bwa ouperformed: larger aln_length for [9406, 4259314]: Bwa aln_len: 150 - parmik aln_len: 149
Bwa ouperformed: larger aln_length for [9411, 4940334]: Bwa aln_len: 150 - parmik aln_len: 149
Bwa ouperformed: larger aln_length for [9453, 9533162]: Bwa aln_len: 150 - parmik aln_len: 149
Bwa ouperformed: larger aln_length for [9474, 1000230]: Bwa aln_len: 150 - parmik aln_len: 149
Bwa ouperformed: larger aln_length for [9481, 1262544]: Bwa aln_len: 150 - parmik aln_len: 149
Bwa ouperformed: larger aln_length for [9494, 3196628]: Bwa aln_len: 150 - parmik aln_len: 148
Bwa ouperformed: larger aln_length for [9555, 11154873]: Bwa aln_len: 150 - parmik aln_len: 149
Bwa ouperformed: larger aln_length for [9563, 16330634]: Bwa aln_len: 149 - parmik aln_len: 147
Bwa ouperformed: larger aln_length for [9564, 16330634]: Bwa aln_len: 148 - parmik aln_len: 147
Bwa ouperformed: larger aln_length for [9570, 11706033]: Bwa aln_len: 150 - parmik aln_len: 149
Bwa ouperformed: larger aln_length for [9574, 9085588]: Bwa aln_len: 148 - parmik aln_len: 147
Bwa ouperformed: larger aln_length for [9575, 9085588]: Bwa aln_len: 149 - parmik aln_len: 147
Bwa ouperformed: larger aln_length for [9586, 10368147]: Bwa aln_len: 147 - parmik aln_len: 146
Bwa ouperformed: larger aln_length for [9587, 10368147]: Bwa aln_len: 148 - parmik aln_len: 146
Bwa ouperformed: larger aln_length for [9629, 4797002]: Bwa aln_len: 150 - parmik aln_len: 148
bwa ouperformed: smaller edits for [9642, 1025078]: Bwa edit_len: 6 - parmik edit_len: 15
Bwa ouperformed: larger aln_length for [9683, 5407117]: Bwa aln_len: 150 - parmik aln_len: 149
Bwa ouperformed: larger aln_length for [9687, 7320472]: Bwa aln_len: 150 - parmik aln_len: 149
Bwa ouperformed: larger aln_length for [9692, 6618798]: Bwa aln_len: 150 - parmik aln_len: 149
Bwa ouperformed: larger aln_length for [9722, 4391028]: Bwa aln_len: 150 - parmik aln_len: 148
Bwa ouperformed: larger aln_length for [9741, 7191585]: Bwa aln_len: 150 - parmik aln_len: 149
Bwa ouperformed: larger aln_length for [9804, 14396674]: Bwa aln_len: 150 - parmik aln_len: 149
Bwa ouperformed: larger aln_length for [9855, 7668798]: Bwa aln_len: 150 - parmik aln_len: 148
Bwa ouperformed: larger aln_length for [9924, 302350]: Bwa aln_len: 150 - parmik aln_len: 149
Bwa ouperformed: larger aln_length for [9952, 5420462]: Bwa aln_len: 150 - parmik aln_len: 149
Bwa ouperformed: larger aln_length for [9960, 8834665]: Bwa aln_len: 150 - parmik aln_len: 149
queries processed: 10000 / 29754
Bwa ouperformed: larger aln_length for [10006, 1198896]: Bwa aln_len: 150 - parmik aln_len: 149
Bwa ouperformed: larger aln_length for [10078, 10912704]: Bwa aln_len: 150 - parmik aln_len: 149
Bwa ouperformed: larger aln_length for [10079, 4355924]: Bwa aln_len: 150 - parmik aln_len: 148
Bwa ouperformed: larger aln_length for [10137, 819122]: Bwa aln_len: 150 - parmik aln_len: 149
Bwa ouperformed: larger aln_length for [10154, 9868885]: Bwa aln_len: 150 - parmik aln_len: 148
Bwa ouperformed: larger aln_length for [10209, 8614250]: Bwa aln_len: 150 - parmik aln_len: 149
bwa ouperformed: smaller edits for [10219, 1152203]: Bwa edit_len: 3 - parmik edit_len: 8
Bwa ouperformed: larger aln_length for [10226, 6180640]: Bwa aln_len: 150 - parmik aln_len: 147
Bwa ouperformed: larger aln_length for [10227, 8827970]: Bwa aln_len: 149 - parmik aln_len: 147
Bwa ouperformed: larger aln_length for [10272, 7472093]: Bwa aln_len: 150 - parmik aln_len: 149
Bwa ouperformed: larger aln_length for [10282, 1319340]: Bwa aln_len: 150 - parmik aln_len: 149
Bwa ouperformed: larger aln_length for [10297, 10578168]: Bwa aln_len: 150 - parmik aln_len: 149
Bwa ouperformed: larger aln_length for [10298, 761705]: Bwa aln_len: 150 - parmik aln_len: 148
Bwa ouperformed: larger aln_length for [10430, 2249433]: Bwa aln_len: 150 - parmik aln_len: 149
Bwa ouperformed: larger aln_length for [10433, 15986840]: Bwa aln_len: 150 - parmik aln_len: 149
Bwa ouperformed: larger aln_length for [10458, 15727725]: Bwa aln_len: 150 - parmik aln_len: 149
Bwa ouperformed: larger aln_length for [10465, 14676441]: Bwa aln_len: 150 - parmik aln_len: 149
Bwa ouperformed: larger aln_length for [10480, 1934161]: Bwa aln_len: 150 - parmik aln_len: 149
Bwa ouperformed: larger aln_length for [10481, 614851]: Bwa aln_len: 150 - parmik aln_len: 149
Bwa ouperformed: larger aln_length for [10541, 7000134]: Bwa aln_len: 150 - parmik aln_len: 148
Bwa ouperformed: larger aln_length for [10543, 13351386]: Bwa aln_len: 150 - parmik aln_len: 149
Bwa ouperformed: larger aln_length for [10580, 623356]: Bwa aln_len: 150 - parmik aln_len: 148
Bwa ouperformed: larger aln_length for [10591, 2041225]: Bwa aln_len: 149 - parmik aln_len: 147
Bwa ouperformed: larger aln_length for [10592, 410999]: Bwa aln_len: 149 - parmik aln_len: 147
Bwa ouperformed: larger aln_length for [10628, 7136139]: Bwa aln_len: 150 - parmik aln_len: 149
Bwa ouperformed: larger aln_length for [10676, 9337310]: Bwa aln_len: 150 - parmik aln_len: 149
Bwa ouperformed: larger aln_length for [10927, 2597336]: Bwa aln_len: 150 - parmik aln_len: 149
Bwa ouperformed: larger aln_length for [10951, 7932487]: Bwa aln_len: 149 - parmik aln_len: 148
Bwa ouperformed: larger aln_length for [10952, 7932487]: Bwa aln_len: 150 - parmik aln_len: 148
Bwa ouperformed: larger aln_length for [10967, 2593894]: Bwa aln_len: 150 - parmik aln_len: 148
Bwa ouperformed: larger aln_length for [10980, 2832957]: Bwa aln_len: 150 - parmik aln_len: 149
Bwa ouperformed: larger aln_length for [10989, 8418131]: Bwa aln_len: 150 - parmik aln_len: 149
queries processed: 11000 / 29754
Bwa ouperformed: larger aln_length for [11019, 5955234]: Bwa aln_len: 150 - parmik aln_len: 149
Bwa ouperformed: larger aln_length for [11055, 4032816]: Bwa aln_len: 150 - parmik aln_len: 149
Bwa ouperformed: larger aln_length for [11061, 2324979]: Bwa aln_len: 150 - parmik aln_len: 149
Bwa ouperformed: larger aln_length for [11079, 3136210]: Bwa aln_len: 150 - parmik aln_len: 148
Bwa ouperformed: larger aln_length for [11138, 6592124]: Bwa aln_len: 150 - parmik aln_len: 149
bwa ouperformed: smaller edits for [11182, 2324978]: Bwa edit_len: 7 - parmik edit_len: 12
Bwa ouperformed: larger aln_length for [11199, 633236]: Bwa aln_len: 150 - parmik aln_len: 149
Bwa ouperformed: larger aln_length for [11248, 9143330]: Bwa aln_len: 150 - parmik aln_len: 149
Bwa ouperformed: larger aln_length for [11297, 5929375]: Bwa aln_len: 150 - parmik aln_len: 149
Bwa ouperformed: larger aln_length for [11306, 10582927]: Bwa aln_len: 150 - parmik aln_len: 148
Bwa ouperformed: larger aln_length for [11333, 891105]: Bwa aln_len: 150 - parmik aln_len: 148
Bwa ouperformed: larger aln_length for [11334, 891105]: Bwa aln_len: 149 - parmik aln_len: 148
Bwa ouperformed: larger aln_length for [11341, 512699]: Bwa aln_len: 150 - parmik aln_len: 149
Bwa ouperformed: larger aln_length for [11392, 15109150]: Bwa aln_len: 149 - parmik aln_len: 148
Bwa ouperformed: larger aln_length for [11393, 15109150]: Bwa aln_len: 150 - parmik aln_len: 149
Bwa ouperformed: larger aln_length for [11453, 2465321]: Bwa aln_len: 149 - parmik aln_len: 147
Bwa ouperformed: larger aln_length for [11541, 8423528]: Bwa aln_len: 150 - parmik aln_len: 149
Bwa ouperformed: larger aln_length for [11578, 3889781]: Bwa aln_len: 150 - parmik aln_len: 149
Bwa ouperformed: larger aln_length for [11631, 1095834]: Bwa aln_len: 150 - parmik aln_len: 149
Bwa ouperformed: larger aln_length for [11660, 2352726]: Bwa aln_len: 150 - parmik aln_len: 149
Bwa ouperformed: larger aln_length for [11670, 3234268]: Bwa aln_len: 150 - parmik aln_len: 149
Bwa ouperformed: larger aln_length for [11674, 1935034]: Bwa aln_len: 150 - parmik aln_len: 149
Bwa ouperformed: larger aln_length for [11718, 4137406]: Bwa aln_len: 150 - parmik aln_len: 149
Bwa ouperformed: larger aln_length for [11752, 12614433]: Bwa aln_len: 150 - parmik aln_len: 149
Bwa ouperformed: larger aln_length for [11761, 3126443]: Bwa aln_len: 150 - parmik aln_len: 148
Bwa ouperformed: larger aln_length for [11791, 1987314]: Bwa aln_len: 150 - parmik aln_len: 149
Bwa ouperformed: larger aln_length for [11792, 2481292]: Bwa aln_len: 150 - parmik aln_len: 148
Bwa ouperformed: larger aln_length for [11824, 3615495]: Bwa aln_len: 150 - parmik aln_len: 149
Bwa ouperformed: larger aln_length for [11825, 2376367]: Bwa aln_len: 150 - parmik aln_len: 148
Bwa ouperformed: larger aln_length for [11853, 393920]: Bwa aln_len: 150 - parmik aln_len: 149
Bwa ouperformed: larger aln_length for [11867, 1373294]: Bwa aln_len: 150 - parmik aln_len: 149
Bwa ouperformed: larger aln_length for [11901, 5705284]: Bwa aln_len: 150 - parmik aln_len: 149
Bwa ouperformed: larger aln_length for [11920, 4984710]: Bwa aln_len: 150 - parmik aln_len: 149
Bwa ouperformed: larger aln_length for [11939, 1208476]: Bwa aln_len: 150 - parmik aln_len: 148
Bwa ouperformed: larger aln_length for [11965, 4193195]: Bwa aln_len: 150 - parmik aln_len: 149
Bwa ouperformed: larger aln_length for [11972, 6964105]: Bwa aln_len: 150 - parmik aln_len: 148
queries processed: 12000 / 29754
Bwa ouperformed: larger aln_length for [12017, 11001931]: Bwa aln_len: 150 - parmik aln_len: 148
Bwa ouperformed: larger aln_length for [12068, 14532820]: Bwa aln_len: 150 - parmik aln_len: 148
Bwa ouperformed: larger aln_length for [12069, 14532820]: Bwa aln_len: 149 - parmik aln_len: 148
Bwa ouperformed: larger aln_length for [12113, 2230029]: Bwa aln_len: 150 - parmik aln_len: 149
Bwa ouperformed: larger aln_length for [12141, 584427]: Bwa aln_len: 150 - parmik aln_len: 149
Bwa ouperformed: larger aln_length for [12154, 1231455]: Bwa aln_len: 150 - parmik aln_len: 149
Bwa ouperformed: larger aln_length for [12251, 740594]: Bwa aln_len: 148 - parmik aln_len: 146
bwa ouperformed: smaller edits for [12271, 5803148]: Bwa edit_len: 3 - parmik edit_len: 4
Bwa ouperformed: larger aln_length for [12316, 256061]: Bwa aln_len: 150 - parmik aln_len: 149
Bwa ouperformed: larger aln_length for [12352, 8095127]: Bwa aln_len: 150 - parmik aln_len: 149
Bwa ouperformed: larger aln_length for [12398, 9974638]: Bwa aln_len: 148 - parmik aln_len: 146
Bwa ouperformed: larger aln_length for [12437, 9589947]: Bwa aln_len: 150 - parmik aln_len: 148
Bwa ouperformed: larger aln_length for [12465, 14875958]: Bwa aln_len: 150 - parmik aln_len: 149
Bwa ouperformed: larger aln_length for [12538, 9669624]: Bwa aln_len: 150 - parmik aln_len: 149
Bwa ouperformed: larger aln_length for [12572, 5634321]: Bwa aln_len: 150 - parmik aln_len: 149
Bwa ouperformed: larger aln_length for [12580, 2736806]: Bwa aln_len: 150 - parmik aln_len: 149
Bwa ouperformed: larger aln_length for [12590, 7623510]: Bwa aln_len: 149 - parmik aln_len: 147
Bwa ouperformed: larger aln_length for [12591, 7623510]: Bwa aln_len: 148 - parmik aln_len: 147
Bwa ouperformed: larger aln_length for [12607, 3786074]: Bwa aln_len: 150 - parmik aln_len: 149
Bwa ouperformed: larger aln_length for [12625, 6921510]: Bwa aln_len: 150 - parmik aln_len: 149
Bwa ouperformed: larger aln_length for [12626, 3212405]: Bwa aln_len: 150 - parmik aln_len: 148
Bwa ouperformed: larger aln_length for [12664, 7456530]: Bwa aln_len: 150 - parmik aln_len: 149
Bwa ouperformed: larger aln_length for [12665, 4750897]: Bwa aln_len: 150 - parmik aln_len: 148
Bwa ouperformed: larger aln_length for [12678, 8534140]: Bwa aln_len: 150 - parmik aln_len: 149
Bwa ouperformed: larger aln_length for [12773, 3827222]: Bwa aln_len: 150 - parmik aln_len: 148
Bwa ouperformed: larger aln_length for [12774, 8187283]: Bwa aln_len: 150 - parmik aln_len: 149
Bwa ouperformed: larger aln_length for [12853, 16150955]: Bwa aln_len: 150 - parmik aln_len: 149
queries processed: 13000 / 29754
Bwa ouperformed: larger aln_length for [13058, 3201082]: Bwa aln_len: 150 - parmik aln_len: 149
bwa ouperformed: smaller edits for [13232, 12374191]: Bwa edit_len: 2 - parmik edit_len: 4
Bwa ouperformed: larger aln_length for [13253, 8948200]: Bwa aln_len: 150 - parmik aln_len: 148
Bwa ouperformed: larger aln_length for [13443, 7903683]: Bwa aln_len: 150 - parmik aln_len: 149
Bwa ouperformed: larger aln_length for [13670, 1850089]: Bwa aln_len: 150 - parmik aln_len: 149
Bwa ouperformed: larger aln_length for [13777, 14332738]: Bwa aln_len: 150 - parmik aln_len: 149
Bwa ouperformed: larger aln_length for [13778, 5521324]: Bwa aln_len: 150 - parmik aln_len: 149
Bwa ouperformed: larger aln_length for [13791, 6587803]: Bwa aln_len: 150 - parmik aln_len: 149
Bwa ouperformed: larger aln_length for [13822, 4352897]: Bwa aln_len: 150 - parmik aln_len: 149
Bwa ouperformed: larger aln_length for [13884, 15520407]: Bwa aln_len: 150 - parmik aln_len: 149
Bwa ouperformed: larger aln_length for [13891, 4529503]: Bwa aln_len: 150 - parmik aln_len: 149
Bwa ouperformed: larger aln_length for [13932, 4571319]: Bwa aln_len: 150 - parmik aln_len: 149
queries processed: 14000 / 29754
Bwa ouperformed: larger aln_length for [14040, 6121839]: Bwa aln_len: 150 - parmik aln_len: 149
bwa ouperformed: smaller edits for [14091, 11220133]: Bwa edit_len: 2 - parmik edit_len: 4
Bwa ouperformed: larger aln_length for [14112, 15331929]: Bwa aln_len: 150 - parmik aln_len: 149
Bwa ouperformed: larger aln_length for [14211, 4037777]: Bwa aln_len: 150 - parmik aln_len: 149
Bwa ouperformed: larger aln_length for [14233, 13432247]: Bwa aln_len: 150 - parmik aln_len: 148
Bwa ouperformed: larger aln_length for [14407, 509916]: Bwa aln_len: 150 - parmik aln_len: 148
Bwa ouperformed: larger aln_length for [14422, 1112345]: Bwa aln_len: 150 - parmik aln_len: 149
Bwa ouperformed: larger aln_length for [14449, 12366012]: Bwa aln_len: 150 - parmik aln_len: 149
Bwa ouperformed: larger aln_length for [14450, 12634243]: Bwa aln_len: 150 - parmik aln_len: 148
Bwa ouperformed: larger aln_length for [14494, 11568904]: Bwa aln_len: 150 - parmik aln_len: 148
Bwa ouperformed: larger aln_length for [14508, 3508470]: Bwa aln_len: 150 - parmik aln_len: 149
Bwa ouperformed: larger aln_length for [14555, 16189666]: Bwa aln_len: 150 - parmik aln_len: 149
Bwa ouperformed: larger aln_length for [14576, 13804433]: Bwa aln_len: 150 - parmik aln_len: 149
Bwa ouperformed: larger aln_length for [14597, 10901935]: Bwa aln_len: 149 - parmik aln_len: 147
bwa ouperformed: smaller edits for [14698, 2771798]: Bwa edit_len: 1 - parmik edit_len: 8
bwa ouperformed: smaller edits for [14847, 7884471]: Bwa edit_len: 1 - parmik edit_len: 14
queries processed: 15000 / 29754
Bwa ouperformed: larger aln_length for [15024, 2637196]: Bwa aln_len: 150 - parmik aln_len: 149
Bwa ouperformed: larger aln_length for [15087, 1053107]: Bwa aln_len: 150 - parmik aln_len: 149
bwa ouperformed: smaller edits for [15118, 11608084]: Bwa edit_len: 4 - parmik edit_len: 8
Bwa ouperformed: larger aln_length for [15119, 11608084]: Bwa aln_len: 150 - parmik aln_len: 149
Bwa ouperformed: larger aln_length for [15147, 1136422]: Bwa aln_len: 150 - parmik aln_len: 149
Bwa ouperformed: larger aln_length for [15198, 7140423]: Bwa aln_len: 150 - parmik aln_len: 149
bwa ouperformed: smaller edits for [15266, 953622]: Bwa edit_len: 6 - parmik edit_len: 15
Bwa ouperformed: larger aln_length for [15296, 5494356]: Bwa aln_len: 150 - parmik aln_len: 149
Bwa ouperformed: larger aln_length for [15390, 3564679]: Bwa aln_len: 150 - parmik aln_len: 149
Bwa ouperformed: larger aln_length for [15416, 7826199]: Bwa aln_len: 150 - parmik aln_len: 149
Bwa ouperformed: larger aln_length for [15455, 777968]: Bwa aln_len: 150 - parmik aln_len: 149
Bwa ouperformed: larger aln_length for [15538, 6258065]: Bwa aln_len: 149 - parmik aln_len: 147
Bwa ouperformed: larger aln_length for [15539, 6258065]: Bwa aln_len: 148 - parmik aln_len: 147
Bwa ouperformed: larger aln_length for [15613, 189373]: Bwa aln_len: 150 - parmik aln_len: 149
Bwa ouperformed: larger aln_length for [15614, 2441839]: Bwa aln_len: 150 - parmik aln_len: 148
bwa ouperformed: smaller edits for [15625, 231664]: Bwa edit_len: 6 - parmik edit_len: 9
Bwa ouperformed: larger aln_length for [15719, 8434336]: Bwa aln_len: 150 - parmik aln_len: 149
Bwa ouperformed: larger aln_length for [15736, 4047710]: Bwa aln_len: 150 - parmik aln_len: 148
Bwa ouperformed: larger aln_length for [15756, 10834395]: Bwa aln_len: 150 - parmik aln_len: 149
Bwa ouperformed: larger aln_length for [15777, 2641047]: Bwa aln_len: 150 - parmik aln_len: 149
Bwa ouperformed: larger aln_length for [15831, 3060042]: Bwa aln_len: 150 - parmik aln_len: 149
Bwa ouperformed: larger aln_length for [15925, 1883254]: Bwa aln_len: 150 - parmik aln_len: 148
bwa ouperformed: smaller edits for [15945, 2750950]: Bwa edit_len: 5 - parmik edit_len: 12
Bwa ouperformed: larger aln_length for [15951, 4554029]: Bwa aln_len: 150 - parmik aln_len: 149
Bwa ouperformed: larger aln_length for [15959, 283577]: Bwa aln_len: 150 - parmik aln_len: 149
Bwa ouperformed: larger aln_length for [15961, 601193]: Bwa aln_len: 149 - parmik aln_len: 148
Bwa ouperformed: larger aln_length for [15962, 601193]: Bwa aln_len: 150 - parmik aln_len: 148
queries processed: 16000 / 29754
Bwa ouperformed: larger aln_length for [16015, 3137461]: Bwa aln_len: 150 - parmik aln_len: 148
Bwa ouperformed: larger aln_length for [16016, 7842815]: Bwa aln_len: 149 - parmik aln_len: 148
Bwa ouperformed: larger aln_length for [16059, 340031]: Bwa aln_len: 150 - parmik aln_len: 149
Bwa ouperformed: larger aln_length for [16071, 2523391]: Bwa aln_len: 150 - parmik aln_len: 149
Bwa ouperformed: larger aln_length for [16109, 380300]: Bwa aln_len: 150 - parmik aln_len: 148
Bwa ouperformed: larger aln_length for [16110, 380300]: Bwa aln_len: 149 - parmik aln_len: 148
Bwa ouperformed: larger aln_length for [16111, 8768656]: Bwa aln_len: 150 - parmik aln_len: 148
Bwa ouperformed: larger aln_length for [16132, 789020]: Bwa aln_len: 150 - parmik aln_len: 148
Bwa ouperformed: larger aln_length for [16133, 11040170]: Bwa aln_len: 150 - parmik aln_len: 149
Bwa ouperformed: larger aln_length for [16164, 7402016]: Bwa aln_len: 150 - parmik aln_len: 149
bwa ouperformed: smaller edits for [16185, 1199223]: Bwa edit_len: 5 - parmik edit_len: 6
Bwa ouperformed: larger aln_length for [16186, 3466554]: Bwa aln_len: 150 - parmik aln_len: 149
Bwa ouperformed: larger aln_length for [16195, 1582374]: Bwa aln_len: 150 - parmik aln_len: 149
Bwa ouperformed: larger aln_length for [16213, 8565149]: Bwa aln_len: 150 - parmik aln_len: 149
Bwa ouperformed: larger aln_length for [16220, 14431558]: Bwa aln_len: 150 - parmik aln_len: 149
Bwa ouperformed: larger aln_length for [16259, 1212334]: Bwa aln_len: 150 - parmik aln_len: 149
Bwa ouperformed: larger aln_length for [16299, 11468784]: Bwa aln_len: 150 - parmik aln_len: 149
Bwa ouperformed: larger aln_length for [16329, 15372358]: Bwa aln_len: 150 - parmik aln_len: 149
Bwa ouperformed: larger aln_length for [16330, 312515]: Bwa aln_len: 150 - parmik aln_len: 148
Bwa ouperformed: larger aln_length for [16362, 4909159]: Bwa aln_len: 150 - parmik aln_len: 149
Bwa ouperformed: larger aln_length for [16376, 9747705]: Bwa aln_len: 150 - parmik aln_len: 149
Bwa ouperformed: larger aln_length for [16388, 5126496]: Bwa aln_len: 150 - parmik aln_len: 149
Bwa ouperformed: larger aln_length for [16392, 9646750]: Bwa aln_len: 150 - parmik aln_len: 149
Bwa ouperformed: larger aln_length for [16414, 11359641]: Bwa aln_len: 150 - parmik aln_len: 148
Bwa ouperformed: larger aln_length for [16426, 1351893]: Bwa aln_len: 148 - parmik aln_len: 146
Bwa ouperformed: larger aln_length for [16481, 3457065]: Bwa aln_len: 150 - parmik aln_len: 149
Bwa ouperformed: larger aln_length for [16564, 2043415]: Bwa aln_len: 150 - parmik aln_len: 148
Bwa ouperformed: larger aln_length for [16565, 1993919]: Bwa aln_len: 150 - parmik aln_len: 149
bwa ouperformed: smaller edits for [16573, 42042]: Bwa edit_len: 3 - parmik edit_len: 12
Bwa ouperformed: larger aln_length for [16578, 4484347]: Bwa aln_len: 150 - parmik aln_len: 149
Bwa ouperformed: larger aln_length for [16618, 4914985]: Bwa aln_len: 150 - parmik aln_len: 149
Bwa ouperformed: larger aln_length for [16619, 3764478]: Bwa aln_len: 150 - parmik aln_len: 148
Bwa ouperformed: larger aln_length for [16690, 568604]: Bwa aln_len: 150 - parmik aln_len: 148
Bwa ouperformed: larger aln_length for [16691, 4935929]: Bwa aln_len: 150 - parmik aln_len: 149
Bwa ouperformed: larger aln_length for [16717, 342253]: Bwa aln_len: 150 - parmik aln_len: 149
Bwa ouperformed: larger aln_length for [16755, 5610818]: Bwa aln_len: 150 - parmik aln_len: 149
Bwa ouperformed: larger aln_length for [16789, 13374689]: Bwa aln_len: 150 - parmik aln_len: 149
Bwa ouperformed: larger aln_length for [16864, 6585294]: Bwa aln_len: 150 - parmik aln_len: 149
Bwa ouperformed: larger aln_length for [16865, 4653259]: Bwa aln_len: 150 - parmik aln_len: 149
Bwa ouperformed: larger aln_length for [16886, 2872654]: Bwa aln_len: 150 - parmik aln_len: 149
Bwa ouperformed: larger aln_length for [16904, 659697]: Bwa aln_len: 150 - parmik aln_len: 149
Bwa ouperformed: larger aln_length for [16938, 8466248]: Bwa aln_len: 150 - parmik aln_len: 149
Bwa ouperformed: larger aln_length for [16944, 14220670]: Bwa aln_len: 150 - parmik aln_len: 149
Bwa ouperformed: larger aln_length for [16970, 7888942]: Bwa aln_len: 150 - parmik aln_len: 148
Bwa ouperformed: larger aln_length for [16976, 2070101]: Bwa aln_len: 150 - parmik aln_len: 149
Bwa ouperformed: larger aln_length for [16998, 10503694]: Bwa aln_len: 150 - parmik aln_len: 149
queries processed: 17000 / 29754
Bwa ouperformed: larger aln_length for [17009, 3921084]: Bwa aln_len: 150 - parmik aln_len: 149
Bwa ouperformed: larger aln_length for [17017, 3951230]: Bwa aln_len: 150 - parmik aln_len: 149
Bwa ouperformed: larger aln_length for [17077, 5922675]: Bwa aln_len: 150 - parmik aln_len: 148
Bwa ouperformed: larger aln_length for [17086, 1445652]: Bwa aln_len: 150 - parmik aln_len: 148
Bwa ouperformed: larger aln_length for [17140, 5919970]: Bwa aln_len: 150 - parmik aln_len: 149
bwa ouperformed: smaller edits for [17184, 2010031]: Bwa edit_len: 2 - parmik edit_len: 13
Bwa ouperformed: larger aln_length for [17215, 9616241]: Bwa aln_len: 149 - parmik aln_len: 148
Bwa ouperformed: larger aln_length for [17224, 2804954]: Bwa aln_len: 150 - parmik aln_len: 149
Bwa ouperformed: larger aln_length for [17234, 7963454]: Bwa aln_len: 150 - parmik aln_len: 149
Bwa ouperformed: larger aln_length for [17370, 3193858]: Bwa aln_len: 147 - parmik aln_len: 146
Bwa ouperformed: larger aln_length for [17371, 3193858]: Bwa aln_len: 148 - parmik aln_len: 146
Bwa ouperformed: larger aln_length for [17459, 5656480]: Bwa aln_len: 150 - parmik aln_len: 149
Bwa ouperformed: larger aln_length for [17469, 3813124]: Bwa aln_len: 150 - parmik aln_len: 149
Bwa ouperformed: larger aln_length for [17495, 2367256]: Bwa aln_len: 150 - parmik aln_len: 149
Bwa ouperformed: larger aln_length for [17523, 6104994]: Bwa aln_len: 150 - parmik aln_len: 149
Bwa ouperformed: larger aln_length for [17526, 6908905]: Bwa aln_len: 149 - parmik aln_len: 148
Bwa ouperformed: larger aln_length for [17527, 6908905]: Bwa aln_len: 150 - parmik aln_len: 148
Bwa ouperformed: larger aln_length for [17563, 11198466]: Bwa aln_len: 150 - parmik aln_len: 149
Bwa ouperformed: larger aln_length for [17592, 2698369]: Bwa aln_len: 150 - parmik aln_len: 149
Bwa ouperformed: larger aln_length for [17619, 925088]: Bwa aln_len: 150 - parmik aln_len: 149
Bwa ouperformed: larger aln_length for [17620, 3440047]: Bwa aln_len: 150 - parmik aln_len: 148
bwa ouperformed: smaller edits for [17647, 5626102]: Bwa edit_len: 6 - parmik edit_len: 15
Bwa ouperformed: larger aln_length for [17648, 5626102]: Bwa aln_len: 149 - parmik aln_len: 148
Bwa ouperformed: larger aln_length for [17741, 3521173]: Bwa aln_len: 150 - parmik aln_len: 149
Bwa ouperformed: larger aln_length for [17770, 1763662]: Bwa aln_len: 150 - parmik aln_len: 148
Bwa ouperformed: larger aln_length for [17808, 7301850]: Bwa aln_len: 150 - parmik aln_len: 149
Bwa ouperformed: larger aln_length for [17826, 672672]: Bwa aln_len: 150 - parmik aln_len: 149
Bwa ouperformed: larger aln_length for [17849, 4516003]: Bwa aln_len: 150 - parmik aln_len: 149
Bwa ouperformed: larger aln_length for [17855, 8766872]: Bwa aln_len: 150 - parmik aln_len: 149
Bwa ouperformed: larger aln_length for [17911, 3088758]: Bwa aln_len: 150 - parmik aln_len: 148
Bwa ouperformed: larger aln_length for [17940, 1138020]: Bwa aln_len: 150 - parmik aln_len: 149
Bwa ouperformed: larger aln_length for [17968, 7714468]: Bwa aln_len: 150 - parmik aln_len: 149
Bwa ouperformed: larger aln_length for [17974, 11724570]: Bwa aln_len: 150 - parmik aln_len: 148
Bwa ouperformed: larger aln_length for [17986, 9679070]: Bwa aln_len: 150 - parmik aln_len: 149
queries processed: 18000 / 29754
Bwa ouperformed: larger aln_length for [18008, 16288232]: Bwa aln_len: 150 - parmik aln_len: 149
Bwa ouperformed: larger aln_length for [18058, 6043680]: Bwa aln_len: 148 - parmik aln_len: 146
Bwa ouperformed: larger aln_length for [18069, 2624270]: Bwa aln_len: 150 - parmik aln_len: 149
Bwa ouperformed: larger aln_length for [18102, 617505]: Bwa aln_len: 150 - parmik aln_len: 149
Bwa ouperformed: larger aln_length for [18103, 8302405]: Bwa aln_len: 150 - parmik aln_len: 148
Bwa ouperformed: larger aln_length for [18134, 920858]: Bwa aln_len: 150 - parmik aln_len: 149
Bwa ouperformed: larger aln_length for [18156, 12698691]: Bwa aln_len: 150 - parmik aln_len: 149
Bwa ouperformed: larger aln_length for [18206, 1248433]: Bwa aln_len: 150 - parmik aln_len: 149
Bwa ouperformed: larger aln_length for [18229, 4071816]: Bwa aln_len: 150 - parmik aln_len: 148
Bwa ouperformed: larger aln_length for [18258, 2867476]: Bwa aln_len: 149 - parmik aln_len: 148
Bwa ouperformed: larger aln_length for [18259, 2867476]: Bwa aln_len: 150 - parmik aln_len: 148
Bwa ouperformed: larger aln_length for [18269, 8935928]: Bwa aln_len: 150 - parmik aln_len: 149
Bwa ouperformed: larger aln_length for [18286, 8634926]: Bwa aln_len: 150 - parmik aln_len: 148
bwa ouperformed: smaller edits for [18321, 10570148]: Bwa edit_len: 4 - parmik edit_len: 5
Bwa ouperformed: larger aln_length for [18326, 4865165]: Bwa aln_len: 150 - parmik aln_len: 149
Bwa ouperformed: larger aln_length for [18336, 4114092]: Bwa aln_len: 150 - parmik aln_len: 149
Bwa ouperformed: larger aln_length for [18357, 14910109]: Bwa aln_len: 150 - parmik aln_len: 149
bwa ouperformed: smaller edits for [18392, 2514850]: Bwa edit_len: 5 - parmik edit_len: 7
Bwa ouperformed: larger aln_length for [18433, 6093953]: Bwa aln_len: 150 - parmik aln_len: 148
Bwa ouperformed: larger aln_length for [18434, 6093953]: Bwa aln_len: 149 - parmik aln_len: 148
Bwa ouperformed: larger aln_length for [18462, 4501504]: Bwa aln_len: 150 - parmik aln_len: 149
Bwa ouperformed: larger aln_length for [18470, 1919798]: Bwa aln_len: 150 - parmik aln_len: 149
Bwa ouperformed: larger aln_length for [18480, 3500633]: Bwa aln_len: 150 - parmik aln_len: 149
Bwa ouperformed: larger aln_length for [18590, 3234131]: Bwa aln_len: 150 - parmik aln_len: 148
Bwa ouperformed: larger aln_length for [18591, 6018316]: Bwa aln_len: 150 - parmik aln_len: 149
Bwa ouperformed: larger aln_length for [18629, 4200427]: Bwa aln_len: 150 - parmik aln_len: 149
Bwa ouperformed: larger aln_length for [18655, 1229983]: Bwa aln_len: 150 - parmik aln_len: 149
bwa ouperformed: smaller edits for [18656, 4300600]: Bwa edit_len: 3 - parmik edit_len: 9
Bwa ouperformed: larger aln_length for [18755, 623540]: Bwa aln_len: 150 - parmik aln_len: 149
Bwa ouperformed: larger aln_length for [18814, 6034272]: Bwa aln_len: 150 - parmik aln_len: 149
Bwa ouperformed: larger aln_length for [18909, 3834689]: Bwa aln_len: 150 - parmik aln_len: 149
Bwa ouperformed: larger aln_length for [18910, 11962221]: Bwa aln_len: 150 - parmik aln_len: 148
Bwa ouperformed: larger aln_length for [18931, 1577616]: Bwa aln_len: 150 - parmik aln_len: 148
queries processed: 19000 / 29754
Bwa ouperformed: larger aln_length for [19027, 1209477]: Bwa aln_len: 150 - parmik aln_len: 148
Bwa ouperformed: larger aln_length for [19057, 4633042]: Bwa aln_len: 150 - parmik aln_len: 148
Bwa ouperformed: larger aln_length for [19079, 566963]: Bwa aln_len: 150 - parmik aln_len: 149
Bwa ouperformed: larger aln_length for [19205, 4449285]: Bwa aln_len: 150 - parmik aln_len: 149
Bwa ouperformed: larger aln_length for [19207, 15639572]: Bwa aln_len: 150 - parmik aln_len: 149
Bwa ouperformed: larger aln_length for [19219, 1065237]: Bwa aln_len: 148 - parmik aln_len: 146
Bwa ouperformed: larger aln_length for [19220, 3384189]: Bwa aln_len: 147 - parmik aln_len: 146
bwa ouperformed: smaller edits for [19248, 15725139]: Bwa edit_len: 3 - parmik edit_len: 12
Bwa ouperformed: larger aln_length for [19276, 15816200]: Bwa aln_len: 149 - parmik aln_len: 147
Bwa ouperformed: larger aln_length for [19299, 1417282]: Bwa aln_len: 150 - parmik aln_len: 149
Bwa ouperformed: larger aln_length for [19339, 8707479]: Bwa aln_len: 150 - parmik aln_len: 149
Bwa ouperformed: larger aln_length for [19363, 11410454]: Bwa aln_len: 150 - parmik aln_len: 149
Bwa ouperformed: larger aln_length for [19451, 317976]: Bwa aln_len: 150 - parmik aln_len: 149
Bwa ouperformed: larger aln_length for [19452, 6236258]: Bwa aln_len: 150 - parmik aln_len: 149
Bwa ouperformed: larger aln_length for [19453, 9288584]: Bwa aln_len: 150 - parmik aln_len: 148
Bwa ouperformed: larger aln_length for [19487, 137669]: Bwa aln_len: 150 - parmik aln_len: 149
Bwa ouperformed: larger aln_length for [19503, 5252678]: Bwa aln_len: 150 - parmik aln_len: 149
Bwa ouperformed: larger aln_length for [19511, 1276644]: Bwa aln_len: 150 - parmik aln_len: 149
Bwa ouperformed: larger aln_length for [19513, 1739183]: Bwa aln_len: 150 - parmik aln_len: 148
Bwa ouperformed: larger aln_length for [19523, 15339713]: Bwa aln_len: 150 - parmik aln_len: 149
Bwa ouperformed: larger aln_length for [19545, 9480664]: Bwa aln_len: 150 - parmik aln_len: 149
Bwa ouperformed: larger aln_length for [19579, 13895193]: Bwa aln_len: 150 - parmik aln_len: 148
Bwa ouperformed: larger aln_length for [19584, 260737]: Bwa aln_len: 150 - parmik aln_len: 149
Bwa ouperformed: larger aln_length for [19592, 9959431]: Bwa aln_len: 150 - parmik aln_len: 149
Bwa ouperformed: larger aln_length for [19601, 8502944]: Bwa aln_len: 150 - parmik aln_len: 149
Bwa ouperformed: larger aln_length for [19650, 4614122]: Bwa aln_len: 150 - parmik aln_len: 149
Bwa ouperformed: larger aln_length for [19651, 1371924]: Bwa aln_len: 148 - parmik aln_len: 146
Bwa ouperformed: larger aln_length for [19652, 543065]: Bwa aln_len: 150 - parmik aln_len: 149
Bwa ouperformed: larger aln_length for [19661, 1044693]: Bwa aln_len: 150 - parmik aln_len: 149
Bwa ouperformed: larger aln_length for [19721, 12684846]: Bwa aln_len: 150 - parmik aln_len: 149
Bwa ouperformed: larger aln_length for [19726, 3637802]: Bwa aln_len: 150 - parmik aln_len: 146
Bwa ouperformed: larger aln_length for [19733, 11598389]: Bwa aln_len: 150 - parmik aln_len: 149
Bwa ouperformed: larger aln_length for [19786, 10030584]: Bwa aln_len: 150 - parmik aln_len: 149
Bwa ouperformed: larger aln_length for [19799, 7244266]: Bwa aln_len: 150 - parmik aln_len: 149
Bwa ouperformed: larger aln_length for [19825, 11989956]: Bwa aln_len: 150 - parmik aln_len: 148
Bwa ouperformed: larger aln_length for [19839, 111309]: Bwa aln_len: 150 - parmik aln_len: 149
bwa ouperformed: smaller edits for [19850, 490538]: Bwa edit_len: 4 - parmik edit_len: 11
Bwa ouperformed: larger aln_length for [19905, 250017]: Bwa aln_len: 150 - parmik aln_len: 149
Bwa ouperformed: larger aln_length for [19906, 1244017]: Bwa aln_len: 150 - parmik aln_len: 148
Bwa ouperformed: larger aln_length for [19988, 5332612]: Bwa aln_len: 150 - parmik aln_len: 149
queries processed: 20000 / 29754
Bwa ouperformed: larger aln_length for [20079, 1121063]: Bwa aln_len: 148 - parmik aln_len: 147
Bwa ouperformed: larger aln_length for [20080, 1121063]: Bwa aln_len: 149 - parmik aln_len: 148
Bwa ouperformed: larger aln_length for [20125, 5539016]: Bwa aln_len: 150 - parmik aln_len: 148
Bwa ouperformed: larger aln_length for [20126, 142069]: Bwa aln_len: 150 - parmik aln_len: 149
Bwa ouperformed: larger aln_length for [20161, 9097166]: Bwa aln_len: 150 - parmik aln_len: 148
Bwa ouperformed: larger aln_length for [20243, 571530]: Bwa aln_len: 150 - parmik aln_len: 149
Bwa ouperformed: larger aln_length for [20244, 657193]: Bwa aln_len: 150 - parmik aln_len: 148
Bwa ouperformed: larger aln_length for [20301, 15540369]: Bwa aln_len: 150 - parmik aln_len: 149
Bwa ouperformed: larger aln_length for [20362, 14212759]: Bwa aln_len: 149 - parmik aln_len: 148
Bwa ouperformed: larger aln_length for [20363, 14212759]: Bwa aln_len: 150 - parmik aln_len: 148
Bwa ouperformed: larger aln_length for [20372, 8939665]: Bwa aln_len: 150 - parmik aln_len: 149
Bwa ouperformed: larger aln_length for [20392, 10226035]: Bwa aln_len: 150 - parmik aln_len: 149
Bwa ouperformed: larger aln_length for [20418, 384770]: Bwa aln_len: 150 - parmik aln_len: 149
Bwa ouperformed: larger aln_length for [20511, 1569482]: Bwa aln_len: 150 - parmik aln_len: 149
Bwa ouperformed: larger aln_length for [20567, 7825625]: Bwa aln_len: 150 - parmik aln_len: 149
Bwa ouperformed: larger aln_length for [20572, 14330260]: Bwa aln_len: 150 - parmik aln_len: 149
Bwa ouperformed: larger aln_length for [20691, 13175836]: Bwa aln_len: 150 - parmik aln_len: 149
Bwa ouperformed: larger aln_length for [20807, 2921224]: Bwa aln_len: 150 - parmik aln_len: 149
Bwa ouperformed: larger aln_length for [20973, 11135931]: Bwa aln_len: 149 - parmik aln_len: 148
Bwa ouperformed: larger aln_length for [20974, 11135931]: Bwa aln_len: 150 - parmik aln_len: 148
queries processed: 21000 / 29754
Bwa ouperformed: larger aln_length for [21007, 397761]: Bwa aln_len: 150 - parmik aln_len: 148
bwa ouperformed: smaller edits for [21017, 4943068]: Bwa edit_len: 12 - parmik edit_len: 15
Bwa ouperformed: larger aln_length for [21081, 1597391]: Bwa aln_len: 150 - parmik aln_len: 149
Bwa ouperformed: larger aln_length for [21095, 10214930]: Bwa aln_len: 150 - parmik aln_len: 149
Bwa ouperformed: larger aln_length for [21099, 2610940]: Bwa aln_len: 150 - parmik aln_len: 149
Bwa ouperformed: larger aln_length for [21100, 1478618]: Bwa aln_len: 148 - parmik aln_len: 146
Bwa ouperformed: larger aln_length for [21117, 4994911]: Bwa aln_len: 150 - parmik aln_len: 149
Bwa ouperformed: larger aln_length for [21141, 1333335]: Bwa aln_len: 150 - parmik aln_len: 149
Bwa ouperformed: larger aln_length for [21156, 606009]: Bwa aln_len: 150 - parmik aln_len: 149
Bwa ouperformed: larger aln_length for [21207, 5748827]: Bwa aln_len: 150 - parmik aln_len: 149
Bwa ouperformed: larger aln_length for [21214, 12316513]: Bwa aln_len: 150 - parmik aln_len: 149
Bwa ouperformed: larger aln_length for [21234, 4006464]: Bwa aln_len: 150 - parmik aln_len: 149
Bwa ouperformed: larger aln_length for [21241, 929753]: Bwa aln_len: 150 - parmik aln_len: 148
Bwa ouperformed: larger aln_length for [21256, 6764443]: Bwa aln_len: 148 - parmik aln_len: 146
bwa ouperformed: smaller edits for [21266, 3776560]: Bwa edit_len: 9 - parmik edit_len: 14
Bwa ouperformed: larger aln_length for [21292, 767680]: Bwa aln_len: 150 - parmik aln_len: 149
Bwa ouperformed: larger aln_length for [21325, 800634]: Bwa aln_len: 150 - parmik aln_len: 149
queries processed: 22000 / 29754
queries processed: 23000 / 29754
Bwa ouperformed: larger aln_length for [23780, 12563964]: Bwa aln_len: 60 - parmik aln_len: 58
queries processed: 24000 / 29754
Bwa ouperformed: larger aln_length for [24210, 7498232]: Bwa aln_len: 150 - parmik aln_len: 148
Bwa ouperformed: larger aln_length for [24211, 7498232]: Bwa aln_len: 149 - parmik aln_len: 148
Bwa ouperformed: larger aln_length for [24230, 693123]: Bwa aln_len: 148 - parmik aln_len: 147
Bwa ouperformed: larger aln_length for [24264, 1987931]: Bwa aln_len: 150 - parmik aln_len: 149
Bwa ouperformed: larger aln_length for [24271, 5659711]: Bwa aln_len: 150 - parmik aln_len: 149
Bwa ouperformed: larger aln_length for [24272, 7475542]: Bwa aln_len: 150 - parmik aln_len: 148
Bwa ouperformed: larger aln_length for [24377, 7785849]: Bwa aln_len: 150 - parmik aln_len: 149
Bwa ouperformed: larger aln_length for [24388, 2001016]: Bwa aln_len: 150 - parmik aln_len: 149
Bwa ouperformed: larger aln_length for [24414, 3084488]: Bwa aln_len: 150 - parmik aln_len: 149
Bwa ouperformed: larger aln_length for [24421, 8255896]: Bwa aln_len: 150 - parmik aln_len: 149
Bwa ouperformed: larger aln_length for [24422, 2006173]: Bwa aln_len: 150 - parmik aln_len: 149
Bwa ouperformed: larger aln_length for [24446, 5154632]: Bwa aln_len: 150 - parmik aln_len: 149
bwa ouperformed: smaller edits for [24450, 4191303]: Bwa edit_len: 7 - parmik edit_len: 10
Bwa ouperformed: larger aln_length for [24537, 9598123]: Bwa aln_len: 150 - parmik aln_len: 149
Bwa ouperformed: larger aln_length for [24548, 1708181]: Bwa aln_len: 150 - parmik aln_len: 149
Bwa ouperformed: larger aln_length for [24595, 10446937]: Bwa aln_len: 149 - parmik aln_len: 148
Bwa ouperformed: larger aln_length for [24611, 20151]: Bwa aln_len: 150 - parmik aln_len: 149
Bwa ouperformed: larger aln_length for [24636, 1793230]: Bwa aln_len: 150 - parmik aln_len: 149
Bwa ouperformed: larger aln_length for [24828, 3597836]: Bwa aln_len: 150 - parmik aln_len: 149
bwa ouperformed: smaller edits for [24868, 1207105]: Bwa edit_len: 10 - parmik edit_len: 12
Bwa ouperformed: larger aln_length for [24871, 3374251]: Bwa aln_len: 150 - parmik aln_len: 149
Bwa ouperformed: larger aln_length for [24872, 6433804]: Bwa aln_len: 150 - parmik aln_len: 148
Bwa ouperformed: larger aln_length for [24883, 5178766]: Bwa aln_len: 150 - parmik aln_len: 149
bwa ouperformed: smaller edits for [24905, 1833989]: Bwa edit_len: 10 - parmik edit_len: 11
Bwa ouperformed: larger aln_length for [24934, 9921332]: Bwa aln_len: 150 - parmik aln_len: 148
Bwa ouperformed: larger aln_length for [24999, 16031882]: Bwa aln_len: 150 - parmik aln_len: 149
queries processed: 25000 / 29754
Bwa ouperformed: larger aln_length for [25005, 14164615]: Bwa aln_len: 150 - parmik aln_len: 149
Bwa ouperformed: larger aln_length for [25009, 4432954]: Bwa aln_len: 150 - parmik aln_len: 149
Bwa ouperformed: larger aln_length for [25057, 8428542]: Bwa aln_len: 150 - parmik aln_len: 149
Bwa ouperformed: larger aln_length for [25133, 2091630]: Bwa aln_len: 150 - parmik aln_len: 148
Bwa ouperformed: larger aln_length for [25134, 13164571]: Bwa aln_len: 150 - parmik aln_len: 149
Bwa ouperformed: larger aln_length for [25206, 4365683]: Bwa aln_len: 150 - parmik aln_len: 149
Bwa ouperformed: larger aln_length for [25263, 10457141]: Bwa aln_len: 149 - parmik aln_len: 148
Bwa ouperformed: larger aln_length for [25264, 10457141]: Bwa aln_len: 150 - parmik aln_len: 148
Bwa ouperformed: larger aln_length for [25276, 9028006]: Bwa aln_len: 150 - parmik aln_len: 149
Bwa ouperformed: larger aln_length for [25278, 1509931]: Bwa aln_len: 149 - parmik aln_len: 148
Bwa ouperformed: larger aln_length for [25283, 13746524]: Bwa aln_len: 150 - parmik aln_len: 148
Bwa ouperformed: larger aln_length for [25284, 2282804]: Bwa aln_len: 150 - parmik aln_len: 149
Bwa ouperformed: larger aln_length for [25291, 2990336]: Bwa aln_len: 150 - parmik aln_len: 148
Bwa ouperformed: larger aln_length for [25325, 155846]: Bwa aln_len: 149 - parmik aln_len: 148
Bwa ouperformed: larger aln_length for [25326, 155846]: Bwa aln_len: 150 - parmik aln_len: 148
Bwa ouperformed: larger aln_length for [25331, 4098268]: Bwa aln_len: 150 - parmik aln_len: 149
Bwa ouperformed: larger aln_length for [25412, 7642104]: Bwa aln_len: 150 - parmik aln_len: 149
Bwa ouperformed: larger aln_length for [25418, 15343146]: Bwa aln_len: 150 - parmik aln_len: 148
Bwa ouperformed: larger aln_length for [25419, 6030601]: Bwa aln_len: 150 - parmik aln_len: 149
Bwa ouperformed: larger aln_length for [25438, 10471997]: Bwa aln_len: 150 - parmik aln_len: 146
Bwa ouperformed: larger aln_length for [25569, 729648]: Bwa aln_len: 150 - parmik aln_len: 149
Bwa ouperformed: larger aln_length for [25570, 4732799]: Bwa aln_len: 150 - parmik aln_len: 148
Bwa ouperformed: larger aln_length for [25586, 4092672]: Bwa aln_len: 150 - parmik aln_len: 149
Bwa ouperformed: larger aln_length for [25630, 10725370]: Bwa aln_len: 150 - parmik aln_len: 149
Bwa ouperformed: larger aln_length for [25663, 642057]: Bwa aln_len: 148 - parmik aln_len: 146
Bwa ouperformed: larger aln_length for [25677, 6148272]: Bwa aln_len: 150 - parmik aln_len: 149
Bwa ouperformed: larger aln_length for [25718, 3131537]: Bwa aln_len: 150 - parmik aln_len: 149
Bwa ouperformed: larger aln_length for [25725, 7229819]: Bwa aln_len: 150 - parmik aln_len: 149
Bwa ouperformed: larger aln_length for [25726, 7421115]: Bwa aln_len: 150 - parmik aln_len: 148
Bwa ouperformed: larger aln_length for [25801, 11421048]: Bwa aln_len: 150 - parmik aln_len: 149
Bwa ouperformed: larger aln_length for [25811, 11803615]: Bwa aln_len: 150 - parmik aln_len: 149
Bwa ouperformed: larger aln_length for [25815, 6063300]: Bwa aln_len: 150 - parmik aln_len: 149
Bwa ouperformed: larger aln_length for [25826, 10802364]: Bwa aln_len: 150 - parmik aln_len: 149
Bwa ouperformed: larger aln_length for [25840, 13897211]: Bwa aln_len: 150 - parmik aln_len: 148
Bwa ouperformed: larger aln_length for [25873, 818948]: Bwa aln_len: 147 - parmik aln_len: 146
Bwa ouperformed: larger aln_length for [25894, 13670551]: Bwa aln_len: 150 - parmik aln_len: 148
Bwa ouperformed: larger aln_length for [25995, 3168178]: Bwa aln_len: 149 - parmik aln_len: 148
queries processed: 26000 / 29754
Bwa ouperformed: larger aln_length for [26020, 6332488]: Bwa aln_len: 147 - parmik aln_len: 146
Bwa ouperformed: larger aln_length for [26080, 1221645]: Bwa aln_len: 150 - parmik aln_len: 149
Bwa ouperformed: larger aln_length for [26118, 3482471]: Bwa aln_len: 150 - parmik aln_len: 149
bwa ouperformed: smaller edits for [26167, 2049858]: Bwa edit_len: 2 - parmik edit_len: 8
bwa ouperformed: smaller edits for [26266, 1911109]: Bwa edit_len: 2 - parmik edit_len: 7
bwa ouperformed: smaller edits for [26267, 1911109]: Bwa edit_len: 2 - parmik edit_len: 7
Bwa ouperformed: larger aln_length for [26274, 2606344]: Bwa aln_len: 149 - parmik aln_len: 148
Bwa ouperformed: larger aln_length for [26275, 2606344]: Bwa aln_len: 150 - parmik aln_len: 148
Bwa ouperformed: larger aln_length for [26377, 3498757]: Bwa aln_len: 150 - parmik aln_len: 149
bwa ouperformed: smaller edits for [26457, 5237635]: Bwa edit_len: 10 - parmik edit_len: 11
Bwa ouperformed: larger aln_length for [26474, 2125691]: Bwa aln_len: 150 - parmik aln_len: 149
Bwa ouperformed: larger aln_length for [26475, 1890677]: Bwa aln_len: 150 - parmik aln_len: 148
Bwa ouperformed: larger aln_length for [26507, 2991124]: Bwa aln_len: 150 - parmik aln_len: 149
Bwa ouperformed: larger aln_length for [26513, 280329]: Bwa aln_len: 150 - parmik aln_len: 149
Bwa ouperformed: larger aln_length for [26532, 14931761]: Bwa aln_len: 150 - parmik aln_len: 149
Bwa ouperformed: larger aln_length for [26541, 7360077]: Bwa aln_len: 149 - parmik aln_len: 148
Bwa ouperformed: larger aln_length for [26595, 12367948]: Bwa aln_len: 150 - parmik aln_len: 149
Bwa ouperformed: larger aln_length for [26690, 676112]: Bwa aln_len: 144 - parmik aln_len: 143
Bwa ouperformed: larger aln_length for [26691, 676112]: Bwa aln_len: 145 - parmik aln_len: 143
Bwa ouperformed: larger aln_length for [26708, 15979191]: Bwa aln_len: 150 - parmik aln_len: 149
Bwa ouperformed: larger aln_length for [26744, 4574598]: Bwa aln_len: 150 - parmik aln_len: 149
Bwa ouperformed: larger aln_length for [26777, 12259800]: Bwa aln_len: 150 - parmik aln_len: 149
Bwa ouperformed: larger aln_length for [26823, 2853450]: Bwa aln_len: 150 - parmik aln_len: 148
Bwa ouperformed: larger aln_length for [26841, 9015237]: Bwa aln_len: 150 - parmik aln_len: 148
Bwa ouperformed: larger aln_length for [26884, 8575844]: Bwa aln_len: 150 - parmik aln_len: 149
Bwa ouperformed: larger aln_length for [26892, 1872835]: Bwa aln_len: 150 - parmik aln_len: 148
Bwa ouperformed: larger aln_length for [26893, 3724928]: Bwa aln_len: 150 - parmik aln_len: 149
Bwa ouperformed: larger aln_length for [26942, 2086521]: Bwa aln_len: 146 - parmik aln_len: 145
Bwa ouperformed: larger aln_length for [26943, 2086521]: Bwa aln_len: 147 - parmik aln_len: 145
Bwa ouperformed: larger aln_length for [26974, 13557416]: Bwa aln_len: 150 - parmik aln_len: 149
Bwa ouperformed: larger aln_length for [26978, 3379160]: Bwa aln_len: 150 - parmik aln_len: 149
Bwa ouperformed: larger aln_length for [26984, 1268666]: Bwa aln_len: 149 - parmik aln_len: 148
queries processed: 27000 / 29754
Bwa ouperformed: larger aln_length for [27072, 12529950]: Bwa aln_len: 150 - parmik aln_len: 148
Bwa ouperformed: larger aln_length for [27076, 1250286]: Bwa aln_len: 150 - parmik aln_len: 149
Bwa ouperformed: larger aln_length for [27090, 366185]: Bwa aln_len: 150 - parmik aln_len: 148
Bwa ouperformed: larger aln_length for [27142, 7594517]: Bwa aln_len: 150 - parmik aln_len: 149
Bwa ouperformed: larger aln_length for [27178, 2625237]: Bwa aln_len: 150 - parmik aln_len: 149
Bwa ouperformed: larger aln_length for [27192, 6426644]: Bwa aln_len: 150 - parmik aln_len: 149
Bwa ouperformed: larger aln_length for [27207, 15954493]: Bwa aln_len: 150 - parmik aln_len: 149
Bwa ouperformed: larger aln_length for [27266, 110289]: Bwa aln_len: 150 - parmik aln_len: 149
Bwa ouperformed: larger aln_length for [27268, 7952719]: Bwa aln_len: 149 - parmik aln_len: 148
Bwa ouperformed: larger aln_length for [27269, 7952719]: Bwa aln_len: 150 - parmik aln_len: 148
Bwa ouperformed: larger aln_length for [27284, 4497747]: Bwa aln_len: 150 - parmik aln_len: 149
Bwa ouperformed: larger aln_length for [27295, 6191699]: Bwa aln_len: 150 - parmik aln_len: 148
Bwa ouperformed: larger aln_length for [27296, 6364061]: Bwa aln_len: 150 - parmik aln_len: 149
Bwa ouperformed: larger aln_length for [27304, 5068945]: Bwa aln_len: 149 - parmik aln_len: 147
Bwa ouperformed: larger aln_length for [27305, 5068945]: Bwa aln_len: 148 - parmik aln_len: 147
Bwa ouperformed: larger aln_length for [27359, 5695106]: Bwa aln_len: 150 - parmik aln_len: 149
Bwa ouperformed: larger aln_length for [27428, 3501352]: Bwa aln_len: 150 - parmik aln_len: 149
Bwa ouperformed: larger aln_length for [27432, 13084657]: Bwa aln_len: 150 - parmik aln_len: 149
Bwa ouperformed: larger aln_length for [27450, 6485412]: Bwa aln_len: 150 - parmik aln_len: 149
Bwa ouperformed: larger aln_length for [27451, 498405]: Bwa aln_len: 150 - parmik aln_len: 148
Bwa ouperformed: larger aln_length for [27455, 6857174]: Bwa aln_len: 150 - parmik aln_len: 148
Bwa ouperformed: larger aln_length for [27512, 118574]: Bwa aln_len: 150 - parmik aln_len: 149
Bwa ouperformed: larger aln_length for [27514, 7327992]: Bwa aln_len: 150 - parmik aln_len: 149
Bwa ouperformed: larger aln_length for [27520, 4857626]: Bwa aln_len: 148 - parmik aln_len: 147
Bwa ouperformed: larger aln_length for [27521, 4857626]: Bwa aln_len: 149 - parmik aln_len: 147
Bwa ouperformed: larger aln_length for [27537, 5068944]: Bwa aln_len: 150 - parmik aln_len: 149
Bwa ouperformed: larger aln_length for [27538, 10545014]: Bwa aln_len: 150 - parmik aln_len: 148
Bwa ouperformed: larger aln_length for [27602, 7155850]: Bwa aln_len: 150 - parmik aln_len: 147
Bwa ouperformed: larger aln_length for [27603, 6886622]: Bwa aln_len: 148 - parmik aln_len: 147
Bwa ouperformed: larger aln_length for [27611, 442740]: Bwa aln_len: 150 - parmik aln_len: 148
Bwa ouperformed: larger aln_length for [27622, 10265081]: Bwa aln_len: 150 - parmik aln_len: 148
Bwa ouperformed: larger aln_length for [27651, 4015401]: Bwa aln_len: 150 - parmik aln_len: 149
Bwa ouperformed: larger aln_length for [27669, 1583880]: Bwa aln_len: 150 - parmik aln_len: 149
Bwa ouperformed: larger aln_length for [27710, 2720012]: Bwa aln_len: 149 - parmik aln_len: 148
queries processed: 28000 / 29754
Bwa ouperformed: larger aln_length for [28253, 5921525]: Bwa aln_len: 150 - parmik aln_len: 149
Bwa ouperformed: larger aln_length for [28299, 1251855]: Bwa aln_len: 150 - parmik aln_len: 149
Bwa ouperformed: larger aln_length for [28307, 2896445]: Bwa aln_len: 150 - parmik aln_len: 148
Bwa ouperformed: larger aln_length for [28308, 6985370]: Bwa aln_len: 150 - parmik aln_len: 149
Bwa ouperformed: larger aln_length for [28342, 1570743]: Bwa aln_len: 150 - parmik aln_len: 149
Bwa ouperformed: larger aln_length for [28343, 1010995]: Bwa aln_len: 150 - parmik aln_len: 148
Bwa ouperformed: larger aln_length for [28362, 1660456]: Bwa aln_len: 150 - parmik aln_len: 149
Bwa ouperformed: larger aln_length for [28381, 3550125]: Bwa aln_len: 150 - parmik aln_len: 149
Bwa ouperformed: larger aln_length for [28456, 6370497]: Bwa aln_len: 150 - parmik aln_len: 149
Bwa ouperformed: larger aln_length for [28508, 5052969]: Bwa aln_len: 150 - parmik aln_len: 148
Bwa ouperformed: larger aln_length for [28604, 850337]: Bwa aln_len: 150 - parmik aln_len: 148
Bwa ouperformed: larger aln_length for [28605, 12829590]: Bwa aln_len: 150 - parmik aln_len: 149
Bwa ouperformed: larger aln_length for [28645, 10803296]: Bwa aln_len: 150 - parmik aln_len: 149
bwa ouperformed: smaller edits for [28750, 1772222]: Bwa edit_len: 6 - parmik edit_len: 12
Bwa ouperformed: larger aln_length for [28796, 8744060]: Bwa aln_len: 150 - parmik aln_len: 149
Bwa ouperformed: larger aln_length for [28826, 13395134]: Bwa aln_len: 150 - parmik aln_len: 148
Bwa ouperformed: larger aln_length for [28827, 13395134]: Bwa aln_len: 149 - parmik aln_len: 148
Bwa ouperformed: larger aln_length for [28879, 2243519]: Bwa aln_len: 149 - parmik aln_len: 148
Bwa ouperformed: larger aln_length for [28880, 2243519]: Bwa aln_len: 150 - parmik aln_len: 148
queries processed: 29000 / 29754
Bwa ouperformed: larger aln_length for [29107, 5645692]: Bwa aln_len: 150 - parmik aln_len: 149
Bwa ouperformed: larger aln_length for [29122, 484514]: Bwa aln_len: 150 - parmik aln_len: 149
Bwa ouperformed: larger aln_length for [29126, 458570]: Bwa aln_len: 150 - parmik aln_len: 148
Bwa ouperformed: larger aln_length for [29127, 6432788]: Bwa aln_len: 150 - parmik aln_len: 149
Bwa ouperformed: larger aln_length for [29152, 3060382]: Bwa aln_len: 150 - parmik aln_len: 149
Bwa ouperformed: larger aln_length for [29153, 7421727]: Bwa aln_len: 150 - parmik aln_len: 148
Bwa ouperformed: larger aln_length for [29196, 12116046]: Bwa aln_len: 150 - parmik aln_len: 149
Bwa ouperformed: larger aln_length for [29210, 5440560]: Bwa aln_len: 149 - parmik aln_len: 147
Bwa ouperformed: larger aln_length for [29218, 5533392]: Bwa aln_len: 150 - parmik aln_len: 149
Bwa ouperformed: larger aln_length for [29246, 15819110]: Bwa aln_len: 150 - parmik aln_len: 148
Bwa ouperformed: larger aln_length for [29257, 5329070]: Bwa aln_len: 147 - parmik aln_len: 146
Bwa ouperformed: larger aln_length for [29258, 5329070]: Bwa aln_len: 148 - parmik aln_len: 146
Bwa ouperformed: larger aln_length for [29271, 1051140]: Bwa aln_len: 150 - parmik aln_len: 149
bwa ouperformed: smaller edits for [29340, 8020789]: Bwa edit_len: 3 - parmik edit_len: 15
Bwa ouperformed: larger aln_length for [29349, 15895450]: Bwa aln_len: 150 - parmik aln_len: 149
Bwa ouperformed: larger aln_length for [29368, 9800198]: Bwa aln_len: 150 - parmik aln_len: 149
Bwa ouperformed: larger aln_length for [29369, 12116045]: Bwa aln_len: 150 - parmik aln_len: 148
Bwa ouperformed: larger aln_length for [29609, 8156139]: Bwa aln_len: 150 - parmik aln_len: 148
Bwa ouperformed: larger aln_length for [29620, 16324882]: Bwa aln_len: 147 - parmik aln_len: 146
Bwa ouperformed: larger aln_length for [29664, 3070000]: Bwa aln_len: 144 - parmik aln_len: 142
Bwa ouperformed: larger aln_length for [29665, 3070000]: Bwa aln_len: 143 - parmik aln_len: 142
Total Bwa TN : 0
Total Bwa FN : 3076
Total Parmik FNN : 0
Total Bwa Outperform : 887
Total Parmik Outperform : 9208
Total Bwa Equal : 16583
