no kmerRangesFileAddressArg!
**********************CONFIGURATIONS*****************************
PARMIK mode:                  4
readDatabaseAddress:          /p/lava/parmik/partialMatcherProject/datasets/metagenomicDB/SRR12432009/SRR12432009_reads
readFileName:                 SRR12432009_reads
queryFileAddress:             /p/lava/parmik/partialMatcherProject/datasets/queryFiles/covidQueryFiles/NC_045512_queries
queryFileName:                NC_045512_queries
otherToolOutputFileAddress:   /p/lava/parmik/partialMatcherProject/tools/parmik/CK_SSW_ID_PRCNTG/SRR12432009/NC_045512/aln/withPolishing/pmAln_R48_PI90_L14_M4_E2_K11_T0_P_2484_1111_2444_2288_2848.txt
outputDir:                    /p/lava/parmik/partialMatcherProject/tools/parmik/IK_SSW_PF/SRR12432009/NC_045512
penaltyFileAddress:           /u/rgq5aw/GIT/PARMIK/experiments/parmik/CK_SSW_ID_PRCNTG/PenaltySets/2484_1111_2444_2288_2848
kmerRangesFileAddress:        
readsCount:                   17000000
queryCount:                   30000
kmerLength:                   12
regionSize:                   48
cheapKmerThreshold:           0
percentageIdentity:           0.9
minExactMatchLen:             16
numThreads:                   1
isSecondChanceOff:            F
minNumExactMatchKmer:         5
isIndexOffline:               1
offlineIndexAddress:          /p/lava/parmik/partialMatcherProject/tools/parmik/CK_INDEX/SRR12432009/
baselineBaseAddress:          /p/lava/parmik/partialMatcherProject/tools/baseline_ssw/SRR12432009/NC_045512
max editDistance in min region: 2
otherTool:                    parmik
**********************CONFIGURATIONS*****************************
--------------Penalties--------------
m: 2, s: 4, go: 8, ge: 4
m: 1, s: 1, go: 1, ge: 1
m: 2, s: 4, go: 4, ge: 4
m: 2, s: 2, go: 8, ge: 8
m: 2, s: 8, go: 4, ge: 8
------------------------------------
experiment dir: /p/lava/parmik/partialMatcherProject/tools/parmik/IK_SSW_PF/SRR12432009/NC_045512/IKT0_K12_PI90_M5_T1_SC1_P_2484_1111_2444_2288_2848
Directory already exists or could not be created: /p/lava/parmik/partialMatcherProject/tools/parmik/IK_SSW_PF/SRR12432009/NC_045512/IKT0_K12_PI90_M5_T1_SC1_P_2484_1111_2444_2288_2848
numberOfReadsWithN : 0
queryCount : 29754
numberOfReadsWithN : 0
readCount : 16344647
offlineCheapIndexAddress: /p/lava/parmik/partialMatcherProject/tools/parmik/CK_INDEX/SRR12432009/ck_T0_K12_r17000000
offlineExpensiveIndexAddress: /p/lava/parmik/partialMatcherProject/tools/parmik/CK_INDEX/SRR12432009/ek_T0_K12_r17000000
pmrkAlignmentsAddress: /p/lava/parmik/partialMatcherProject/tools/parmik/IK_SSW_PF/SRR12432009/NC_045512/IKT0_K12_PI90_M5_T1_SC1_P_2484_1111_2444_2288_2848/parmikAln.txt
updated otherToolOutputFileAddress alignments file: /p/lava/parmik/partialMatcherProject/tools/parmik/IK_SSW_PF/SRR12432009/NC_045512/IKT0_K12_PI90_M5_T1_SC1_P_2484_1111_2444_2288_2848/parmikAln.txt
Comparing Baseline and parmik
cmp file address: /p/lava/parmik/partialMatcherProject/tools/parmik/IK_SSW_PF/SRR12432009/NC_045512/IKT0_K12_PI90_M5_T1_SC1_P_2484_1111_2444_2288_2848/cmp_Baseline_parmik.txt
queries processed: 0 / 29754
Sam: Read 64554405 alignments.
queries processed: 1000 / 29754
Sam: Read 71013068 alignments.
queries processed: 2000 / 29754
Sam: Read 64041457 alignments.
queries processed: 3000 / 29754
Sam: Read 104504957 alignments.
queries processed: 4000 / 29754
Sam: Read 61442229 alignments.
queries processed: 5000 / 29754
Sam: Read 53469810 alignments.
queries processed: 6000 / 29754
Sam: Read 56239334 alignments.
queries processed: 7000 / 29754
Sam: Read 61405502 alignments.
queries processed: 8000 / 29754
Sam: Read 69483312 alignments.
queries processed: 9000 / 29754
Sam: Read 57460226 alignments.
queries processed: 10000 / 29754
Sam: Read 178819222 alignments.
queries processed: 11000 / 29754
Sam: Read 62197509 alignments.
queries processed: 12000 / 29754
Sam: Read 54299015 alignments.
queries processed: 13000 / 29754
Sam: Read 71505874 alignments.
queries processed: 14000 / 29754
Sam: Read 57975525 alignments.
queries processed: 15000 / 29754
Sam: Read 62188399 alignments.
queries processed: 16000 / 29754
Sam: Read 181938371 alignments.
queries processed: 17000 / 29754
Sam: Read 53025278 alignments.
queries processed: 18000 / 29754
Sam: Read 52333796 alignments.
queries processed: 19000 / 29754
Sam: Read 62427369 alignments.
queries processed: 20000 / 29754
Sam: Read 65130171 alignments.
queries processed: 21000 / 29754
Sam: Read 105530004 alignments.
queries processed: 22000 / 29754
Sam: Read 72165208 alignments.
queries processed: 23000 / 29754
Sam: Read 72324317 alignments.
queries processed: 24000 / 29754
Sam: Read 64450664 alignments.
queries processed: 25000 / 29754
Sam: Read 63030907 alignments.
queries processed: 26000 / 29754
Sam: Read 57512025 alignments.
queries processed: 27000 / 29754
Sam: Read 56974959 alignments.
queries processed: 28000 / 29754
Sam: Read 69759525 alignments.
queries processed: 29000 / 29754
Sam: Read 51194330 alignments.
