no kmerRangesFileAddressArg!
**********************CONFIGURATIONS*****************************
PARMIK mode:                  4
readDatabaseAddress:          /p/lava/parmik/partialMatcherProject/datasets/metagenomicDB/SRR12432009/SRR12432009_reads
readFileName:                 SRR12432009_reads
queryFileAddress:             /p/lava/parmik/partialMatcherProject/datasets/queryFiles/covidQueryFiles/NC_045512_queries
queryFileName:                NC_045512_queries
otherToolOutputFileAddress:   /p/lava/parmik/partialMatcherProject/tools/parmik/CK_SSW_ID_PRCNTG/SRR12432009/NC_045512/aln/withPolishing/pmAln_R48_PI90_L14_M4_E2_K11_T0_P_2484_1111_2444_2288_2848.txt
outputDir:                    /p/lava/parmik/partialMatcherProject/tools/parmik/IK_SSW_PF/SRR12432009/NC_045512
penaltyFileAddress:           /u/rgq5aw/GIT/PARMIK/experiments/parmik/CK_SSW_ID_PRCNTG/PenaltySets/2484_1111_2444_2288_2848
kmerRangesFileAddress:        
readsCount:                   17000000
queryCount:                   30000
kmerLength:                   11
regionSize:                   48
cheapKmerThreshold:           0
percentageIdentity:           0.9
minExactMatchLen:             15
numThreads:                   1
isSecondChanceOff:            F
minNumExactMatchKmer:         5
isIndexOffline:               1
offlineIndexAddress:          /p/lava/parmik/partialMatcherProject/tools/parmik/CK_INDEX/SRR12432009/
baselineBaseAddress:          /p/lava/parmik/partialMatcherProject/tools/baseline_ssw/SRR12432009/NC_045512
max editDistance in min region: 2
otherTool:                    parmik
**********************CONFIGURATIONS*****************************
--------------Penalties--------------
m: 2, s: 4, go: 8, ge: 4
m: 1, s: 1, go: 1, ge: 1
m: 2, s: 4, go: 4, ge: 4
m: 2, s: 2, go: 8, ge: 8
m: 2, s: 8, go: 4, ge: 8
------------------------------------
experiment dir: /p/lava/parmik/partialMatcherProject/tools/parmik/IK_SSW_PF/SRR12432009/NC_045512/IKT0_K11_PI90_M5_T1_SC1_P_2484_1111_2444_2288_2848
Directory already exists or could not be created: /p/lava/parmik/partialMatcherProject/tools/parmik/IK_SSW_PF/SRR12432009/NC_045512/IKT0_K11_PI90_M5_T1_SC1_P_2484_1111_2444_2288_2848
numberOfReadsWithN : 0
queryCount : 29754
numberOfReadsWithN : 0
readCount : 16344647
offlineCheapIndexAddress: /p/lava/parmik/partialMatcherProject/tools/parmik/CK_INDEX/SRR12432009/ck_T0_K11_r17000000
offlineExpensiveIndexAddress: /p/lava/parmik/partialMatcherProject/tools/parmik/CK_INDEX/SRR12432009/ek_T0_K11_r17000000
pmrkAlignmentsAddress: /p/lava/parmik/partialMatcherProject/tools/parmik/IK_SSW_PF/SRR12432009/NC_045512/IKT0_K11_PI90_M5_T1_SC1_P_2484_1111_2444_2288_2848/parmikAln.txt
updated otherToolOutputFileAddress alignments file: /p/lava/parmik/partialMatcherProject/tools/parmik/IK_SSW_PF/SRR12432009/NC_045512/IKT0_K11_PI90_M5_T1_SC1_P_2484_1111_2444_2288_2848/parmikAln.txt
Comparing Baseline and parmik
cmp file address: /p/lava/parmik/partialMatcherProject/tools/parmik/IK_SSW_PF/SRR12432009/NC_045512/IKT0_K11_PI90_M5_T1_SC1_P_2484_1111_2444_2288_2848/cmp_Baseline_parmik.txt
queries processed: 0 / 29754
Sam: Read 248578197 alignments.
queries processed: 1000 / 29754
Sam: Read 278345536 alignments.
queries processed: 2000 / 29754
Sam: Read 248843084 alignments.
queries processed: 3000 / 29754
Sam: Read 357737384 alignments.
queries processed: 4000 / 29754
Sam: Read 238340576 alignments.
queries processed: 5000 / 29754
Sam: Read 207851204 alignments.
queries processed: 6000 / 29754
Sam: Read 217196039 alignments.
queries processed: 7000 / 29754
Sam: Read 235055208 alignments.
queries processed: 8000 / 29754
Sam: Read 273230200 alignments.
queries processed: 9000 / 29754
Sam: Read 221356058 alignments.
queries processed: 10000 / 29754
Sam: Read 709757995 alignments.
queries processed: 11000 / 29754
Sam: Read 240116320 alignments.
queries processed: 12000 / 29754
Sam: Read 212260960 alignments.
queries processed: 13000 / 29754
Sam: Read 277923077 alignments.
queries processed: 14000 / 29754
Sam: Read 228329098 alignments.
queries processed: 15000 / 29754
Sam: Read 244383450 alignments.
queries processed: 16000 / 29754
Sam: Read 622490592 alignments.
queries processed: 17000 / 29754
Sam: Read 205744256 alignments.
queries processed: 18000 / 29754
Sam: Read 202418554 alignments.
queries processed: 19000 / 29754
Sam: Read 243542819 alignments.
queries processed: 20000 / 29754
Sam: Read 255273508 alignments.
queries processed: 21000 / 29754
Sam: Read 351095463 alignments.
queries processed: 22000 / 29754
Sam: Read 278088494 alignments.
queries processed: 23000 / 29754
Sam: Read 276577722 alignments.
queries processed: 24000 / 29754
Sam: Read 251132780 alignments.
queries processed: 25000 / 29754
Sam: Read 246613167 alignments.
queries processed: 26000 / 29754
Sam: Read 224863185 alignments.
queries processed: 27000 / 29754
Sam: Read 219664870 alignments.
queries processed: 28000 / 29754
Sam: Read 273301286 alignments.
queries processed: 29000 / 29754
Sam: Read 199967961 alignments.
