no kmerRangesFileAddressArg!
**********************CONFIGURATIONS*****************************
PARMIK mode:                  2
readDatabaseAddress:          /p/lava/parmik/partialMatcherProject/datasets/metagenomicDB/SRR12432009/SRR12432009_reads
readFileName:                 SRR12432009_reads
queryFileAddress:             /p/lava/parmik/partialMatcherProject/datasets/queryFiles/covidQueryFiles/NC_045512_queries
queryFileName:                NC_045512_queries
otherToolOutputFileAddress:   /p/lava/parmik/partialMatcherProject/tools/bwa/SRR12432009/NC_045512/NC_045512.2_SRR12432009.sam
outputDir:                    /p/lava/parmik/partialMatcherProject/tools/parmik/IK_SSW_PF/SRR12432009/NC_045512
penaltyFileAddress:           /u/rgq5aw/GIT/PARMIK/experiments/parmik/CK_SSW_ID_PRCNTG/PenaltySets/2484_1111_2444_2288_2848
kmerRangesFileAddress:        
readsCount:                   17000000
queryCount:                   30000
kmerLength:                   11
regionSize:                   48
cheapKmerThreshold:           0
identityPercentage:           0.9
minExactMatchLen:             14
numThreads:                   1
isSecondChanceOff:            F
minNumExactMatchKmer:         0
isIndexOffline:               1
offlineIndexAddress:          /p/lava/parmik/partialMatcherProject/tools/parmik/CK_INDEX/SRR12432009/
baselineBaseAddress:          /p/lava/parmik/partialMatcherProject/tools/parmik/IK_SSW_PF/SRR12432009/NC_045512/IKT0_K11_PI90_M4_T1_SC1_P_2484_1111_2444_2288_2848/parmikAln.txt
max editDistance in min region: 2
otherTool:                    bwa
**********************CONFIGURATIONS*****************************
--------------Penalties--------------
m: 2, s: 4, go: 8, ge: 4
m: 1, s: 1, go: 1, ge: 1
m: 2, s: 4, go: 4, ge: 4
m: 2, s: 2, go: 8, ge: 8
m: 2, s: 8, go: 4, ge: 8
------------------------------------
experiment dir: /p/lava/parmik/partialMatcherProject/tools/parmik/IK_SSW_PF/SRR12432009/NC_045512/IKT0_K11_PI90_M0_T1_SC1_P_2484_1111_2444_2288_2848
numberOfReadsWithN : 0
queryCount : 29754
numberOfReadsWithN : 0
readCount : 16344647
offlineCheapIndexAddress: /p/lava/parmik/partialMatcherProject/tools/parmik/CK_INDEX/SRR12432009/ck_T0_K11_r17000000
offlineExpensiveIndexAddress: /p/lava/parmik/partialMatcherProject/tools/parmik/CK_INDEX/SRR12432009/ek_T0_K11_r17000000
pmrkAlignmentsAddress: /p/lava/parmik/partialMatcherProject/tools/parmik/IK_SSW_PF/SRR12432009/NC_045512/IKT0_K11_PI90_M0_T1_SC1_P_2484_1111_2444_2288_2848/parmikAln.txt
queries processed: 0 / 29754
Bwa ouperformed: larger aln_length for [31, 3921450]: Bwa aln_len: 150 - parmik aln_len: 149
Bwa ouperformed: larger aln_length for [188, 377830]: Bwa aln_len: 150 - parmik aln_len: 148
Bwa ouperformed: larger aln_length for [272, 2882126]: Bwa aln_len: 150 - parmik aln_len: 149
Bwa ouperformed: larger aln_length for [362, 2383590]: Bwa aln_len: 150 - parmik aln_len: 149
Bwa ouperformed: larger aln_length for [394, 935161]: Bwa aln_len: 150 - parmik aln_len: 149
Bwa ouperformed: larger aln_length for [395, 15706371]: Bwa aln_len: 150 - parmik aln_len: 148
Bwa ouperformed: larger aln_length for [419, 962849]: Bwa aln_len: 150 - parmik aln_len: 148
Bwa ouperformed: larger aln_length for [434, 862516]: Bwa aln_len: 150 - parmik aln_len: 148
Bwa ouperformed: larger aln_length for [516, 2785560]: Bwa aln_len: 150 - parmik aln_len: 149
Bwa ouperformed: larger aln_length for [543, 658347]: Bwa aln_len: 150 - parmik aln_len: 149
Bwa ouperformed: larger aln_length for [556, 3557701]: Bwa aln_len: 150 - parmik aln_len: 149
Bwa ouperformed: larger aln_length for [612, 14378725]: Bwa aln_len: 150 - parmik aln_len: 149
Bwa ouperformed: larger aln_length for [625, 11362563]: Bwa aln_len: 150 - parmik aln_len: 149
Bwa ouperformed: larger aln_length for [704, 1204869]: Bwa aln_len: 150 - parmik aln_len: 148
Bwa ouperformed: larger aln_length for [733, 8084567]: Bwa aln_len: 150 - parmik aln_len: 149
Bwa ouperformed: larger aln_length for [770, 10312399]: Bwa aln_len: 150 - parmik aln_len: 149
Bwa ouperformed: larger aln_length for [798, 403607]: Bwa aln_len: 150 - parmik aln_len: 149
Bwa ouperformed: larger aln_length for [817, 2331189]: Bwa aln_len: 150 - parmik aln_len: 149
Bwa ouperformed: larger aln_length for [881, 4980066]: Bwa aln_len: 150 - parmik aln_len: 148
Bwa ouperformed: larger aln_length for [897, 11404157]: Bwa aln_len: 150 - parmik aln_len: 149
Bwa ouperformed: larger aln_length for [922, 13617291]: Bwa aln_len: 150 - parmik aln_len: 149
Bwa ouperformed: larger aln_length for [944, 5707195]: Bwa aln_len: 150 - parmik aln_len: 149
Bwa ouperformed: larger aln_length for [955, 3279209]: Bwa aln_len: 150 - parmik aln_len: 148
Bwa ouperformed: larger aln_length for [977, 5048123]: Bwa aln_len: 150 - parmik aln_len: 148
queries processed: 1000 / 29754
Bwa ouperformed: larger aln_length for [1092, 685235]: Bwa aln_len: 150 - parmik aln_len: 148
Bwa ouperformed: larger aln_length for [1093, 8753073]: Bwa aln_len: 150 - parmik aln_len: 149
Bwa ouperformed: larger aln_length for [1124, 3491442]: Bwa aln_len: 150 - parmik aln_len: 148
