<<<<<<<<<<<<<<<<<<<<Evaluate Second Chance>>>>>>>>>>>>>>>>>>>>
Number of alignments with second chance: 47436909
Number of alignments without second chance: 46485863
numberOfReadsWithN : 0
Processing Query 0
Processing Query 1000
Processing Query 2000
Processing Query 3000
Processing Query 4000
Processing Query 5000
Processing Query 6000
Processing Query 7000
Processing Query 8000
Processing Query 9000
Processing Query 10000
Processing Query 11000
Processing Query 12000
Processing Query 13000
Processing Query 14000
Processing Query 15000
Processing Query 16000
Processing Query 17000
Processing Query 18000
Processing Query 19000
Processing Query 20000
Processing Query 21000
Processing Query 22000
Processing Query 23000
Processing Query 24000
Processing Query 25000
Processing Query 26000
Processing Query 27000
Processing Query 28000
Processing Query 29000
---------------------scAlignmentSizeImprovements--------------------------
0 36201173
1 713137
2 5063714
3 2337004
4 526014
5 515415
6 752922
7 72456
8 51073
9 46265
10 18733
11 10968
12 22364
13 7967
14 9635
15 16831
16 3457
17 4010
18 5136
19 2494
20 2463
21 1863
22 1101
23 1298
24 953
25 850
26 571
27 329
28 328
29 260
30 481
31 150
32 61
33 118
34 69
35 19
36 63
37 14
38 125
39 77
40 113
41 32
42 32
43 1
44 2
45 50
46 3
47 14
48 1
49 2
50 2
51 1
52 4
53 2
54 2
55 2
56 2
57 1
58 1
59 2
60 1
61 1
62 3
63 3
66 1
67 1
69 1
70 1
82 1
83 1
84 27
89 1
90 5
