no kmerRangesFileAddressArg!
**********************CONFIGURATIONS*****************************
PARMIK mode:                  2
readDatabaseAddress:          /p/lava/parmik/partialMatcherProject/datasets/metagenomicDB/SRR12432009/SRR12432009_reads
readFileName:                 SRR12432009_reads
queryFileAddress:             /p/lava/parmik/partialMatcherProject/datasets/queryFiles/covidQueryFiles/SarsGenome_queries
queryFileName:                SarsGenome_queries
otherToolOutputFileAddress:   /p/lava/parmik/partialMatcherProject/tools/blast/SRR12432009/SarsGenome/blastn_ws11_pi90_results.out
outputDir:                    /p/lava/parmik/partialMatcherProject/tools/parmik/CK_SSW_ID_PRCNTG/SRR12432009/SarsGenome
penaltyFileAddress:           /u/rgq5aw/GIT/PARMIK/experiments/parmik/CK_SSW_ID_PRCNTG/PenaltySets/2484_1111_2444_2288_2848
kmerRangesFileAddress:        
readsCount:                   17000000
queryCount:                   30000
kmerLength:                   11
regionSize:                   48
cheapKmerThreshold:           0
identityPercentage:           0.9
minExactMatchLen:             14
minNumExactMatchKmer:         0
isIndexOffline:               1
offlineIndexAddress:          /p/lava/parmik/partialMatcherProject/tools/parmik/CK_INDEX/SRR12432009/
baselineBaseAddress:          /p/lava/parmik/partialMatcherProject/tools/parmik/CK_SSW_ID_PRCNTG/SRR12432009/SarsGenome/aln/pmAln_R48_PI90_L14_M4_E2_K11_T0_P_2484_1111_2444_2288_2848.txt
max editDistance in min region: 2
**********************CONFIGURATIONS*****************************
--------------Penalties--------------
m: 2, s: 4, go: 8, ge: 4
m: 1, s: 1, go: 1, ge: 1
m: 2, s: 4, go: 4, ge: 4
m: 2, s: 2, go: 8, ge: 8
m: 2, s: 8, go: 4, ge: 8
------------------------------------
numberOfReadsWithN : 0
queryCount : 29602
numberOfReadsWithN : 0
readCount : 16344647
offlineCheapIndexAddress: /p/lava/parmik/partialMatcherProject/tools/parmik/CK_INDEX/SRR12432009/ck_T0_K11_r17000000
pmrkAlignmentsAddress: /p/lava/parmik/partialMatcherProject/tools/parmik/CK_SSW_ID_PRCNTG/SRR12432009/SarsGenome/aln/pmAln_R48_PI90_L14_M0_E2_K11_T0_P_2484_1111_2444_2288_2848.txt
queries processed: 0 / 29602
queries processed: 1000 / 29602
queries processed: 2000 / 29602
queries processed: 3000 / 29602
queries processed: 4000 / 29602
queries processed: 5000 / 29602
queries processed: 6000 / 29602
queries processed: 7000 / 29602
queries processed: 8000 / 29602
queries processed: 9000 / 29602
queries processed: 10000 / 29602
queries processed: 11000 / 29602
queries processed: 12000 / 29602
queries processed: 13000 / 29602
queries processed: 14000 / 29602
queries processed: 15000 / 29602
queries processed: 16000 / 29602
queries processed: 17000 / 29602
queries processed: 18000 / 29602
queries processed: 19000 / 29602
queries processed: 20000 / 29602
queries processed: 21000 / 29602
queries processed: 22000 / 29602
queries processed: 23000 / 29602
queries processed: 24000 / 29602
queries processed: 25000 / 29602
queries processed: 26000 / 29602
queries processed: 27000 / 29602
queries processed: 28000 / 29602
queries processed: 29000 / 29602
Total Blast TN : 0
Total Blast FN : 747
Total Parmik FNN : 0
Total Blast Outperform : 0
Total Parmik Outperform : 28855
Total Blast Equal : 0
