no otherToolArg!
**********************CONFIGURATIONS*****************************
PARMIK mode:                  1
readDatabaseAddress:          /p/lava/parmik/partialMatcherProject/datasets/metagenomicDB/SRR12432009/SRR12432009_reads
readFileName:                 SRR12432009_reads
queryFileAddress:             /p/lava/parmik/partialMatcherProject/datasets/queryFiles/covidQueryFiles/NC_045512_queries
queryFileName:                NC_045512_queries
otherToolOutputFileAddress:   /u/rgq5aw/GIT/PARMIK/partialMatcherProject/tools/blast/SRR12432009/NC_045512/blastn_ws30_results.out
outputDir:                    /p/lava/parmik/partialMatcherProject/tools/parmik/SRR12432009/NC_045512
readsCount:                   17000000
queryCount:                   30000
kmerLength:                   15
regionSize:                   50
minExactMatchLen:             30
overlapsize:                  14
cheapKmerThreshold:           1200
minNumExactMatchKmer:         16
isIndexOffline:               1
offlineIndexAddress:          /p/lava/parmik/partialMatcherProject/tools/parmik/SRR12432009/index/
isVeboseLog:                  0
**********************CONFIGURATIONS*****************************
numberOfReadsWithN : 0
queryCount : 29754
numberOfReadsWithN : 0
readCount : 16344647
Cheap Kmers Deserialization Time: 255.37 seconds
k-mer max size : 16, stringSize = 15
<<<<<<<<<<<<<<<<< Partial Matcher based on Cheap Kmers Started!! >>>>>>>>>>>>>>>>>>
Partial Mathing based on Cheap Kmer took: 7.24 seconds
------------more partial matching statistics-------------
Number of cheap seeds per query up to q (29754) => Front [average: 0, median: 0, sum: 0] - Back [average: 0, median: 0, sum: 0]
Number of cheap seeds in matched read per query up to q (29754) => [average: 18, median: 19, sum: 666]
Number of reads with at least 1 similar cheap seed per query up to q (29754) => Front [average: 345, median: 262, sum: 180554] - Back [average: 358, median: 268, sum: 191562]
Number of matches with at least min threshold (16) seeds per query up to q (29754) => Front [average: 118, median: 116, sum: 27026] - Back [average: 106, median: 107, sum: 22629]
Query time for queries up to q(29754) => [average: 0.000235, median: 0.000224, sum: 6.727450]
--------------------------------------------------------
------------partial matching timing details-------------
extractKmersFromRegions_totalExeTime =  231357388 nanoseconds, 0.23 seconds, 231.36 milliseconds
collectCheapSeeds_totalExeTime =        5418569528 nanoseconds, 5.42 seconds, 5418.57 milliseconds
findMatchedReadWithHihestSeeds_totalExeTime = 137899459 nanoseconds, 0.14 seconds, 137.90 milliseconds
--------------------------------------------------------
<<<<<<<<<<<<<<<<< Partial Matcher based on Cheap Kmers  Ended!! >>>>>>>>>>>>>>>>>>
<<<<<<<<<<<<<<<<< Partial Matcher based on Cheap Kmers Started!! >>>>>>>>>>>>>>>>>>
Partial Mathing based on Cheap Kmer took: 6.42 seconds
------------more partial matching statistics-------------
Number of cheap seeds per query up to q (29754) => Front [average: 0, median: 0, sum: 0] - Back [average: 0, median: 0, sum: 0]
Number of cheap seeds in matched read per query up to q (29754) => [average: 18, median: 19, sum: 666]
Number of reads with at least 1 similar cheap seed per query up to q (29754) => Front [average: 327, median: 258, sum: 168902] - Back [average: 327, median: 258, sum: 168902]
Number of matches with at least min threshold (16) seeds per query up to q (29754) => Front [average: 114, median: 115, sum: 25440] - Back [average: 114, median: 115, sum: 25447]
Query time for queries up to q(29754) => [average: 0.000207, median: 0.000196, sum: 5.910553]
--------------------------------------------------------
------------partial matching timing details-------------
extractKmersFromRegions_totalExeTime =  246090743 nanoseconds, 0.25 seconds, 246.09 milliseconds
collectCheapSeeds_totalExeTime =        4686180494 nanoseconds, 4.69 seconds, 4686.18 milliseconds
findMatchedReadWithHihestSeeds_totalExeTime = 126351733 nanoseconds, 0.13 seconds, 126.35 milliseconds
--------------------------------------------------------
<<<<<<<<<<<<<<<<< Partial Matcher based on Cheap Kmers  Ended!! >>>>>>>>>>>>>>>>>>
k-mer max size : 32, stringSize = 30
seed find and extension time (micro second) for queries up to q(29754) => [average: 145397.125589, median: 137705.000000, sum: 3484732909.000000]
# of queries that pm did not find match : 6054
seed find and extension time (micro second) for queries up to q(29754) => [average: 129235.821852, median: 119754.000000, sum: 3086022190.000000]
# of queries that pm did not find match : 5833
