[bwa_index] Pack FASTA... 50.28 sec
[bwa_index] Construct BWT for the packed sequence...
[BWTIncCreate] textLength=9457621500, availableWord=677472856
[BWTIncConstructFromPacked] 10 iterations done. 99999996 characters processed.
[BWTIncConstructFromPacked] 20 iterations done. 199999996 characters processed.
[BWTIncConstructFromPacked] 30 iterations done. 299999996 characters processed.
[BWTIncConstructFromPacked] 40 iterations done. 399999996 characters processed.
[BWTIncConstructFromPacked] 50 iterations done. 499999996 characters processed.
[BWTIncConstructFromPacked] 60 iterations done. 599999996 characters processed.
[BWTIncConstructFromPacked] 70 iterations done. 699999996 characters processed.
[BWTIncConstructFromPacked] 80 iterations done. 799999996 characters processed.
[BWTIncConstructFromPacked] 90 iterations done. 899999996 characters processed.
[BWTIncConstructFromPacked] 100 iterations done. 999999996 characters processed.
[BWTIncConstructFromPacked] 110 iterations done. 1099999996 characters processed.
[BWTIncConstructFromPacked] 120 iterations done. 1199999996 characters processed.
[BWTIncConstructFromPacked] 130 iterations done. 1299999996 characters processed.
[BWTIncConstructFromPacked] 140 iterations done. 1399999996 characters processed.
[BWTIncConstructFromPacked] 150 iterations done. 1499999996 characters processed.
[BWTIncConstructFromPacked] 160 iterations done. 1599999996 characters processed.
[BWTIncConstructFromPacked] 170 iterations done. 1699999996 characters processed.
[BWTIncConstructFromPacked] 180 iterations done. 1799999996 characters processed.
[BWTIncConstructFromPacked] 190 iterations done. 1899999996 characters processed.
[BWTIncConstructFromPacked] 200 iterations done. 1999999996 characters processed.
[BWTIncConstructFromPacked] 210 iterations done. 2099999996 characters processed.
[BWTIncConstructFromPacked] 220 iterations done. 2199999996 characters processed.
[BWTIncConstructFromPacked] 230 iterations done. 2299999996 characters processed.
[BWTIncConstructFromPacked] 240 iterations done. 2399999996 characters processed.
[BWTIncConstructFromPacked] 250 iterations done. 2499999996 characters processed.
[BWTIncConstructFromPacked] 260 iterations done. 2599999996 characters processed.
[BWTIncConstructFromPacked] 270 iterations done. 2699999996 characters processed.
[BWTIncConstructFromPacked] 280 iterations done. 2799999996 characters processed.
[BWTIncConstructFromPacked] 290 iterations done. 2899999996 characters processed.
[BWTIncConstructFromPacked] 300 iterations done. 2999999996 characters processed.
[BWTIncConstructFromPacked] 310 iterations done. 3099999996 characters processed.
[BWTIncConstructFromPacked] 320 iterations done. 3199999996 characters processed.
[BWTIncConstructFromPacked] 330 iterations done. 3299999996 characters processed.
[BWTIncConstructFromPacked] 340 iterations done. 3399999996 characters processed.
[BWTIncConstructFromPacked] 350 iterations done. 3499999996 characters processed.
[BWTIncConstructFromPacked] 360 iterations done. 3599999996 characters processed.
[BWTIncConstructFromPacked] 370 iterations done. 3699999996 characters processed.
[BWTIncConstructFromPacked] 380 iterations done. 3799999996 characters processed.
[BWTIncConstructFromPacked] 390 iterations done. 3899999996 characters processed.
[BWTIncConstructFromPacked] 400 iterations done. 3999999996 characters processed.
[BWTIncConstructFromPacked] 410 iterations done. 4099999996 characters processed.
[BWTIncConstructFromPacked] 420 iterations done. 4199999996 characters processed.
[BWTIncConstructFromPacked] 430 iterations done. 4299999996 characters processed.
[BWTIncConstructFromPacked] 440 iterations done. 4399999996 characters processed.
[BWTIncConstructFromPacked] 450 iterations done. 4499999996 characters processed.
[BWTIncConstructFromPacked] 460 iterations done. 4599999996 characters processed.
[BWTIncConstructFromPacked] 470 iterations done. 4699999996 characters processed.
[BWTIncConstructFromPacked] 480 iterations done. 4799999996 characters processed.
[BWTIncConstructFromPacked] 490 iterations done. 4899999996 characters processed.
[BWTIncConstructFromPacked] 500 iterations done. 4999999996 characters processed.
[BWTIncConstructFromPacked] 510 iterations done. 5099999996 characters processed.
[BWTIncConstructFromPacked] 520 iterations done. 5199999996 characters processed.
[BWTIncConstructFromPacked] 530 iterations done. 5299999996 characters processed.
[BWTIncConstructFromPacked] 540 iterations done. 5399999996 characters processed.
[BWTIncConstructFromPacked] 550 iterations done. 5499999996 characters processed.
[BWTIncConstructFromPacked] 560 iterations done. 5599999996 characters processed.
[BWTIncConstructFromPacked] 570 iterations done. 5699999996 characters processed.
[BWTIncConstructFromPacked] 580 iterations done. 5799999996 characters processed.
[BWTIncConstructFromPacked] 590 iterations done. 5899999996 characters processed.
[BWTIncConstructFromPacked] 600 iterations done. 5999999996 characters processed.
[BWTIncConstructFromPacked] 610 iterations done. 6099999996 characters processed.
[BWTIncConstructFromPacked] 620 iterations done. 6199999996 characters processed.
[BWTIncConstructFromPacked] 630 iterations done. 6299999996 characters processed.
[BWTIncConstructFromPacked] 640 iterations done. 6399999996 characters processed.
[BWTIncConstructFromPacked] 650 iterations done. 6499999996 characters processed.
[BWTIncConstructFromPacked] 660 iterations done. 6599999996 characters processed.
[BWTIncConstructFromPacked] 670 iterations done. 6699999996 characters processed.
[BWTIncConstructFromPacked] 680 iterations done. 6799999996 characters processed.
[BWTIncConstructFromPacked] 690 iterations done. 6899999996 characters processed.
[BWTIncConstructFromPacked] 700 iterations done. 6999999996 characters processed.
[BWTIncConstructFromPacked] 710 iterations done. 7099999996 characters processed.
[BWTIncConstructFromPacked] 720 iterations done. 7199999996 characters processed.
[BWTIncConstructFromPacked] 730 iterations done. 7299999996 characters processed.
[BWTIncConstructFromPacked] 740 iterations done. 7399999996 characters processed.
[BWTIncConstructFromPacked] 750 iterations done. 7499999996 characters processed.
[BWTIncConstructFromPacked] 760 iterations done. 7599999996 characters processed.
[BWTIncConstructFromPacked] 770 iterations done. 7699999996 characters processed.
[BWTIncConstructFromPacked] 780 iterations done. 7799999996 characters processed.
[BWTIncConstructFromPacked] 790 iterations done. 7899999996 characters processed.
[BWTIncConstructFromPacked] 800 iterations done. 7999999996 characters processed.
[BWTIncConstructFromPacked] 810 iterations done. 8099999996 characters processed.
[BWTIncConstructFromPacked] 820 iterations done. 8199999996 characters processed.
[BWTIncConstructFromPacked] 830 iterations done. 8299999996 characters processed.
[BWTIncConstructFromPacked] 840 iterations done. 8399999996 characters processed.
[BWTIncConstructFromPacked] 850 iterations done. 8499999996 characters processed.
[BWTIncConstructFromPacked] 860 iterations done. 8599999996 characters processed.
[BWTIncConstructFromPacked] 870 iterations done. 8699999996 characters processed.
[BWTIncConstructFromPacked] 880 iterations done. 8799851132 characters processed.
[BWTIncConstructFromPacked] 890 iterations done. 8892378140 characters processed.
[BWTIncConstructFromPacked] 900 iterations done. 8974612348 characters processed.
[BWTIncConstructFromPacked] 910 iterations done. 9047698316 characters processed.
[BWTIncConstructFromPacked] 920 iterations done. 9112653324 characters processed.
[BWTIncConstructFromPacked] 930 iterations done. 9170381484 characters processed.
[BWTIncConstructFromPacked] 940 iterations done. 9221686412 characters processed.
[BWTIncConstructFromPacked] 950 iterations done. 9267282316 characters processed.
[BWTIncConstructFromPacked] 960 iterations done. 9307804060 characters processed.
[BWTIncConstructFromPacked] 970 iterations done. 9343815868 characters processed.
[BWTIncConstructFromPacked] 980 iterations done. 9375819212 characters processed.
[BWTIncConstructFromPacked] 990 iterations done. 9404259820 characters processed.
[BWTIncConstructFromPacked] 1000 iterations done. 9429533884 characters processed.
[BWTIncConstructFromPacked] 1010 iterations done. 9451993500 characters processed.
[bwt_gen] Finished constructing BWT in 1013 iterations.
[bwa_index] 3603.44 seconds elapse.
[bwa_index] Update BWT... 21.82 sec
[bwa_index] Pack forward-only FASTA... 28.84 sec
[bwa_index] Construct SA from BWT and Occ... 1379.25 sec
[main] Version: 0.7.17-r1198-dirty
[main] CMD: /p/lava/parmik/bwa/bwa index -p /p/lava/parmik/partialMatcherProject/tools/bwa/SRR14381428/index /p/lava/parmik/partialMatcherProject/datasets/metagenomicDB/SRR14381428/SRR14381428_reads
[main] Real time: 5263.259 sec; CPU: 5083.642 sec
