no otherToolArg!
**********************CONFIGURATIONS*****************************
PARMIK mode:                  1
readDatabaseAddress:          /p/lava/parmik/partialMatcherProject/datasets/metagenomicDB/SRR14381425/SRR14381425_reads
readFileName:                 SRR14381425_reads
queryFileAddress:             /p/lava/parmik/partialMatcherProject/datasets/queryFiles/covidQueryFiles/NC_045512_queries
queryFileName:                NC_045512_queries
otherToolOutputFileAddress:   /u/rgq5aw/GIT/PARMIK/partialMatcherProject/tools/blast/SRR12432009/NC_045512/blastn_ws30_results.out
outputDir:                    /p/lava/parmik/partialMatcherProject/tools/parmik/SRR14381425/NC_045512
readsCount:                   27000000
queryCount:                   30000
kmerLength:                   15
regionSize:                   50
minExactMatchLen:             30
overlapsize:                  14
cheapKmerThreshold:           500
minNumExactMatchKmer:         16
isIndexOffline:               1
offlineIndexAddress:          /p/lava/parmik/partialMatcherProject/tools/parmik/SRR14381425/index/
isVeboseLog:                  0
**********************CONFIGURATIONS*****************************
numberOfReadsWithN : 0
queryCount : 29754
numberOfReadsWithN : 0
readCount : 19837502
Cheap Kmers Deserialization Time: 388.72 seconds
k-mer max size : 16, stringSize = 15
<<<<<<<<<<<<<<<<< Partial Matcher based on Cheap Kmers Started!! >>>>>>>>>>>>>>>>>>
Partial Mathing based on Cheap Kmer took: 0.85 seconds
------------more partial matching statistics-------------
Number of cheap seeds per query up to q (29754) => Front [average: 0, median: 0, mean: 0] - Back [average: 0, median: 0, mean: 0]
Number of cheap seeds in matched read per query up to q (29754) => [average: 18, median: 19, mean: 18]
Number of reads with at least 1 similar cheap seed per query up to q (29754) => Front [average: 220, median: 202, mean: 220] - Back [average: 229, median: 208, mean: 229]
Number of matches with at least min threshold (16) seeds per query up to q (29754) => Front [average: 2, median: 2, mean: 2] - Back [average: 2, median: 2, mean: 2]
Query time for queries up to q(29754) => [average: 0.000029, median: 0.000024, mean: 0.000029]
--------------------------------------------------------
------------partial matching timing details-------------
extractKmersFromRegions_totalExeTime =  201919773 nanoseconds, 0.20 seconds, 201.92 milliseconds
collectCheapSeeds_totalExeTime =        387134377 nanoseconds, 0.39 seconds, 387.13 milliseconds
findMatchedReadWithHihestSeeds_totalExeTime = 27944433 nanoseconds, 0.03 seconds, 27.94 milliseconds
--------------------------------------------------------
<<<<<<<<<<<<<<<<< Partial Matcher based on Cheap Kmers  Ended!! >>>>>>>>>>>>>>>>>>
<<<<<<<<<<<<<<<<< Partial Matcher based on Cheap Kmers Started!! >>>>>>>>>>>>>>>>>>
Partial Mathing based on Cheap Kmer took: 0.86 seconds
------------more partial matching statistics-------------
Number of cheap seeds per query up to q (29754) => Front [average: 0, median: 0, mean: 0] - Back [average: 0, median: 0, mean: 0]
Number of cheap seeds in matched read per query up to q (29754) => [average: 18, median: 19, mean: 18]
Number of reads with at least 1 similar cheap seed per query up to q (29754) => Front [average: 238, median: 213, mean: 238] - Back [average: 237, median: 212, mean: 237]
Number of matches with at least min threshold (16) seeds per query up to q (29754) => Front [average: 1, median: 2, mean: 1] - Back [average: 1, median: 2, mean: 1]
Query time for queries up to q(29754) => [average: 0.000029, median: 0.000024, mean: 0.000029]
--------------------------------------------------------
------------partial matching timing details-------------
extractKmersFromRegions_totalExeTime =  201883896 nanoseconds, 0.20 seconds, 201.88 milliseconds
collectCheapSeeds_totalExeTime =        385043816 nanoseconds, 0.39 seconds, 385.04 milliseconds
findMatchedReadWithHihestSeeds_totalExeTime = 28634165 nanoseconds, 0.03 seconds, 28.63 milliseconds
--------------------------------------------------------
<<<<<<<<<<<<<<<<< Partial Matcher based on Cheap Kmers  Ended!! >>>>>>>>>>>>>>>>>>
k-mer max size : 32, stringSize = 30
seed find and extension time (micro second) for queries up to q(29754) => [average: 2064.281150, median: 1534.000000, mean: 2064.281150]
# of queries that pm did not find match : 29151
seed find and extension time (micro second) for queries up to q(29754) => [average: 1979.800866, median: 1554.000000, mean: 1979.800866]
# of queries that pm did not find match : 28954
