no identityPercentage (default = 0.9)!
no otherToolArg!
**********************CONFIGURATIONS*****************************
PARMIK mode:                  1
readDatabaseAddress:          /p/lava/parmik/partialMatcherProject/datasets/metagenomicDB/SRR12432009/SRR12432009_reads
readFileName:                 SRR12432009_reads
queryFileAddress:             /p/lava/parmik/partialMatcherProject/datasets/queryFiles/covidQueryFiles/NC_045512_queries
queryFileName:                NC_045512_queries
otherToolOutputFileAddress:   /u/rgq5aw/GIT/PARMIK/partialMatcherProject/tools/blast/SRR12432009/NC_045512/blastn_ws30_results.out
outputDir:                    /p/lava/parmik/partialMatcherProject/tools/parmik/CK_SSW_ID_PRCNTG/SRR12432009/NC_045512
penaltyFileAddress:           /u/rgq5aw/GIT/PARMIK/experiments/parmik/CK_SSW_ID_PRCNTG/PenaltySets/2484_1111_2444_2288_2848
readsCount:                   17000000
queryCount:                   30000
kmerLength:                   10
regionSize:                   67
cheapKmerThreshold:           5000
identityPercentage:           0.9
minExactMatchLen:             0
minNumExactMatchKmer:         6
isIndexOffline:               1
offlineIndexAddress:          /p/lava/parmik/partialMatcherProject/tools/parmik/CK_INDEX/SRR12432009/
max editDistance in min region: 5
**********************CONFIGURATIONS*****************************
--------------Penalties--------------
m: 2, s: 4, go: 8, ge: 4
m: 1, s: 1, go: 1, ge: 1
m: 2, s: 4, go: 4, ge: 4
m: 2, s: 2, go: 8, ge: 8
m: 2, s: 8, go: 4, ge: 8
------------------------------------
numberOfReadsWithN : 0
queryCount : 29754
numberOfReadsWithN : 0
readCount : 16344647
Cheap Kmers Deserialization Time: 150.44 seconds
k-mer max size : 16, stringSize = 10
<<<<<<<<<<<<<<<<< Partial Matcher based on Cheap Kmers Started!! >>>>>>>>>>>>>>>>>>
Partial Mathing based on Cheap Kmer took: 1853.75 seconds
------------more partial matching statistics-------------
Number of cheap seeds per query up to q (29754) => [average: 127, median: 127, sum: 3683]
Number of cheap seeds in matched read per query up to q (29754) => [average: 74, median: 74, sum: 9990]
Number of reads with at least 1 similar cheap seed per query up to q (29754) => [average: 98727, median: 97837, sum: 2130930806]
Number of matches with at least min threshold (6) seeds per query up to q (29754) => [average: 621, median: 464, sum: 547084]
Query time for queries up to q(29754) => [average: 0.057686, median: 0.056517, sum: 1715.745168]
--------------------------------------------------------
------------partial matching timing details-------------
extractKmersFromRegions_totalExeTime =  252247058 nanoseconds, 0.25 seconds, 252.25 milliseconds
collectCheapSeeds_totalExeTime =        1216826889381 nanoseconds, 1216.83 seconds, 1216826.89 milliseconds
findMatchedReadWithHihestSeeds_totalExeTime = 129283671038 nanoseconds, 129.28 seconds, 129283.67 milliseconds
--------------------------------------------------------
<<<<<<<<<<<<<<<<< Partial Matcher based on Cheap Kmers  Ended!! >>>>>>>>>>>>>>>>>>
<<<<<<<<<<<<<<<<< Partial Matcher based on Cheap Kmers Started!! >>>>>>>>>>>>>>>>>>
Partial Mathing based on Cheap Kmer took: 1805.77 seconds
------------more partial matching statistics-------------
Number of cheap seeds per query up to q (29754) => [average: 127, median: 128, sum: 3570]
Number of cheap seeds in matched read per query up to q (29754) => [average: 74, median: 74, sum: 9990]
Number of reads with at least 1 similar cheap seed per query up to q (29754) => [average: 98835, median: 98190, sum: 2136428807]
Number of matches with at least min threshold (6) seeds per query up to q (29754) => [average: 590, median: 427, sum: 475422]
Query time for queries up to q(29754) => [average: 0.056280, median: 0.055234, sum: 1673.756566]
--------------------------------------------------------
------------partial matching timing details-------------
extractKmersFromRegions_totalExeTime =  258792917 nanoseconds, 0.26 seconds, 258.79 milliseconds
collectCheapSeeds_totalExeTime =        1196790333654 nanoseconds, 1196.79 seconds, 1196790.33 milliseconds
findMatchedReadWithHihestSeeds_totalExeTime = 119157653169 nanoseconds, 119.16 seconds, 119157.65 milliseconds
--------------------------------------------------------
<<<<<<<<<<<<<<<<< Partial Matcher based on Cheap Kmers  Ended!! >>>>>>>>>>>>>>>>>>
Starting alignment for all queries [fwd]...
0 queries processed...
1000 queries processed...
2000 queries processed...
3000 queries processed...
4000 queries processed...
5000 queries processed...
6000 queries processed...
7000 queries processed...
8000 queries processed...
9000 queries processed...
10000 queries processed...
11000 queries processed...
12000 queries processed...
13000 queries processed...
14000 queries processed...
15000 queries processed...
16000 queries processed...
17000 queries processed...
18000 queries processed...
19000 queries processed...
20000 queries processed...
21000 queries processed...
22000 queries processed...
23000 queries processed...
24000 queries processed...
25000 queries processed...
26000 queries processed...
27000 queries processed...
28000 queries processed...
29000 queries processed...
Starting alignment for all queries [rev]...
0 queries processed...
1000 queries processed...
2000 queries processed...
3000 queries processed...
4000 queries processed...
5000 queries processed...
6000 queries processed...
7000 queries processed...
8000 queries processed...
9000 queries processed...
10000 queries processed...
11000 queries processed...
12000 queries processed...
13000 queries processed...
14000 queries processed...
15000 queries processed...
16000 queries processed...
17000 queries processed...
18000 queries processed...
19000 queries processed...
20000 queries processed...
21000 queries processed...
22000 queries processed...
23000 queries processed...
24000 queries processed...
25000 queries processed...
26000 queries processed...
27000 queries processed...
28000 queries processed...
29000 queries processed...
