no penaltyFileAddress!
no outputDirArg!
no percentageIdentity (default = 0.9)!
no otherToolOutputFileAddress!
no baselineBaseAddress!
no otherToolArg!
**********************CONFIGURATIONS*****************************
PARMIK mode:                  0
readDatabaseAddress:          /p/lava/parmik/partialMatcherProject/datasets/metagenomicDB/SRR12432009/SRR12432009_reads
readFileName:                 SRR12432009_reads
queryFileAddress:             /p/lava/parmik/partialMatcherProject/datasets/queryFiles/covidQueryFiles/NC_045512_queries
queryFileName:                NC_045512_queries
otherToolOutputFileAddress:   
outputDir:                    
penaltyFileAddress:           
kmerRangesFileAddress:        /u/rgq5aw/GIT/PARMIK/experiments/parmik/IK_SSW_PF/SRR12432009/index/kmerRanges/kmerRanges
readsCount:                   17000000
queryCount:                   30000
kmerLength:                   11
regionSize:                   50
cheapKmerThreshold:           0
percentageIdentity:           0.9
minExactMatchLen:             0
numThreads:                   1
isSecondChanceOff:            F
minNumExactMatchKmer:         0
isIndexOffline:               0
offlineIndexAddress:          /p/lava/parmik/partialMatcherProject/tools/parmik/CK_INDEX/SRR12432009/kmerSizeSpecifityAnalysis/
baselineBaseAddress:          
max editDistance in min region: 2
otherTool:                    
**********************CONFIGURATIONS*****************************
Error opening file 
--------------Penalties--------------
m: 1, s: 1, go: 1, ge: 1
------------------------------------
experiment dir: /IKT0_K11_PI90_M0_T1_SC1_P_1111
numberOfReadsWithN : 0
readCount : 16344647
offlineCheapIndexAddress: /p/lava/parmik/partialMatcherProject/tools/parmik/CK_INDEX/SRR12432009/kmerSizeSpecifityAnalysis/ck_T0_K11_r17000000
offlineExpensiveIndexAddress: /p/lava/parmik/partialMatcherProject/tools/parmik/CK_INDEX/SRR12432009/kmerSizeSpecifityAnalysis/ek_T0_K11_r17000000
pmrkAlignmentsAddress: /IKT0_K11_PI90_M0_T1_SC1_P_1111/parmikAln.txt
k-mer max size : 16, stringSize = 11
bp_jump_size : 1
<<<<<<<<<<<<<<<<<<<<<<<< Index Construction Started!!>>>>>>>>>>>>>>>>>>>>>>>>
The 0 100k contigs have been processed!
The 1 100k contigs have been processed!
The 2 100k contigs have been processed!
The 3 100k contigs have been processed!
The 4 100k contigs have been processed!
The 5 100k contigs have been processed!
The 6 100k contigs have been processed!
The 7 100k contigs have been processed!
The 8 100k contigs have been processed!
The 9 100k contigs have been processed!
The 10 100k contigs have been processed!
The 11 100k contigs have been processed!
The 12 100k contigs have been processed!
The 13 100k contigs have been processed!
The 14 100k contigs have been processed!
