no otherToolArg!
**********************CONFIGURATIONS*****************************
PARMIK mode:                  1
readDatabaseAddress:          /p/lava/parmik/partialMatcherProject/datasets/metagenomicDB/SRR12432009/SRR12432009_reads
readFileName:                 SRR12432009_reads
queryFileAddress:             /p/lava/parmik/partialMatcherProject/datasets/queryFiles/covidQueryFiles/NC_045512_queries
queryFileName:                NC_045512_queries
otherToolOutputFileAddress:   /u/rgq5aw/GIT/PARMIK/partialMatcherProject/tools/blast/SRR12432009/NC_045512/blastn_ws30_results.out
outputDir:                    /p/lava/parmik/partialMatcherProject/tools/parmik/SRR12432009/NC_045512
readsCount:                   17000000
queryCount:                   30000
kmerLength:                   15
regionSize:                   50
minExactMatchLen:             30
overlapsize:                  14
cheapKmerThreshold:           500
minNumExactMatchKmer:         16
isIndexOffline:               1
offlineIndexAddress:          /p/lava/parmik/partialMatcherProject/tools/parmik/SRR12432009/index/
isVeboseLog:                  0
**********************CONFIGURATIONS*****************************
numberOfReadsWithN : 0
queryCount : 29754
numberOfReadsWithN : 0
readCount : 16344647
Cheap Kmers Deserialization Time: 241.01 seconds
k-mer max size : 16, stringSize = 15
<<<<<<<<<<<<<<<<< Partial Matcher based on Cheap Kmers Started!! >>>>>>>>>>>>>>>>>>
Partial Mathing based on Cheap Kmer took: 7.16 seconds
------------more partial matching statistics-------------
Number of cheap seeds per query up to q (29754) => Front [average: 0, median: 0, sum: 0] - Back [average: 0, median: 0, sum: 0]
Number of cheap seeds in matched read per query up to q (29754) => [average: 18, median: 19, sum: 666]
Number of reads with at least 1 similar cheap seed per query up to q (29754) => Front [average: 249, median: 235, sum: 116925] - Back [average: 249, median: 234, sum: 116653]
Number of matches with at least min threshold (16) seeds per query up to q (29754) => Front [average: 118, median: 116, sum: 27026] - Back [average: 106, median: 107, sum: 22629]
Query time for queries up to q(29754) => [average: 0.000232, median: 0.000223, sum: 6.645395]
--------------------------------------------------------
------------partial matching timing details-------------
extractKmersFromRegions_totalExeTime =  246130870 nanoseconds, 0.25 seconds, 246.13 milliseconds
collectCheapSeeds_totalExeTime =        5361572291 nanoseconds, 5.36 seconds, 5361.57 milliseconds
findMatchedReadWithHihestSeeds_totalExeTime = 135768002 nanoseconds, 0.14 seconds, 135.77 milliseconds
--------------------------------------------------------
<<<<<<<<<<<<<<<<< Partial Matcher based on Cheap Kmers  Ended!! >>>>>>>>>>>>>>>>>>
<<<<<<<<<<<<<<<<< Partial Matcher based on Cheap Kmers Started!! >>>>>>>>>>>>>>>>>>
Partial Mathing based on Cheap Kmer took: 6.36 seconds
------------more partial matching statistics-------------
Number of cheap seeds per query up to q (29754) => Front [average: 0, median: 0, sum: 0] - Back [average: 0, median: 0, sum: 0]
Number of cheap seeds in matched read per query up to q (29754) => [average: 18, median: 19, sum: 666]
Number of reads with at least 1 similar cheap seed per query up to q (29754) => Front [average: 263, median: 243, sum: 128325] - Back [average: 263, median: 243, sum: 128325]
Number of matches with at least min threshold (16) seeds per query up to q (29754) => Front [average: 114, median: 115, sum: 25440] - Back [average: 114, median: 115, sum: 25447]
Query time for queries up to q(29754) => [average: 0.000206, median: 0.000194, sum: 5.862115]
--------------------------------------------------------
------------partial matching timing details-------------
extractKmersFromRegions_totalExeTime =  231291620 nanoseconds, 0.23 seconds, 231.29 milliseconds
collectCheapSeeds_totalExeTime =        4674497066 nanoseconds, 4.67 seconds, 4674.50 milliseconds
findMatchedReadWithHihestSeeds_totalExeTime = 124539653 nanoseconds, 0.12 seconds, 124.54 milliseconds
--------------------------------------------------------
<<<<<<<<<<<<<<<<< Partial Matcher based on Cheap Kmers  Ended!! >>>>>>>>>>>>>>>>>>
k-mer max size : 32, stringSize = 30
seed find and extension time (micro second) for queries up to q(29754) => [average: 144368.841494, median: 136830.000000, sum: 3470193843.000000]
# of queries that pm did not find match : 6054
seed find and extension time (micro second) for queries up to q(29754) => [average: 127649.271577, median: 117788.000000, sum: 3027457774.000000]
# of queries that pm did not find match : 5833
