no kmerRangesFileAddressArg!
no baselineBaseAddress!
no otherToolArg!
**********************CONFIGURATIONS*****************************
PARMIK mode:                  3
readDatabaseAddress:          /p/lava/parmik/partialMatcherProject/datasets/metagenomicDB/SRR14381425/SRR14381425_reads
readFileName:                 SRR14381425_reads
queryFileAddress:             /p/lava/parmik/partialMatcherProject/datasets/queryFiles/covidQueryFiles/NC_045512_chunks/NC_045512_queries_29000-29999
queryFileName:                NC_045512_queries_29000-29999
otherToolOutputFileAddress:   /u/rgq5aw/GIT/PARMIK/partialMatcherProject/tools/blast/SRR14381425/NC_045512/blastn_ws30_results.out
outputDir:                    /p/lava/parmik/partialMatcherProject/tools/baseline_ssw/SRR14381425/NC_045512
penaltyFileAddress:           /u/rgq5aw/GIT/PARMIK/experiments/parmik/CK_SSW_ID_PRCNTG/PenaltySets/2484_1111_2444_2288_2848
kmerRangesFileAddress:        
readsCount:                   27000000
queryCount:                   30000
kmerLength:                   11
regionSize:                   48
cheapKmerThreshold:           0
percentageIdentity:           0.85
minExactMatchLen:             0
numThreads:                   1
isSecondChanceOff:            F
minNumExactMatchKmer:         0
isIndexOffline:               1
offlineIndexAddress:          /p/lava/parmik/partialMatcherProject/tools/parmik/CK_INDEX/SRR14381425/
baselineBaseAddress:          
max editDistance in min region: 2
otherTool:                    
**********************CONFIGURATIONS*****************************
--------------Penalties--------------
m: 2, s: 4, go: 8, ge: 4
m: 1, s: 1, go: 1, ge: 1
m: 2, s: 4, go: 4, ge: 4
m: 2, s: 2, go: 8, ge: 8
m: 2, s: 8, go: 4, ge: 8
------------------------------------
experiment dir: /p/lava/parmik/partialMatcherProject/tools/baseline_ssw/SRR14381425/NC_045512/IKT0_K11_PI85_M0_T1_SC1_P_2484_1111_2444_2288_2848
Directory already exists or could not be created: /p/lava/parmik/partialMatcherProject/tools/baseline_ssw/SRR14381425/NC_045512/IKT0_K11_PI85_M0_T1_SC1_P_2484_1111_2444_2288_2848
numberOfReadsWithN : 0
queryCount : 754
numberOfReadsWithN : 0
readCount : 19837502
offlineCheapIndexAddress: /p/lava/parmik/partialMatcherProject/tools/parmik/CK_INDEX/SRR14381425/ck_T0_K11_r27000000
offlineExpensiveIndexAddress: /p/lava/parmik/partialMatcherProject/tools/parmik/CK_INDEX/SRR14381425/ek_T0_K11_r27000000
pmrkAlignmentsAddress: /p/lava/parmik/partialMatcherProject/tools/baseline_ssw/SRR14381425/NC_045512/IKT0_K11_PI85_M0_T1_SC1_P_2484_1111_2444_2288_2848/parmikAln.txt
Starting alignment for all queries [fwd]...
queryBaseIndex: 29000
query [29000]: # of matches found 147005 and it took: 129933ms
query [29001]: # of matches found 146702 and it took: 128075ms
query [29002]: # of matches found 146631 and it took: 126818ms
query [29003]: # of matches found 146383 and it took: 127568ms
query [29004]: # of matches found 146125 and it took: 126409ms
query [29005]: # of matches found 146117 and it took: 127338ms
query [29006]: # of matches found 146704 and it took: 127731ms
query [29007]: # of matches found 146777 and it took: 124982ms
query [29008]: # of matches found 147127 and it took: 125488ms
query [29009]: # of matches found 147943 and it took: 126837ms
query [29010]: # of matches found 148262 and it took: 126893ms
query [29011]: # of matches found 148682 and it took: 126333ms
query [29012]: # of matches found 149093 and it took: 125697ms
query [29013]: # of matches found 148709 and it took: 126174ms
query [29014]: # of matches found 151047 and it took: 125731ms
query [29015]: # of matches found 150470 and it took: 126461ms
query [29016]: # of matches found 149222 and it took: 126289ms
query [29017]: # of matches found 148786 and it took: 124384ms
query [29018]: # of matches found 147970 and it took: 124630ms
query [29019]: # of matches found 147637 and it took: 125581ms
query [29020]: # of matches found 142778 and it took: 125995ms
query [29021]: # of matches found 142187 and it took: 125091ms
query [29022]: # of matches found 139832 and it took: 124600ms
query [29023]: # of matches found 139243 and it took: 124929ms
query [29024]: # of matches found 140009 and it took: 124253ms
query [29025]: # of matches found 138842 and it took: 124064ms
query [29026]: # of matches found 138652 and it took: 124595ms
query [29027]: # of matches found 138534 and it took: 121816ms
query [29028]: # of matches found 137895 and it took: 122756ms
query [29029]: # of matches found 138145 and it took: 123807ms
query [29030]: # of matches found 137859 and it took: 123516ms
query [29031]: # of matches found 139031 and it took: 122324ms
query [29032]: # of matches found 139654 and it took: 122426ms
query [29033]: # of matches found 139214 and it took: 122740ms
query [29034]: # of matches found 139157 and it took: 122090ms
query [29035]: # of matches found 139196 and it took: 122406ms
query [29036]: # of matches found 139009 and it took: 122963ms
query [29037]: # of matches found 139949 and it took: 121473ms
query [29038]: # of matches found 140072 and it took: 122912ms
query [29039]: # of matches found 140048 and it took: 122715ms
query [29040]: # of matches found 140031 and it took: 122845ms
query [29041]: # of matches found 140851 and it took: 122439ms
query [29042]: # of matches found 139765 and it took: 122071ms
query [29043]: # of matches found 140107 and it took: 121914ms
query [29044]: # of matches found 139353 and it took: 122309ms
query [29045]: # of matches found 140009 and it took: 121759ms
query [29046]: # of matches found 139492 and it took: 122620ms
query [29047]: # of matches found 139118 and it took: 121371ms
query [29048]: # of matches found 138032 and it took: 121892ms
query [29049]: # of matches found 137327 and it took: 121936ms
query [29050]: # of matches found 136990 and it took: 123860ms
query [29051]: # of matches found 136902 and it took: 122645ms
query [29052]: # of matches found 136462 and it took: 122447ms
query [29053]: # of matches found 135851 and it took: 122724ms
query [29054]: # of matches found 136542 and it took: 123083ms
query [29055]: # of matches found 202666 and it took: 123057ms
query [29056]: # of matches found 203688 and it took: 124331ms
query [29057]: # of matches found 203746 and it took: 123295ms
query [29058]: # of matches found 205217 and it took: 124636ms
query [29059]: # of matches found 212684 and it took: 124236ms
query [29060]: # of matches found 208458 and it took: 124420ms
query [29061]: # of matches found 209396 and it took: 124471ms
query [29062]: # of matches found 209267 and it took: 124657ms
query [29063]: # of matches found 209085 and it took: 124722ms
query [29064]: # of matches found 209693 and it took: 124390ms
query [29065]: # of matches found 210062 and it took: 124517ms
query [29066]: # of matches found 210100 and it took: 125424ms
query [29067]: # of matches found 210368 and it took: 124975ms
query [29068]: # of matches found 210410 and it took: 125168ms
query [29069]: # of matches found 210687 and it took: 124881ms
query [29070]: # of matches found 208859 and it took: 125908ms
query [29071]: # of matches found 209307 and it took: 124943ms
query [29072]: # of matches found 225751 and it took: 125712ms
query [29073]: # of matches found 226837 and it took: 125415ms
query [29074]: # of matches found 227101 and it took: 125857ms
query [29075]: # of matches found 227365 and it took: 125181ms
query [29076]: # of matches found 227220 and it took: 126807ms
query [29077]: # of matches found 227145 and it took: 125474ms
query [29078]: # of matches found 226979 and it took: 125956ms
query [29079]: # of matches found 227033 and it took: 126399ms
query [29080]: # of matches found 226063 and it took: 126808ms
query [29081]: # of matches found 226006 and it took: 125889ms
query [29082]: # of matches found 226505 and it took: 126436ms
query [29083]: # of matches found 225038 and it took: 125981ms
query [29084]: # of matches found 224281 and it took: 126705ms
query [29085]: # of matches found 224002 and it took: 126461ms
query [29086]: # of matches found 224124 and it took: 127557ms
query [29087]: # of matches found 224426 and it took: 126398ms
query [29088]: # of matches found 224488 and it took: 127075ms
query [29089]: # of matches found 225096 and it took: 127436ms
query [29090]: # of matches found 225228 and it took: 127670ms
query [29091]: # of matches found 225325 and it took: 127201ms
query [29092]: # of matches found 225722 and it took: 127919ms
query [29093]: # of matches found 225662 and it took: 127731ms
query [29094]: # of matches found 226803 and it took: 128271ms
query [29095]: # of matches found 227337 and it took: 127816ms
query [29096]: # of matches found 227825 and it took: 129210ms
query [29097]: # of matches found 228550 and it took: 128694ms
query [29098]: # of matches found 228591 and it took: 128395ms
query [29099]: # of matches found 229072 and it took: 128588ms
query [29100]: # of matches found 228916 and it took: 130123ms
query [29101]: # of matches found 228490 and it took: 129512ms
query [29102]: # of matches found 228222 and it took: 130272ms
query [29103]: # of matches found 226897 and it took: 129371ms
query [29104]: # of matches found 226721 and it took: 131200ms
query [29105]: # of matches found 227338 and it took: 130424ms
query [29106]: # of matches found 227206 and it took: 131477ms
query [29107]: # of matches found 226522 and it took: 131398ms
query [29108]: # of matches found 226697 and it took: 131525ms
query [29109]: # of matches found 310736 and it took: 132582ms
query [29110]: # of matches found 313819 and it took: 132209ms
query [29111]: # of matches found 312804 and it took: 132677ms
query [29112]: # of matches found 294731 and it took: 133136ms
query [29113]: # of matches found 291308 and it took: 133041ms
query [29114]: # of matches found 288739 and it took: 135665ms
query [29115]: # of matches found 287988 and it took: 134548ms
query [29116]: # of matches found 290758 and it took: 134707ms
query [29117]: # of matches found 290403 and it took: 134598ms
query [29118]: # of matches found 289931 and it took: 134615ms
query [29119]: # of matches found 289615 and it took: 135811ms
query [29120]: # of matches found 289497 and it took: 135078ms
query [29121]: # of matches found 287240 and it took: 134759ms
query [29122]: # of matches found 284745 and it took: 134815ms
query [29123]: # of matches found 282941 and it took: 134026ms
query [29124]: # of matches found 282237 and it took: 135803ms
query [29125]: # of matches found 281140 and it took: 135109ms
query [29126]: # of matches found 279465 and it took: 136269ms
query [29127]: # of matches found 279382 and it took: 136568ms
query [29128]: # of matches found 279741 and it took: 136935ms
query [29129]: # of matches found 279710 and it took: 137043ms
query [29130]: # of matches found 279655 and it took: 136351ms
query [29131]: # of matches found 278997 and it took: 136640ms
query [29132]: # of matches found 278409 and it took: 137233ms
query [29133]: # of matches found 278425 and it took: 136267ms
query [29134]: # of matches found 278414 and it took: 138393ms
query [29135]: # of matches found 278095 and it took: 137289ms
query [29136]: # of matches found 278850 and it took: 138088ms
query [29137]: # of matches found 279054 and it took: 138322ms
query [29138]: # of matches found 279485 and it took: 138028ms
query [29139]: # of matches found 280378 and it took: 139078ms
query [29140]: # of matches found 281203 and it took: 137732ms
query [29141]: # of matches found 281718 and it took: 139209ms
query [29142]: # of matches found 281411 and it took: 138921ms
query [29143]: # of matches found 282171 and it took: 136665ms
query [29144]: # of matches found 282795 and it took: 138267ms
query [29145]: # of matches found 283824 and it took: 137595ms
query [29146]: # of matches found 283766 and it took: 138029ms
query [29147]: # of matches found 283915 and it took: 138560ms
query [29148]: # of matches found 284138 and it took: 137698ms
query [29149]: # of matches found 284226 and it took: 138086ms
query [29150]: # of matches found 284038 and it took: 136658ms
query [29151]: # of matches found 284280 and it took: 137700ms
query [29152]: # of matches found 283719 and it took: 137430ms
query [29153]: # of matches found 283317 and it took: 137612ms
query [29154]: # of matches found 282025 and it took: 138713ms
query [29155]: # of matches found 281321 and it took: 137745ms
query [29156]: # of matches found 282522 and it took: 137955ms
query [29157]: # of matches found 285486 and it took: 137507ms
query [29158]: # of matches found 286505 and it took: 137110ms
query [29159]: # of matches found 286840 and it took: 137457ms
query [29160]: # of matches found 287129 and it took: 135890ms
query [29161]: # of matches found 287162 and it took: 136672ms
query [29162]: # of matches found 285328 and it took: 137071ms
query [29163]: # of matches found 284654 and it took: 135975ms
query [29164]: # of matches found 285079 and it took: 137009ms
query [29165]: # of matches found 288943 and it took: 135946ms
query [29166]: # of matches found 288524 and it took: 136629ms
query [29167]: # of matches found 290336 and it took: 137544ms
query [29168]: # of matches found 291844 and it took: 137003ms
query [29169]: # of matches found 292226 and it took: 137170ms
query [29170]: # of matches found 293918 and it took: 135460ms
query [29171]: # of matches found 293827 and it took: 136630ms
query [29172]: # of matches found 294894 and it took: 137179ms
query [29173]: # of matches found 295763 and it took: 136537ms
query [29174]: # of matches found 295600 and it took: 136970ms
query [29175]: # of matches found 296080 and it took: 135775ms
query [29176]: # of matches found 297568 and it took: 136179ms
query [29177]: # of matches found 302807 and it took: 136275ms
query [29178]: # of matches found 302952 and it took: 135782ms
query [29179]: # of matches found 303428 and it took: 136423ms
query [29180]: # of matches found 303994 and it took: 135353ms
query [29181]: # of matches found 303018 and it took: 135914ms
query [29182]: # of matches found 305108 and it took: 135625ms
query [29183]: # of matches found 305477 and it took: 135928ms
query [29184]: # of matches found 306297 and it took: 136972ms
query [29185]: # of matches found 306923 and it took: 135388ms
query [29186]: # of matches found 307446 and it took: 136202ms
query [29187]: # of matches found 307889 and it took: 136083ms
query [29188]: # of matches found 307785 and it took: 135506ms
query [29189]: # of matches found 308593 and it took: 136731ms
query [29190]: # of matches found 308922 and it took: 135406ms
query [29191]: # of matches found 309161 and it took: 137027ms
query [29192]: # of matches found 309268 and it took: 136682ms
query [29193]: # of matches found 309461 and it took: 137099ms
query [29194]: # of matches found 309838 and it took: 137719ms
query [29195]: # of matches found 245030 and it took: 135186ms
query [29196]: # of matches found 244228 and it took: 135526ms
query [29197]: # of matches found 244109 and it took: 135311ms
query [29198]: # of matches found 242771 and it took: 134075ms
query [29199]: # of matches found 240341 and it took: 134115ms
query [29200]: # of matches found 239731 and it took: 132861ms
query [29201]: # of matches found 239061 and it took: 133752ms
query [29202]: # of matches found 237712 and it took: 132751ms
query [29203]: # of matches found 237058 and it took: 132110ms
query [29204]: # of matches found 236439 and it took: 132188ms
query [29205]: # of matches found 235784 and it took: 131768ms
query [29206]: # of matches found 236277 and it took: 131744ms
query [29207]: # of matches found 236680 and it took: 131470ms
query [29208]: # of matches found 235962 and it took: 130137ms
query [29209]: # of matches found 237084 and it took: 131455ms
query [29210]: # of matches found 237320 and it took: 130559ms
query [29211]: # of matches found 239076 and it took: 130242ms
query [29212]: # of matches found 223329 and it took: 129761ms
query [29213]: # of matches found 222490 and it took: 129445ms
query [29214]: # of matches found 221877 and it took: 128724ms
query [29215]: # of matches found 222215 and it took: 128465ms
query [29216]: # of matches found 222188 and it took: 128927ms
query [29217]: # of matches found 223534 and it took: 128931ms
query [29218]: # of matches found 226075 and it took: 127817ms
query [29219]: # of matches found 226325 and it took: 128428ms
query [29220]: # of matches found 226734 and it took: 128022ms
query [29221]: # of matches found 228043 and it took: 127265ms
query [29222]: # of matches found 229450 and it took: 127434ms
query [29223]: # of matches found 230278 and it took: 127675ms
query [29224]: # of matches found 231887 and it took: 126851ms
query [29225]: # of matches found 232341 and it took: 125883ms
query [29226]: # of matches found 233193 and it took: 125615ms
query [29227]: # of matches found 233499 and it took: 125263ms
query [29228]: # of matches found 233607 and it took: 124998ms
query [29229]: # of matches found 233329 and it took: 125523ms
query [29230]: # of matches found 232090 and it took: 125577ms
query [29231]: # of matches found 232067 and it took: 125022ms
query [29232]: # of matches found 231153 and it took: 124418ms
query [29233]: # of matches found 230485 and it took: 124718ms
query [29234]: # of matches found 229607 and it took: 122983ms
query [29235]: # of matches found 229853 and it took: 122125ms
query [29236]: # of matches found 228854 and it took: 122608ms
query [29237]: # of matches found 228960 and it took: 122673ms
query [29238]: # of matches found 233302 and it took: 122648ms
query [29239]: # of matches found 235237 and it took: 122585ms
query [29240]: # of matches found 237705 and it took: 122030ms
query [29241]: # of matches found 241041 and it took: 121942ms
query [29242]: # of matches found 242532 and it took: 121060ms
query [29243]: # of matches found 249326 and it took: 122164ms
query [29244]: # of matches found 254864 and it took: 120891ms
query [29245]: # of matches found 264512 and it took: 119870ms
query [29246]: # of matches found 273391 and it took: 120526ms
query [29247]: # of matches found 332671 and it took: 120501ms
query [29248]: # of matches found 340142 and it took: 120232ms
query [29249]: # of matches found 335018 and it took: 119633ms
query [29250]: # of matches found 270264 and it took: 120040ms
query [29251]: # of matches found 272474 and it took: 119597ms
query [29252]: # of matches found 274410 and it took: 118752ms
query [29253]: # of matches found 274713 and it took: 118991ms
query [29254]: # of matches found 275710 and it took: 117278ms
query [29255]: # of matches found 275781 and it took: 116206ms
query [29256]: # of matches found 272135 and it took: 117088ms
query [29257]: # of matches found 272052 and it took: 116770ms
query [29258]: # of matches found 271950 and it took: 117088ms
query [29259]: # of matches found 274714 and it took: 116535ms
query [29260]: # of matches found 274717 and it took: 116879ms
query [29261]: # of matches found 274564 and it took: 116061ms
query [29262]: # of matches found 275535 and it took: 114929ms
query [29263]: # of matches found 322647 and it took: 115480ms
query [29264]: # of matches found 321583 and it took: 114646ms
query [29265]: # of matches found 322072 and it took: 113955ms
query [29266]: # of matches found 322120 and it took: 114609ms
query [29267]: # of matches found 322517 and it took: 114510ms
query [29268]: # of matches found 323139 and it took: 114048ms
query [29269]: # of matches found 322239 and it took: 113829ms
query [29270]: # of matches found 321799 and it took: 114672ms
query [29271]: # of matches found 321925 and it took: 114467ms
query [29272]: # of matches found 324203 and it took: 114012ms
query [29273]: # of matches found 323519 and it took: 115047ms
query [29274]: # of matches found 320959 and it took: 113943ms
query [29275]: # of matches found 320453 and it took: 113356ms
query [29276]: # of matches found 319155 and it took: 114012ms
query [29277]: # of matches found 319027 and it took: 114141ms
query [29278]: # of matches found 318313 and it took: 114070ms
query [29279]: # of matches found 317662 and it took: 114366ms
query [29280]: # of matches found 317800 and it took: 114648ms
query [29281]: # of matches found 318278 and it took: 114437ms
query [29282]: # of matches found 321852 and it took: 114110ms
query [29283]: # of matches found 321944 and it took: 115273ms
query [29284]: # of matches found 320832 and it took: 115017ms
query [29285]: # of matches found 320777 and it took: 114297ms
query [29286]: # of matches found 321746 and it took: 115422ms
query [29287]: # of matches found 323417 and it took: 115048ms
query [29288]: # of matches found 324705 and it took: 115003ms
query [29289]: # of matches found 326477 and it took: 114452ms
query [29290]: # of matches found 329438 and it took: 114380ms
query [29291]: # of matches found 330894 and it took: 114329ms
query [29292]: # of matches found 334868 and it took: 114110ms
query [29293]: # of matches found 335692 and it took: 114183ms
query [29294]: # of matches found 335641 and it took: 113586ms
query [29295]: # of matches found 335726 and it took: 113345ms
query [29296]: # of matches found 335039 and it took: 114181ms
query [29297]: # of matches found 333429 and it took: 114126ms
query [29298]: # of matches found 333355 and it took: 113682ms
query [29299]: # of matches found 332233 and it took: 114071ms
query [29300]: # of matches found 331484 and it took: 114054ms
query [29301]: # of matches found 331335 and it took: 113880ms
query [29302]: # of matches found 331716 and it took: 113031ms
query [29303]: # of matches found 329846 and it took: 113822ms
query [29304]: # of matches found 328334 and it took: 114152ms
query [29305]: # of matches found 327070 and it took: 113854ms
query [29306]: # of matches found 325292 and it took: 114074ms
query [29307]: # of matches found 320226 and it took: 114390ms
query [29308]: # of matches found 319239 and it took: 114648ms
query [29309]: # of matches found 320025 and it took: 114459ms
query [29310]: # of matches found 320330 and it took: 115372ms
query [29311]: # of matches found 324303 and it took: 114754ms
query [29312]: # of matches found 327190 and it took: 114335ms
query [29313]: # of matches found 327923 and it took: 115676ms
query [29314]: # of matches found 329832 and it took: 115016ms
query [29315]: # of matches found 331474 and it took: 114795ms
query [29316]: # of matches found 334044 and it took: 115196ms
query [29317]: # of matches found 330156 and it took: 115468ms
query [29318]: # of matches found 332455 and it took: 115671ms
query [29319]: # of matches found 334642 and it took: 115574ms
query [29320]: # of matches found 340035 and it took: 116115ms
query [29321]: # of matches found 340483 and it took: 116002ms
query [29322]: # of matches found 339900 and it took: 115380ms
query [29323]: # of matches found 338422 and it took: 116838ms
query [29324]: # of matches found 336002 and it took: 116081ms
query [29325]: # of matches found 334275 and it took: 116139ms
query [29326]: # of matches found 333660 and it took: 117200ms
query [29327]: # of matches found 333329 and it took: 116615ms
query [29328]: # of matches found 335931 and it took: 117458ms
query [29329]: # of matches found 336532 and it took: 117061ms
query [29330]: # of matches found 337801 and it took: 117281ms
query [29331]: # of matches found 338674 and it took: 116785ms
query [29332]: # of matches found 339136 and it took: 116802ms
query [29333]: # of matches found 339710 and it took: 117426ms
query [29334]: # of matches found 340027 and it took: 117194ms
query [29335]: # of matches found 340859 and it took: 117173ms
query [29336]: # of matches found 341356 and it took: 117347ms
query [29337]: # of matches found 343292 and it took: 117483ms
query [29338]: # of matches found 345966 and it took: 117345ms
query [29339]: # of matches found 347020 and it took: 116630ms
query [29340]: # of matches found 347653 and it took: 117205ms
query [29341]: # of matches found 348085 and it took: 117437ms
query [29342]: # of matches found 348705 and it took: 117177ms
query [29343]: # of matches found 349286 and it took: 117483ms
query [29344]: # of matches found 349804 and it took: 116881ms
query [29345]: # of matches found 352221 and it took: 116614ms
query [29346]: # of matches found 354566 and it took: 116718ms
query [29347]: # of matches found 359096 and it took: 117567ms
query [29348]: # of matches found 359515 and it took: 117531ms
query [29349]: # of matches found 360050 and it took: 117697ms
query [29350]: # of matches found 364310 and it took: 117678ms
query [29351]: # of matches found 363448 and it took: 117546ms
query [29352]: # of matches found 362814 and it took: 117631ms
query [29353]: # of matches found 362179 and it took: 118495ms
query [29354]: # of matches found 364933 and it took: 118979ms
query [29355]: # of matches found 364710 and it took: 117990ms
query [29356]: # of matches found 365321 and it took: 118723ms
query [29357]: # of matches found 364879 and it took: 119364ms
query [29358]: # of matches found 363703 and it took: 119425ms
query [29359]: # of matches found 364230 and it took: 119389ms
query [29360]: # of matches found 363925 and it took: 120327ms
query [29361]: # of matches found 363436 and it took: 119527ms
query [29362]: # of matches found 361604 and it took: 119559ms
query [29363]: # of matches found 360473 and it took: 121124ms
query [29364]: # of matches found 358863 and it took: 121093ms
query [29365]: # of matches found 358964 and it took: 120909ms
query [29366]: # of matches found 358723 and it took: 122229ms
query [29367]: # of matches found 358105 and it took: 122766ms
query [29368]: # of matches found 358307 and it took: 122493ms
query [29369]: # of matches found 358610 and it took: 122626ms
query [29370]: # of matches found 358376 and it took: 124003ms
query [29371]: # of matches found 358276 and it took: 123366ms
query [29372]: # of matches found 358194 and it took: 123863ms
query [29373]: # of matches found 358340 and it took: 124374ms
query [29374]: # of matches found 358187 and it took: 124282ms
query [29375]: # of matches found 358432 and it took: 124775ms
query [29376]: # of matches found 358542 and it took: 125209ms
query [29377]: # of matches found 358107 and it took: 126177ms
query [29378]: # of matches found 355624 and it took: 125890ms
query [29379]: # of matches found 355332 and it took: 125627ms
query [29380]: # of matches found 360415 and it took: 126699ms
query [29381]: # of matches found 356921 and it took: 126879ms
query [29382]: # of matches found 355967 and it took: 127056ms
query [29383]: # of matches found 353288 and it took: 128284ms
query [29384]: # of matches found 346213 and it took: 127028ms
query [29385]: # of matches found 339428 and it took: 127254ms
query [29386]: # of matches found 330245 and it took: 128196ms
query [29387]: # of matches found 274291 and it took: 128266ms
query [29388]: # of matches found 254757 and it took: 127610ms
query [29389]: # of matches found 245174 and it took: 127569ms
query [29390]: # of matches found 238820 and it took: 128206ms
query [29391]: # of matches found 236041 and it took: 127629ms
query [29392]: # of matches found 233941 and it took: 128134ms
query [29393]: # of matches found 231730 and it took: 129074ms
query [29394]: # of matches found 231527 and it took: 128239ms
query [29395]: # of matches found 230603 and it took: 129210ms
query [29396]: # of matches found 229989 and it took: 128755ms
query [29397]: # of matches found 229609 and it took: 128985ms
query [29398]: # of matches found 229473 and it took: 127357ms
query [29399]: # of matches found 226884 and it took: 127685ms
query [29400]: # of matches found 226164 and it took: 128392ms
query [29401]: # of matches found 226185 and it took: 127515ms
query [29402]: # of matches found 226563 and it took: 127698ms
query [29403]: # of matches found 181789 and it took: 127397ms
query [29404]: # of matches found 182140 and it took: 127795ms
query [29405]: # of matches found 182087 and it took: 127447ms
query [29406]: # of matches found 182014 and it took: 128189ms
query [29407]: # of matches found 182873 and it took: 129114ms
query [29408]: # of matches found 192891 and it took: 126886ms
query [29409]: # of matches found 193924 and it took: 127452ms
query [29410]: # of matches found 194623 and it took: 128006ms
query [29411]: # of matches found 195270 and it took: 128173ms
query [29412]: # of matches found 196073 and it took: 128664ms
query [29413]: # of matches found 196831 and it took: 128924ms
query [29414]: # of matches found 197449 and it took: 129028ms
query [29415]: # of matches found 199093 and it took: 129672ms
query [29416]: # of matches found 199072 and it took: 129544ms
query [29417]: # of matches found 199250 and it took: 129917ms
query [29418]: # of matches found 200018 and it took: 128921ms
query [29419]: # of matches found 199873 and it took: 128379ms
query [29420]: # of matches found 199457 and it took: 128596ms
query [29421]: # of matches found 199324 and it took: 129072ms
query [29422]: # of matches found 198268 and it took: 128900ms
query [29423]: # of matches found 197454 and it took: 128314ms
query [29424]: # of matches found 196466 and it took: 128837ms
query [29425]: # of matches found 195955 and it took: 129384ms
query [29426]: # of matches found 195440 and it took: 129120ms
query [29427]: # of matches found 194713 and it took: 129421ms
query [29428]: # of matches found 192979 and it took: 128706ms
query [29429]: # of matches found 192441 and it took: 128884ms
query [29430]: # of matches found 187465 and it took: 129904ms
query [29431]: # of matches found 185636 and it took: 130018ms
query [29432]: # of matches found 184966 and it took: 129472ms
query [29433]: # of matches found 183801 and it took: 130140ms
query [29434]: # of matches found 183355 and it took: 130084ms
query [29435]: # of matches found 182431 and it took: 129981ms
query [29436]: # of matches found 181961 and it took: 129612ms
query [29437]: # of matches found 181752 and it took: 130296ms
query [29438]: # of matches found 180412 and it took: 128849ms
query [29439]: # of matches found 180770 and it took: 128264ms
query [29440]: # of matches found 181516 and it took: 128302ms
query [29441]: # of matches found 181479 and it took: 129159ms
query [29442]: # of matches found 182224 and it took: 129128ms
query [29443]: # of matches found 182230 and it took: 128299ms
query [29444]: # of matches found 182110 and it took: 128819ms
query [29445]: # of matches found 182106 and it took: 128752ms
query [29446]: # of matches found 182669 and it took: 129352ms
query [29447]: # of matches found 183389 and it took: 129336ms
query [29448]: # of matches found 183382 and it took: 127889ms
query [29449]: # of matches found 182223 and it took: 128088ms
query [29450]: # of matches found 181481 and it took: 127628ms
query [29451]: # of matches found 176999 and it took: 128529ms
query [29452]: # of matches found 173252 and it took: 128265ms
query [29453]: # of matches found 170863 and it took: 128357ms
query [29454]: # of matches found 169148 and it took: 127809ms
query [29455]: # of matches found 167215 and it took: 128174ms
query [29456]: # of matches found 163577 and it took: 128225ms
query [29457]: # of matches found 161569 and it took: 128262ms
query [29458]: # of matches found 157756 and it took: 127331ms
query [29459]: # of matches found 155727 and it took: 126970ms
query [29460]: # of matches found 149542 and it took: 126688ms
query [29461]: # of matches found 148547 and it took: 127035ms
query [29462]: # of matches found 147901 and it took: 126416ms
query [29463]: # of matches found 147816 and it took: 127001ms
query [29464]: # of matches found 147463 and it took: 127075ms
query [29465]: # of matches found 147204 and it took: 127213ms
query [29466]: # of matches found 147037 and it took: 126950ms
query [29467]: # of matches found 146946 and it took: 127541ms
query [29468]: # of matches found 144783 and it took: 126969ms
query [29469]: # of matches found 144011 and it took: 126745ms
query [29470]: # of matches found 143494 and it took: 127233ms
query [29471]: # of matches found 141760 and it took: 127046ms
query [29472]: # of matches found 141651 and it took: 126692ms
query [29473]: # of matches found 140159 and it took: 126705ms
query [29474]: # of matches found 140349 and it took: 126867ms
query [29475]: # of matches found 140264 and it took: 127654ms
query [29476]: # of matches found 140279 and it took: 127236ms
query [29477]: # of matches found 139525 and it took: 127703ms
query [29478]: # of matches found 136905 and it took: 126483ms
query [29479]: # of matches found 135850 and it took: 126493ms
query [29480]: # of matches found 134625 and it took: 126300ms
query [29481]: # of matches found 134220 and it took: 127009ms
query [29482]: # of matches found 133791 and it took: 127201ms
query [29483]: # of matches found 132770 and it took: 127241ms
query [29484]: # of matches found 132445 and it took: 126720ms
query [29485]: # of matches found 129987 and it took: 127041ms
query [29486]: # of matches found 128623 and it took: 127383ms
query [29487]: # of matches found 123170 and it took: 127149ms
query [29488]: # of matches found 122876 and it took: 125820ms
query [29489]: # of matches found 121223 and it took: 126502ms
query [29490]: # of matches found 115415 and it took: 125840ms
query [29491]: # of matches found 114222 and it took: 127506ms
query [29492]: # of matches found 113444 and it took: 126660ms
query [29493]: # of matches found 113365 and it took: 127382ms
query [29494]: # of matches found 110833 and it took: 126482ms
query [29495]: # of matches found 109869 and it took: 127673ms
query [29496]: # of matches found 111252 and it took: 127730ms
query [29497]: # of matches found 110606 and it took: 127219ms
query [29498]: # of matches found 111087 and it took: 126488ms
query [29499]: # of matches found 111241 and it took: 126156ms
query [29500]: # of matches found 110847 and it took: 126132ms
query [29501]: # of matches found 111567 and it took: 127382ms
query [29502]: # of matches found 111796 and it took: 126414ms
query [29503]: # of matches found 113468 and it took: 127803ms
query [29504]: # of matches found 114430 and it took: 126321ms
query [29505]: # of matches found 114576 and it took: 127227ms
query [29506]: # of matches found 114538 and it took: 126133ms
query [29507]: # of matches found 115174 and it took: 125731ms
query [29508]: # of matches found 115044 and it took: 124777ms
query [29509]: # of matches found 115097 and it took: 124895ms
query [29510]: # of matches found 115141 and it took: 124296ms
query [29511]: # of matches found 115130 and it took: 125016ms
query [29512]: # of matches found 115233 and it took: 124214ms
query [29513]: # of matches found 115363 and it took: 124286ms
query [29514]: # of matches found 115651 and it took: 123225ms
query [29515]: # of matches found 117032 and it took: 123522ms
query [29516]: # of matches found 117263 and it took: 123644ms
query [29517]: # of matches found 117451 and it took: 122428ms
query [29518]: # of matches found 117865 and it took: 122090ms
query [29519]: # of matches found 117793 and it took: 122337ms
query [29520]: # of matches found 118025 and it took: 121256ms
query [29521]: # of matches found 118417 and it took: 123004ms
query [29522]: # of matches found 121084 and it took: 121645ms
query [29523]: # of matches found 121301 and it took: 122190ms
query [29524]: # of matches found 121418 and it took: 121780ms
query [29525]: # of matches found 121414 and it took: 122394ms
query [29526]: # of matches found 121331 and it took: 121830ms
query [29527]: # of matches found 120417 and it took: 121154ms
query [29528]: # of matches found 121466 and it took: 120522ms
query [29529]: # of matches found 121457 and it took: 120269ms
query [29530]: # of matches found 121928 and it took: 120728ms
query [29531]: # of matches found 121820 and it took: 121086ms
query [29532]: # of matches found 122278 and it took: 120451ms
query [29533]: # of matches found 122287 and it took: 121495ms
query [29534]: # of matches found 122533 and it took: 120870ms
query [29535]: # of matches found 122985 and it took: 121293ms
query [29536]: # of matches found 123138 and it took: 120365ms
query [29537]: # of matches found 123460 and it took: 120527ms
query [29538]: # of matches found 123843 and it took: 119488ms
query [29539]: # of matches found 123593 and it took: 119832ms
query [29540]: # of matches found 123197 and it took: 119079ms
query [29541]: # of matches found 122388 and it took: 119511ms
query [29542]: # of matches found 121612 and it took: 118565ms
query [29543]: # of matches found 122368 and it took: 120266ms
query [29544]: # of matches found 120357 and it took: 119848ms
query [29545]: # of matches found 120039 and it took: 120120ms
query [29546]: # of matches found 119836 and it took: 120231ms
query [29547]: # of matches found 191734 and it took: 120124ms
query [29548]: # of matches found 180168 and it took: 120588ms
query [29549]: # of matches found 180188 and it took: 120677ms
query [29550]: # of matches found 179937 and it took: 120193ms
query [29551]: # of matches found 179595 and it took: 120031ms
query [29552]: # of matches found 178913 and it took: 119642ms
query [29553]: # of matches found 177780 and it took: 120214ms
query [29554]: # of matches found 177040 and it took: 119951ms
query [29555]: # of matches found 175019 and it took: 121065ms
query [29556]: # of matches found 174923 and it took: 121018ms
query [29557]: # of matches found 174835 and it took: 121518ms
query [29558]: # of matches found 175000 and it took: 121400ms
query [29559]: # of matches found 174858 and it took: 120796ms
query [29560]: # of matches found 176295 and it took: 121067ms
query [29561]: # of matches found 176401 and it took: 122235ms
query [29562]: # of matches found 177512 and it took: 121264ms
query [29563]: # of matches found 178498 and it took: 122436ms
query [29564]: # of matches found 179300 and it took: 122737ms
query [29565]: # of matches found 179720 and it took: 123501ms
query [29566]: # of matches found 179335 and it took: 123522ms
query [29567]: # of matches found 178894 and it took: 123360ms
query [29568]: # of matches found 179485 and it took: 123024ms
query [29569]: # of matches found 183823 and it took: 123906ms
query [29570]: # of matches found 184201 and it took: 124283ms
query [29571]: # of matches found 184571 and it took: 124818ms
query [29572]: # of matches found 183386 and it took: 123854ms
query [29573]: # of matches found 184047 and it took: 125150ms
query [29574]: # of matches found 182333 and it took: 124974ms
query [29575]: # of matches found 181819 and it took: 125441ms
query [29576]: # of matches found 181833 and it took: 124411ms
query [29577]: # of matches found 181782 and it took: 125063ms
query [29578]: # of matches found 182236 and it took: 125058ms
query [29579]: # of matches found 182445 and it took: 125631ms
query [29580]: # of matches found 181931 and it took: 125458ms
query [29581]: # of matches found 182758 and it took: 125509ms
query [29582]: # of matches found 185731 and it took: 125128ms
query [29583]: # of matches found 186824 and it took: 125095ms
query [29584]: # of matches found 187743 and it took: 125655ms
query [29585]: # of matches found 188171 and it took: 125929ms
query [29586]: # of matches found 186493 and it took: 125727ms
query [29587]: # of matches found 185787 and it took: 125644ms
query [29588]: # of matches found 186451 and it took: 126223ms
query [29589]: # of matches found 190377 and it took: 126221ms
query [29590]: # of matches found 194504 and it took: 126183ms
query [29591]: # of matches found 197318 and it took: 127080ms
query [29592]: # of matches found 198861 and it took: 125884ms
query [29593]: # of matches found 199954 and it took: 127251ms
query [29594]: # of matches found 199863 and it took: 127442ms
query [29595]: # of matches found 200076 and it took: 128811ms
query [29596]: # of matches found 200563 and it took: 128754ms
query [29597]: # of matches found 200958 and it took: 129321ms
query [29598]: # of matches found 201164 and it took: 129252ms
query [29599]: # of matches found 200560 and it took: 129174ms
query [29600]: # of matches found 200351 and it took: 129394ms
query [29601]: # of matches found 200364 and it took: 129069ms
query [29602]: # of matches found 199911 and it took: 128733ms
query [29603]: # of matches found 199236 and it took: 129830ms
query [29604]: # of matches found 199519 and it took: 130539ms
query [29605]: # of matches found 199448 and it took: 130203ms
query [29606]: # of matches found 198802 and it took: 129603ms
query [29607]: # of matches found 198581 and it took: 129643ms
query [29608]: # of matches found 197640 and it took: 130440ms
query [29609]: # of matches found 196881 and it took: 131029ms
query [29610]: # of matches found 196566 and it took: 130697ms
query [29611]: # of matches found 196495 and it took: 130695ms
query [29612]: # of matches found 195632 and it took: 129776ms
query [29613]: # of matches found 195583 and it took: 130544ms
query [29614]: # of matches found 194596 and it took: 131100ms
query [29615]: # of matches found 193295 and it took: 131252ms
query [29616]: # of matches found 192435 and it took: 130525ms
query [29617]: # of matches found 191012 and it took: 130147ms
query [29618]: # of matches found 191019 and it took: 131004ms
query [29619]: # of matches found 191019 and it took: 130705ms
query [29620]: # of matches found 191478 and it took: 131291ms
query [29621]: # of matches found 192116 and it took: 130838ms
query [29622]: # of matches found 192556 and it took: 130914ms
query [29623]: # of matches found 192815 and it took: 131244ms
query [29624]: # of matches found 193287 and it took: 131646ms
query [29625]: # of matches found 194438 and it took: 131613ms
query [29626]: # of matches found 194549 and it took: 130846ms
query [29627]: # of matches found 194951 and it took: 130312ms
query [29628]: # of matches found 195159 and it took: 131534ms
query [29629]: # of matches found 194905 and it took: 132071ms
query [29630]: # of matches found 195121 and it took: 131260ms
query [29631]: # of matches found 195333 and it took: 131521ms
query [29632]: # of matches found 195185 and it took: 130868ms
query [29633]: # of matches found 197692 and it took: 131526ms
query [29634]: # of matches found 197755 and it took: 131691ms
query [29635]: # of matches found 198403 and it took: 132024ms
query [29636]: # of matches found 198517 and it took: 130956ms
query [29637]: # of matches found 198707 and it took: 131298ms
query [29638]: # of matches found 198953 and it took: 132666ms
query [29639]: # of matches found 199788 and it took: 132706ms
query [29640]: # of matches found 199172 and it took: 133223ms
query [29641]: # of matches found 198153 and it took: 132069ms
query [29642]: # of matches found 197632 and it took: 132334ms
query [29643]: # of matches found 196015 and it took: 132698ms
query [29644]: # of matches found 194985 and it took: 132801ms
query [29645]: # of matches found 194452 and it took: 133584ms
query [29646]: # of matches found 194813 and it took: 132748ms
query [29647]: # of matches found 194646 and it took: 132957ms
query [29648]: # of matches found 193405 and it took: 133757ms
query [29649]: # of matches found 193970 and it took: 133485ms
query [29650]: # of matches found 195092 and it took: 133810ms
query [29651]: # of matches found 196102 and it took: 134149ms
query [29652]: # of matches found 196494 and it took: 134386ms
query [29653]: # of matches found 197942 and it took: 135044ms
query [29654]: # of matches found 198546 and it took: 135629ms
query [29655]: # of matches found 196963 and it took: 135632ms
query [29656]: # of matches found 196611 and it took: 135215ms
query [29657]: # of matches found 195942 and it took: 134687ms
query [29658]: # of matches found 195672 and it took: 135699ms
query [29659]: # of matches found 195242 and it took: 134730ms
query [29660]: # of matches found 194973 and it took: 135503ms
query [29661]: # of matches found 194410 and it took: 133937ms
query [29662]: # of matches found 193080 and it took: 134435ms
query [29663]: # of matches found 191752 and it took: 135480ms
query [29664]: # of matches found 192506 and it took: 135929ms
query [29665]: # of matches found 193843 and it took: 135842ms
query [29666]: # of matches found 194350 and it took: 134584ms
query [29667]: # of matches found 195138 and it took: 134299ms
query [29668]: # of matches found 194395 and it took: 135424ms
query [29669]: # of matches found 196077 and it took: 135276ms
query [29670]: # of matches found 197388 and it took: 134933ms
query [29671]: # of matches found 203425 and it took: 133747ms
query [29672]: # of matches found 208464 and it took: 133794ms
query [29673]: # of matches found 213553 and it took: 134498ms
query [29674]: # of matches found 217055 and it took: 134799ms
query [29675]: # of matches found 218767 and it took: 134567ms
query [29676]: # of matches found 220578 and it took: 132900ms
query [29677]: # of matches found 220436 and it took: 132264ms
query [29678]: # of matches found 220491 and it took: 133757ms
query [29679]: # of matches found 220987 and it took: 133582ms
query [29680]: # of matches found 220855 and it took: 133096ms
query [29681]: # of matches found 220882 and it took: 131471ms
query [29682]: # of matches found 220970 and it took: 131583ms
query [29683]: # of matches found 219947 and it took: 132490ms
query [29684]: # of matches found 220077 and it took: 131790ms
query [29685]: # of matches found 219673 and it took: 131635ms
query [29686]: # of matches found 219580 and it took: 131031ms
query [29687]: # of matches found 147045 and it took: 130133ms
query [29688]: # of matches found 146844 and it took: 131379ms
query [29689]: # of matches found 146203 and it took: 131268ms
query [29690]: # of matches found 146035 and it took: 131009ms
query [29691]: # of matches found 145227 and it took: 129885ms
query [29692]: # of matches found 145228 and it took: 130433ms
query [29693]: # of matches found 144843 and it took: 130196ms
query [29694]: # of matches found 144775 and it took: 130665ms
query [29695]: # of matches found 144892 and it took: 130827ms
query [29696]: # of matches found 145170 and it took: 130154ms
query [29697]: # of matches found 146942 and it took: 129112ms
query [29698]: # of matches found 147073 and it took: 130884ms
query [29699]: # of matches found 149722 and it took: 130021ms
query [29700]: # of matches found 151917 and it took: 130258ms
query [29701]: # of matches found 152709 and it took: 128491ms
query [29702]: # of matches found 155290 and it took: 128664ms
query [29703]: # of matches found 154458 and it took: 128386ms
query [29704]: # of matches found 155417 and it took: 128254ms
query [29705]: # of matches found 156372 and it took: 127660ms
query [29706]: # of matches found 157354 and it took: 127433ms
query [29707]: # of matches found 155679 and it took: 127341ms
query [29708]: # of matches found 155971 and it took: 128887ms
query [29709]: # of matches found 153132 and it took: 127799ms
query [29710]: # of matches found 152842 and it took: 127820ms
query [29711]: # of matches found 152798 and it took: 126760ms
query [29712]: # of matches found 152505 and it took: 127517ms
query [29713]: # of matches found 152107 and it took: 127162ms
query [29714]: # of matches found 151056 and it took: 127011ms
query [29715]: # of matches found 151686 and it took: 126996ms
query [29716]: # of matches found 151273 and it took: 127048ms
query [29717]: # of matches found 151249 and it took: 126582ms
query [29718]: # of matches found 151194 and it took: 127454ms
query [29719]: # of matches found 150936 and it took: 126672ms
query [29720]: # of matches found 152605 and it took: 126919ms
query [29721]: # of matches found 151848 and it took: 126549ms
query [29722]: # of matches found 150849 and it took: 126899ms
query [29723]: # of matches found 149728 and it took: 126762ms
query [29724]: # of matches found 149478 and it took: 126243ms
query [29725]: # of matches found 152417 and it took: 126400ms
query [29726]: # of matches found 154278 and it took: 126291ms
query [29727]: # of matches found 161098 and it took: 126856ms
query [29728]: # of matches found 228881 and it took: 126742ms
query [29729]: # of matches found 457372 and it took: 125776ms
query [29730]: # of matches found 651856 and it took: 125960ms
query [29731]: # of matches found 2098022 and it took: 128050ms
query [29732]: # of matches found 2155074 and it took: 127558ms
query [29733]: # of matches found 2160124 and it took: 126801ms
query [29734]: # of matches found 2162782 and it took: 126485ms
query [29735]: # of matches found 2167131 and it took: 126838ms
query [29736]: # of matches found 2206239 and it took: 125182ms
query [29737]: # of matches found 2211352 and it took: 125818ms
query [29738]: # of matches found 2214248 and it took: 124394ms
query [29739]: # of matches found 2215564 and it took: 123241ms
query [29740]: # of matches found 2214892 and it took: 123315ms
query [29741]: # of matches found 2214007 and it took: 122813ms
query [29742]: # of matches found 2213536 and it took: 121630ms
query [29743]: # of matches found 2210860 and it took: 121438ms
query [29744]: # of matches found 2208520 and it took: 120063ms
query [29745]: # of matches found 2203621 and it took: 120704ms
query [29746]: # of matches found 2206341 and it took: 119085ms
query [29747]: # of matches found 2198588 and it took: 118889ms
query [29748]: # of matches found 2196347 and it took: 118924ms
query [29749]: # of matches found 2193914 and it took: 118014ms
query [29750]: # of matches found 2191002 and it took: 117029ms
query [29751]: # of matches found 2188112 and it took: 116664ms
query [29752]: # of matches found 2185925 and it took: 116096ms
query [29753]: # of matches found 2183530 and it took: 115363ms
PARMIK's matches per query up to q (754) => [average: 283868, median: 209877, sum: 214036708]
Starting alignment for all queries [rev]...
queryBaseIndex: 29000
query [29000]: # of matches found 140693 and it took: 123510ms
query [29001]: # of matches found 140268 and it took: 124250ms
query [29002]: # of matches found 139999 and it took: 125108ms
query [29003]: # of matches found 139814 and it took: 123616ms
query [29004]: # of matches found 139633 and it took: 124124ms
query [29005]: # of matches found 139487 and it took: 123981ms
query [29006]: # of matches found 139868 and it took: 123336ms
query [29007]: # of matches found 139708 and it took: 123649ms
query [29008]: # of matches found 140175 and it took: 123337ms
query [29009]: # of matches found 140763 and it took: 121856ms
query [29010]: # of matches found 140567 and it took: 122328ms
query [29011]: # of matches found 140728 and it took: 123105ms
query [29012]: # of matches found 141182 and it took: 122776ms
query [29013]: # of matches found 140537 and it took: 122786ms
query [29014]: # of matches found 142339 and it took: 122525ms
query [29015]: # of matches found 141734 and it took: 123099ms
query [29016]: # of matches found 140626 and it took: 122983ms
query [29017]: # of matches found 140213 and it took: 122995ms
query [29018]: # of matches found 139437 and it took: 123095ms
query [29019]: # of matches found 139312 and it took: 122509ms
query [29020]: # of matches found 134019 and it took: 122657ms
query [29021]: # of matches found 132251 and it took: 122793ms
query [29022]: # of matches found 129798 and it took: 123319ms
query [29023]: # of matches found 129591 and it took: 122125ms
query [29024]: # of matches found 133134 and it took: 122169ms
query [29025]: # of matches found 131475 and it took: 123118ms
query [29026]: # of matches found 130807 and it took: 121621ms
query [29027]: # of matches found 130408 and it took: 121648ms
query [29028]: # of matches found 129479 and it took: 121298ms
query [29029]: # of matches found 129769 and it took: 120628ms
query [29030]: # of matches found 129585 and it took: 120846ms
query [29031]: # of matches found 130609 and it took: 121953ms
query [29032]: # of matches found 131177 and it took: 122055ms
query [29033]: # of matches found 130994 and it took: 120750ms
query [29034]: # of matches found 131904 and it took: 121672ms
query [29035]: # of matches found 131733 and it took: 121741ms
query [29036]: # of matches found 131540 and it took: 121110ms
query [29037]: # of matches found 132382 and it took: 120655ms
query [29038]: # of matches found 132584 and it took: 121917ms
query [29039]: # of matches found 132412 and it took: 120347ms
query [29040]: # of matches found 132476 and it took: 122052ms
query [29041]: # of matches found 133137 and it took: 121675ms
query [29042]: # of matches found 132319 and it took: 122177ms
query [29043]: # of matches found 132780 and it took: 120806ms
query [29044]: # of matches found 132368 and it took: 121076ms
query [29045]: # of matches found 132972 and it took: 121895ms
query [29046]: # of matches found 132669 and it took: 121206ms
query [29047]: # of matches found 132215 and it took: 121038ms
query [29048]: # of matches found 131922 and it took: 122918ms
query [29049]: # of matches found 131701 and it took: 120849ms
query [29050]: # of matches found 131680 and it took: 121589ms
query [29051]: # of matches found 131111 and it took: 121262ms
query [29052]: # of matches found 129745 and it took: 122113ms
query [29053]: # of matches found 127195 and it took: 121459ms
query [29054]: # of matches found 127096 and it took: 121726ms
query [29055]: # of matches found 136359 and it took: 121445ms
query [29056]: # of matches found 137765 and it took: 121936ms
query [29057]: # of matches found 137519 and it took: 121039ms
query [29058]: # of matches found 139096 and it took: 122365ms
query [29059]: # of matches found 141009 and it took: 120669ms
query [29060]: # of matches found 141655 and it took: 122421ms
query [29061]: # of matches found 142287 and it took: 121304ms
query [29062]: # of matches found 143151 and it took: 122167ms
query [29063]: # of matches found 143136 and it took: 120797ms
query [29064]: # of matches found 143682 and it took: 121012ms
query [29065]: # of matches found 144107 and it took: 121566ms
query [29066]: # of matches found 144100 and it took: 121307ms
query [29067]: # of matches found 145457 and it took: 121341ms
query [29068]: # of matches found 145328 and it took: 122454ms
query [29069]: # of matches found 144944 and it took: 121561ms
query [29070]: # of matches found 144437 and it took: 122860ms
query [29071]: # of matches found 144771 and it took: 122629ms
query [29072]: # of matches found 156978 and it took: 123407ms
query [29073]: # of matches found 158207 and it took: 121915ms
query [29074]: # of matches found 158230 and it took: 122201ms
query [29075]: # of matches found 158263 and it took: 122414ms
query [29076]: # of matches found 158101 and it took: 123401ms
query [29077]: # of matches found 158048 and it took: 123320ms
query [29078]: # of matches found 157819 and it took: 124404ms
query [29079]: # of matches found 157645 and it took: 123418ms
query [29080]: # of matches found 157101 and it took: 123804ms
query [29081]: # of matches found 156827 and it took: 124100ms
query [29082]: # of matches found 157662 and it took: 124535ms
query [29083]: # of matches found 156084 and it took: 123138ms
query [29084]: # of matches found 155132 and it took: 123844ms
query [29085]: # of matches found 154348 and it took: 124184ms
query [29086]: # of matches found 154581 and it took: 124367ms
query [29087]: # of matches found 154743 and it took: 123297ms
query [29088]: # of matches found 154650 and it took: 125299ms
query [29089]: # of matches found 154941 and it took: 123889ms
query [29090]: # of matches found 155056 and it took: 124822ms
query [29091]: # of matches found 155441 and it took: 124603ms
query [29092]: # of matches found 155933 and it took: 124794ms
query [29093]: # of matches found 155750 and it took: 124610ms
query [29094]: # of matches found 156669 and it took: 125350ms
query [29095]: # of matches found 157033 and it took: 125295ms
query [29096]: # of matches found 157394 and it took: 125666ms
query [29097]: # of matches found 157914 and it took: 124794ms
query [29098]: # of matches found 157608 and it took: 125776ms
query [29099]: # of matches found 157663 and it took: 125775ms
query [29100]: # of matches found 157606 and it took: 125450ms
query [29101]: # of matches found 157033 and it took: 125925ms
query [29102]: # of matches found 156806 and it took: 126026ms
query [29103]: # of matches found 155568 and it took: 125652ms
query [29104]: # of matches found 155811 and it took: 126077ms
query [29105]: # of matches found 156723 and it took: 126243ms
query [29106]: # of matches found 157061 and it took: 128432ms
query [29107]: # of matches found 156845 and it took: 126453ms
query [29108]: # of matches found 157291 and it took: 128345ms
query [29109]: # of matches found 232669 and it took: 128757ms
query [29110]: # of matches found 234497 and it took: 128801ms
query [29111]: # of matches found 233960 and it took: 129201ms
query [29112]: # of matches found 230615 and it took: 128968ms
query [29113]: # of matches found 229737 and it took: 129262ms
query [29114]: # of matches found 227610 and it took: 131049ms
query [29115]: # of matches found 226532 and it took: 131013ms
query [29116]: # of matches found 228760 and it took: 132766ms
query [29117]: # of matches found 228881 and it took: 131323ms
query [29118]: # of matches found 228738 and it took: 133454ms
query [29119]: # of matches found 228292 and it took: 133856ms
query [29120]: # of matches found 227962 and it took: 133269ms
query [29121]: # of matches found 226645 and it took: 134392ms
query [29122]: # of matches found 224051 and it took: 132720ms
query [29123]: # of matches found 222660 and it took: 133188ms
query [29124]: # of matches found 221309 and it took: 133957ms
query [29125]: # of matches found 220762 and it took: 133959ms
query [29126]: # of matches found 218913 and it took: 135481ms
query [29127]: # of matches found 218915 and it took: 134939ms
query [29128]: # of matches found 218890 and it took: 136558ms
query [29129]: # of matches found 218489 and it took: 136828ms
query [29130]: # of matches found 218352 and it took: 137358ms
query [29131]: # of matches found 217951 and it took: 137408ms
query [29132]: # of matches found 217650 and it took: 136100ms
query [29133]: # of matches found 217587 and it took: 136341ms
query [29134]: # of matches found 217509 and it took: 138470ms
query [29135]: # of matches found 217929 and it took: 136836ms
query [29136]: # of matches found 218871 and it took: 138410ms
query [29137]: # of matches found 218587 and it took: 137469ms
query [29138]: # of matches found 219090 and it took: 139610ms
query [29139]: # of matches found 219520 and it took: 140082ms
query [29140]: # of matches found 220244 and it took: 138783ms
query [29141]: # of matches found 220960 and it took: 139556ms
query [29142]: # of matches found 221225 and it took: 137730ms
query [29143]: # of matches found 221966 and it took: 138914ms
query [29144]: # of matches found 222717 and it took: 139000ms
query [29145]: # of matches found 223476 and it took: 139131ms
query [29146]: # of matches found 223684 and it took: 139993ms
query [29147]: # of matches found 223878 and it took: 138579ms
query [29148]: # of matches found 224146 and it took: 139835ms
query [29149]: # of matches found 224151 and it took: 140319ms
query [29150]: # of matches found 224115 and it took: 139028ms
query [29151]: # of matches found 224637 and it took: 139802ms
query [29152]: # of matches found 224704 and it took: 137839ms
query [29153]: # of matches found 224018 and it took: 139128ms
query [29154]: # of matches found 222725 and it took: 139430ms
query [29155]: # of matches found 222000 and it took: 139904ms
query [29156]: # of matches found 223746 and it took: 139698ms
query [29157]: # of matches found 227104 and it took: 139095ms
query [29158]: # of matches found 227810 and it took: 139757ms
query [29159]: # of matches found 227812 and it took: 140100ms
query [29160]: # of matches found 227969 and it took: 138620ms
query [29161]: # of matches found 227976 and it took: 138959ms
query [29162]: # of matches found 227164 and it took: 137437ms
query [29163]: # of matches found 226676 and it took: 138834ms
query [29164]: # of matches found 227075 and it took: 138802ms
query [29165]: # of matches found 232799 and it took: 138423ms
query [29166]: # of matches found 229280 and it took: 138652ms
query [29167]: # of matches found 231045 and it took: 137148ms
query [29168]: # of matches found 231729 and it took: 138242ms
query [29169]: # of matches found 231933 and it took: 137989ms
query [29170]: # of matches found 233152 and it took: 137068ms
query [29171]: # of matches found 233067 and it took: 137870ms
query [29172]: # of matches found 234353 and it took: 137781ms
query [29173]: # of matches found 234975 and it took: 138187ms
query [29174]: # of matches found 234027 and it took: 138056ms
query [29175]: # of matches found 234331 and it took: 138818ms
query [29176]: # of matches found 235786 and it took: 139011ms
query [29177]: # of matches found 242755 and it took: 137364ms
query [29178]: # of matches found 242563 and it took: 138978ms
query [29179]: # of matches found 243122 and it took: 138769ms
query [29180]: # of matches found 243520 and it took: 137898ms
query [29181]: # of matches found 243000 and it took: 139249ms
query [29182]: # of matches found 245957 and it took: 137893ms
query [29183]: # of matches found 246206 and it took: 138981ms
query [29184]: # of matches found 247829 and it took: 139292ms
query [29185]: # of matches found 249028 and it took: 138823ms
query [29186]: # of matches found 249444 and it took: 139259ms
query [29187]: # of matches found 253757 and it took: 138397ms
query [29188]: # of matches found 253598 and it took: 139504ms
query [29189]: # of matches found 254726 and it took: 139518ms
query [29190]: # of matches found 254544 and it took: 137948ms
query [29191]: # of matches found 254916 and it took: 139396ms
query [29192]: # of matches found 254778 and it took: 138189ms
query [29193]: # of matches found 254852 and it took: 138814ms
query [29194]: # of matches found 254998 and it took: 138861ms
query [29195]: # of matches found 246846 and it took: 138165ms
query [29196]: # of matches found 246061 and it took: 137469ms
query [29197]: # of matches found 245833 and it took: 135353ms
query [29198]: # of matches found 244395 and it took: 135402ms
query [29199]: # of matches found 242460 and it took: 134576ms
query [29200]: # of matches found 241997 and it took: 134930ms
query [29201]: # of matches found 241380 and it took: 135045ms
query [29202]: # of matches found 239718 and it took: 134301ms
query [29203]: # of matches found 239004 and it took: 133968ms
query [29204]: # of matches found 238456 and it took: 134455ms
query [29205]: # of matches found 237817 and it took: 134290ms
query [29206]: # of matches found 238083 and it took: 133000ms
query [29207]: # of matches found 238479 and it took: 132458ms
query [29208]: # of matches found 236455 and it took: 132620ms
query [29209]: # of matches found 237845 and it took: 132030ms
query [29210]: # of matches found 237748 and it took: 131710ms
query [29211]: # of matches found 239723 and it took: 131723ms
query [29212]: # of matches found 228791 and it took: 131428ms
query [29213]: # of matches found 227862 and it took: 131246ms
query [29214]: # of matches found 227890 and it took: 131923ms
query [29215]: # of matches found 228206 and it took: 131042ms
query [29216]: # of matches found 228272 and it took: 132340ms
query [29217]: # of matches found 229790 and it took: 129165ms
query [29218]: # of matches found 233465 and it took: 129518ms
query [29219]: # of matches found 233945 and it took: 129204ms
query [29220]: # of matches found 234465 and it took: 128920ms
query [29221]: # of matches found 236479 and it took: 129624ms
query [29222]: # of matches found 236494 and it took: 128698ms
query [29223]: # of matches found 236980 and it took: 129725ms
query [29224]: # of matches found 238470 and it took: 130115ms
query [29225]: # of matches found 238743 and it took: 128453ms
query [29226]: # of matches found 239445 and it took: 126969ms
query [29227]: # of matches found 239958 and it took: 125856ms
query [29228]: # of matches found 240364 and it took: 126308ms
query [29229]: # of matches found 240164 and it took: 125833ms
query [29230]: # of matches found 239143 and it took: 126082ms
query [29231]: # of matches found 239293 and it took: 125964ms
query [29232]: # of matches found 238391 and it took: 125374ms
query [29233]: # of matches found 237684 and it took: 125178ms
query [29234]: # of matches found 237278 and it took: 124526ms
query [29235]: # of matches found 237662 and it took: 124705ms
query [29236]: # of matches found 237014 and it took: 123820ms
query [29237]: # of matches found 237337 and it took: 123311ms
query [29238]: # of matches found 240065 and it took: 123784ms
query [29239]: # of matches found 241739 and it took: 123427ms
query [29240]: # of matches found 243711 and it took: 122873ms
query [29241]: # of matches found 245546 and it took: 121849ms
query [29242]: # of matches found 246434 and it took: 122251ms
query [29243]: # of matches found 247945 and it took: 121978ms
query [29244]: # of matches found 251277 and it took: 121538ms
query [29245]: # of matches found 254869 and it took: 122061ms
query [29246]: # of matches found 259441 and it took: 120803ms
query [29247]: # of matches found 287877 and it took: 119691ms
query [29248]: # of matches found 293705 and it took: 120527ms
query [29249]: # of matches found 283254 and it took: 119444ms
query [29250]: # of matches found 225575 and it took: 119258ms
query [29251]: # of matches found 227522 and it took: 118664ms
query [29252]: # of matches found 227070 and it took: 118484ms
query [29253]: # of matches found 228033 and it took: 117972ms
query [29254]: # of matches found 229444 and it took: 117181ms
query [29255]: # of matches found 229880 and it took: 117391ms
query [29256]: # of matches found 228156 and it took: 116222ms
query [29257]: # of matches found 228380 and it took: 115526ms
query [29258]: # of matches found 228747 and it took: 116044ms
query [29259]: # of matches found 233005 and it took: 115120ms
query [29260]: # of matches found 233331 and it took: 115012ms
query [29261]: # of matches found 232526 and it took: 115005ms
query [29262]: # of matches found 233057 and it took: 115035ms
query [29263]: # of matches found 263016 and it took: 114555ms
query [29264]: # of matches found 264731 and it took: 113814ms
query [29265]: # of matches found 265043 and it took: 114369ms
query [29266]: # of matches found 265041 and it took: 113924ms
query [29267]: # of matches found 265173 and it took: 113191ms
query [29268]: # of matches found 265894 and it took: 113272ms
query [29269]: # of matches found 265706 and it took: 112708ms
query [29270]: # of matches found 265523 and it took: 113058ms
query [29271]: # of matches found 265756 and it took: 112936ms
query [29272]: # of matches found 266014 and it took: 112976ms
query [29273]: # of matches found 265809 and it took: 112205ms
query [29274]: # of matches found 266669 and it took: 111509ms
query [29275]: # of matches found 265951 and it took: 112446ms
query [29276]: # of matches found 263715 and it took: 111534ms
query [29277]: # of matches found 263272 and it took: 111317ms
query [29278]: # of matches found 262361 and it took: 111663ms
query [29279]: # of matches found 261800 and it took: 111257ms
query [29280]: # of matches found 261871 and it took: 111508ms
query [29281]: # of matches found 261933 and it took: 111608ms
query [29282]: # of matches found 262514 and it took: 111753ms
query [29283]: # of matches found 262734 and it took: 111522ms
query [29284]: # of matches found 265212 and it took: 111155ms
query [29285]: # of matches found 264984 and it took: 112006ms
query [29286]: # of matches found 264531 and it took: 111502ms
query [29287]: # of matches found 266064 and it took: 111269ms
query [29288]: # of matches found 267180 and it took: 111599ms
query [29289]: # of matches found 269049 and it took: 111022ms
query [29290]: # of matches found 272681 and it took: 111264ms
query [29291]: # of matches found 274074 and it took: 111219ms
query [29292]: # of matches found 274684 and it took: 111108ms
query [29293]: # of matches found 275888 and it took: 110954ms
query [29294]: # of matches found 279357 and it took: 110522ms
query [29295]: # of matches found 278884 and it took: 111240ms
query [29296]: # of matches found 276498 and it took: 111185ms
query [29297]: # of matches found 274522 and it took: 111121ms
query [29298]: # of matches found 274740 and it took: 111547ms
query [29299]: # of matches found 273800 and it took: 111076ms
query [29300]: # of matches found 273358 and it took: 111237ms
query [29301]: # of matches found 273099 and it took: 111605ms
query [29302]: # of matches found 272688 and it took: 111818ms
query [29303]: # of matches found 271500 and it took: 111246ms
query [29304]: # of matches found 270435 and it took: 111109ms
query [29305]: # of matches found 268816 and it took: 112219ms
query [29306]: # of matches found 266164 and it took: 111257ms
query [29307]: # of matches found 259663 and it took: 111500ms
query [29308]: # of matches found 260099 and it took: 111806ms
query [29309]: # of matches found 260853 and it took: 111353ms
query [29310]: # of matches found 261271 and it took: 111484ms
query [29311]: # of matches found 265593 and it took: 111881ms
query [29312]: # of matches found 268840 and it took: 112124ms
query [29313]: # of matches found 270447 and it took: 111980ms
query [29314]: # of matches found 272824 and it took: 111958ms
query [29315]: # of matches found 274384 and it took: 112483ms
query [29316]: # of matches found 276785 and it took: 112218ms
query [29317]: # of matches found 271188 and it took: 112012ms
query [29318]: # of matches found 273238 and it took: 112923ms
query [29319]: # of matches found 275058 and it took: 112761ms
query [29320]: # of matches found 277285 and it took: 112738ms
query [29321]: # of matches found 277510 and it took: 113134ms
query [29322]: # of matches found 276687 and it took: 113796ms
query [29323]: # of matches found 275592 and it took: 113048ms
query [29324]: # of matches found 272232 and it took: 113750ms
query [29325]: # of matches found 270046 and it took: 113931ms
query [29326]: # of matches found 269408 and it took: 113619ms
query [29327]: # of matches found 264955 and it took: 113355ms
query [29328]: # of matches found 267374 and it took: 114382ms
query [29329]: # of matches found 267226 and it took: 113575ms
query [29330]: # of matches found 268837 and it took: 114267ms
query [29331]: # of matches found 269680 and it took: 113996ms
query [29332]: # of matches found 270239 and it took: 114700ms
query [29333]: # of matches found 270991 and it took: 114238ms
query [29334]: # of matches found 271284 and it took: 114197ms
query [29335]: # of matches found 271878 and it took: 114604ms
query [29336]: # of matches found 272719 and it took: 114802ms
query [29337]: # of matches found 274343 and it took: 114492ms
query [29338]: # of matches found 277799 and it took: 114540ms
query [29339]: # of matches found 279046 and it took: 114975ms
query [29340]: # of matches found 279866 and it took: 115698ms
query [29341]: # of matches found 280206 and it took: 115829ms
query [29342]: # of matches found 280471 and it took: 116047ms
query [29343]: # of matches found 281109 and it took: 114745ms
query [29344]: # of matches found 281538 and it took: 115551ms
query [29345]: # of matches found 283999 and it took: 115894ms
query [29346]: # of matches found 285926 and it took: 116027ms
query [29347]: # of matches found 293624 and it took: 116353ms
query [29348]: # of matches found 294152 and it took: 116638ms
query [29349]: # of matches found 294016 and it took: 117209ms
query [29350]: # of matches found 297322 and it took: 116783ms
query [29351]: # of matches found 296342 and it took: 116875ms
query [29352]: # of matches found 295186 and it took: 117304ms
query [29353]: # of matches found 294692 and it took: 117230ms
query [29354]: # of matches found 297281 and it took: 117822ms
query [29355]: # of matches found 296226 and it took: 117457ms
query [29356]: # of matches found 296867 and it took: 117736ms
query [29357]: # of matches found 296513 and it took: 117954ms
query [29358]: # of matches found 294323 and it took: 118905ms
query [29359]: # of matches found 294794 and it took: 119902ms
query [29360]: # of matches found 294363 and it took: 119435ms
query [29361]: # of matches found 293395 and it took: 119289ms
query [29362]: # of matches found 291146 and it took: 120294ms
query [29363]: # of matches found 290716 and it took: 118765ms
query [29364]: # of matches found 289479 and it took: 119326ms
query [29365]: # of matches found 289846 and it took: 120085ms
query [29366]: # of matches found 290072 and it took: 120856ms
query [29367]: # of matches found 288811 and it took: 120469ms
query [29368]: # of matches found 288593 and it took: 121045ms
query [29369]: # of matches found 288946 and it took: 122316ms
query [29370]: # of matches found 289086 and it took: 121445ms
query [29371]: # of matches found 288783 and it took: 121866ms
query [29372]: # of matches found 288588 and it took: 123441ms
query [29373]: # of matches found 288688 and it took: 121993ms
query [29374]: # of matches found 288440 and it took: 123036ms
query [29375]: # of matches found 288840 and it took: 123173ms
query [29376]: # of matches found 288782 and it took: 124125ms
query [29377]: # of matches found 288086 and it took: 124096ms
query [29378]: # of matches found 284978 and it took: 125240ms
query [29379]: # of matches found 282030 and it took: 125517ms
query [29380]: # of matches found 284908 and it took: 125898ms
query [29381]: # of matches found 282582 and it took: 126580ms
query [29382]: # of matches found 281522 and it took: 127951ms
query [29383]: # of matches found 280382 and it took: 126778ms
query [29384]: # of matches found 276700 and it took: 127356ms
query [29385]: # of matches found 273125 and it took: 127904ms
query [29386]: # of matches found 269461 and it took: 128113ms
query [29387]: # of matches found 249403 and it took: 128305ms
query [29388]: # of matches found 232419 and it took: 127872ms
query [29389]: # of matches found 226606 and it took: 128945ms
query [29390]: # of matches found 221075 and it took: 127426ms
query [29391]: # of matches found 218971 and it took: 128416ms
query [29392]: # of matches found 216588 and it took: 129425ms
query [29393]: # of matches found 213640 and it took: 130164ms
query [29394]: # of matches found 213423 and it took: 130371ms
query [29395]: # of matches found 212533 and it took: 132664ms
query [29396]: # of matches found 211667 and it took: 130843ms
query [29397]: # of matches found 211262 and it took: 131094ms
query [29398]: # of matches found 211114 and it took: 129908ms
query [29399]: # of matches found 207306 and it took: 131336ms
query [29400]: # of matches found 205972 and it took: 129702ms
query [29401]: # of matches found 205766 and it took: 129575ms
query [29402]: # of matches found 205679 and it took: 130273ms
query [29403]: # of matches found 176007 and it took: 129915ms
query [29404]: # of matches found 174655 and it took: 130495ms
query [29405]: # of matches found 174344 and it took: 131019ms
query [29406]: # of matches found 173966 and it took: 130902ms
query [29407]: # of matches found 174469 and it took: 130315ms
query [29408]: # of matches found 179321 and it took: 130100ms
query [29409]: # of matches found 179464 and it took: 131388ms
query [29410]: # of matches found 180158 and it took: 129186ms
query [29411]: # of matches found 180507 and it took: 130097ms
query [29412]: # of matches found 180564 and it took: 131299ms
query [29413]: # of matches found 181129 and it took: 130734ms
query [29414]: # of matches found 181763 and it took: 130855ms
query [29415]: # of matches found 184985 and it took: 130349ms
query [29416]: # of matches found 185065 and it took: 130628ms
query [29417]: # of matches found 185122 and it took: 130290ms
query [29418]: # of matches found 185992 and it took: 130311ms
query [29419]: # of matches found 185976 and it took: 130688ms
query [29420]: # of matches found 185595 and it took: 129737ms
query [29421]: # of matches found 185694 and it took: 129723ms
query [29422]: # of matches found 184879 and it took: 130366ms
query [29423]: # of matches found 184299 and it took: 129883ms
query [29424]: # of matches found 183389 and it took: 130003ms
query [29425]: # of matches found 183037 and it took: 130415ms
query [29426]: # of matches found 182586 and it took: 130712ms
query [29427]: # of matches found 182186 and it took: 130778ms
query [29428]: # of matches found 180313 and it took: 130849ms
query [29429]: # of matches found 180148 and it took: 131466ms
query [29430]: # of matches found 174475 and it took: 129688ms
query [29431]: # of matches found 172918 and it took: 130870ms
query [29432]: # of matches found 171948 and it took: 130501ms
query [29433]: # of matches found 171022 and it took: 131305ms
query [29434]: # of matches found 171878 and it took: 131115ms
query [29435]: # of matches found 171989 and it took: 131840ms
query [29436]: # of matches found 171657 and it took: 131277ms
query [29437]: # of matches found 171556 and it took: 130565ms
query [29438]: # of matches found 171083 and it took: 130128ms
query [29439]: # of matches found 175469 and it took: 131375ms
query [29440]: # of matches found 176954 and it took: 129264ms
query [29441]: # of matches found 177394 and it took: 129092ms
query [29442]: # of matches found 178218 and it took: 128565ms
query [29443]: # of matches found 178244 and it took: 129290ms
query [29444]: # of matches found 177974 and it took: 129068ms
query [29445]: # of matches found 178093 and it took: 130091ms
query [29446]: # of matches found 178237 and it took: 129536ms
query [29447]: # of matches found 179226 and it took: 130187ms
query [29448]: # of matches found 179179 and it took: 129572ms
query [29449]: # of matches found 178143 and it took: 129952ms
query [29450]: # of matches found 177414 and it took: 127986ms
query [29451]: # of matches found 172617 and it took: 127751ms
query [29452]: # of matches found 168757 and it took: 128165ms
query [29453]: # of matches found 166037 and it took: 128559ms
query [29454]: # of matches found 163864 and it took: 128553ms
query [29455]: # of matches found 161904 and it took: 128921ms
query [29456]: # of matches found 158745 and it took: 128546ms
query [29457]: # of matches found 156587 and it took: 129477ms
query [29458]: # of matches found 153006 and it took: 129001ms
query [29459]: # of matches found 151113 and it took: 128854ms
query [29460]: # of matches found 147942 and it took: 127202ms
query [29461]: # of matches found 146720 and it took: 127834ms
query [29462]: # of matches found 146331 and it took: 127492ms
query [29463]: # of matches found 146089 and it took: 127473ms
query [29464]: # of matches found 145653 and it took: 126987ms
query [29465]: # of matches found 145538 and it took: 127239ms
query [29466]: # of matches found 145619 and it took: 126513ms
query [29467]: # of matches found 145761 and it took: 127624ms
query [29468]: # of matches found 143911 and it took: 128406ms
query [29469]: # of matches found 143377 and it took: 128219ms
query [29470]: # of matches found 143181 and it took: 127153ms
query [29471]: # of matches found 141438 and it took: 128158ms
query [29472]: # of matches found 141236 and it took: 127772ms
query [29473]: # of matches found 139767 and it took: 127468ms
query [29474]: # of matches found 139915 and it took: 128008ms
query [29475]: # of matches found 140684 and it took: 128734ms
query [29476]: # of matches found 140443 and it took: 128119ms
query [29477]: # of matches found 139604 and it took: 128511ms
query [29478]: # of matches found 135901 and it took: 129109ms
query [29479]: # of matches found 134613 and it took: 128862ms
query [29480]: # of matches found 133381 and it took: 127241ms
query [29481]: # of matches found 132728 and it took: 128177ms
query [29482]: # of matches found 132433 and it took: 128116ms
query [29483]: # of matches found 131885 and it took: 128233ms
query [29484]: # of matches found 131977 and it took: 128401ms
query [29485]: # of matches found 129432 and it took: 129414ms
query [29486]: # of matches found 128098 and it took: 129015ms
query [29487]: # of matches found 120424 and it took: 129668ms
query [29488]: # of matches found 120009 and it took: 129662ms
query [29489]: # of matches found 118705 and it took: 130079ms
query [29490]: # of matches found 114267 and it took: 128691ms
query [29491]: # of matches found 113086 and it took: 130269ms
query [29492]: # of matches found 112610 and it took: 130059ms
query [29493]: # of matches found 112470 and it took: 130405ms
query [29494]: # of matches found 109635 and it took: 130006ms
query [29495]: # of matches found 108472 and it took: 131702ms
query [29496]: # of matches found 108530 and it took: 130970ms
query [29497]: # of matches found 108054 and it took: 130036ms
query [29498]: # of matches found 108388 and it took: 129245ms
query [29499]: # of matches found 108041 and it took: 129477ms
query [29500]: # of matches found 107739 and it took: 128323ms
query [29501]: # of matches found 108276 and it took: 129460ms
query [29502]: # of matches found 108367 and it took: 128204ms
query [29503]: # of matches found 109991 and it took: 128320ms
query [29504]: # of matches found 110315 and it took: 127171ms
query [29505]: # of matches found 110295 and it took: 128036ms
query [29506]: # of matches found 110516 and it took: 127619ms
query [29507]: # of matches found 111259 and it took: 128411ms
query [29508]: # of matches found 111149 and it took: 127330ms
query [29509]: # of matches found 111055 and it took: 126342ms
query [29510]: # of matches found 110915 and it took: 125628ms
query [29511]: # of matches found 110855 and it took: 126659ms
query [29512]: # of matches found 111066 and it took: 125388ms
query [29513]: # of matches found 111360 and it took: 125762ms
query [29514]: # of matches found 111895 and it took: 124837ms
query [29515]: # of matches found 113485 and it took: 126176ms
query [29516]: # of matches found 113805 and it took: 125247ms
query [29517]: # of matches found 114158 and it took: 126334ms
query [29518]: # of matches found 114290 and it took: 125569ms
query [29519]: # of matches found 114379 and it took: 125155ms
query [29520]: # of matches found 114669 and it took: 124714ms
query [29521]: # of matches found 115047 and it took: 125084ms
query [29522]: # of matches found 116876 and it took: 124640ms
query [29523]: # of matches found 117085 and it took: 124709ms
query [29524]: # of matches found 117308 and it took: 124061ms
query [29525]: # of matches found 117276 and it took: 125671ms
query [29526]: # of matches found 116994 and it took: 126966ms
query [29527]: # of matches found 115645 and it took: 126010ms
query [29528]: # of matches found 116522 and it took: 124306ms
query [29529]: # of matches found 116728 and it took: 124673ms
query [29530]: # of matches found 117418 and it took: 124019ms
query [29531]: # of matches found 117437 and it took: 124963ms
query [29532]: # of matches found 117961 and it took: 125010ms
query [29533]: # of matches found 118072 and it took: 124703ms
query [29534]: # of matches found 118460 and it took: 124125ms
query [29535]: # of matches found 118884 and it took: 124186ms
query [29536]: # of matches found 118924 and it took: 123220ms
query [29537]: # of matches found 119236 and it took: 123851ms
query [29538]: # of matches found 119480 and it took: 123728ms
query [29539]: # of matches found 119187 and it took: 123688ms
query [29540]: # of matches found 119328 and it took: 122756ms
query [29541]: # of matches found 118809 and it took: 123045ms
query [29542]: # of matches found 118517 and it took: 123067ms
query [29543]: # of matches found 119378 and it took: 123464ms
query [29544]: # of matches found 119432 and it took: 121935ms
query [29545]: # of matches found 119370 and it took: 123618ms
query [29546]: # of matches found 119261 and it took: 122226ms
query [29547]: # of matches found 173869 and it took: 123499ms
query [29548]: # of matches found 167983 and it took: 123582ms
query [29549]: # of matches found 168325 and it took: 123473ms
query [29550]: # of matches found 168438 and it took: 122893ms
query [29551]: # of matches found 168941 and it took: 122793ms
query [29552]: # of matches found 168233 and it took: 123150ms
query [29553]: # of matches found 167078 and it took: 122965ms
query [29554]: # of matches found 166410 and it took: 121587ms
query [29555]: # of matches found 162684 and it took: 121888ms
query [29556]: # of matches found 162655 and it took: 122779ms
query [29557]: # of matches found 162627 and it took: 123240ms
query [29558]: # of matches found 163006 and it took: 122925ms
query [29559]: # of matches found 162920 and it took: 123323ms
query [29560]: # of matches found 163500 and it took: 123576ms
query [29561]: # of matches found 163637 and it took: 123120ms
query [29562]: # of matches found 164874 and it took: 122782ms
query [29563]: # of matches found 165638 and it took: 124769ms
query [29564]: # of matches found 166867 and it took: 123125ms
query [29565]: # of matches found 166868 and it took: 123450ms
query [29566]: # of matches found 166687 and it took: 124255ms
query [29567]: # of matches found 166691 and it took: 125524ms
query [29568]: # of matches found 167278 and it took: 123894ms
query [29569]: # of matches found 166867 and it took: 124702ms
query [29570]: # of matches found 167313 and it took: 125414ms
query [29571]: # of matches found 167488 and it took: 124846ms
query [29572]: # of matches found 166682 and it took: 124076ms
query [29573]: # of matches found 167074 and it took: 124724ms
query [29574]: # of matches found 164559 and it took: 124113ms
query [29575]: # of matches found 163689 and it took: 124719ms
query [29576]: # of matches found 163361 and it took: 124366ms
query [29577]: # of matches found 163312 and it took: 124950ms
query [29578]: # of matches found 164703 and it took: 124414ms
query [29579]: # of matches found 160734 and it took: 124837ms
query [29580]: # of matches found 159155 and it took: 124506ms
query [29581]: # of matches found 160048 and it took: 124475ms
query [29582]: # of matches found 164523 and it took: 124083ms
query [29583]: # of matches found 165481 and it took: 124660ms
query [29584]: # of matches found 166821 and it took: 122971ms
query [29585]: # of matches found 167208 and it took: 123753ms
query [29586]: # of matches found 167439 and it took: 123442ms
query [29587]: # of matches found 166557 and it took: 124136ms
query [29588]: # of matches found 166660 and it took: 123694ms
query [29589]: # of matches found 168656 and it took: 123229ms
query [29590]: # of matches found 170694 and it took: 123585ms
query [29591]: # of matches found 171470 and it took: 124016ms
query [29592]: # of matches found 172813 and it took: 124825ms
query [29593]: # of matches found 174057 and it took: 124637ms
query [29594]: # of matches found 173978 and it took: 124197ms
query [29595]: # of matches found 174410 and it took: 125268ms
query [29596]: # of matches found 174928 and it took: 125312ms
query [29597]: # of matches found 175150 and it took: 125211ms
query [29598]: # of matches found 175268 and it took: 124733ms
query [29599]: # of matches found 174574 and it took: 124693ms
query [29600]: # of matches found 174239 and it took: 125796ms
query [29601]: # of matches found 174232 and it took: 125854ms
query [29602]: # of matches found 173720 and it took: 125420ms
query [29603]: # of matches found 173182 and it took: 125595ms
query [29604]: # of matches found 173197 and it took: 124788ms
query [29605]: # of matches found 173131 and it took: 125820ms
query [29606]: # of matches found 172363 and it took: 125726ms
query [29607]: # of matches found 171914 and it took: 126053ms
query [29608]: # of matches found 171132 and it took: 125545ms
query [29609]: # of matches found 170334 and it took: 125787ms
query [29610]: # of matches found 169802 and it took: 126263ms
query [29611]: # of matches found 169382 and it took: 126756ms
query [29612]: # of matches found 168628 and it took: 126353ms
query [29613]: # of matches found 168843 and it took: 125930ms
query [29614]: # of matches found 168004 and it took: 126066ms
query [29615]: # of matches found 166331 and it took: 126517ms
query [29616]: # of matches found 165505 and it took: 126462ms
query [29617]: # of matches found 163910 and it took: 126412ms
query [29618]: # of matches found 163920 and it took: 127244ms
query [29619]: # of matches found 163889 and it took: 125953ms
query [29620]: # of matches found 164313 and it took: 126657ms
query [29621]: # of matches found 164810 and it took: 127184ms
query [29622]: # of matches found 165251 and it took: 126918ms
query [29623]: # of matches found 165402 and it took: 126534ms
query [29624]: # of matches found 165377 and it took: 126824ms
query [29625]: # of matches found 166193 and it took: 127635ms
query [29626]: # of matches found 166377 and it took: 127391ms
query [29627]: # of matches found 166746 and it took: 127309ms
query [29628]: # of matches found 167862 and it took: 127716ms
query [29629]: # of matches found 167600 and it took: 129903ms
query [29630]: # of matches found 167674 and it took: 128766ms
query [29631]: # of matches found 167803 and it took: 129099ms
query [29632]: # of matches found 167443 and it took: 128237ms
query [29633]: # of matches found 170423 and it took: 128125ms
query [29634]: # of matches found 170173 and it took: 128044ms
query [29635]: # of matches found 170895 and it took: 129993ms
query [29636]: # of matches found 172021 and it took: 129868ms
query [29637]: # of matches found 172122 and it took: 130934ms
query [29638]: # of matches found 172501 and it took: 130730ms
query [29639]: # of matches found 173732 and it took: 129244ms
query [29640]: # of matches found 172819 and it took: 130141ms
query [29641]: # of matches found 172071 and it took: 129593ms
query [29642]: # of matches found 171609 and it took: 130367ms
query [29643]: # of matches found 169856 and it took: 129708ms
query [29644]: # of matches found 169293 and it took: 130044ms
query [29645]: # of matches found 168773 and it took: 129963ms
query [29646]: # of matches found 169043 and it took: 131410ms
query [29647]: # of matches found 169328 and it took: 130755ms
query [29648]: # of matches found 168026 and it took: 130041ms
query [29649]: # of matches found 168656 and it took: 130078ms
query [29650]: # of matches found 169565 and it took: 130944ms
query [29651]: # of matches found 170651 and it took: 131021ms
query [29652]: # of matches found 170969 and it took: 131849ms
query [29653]: # of matches found 172223 and it took: 131339ms
query [29654]: # of matches found 172480 and it took: 131379ms
query [29655]: # of matches found 170703 and it took: 131351ms
query [29656]: # of matches found 170315 and it took: 131856ms
query [29657]: # of matches found 169426 and it took: 132112ms
query [29658]: # of matches found 169318 and it took: 132605ms
query [29659]: # of matches found 169049 and it took: 133018ms
query [29660]: # of matches found 168636 and it took: 133854ms
query [29661]: # of matches found 168343 and it took: 132596ms
query [29662]: # of matches found 167474 and it took: 132899ms
query [29663]: # of matches found 166670 and it took: 134423ms
query [29664]: # of matches found 167263 and it took: 133956ms
query [29665]: # of matches found 168515 and it took: 133759ms
query [29666]: # of matches found 169015 and it took: 133872ms
query [29667]: # of matches found 169852 and it took: 133435ms
query [29668]: # of matches found 169222 and it took: 132544ms
query [29669]: # of matches found 171043 and it took: 132471ms
query [29670]: # of matches found 172493 and it took: 133431ms
query [29671]: # of matches found 177500 and it took: 131623ms
query [29672]: # of matches found 181995 and it took: 131602ms
query [29673]: # of matches found 187459 and it took: 132344ms
query [29674]: # of matches found 191623 and it took: 132542ms
query [29675]: # of matches found 193065 and it took: 132599ms
query [29676]: # of matches found 194845 and it took: 132537ms
query [29677]: # of matches found 194680 and it took: 132107ms
query [29678]: # of matches found 194623 and it took: 131287ms
query [29679]: # of matches found 195243 and it took: 132101ms
query [29680]: # of matches found 195562 and it took: 133020ms
query [29681]: # of matches found 195561 and it took: 131164ms
query [29682]: # of matches found 195822 and it took: 131586ms
query [29683]: # of matches found 194996 and it took: 131307ms
query [29684]: # of matches found 196515 and it took: 131446ms
query [29685]: # of matches found 196170 and it took: 131992ms
query [29686]: # of matches found 196225 and it took: 131394ms
query [29687]: # of matches found 141325 and it took: 130403ms
query [29688]: # of matches found 143012 and it took: 130550ms
query [29689]: # of matches found 142662 and it took: 130442ms
query [29690]: # of matches found 142513 and it took: 131254ms
query [29691]: # of matches found 141385 and it took: 130980ms
query [29692]: # of matches found 141529 and it took: 130572ms
query [29693]: # of matches found 141379 and it took: 130678ms
query [29694]: # of matches found 141364 and it took: 131799ms
query [29695]: # of matches found 141432 and it took: 130832ms
query [29696]: # of matches found 141839 and it took: 131272ms
query [29697]: # of matches found 143366 and it took: 130364ms
query [29698]: # of matches found 143071 and it took: 130251ms
query [29699]: # of matches found 145168 and it took: 130973ms
query [29700]: # of matches found 147071 and it took: 131579ms
query [29701]: # of matches found 147797 and it took: 130203ms
query [29702]: # of matches found 150576 and it took: 129817ms
query [29703]: # of matches found 150187 and it took: 129762ms
query [29704]: # of matches found 150209 and it took: 130095ms
query [29705]: # of matches found 151257 and it took: 129997ms
query [29706]: # of matches found 152405 and it took: 129783ms
query [29707]: # of matches found 150690 and it took: 129202ms
query [29708]: # of matches found 150999 and it took: 129259ms
query [29709]: # of matches found 152935 and it took: 130073ms
query [29710]: # of matches found 152534 and it took: 130550ms
query [29711]: # of matches found 152433 and it took: 129518ms
query [29712]: # of matches found 152598 and it took: 129778ms
query [29713]: # of matches found 152559 and it took: 129275ms
query [29714]: # of matches found 151746 and it took: 130436ms
query [29715]: # of matches found 152549 and it took: 129914ms
query [29716]: # of matches found 152264 and it took: 129446ms
query [29717]: # of matches found 152200 and it took: 128951ms
query [29718]: # of matches found 151416 and it took: 129101ms
query [29719]: # of matches found 150320 and it took: 129550ms
query [29720]: # of matches found 151766 and it took: 130345ms
query [29721]: # of matches found 150191 and it took: 129446ms
query [29722]: # of matches found 146195 and it took: 129893ms
query [29723]: # of matches found 145421 and it took: 130454ms
query [29724]: # of matches found 144631 and it took: 130299ms
query [29725]: # of matches found 146908 and it took: 130240ms
query [29726]: # of matches found 149150 and it took: 129207ms
query [29727]: # of matches found 151891 and it took: 128458ms
query [29728]: # of matches found 158009 and it took: 128453ms
query [29729]: # of matches found 790178 and it took: 129497ms
query [29730]: # of matches found 833360 and it took: 130116ms
query [29731]: # of matches found 965041 and it took: 127751ms
query [29732]: # of matches found 966807 and it took: 127528ms
query [29733]: # of matches found 963446 and it took: 127477ms
query [29734]: # of matches found 962042 and it took: 127791ms
query [29735]: # of matches found 961421 and it took: 128040ms
query [29736]: # of matches found 961242 and it took: 125654ms
query [29737]: # of matches found 960435 and it took: 124832ms
query [29738]: # of matches found 960353 and it took: 123514ms
query [29739]: # of matches found 960295 and it took: 123912ms
query [29740]: # of matches found 959830 and it took: 124164ms
query [29741]: # of matches found 959747 and it took: 122796ms
query [29742]: # of matches found 959382 and it took: 122058ms
query [29743]: # of matches found 958588 and it took: 121381ms
query [29744]: # of matches found 957664 and it took: 120648ms
query [29745]: # of matches found 956645 and it took: 120542ms
query [29746]: # of matches found 956093 and it took: 119664ms
query [29747]: # of matches found 955858 and it took: 118819ms
query [29748]: # of matches found 955419 and it took: 118845ms
query [29749]: # of matches found 954683 and it took: 118801ms
query [29750]: # of matches found 953556 and it took: 118662ms
query [29751]: # of matches found 952741 and it took: 118341ms
query [29752]: # of matches found 952242 and it took: 118261ms
query [29753]: # of matches found 951058 and it took: 117852ms
PARMIK's matches per query up to q (754) => [average: 217529, median: 174439, sum: 164017330]
