no kmerRangesFileAddressArg!
no baselineBaseAddress!
no otherToolArg!
**********************CONFIGURATIONS*****************************
PARMIK mode:                  3
readDatabaseAddress:          /p/lava/parmik/partialMatcherProject/datasets/metagenomicDB/SRR14381425/SRR14381425_reads
readFileName:                 SRR14381425_reads
queryFileAddress:             /p/lava/parmik/partialMatcherProject/datasets/queryFiles/covidQueryFiles/NC_045512_chunks/NC_045512_queries_23000-23999
queryFileName:                NC_045512_queries_23000-23999
otherToolOutputFileAddress:   /u/rgq5aw/GIT/PARMIK/partialMatcherProject/tools/blast/SRR14381425/NC_045512/blastn_ws30_results.out
outputDir:                    /p/lava/parmik/partialMatcherProject/tools/baseline_ssw/SRR14381425/NC_045512
penaltyFileAddress:           /u/rgq5aw/GIT/PARMIK/experiments/parmik/CK_SSW_ID_PRCNTG/PenaltySets/2484_1111_2444_2288_2848
kmerRangesFileAddress:        
readsCount:                   17000000
queryCount:                   30000
kmerLength:                   11
regionSize:                   48
cheapKmerThreshold:           0
identityPercentage:           0.85
minExactMatchLen:             0
minNumExactMatchKmer:         0
isIndexOffline:               1
offlineIndexAddress:          /p/lava/parmik/partialMatcherProject/tools/parmik/CK_INDEX/SRR14381425/
baselineBaseAddress:          
max editDistance in min region: 2
**********************CONFIGURATIONS*****************************
--------------Penalties--------------
m: 2, s: 4, go: 8, ge: 4
m: 1, s: 1, go: 1, ge: 1
m: 2, s: 4, go: 4, ge: 4
m: 2, s: 2, go: 8, ge: 8
m: 2, s: 8, go: 4, ge: 8
------------------------------------
numberOfReadsWithN : 0
queryCount : 1000
numberOfReadsWithN : 0
readCount : 17000000
offlineCheapIndexAddress: /p/lava/parmik/partialMatcherProject/tools/parmik/CK_INDEX/SRR14381425/ck_T0_K11_r17000000
pmrkAlignmentsAddress: /p/lava/parmik/partialMatcherProject/tools/baseline_ssw/SRR14381425/NC_045512/aln/pmAln_R48_PI85_L0_M0_E2_K11_T0_P_2484_1111_2444_2288_2848.txt
Starting alignment for all queries [fwd]...
queryBaseIndex: 23000
query [23000]: # of matches found 74893 and it took: 95535.5ms
query [23001]: # of matches found 74594 and it took: 96555.6ms
query [23002]: # of matches found 74783 and it took: 95808.2ms
query [23003]: # of matches found 74685 and it took: 96203.6ms
query [23004]: # of matches found 74517 and it took: 96226.7ms
query [23005]: # of matches found 73899 and it took: 96697.1ms
query [23006]: # of matches found 73288 and it took: 96754.3ms
query [23007]: # of matches found 72798 and it took: 96612.2ms
query [23008]: # of matches found 72451 and it took: 96790.2ms
query [23009]: # of matches found 72127 and it took: 96226.8ms
query [23010]: # of matches found 71893 and it took: 95947.3ms
query [23011]: # of matches found 71675 and it took: 96796.9ms
query [23012]: # of matches found 71486 and it took: 96330.2ms
query [23013]: # of matches found 71288 and it took: 96737.5ms
query [23014]: # of matches found 71033 and it took: 97203.9ms
query [23015]: # of matches found 71031 and it took: 97488.6ms
query [23016]: # of matches found 71149 and it took: 97432.9ms
query [23017]: # of matches found 70021 and it took: 97178.7ms
query [23018]: # of matches found 69887 and it took: 97160.5ms
query [23019]: # of matches found 70154 and it took: 96715.2ms
query [23020]: # of matches found 70188 and it took: 96613.7ms
query [23021]: # of matches found 71088 and it took: 97337.6ms
query [23022]: # of matches found 71552 and it took: 96681.9ms
query [23023]: # of matches found 73385 and it took: 96916ms
query [23024]: # of matches found 74504 and it took: 96758.4ms
query [23025]: # of matches found 76941 and it took: 96674.5ms
query [23026]: # of matches found 77350 and it took: 96615.4ms
query [23027]: # of matches found 77306 and it took: 96085.1ms
query [23028]: # of matches found 77329 and it took: 96520.3ms
query [23029]: # of matches found 77204 and it took: 95914.1ms
query [23030]: # of matches found 76996 and it took: 96011.6ms
query [23031]: # of matches found 76600 and it took: 96455.2ms
query [23032]: # of matches found 76543 and it took: 96052.7ms
query [23033]: # of matches found 76441 and it took: 96118.8ms
query [23034]: # of matches found 76295 and it took: 96727.7ms
query [23035]: # of matches found 76217 and it took: 96524.7ms
query [23036]: # of matches found 76583 and it took: 96666.5ms
query [23037]: # of matches found 76448 and it took: 95999.8ms
query [23038]: # of matches found 77017 and it took: 96296.9ms
query [23039]: # of matches found 77113 and it took: 95274.4ms
query [23040]: # of matches found 77358 and it took: 94896.6ms
query [23041]: # of matches found 78025 and it took: 96196.4ms
query [23042]: # of matches found 78352 and it took: 95212.3ms
query [23043]: # of matches found 79065 and it took: 94628.8ms
query [23044]: # of matches found 79259 and it took: 95879.5ms
query [23045]: # of matches found 79038 and it took: 95767.3ms
query [23046]: # of matches found 78817 and it took: 96042.3ms
query [23047]: # of matches found 78739 and it took: 95637.5ms
query [23048]: # of matches found 78892 and it took: 95037.9ms
query [23049]: # of matches found 51051 and it took: 94963.1ms
query [23050]: # of matches found 49865 and it took: 94810.8ms
query [23051]: # of matches found 49834 and it took: 94989.7ms
query [23052]: # of matches found 50360 and it took: 94629.6ms
query [23053]: # of matches found 50620 and it took: 94974.5ms
query [23054]: # of matches found 50911 and it took: 94950.4ms
query [23055]: # of matches found 45561 and it took: 94847.9ms
query [23056]: # of matches found 45671 and it took: 95289ms
query [23057]: # of matches found 44142 and it took: 94687.9ms
query [23058]: # of matches found 43976 and it took: 94656.7ms
query [23059]: # of matches found 44003 and it took: 94611.1ms
query [23060]: # of matches found 44191 and it took: 94674.8ms
query [23061]: # of matches found 44107 and it took: 94949.9ms
query [23062]: # of matches found 44174 and it took: 94632.8ms
query [23063]: # of matches found 44102 and it took: 94863.6ms
query [23064]: # of matches found 43574 and it took: 94973.3ms
query [23065]: # of matches found 42853 and it took: 94670.7ms
query [23066]: # of matches found 42865 and it took: 95224.7ms
query [23067]: # of matches found 42734 and it took: 94865.5ms
query [23068]: # of matches found 42792 and it took: 95397.1ms
query [23069]: # of matches found 42727 and it took: 94984.4ms
query [23070]: # of matches found 42627 and it took: 95875.2ms
query [23071]: # of matches found 42556 and it took: 95262ms
query [23072]: # of matches found 42856 and it took: 95303.3ms
query [23073]: # of matches found 42740 and it took: 95249.9ms
query [23074]: # of matches found 42688 and it took: 95174.6ms
query [23075]: # of matches found 42648 and it took: 95177.8ms
query [23076]: # of matches found 42509 and it took: 95744.7ms
query [23077]: # of matches found 42478 and it took: 95439ms
query [23078]: # of matches found 42482 and it took: 95510.1ms
query [23079]: # of matches found 42390 and it took: 95194.7ms
query [23080]: # of matches found 42275 and it took: 95910.6ms
query [23081]: # of matches found 42274 and it took: 96070.8ms
query [23082]: # of matches found 42247 and it took: 95318.4ms
query [23083]: # of matches found 42284 and it took: 95944.8ms
query [23084]: # of matches found 42446 and it took: 96457.7ms
query [23085]: # of matches found 42806 and it took: 95722ms
query [23086]: # of matches found 42554 and it took: 95594.5ms
query [23087]: # of matches found 44534 and it took: 94630.7ms
query [23088]: # of matches found 45522 and it took: 94704.9ms
query [23089]: # of matches found 46002 and it took: 94608.8ms
query [23090]: # of matches found 46000 and it took: 95373.3ms
query [23091]: # of matches found 46210 and it took: 95375.8ms
query [23092]: # of matches found 46387 and it took: 94744.3ms
query [23093]: # of matches found 46606 and it took: 95074.8ms
query [23094]: # of matches found 46699 and it took: 95817.9ms
query [23095]: # of matches found 46450 and it took: 95029.7ms
query [23096]: # of matches found 46492 and it took: 95053.8ms
query [23097]: # of matches found 46246 and it took: 94490.2ms
query [23098]: # of matches found 45616 and it took: 94693.7ms
query [23099]: # of matches found 45350 and it took: 94622.6ms
query [23100]: # of matches found 44327 and it took: 95303.5ms
query [23101]: # of matches found 44071 and it took: 95290ms
query [23102]: # of matches found 44158 and it took: 94762.4ms
query [23103]: # of matches found 43948 and it took: 95248.7ms
query [23104]: # of matches found 43821 and it took: 95593.7ms
query [23105]: # of matches found 43530 and it took: 94947.9ms
query [23106]: # of matches found 43536 and it took: 94900.4ms
query [23107]: # of matches found 43751 and it took: 94136.8ms
query [23108]: # of matches found 43856 and it took: 94835.4ms
query [23109]: # of matches found 43865 and it took: 94613.1ms
query [23110]: # of matches found 43706 and it took: 94371.6ms
query [23111]: # of matches found 43783 and it took: 94418.7ms
query [23112]: # of matches found 43888 and it took: 94244.4ms
query [23113]: # of matches found 44084 and it took: 94393.8ms
query [23114]: # of matches found 44311 and it took: 95039ms
query [23115]: # of matches found 44645 and it took: 94479.7ms
query [23116]: # of matches found 44704 and it took: 94646.3ms
query [23117]: # of matches found 44673 and it took: 93975.3ms
query [23118]: # of matches found 44793 and it took: 94610.7ms
query [23119]: # of matches found 44803 and it took: 94472.5ms
query [23120]: # of matches found 44479 and it took: 94587.1ms
query [23121]: # of matches found 44280 and it took: 95021.6ms
query [23122]: # of matches found 43884 and it took: 94588.8ms
query [23123]: # of matches found 43895 and it took: 95272.8ms
query [23124]: # of matches found 43871 and it took: 95703.1ms
query [23125]: # of matches found 43698 and it took: 95447.7ms
query [23126]: # of matches found 43826 and it took: 95349.7ms
query [23127]: # of matches found 43735 and it took: 94984.1ms
query [23128]: # of matches found 43774 and it took: 95764.2ms
query [23129]: # of matches found 43704 and it took: 95200.4ms
query [23130]: # of matches found 43465 and it took: 95827.8ms
query [23131]: # of matches found 43264 and it took: 95872.8ms
query [23132]: # of matches found 43207 and it took: 95898.8ms
query [23133]: # of matches found 43087 and it took: 96309.8ms
query [23134]: # of matches found 43567 and it took: 96408.1ms
query [23135]: # of matches found 43669 and it took: 96294.8ms
query [23136]: # of matches found 43687 and it took: 96755.5ms
query [23137]: # of matches found 43937 and it took: 96264.8ms
query [23138]: # of matches found 43924 and it took: 96945.2ms
query [23139]: # of matches found 43960 and it took: 97299.4ms
query [23140]: # of matches found 44072 and it took: 98281.8ms
query [23141]: # of matches found 44259 and it took: 98328ms
query [23142]: # of matches found 44393 and it took: 98464.4ms
query [23143]: # of matches found 44285 and it took: 98895.9ms
query [23144]: # of matches found 44345 and it took: 99085ms
query [23145]: # of matches found 44520 and it took: 99440.2ms
query [23146]: # of matches found 44488 and it took: 99126.6ms
query [23147]: # of matches found 44577 and it took: 98970.3ms
query [23148]: # of matches found 44650 and it took: 100140ms
query [23149]: # of matches found 44543 and it took: 99769.9ms
query [23150]: # of matches found 44182 and it took: 100152ms
query [23151]: # of matches found 44616 and it took: 100193ms
query [23152]: # of matches found 44721 and it took: 100498ms
query [23153]: # of matches found 44766 and it took: 101045ms
query [23154]: # of matches found 45052 and it took: 101192ms
query [23155]: # of matches found 45224 and it took: 101155ms
query [23156]: # of matches found 45264 and it took: 101133ms
query [23157]: # of matches found 45051 and it took: 100870ms
query [23158]: # of matches found 44924 and it took: 101938ms
query [23159]: # of matches found 44680 and it took: 101573ms
query [23160]: # of matches found 44584 and it took: 102543ms
query [23161]: # of matches found 44033 and it took: 102781ms
query [23162]: # of matches found 43649 and it took: 102442ms
query [23163]: # of matches found 41191 and it took: 103097ms
query [23164]: # of matches found 40028 and it took: 102775ms
query [23165]: # of matches found 38205 and it took: 103305ms
query [23166]: # of matches found 37755 and it took: 103348ms
query [23167]: # of matches found 37530 and it took: 102413ms
query [23168]: # of matches found 37358 and it took: 103492ms
query [23169]: # of matches found 37487 and it took: 103177ms
query [23170]: # of matches found 37539 and it took: 103877ms
query [23171]: # of matches found 37475 and it took: 104091ms
query [23172]: # of matches found 37669 and it took: 103840ms
query [23173]: # of matches found 37747 and it took: 103761ms
query [23174]: # of matches found 37719 and it took: 103722ms
query [23175]: # of matches found 37530 and it took: 104157ms
query [23176]: # of matches found 37287 and it took: 103088ms
query [23177]: # of matches found 37032 and it took: 103345ms
query [23178]: # of matches found 36658 and it took: 105252ms
query [23179]: # of matches found 36412 and it took: 104453ms
query [23180]: # of matches found 36187 and it took: 105177ms
query [23181]: # of matches found 35309 and it took: 105018ms
query [23182]: # of matches found 34844 and it took: 105084ms
query [23183]: # of matches found 33999 and it took: 105154ms
query [23184]: # of matches found 33843 and it took: 105021ms
query [23185]: # of matches found 33905 and it took: 104675ms
query [23186]: # of matches found 34174 and it took: 103586ms
query [23187]: # of matches found 34382 and it took: 103880ms
query [23188]: # of matches found 34544 and it took: 105036ms
query [23189]: # of matches found 34779 and it took: 104397ms
query [23190]: # of matches found 34829 and it took: 104354ms
query [23191]: # of matches found 34943 and it took: 104856ms
query [23192]: # of matches found 34908 and it took: 103640ms
query [23193]: # of matches found 34729 and it took: 104259ms
query [23194]: # of matches found 35064 and it took: 104096ms
query [23195]: # of matches found 36082 and it took: 103636ms
query [23196]: # of matches found 36330 and it took: 102589ms
query [23197]: # of matches found 36708 and it took: 103276ms
query [23198]: # of matches found 37001 and it took: 104050ms
query [23199]: # of matches found 37138 and it took: 104343ms
query [23200]: # of matches found 37021 and it took: 103684ms
query [23201]: # of matches found 37208 and it took: 103548ms
query [23202]: # of matches found 37145 and it took: 103257ms
query [23203]: # of matches found 37063 and it took: 103559ms
query [23204]: # of matches found 37162 and it took: 103534ms
query [23205]: # of matches found 37129 and it took: 102920ms
query [23206]: # of matches found 37327 and it took: 102301ms
query [23207]: # of matches found 37411 and it took: 102295ms
query [23208]: # of matches found 37274 and it took: 103305ms
query [23209]: # of matches found 37471 and it took: 103089ms
query [23210]: # of matches found 37414 and it took: 102991ms
query [23211]: # of matches found 37486 and it took: 102135ms
query [23212]: # of matches found 37501 and it took: 102258ms
query [23213]: # of matches found 37291 and it took: 102524ms
query [23214]: # of matches found 39409 and it took: 104332ms
query [23215]: # of matches found 39336 and it took: 102149ms
query [23216]: # of matches found 39878 and it took: 101846ms
query [23217]: # of matches found 40059 and it took: 103246ms
query [23218]: # of matches found 40571 and it took: 103358ms
query [23219]: # of matches found 40771 and it took: 103073ms
query [23220]: # of matches found 41272 and it took: 103873ms
query [23221]: # of matches found 41611 and it took: 103326ms
query [23222]: # of matches found 41971 and it took: 102629ms
query [23223]: # of matches found 42111 and it took: 103269ms
query [23224]: # of matches found 42086 and it took: 103219ms
query [23225]: # of matches found 42184 and it took: 102438ms
query [23226]: # of matches found 42367 and it took: 102079ms
query [23227]: # of matches found 41093 and it took: 102800ms
query [23228]: # of matches found 40480 and it took: 103196ms
query [23229]: # of matches found 39835 and it took: 103699ms
query [23230]: # of matches found 39746 and it took: 104179ms
query [23231]: # of matches found 39293 and it took: 103486ms
query [23232]: # of matches found 38850 and it took: 104015ms
query [23233]: # of matches found 38598 and it took: 104521ms
query [23234]: # of matches found 38438 and it took: 104829ms
query [23235]: # of matches found 38327 and it took: 104145ms
query [23236]: # of matches found 38224 and it took: 104195ms
query [23237]: # of matches found 37990 and it took: 104090ms
query [23238]: # of matches found 37973 and it took: 104708ms
query [23239]: # of matches found 37903 and it took: 104440ms
query [23240]: # of matches found 37876 and it took: 105243ms
query [23241]: # of matches found 37997 and it took: 104220ms
query [23242]: # of matches found 38027 and it took: 104573ms
query [23243]: # of matches found 37837 and it took: 105522ms
query [23244]: # of matches found 38120 and it took: 105264ms
query [23245]: # of matches found 38264 and it took: 104236ms
query [23246]: # of matches found 38223 and it took: 104059ms
query [23247]: # of matches found 37906 and it took: 103912ms
query [23248]: # of matches found 38329 and it took: 104817ms
query [23249]: # of matches found 38518 and it took: 104516ms
query [23250]: # of matches found 38690 and it took: 105095ms
query [23251]: # of matches found 39204 and it took: 103976ms
query [23252]: # of matches found 39206 and it took: 104272ms
query [23253]: # of matches found 39340 and it took: 105512ms
query [23254]: # of matches found 39436 and it took: 104868ms
query [23255]: # of matches found 39053 and it took: 103768ms
query [23256]: # of matches found 39007 and it took: 103529ms
query [23257]: # of matches found 39207 and it took: 103871ms
query [23258]: # of matches found 38927 and it took: 103951ms
query [23259]: # of matches found 38814 and it took: 103259ms
query [23260]: # of matches found 38583 and it took: 103781ms
query [23261]: # of matches found 38462 and it took: 102738ms
query [23262]: # of matches found 38718 and it took: 103487ms
query [23263]: # of matches found 38587 and it took: 104835ms
query [23264]: # of matches found 38514 and it took: 103240ms
query [23265]: # of matches found 38721 and it took: 102651ms
query [23266]: # of matches found 38587 and it took: 103333ms
query [23267]: # of matches found 38558 and it took: 102721ms
query [23268]: # of matches found 38439 and it took: 103721ms
query [23269]: # of matches found 38605 and it took: 104167ms
query [23270]: # of matches found 38705 and it took: 102779ms
query [23271]: # of matches found 38743 and it took: 101942ms
query [23272]: # of matches found 38761 and it took: 104497ms
query [23273]: # of matches found 38806 and it took: 104692ms
query [23274]: # of matches found 38779 and it took: 104168ms
query [23275]: # of matches found 38278 and it took: 103645ms
query [23276]: # of matches found 38704 and it took: 103815ms
query [23277]: # of matches found 38492 and it took: 104057ms
query [23278]: # of matches found 38485 and it took: 104795ms
query [23279]: # of matches found 38429 and it took: 102615ms
query [23280]: # of matches found 38423 and it took: 102000ms
query [23281]: # of matches found 38357 and it took: 100892ms
query [23282]: # of matches found 38242 and it took: 101578ms
query [23283]: # of matches found 38294 and it took: 102378ms
query [23284]: # of matches found 38246 and it took: 101756ms
query [23285]: # of matches found 38247 and it took: 101117ms
query [23286]: # of matches found 38368 and it took: 101594ms
query [23287]: # of matches found 38319 and it took: 100887ms
query [23288]: # of matches found 38230 and it took: 101390ms
query [23289]: # of matches found 38215 and it took: 101529ms
query [23290]: # of matches found 38500 and it took: 101185ms
query [23291]: # of matches found 38398 and it took: 100589ms
query [23292]: # of matches found 38527 and it took: 101068ms
query [23293]: # of matches found 38571 and it took: 101073ms
query [23294]: # of matches found 38331 and it took: 101093ms
query [23295]: # of matches found 38259 and it took: 100743ms
query [23296]: # of matches found 38093 and it took: 100777ms
query [23297]: # of matches found 38167 and it took: 100332ms
query [23298]: # of matches found 38182 and it took: 100773ms
query [23299]: # of matches found 38211 and it took: 101105ms
query [23300]: # of matches found 38182 and it took: 101318ms
query [23301]: # of matches found 38153 and it took: 100594ms
query [23302]: # of matches found 38215 and it took: 100599ms
query [23303]: # of matches found 38235 and it took: 101025ms
query [23304]: # of matches found 38187 and it took: 101152ms
query [23305]: # of matches found 38031 and it took: 100201ms
query [23306]: # of matches found 37877 and it took: 100401ms
query [23307]: # of matches found 37563 and it took: 99377.2ms
query [23308]: # of matches found 37513 and it took: 100531ms
query [23309]: # of matches found 37399 and it took: 100163ms
query [23310]: # of matches found 37311 and it took: 100452ms
query [23311]: # of matches found 39639 and it took: 100418ms
query [23312]: # of matches found 39350 and it took: 100036ms
query [23313]: # of matches found 39128 and it took: 100545ms
query [23314]: # of matches found 39077 and it took: 100141ms
query [23315]: # of matches found 39119 and it took: 100234ms
query [23316]: # of matches found 39076 and it took: 100974ms
query [23317]: # of matches found 39097 and it took: 100202ms
query [23318]: # of matches found 39178 and it took: 100886ms
query [23319]: # of matches found 39090 and it took: 100980ms
query [23320]: # of matches found 39327 and it took: 100889ms
query [23321]: # of matches found 39534 and it took: 100817ms
query [23322]: # of matches found 39455 and it took: 100986ms
query [23323]: # of matches found 39473 and it took: 101576ms
query [23324]: # of matches found 39627 and it took: 100765ms
query [23325]: # of matches found 39643 and it took: 100751ms
query [23326]: # of matches found 39638 and it took: 100841ms
query [23327]: # of matches found 40628 and it took: 100160ms
query [23328]: # of matches found 40367 and it took: 101366ms
query [23329]: # of matches found 39978 and it took: 100946ms
query [23330]: # of matches found 40148 and it took: 101098ms
query [23331]: # of matches found 39834 and it took: 101431ms
query [23332]: # of matches found 39396 and it took: 101091ms
query [23333]: # of matches found 39386 and it took: 101993ms
query [23334]: # of matches found 39253 and it took: 101308ms
query [23335]: # of matches found 38074 and it took: 101554ms
query [23336]: # of matches found 37235 and it took: 101495ms
query [23337]: # of matches found 36789 and it took: 100510ms
query [23338]: # of matches found 36510 and it took: 101726ms
query [23339]: # of matches found 36889 and it took: 101212ms
query [23340]: # of matches found 36961 and it took: 101527ms
query [23341]: # of matches found 36976 and it took: 101506ms
query [23342]: # of matches found 37193 and it took: 100849ms
query [23343]: # of matches found 37675 and it took: 101770ms
query [23344]: # of matches found 38369 and it took: 100815ms
query [23345]: # of matches found 39068 and it took: 101035ms
query [23346]: # of matches found 39365 and it took: 100927ms
query [23347]: # of matches found 39823 and it took: 100141ms
query [23348]: # of matches found 39907 and it took: 100892ms
query [23349]: # of matches found 39913 and it took: 100632ms
query [23350]: # of matches found 39802 and it took: 100626ms
query [23351]: # of matches found 39820 and it took: 101247ms
query [23352]: # of matches found 39838 and it took: 100182ms
query [23353]: # of matches found 39885 and it took: 101133ms
query [23354]: # of matches found 38027 and it took: 101094ms
query [23355]: # of matches found 38059 and it took: 101510ms
query [23356]: # of matches found 37837 and it took: 101220ms
query [23357]: # of matches found 37428 and it took: 101456ms
query [23358]: # of matches found 37172 and it took: 101972ms
query [23359]: # of matches found 37154 and it took: 101128ms
query [23360]: # of matches found 36727 and it took: 101780ms
query [23361]: # of matches found 36483 and it took: 102161ms
query [23362]: # of matches found 36192 and it took: 101225ms
query [23363]: # of matches found 36092 and it took: 102013ms
query [23364]: # of matches found 36124 and it took: 101432ms
query [23365]: # of matches found 35716 and it took: 101459ms
query [23366]: # of matches found 35248 and it took: 101545ms
query [23367]: # of matches found 34709 and it took: 100766ms
query [23368]: # of matches found 34465 and it took: 101611ms
query [23369]: # of matches found 34218 and it took: 101193ms
query [23370]: # of matches found 34116 and it took: 101689ms
query [23371]: # of matches found 34057 and it took: 102089ms
query [23372]: # of matches found 34027 and it took: 101160ms
query [23373]: # of matches found 34052 and it took: 101986ms
query [23374]: # of matches found 34062 and it took: 101663ms
query [23375]: # of matches found 34214 and it took: 102052ms
query [23376]: # of matches found 34363 and it took: 101000ms
query [23377]: # of matches found 34487 and it took: 101098ms
query [23378]: # of matches found 34524 and it took: 101484ms
query [23379]: # of matches found 34550 and it took: 101430ms
query [23380]: # of matches found 34389 and it took: 102108ms
query [23381]: # of matches found 34310 and it took: 102555ms
query [23382]: # of matches found 34266 and it took: 101216ms
query [23383]: # of matches found 34254 and it took: 102125ms
query [23384]: # of matches found 33915 and it took: 102225ms
query [23385]: # of matches found 33911 and it took: 101421ms
query [23386]: # of matches found 33638 and it took: 101273ms
query [23387]: # of matches found 33664 and it took: 101009ms
query [23388]: # of matches found 33142 and it took: 101457ms
query [23389]: # of matches found 33024 and it took: 101620ms
query [23390]: # of matches found 32926 and it took: 102462ms
query [23391]: # of matches found 32252 and it took: 102659ms
query [23392]: # of matches found 32513 and it took: 101899ms
query [23393]: # of matches found 32245 and it took: 102659ms
query [23394]: # of matches found 31988 and it took: 102554ms
query [23395]: # of matches found 31910 and it took: 102023ms
query [23396]: # of matches found 31816 and it took: 101496ms
query [23397]: # of matches found 31511 and it took: 101070ms
query [23398]: # of matches found 31502 and it took: 101251ms
query [23399]: # of matches found 31529 and it took: 100923ms
query [23400]: # of matches found 31963 and it took: 102007ms
query [23401]: # of matches found 31883 and it took: 102181ms
query [23402]: # of matches found 31695 and it took: 101348ms
query [23403]: # of matches found 31751 and it took: 101917ms
query [23404]: # of matches found 31658 and it took: 102302ms
query [23405]: # of matches found 31654 and it took: 101708ms
query [23406]: # of matches found 31303 and it took: 101069ms
query [23407]: # of matches found 31562 and it took: 101198ms
query [23408]: # of matches found 31566 and it took: 101127ms
query [23409]: # of matches found 31352 and it took: 100815ms
query [23410]: # of matches found 31256 and it took: 101796ms
query [23411]: # of matches found 31263 and it took: 101445ms
query [23412]: # of matches found 31233 and it took: 100857ms
query [23413]: # of matches found 31201 and it took: 101182ms
query [23414]: # of matches found 31174 and it took: 101311ms
query [23415]: # of matches found 31155 and it took: 100991ms
query [23416]: # of matches found 30999 and it took: 100958ms
query [23417]: # of matches found 31101 and it took: 101909ms
query [23418]: # of matches found 31154 and it took: 100814ms
query [23419]: # of matches found 31288 and it took: 101170ms
query [23420]: # of matches found 31491 and it took: 101768ms
query [23421]: # of matches found 31454 and it took: 102163ms
query [23422]: # of matches found 31476 and it took: 101644ms
query [23423]: # of matches found 31435 and it took: 101627ms
query [23424]: # of matches found 31135 and it took: 102377ms
query [23425]: # of matches found 31096 and it took: 102287ms
query [23426]: # of matches found 30813 and it took: 101851ms
query [23427]: # of matches found 30689 and it took: 101704ms
query [23428]: # of matches found 30649 and it took: 102244ms
query [23429]: # of matches found 30648 and it took: 101863ms
query [23430]: # of matches found 30596 and it took: 102241ms
query [23431]: # of matches found 30028 and it took: 102870ms
query [23432]: # of matches found 29804 and it took: 102708ms
query [23433]: # of matches found 29661 and it took: 102114ms
query [23434]: # of matches found 29359 and it took: 102074ms
query [23435]: # of matches found 29151 and it took: 101963ms
query [23436]: # of matches found 29117 and it took: 102133ms
query [23437]: # of matches found 28972 and it took: 102083ms
query [23438]: # of matches found 28897 and it took: 101912ms
query [23439]: # of matches found 28737 and it took: 102419ms
query [23440]: # of matches found 28671 and it took: 102096ms
query [23441]: # of matches found 28713 and it took: 102910ms
query [23442]: # of matches found 28600 and it took: 102824ms
query [23443]: # of matches found 28625 and it took: 102753ms
query [23444]: # of matches found 28829 and it took: 102943ms
query [23445]: # of matches found 28894 and it took: 102823ms
query [23446]: # of matches found 28920 and it took: 103218ms
query [23447]: # of matches found 28940 and it took: 102769ms
query [23448]: # of matches found 28891 and it took: 102368ms
query [23449]: # of matches found 28714 and it took: 103281ms
query [23450]: # of matches found 28777 and it took: 102899ms
query [23451]: # of matches found 26297 and it took: 103672ms
query [23452]: # of matches found 26443 and it took: 103481ms
query [23453]: # of matches found 26497 and it took: 103212ms
query [23454]: # of matches found 26522 and it took: 103738ms
query [23455]: # of matches found 26668 and it took: 103825ms
query [23456]: # of matches found 26796 and it took: 103490ms
query [23457]: # of matches found 26718 and it took: 103339ms
query [23458]: # of matches found 26698 and it took: 103034ms
query [23459]: # of matches found 27219 and it took: 104484ms
query [23460]: # of matches found 27528 and it took: 104620ms
query [23461]: # of matches found 28255 and it took: 105258ms
query [23462]: # of matches found 28336 and it took: 105843ms
query [23463]: # of matches found 28908 and it took: 106472ms
query [23464]: # of matches found 28791 and it took: 106391ms
query [23465]: # of matches found 28805 and it took: 108183ms
query [23466]: # of matches found 30066 and it took: 107087ms
query [23467]: # of matches found 28913 and it took: 106718ms
query [23468]: # of matches found 28860 and it took: 106492ms
query [23469]: # of matches found 28909 and it took: 107139ms
query [23470]: # of matches found 28369 and it took: 106551ms
query [23471]: # of matches found 28315 and it took: 107105ms
query [23472]: # of matches found 28331 and it took: 107244ms
query [23473]: # of matches found 28203 and it took: 106931ms
query [23474]: # of matches found 28155 and it took: 107359ms
query [23475]: # of matches found 28082 and it took: 107356ms
query [23476]: # of matches found 28162 and it took: 107456ms
query [23477]: # of matches found 28181 and it took: 107522ms
query [23478]: # of matches found 28062 and it took: 106988ms
query [23479]: # of matches found 27597 and it took: 108059ms
query [23480]: # of matches found 27450 and it took: 107419ms
query [23481]: # of matches found 27173 and it took: 108189ms
query [23482]: # of matches found 26791 and it took: 108731ms
query [23483]: # of matches found 25993 and it took: 108765ms
query [23484]: # of matches found 25021 and it took: 108481ms
query [23485]: # of matches found 24215 and it took: 109480ms
query [23486]: # of matches found 23996 and it took: 109147ms
query [23487]: # of matches found 23516 and it took: 110315ms
query [23488]: # of matches found 23052 and it took: 108295ms
query [23489]: # of matches found 23083 and it took: 109267ms
query [23490]: # of matches found 23236 and it took: 108461ms
query [23491]: # of matches found 23536 and it took: 109099ms
query [23492]: # of matches found 23534 and it took: 109486ms
query [23493]: # of matches found 23629 and it took: 108540ms
query [23494]: # of matches found 23774 and it took: 108973ms
query [23495]: # of matches found 23844 and it took: 109494ms
query [23496]: # of matches found 23754 and it took: 108591ms
query [23497]: # of matches found 23881 and it took: 109521ms
query [23498]: # of matches found 23725 and it took: 108818ms
query [23499]: # of matches found 23505 and it took: 108971ms
query [23500]: # of matches found 23339 and it took: 108259ms
query [23501]: # of matches found 23306 and it took: 109185ms
query [23502]: # of matches found 23164 and it took: 108867ms
query [23503]: # of matches found 23133 and it took: 108901ms
query [23504]: # of matches found 22958 and it took: 108502ms
query [23505]: # of matches found 22928 and it took: 109046ms
query [23506]: # of matches found 22912 and it took: 108478ms
query [23507]: # of matches found 22865 and it took: 108988ms
query [23508]: # of matches found 23065 and it took: 108619ms
query [23509]: # of matches found 23039 and it took: 109322ms
query [23510]: # of matches found 23099 and it took: 108753ms
query [23511]: # of matches found 23159 and it took: 110122ms
query [23512]: # of matches found 23183 and it took: 109746ms
query [23513]: # of matches found 23196 and it took: 110391ms
query [23514]: # of matches found 23365 and it took: 110210ms
query [23515]: # of matches found 23435 and it took: 110471ms
query [23516]: # of matches found 23378 and it took: 109986ms
query [23517]: # of matches found 23491 and it took: 110195ms
query [23518]: # of matches found 23581 and it took: 109953ms
query [23519]: # of matches found 23994 and it took: 110202ms
query [23520]: # of matches found 23984 and it took: 109871ms
query [23521]: # of matches found 24035 and it took: 111117ms
query [23522]: # of matches found 24282 and it took: 110930ms
query [23523]: # of matches found 24433 and it took: 110990ms
query [23524]: # of matches found 24891 and it took: 110037ms
query [23525]: # of matches found 25524 and it took: 110255ms
query [23526]: # of matches found 25296 and it took: 109596ms
query [23527]: # of matches found 25563 and it took: 109887ms
query [23528]: # of matches found 25776 and it took: 109795ms
query [23529]: # of matches found 25679 and it took: 110404ms
query [23530]: # of matches found 25797 and it took: 109662ms
query [23531]: # of matches found 26033 and it took: 111577ms
query [23532]: # of matches found 25759 and it took: 109959ms
query [23533]: # of matches found 25753 and it took: 110120ms
query [23534]: # of matches found 25626 and it took: 110161ms
query [23535]: # of matches found 25647 and it took: 110129ms
query [23536]: # of matches found 25700 and it took: 109117ms
query [23537]: # of matches found 25599 and it took: 109354ms
query [23538]: # of matches found 25592 and it took: 109255ms
query [23539]: # of matches found 25524 and it took: 109310ms
query [23540]: # of matches found 25211 and it took: 108608ms
query [23541]: # of matches found 25227 and it took: 109679ms
query [23542]: # of matches found 25178 and it took: 108832ms
query [23543]: # of matches found 25164 and it took: 108796ms
query [23544]: # of matches found 25261 and it took: 108224ms
query [23545]: # of matches found 25347 and it took: 108742ms
query [23546]: # of matches found 25564 and it took: 108875ms
query [23547]: # of matches found 25422 and it took: 107696ms
query [23548]: # of matches found 25527 and it took: 107498ms
query [23549]: # of matches found 25630 and it took: 107281ms
query [23550]: # of matches found 25611 and it took: 106912ms
query [23551]: # of matches found 25554 and it took: 108211ms
query [23552]: # of matches found 25610 and it took: 107550ms
query [23553]: # of matches found 25786 and it took: 107668ms
query [23554]: # of matches found 25804 and it took: 107621ms
query [23555]: # of matches found 25887 and it took: 107859ms
query [23556]: # of matches found 26008 and it took: 107018ms
query [23557]: # of matches found 26126 and it took: 107008ms
query [23558]: # of matches found 25925 and it took: 106958ms
query [23559]: # of matches found 25673 and it took: 106117ms
query [23560]: # of matches found 25713 and it took: 106105ms
query [23561]: # of matches found 25587 and it took: 106944ms
query [23562]: # of matches found 25749 and it took: 105853ms
query [23563]: # of matches found 25782 and it took: 106642ms
query [23564]: # of matches found 26025 and it took: 106729ms
query [23565]: # of matches found 26212 and it took: 106574ms
query [23566]: # of matches found 26469 and it took: 105849ms
query [23567]: # of matches found 26881 and it took: 104140ms
query [23568]: # of matches found 27253 and it took: 104765ms
query [23569]: # of matches found 27348 and it took: 103930ms
query [23570]: # of matches found 27806 and it took: 104088ms
query [23571]: # of matches found 28362 and it took: 106463ms
query [23572]: # of matches found 28911 and it took: 104964ms
query [23573]: # of matches found 29265 and it took: 105310ms
query [23574]: # of matches found 29442 and it took: 103789ms
query [23575]: # of matches found 29503 and it took: 104504ms
query [23576]: # of matches found 29524 and it took: 103668ms
query [23577]: # of matches found 29400 and it took: 102048ms
query [23578]: # of matches found 29402 and it took: 103463ms
query [23579]: # of matches found 29729 and it took: 101360ms
query [23580]: # of matches found 29791 and it took: 102228ms
query [23581]: # of matches found 30038 and it took: 102973ms
query [23582]: # of matches found 30399 and it took: 101498ms
query [23583]: # of matches found 30373 and it took: 101535ms
query [23584]: # of matches found 30220 and it took: 102006ms
query [23585]: # of matches found 30229 and it took: 102106ms
query [23586]: # of matches found 30278 and it took: 101324ms
query [23587]: # of matches found 30394 and it took: 100644ms
query [23588]: # of matches found 30558 and it took: 101396ms
query [23589]: # of matches found 31186 and it took: 99628.8ms
query [23590]: # of matches found 31243 and it took: 99877.4ms
query [23591]: # of matches found 31442 and it took: 100989ms
query [23592]: # of matches found 31686 and it took: 100475ms
query [23593]: # of matches found 31811 and it took: 100673ms
query [23594]: # of matches found 31796 and it took: 100746ms
query [23595]: # of matches found 31580 and it took: 100813ms
query [23596]: # of matches found 31800 and it took: 100521ms
query [23597]: # of matches found 31799 and it took: 100397ms
query [23598]: # of matches found 32002 and it took: 101287ms
query [23599]: # of matches found 31706 and it took: 100058ms
query [23600]: # of matches found 31109 and it took: 100351ms
query [23601]: # of matches found 30339 and it took: 101259ms
query [23602]: # of matches found 30105 and it took: 100666ms
query [23603]: # of matches found 29443 and it took: 100501ms
query [23604]: # of matches found 29119 and it took: 100536ms
query [23605]: # of matches found 28999 and it took: 100474ms
query [23606]: # of matches found 27613 and it took: 100270ms
query [23607]: # of matches found 27252 and it took: 99725.9ms
query [23608]: # of matches found 27311 and it took: 100990ms
query [23609]: # of matches found 27151 and it took: 101567ms
query [23610]: # of matches found 27162 and it took: 101566ms
query [23611]: # of matches found 27251 and it took: 101498ms
query [23612]: # of matches found 27266 and it took: 101250ms
query [23613]: # of matches found 27473 and it took: 100853ms
query [23614]: # of matches found 27675 and it took: 100626ms
query [23615]: # of matches found 27750 and it took: 100274ms
query [23616]: # of matches found 27806 and it took: 100208ms
query [23617]: # of matches found 27774 and it took: 100284ms
query [23618]: # of matches found 27847 and it took: 100770ms
query [23619]: # of matches found 27870 and it took: 99402.4ms
query [23620]: # of matches found 27894 and it took: 100085ms
query [23621]: # of matches found 27959 and it took: 100895ms
query [23622]: # of matches found 28058 and it took: 100759ms
query [23623]: # of matches found 28224 and it took: 100488ms
query [23624]: # of matches found 28305 and it took: 100204ms
query [23625]: # of matches found 28423 and it took: 99967.7ms
query [23626]: # of matches found 28294 and it took: 99009.8ms
query [23627]: # of matches found 28315 and it took: 99849.9ms
query [23628]: # of matches found 28342 and it took: 100304ms
query [23629]: # of matches found 28241 and it took: 100008ms
query [23630]: # of matches found 28242 and it took: 100692ms
query [23631]: # of matches found 27923 and it took: 100789ms
query [23632]: # of matches found 27879 and it took: 100757ms
query [23633]: # of matches found 27783 and it took: 101327ms
query [23634]: # of matches found 27526 and it took: 99975.8ms
query [23635]: # of matches found 27306 and it took: 99844.1ms
query [23636]: # of matches found 27376 and it took: 99189.2ms
query [23637]: # of matches found 27360 and it took: 99920.8ms
query [23638]: # of matches found 27298 and it took: 100887ms
query [23639]: # of matches found 27612 and it took: 101224ms
query [23640]: # of matches found 27719 and it took: 100075ms
query [23641]: # of matches found 27926 and it took: 100335ms
query [23642]: # of matches found 27950 and it took: 100226ms
query [23643]: # of matches found 28065 and it took: 99954.1ms
query [23644]: # of matches found 28266 and it took: 99919.5ms
query [23645]: # of matches found 28295 and it took: 99354.4ms
query [23646]: # of matches found 28416 and it took: 98956.1ms
query [23647]: # of matches found 28640 and it took: 99446.9ms
query [23648]: # of matches found 28743 and it took: 100090ms
query [23649]: # of matches found 28644 and it took: 99404.7ms
query [23650]: # of matches found 28913 and it took: 99424.5ms
query [23651]: # of matches found 29066 and it took: 100157ms
query [23652]: # of matches found 29135 and it took: 99545ms
query [23653]: # of matches found 29214 and it took: 99410.3ms
query [23654]: # of matches found 29228 and it took: 99781.3ms
query [23655]: # of matches found 29190 and it took: 99527.1ms
query [23656]: # of matches found 29194 and it took: 99064.9ms
query [23657]: # of matches found 29120 and it took: 99452.2ms
query [23658]: # of matches found 28895 and it took: 99698.6ms
query [23659]: # of matches found 28514 and it took: 99399.1ms
query [23660]: # of matches found 28281 and it took: 99991.8ms
query [23661]: # of matches found 28180 and it took: 100332ms
query [23662]: # of matches found 28054 and it took: 101393ms
query [23663]: # of matches found 28052 and it took: 101023ms
query [23664]: # of matches found 28110 and it took: 100400ms
query [23665]: # of matches found 27950 and it took: 100304ms
query [23666]: # of matches found 28055 and it took: 100271ms
query [23667]: # of matches found 27823 and it took: 100039ms
query [23668]: # of matches found 27705 and it took: 100711ms
query [23669]: # of matches found 27849 and it took: 100841ms
query [23670]: # of matches found 27962 and it took: 100800ms
query [23671]: # of matches found 27557 and it took: 101231ms
query [23672]: # of matches found 27628 and it took: 101026ms
query [23673]: # of matches found 28050 and it took: 100917ms
query [23674]: # of matches found 28620 and it took: 100631ms
query [23675]: # of matches found 29055 and it took: 100425ms
query [23676]: # of matches found 29229 and it took: 99461ms
query [23677]: # of matches found 29837 and it took: 100014ms
query [23678]: # of matches found 30109 and it took: 100013ms
query [23679]: # of matches found 30276 and it took: 99850.4ms
query [23680]: # of matches found 30293 and it took: 100019ms
query [23681]: # of matches found 30184 and it took: 99944.7ms
query [23682]: # of matches found 30358 and it took: 99915.1ms
query [23683]: # of matches found 30389 and it took: 102367ms
query [23684]: # of matches found 30408 and it took: 100122ms
query [23685]: # of matches found 30331 and it took: 100646ms
query [23686]: # of matches found 30357 and it took: 99722.5ms
query [23687]: # of matches found 30232 and it took: 100472ms
query [23688]: # of matches found 30078 and it took: 100042ms
query [23689]: # of matches found 30099 and it took: 99994.2ms
query [23690]: # of matches found 30397 and it took: 100777ms
query [23691]: # of matches found 30483 and it took: 100217ms
query [23692]: # of matches found 30673 and it took: 99798.2ms
query [23693]: # of matches found 30619 and it took: 99983.9ms
query [23694]: # of matches found 30610 and it took: 99946.4ms
query [23695]: # of matches found 30886 and it took: 99635.4ms
query [23696]: # of matches found 30906 and it took: 99030.6ms
query [23697]: # of matches found 30976 and it took: 99258ms
query [23698]: # of matches found 31243 and it took: 99411.9ms
query [23699]: # of matches found 31115 and it took: 99932.5ms
query [23700]: # of matches found 30813 and it took: 99765.2ms
query [23701]: # of matches found 30745 and it took: 99543.3ms
query [23702]: # of matches found 30774 and it took: 99986.4ms
query [23703]: # of matches found 31093 and it took: 100268ms
query [23704]: # of matches found 31116 and it took: 100454ms
query [23705]: # of matches found 30960 and it took: 100920ms
query [23706]: # of matches found 30717 and it took: 99495.2ms
query [23707]: # of matches found 30405 and it took: 100193ms
query [23708]: # of matches found 30097 and it took: 100225ms
query [23709]: # of matches found 30083 and it took: 100844ms
query [23710]: # of matches found 29702 and it took: 101133ms
query [23711]: # of matches found 29388 and it took: 101104ms
query [23712]: # of matches found 29019 and it took: 100238ms
query [23713]: # of matches found 28533 and it took: 100935ms
query [23714]: # of matches found 28579 and it took: 100983ms
query [23715]: # of matches found 28359 and it took: 100562ms
query [23716]: # of matches found 28423 and it took: 99646.4ms
query [23717]: # of matches found 28798 and it took: 100128ms
query [23718]: # of matches found 28888 and it took: 99939.6ms
query [23719]: # of matches found 28656 and it took: 100551ms
query [23720]: # of matches found 28906 and it took: 100967ms
query [23721]: # of matches found 28707 and it took: 100653ms
query [23722]: # of matches found 28565 and it took: 100625ms
query [23723]: # of matches found 28503 and it took: 101054ms
query [23724]: # of matches found 28701 and it took: 100868ms
query [23725]: # of matches found 28736 and it took: 100944ms
query [23726]: # of matches found 28831 and it took: 100300ms
query [23727]: # of matches found 28824 and it took: 101465ms
query [23728]: # of matches found 28738 and it took: 101475ms
query [23729]: # of matches found 28315 and it took: 101506ms
query [23730]: # of matches found 28241 and it took: 101803ms
query [23731]: # of matches found 28188 and it took: 101165ms
query [23732]: # of matches found 28123 and it took: 101956ms
query [23733]: # of matches found 28122 and it took: 101797ms
query [23734]: # of matches found 28214 and it took: 102073ms
query [23735]: # of matches found 28637 and it took: 102341ms
query [23736]: # of matches found 28492 and it took: 101158ms
query [23737]: # of matches found 28749 and it took: 101915ms
query [23738]: # of matches found 28864 and it took: 102015ms
query [23739]: # of matches found 29298 and it took: 102051ms
query [23740]: # of matches found 30371 and it took: 101884ms
query [23741]: # of matches found 30920 and it took: 101825ms
query [23742]: # of matches found 31551 and it took: 101500ms
query [23743]: # of matches found 32276 and it took: 101549ms
query [23744]: # of matches found 33235 and it took: 101366ms
query [23745]: # of matches found 34120 and it took: 101339ms
query [23746]: # of matches found 35106 and it took: 100037ms
query [23747]: # of matches found 35706 and it took: 100597ms
query [23748]: # of matches found 37186 and it took: 100271ms
query [23749]: # of matches found 37766 and it took: 100616ms
query [23750]: # of matches found 37859 and it took: 100333ms
query [23751]: # of matches found 38154 and it took: 99849.7ms
query [23752]: # of matches found 38295 and it took: 99636.3ms
query [23753]: # of matches found 38503 and it took: 100133ms
query [23754]: # of matches found 38374 and it took: 99681ms
query [23755]: # of matches found 38667 and it took: 99785.5ms
query [23756]: # of matches found 38844 and it took: 98728.6ms
query [23757]: # of matches found 39152 and it took: 99033.7ms
query [23758]: # of matches found 40551 and it took: 99317.6ms
query [23759]: # of matches found 40817 and it took: 99415.2ms
query [23760]: # of matches found 40844 and it took: 98552.9ms
query [23761]: # of matches found 41680 and it took: 97649.2ms
query [23762]: # of matches found 41689 and it took: 98071.1ms
query [23763]: # of matches found 41842 and it took: 98321.4ms
query [23764]: # of matches found 42098 and it took: 98045.1ms
query [23765]: # of matches found 42239 and it took: 97433.3ms
query [23766]: # of matches found 42261 and it took: 96464.2ms
query [23767]: # of matches found 42302 and it took: 97116.2ms
query [23768]: # of matches found 42201 and it took: 96934.6ms
query [23769]: # of matches found 42310 and it took: 97113ms
query [23770]: # of matches found 42277 and it took: 96719.5ms
query [23771]: # of matches found 42285 and it took: 96384.2ms
query [23772]: # of matches found 42344 and it took: 96495.6ms
query [23773]: # of matches found 42609 and it took: 96273.7ms
query [23774]: # of matches found 42835 and it took: 96456.4ms
query [23775]: # of matches found 43123 and it took: 96137.9ms
query [23776]: # of matches found 43559 and it took: 95542.9ms
query [23777]: # of matches found 43823 and it took: 96628.8ms
query [23778]: # of matches found 44536 and it took: 95872.7ms
query [23779]: # of matches found 44469 and it took: 95795.5ms
query [23780]: # of matches found 44540 and it took: 95446.4ms
query [23781]: # of matches found 44897 and it took: 95115.7ms
query [23782]: # of matches found 45598 and it took: 94999.8ms
query [23783]: # of matches found 46192 and it took: 95331.8ms
query [23784]: # of matches found 46222 and it took: 95151.3ms
query [23785]: # of matches found 46405 and it took: 95325.6ms
query [23786]: # of matches found 46508 and it took: 94474.9ms
query [23787]: # of matches found 46398 and it took: 95161.8ms
query [23788]: # of matches found 47023 and it took: 94393ms
query [23789]: # of matches found 48193 and it took: 94346.8ms
query [23790]: # of matches found 49714 and it took: 94006.8ms
query [23791]: # of matches found 50034 and it took: 93781.2ms
query [23792]: # of matches found 50587 and it took: 93174ms
query [23793]: # of matches found 50627 and it took: 93444.9ms
query [23794]: # of matches found 50881 and it took: 93117.9ms
query [23795]: # of matches found 50890 and it took: 93087.4ms
query [23796]: # of matches found 50939 and it took: 92761.7ms
query [23797]: # of matches found 50993 and it took: 92713.8ms
query [23798]: # of matches found 51078 and it took: 92092.1ms
query [23799]: # of matches found 51128 and it took: 92319.3ms
query [23800]: # of matches found 51538 and it took: 91791ms
query [23801]: # of matches found 51894 and it took: 91700.3ms
query [23802]: # of matches found 52368 and it took: 91305.9ms
query [23803]: # of matches found 53277 and it took: 91364.6ms
query [23804]: # of matches found 53609 and it took: 91615.5ms
query [23805]: # of matches found 53619 and it took: 91193.9ms
query [23806]: # of matches found 53267 and it took: 90507.7ms
query [23807]: # of matches found 53364 and it took: 90735.4ms
query [23808]: # of matches found 53454 and it took: 90487.1ms
query [23809]: # of matches found 54014 and it took: 90379.6ms
query [23810]: # of matches found 54650 and it took: 89960ms
query [23811]: # of matches found 55130 and it took: 89866.5ms
query [23812]: # of matches found 55979 and it took: 89629.1ms
query [23813]: # of matches found 56113 and it took: 89810.6ms
query [23814]: # of matches found 57115 and it took: 89813.4ms
query [23815]: # of matches found 56945 and it took: 89764.8ms
query [23816]: # of matches found 56907 and it took: 89664.4ms
query [23817]: # of matches found 57028 and it took: 89580.4ms
query [23818]: # of matches found 58228 and it took: 88922.8ms
query [23819]: # of matches found 63207 and it took: 89182.8ms
query [23820]: # of matches found 64234 and it took: 88855.2ms
query [23821]: # of matches found 64820 and it took: 88699.6ms
query [23822]: # of matches found 64965 and it took: 88078.8ms
query [23823]: # of matches found 65237 and it took: 88283ms
query [23824]: # of matches found 65708 and it took: 88479.1ms
query [23825]: # of matches found 66339 and it took: 88330.9ms
query [23826]: # of matches found 66509 and it took: 88191.4ms
query [23827]: # of matches found 66804 and it took: 88282.2ms
query [23828]: # of matches found 66916 and it took: 87919ms
query [23829]: # of matches found 66937 and it took: 87771ms
query [23830]: # of matches found 67123 and it took: 87319.6ms
query [23831]: # of matches found 67233 and it took: 87527.2ms
query [23832]: # of matches found 67109 and it took: 86989.4ms
query [23833]: # of matches found 67341 and it took: 87211.7ms
query [23834]: # of matches found 67410 and it took: 87154.3ms
query [23835]: # of matches found 67147 and it took: 87173.4ms
query [23836]: # of matches found 67233 and it took: 87654.5ms
query [23837]: # of matches found 67378 and it took: 87122.3ms
query [23838]: # of matches found 67213 and it took: 86856.4ms
query [23839]: # of matches found 67264 and it took: 86796.2ms
query [23840]: # of matches found 67341 and it took: 86468.2ms
query [23841]: # of matches found 67509 and it took: 86859.2ms
query [23842]: # of matches found 67425 and it took: 86290ms
query [23843]: # of matches found 67410 and it took: 86523.9ms
query [23844]: # of matches found 67478 and it took: 86589.9ms
query [23845]: # of matches found 67838 and it took: 86262ms
query [23846]: # of matches found 68159 and it took: 86315.1ms
query [23847]: # of matches found 68563 and it took: 86305.8ms
query [23848]: # of matches found 68899 and it took: 85808.8ms
query [23849]: # of matches found 78346 and it took: 85709.3ms
query [23850]: # of matches found 78826 and it took: 85504.4ms
query [23851]: # of matches found 79595 and it took: 86028.5ms
query [23852]: # of matches found 80082 and it took: 85426.4ms
query [23853]: # of matches found 80178 and it took: 85843ms
query [23854]: # of matches found 80173 and it took: 85256.3ms
query [23855]: # of matches found 80385 and it took: 84925.8ms
query [23856]: # of matches found 80460 and it took: 84923.8ms
query [23857]: # of matches found 80275 and it took: 85628.6ms
query [23858]: # of matches found 80369 and it took: 84920.6ms
query [23859]: # of matches found 80358 and it took: 85154.1ms
query [23860]: # of matches found 80294 and it took: 85093ms
query [23861]: # of matches found 80294 and it took: 84895.6ms
query [23862]: # of matches found 80509 and it took: 84773.1ms
query [23863]: # of matches found 80543 and it took: 85095.3ms
query [23864]: # of matches found 80463 and it took: 84924.8ms
query [23865]: # of matches found 80415 and it took: 84985.8ms
query [23866]: # of matches found 80374 and it took: 85276.4ms
query [23867]: # of matches found 80232 and it took: 85191.3ms
query [23868]: # of matches found 80488 and it took: 85006.1ms
query [23869]: # of matches found 80651 and it took: 85264.8ms
query [23870]: # of matches found 81036 and it took: 84994.2ms
query [23871]: # of matches found 81439 and it took: 86315.3ms
query [23872]: # of matches found 81720 and it took: 85528.8ms
query [23873]: # of matches found 81836 and it took: 85709.9ms
query [23874]: # of matches found 81785 and it took: 85898.4ms
query [23875]: # of matches found 81579 and it took: 86031.3ms
query [23876]: # of matches found 81336 and it took: 86097ms
query [23877]: # of matches found 81252 and it took: 86109.6ms
query [23878]: # of matches found 81084 and it took: 86440.6ms
query [23879]: # of matches found 81004 and it took: 86590.3ms
query [23880]: # of matches found 80094 and it took: 86750.6ms
query [23881]: # of matches found 79898 and it took: 86763.7ms
query [23882]: # of matches found 79090 and it took: 86800.2ms
query [23883]: # of matches found 78761 and it took: 86938.2ms
query [23884]: # of matches found 77875 and it took: 86613.8ms
query [23885]: # of matches found 77102 and it took: 86707.8ms
query [23886]: # of matches found 76895 and it took: 87105.4ms
query [23887]: # of matches found 77266 and it took: 86379.5ms
query [23888]: # of matches found 76508 and it took: 86661.5ms
query [23889]: # of matches found 75836 and it took: 87063.2ms
query [23890]: # of matches found 75776 and it took: 86535.1ms
query [23891]: # of matches found 75742 and it took: 86706.1ms
query [23892]: # of matches found 75645 and it took: 86786ms
query [23893]: # of matches found 75415 and it took: 87096.1ms
query [23894]: # of matches found 75281 and it took: 87175.2ms
query [23895]: # of matches found 75001 and it took: 87152.9ms
query [23896]: # of matches found 74877 and it took: 87863.6ms
query [23897]: # of matches found 74654 and it took: 87855.9ms
query [23898]: # of matches found 73356 and it took: 87713ms
query [23899]: # of matches found 72817 and it took: 88586.7ms
query [23900]: # of matches found 72699 and it took: 87992.1ms
query [23901]: # of matches found 71889 and it took: 88374.1ms
query [23902]: # of matches found 71948 and it took: 89084.2ms
query [23903]: # of matches found 71771 and it took: 89362ms
query [23904]: # of matches found 71476 and it took: 88962.5ms
query [23905]: # of matches found 71673 and it took: 89242.3ms
query [23906]: # of matches found 72091 and it took: 89599.4ms
query [23907]: # of matches found 72408 and it took: 90681.2ms
query [23908]: # of matches found 72606 and it took: 90962.8ms
query [23909]: # of matches found 72699 and it took: 91189.8ms
query [23910]: # of matches found 72696 and it took: 90756ms
query [23911]: # of matches found 72683 and it took: 91094.9ms
query [23912]: # of matches found 72825 and it took: 91832.2ms
query [23913]: # of matches found 72704 and it took: 91517.7ms
query [23914]: # of matches found 72618 and it took: 91677.2ms
query [23915]: # of matches found 72484 and it took: 91816.2ms
query [23916]: # of matches found 72357 and it took: 92199.9ms
query [23917]: # of matches found 72180 and it took: 92311.9ms
query [23918]: # of matches found 71956 and it took: 94752.8ms
query [23919]: # of matches found 72062 and it took: 95532.2ms
query [23920]: # of matches found 72616 and it took: 94058.9ms
query [23921]: # of matches found 72226 and it took: 94681.4ms
query [23922]: # of matches found 72543 and it took: 94811ms
query [23923]: # of matches found 71732 and it took: 93643.1ms
query [23924]: # of matches found 71678 and it took: 93589.6ms
query [23925]: # of matches found 71697 and it took: 92832.5ms
query [23926]: # of matches found 71662 and it took: 93653.6ms
query [23927]: # of matches found 71642 and it took: 93240.6ms
query [23928]: # of matches found 80298 and it took: 93687.8ms
query [23929]: # of matches found 79408 and it took: 94444.7ms
query [23930]: # of matches found 77903 and it took: 93531.7ms
query [23931]: # of matches found 76897 and it took: 93533.6ms
query [23932]: # of matches found 76061 and it took: 94100.1ms
query [23933]: # of matches found 75859 and it took: 94534.4ms
query [23934]: # of matches found 75601 and it took: 94233.9ms
query [23935]: # of matches found 75552 and it took: 94626.1ms
query [23936]: # of matches found 75495 and it took: 95105.3ms
query [23937]: # of matches found 75426 and it took: 95101.1ms
query [23938]: # of matches found 75641 and it took: 96137.2ms
query [23939]: # of matches found 75813 and it took: 96151.1ms
query [23940]: # of matches found 75493 and it took: 96045.9ms
query [23941]: # of matches found 75581 and it took: 95724.5ms
query [23942]: # of matches found 75141 and it took: 96464.5ms
query [23943]: # of matches found 74269 and it took: 96272.3ms
query [23944]: # of matches found 73886 and it took: 96088.9ms
query [23945]: # of matches found 73534 and it took: 96213.2ms
query [23946]: # of matches found 73379 and it took: 96540.5ms
query [23947]: # of matches found 73122 and it took: 96695.7ms
query [23948]: # of matches found 73183 and it took: 96403.2ms
query [23949]: # of matches found 72982 and it took: 97587.9ms
query [23950]: # of matches found 72343 and it took: 97208.1ms
query [23951]: # of matches found 71926 and it took: 97154ms
query [23952]: # of matches found 70684 and it took: 97448.5ms
query [23953]: # of matches found 70379 and it took: 97705.8ms
query [23954]: # of matches found 68981 and it took: 97432.4ms
query [23955]: # of matches found 68883 and it took: 97676.3ms
query [23956]: # of matches found 68696 and it took: 98525ms
query [23957]: # of matches found 68018 and it took: 98455.7ms
query [23958]: # of matches found 67138 and it took: 98551.4ms
query [23959]: # of matches found 62012 and it took: 99364.5ms
query [23960]: # of matches found 60498 and it took: 99064.9ms
query [23961]: # of matches found 59623 and it took: 99271.1ms
query [23962]: # of matches found 59245 and it took: 99573.8ms
query [23963]: # of matches found 59005 and it took: 99892.7ms
query [23964]: # of matches found 58707 and it took: 99218.9ms
query [23965]: # of matches found 58007 and it took: 99494.7ms
query [23966]: # of matches found 57761 and it took: 99653.1ms
query [23967]: # of matches found 57485 and it took: 99945.1ms
query [23968]: # of matches found 59337 and it took: 99666.3ms
query [23969]: # of matches found 59110 and it took: 100978ms
query [23970]: # of matches found 58715 and it took: 100759ms
query [23971]: # of matches found 58664 and it took: 100662ms
query [23972]: # of matches found 58663 and it took: 101444ms
query [23973]: # of matches found 58221 and it took: 101355ms
query [23974]: # of matches found 58098 and it took: 101415ms
query [23975]: # of matches found 58081 and it took: 100509ms
query [23976]: # of matches found 57953 and it took: 101748ms
query [23977]: # of matches found 57968 and it took: 101169ms
query [23978]: # of matches found 58183 and it took: 100825ms
query [23979]: # of matches found 57940 and it took: 101733ms
query [23980]: # of matches found 58040 and it took: 101054ms
query [23981]: # of matches found 57961 and it took: 100871ms
query [23982]: # of matches found 57705 and it took: 101737ms
query [23983]: # of matches found 57531 and it took: 101692ms
query [23984]: # of matches found 58208 and it took: 101365ms
query [23985]: # of matches found 57651 and it took: 101232ms
query [23986]: # of matches found 57515 and it took: 102151ms
query [23987]: # of matches found 57191 and it took: 102615ms
query [23988]: # of matches found 56578 and it took: 100862ms
query [23989]: # of matches found 46994 and it took: 102450ms
query [23990]: # of matches found 46776 and it took: 102165ms
query [23991]: # of matches found 45652 and it took: 101812ms
query [23992]: # of matches found 45204 and it took: 102567ms
query [23993]: # of matches found 44991 and it took: 102068ms
query [23994]: # of matches found 44990 and it took: 102131ms
query [23995]: # of matches found 44832 and it took: 101515ms
query [23996]: # of matches found 44856 and it took: 102086ms
query [23997]: # of matches found 44876 and it took: 102205ms
query [23998]: # of matches found 44868 and it took: 101554ms
query [23999]: # of matches found 44897 and it took: 101943ms
PARMIK's matches per query up to q (1000) => [average: 43348, median: 38386, sum: 43348488]
Starting alignment for all queries [rev]...
queryBaseIndex: 23000
query [23000]: # of matches found 65700 and it took: 96415.3ms
query [23001]: # of matches found 65667 and it took: 95680.5ms
query [23002]: # of matches found 65822 and it took: 95981.6ms
query [23003]: # of matches found 65731 and it took: 96198.4ms
query [23004]: # of matches found 65597 and it took: 95640.4ms
query [23005]: # of matches found 64953 and it took: 96462.5ms
query [23006]: # of matches found 64479 and it took: 96404.7ms
query [23007]: # of matches found 64068 and it took: 96929ms
query [23008]: # of matches found 63755 and it took: 96918.8ms
query [23009]: # of matches found 63481 and it took: 96572.3ms
query [23010]: # of matches found 63316 and it took: 97252ms
query [23011]: # of matches found 63169 and it took: 96829.7ms
query [23012]: # of matches found 63022 and it took: 97132.9ms
query [23013]: # of matches found 62816 and it took: 97215.6ms
query [23014]: # of matches found 62674 and it took: 96708.6ms
query [23015]: # of matches found 62750 and it took: 96830.7ms
query [23016]: # of matches found 62817 and it took: 97357.4ms
query [23017]: # of matches found 61464 and it took: 97758.2ms
query [23018]: # of matches found 61411 and it took: 97664.6ms
query [23019]: # of matches found 61671 and it took: 97110.1ms
query [23020]: # of matches found 62036 and it took: 97410ms
query [23021]: # of matches found 63468 and it took: 97116.6ms
query [23022]: # of matches found 64063 and it took: 96931.9ms
query [23023]: # of matches found 66982 and it took: 97346.5ms
query [23024]: # of matches found 67964 and it took: 96542.7ms
query [23025]: # of matches found 68988 and it took: 97395.6ms
query [23026]: # of matches found 69227 and it took: 97521.4ms
query [23027]: # of matches found 69066 and it took: 97357.7ms
query [23028]: # of matches found 69012 and it took: 97034.8ms
query [23029]: # of matches found 68841 and it took: 96727.1ms
query [23030]: # of matches found 68648 and it took: 96958.2ms
query [23031]: # of matches found 68213 and it took: 96693.7ms
query [23032]: # of matches found 68182 and it took: 96335.4ms
query [23033]: # of matches found 68122 and it took: 96867.8ms
query [23034]: # of matches found 67941 and it took: 95843.8ms
query [23035]: # of matches found 67997 and it took: 96249.7ms
query [23036]: # of matches found 68343 and it took: 96136.5ms
query [23037]: # of matches found 68319 and it took: 96759.6ms
query [23038]: # of matches found 68928 and it took: 96344.1ms
query [23039]: # of matches found 69041 and it took: 95641.6ms
query [23040]: # of matches found 69328 and it took: 95835ms
query [23041]: # of matches found 70127 and it took: 96094.6ms
query [23042]: # of matches found 70589 and it took: 95878.1ms
query [23043]: # of matches found 71526 and it took: 95994.6ms
query [23044]: # of matches found 71655 and it took: 95725.7ms
query [23045]: # of matches found 71615 and it took: 95744.1ms
query [23046]: # of matches found 71383 and it took: 96107.6ms
query [23047]: # of matches found 71264 and it took: 96127.1ms
query [23048]: # of matches found 71380 and it took: 96544ms
query [23049]: # of matches found 45835 and it took: 95479.9ms
query [23050]: # of matches found 45459 and it took: 95623.4ms
query [23051]: # of matches found 45398 and it took: 95222.7ms
query [23052]: # of matches found 45858 and it took: 95479.7ms
query [23053]: # of matches found 46116 and it took: 95784.7ms
query [23054]: # of matches found 46254 and it took: 94979.3ms
query [23055]: # of matches found 46055 and it took: 95344.5ms
query [23056]: # of matches found 46007 and it took: 95732.7ms
query [23057]: # of matches found 45026 and it took: 95403.9ms
query [23058]: # of matches found 44789 and it took: 95370.8ms
query [23059]: # of matches found 44815 and it took: 94695.7ms
query [23060]: # of matches found 44968 and it took: 94951.7ms
query [23061]: # of matches found 44998 and it took: 94826.5ms
query [23062]: # of matches found 45095 and it took: 95911.7ms
query [23063]: # of matches found 44997 and it took: 95004.1ms
query [23064]: # of matches found 44489 and it took: 95011.4ms
query [23065]: # of matches found 43638 and it took: 95408.3ms
query [23066]: # of matches found 43627 and it took: 95289.7ms
query [23067]: # of matches found 43442 and it took: 95021ms
query [23068]: # of matches found 43477 and it took: 95320.7ms
query [23069]: # of matches found 43384 and it took: 94560.5ms
query [23070]: # of matches found 43427 and it took: 94765.2ms
query [23071]: # of matches found 43364 and it took: 95246.8ms
query [23072]: # of matches found 43723 and it took: 94985.5ms
query [23073]: # of matches found 43642 and it took: 95022ms
query [23074]: # of matches found 43600 and it took: 95274.1ms
query [23075]: # of matches found 43552 and it took: 95599.4ms
query [23076]: # of matches found 43401 and it took: 95636.4ms
query [23077]: # of matches found 43368 and it took: 95516.8ms
query [23078]: # of matches found 43364 and it took: 95754.8ms
query [23079]: # of matches found 43312 and it took: 95274.2ms
query [23080]: # of matches found 43197 and it took: 95396.7ms
query [23081]: # of matches found 43193 and it took: 95165.7ms
query [23082]: # of matches found 43108 and it took: 95455.3ms
query [23083]: # of matches found 43136 and it took: 95915.3ms
query [23084]: # of matches found 43288 and it took: 95661.7ms
query [23085]: # of matches found 43656 and it took: 96344.7ms
query [23086]: # of matches found 43645 and it took: 96123.8ms
query [23087]: # of matches found 45852 and it took: 95618.7ms
query [23088]: # of matches found 46219 and it took: 95716.2ms
query [23089]: # of matches found 46574 and it took: 95033.8ms
query [23090]: # of matches found 46633 and it took: 95241.1ms
query [23091]: # of matches found 48403 and it took: 94869.3ms
query [23092]: # of matches found 48529 and it took: 95291.6ms
query [23093]: # of matches found 48751 and it took: 95344.7ms
query [23094]: # of matches found 48797 and it took: 95376.3ms
query [23095]: # of matches found 48613 and it took: 95887.1ms
query [23096]: # of matches found 48698 and it took: 96319.5ms
query [23097]: # of matches found 47953 and it took: 96089.6ms
query [23098]: # of matches found 47191 and it took: 96098.1ms
query [23099]: # of matches found 47462 and it took: 95356.2ms
query [23100]: # of matches found 46271 and it took: 95630.6ms
query [23101]: # of matches found 46040 and it took: 95325.4ms
query [23102]: # of matches found 46130 and it took: 95859.6ms
query [23103]: # of matches found 46021 and it took: 96203.1ms
query [23104]: # of matches found 45906 and it took: 95616.8ms
query [23105]: # of matches found 45542 and it took: 95712.7ms
query [23106]: # of matches found 45563 and it took: 95597.6ms
query [23107]: # of matches found 45855 and it took: 95602.4ms
query [23108]: # of matches found 45933 and it took: 95584.2ms
query [23109]: # of matches found 45928 and it took: 94671.4ms
query [23110]: # of matches found 45753 and it took: 94929.2ms
query [23111]: # of matches found 45828 and it took: 94374ms
query [23112]: # of matches found 45934 and it took: 94548.8ms
query [23113]: # of matches found 46120 and it took: 94324.7ms
query [23114]: # of matches found 46401 and it took: 94528ms
query [23115]: # of matches found 46730 and it took: 94745.7ms
query [23116]: # of matches found 46758 and it took: 95028ms
query [23117]: # of matches found 46694 and it took: 94755ms
query [23118]: # of matches found 46775 and it took: 94646.4ms
query [23119]: # of matches found 46755 and it took: 94156.1ms
query [23120]: # of matches found 46504 and it took: 94119.4ms
query [23121]: # of matches found 46249 and it took: 93883.5ms
query [23122]: # of matches found 45926 and it took: 94602ms
query [23123]: # of matches found 46002 and it took: 94720.8ms
query [23124]: # of matches found 46035 and it took: 94768.4ms
query [23125]: # of matches found 45866 and it took: 95316.5ms
query [23126]: # of matches found 45969 and it took: 95253.3ms
query [23127]: # of matches found 45801 and it took: 95382.8ms
query [23128]: # of matches found 45831 and it took: 95669.7ms
query [23129]: # of matches found 45698 and it took: 95100.9ms
query [23130]: # of matches found 45459 and it took: 95891ms
query [23131]: # of matches found 45388 and it took: 97045.2ms
query [23132]: # of matches found 45286 and it took: 96587.8ms
query [23133]: # of matches found 45169 and it took: 96423ms
query [23134]: # of matches found 45339 and it took: 97873.6ms
query [23135]: # of matches found 45490 and it took: 98482.8ms
query [23136]: # of matches found 45508 and it took: 97218.1ms
query [23137]: # of matches found 45871 and it took: 97541.6ms
query [23138]: # of matches found 45758 and it took: 97721.6ms
query [23139]: # of matches found 45781 and it took: 97371.9ms
query [23140]: # of matches found 45940 and it took: 98638.5ms
query [23141]: # of matches found 46106 and it took: 98026ms
query [23142]: # of matches found 46265 and it took: 99855.7ms
query [23143]: # of matches found 46184 and it took: 99458.3ms
query [23144]: # of matches found 46234 and it took: 99530.3ms
query [23145]: # of matches found 46382 and it took: 100291ms
query [23146]: # of matches found 46334 and it took: 100202ms
query [23147]: # of matches found 46448 and it took: 100211ms
query [23148]: # of matches found 46463 and it took: 100441ms
query [23149]: # of matches found 46344 and it took: 99593.2ms
query [23150]: # of matches found 45971 and it took: 100655ms
query [23151]: # of matches found 47150 and it took: 100198ms
query [23152]: # of matches found 47272 and it took: 101306ms
query [23153]: # of matches found 47317 and it took: 101849ms
query [23154]: # of matches found 47536 and it took: 101535ms
query [23155]: # of matches found 47709 and it took: 102354ms
query [23156]: # of matches found 47784 and it took: 102279ms
query [23157]: # of matches found 47582 and it took: 103141ms
query [23158]: # of matches found 47385 and it took: 102442ms
query [23159]: # of matches found 47034 and it took: 102080ms
query [23160]: # of matches found 46723 and it took: 103719ms
query [23161]: # of matches found 45630 and it took: 103562ms
query [23162]: # of matches found 44743 and it took: 104342ms
query [23163]: # of matches found 42471 and it took: 104400ms
query [23164]: # of matches found 40221 and it took: 104293ms
query [23165]: # of matches found 39508 and it took: 104572ms
query [23166]: # of matches found 39387 and it took: 104317ms
query [23167]: # of matches found 39364 and it took: 104721ms
query [23168]: # of matches found 39324 and it took: 104117ms
query [23169]: # of matches found 39472 and it took: 103501ms
query [23170]: # of matches found 39524 and it took: 104956ms
query [23171]: # of matches found 39480 and it took: 104445ms
query [23172]: # of matches found 39740 and it took: 106036ms
query [23173]: # of matches found 39827 and it took: 105558ms
query [23174]: # of matches found 39790 and it took: 104837ms
query [23175]: # of matches found 39557 and it took: 105362ms
query [23176]: # of matches found 39337 and it took: 104947ms
query [23177]: # of matches found 39052 and it took: 105412ms
query [23178]: # of matches found 38581 and it took: 104997ms
query [23179]: # of matches found 38487 and it took: 104759ms
query [23180]: # of matches found 38264 and it took: 106470ms
query [23181]: # of matches found 37198 and it took: 105545ms
query [23182]: # of matches found 36698 and it took: 106706ms
query [23183]: # of matches found 35569 and it took: 106136ms
query [23184]: # of matches found 35499 and it took: 105745ms
query [23185]: # of matches found 35580 and it took: 107115ms
query [23186]: # of matches found 35832 and it took: 106444ms
query [23187]: # of matches found 36074 and it took: 106002ms
query [23188]: # of matches found 36435 and it took: 104950ms
query [23189]: # of matches found 36653 and it took: 104228ms
query [23190]: # of matches found 36887 and it took: 105578ms
query [23191]: # of matches found 37034 and it took: 105014ms
query [23192]: # of matches found 37259 and it took: 106208ms
query [23193]: # of matches found 37132 and it took: 105682ms
query [23194]: # of matches found 37664 and it took: 105865ms
query [23195]: # of matches found 38640 and it took: 106004ms
query [23196]: # of matches found 38952 and it took: 105222ms
query [23197]: # of matches found 39394 and it took: 104852ms
query [23198]: # of matches found 39919 and it took: 105657ms
query [23199]: # of matches found 40234 and it took: 104090ms
query [23200]: # of matches found 40148 and it took: 105023ms
query [23201]: # of matches found 40302 and it took: 104573ms
query [23202]: # of matches found 40282 and it took: 104134ms
query [23203]: # of matches found 40246 and it took: 105145ms
query [23204]: # of matches found 40318 and it took: 106439ms
query [23205]: # of matches found 40306 and it took: 106471ms
query [23206]: # of matches found 40617 and it took: 105207ms
query [23207]: # of matches found 40664 and it took: 103932ms
query [23208]: # of matches found 40574 and it took: 102981ms
query [23209]: # of matches found 40739 and it took: 102852ms
query [23210]: # of matches found 40578 and it took: 103609ms
query [23211]: # of matches found 40765 and it took: 103939ms
query [23212]: # of matches found 40802 and it took: 103944ms
query [23213]: # of matches found 40551 and it took: 103030ms
query [23214]: # of matches found 42579 and it took: 103318ms
query [23215]: # of matches found 42488 and it took: 104208ms
query [23216]: # of matches found 42828 and it took: 103306ms
query [23217]: # of matches found 42982 and it took: 102922ms
query [23218]: # of matches found 43508 and it took: 102801ms
query [23219]: # of matches found 43627 and it took: 102777ms
query [23220]: # of matches found 43863 and it took: 103423ms
query [23221]: # of matches found 44178 and it took: 103413ms
query [23222]: # of matches found 44471 and it took: 103645ms
query [23223]: # of matches found 44622 and it took: 102790ms
query [23224]: # of matches found 44588 and it took: 103102ms
query [23225]: # of matches found 44878 and it took: 104111ms
query [23226]: # of matches found 46230 and it took: 103598ms
query [23227]: # of matches found 44694 and it took: 103577ms
query [23228]: # of matches found 44526 and it took: 103749ms
query [23229]: # of matches found 44272 and it took: 103302ms
query [23230]: # of matches found 44319 and it took: 103815ms
query [23231]: # of matches found 43228 and it took: 103614ms
query [23232]: # of matches found 42135 and it took: 104277ms
query [23233]: # of matches found 41821 and it took: 103625ms
query [23234]: # of matches found 41678 and it took: 104138ms
query [23235]: # of matches found 41555 and it took: 104395ms
query [23236]: # of matches found 41394 and it took: 104657ms
query [23237]: # of matches found 41130 and it took: 104471ms
query [23238]: # of matches found 41006 and it took: 103951ms
query [23239]: # of matches found 40409 and it took: 104109ms
query [23240]: # of matches found 40471 and it took: 104426ms
query [23241]: # of matches found 40589 and it took: 104207ms
query [23242]: # of matches found 40626 and it took: 105489ms
query [23243]: # of matches found 40374 and it took: 103882ms
query [23244]: # of matches found 40681 and it took: 104315ms
query [23245]: # of matches found 40864 and it took: 105031ms
query [23246]: # of matches found 40963 and it took: 105135ms
query [23247]: # of matches found 40627 and it took: 104384ms
query [23248]: # of matches found 40952 and it took: 103557ms
query [23249]: # of matches found 41178 and it took: 103774ms
query [23250]: # of matches found 41285 and it took: 104580ms
query [23251]: # of matches found 41731 and it took: 104342ms
query [23252]: # of matches found 41749 and it took: 104624ms
query [23253]: # of matches found 41816 and it took: 103721ms
query [23254]: # of matches found 41889 and it took: 104591ms
query [23255]: # of matches found 41484 and it took: 105213ms
query [23256]: # of matches found 41519 and it took: 104727ms
query [23257]: # of matches found 41723 and it took: 104497ms
query [23258]: # of matches found 41531 and it took: 103656ms
query [23259]: # of matches found 41426 and it took: 103424ms
query [23260]: # of matches found 41168 and it took: 103705ms
query [23261]: # of matches found 41086 and it took: 103643ms
query [23262]: # of matches found 41293 and it took: 103931ms
query [23263]: # of matches found 41119 and it took: 103000ms
query [23264]: # of matches found 41002 and it took: 103244ms
query [23265]: # of matches found 41503 and it took: 103489ms
query [23266]: # of matches found 41397 and it took: 102968ms
query [23267]: # of matches found 41389 and it took: 103185ms
query [23268]: # of matches found 41265 and it took: 103057ms
query [23269]: # of matches found 41455 and it took: 102888ms
query [23270]: # of matches found 41546 and it took: 103724ms
query [23271]: # of matches found 41584 and it took: 103330ms
query [23272]: # of matches found 41507 and it took: 103617ms
query [23273]: # of matches found 41529 and it took: 102640ms
query [23274]: # of matches found 41625 and it took: 103635ms
query [23275]: # of matches found 41406 and it took: 103973ms
query [23276]: # of matches found 41808 and it took: 103058ms
query [23277]: # of matches found 41674 and it took: 102672ms
query [23278]: # of matches found 41696 and it took: 103291ms
query [23279]: # of matches found 41511 and it took: 102929ms
query [23280]: # of matches found 41487 and it took: 103663ms
query [23281]: # of matches found 41460 and it took: 103222ms
query [23282]: # of matches found 41357 and it took: 103482ms
query [23283]: # of matches found 41443 and it took: 102137ms
query [23284]: # of matches found 41402 and it took: 102825ms
query [23285]: # of matches found 41433 and it took: 102778ms
query [23286]: # of matches found 41492 and it took: 102525ms
query [23287]: # of matches found 41492 and it took: 102144ms
query [23288]: # of matches found 41445 and it took: 101817ms
query [23289]: # of matches found 41426 and it took: 101096ms
query [23290]: # of matches found 41775 and it took: 101771ms
query [23291]: # of matches found 40864 and it took: 102046ms
query [23292]: # of matches found 40894 and it took: 102532ms
query [23293]: # of matches found 40987 and it took: 101904ms
query [23294]: # of matches found 40745 and it took: 102478ms
query [23295]: # of matches found 40643 and it took: 103231ms
query [23296]: # of matches found 40483 and it took: 102834ms
query [23297]: # of matches found 40563 and it took: 102372ms
query [23298]: # of matches found 40582 and it took: 102719ms
query [23299]: # of matches found 40636 and it took: 101761ms
query [23300]: # of matches found 40623 and it took: 102364ms
query [23301]: # of matches found 40579 and it took: 102635ms
query [23302]: # of matches found 40713 and it took: 102555ms
query [23303]: # of matches found 40754 and it took: 101774ms
query [23304]: # of matches found 40718 and it took: 101959ms
query [23305]: # of matches found 40532 and it took: 102819ms
query [23306]: # of matches found 40270 and it took: 102226ms
query [23307]: # of matches found 39985 and it took: 102475ms
query [23308]: # of matches found 39931 and it took: 102705ms
query [23309]: # of matches found 39892 and it took: 101419ms
query [23310]: # of matches found 39776 and it took: 102920ms
query [23311]: # of matches found 40925 and it took: 103336ms
query [23312]: # of matches found 40608 and it took: 103482ms
query [23313]: # of matches found 40367 and it took: 102845ms
query [23314]: # of matches found 40318 and it took: 102283ms
query [23315]: # of matches found 40393 and it took: 105146ms
query [23316]: # of matches found 40358 and it took: 104968ms
query [23317]: # of matches found 40466 and it took: 102728ms
query [23318]: # of matches found 40606 and it took: 102776ms
query [23319]: # of matches found 40547 and it took: 101970ms
query [23320]: # of matches found 40835 and it took: 103070ms
query [23321]: # of matches found 40997 and it took: 102570ms
query [23322]: # of matches found 40922 and it took: 102867ms
query [23323]: # of matches found 40937 and it took: 102620ms
query [23324]: # of matches found 41084 and it took: 101629ms
query [23325]: # of matches found 41099 and it took: 102662ms
query [23326]: # of matches found 41267 and it took: 101829ms
query [23327]: # of matches found 41277 and it took: 102037ms
query [23328]: # of matches found 40853 and it took: 102051ms
query [23329]: # of matches found 40401 and it took: 101291ms
query [23330]: # of matches found 40156 and it took: 103274ms
query [23331]: # of matches found 39861 and it took: 102019ms
query [23332]: # of matches found 39261 and it took: 103268ms
query [23333]: # of matches found 39156 and it took: 102992ms
query [23334]: # of matches found 38758 and it took: 101729ms
query [23335]: # of matches found 37622 and it took: 103226ms
query [23336]: # of matches found 37107 and it took: 102247ms
query [23337]: # of matches found 36614 and it took: 102544ms
query [23338]: # of matches found 36374 and it took: 101990ms
query [23339]: # of matches found 36609 and it took: 101417ms
query [23340]: # of matches found 36827 and it took: 102571ms
query [23341]: # of matches found 37025 and it took: 101537ms
query [23342]: # of matches found 37357 and it took: 101733ms
query [23343]: # of matches found 37987 and it took: 101762ms
query [23344]: # of matches found 38623 and it took: 100990ms
query [23345]: # of matches found 39316 and it took: 102042ms
query [23346]: # of matches found 39627 and it took: 100851ms
query [23347]: # of matches found 40095 and it took: 101233ms
query [23348]: # of matches found 40281 and it took: 100966ms
query [23349]: # of matches found 40322 and it took: 100240ms
query [23350]: # of matches found 40305 and it took: 101475ms
query [23351]: # of matches found 40115 and it took: 100930ms
query [23352]: # of matches found 40043 and it took: 101303ms
query [23353]: # of matches found 40054 and it took: 101999ms
query [23354]: # of matches found 38173 and it took: 102415ms
query [23355]: # of matches found 38285 and it took: 101606ms
query [23356]: # of matches found 38140 and it took: 101519ms
query [23357]: # of matches found 37903 and it took: 102278ms
query [23358]: # of matches found 37668 and it took: 102427ms
query [23359]: # of matches found 37657 and it took: 101129ms
query [23360]: # of matches found 37508 and it took: 102455ms
query [23361]: # of matches found 37290 and it took: 101684ms
query [23362]: # of matches found 37122 and it took: 102415ms
query [23363]: # of matches found 36981 and it took: 102617ms
query [23364]: # of matches found 37362 and it took: 101600ms
query [23365]: # of matches found 36922 and it took: 102662ms
query [23366]: # of matches found 35389 and it took: 102000ms
query [23367]: # of matches found 34826 and it took: 102264ms
query [23368]: # of matches found 34542 and it took: 101497ms
query [23369]: # of matches found 34331 and it took: 100259ms
query [23370]: # of matches found 34164 and it took: 101167ms
query [23371]: # of matches found 34000 and it took: 100333ms
query [23372]: # of matches found 33958 and it took: 100872ms
query [23373]: # of matches found 33971 and it took: 101238ms
query [23374]: # of matches found 33966 and it took: 100153ms
query [23375]: # of matches found 34107 and it took: 101425ms
query [23376]: # of matches found 34226 and it took: 100816ms
query [23377]: # of matches found 34334 and it took: 100845ms
query [23378]: # of matches found 34390 and it took: 100426ms
query [23379]: # of matches found 34419 and it took: 100133ms
query [23380]: # of matches found 34217 and it took: 100247ms
query [23381]: # of matches found 34111 and it took: 100053ms
query [23382]: # of matches found 34077 and it took: 101234ms
query [23383]: # of matches found 34007 and it took: 101639ms
query [23384]: # of matches found 33972 and it took: 100499ms
query [23385]: # of matches found 34145 and it took: 101336ms
query [23386]: # of matches found 33744 and it took: 101785ms
query [23387]: # of matches found 33732 and it took: 101204ms
query [23388]: # of matches found 33316 and it took: 100822ms
query [23389]: # of matches found 33153 and it took: 100978ms
query [23390]: # of matches found 33162 and it took: 101701ms
query [23391]: # of matches found 32564 and it took: 101677ms
query [23392]: # of matches found 32466 and it took: 102593ms
query [23393]: # of matches found 32264 and it took: 102405ms
query [23394]: # of matches found 32072 and it took: 102133ms
query [23395]: # of matches found 31954 and it took: 102473ms
query [23396]: # of matches found 31885 and it took: 102372ms
query [23397]: # of matches found 31536 and it took: 102059ms
query [23398]: # of matches found 31530 and it took: 101272ms
query [23399]: # of matches found 31510 and it took: 100987ms
query [23400]: # of matches found 32042 and it took: 101359ms
query [23401]: # of matches found 31958 and it took: 101532ms
query [23402]: # of matches found 31784 and it took: 102080ms
query [23403]: # of matches found 31778 and it took: 102194ms
query [23404]: # of matches found 31693 and it took: 101908ms
query [23405]: # of matches found 31702 and it took: 101983ms
query [23406]: # of matches found 30993 and it took: 102662ms
query [23407]: # of matches found 31064 and it took: 102354ms
query [23408]: # of matches found 31070 and it took: 101764ms
query [23409]: # of matches found 30855 and it took: 101683ms
query [23410]: # of matches found 30719 and it took: 101308ms
query [23411]: # of matches found 30731 and it took: 101271ms
query [23412]: # of matches found 30663 and it took: 101748ms
query [23413]: # of matches found 30678 and it took: 101808ms
query [23414]: # of matches found 30618 and it took: 101169ms
query [23415]: # of matches found 30592 and it took: 101610ms
query [23416]: # of matches found 30447 and it took: 101974ms
query [23417]: # of matches found 30494 and it took: 101452ms
query [23418]: # of matches found 30508 and it took: 101720ms
query [23419]: # of matches found 30855 and it took: 101279ms
query [23420]: # of matches found 30989 and it took: 101580ms
query [23421]: # of matches found 30966 and it took: 102070ms
query [23422]: # of matches found 30965 and it took: 102189ms
query [23423]: # of matches found 30921 and it took: 102682ms
query [23424]: # of matches found 30630 and it took: 101799ms
query [23425]: # of matches found 30530 and it took: 102228ms
query [23426]: # of matches found 30292 and it took: 102956ms
query [23427]: # of matches found 30153 and it took: 102752ms
query [23428]: # of matches found 30093 and it took: 102143ms
query [23429]: # of matches found 30120 and it took: 101820ms
query [23430]: # of matches found 30039 and it took: 102254ms
query [23431]: # of matches found 29388 and it took: 102577ms
query [23432]: # of matches found 29152 and it took: 102837ms
query [23433]: # of matches found 29003 and it took: 103340ms
query [23434]: # of matches found 28805 and it took: 102259ms
query [23435]: # of matches found 28832 and it took: 102407ms
query [23436]: # of matches found 28720 and it took: 102877ms
query [23437]: # of matches found 28596 and it took: 102453ms
query [23438]: # of matches found 28542 and it took: 102421ms
query [23439]: # of matches found 28386 and it took: 103089ms
query [23440]: # of matches found 28321 and it took: 102257ms
query [23441]: # of matches found 28355 and it took: 102437ms
query [23442]: # of matches found 28208 and it took: 102436ms
query [23443]: # of matches found 28278 and it took: 103450ms
query [23444]: # of matches found 28470 and it took: 103070ms
query [23445]: # of matches found 28510 and it took: 103019ms
query [23446]: # of matches found 28577 and it took: 103828ms
query [23447]: # of matches found 28552 and it took: 103478ms
query [23448]: # of matches found 28511 and it took: 103429ms
query [23449]: # of matches found 28278 and it took: 103779ms
query [23450]: # of matches found 28351 and it took: 103386ms
query [23451]: # of matches found 27091 and it took: 105110ms
query [23452]: # of matches found 27185 and it took: 104677ms
query [23453]: # of matches found 27191 and it took: 105086ms
query [23454]: # of matches found 27211 and it took: 104704ms
query [23455]: # of matches found 27326 and it took: 104318ms
query [23456]: # of matches found 27463 and it took: 105174ms
query [23457]: # of matches found 27334 and it took: 104276ms
query [23458]: # of matches found 27212 and it took: 104545ms
query [23459]: # of matches found 27719 and it took: 104827ms
query [23460]: # of matches found 27951 and it took: 104775ms
query [23461]: # of matches found 28734 and it took: 105362ms
query [23462]: # of matches found 29433 and it took: 105166ms
query [23463]: # of matches found 30193 and it took: 106177ms
query [23464]: # of matches found 30100 and it took: 106360ms
query [23465]: # of matches found 30142 and it took: 106162ms
query [23466]: # of matches found 31275 and it took: 106744ms
query [23467]: # of matches found 31005 and it took: 106096ms
query [23468]: # of matches found 30908 and it took: 106175ms
query [23469]: # of matches found 30927 and it took: 105761ms
query [23470]: # of matches found 30736 and it took: 105359ms
query [23471]: # of matches found 30649 and it took: 105989ms
query [23472]: # of matches found 30624 and it took: 105686ms
query [23473]: # of matches found 30515 and it took: 107262ms
query [23474]: # of matches found 30458 and it took: 106504ms
query [23475]: # of matches found 30368 and it took: 105912ms
query [23476]: # of matches found 30395 and it took: 107267ms
query [23477]: # of matches found 30415 and it took: 106861ms
query [23478]: # of matches found 30325 and it took: 106562ms
query [23479]: # of matches found 29737 and it took: 106734ms
query [23480]: # of matches found 29618 and it took: 106098ms
query [23481]: # of matches found 29049 and it took: 107706ms
query [23482]: # of matches found 28570 and it took: 107941ms
query [23483]: # of matches found 27632 and it took: 108847ms
query [23484]: # of matches found 26712 and it took: 107928ms
query [23485]: # of matches found 25848 and it took: 107974ms
query [23486]: # of matches found 25604 and it took: 108697ms
query [23487]: # of matches found 25115 and it took: 108360ms
query [23488]: # of matches found 24382 and it took: 109063ms
query [23489]: # of matches found 24433 and it took: 109242ms
query [23490]: # of matches found 24515 and it took: 108696ms
query [23491]: # of matches found 24867 and it took: 109678ms
query [23492]: # of matches found 24943 and it took: 108911ms
query [23493]: # of matches found 25069 and it took: 109811ms
query [23494]: # of matches found 25225 and it took: 109929ms
query [23495]: # of matches found 25300 and it took: 108536ms
query [23496]: # of matches found 25165 and it took: 109132ms
query [23497]: # of matches found 25290 and it took: 108424ms
query [23498]: # of matches found 25139 and it took: 108113ms
query [23499]: # of matches found 24987 and it took: 108767ms
query [23500]: # of matches found 24845 and it took: 108940ms
query [23501]: # of matches found 24775 and it took: 109761ms
query [23502]: # of matches found 24627 and it took: 108957ms
query [23503]: # of matches found 24611 and it took: 109948ms
query [23504]: # of matches found 24260 and it took: 110366ms
query [23505]: # of matches found 23877 and it took: 110756ms
query [23506]: # of matches found 23924 and it took: 110857ms
