no kmerRangesFileAddressArg!
no baselineBaseAddress!
no otherToolArg!
**********************CONFIGURATIONS*****************************
PARMIK mode:                  3
readDatabaseAddress:          /p/lava/parmik/partialMatcherProject/datasets/metagenomicDB/SRR14381425/SRR14381425_reads
readFileName:                 SRR14381425_reads
queryFileAddress:             /p/lava/parmik/partialMatcherProject/datasets/queryFiles/covidQueryFiles/NC_045512_chunks/NC_045512_queries_28000-28999
queryFileName:                NC_045512_queries_28000-28999
otherToolOutputFileAddress:   /u/rgq5aw/GIT/PARMIK/partialMatcherProject/tools/blast/SRR14381425/NC_045512/blastn_ws30_results.out
outputDir:                    /p/lava/parmik/partialMatcherProject/tools/baseline_ssw/SRR14381425/NC_045512
penaltyFileAddress:           /u/rgq5aw/GIT/PARMIK/experiments/parmik/CK_SSW_ID_PRCNTG/PenaltySets/2484_1111_2444_2288_2848
kmerRangesFileAddress:        
readsCount:                   17000000
queryCount:                   30000
kmerLength:                   11
regionSize:                   48
cheapKmerThreshold:           0
identityPercentage:           0.85
minExactMatchLen:             0
minNumExactMatchKmer:         0
isIndexOffline:               1
offlineIndexAddress:          /p/lava/parmik/partialMatcherProject/tools/parmik/CK_INDEX/SRR14381425/
baselineBaseAddress:          
max editDistance in min region: 2
**********************CONFIGURATIONS*****************************
--------------Penalties--------------
m: 2, s: 4, go: 8, ge: 4
m: 1, s: 1, go: 1, ge: 1
m: 2, s: 4, go: 4, ge: 4
m: 2, s: 2, go: 8, ge: 8
m: 2, s: 8, go: 4, ge: 8
------------------------------------
numberOfReadsWithN : 0
queryCount : 1000
numberOfReadsWithN : 0
readCount : 17000000
offlineCheapIndexAddress: /p/lava/parmik/partialMatcherProject/tools/parmik/CK_INDEX/SRR14381425/ck_T0_K11_r17000000
pmrkAlignmentsAddress: /p/lava/parmik/partialMatcherProject/tools/baseline_ssw/SRR14381425/NC_045512/aln/pmAln_R48_PI85_L0_M0_E2_K11_T0_P_2484_1111_2444_2288_2848.txt
Starting alignment for all queries [fwd]...
queryBaseIndex: 28000
query [28000]: # of matches found 33787 and it took: 108549ms
query [28001]: # of matches found 34026 and it took: 108970ms
query [28002]: # of matches found 34313 and it took: 109192ms
query [28003]: # of matches found 34310 and it took: 108700ms
query [28004]: # of matches found 34582 and it took: 108136ms
query [28005]: # of matches found 34613 and it took: 108349ms
query [28006]: # of matches found 34856 and it took: 109172ms
query [28007]: # of matches found 35156 and it took: 109488ms
query [28008]: # of matches found 35991 and it took: 108067ms
query [28009]: # of matches found 36248 and it took: 108889ms
query [28010]: # of matches found 36504 and it took: 107781ms
query [28011]: # of matches found 36716 and it took: 107762ms
query [28012]: # of matches found 36712 and it took: 107640ms
query [28013]: # of matches found 36817 and it took: 108133ms
query [28014]: # of matches found 36961 and it took: 106874ms
query [28015]: # of matches found 37023 and it took: 107134ms
query [28016]: # of matches found 36999 and it took: 107581ms
query [28017]: # of matches found 36626 and it took: 107451ms
query [28018]: # of matches found 36636 and it took: 106831ms
query [28019]: # of matches found 36569 and it took: 107516ms
query [28020]: # of matches found 36689 and it took: 107168ms
query [28021]: # of matches found 36655 and it took: 107606ms
query [28022]: # of matches found 36464 and it took: 108578ms
query [28023]: # of matches found 35682 and it took: 107871ms
query [28024]: # of matches found 35490 and it took: 107606ms
query [28025]: # of matches found 35446 and it took: 107290ms
query [28026]: # of matches found 35490 and it took: 107535ms
query [28027]: # of matches found 35498 and it took: 107501ms
query [28028]: # of matches found 35533 and it took: 106808ms
query [28029]: # of matches found 35438 and it took: 107495ms
query [28030]: # of matches found 35266 and it took: 106863ms
query [28031]: # of matches found 35346 and it took: 107184ms
query [28032]: # of matches found 35292 and it took: 107319ms
query [28033]: # of matches found 35357 and it took: 107434ms
query [28034]: # of matches found 35358 and it took: 106373ms
query [28035]: # of matches found 35365 and it took: 106087ms
query [28036]: # of matches found 35345 and it took: 107139ms
query [28037]: # of matches found 35366 and it took: 107341ms
query [28038]: # of matches found 35510 and it took: 106905ms
query [28039]: # of matches found 35567 and it took: 107368ms
query [28040]: # of matches found 35509 and it took: 107222ms
query [28041]: # of matches found 35477 and it took: 106738ms
query [28042]: # of matches found 35290 and it took: 106736ms
query [28043]: # of matches found 35380 and it took: 107036ms
query [28044]: # of matches found 35289 and it took: 106605ms
query [28045]: # of matches found 34927 and it took: 106343ms
query [28046]: # of matches found 34708 and it took: 107665ms
query [28047]: # of matches found 34401 and it took: 107088ms
query [28048]: # of matches found 33992 and it took: 106935ms
query [28049]: # of matches found 33844 and it took: 106727ms
query [28050]: # of matches found 33633 and it took: 106615ms
query [28051]: # of matches found 33466 and it took: 106681ms
query [28052]: # of matches found 33136 and it took: 106602ms
query [28053]: # of matches found 32889 and it took: 106685ms
query [28054]: # of matches found 32763 and it took: 106284ms
query [28055]: # of matches found 32912 and it took: 105725ms
query [28056]: # of matches found 32861 and it took: 106694ms
query [28057]: # of matches found 32719 and it took: 106662ms
query [28058]: # of matches found 32536 and it took: 107202ms
query [28059]: # of matches found 32354 and it took: 106370ms
query [28060]: # of matches found 31824 and it took: 106646ms
query [28061]: # of matches found 31117 and it took: 106988ms
query [28062]: # of matches found 30412 and it took: 106903ms
query [28063]: # of matches found 30510 and it took: 107089ms
query [28064]: # of matches found 30370 and it took: 106877ms
query [28065]: # of matches found 32578 and it took: 106046ms
query [28066]: # of matches found 32659 and it took: 107734ms
query [28067]: # of matches found 32919 and it took: 107466ms
query [28068]: # of matches found 33370 and it took: 107727ms
query [28069]: # of matches found 33464 and it took: 106962ms
query [28070]: # of matches found 33681 and it took: 107082ms
query [28071]: # of matches found 33516 and it took: 107159ms
query [28072]: # of matches found 33668 and it took: 107000ms
query [28073]: # of matches found 33245 and it took: 106738ms
query [28074]: # of matches found 33331 and it took: 106830ms
query [28075]: # of matches found 34217 and it took: 105466ms
query [28076]: # of matches found 33977 and it took: 106690ms
query [28077]: # of matches found 33696 and it took: 106094ms
query [28078]: # of matches found 33641 and it took: 106359ms
query [28079]: # of matches found 33314 and it took: 106036ms
query [28080]: # of matches found 33156 and it took: 106310ms
query [28081]: # of matches found 33032 and it took: 106366ms
query [28082]: # of matches found 32805 and it took: 106021ms
query [28083]: # of matches found 32744 and it took: 106415ms
query [28084]: # of matches found 32577 and it took: 106117ms
query [28085]: # of matches found 32684 and it took: 104454ms
query [28086]: # of matches found 32759 and it took: 106418ms
query [28087]: # of matches found 32729 and it took: 106262ms
query [28088]: # of matches found 32493 and it took: 106455ms
query [28089]: # of matches found 32488 and it took: 105847ms
query [28090]: # of matches found 32288 and it took: 106546ms
query [28091]: # of matches found 31706 and it took: 106428ms
query [28092]: # of matches found 30015 and it took: 105373ms
query [28093]: # of matches found 30093 and it took: 105883ms
query [28094]: # of matches found 30118 and it took: 106138ms
query [28095]: # of matches found 29776 and it took: 104297ms
query [28096]: # of matches found 30099 and it took: 106217ms
query [28097]: # of matches found 30827 and it took: 105231ms
query [28098]: # of matches found 31086 and it took: 105616ms
query [28099]: # of matches found 31422 and it took: 104851ms
query [28100]: # of matches found 32045 and it took: 105505ms
query [28101]: # of matches found 32363 and it took: 105209ms
query [28102]: # of matches found 32769 and it took: 104440ms
query [28103]: # of matches found 33225 and it took: 105010ms
query [28104]: # of matches found 33285 and it took: 104774ms
query [28105]: # of matches found 33821 and it took: 103345ms
query [28106]: # of matches found 33997 and it took: 104660ms
query [28107]: # of matches found 34807 and it took: 103800ms
query [28108]: # of matches found 35080 and it took: 104384ms
query [28109]: # of matches found 35955 and it took: 103206ms
query [28110]: # of matches found 36591 and it took: 104016ms
query [28111]: # of matches found 36653 and it took: 103300ms
query [28112]: # of matches found 36054 and it took: 102685ms
query [28113]: # of matches found 35823 and it took: 103618ms
query [28114]: # of matches found 35667 and it took: 103415ms
query [28115]: # of matches found 35809 and it took: 102405ms
query [28116]: # of matches found 35769 and it took: 103430ms
query [28117]: # of matches found 35836 and it took: 102959ms
query [28118]: # of matches found 36294 and it took: 103182ms
query [28119]: # of matches found 36431 and it took: 102746ms
query [28120]: # of matches found 36339 and it took: 103503ms
query [28121]: # of matches found 36350 and it took: 103634ms
query [28122]: # of matches found 36567 and it took: 102885ms
query [28123]: # of matches found 36983 and it took: 103257ms
query [28124]: # of matches found 37180 and it took: 103542ms
query [28125]: # of matches found 37232 and it took: 102501ms
query [28126]: # of matches found 37540 and it took: 103201ms
query [28127]: # of matches found 37643 and it took: 102850ms
query [28128]: # of matches found 37630 and it took: 102701ms
query [28129]: # of matches found 37760 and it took: 102552ms
query [28130]: # of matches found 37930 and it took: 103056ms
query [28131]: # of matches found 38403 and it took: 103295ms
query [28132]: # of matches found 38522 and it took: 102529ms
query [28133]: # of matches found 38549 and it took: 103058ms
query [28134]: # of matches found 38274 and it took: 104152ms
query [28135]: # of matches found 37907 and it took: 101948ms
query [28136]: # of matches found 37720 and it took: 103763ms
query [28137]: # of matches found 37764 and it took: 102934ms
query [28138]: # of matches found 37942 and it took: 103374ms
query [28139]: # of matches found 38116 and it took: 103519ms
query [28140]: # of matches found 37947 and it took: 103379ms
query [28141]: # of matches found 37693 and it took: 104118ms
query [28142]: # of matches found 37378 and it took: 103610ms
query [28143]: # of matches found 37323 and it took: 104286ms
query [28144]: # of matches found 37492 and it took: 105022ms
query [28145]: # of matches found 37349 and it took: 103189ms
query [28146]: # of matches found 37337 and it took: 104220ms
query [28147]: # of matches found 37011 and it took: 103641ms
query [28148]: # of matches found 36718 and it took: 103192ms
query [28149]: # of matches found 36400 and it took: 102914ms
query [28150]: # of matches found 35846 and it took: 103439ms
query [28151]: # of matches found 35653 and it took: 103333ms
query [28152]: # of matches found 35403 and it took: 102739ms
query [28153]: # of matches found 35177 and it took: 102802ms
query [28154]: # of matches found 35053 and it took: 103700ms
query [28155]: # of matches found 34908 and it took: 102525ms
query [28156]: # of matches found 35030 and it took: 103253ms
query [28157]: # of matches found 35153 and it took: 102644ms
query [28158]: # of matches found 35292 and it took: 102580ms
query [28159]: # of matches found 35223 and it took: 102221ms
query [28160]: # of matches found 35082 and it took: 102921ms
query [28161]: # of matches found 35097 and it took: 102985ms
query [28162]: # of matches found 35146 and it took: 102412ms
query [28163]: # of matches found 35176 and it took: 102778ms
query [28164]: # of matches found 35146 and it took: 102912ms
query [28165]: # of matches found 35156 and it took: 102543ms
query [28166]: # of matches found 35143 and it took: 102988ms
query [28167]: # of matches found 35056 and it took: 103120ms
query [28168]: # of matches found 34931 and it took: 102827ms
query [28169]: # of matches found 34881 and it took: 102330ms
query [28170]: # of matches found 34885 and it took: 102580ms
query [28171]: # of matches found 34871 and it took: 102904ms
query [28172]: # of matches found 34757 and it took: 102414ms
query [28173]: # of matches found 34639 and it took: 103022ms
query [28174]: # of matches found 34732 and it took: 103271ms
query [28175]: # of matches found 37011 and it took: 102852ms
query [28176]: # of matches found 37279 and it took: 103445ms
query [28177]: # of matches found 37373 and it took: 103470ms
query [28178]: # of matches found 37223 and it took: 103147ms
query [28179]: # of matches found 37232 and it took: 103018ms
query [28180]: # of matches found 37329 and it took: 103159ms
query [28181]: # of matches found 37395 and it took: 103488ms
query [28182]: # of matches found 37383 and it took: 102504ms
query [28183]: # of matches found 37145 and it took: 103335ms
query [28184]: # of matches found 36994 and it took: 103659ms
query [28185]: # of matches found 37050 and it took: 103092ms
query [28186]: # of matches found 37092 and it took: 103165ms
query [28187]: # of matches found 37162 and it took: 103542ms
query [28188]: # of matches found 37260 and it took: 103581ms
query [28189]: # of matches found 37316 and it took: 103224ms
query [28190]: # of matches found 37340 and it took: 103336ms
query [28191]: # of matches found 37362 and it took: 103825ms
query [28192]: # of matches found 37369 and it took: 103532ms
query [28193]: # of matches found 37478 and it took: 104191ms
query [28194]: # of matches found 38049 and it took: 103871ms
query [28195]: # of matches found 37942 and it took: 103963ms
query [28196]: # of matches found 37880 and it took: 103682ms
query [28197]: # of matches found 38069 and it took: 104283ms
query [28198]: # of matches found 38111 and it took: 104405ms
query [28199]: # of matches found 38191 and it took: 104598ms
query [28200]: # of matches found 38226 and it took: 105347ms
query [28201]: # of matches found 38186 and it took: 105320ms
query [28202]: # of matches found 39128 and it took: 104878ms
query [28203]: # of matches found 38887 and it took: 105853ms
query [28204]: # of matches found 38744 and it took: 106022ms
query [28205]: # of matches found 36412 and it took: 106482ms
query [28206]: # of matches found 36286 and it took: 106438ms
query [28207]: # of matches found 36007 and it took: 106666ms
query [28208]: # of matches found 35642 and it took: 106531ms
query [28209]: # of matches found 35524 and it took: 106734ms
query [28210]: # of matches found 35270 and it took: 107160ms
query [28211]: # of matches found 35369 and it took: 107293ms
query [28212]: # of matches found 35388 and it took: 107569ms
query [28213]: # of matches found 35330 and it took: 107794ms
query [28214]: # of matches found 35291 and it took: 108195ms
query [28215]: # of matches found 34716 and it took: 108232ms
query [28216]: # of matches found 34819 and it took: 108461ms
query [28217]: # of matches found 34849 and it took: 108297ms
query [28218]: # of matches found 35020 and it took: 108354ms
query [28219]: # of matches found 35015 and it took: 108845ms
query [28220]: # of matches found 35007 and it took: 108867ms
query [28221]: # of matches found 35080 and it took: 108154ms
query [28222]: # of matches found 34997 and it took: 108729ms
query [28223]: # of matches found 34985 and it took: 109356ms
query [28224]: # of matches found 35085 and it took: 110557ms
query [28225]: # of matches found 35176 and it took: 110278ms
query [28226]: # of matches found 35108 and it took: 110746ms
query [28227]: # of matches found 35172 and it took: 111111ms
query [28228]: # of matches found 35362 and it took: 110679ms
query [28229]: # of matches found 35355 and it took: 111913ms
query [28230]: # of matches found 35385 and it took: 111897ms
query [28231]: # of matches found 36022 and it took: 111229ms
query [28232]: # of matches found 36038 and it took: 112117ms
query [28233]: # of matches found 36452 and it took: 112564ms
query [28234]: # of matches found 36492 and it took: 112441ms
query [28235]: # of matches found 36480 and it took: 112532ms
query [28236]: # of matches found 36162 and it took: 112453ms
query [28237]: # of matches found 35676 and it took: 112778ms
query [28238]: # of matches found 35271 and it took: 112270ms
query [28239]: # of matches found 35030 and it took: 112544ms
query [28240]: # of matches found 35028 and it took: 112676ms
query [28241]: # of matches found 34913 and it took: 111801ms
query [28242]: # of matches found 34582 and it took: 112347ms
query [28243]: # of matches found 34082 and it took: 112597ms
query [28244]: # of matches found 34017 and it took: 112882ms
query [28245]: # of matches found 33639 and it took: 113586ms
query [28246]: # of matches found 33671 and it took: 112858ms
query [28247]: # of matches found 33078 and it took: 112709ms
query [28248]: # of matches found 33343 and it took: 112602ms
query [28249]: # of matches found 32858 and it took: 113634ms
query [28250]: # of matches found 31792 and it took: 114053ms
query [28251]: # of matches found 31818 and it took: 113274ms
query [28252]: # of matches found 32069 and it took: 113653ms
query [28253]: # of matches found 33133 and it took: 113710ms
query [28254]: # of matches found 33450 and it took: 113269ms
query [28255]: # of matches found 33403 and it took: 113784ms
query [28256]: # of matches found 33553 and it took: 113743ms
query [28257]: # of matches found 33446 and it took: 113510ms
query [28258]: # of matches found 32971 and it took: 112891ms
query [28259]: # of matches found 32832 and it took: 113992ms
query [28260]: # of matches found 32773 and it took: 114985ms
query [28261]: # of matches found 32769 and it took: 114490ms
query [28262]: # of matches found 32709 and it took: 115230ms
query [28263]: # of matches found 32282 and it took: 115260ms
query [28264]: # of matches found 31881 and it took: 115152ms
query [28265]: # of matches found 31842 and it took: 114936ms
query [28266]: # of matches found 31677 and it took: 115097ms
query [28267]: # of matches found 31385 and it took: 114249ms
query [28268]: # of matches found 31945 and it took: 113924ms
query [28269]: # of matches found 34281 and it took: 114635ms
query [28270]: # of matches found 34360 and it took: 114665ms
query [28271]: # of matches found 33821 and it took: 114181ms
query [28272]: # of matches found 33753 and it took: 114454ms
query [28273]: # of matches found 33835 and it took: 114696ms
query [28274]: # of matches found 33744 and it took: 113943ms
query [28275]: # of matches found 33556 and it took: 115302ms
query [28276]: # of matches found 33422 and it took: 114726ms
query [28277]: # of matches found 33571 and it took: 114295ms
query [28278]: # of matches found 33449 and it took: 114514ms
query [28279]: # of matches found 33240 and it took: 114982ms
query [28280]: # of matches found 33241 and it took: 115704ms
query [28281]: # of matches found 33289 and it took: 115123ms
query [28282]: # of matches found 33387 and it took: 115989ms
query [28283]: # of matches found 33370 and it took: 116176ms
query [28284]: # of matches found 33135 and it took: 115211ms
query [28285]: # of matches found 33209 and it took: 115357ms
query [28286]: # of matches found 32989 and it took: 115277ms
query [28287]: # of matches found 33111 and it took: 115483ms
query [28288]: # of matches found 32999 and it took: 114858ms
query [28289]: # of matches found 32814 and it took: 116302ms
query [28290]: # of matches found 32804 and it took: 116103ms
query [28291]: # of matches found 32801 and it took: 116096ms
query [28292]: # of matches found 32615 and it took: 117566ms
query [28293]: # of matches found 32609 and it took: 117420ms
query [28294]: # of matches found 32504 and it took: 115895ms
query [28295]: # of matches found 32323 and it took: 116766ms
query [28296]: # of matches found 32295 and it took: 116845ms
query [28297]: # of matches found 32307 and it took: 117499ms
query [28298]: # of matches found 32124 and it took: 115845ms
query [28299]: # of matches found 32152 and it took: 116561ms
query [28300]: # of matches found 32236 and it took: 116272ms
query [28301]: # of matches found 32197 and it took: 115750ms
query [28302]: # of matches found 32047 and it took: 116248ms
query [28303]: # of matches found 32109 and it took: 116709ms
query [28304]: # of matches found 32319 and it took: 115304ms
query [28305]: # of matches found 32570 and it took: 116111ms
query [28306]: # of matches found 32623 and it took: 116958ms
query [28307]: # of matches found 32771 and it took: 116327ms
query [28308]: # of matches found 32893 and it took: 115629ms
query [28309]: # of matches found 33249 and it took: 116742ms
query [28310]: # of matches found 33507 and it took: 116499ms
query [28311]: # of matches found 34078 and it took: 116454ms
query [28312]: # of matches found 34354 and it took: 117440ms
query [28313]: # of matches found 34722 and it took: 118029ms
query [28314]: # of matches found 34760 and it took: 116863ms
query [28315]: # of matches found 34954 and it took: 116991ms
query [28316]: # of matches found 34839 and it took: 118219ms
query [28317]: # of matches found 32594 and it took: 117530ms
query [28318]: # of matches found 32749 and it took: 116240ms
query [28319]: # of matches found 32681 and it took: 117267ms
query [28320]: # of matches found 32635 and it took: 116872ms
query [28321]: # of matches found 32638 and it took: 115829ms
query [28322]: # of matches found 32684 and it took: 116235ms
query [28323]: # of matches found 32677 and it took: 116649ms
query [28324]: # of matches found 32848 and it took: 115743ms
query [28325]: # of matches found 32823 and it took: 114578ms
query [28326]: # of matches found 32773 and it took: 116048ms
query [28327]: # of matches found 32718 and it took: 115388ms
query [28328]: # of matches found 32685 and it took: 114488ms
query [28329]: # of matches found 32715 and it took: 115002ms
query [28330]: # of matches found 32910 and it took: 114486ms
query [28331]: # of matches found 33189 and it took: 114121ms
query [28332]: # of matches found 33374 and it took: 114652ms
query [28333]: # of matches found 33436 and it took: 113954ms
query [28334]: # of matches found 33222 and it took: 114270ms
query [28335]: # of matches found 33804 and it took: 113497ms
query [28336]: # of matches found 33929 and it took: 116076ms
query [28337]: # of matches found 33988 and it took: 114884ms
query [28338]: # of matches found 34034 and it took: 114551ms
query [28339]: # of matches found 33968 and it took: 114308ms
query [28340]: # of matches found 34050 and it took: 113833ms
query [28341]: # of matches found 34583 and it took: 114435ms
query [28342]: # of matches found 33831 and it took: 114535ms
query [28343]: # of matches found 33776 and it took: 114279ms
query [28344]: # of matches found 33765 and it took: 114181ms
query [28345]: # of matches found 33842 and it took: 112862ms
query [28346]: # of matches found 33943 and it took: 113957ms
query [28347]: # of matches found 34067 and it took: 112826ms
query [28348]: # of matches found 34167 and it took: 112177ms
query [28349]: # of matches found 34118 and it took: 111984ms
query [28350]: # of matches found 34140 and it took: 112404ms
query [28351]: # of matches found 34215 and it took: 112441ms
query [28352]: # of matches found 34245 and it took: 112905ms
query [28353]: # of matches found 34172 and it took: 112678ms
query [28354]: # of matches found 34277 and it took: 113196ms
query [28355]: # of matches found 34321 and it took: 112258ms
query [28356]: # of matches found 34190 and it took: 113167ms
query [28357]: # of matches found 34150 and it took: 113572ms
query [28358]: # of matches found 34143 and it took: 112154ms
query [28359]: # of matches found 34057 and it took: 112219ms
query [28360]: # of matches found 34062 and it took: 111509ms
query [28361]: # of matches found 34043 and it took: 111291ms
query [28362]: # of matches found 34140 and it took: 112260ms
query [28363]: # of matches found 34126 and it took: 111539ms
query [28364]: # of matches found 34032 and it took: 111513ms
query [28365]: # of matches found 34167 and it took: 110795ms
query [28366]: # of matches found 34134 and it took: 112291ms
query [28367]: # of matches found 34083 and it took: 111893ms
query [28368]: # of matches found 33980 and it took: 111086ms
query [28369]: # of matches found 33872 and it took: 111448ms
query [28370]: # of matches found 33923 and it took: 111934ms
query [28371]: # of matches found 33431 and it took: 110843ms
query [28372]: # of matches found 33486 and it took: 111930ms
query [28373]: # of matches found 33226 and it took: 111564ms
query [28374]: # of matches found 33254 and it took: 111941ms
query [28375]: # of matches found 33373 and it took: 111432ms
query [28376]: # of matches found 33451 and it took: 112151ms
query [28377]: # of matches found 33306 and it took: 111637ms
query [28378]: # of matches found 33298 and it took: 111679ms
query [28379]: # of matches found 33396 and it took: 111604ms
query [28380]: # of matches found 32890 and it took: 111556ms
query [28381]: # of matches found 32619 and it took: 111425ms
query [28382]: # of matches found 32549 and it took: 112865ms
query [28383]: # of matches found 32380 and it took: 112214ms
query [28384]: # of matches found 32328 and it took: 112835ms
query [28385]: # of matches found 32067 and it took: 112371ms
query [28386]: # of matches found 32026 and it took: 113986ms
query [28387]: # of matches found 48211 and it took: 113157ms
query [28388]: # of matches found 47712 and it took: 112862ms
query [28389]: # of matches found 47539 and it took: 112903ms
query [28390]: # of matches found 47513 and it took: 113227ms
query [28391]: # of matches found 47377 and it took: 112430ms
query [28392]: # of matches found 47159 and it took: 114749ms
query [28393]: # of matches found 46230 and it took: 113174ms
query [28394]: # of matches found 45752 and it took: 114976ms
query [28395]: # of matches found 45691 and it took: 114182ms
query [28396]: # of matches found 45728 and it took: 115482ms
query [28397]: # of matches found 45953 and it took: 114380ms
query [28398]: # of matches found 45923 and it took: 114473ms
query [28399]: # of matches found 45920 and it took: 115068ms
query [28400]: # of matches found 45846 and it took: 114713ms
query [28401]: # of matches found 45858 and it took: 114080ms
query [28402]: # of matches found 45904 and it took: 116318ms
query [28403]: # of matches found 46152 and it took: 115251ms
query [28404]: # of matches found 46096 and it took: 117012ms
query [28405]: # of matches found 45973 and it took: 115823ms
query [28406]: # of matches found 45995 and it took: 117217ms
query [28407]: # of matches found 46146 and it took: 116238ms
query [28408]: # of matches found 45728 and it took: 116854ms
query [28409]: # of matches found 43170 and it took: 116831ms
query [28410]: # of matches found 42963 and it took: 116263ms
query [28411]: # of matches found 42972 and it took: 115590ms
query [28412]: # of matches found 42886 and it took: 117969ms
query [28413]: # of matches found 42857 and it took: 116611ms
query [28414]: # of matches found 43231 and it took: 117949ms
query [28415]: # of matches found 44243 and it took: 117458ms
query [28416]: # of matches found 45074 and it took: 117971ms
query [28417]: # of matches found 45756 and it took: 117852ms
query [28418]: # of matches found 46221 and it took: 117201ms
query [28419]: # of matches found 46712 and it took: 117640ms
query [28420]: # of matches found 46692 and it took: 117134ms
query [28421]: # of matches found 46840 and it took: 115683ms
query [28422]: # of matches found 46861 and it took: 118448ms
query [28423]: # of matches found 47074 and it took: 116728ms
query [28424]: # of matches found 47180 and it took: 117366ms
query [28425]: # of matches found 47038 and it took: 116981ms
query [28426]: # of matches found 46976 and it took: 118030ms
query [28427]: # of matches found 46817 and it took: 117328ms
query [28428]: # of matches found 47049 and it took: 116619ms
query [28429]: # of matches found 47392 and it took: 117051ms
query [28430]: # of matches found 47972 and it took: 115940ms
query [28431]: # of matches found 49548 and it took: 114588ms
query [28432]: # of matches found 50035 and it took: 117822ms
query [28433]: # of matches found 50066 and it took: 115667ms
query [28434]: # of matches found 50251 and it took: 116245ms
query [28435]: # of matches found 50507 and it took: 115737ms
query [28436]: # of matches found 50531 and it took: 116433ms
query [28437]: # of matches found 50718 and it took: 116169ms
query [28438]: # of matches found 50915 and it took: 116142ms
query [28439]: # of matches found 50814 and it took: 116194ms
query [28440]: # of matches found 50694 and it took: 115313ms
query [28441]: # of matches found 51072 and it took: 113915ms
query [28442]: # of matches found 51179 and it took: 116755ms
query [28443]: # of matches found 51137 and it took: 115144ms
query [28444]: # of matches found 51127 and it took: 116336ms
query [28445]: # of matches found 51092 and it took: 115895ms
query [28446]: # of matches found 51042 and it took: 116257ms
query [28447]: # of matches found 50906 and it took: 115624ms
query [28448]: # of matches found 51088 and it took: 116575ms
query [28449]: # of matches found 51056 and it took: 116018ms
query [28450]: # of matches found 50958 and it took: 115242ms
query [28451]: # of matches found 50799 and it took: 113801ms
query [28452]: # of matches found 50836 and it took: 116722ms
query [28453]: # of matches found 50599 and it took: 115426ms
query [28454]: # of matches found 50627 and it took: 116776ms
query [28455]: # of matches found 50485 and it took: 116003ms
query [28456]: # of matches found 50679 and it took: 116563ms
query [28457]: # of matches found 50798 and it took: 115950ms
query [28458]: # of matches found 50869 and it took: 115899ms
query [28459]: # of matches found 50949 and it took: 115709ms
query [28460]: # of matches found 51049 and it took: 114870ms
query [28461]: # of matches found 51067 and it took: 114016ms
query [28462]: # of matches found 51073 and it took: 115886ms
query [28463]: # of matches found 51026 and it took: 114411ms
query [28464]: # of matches found 50827 and it took: 116039ms
query [28465]: # of matches found 50719 and it took: 115628ms
query [28466]: # of matches found 50715 and it took: 116274ms
query [28467]: # of matches found 50683 and it took: 115900ms
query [28468]: # of matches found 50630 and it took: 115500ms
query [28469]: # of matches found 50566 and it took: 115797ms
query [28470]: # of matches found 50344 and it took: 115110ms
query [28471]: # of matches found 50151 and it took: 114459ms
query [28472]: # of matches found 50370 and it took: 116057ms
query [28473]: # of matches found 50403 and it took: 115007ms
query [28474]: # of matches found 50470 and it took: 115389ms
query [28475]: # of matches found 50048 and it took: 115896ms
query [28476]: # of matches found 49768 and it took: 115944ms
query [28477]: # of matches found 49838 and it took: 116029ms
query [28478]: # of matches found 50584 and it took: 115186ms
query [28479]: # of matches found 52163 and it took: 116837ms
query [28480]: # of matches found 52515 and it took: 116023ms
query [28481]: # of matches found 52176 and it took: 115889ms
query [28482]: # of matches found 53708 and it took: 117924ms
query [28483]: # of matches found 54112 and it took: 116780ms
query [28484]: # of matches found 54486 and it took: 116962ms
query [28485]: # of matches found 54641 and it took: 116975ms
query [28486]: # of matches found 54691 and it took: 117265ms
query [28487]: # of matches found 54826 and it took: 117964ms
query [28488]: # of matches found 54927 and it took: 117242ms
query [28489]: # of matches found 54970 and it took: 118349ms
query [28490]: # of matches found 55041 and it took: 118072ms
query [28491]: # of matches found 54936 and it took: 117608ms
query [28492]: # of matches found 54744 and it took: 118149ms
query [28493]: # of matches found 54560 and it took: 117457ms
query [28494]: # of matches found 54480 and it took: 117417ms
query [28495]: # of matches found 54316 and it took: 117702ms
query [28496]: # of matches found 54138 and it took: 117745ms
query [28497]: # of matches found 53993 and it took: 118752ms
query [28498]: # of matches found 53955 and it took: 117748ms
query [28499]: # of matches found 53871 and it took: 118753ms
query [28500]: # of matches found 53968 and it took: 117301ms
query [28501]: # of matches found 53879 and it took: 117751ms
query [28502]: # of matches found 54043 and it took: 118700ms
query [28503]: # of matches found 54072 and it took: 117846ms
query [28504]: # of matches found 54010 and it took: 117244ms
query [28505]: # of matches found 54044 and it took: 117616ms
query [28506]: # of matches found 53929 and it took: 117462ms
query [28507]: # of matches found 53953 and it took: 118086ms
query [28508]: # of matches found 54012 and it took: 117202ms
query [28509]: # of matches found 54322 and it took: 118164ms
query [28510]: # of matches found 54350 and it took: 117885ms
query [28511]: # of matches found 54735 and it took: 117582ms
query [28512]: # of matches found 54798 and it took: 117556ms
query [28513]: # of matches found 54674 and it took: 117307ms
query [28514]: # of matches found 54509 and it took: 117016ms
query [28515]: # of matches found 54760 and it took: 116836ms
query [28516]: # of matches found 54643 and it took: 116603ms
query [28517]: # of matches found 54594 and it took: 117420ms
query [28518]: # of matches found 54536 and it took: 116969ms
query [28519]: # of matches found 54504 and it took: 118287ms
query [28520]: # of matches found 54499 and it took: 116612ms
query [28521]: # of matches found 54495 and it took: 117228ms
query [28522]: # of matches found 54525 and it took: 117333ms
query [28523]: # of matches found 54558 and it took: 117337ms
query [28524]: # of matches found 54521 and it took: 116863ms
query [28525]: # of matches found 54419 and it took: 116979ms
query [28526]: # of matches found 54507 and it took: 116278ms
query [28527]: # of matches found 38126 and it took: 116731ms
query [28528]: # of matches found 37982 and it took: 115938ms
query [28529]: # of matches found 38072 and it took: 117441ms
query [28530]: # of matches found 38177 and it took: 116588ms
query [28531]: # of matches found 38124 and it took: 117208ms
query [28532]: # of matches found 38051 and it took: 117530ms
query [28533]: # of matches found 37834 and it took: 118741ms
query [28534]: # of matches found 37938 and it took: 116891ms
query [28535]: # of matches found 37926 and it took: 117272ms
query [28536]: # of matches found 37935 and it took: 117588ms
query [28537]: # of matches found 37615 and it took: 118185ms
query [28538]: # of matches found 37548 and it took: 117420ms
query [28539]: # of matches found 37681 and it took: 118263ms
query [28540]: # of matches found 37766 and it took: 117246ms
query [28541]: # of matches found 37891 and it took: 117895ms
query [28542]: # of matches found 37871 and it took: 117575ms
query [28543]: # of matches found 37800 and it took: 117641ms
query [28544]: # of matches found 37648 and it took: 117398ms
query [28545]: # of matches found 37640 and it took: 116759ms
query [28546]: # of matches found 37659 and it took: 117526ms
query [28547]: # of matches found 37646 and it took: 117685ms
query [28548]: # of matches found 37314 and it took: 117858ms
query [28549]: # of matches found 37361 and it took: 118454ms
query [28550]: # of matches found 38870 and it took: 117499ms
query [28551]: # of matches found 39669 and it took: 118230ms
query [28552]: # of matches found 40409 and it took: 117887ms
query [28553]: # of matches found 40349 and it took: 118561ms
query [28554]: # of matches found 40537 and it took: 117645ms
query [28555]: # of matches found 39779 and it took: 117818ms
query [28556]: # of matches found 39311 and it took: 118347ms
query [28557]: # of matches found 39021 and it took: 117773ms
query [28558]: # of matches found 38645 and it took: 117856ms
query [28559]: # of matches found 38728 and it took: 118341ms
query [28560]: # of matches found 38707 and it took: 117584ms
query [28561]: # of matches found 38746 and it took: 118836ms
query [28562]: # of matches found 38628 and it took: 117909ms
query [28563]: # of matches found 38524 and it took: 119060ms
query [28564]: # of matches found 38271 and it took: 117754ms
query [28565]: # of matches found 38220 and it took: 117630ms
query [28566]: # of matches found 38261 and it took: 117859ms
query [28567]: # of matches found 38481 and it took: 117786ms
query [28568]: # of matches found 38362 and it took: 118542ms
query [28569]: # of matches found 38024 and it took: 119207ms
query [28570]: # of matches found 37616 and it took: 118513ms
query [28571]: # of matches found 36993 and it took: 119962ms
query [28572]: # of matches found 36193 and it took: 119266ms
query [28573]: # of matches found 36034 and it took: 120175ms
query [28574]: # of matches found 35875 and it took: 119097ms
query [28575]: # of matches found 36804 and it took: 119400ms
query [28576]: # of matches found 36677 and it took: 119079ms
query [28577]: # of matches found 36574 and it took: 118854ms
query [28578]: # of matches found 36403 and it took: 118368ms
query [28579]: # of matches found 36414 and it took: 118758ms
query [28580]: # of matches found 36406 and it took: 117424ms
query [28581]: # of matches found 36285 and it took: 118242ms
query [28582]: # of matches found 36211 and it took: 118619ms
query [28583]: # of matches found 36173 and it took: 119451ms
query [28584]: # of matches found 36197 and it took: 118811ms
query [28585]: # of matches found 36052 and it took: 118251ms
query [28586]: # of matches found 35917 and it took: 118602ms
query [28587]: # of matches found 35859 and it took: 117677ms
query [28588]: # of matches found 35481 and it took: 118102ms
query [28589]: # of matches found 35453 and it took: 118469ms
query [28590]: # of matches found 35536 and it took: 116993ms
query [28591]: # of matches found 35303 and it took: 117820ms
query [28592]: # of matches found 35041 and it took: 117844ms
query [28593]: # of matches found 35297 and it took: 119017ms
query [28594]: # of matches found 35226 and it took: 118353ms
query [28595]: # of matches found 35302 and it took: 118062ms
query [28596]: # of matches found 35105 and it took: 118089ms
query [28597]: # of matches found 34839 and it took: 117750ms
query [28598]: # of matches found 34635 and it took: 118218ms
query [28599]: # of matches found 34457 and it took: 118342ms
query [28600]: # of matches found 34288 and it took: 117626ms
query [28601]: # of matches found 34160 and it took: 117890ms
query [28602]: # of matches found 34039 and it took: 118720ms
query [28603]: # of matches found 34188 and it took: 119240ms
query [28604]: # of matches found 34292 and it took: 118565ms
query [28605]: # of matches found 34403 and it took: 118288ms
query [28606]: # of matches found 34517 and it took: 118245ms
query [28607]: # of matches found 34738 and it took: 118290ms
query [28608]: # of matches found 34887 and it took: 118420ms
query [28609]: # of matches found 34980 and it took: 117937ms
query [28610]: # of matches found 35424 and it took: 116950ms
query [28611]: # of matches found 35835 and it took: 118386ms
query [28612]: # of matches found 35776 and it took: 118160ms
query [28613]: # of matches found 35868 and it took: 118623ms
query [28614]: # of matches found 36349 and it took: 117890ms
query [28615]: # of matches found 36354 and it took: 117666ms
query [28616]: # of matches found 36615 and it took: 118022ms
query [28617]: # of matches found 36540 and it took: 117716ms
query [28618]: # of matches found 36374 and it took: 117883ms
query [28619]: # of matches found 34664 and it took: 117428ms
query [28620]: # of matches found 34553 and it took: 116120ms
query [28621]: # of matches found 34534 and it took: 116185ms
query [28622]: # of matches found 32888 and it took: 116262ms
query [28623]: # of matches found 32566 and it took: 116941ms
query [28624]: # of matches found 32151 and it took: 115995ms
query [28625]: # of matches found 32248 and it took: 115776ms
query [28626]: # of matches found 32281 and it took: 115406ms
query [28627]: # of matches found 32355 and it took: 114946ms
query [28628]: # of matches found 32286 and it took: 115112ms
query [28629]: # of matches found 32329 and it took: 115135ms
query [28630]: # of matches found 32324 and it took: 113713ms
query [28631]: # of matches found 32545 and it took: 114692ms
query [28632]: # of matches found 32677 and it took: 114474ms
query [28633]: # of matches found 32749 and it took: 114846ms
query [28634]: # of matches found 32769 and it took: 114078ms
query [28635]: # of matches found 32851 and it took: 114128ms
query [28636]: # of matches found 32948 and it took: 113876ms
query [28637]: # of matches found 33171 and it took: 113822ms
query [28638]: # of matches found 33289 and it took: 113732ms
query [28639]: # of matches found 33355 and it took: 113739ms
query [28640]: # of matches found 33164 and it took: 112175ms
query [28641]: # of matches found 33241 and it took: 113371ms
query [28642]: # of matches found 32993 and it took: 113774ms
query [28643]: # of matches found 32984 and it took: 114274ms
query [28644]: # of matches found 33009 and it took: 113900ms
query [28645]: # of matches found 32943 and it took: 113569ms
query [28646]: # of matches found 32866 and it took: 114298ms
query [28647]: # of matches found 32810 and it took: 113817ms
query [28648]: # of matches found 32842 and it took: 114743ms
query [28649]: # of matches found 32560 and it took: 114704ms
query [28650]: # of matches found 35448 and it took: 113599ms
query [28651]: # of matches found 34978 and it took: 114637ms
query [28652]: # of matches found 34947 and it took: 115547ms
query [28653]: # of matches found 34960 and it took: 115458ms
query [28654]: # of matches found 35108 and it took: 114190ms
query [28655]: # of matches found 35281 and it took: 115167ms
query [28656]: # of matches found 35660 and it took: 114770ms
query [28657]: # of matches found 36017 and it took: 114354ms
query [28658]: # of matches found 36192 and it took: 114999ms
query [28659]: # of matches found 36345 and it took: 115929ms
query [28660]: # of matches found 36663 and it took: 114849ms
query [28661]: # of matches found 36753 and it took: 116177ms
query [28662]: # of matches found 36814 and it took: 116988ms
query [28663]: # of matches found 36949 and it took: 116927ms
query [28664]: # of matches found 37082 and it took: 115863ms
query [28665]: # of matches found 37215 and it took: 117041ms
query [28666]: # of matches found 37222 and it took: 116301ms
query [28667]: # of matches found 37262 and it took: 116042ms
query [28668]: # of matches found 37322 and it took: 116661ms
query [28669]: # of matches found 37295 and it took: 116051ms
query [28670]: # of matches found 37207 and it took: 115223ms
query [28671]: # of matches found 37243 and it took: 116192ms
query [28672]: # of matches found 37268 and it took: 116832ms
query [28673]: # of matches found 37344 and it took: 116560ms
query [28674]: # of matches found 37350 and it took: 116098ms
query [28675]: # of matches found 37369 and it took: 116600ms
query [28676]: # of matches found 37463 and it took: 116117ms
query [28677]: # of matches found 37481 and it took: 116375ms
query [28678]: # of matches found 37554 and it took: 116983ms
query [28679]: # of matches found 37507 and it took: 116934ms
query [28680]: # of matches found 37971 and it took: 115929ms
query [28681]: # of matches found 38005 and it took: 118645ms
query [28682]: # of matches found 37917 and it took: 118997ms
query [28683]: # of matches found 38019 and it took: 118829ms
query [28684]: # of matches found 38073 and it took: 115342ms
query [28685]: # of matches found 38138 and it took: 119190ms
query [28686]: # of matches found 38226 and it took: 118267ms
query [28687]: # of matches found 38322 and it took: 118620ms
query [28688]: # of matches found 38581 and it took: 119076ms
query [28689]: # of matches found 38750 and it took: 119210ms
query [28690]: # of matches found 37588 and it took: 116862ms
query [28691]: # of matches found 37019 and it took: 118735ms
query [28692]: # of matches found 36302 and it took: 118563ms
query [28693]: # of matches found 35754 and it took: 119290ms
query [28694]: # of matches found 35270 and it took: 116776ms
query [28695]: # of matches found 34975 and it took: 119504ms
query [28696]: # of matches found 34843 and it took: 119158ms
query [28697]: # of matches found 34534 and it took: 119364ms
query [28698]: # of matches found 34415 and it took: 120006ms
query [28699]: # of matches found 33627 and it took: 119992ms
query [28700]: # of matches found 33774 and it took: 118786ms
query [28701]: # of matches found 33670 and it took: 119648ms
query [28702]: # of matches found 33622 and it took: 119750ms
query [28703]: # of matches found 33562 and it took: 120479ms
query [28704]: # of matches found 33820 and it took: 117633ms
query [28705]: # of matches found 33837 and it took: 119891ms
query [28706]: # of matches found 34061 and it took: 120356ms
query [28707]: # of matches found 33870 and it took: 119451ms
query [28708]: # of matches found 33895 and it took: 120657ms
query [28709]: # of matches found 34322 and it took: 120784ms
query [28710]: # of matches found 35121 and it took: 119008ms
query [28711]: # of matches found 34397 and it took: 119898ms
query [28712]: # of matches found 34917 and it took: 120226ms
query [28713]: # of matches found 35149 and it took: 120437ms
query [28714]: # of matches found 35654 and it took: 117385ms
query [28715]: # of matches found 51045 and it took: 120008ms
query [28716]: # of matches found 51382 and it took: 119501ms
query [28717]: # of matches found 51486 and it took: 118907ms
query [28718]: # of matches found 52063 and it took: 120624ms
query [28719]: # of matches found 52031 and it took: 119520ms
query [28720]: # of matches found 52314 and it took: 118845ms
query [28721]: # of matches found 52225 and it took: 118763ms
query [28722]: # of matches found 52378 and it took: 119673ms
query [28723]: # of matches found 52478 and it took: 119587ms
query [28724]: # of matches found 55532 and it took: 116869ms
query [28725]: # of matches found 55658 and it took: 120133ms
query [28726]: # of matches found 56249 and it took: 118587ms
query [28727]: # of matches found 56308 and it took: 117853ms
query [28728]: # of matches found 56818 and it took: 119107ms
query [28729]: # of matches found 56840 and it took: 118715ms
query [28730]: # of matches found 56799 and it took: 118057ms
query [28731]: # of matches found 56879 and it took: 118442ms
query [28732]: # of matches found 56879 and it took: 119182ms
query [28733]: # of matches found 56757 and it took: 119289ms
query [28734]: # of matches found 56650 and it took: 116480ms
query [28735]: # of matches found 56392 and it took: 119562ms
query [28736]: # of matches found 56561 and it took: 119497ms
query [28737]: # of matches found 56563 and it took: 118133ms
query [28738]: # of matches found 56548 and it took: 119239ms
query [28739]: # of matches found 56555 and it took: 118284ms
query [28740]: # of matches found 56791 and it took: 118212ms
query [28741]: # of matches found 57156 and it took: 118006ms
query [28742]: # of matches found 57320 and it took: 118318ms
query [28743]: # of matches found 57441 and it took: 118372ms
query [28744]: # of matches found 57768 and it took: 115731ms
query [28745]: # of matches found 58501 and it took: 118386ms
query [28746]: # of matches found 58636 and it took: 118617ms
query [28747]: # of matches found 59265 and it took: 117350ms
query [28748]: # of matches found 59271 and it took: 118660ms
query [28749]: # of matches found 59191 and it took: 117953ms
query [28750]: # of matches found 58908 and it took: 117914ms
query [28751]: # of matches found 58819 and it took: 118653ms
query [28752]: # of matches found 58584 and it took: 119579ms
query [28753]: # of matches found 58231 and it took: 119599ms
query [28754]: # of matches found 57494 and it took: 117489ms
query [28755]: # of matches found 57027 and it took: 120462ms
query [28756]: # of matches found 56632 and it took: 119665ms
query [28757]: # of matches found 56549 and it took: 118750ms
query [28758]: # of matches found 56234 and it took: 120909ms
query [28759]: # of matches found 56413 and it took: 118772ms
query [28760]: # of matches found 56467 and it took: 120042ms
query [28761]: # of matches found 56290 and it took: 120264ms
query [28762]: # of matches found 56293 and it took: 120668ms
query [28763]: # of matches found 56352 and it took: 120713ms
query [28764]: # of matches found 56415 and it took: 118950ms
query [28765]: # of matches found 56428 and it took: 121215ms
query [28766]: # of matches found 56581 and it took: 121095ms
query [28767]: # of matches found 56694 and it took: 120194ms
query [28768]: # of matches found 56506 and it took: 122042ms
query [28769]: # of matches found 56460 and it took: 120948ms
query [28770]: # of matches found 56374 and it took: 121346ms
query [28771]: # of matches found 56797 and it took: 121297ms
query [28772]: # of matches found 57614 and it took: 120969ms
query [28773]: # of matches found 58266 and it took: 120296ms
query [28774]: # of matches found 58227 and it took: 119792ms
query [28775]: # of matches found 59052 and it took: 121804ms
query [28776]: # of matches found 59402 and it took: 121670ms
query [28777]: # of matches found 59389 and it took: 120433ms
query [28778]: # of matches found 59597 and it took: 122122ms
query [28779]: # of matches found 59463 and it took: 120571ms
query [28780]: # of matches found 59651 and it took: 120936ms
query [28781]: # of matches found 60154 and it took: 121694ms
query [28782]: # of matches found 60436 and it took: 121255ms
query [28783]: # of matches found 60613 and it took: 121607ms
query [28784]: # of matches found 60721 and it took: 120929ms
query [28785]: # of matches found 61081 and it took: 122829ms
query [28786]: # of matches found 61326 and it took: 121496ms
query [28787]: # of matches found 61454 and it took: 120736ms
query [28788]: # of matches found 61567 and it took: 122626ms
query [28789]: # of matches found 61725 and it took: 119885ms
query [28790]: # of matches found 61551 and it took: 120290ms
query [28791]: # of matches found 59003 and it took: 121485ms
query [28792]: # of matches found 59524 and it took: 120999ms
query [28793]: # of matches found 59996 and it took: 121713ms
query [28794]: # of matches found 62404 and it took: 120609ms
query [28795]: # of matches found 63056 and it took: 121809ms
query [28796]: # of matches found 63452 and it took: 120673ms
query [28797]: # of matches found 64115 and it took: 119313ms
query [28798]: # of matches found 64059 and it took: 120934ms
query [28799]: # of matches found 64096 and it took: 119106ms
query [28800]: # of matches found 63828 and it took: 119985ms
query [28801]: # of matches found 63700 and it took: 119600ms
query [28802]: # of matches found 63607 and it took: 119730ms
query [28803]: # of matches found 63512 and it took: 120448ms
query [28804]: # of matches found 69751 and it took: 119569ms
query [28805]: # of matches found 69760 and it took: 120615ms
query [28806]: # of matches found 69998 and it took: 119299ms
query [28807]: # of matches found 70034 and it took: 117812ms
query [28808]: # of matches found 70071 and it took: 118795ms
query [28809]: # of matches found 70451 and it took: 117453ms
query [28810]: # of matches found 70570 and it took: 117845ms
query [28811]: # of matches found 70651 and it took: 118287ms
query [28812]: # of matches found 71415 and it took: 118335ms
query [28813]: # of matches found 71479 and it took: 118871ms
query [28814]: # of matches found 71450 and it took: 118226ms
query [28815]: # of matches found 71616 and it took: 120565ms
query [28816]: # of matches found 71828 and it took: 120297ms
query [28817]: # of matches found 71954 and it took: 119896ms
query [28818]: # of matches found 71839 and it took: 120481ms
query [28819]: # of matches found 71718 and it took: 119051ms
query [28820]: # of matches found 71252 and it took: 119045ms
query [28821]: # of matches found 71150 and it took: 118905ms
query [28822]: # of matches found 71159 and it took: 119679ms
query [28823]: # of matches found 71142 and it took: 120000ms
query [28824]: # of matches found 71249 and it took: 119284ms
query [28825]: # of matches found 71436 and it took: 119713ms
query [28826]: # of matches found 71629 and it took: 119446ms
query [28827]: # of matches found 71575 and it took: 119241ms
query [28828]: # of matches found 71392 and it took: 119439ms
query [28829]: # of matches found 71688 and it took: 119290ms
query [28830]: # of matches found 71767 and it took: 119497ms
query [28831]: # of matches found 71684 and it took: 117457ms
query [28832]: # of matches found 71613 and it took: 118401ms
query [28833]: # of matches found 71860 and it took: 118725ms
query [28834]: # of matches found 71877 and it took: 118324ms
query [28835]: # of matches found 71810 and it took: 119060ms
query [28836]: # of matches found 71762 and it took: 118974ms
query [28837]: # of matches found 72031 and it took: 118622ms
query [28838]: # of matches found 72063 and it took: 119448ms
query [28839]: # of matches found 72238 and it took: 118875ms
query [28840]: # of matches found 71837 and it took: 118325ms
query [28841]: # of matches found 71820 and it took: 118035ms
query [28842]: # of matches found 72244 and it took: 118364ms
query [28843]: # of matches found 73470 and it took: 118195ms
query [28844]: # of matches found 73416 and it took: 118215ms
query [28845]: # of matches found 73674 and it took: 118815ms
query [28846]: # of matches found 73966 and it took: 118457ms
query [28847]: # of matches found 74892 and it took: 118435ms
query [28848]: # of matches found 77667 and it took: 118446ms
query [28849]: # of matches found 80312 and it took: 117555ms
query [28850]: # of matches found 80238 and it took: 117553ms
query [28851]: # of matches found 80360 and it took: 117160ms
query [28852]: # of matches found 79871 and it took: 117124ms
query [28853]: # of matches found 79876 and it took: 117054ms
query [28854]: # of matches found 79891 and it took: 116637ms
query [28855]: # of matches found 64233 and it took: 117270ms
query [28856]: # of matches found 63564 and it took: 116828ms
query [28857]: # of matches found 63463 and it took: 116908ms
query [28858]: # of matches found 62975 and it took: 116577ms
query [28859]: # of matches found 62959 and it took: 116142ms
query [28860]: # of matches found 62820 and it took: 116805ms
query [28861]: # of matches found 62736 and it took: 115435ms
query [28862]: # of matches found 62685 and it took: 115547ms
query [28863]: # of matches found 62586 and it took: 115764ms
query [28864]: # of matches found 59547 and it took: 114873ms
query [28865]: # of matches found 59521 and it took: 115673ms
query [28866]: # of matches found 58977 and it took: 115641ms
query [28867]: # of matches found 58877 and it took: 115373ms
query [28868]: # of matches found 58337 and it took: 114966ms
query [28869]: # of matches found 58285 and it took: 114356ms
query [28870]: # of matches found 58402 and it took: 114787ms
query [28871]: # of matches found 58368 and it took: 113403ms
query [28872]: # of matches found 58295 and it took: 113844ms
query [28873]: # of matches found 58434 and it took: 113818ms
query [28874]: # of matches found 58478 and it took: 112791ms
query [28875]: # of matches found 58675 and it took: 113876ms
query [28876]: # of matches found 58663 and it took: 114191ms
query [28877]: # of matches found 58840 and it took: 114184ms
query [28878]: # of matches found 59123 and it took: 113791ms
query [28879]: # of matches found 59384 and it took: 113510ms
query [28880]: # of matches found 60397 and it took: 113972ms
query [28881]: # of matches found 60551 and it took: 112850ms
query [28882]: # of matches found 61293 and it took: 113472ms
query [28883]: # of matches found 61310 and it took: 113698ms
query [28884]: # of matches found 61513 and it took: 113333ms
query [28885]: # of matches found 60982 and it took: 113950ms
query [28886]: # of matches found 60924 and it took: 113554ms
query [28887]: # of matches found 60122 and it took: 113830ms
query [28888]: # of matches found 60130 and it took: 113062ms
query [28889]: # of matches found 60117 and it took: 112527ms
query [28890]: # of matches found 60130 and it took: 112923ms
query [28891]: # of matches found 59933 and it took: 111862ms
query [28892]: # of matches found 59913 and it took: 112660ms
query [28893]: # of matches found 59980 and it took: 112279ms
query [28894]: # of matches found 60104 and it took: 111325ms
query [28895]: # of matches found 60179 and it took: 112718ms
query [28896]: # of matches found 60233 and it took: 112153ms
query [28897]: # of matches found 60183 and it took: 112372ms
query [28898]: # of matches found 60129 and it took: 111730ms
query [28899]: # of matches found 59915 and it took: 111816ms
query [28900]: # of matches found 60178 and it took: 112304ms
query [28901]: # of matches found 60238 and it took: 111247ms
query [28902]: # of matches found 60126 and it took: 112533ms
query [28903]: # of matches found 60069 and it took: 112574ms
query [28904]: # of matches found 60157 and it took: 111258ms
query [28905]: # of matches found 60056 and it took: 112677ms
query [28906]: # of matches found 59908 and it took: 112378ms
query [28907]: # of matches found 59440 and it took: 112121ms
query [28908]: # of matches found 59646 and it took: 111898ms
query [28909]: # of matches found 59588 and it took: 111963ms
query [28910]: # of matches found 59573 and it took: 112051ms
query [28911]: # of matches found 59413 and it took: 110563ms
query [28912]: # of matches found 58404 and it took: 111884ms
query [28913]: # of matches found 57748 and it took: 111979ms
query [28914]: # of matches found 57690 and it took: 110545ms
query [28915]: # of matches found 57166 and it took: 112019ms
query [28916]: # of matches found 56631 and it took: 111561ms
query [28917]: # of matches found 56098 and it took: 111718ms
query [28918]: # of matches found 55897 and it took: 111172ms
query [28919]: # of matches found 55752 and it took: 111673ms
query [28920]: # of matches found 55582 and it took: 111940ms
query [28921]: # of matches found 55548 and it took: 110665ms
query [28922]: # of matches found 55529 and it took: 112858ms
query [28923]: # of matches found 55286 and it took: 112970ms
query [28924]: # of matches found 55193 and it took: 111980ms
query [28925]: # of matches found 54835 and it took: 111807ms
query [28926]: # of matches found 54481 and it took: 111500ms
query [28927]: # of matches found 54501 and it took: 111226ms
query [28928]: # of matches found 54406 and it took: 110469ms
query [28929]: # of matches found 54566 and it took: 111547ms
query [28930]: # of matches found 54760 and it took: 112520ms
query [28931]: # of matches found 54721 and it took: 110581ms
query [28932]: # of matches found 54305 and it took: 112179ms
query [28933]: # of matches found 53865 and it took: 111556ms
query [28934]: # of matches found 51367 and it took: 109527ms
query [28935]: # of matches found 49962 and it took: 112468ms
query [28936]: # of matches found 49297 and it took: 111641ms
query [28937]: # of matches found 47977 and it took: 110489ms
query [28938]: # of matches found 47856 and it took: 109882ms
query [28939]: # of matches found 47652 and it took: 110272ms
query [28940]: # of matches found 47626 and it took: 111255ms
query [28941]: # of matches found 47654 and it took: 108637ms
query [28942]: # of matches found 47546 and it took: 110276ms
query [28943]: # of matches found 47811 and it took: 109767ms
query [28944]: # of matches found 47844 and it took: 108607ms
query [28945]: # of matches found 41513 and it took: 109949ms
query [28946]: # of matches found 41223 and it took: 109214ms
query [28947]: # of matches found 41119 and it took: 109481ms
query [28948]: # of matches found 41125 and it took: 108965ms
query [28949]: # of matches found 40748 and it took: 109492ms
query [28950]: # of matches found 40763 and it took: 110329ms
query [28951]: # of matches found 40670 and it took: 108371ms
query [28952]: # of matches found 40040 and it took: 109363ms
query [28953]: # of matches found 40014 and it took: 109966ms
query [28954]: # of matches found 39845 and it took: 109158ms
query [28955]: # of matches found 39642 and it took: 111151ms
query [28956]: # of matches found 39434 and it took: 111257ms
query [28957]: # of matches found 39268 and it took: 110435ms
query [28958]: # of matches found 39240 and it took: 110690ms
query [28959]: # of matches found 39219 and it took: 112652ms
query [28960]: # of matches found 39197 and it took: 112700ms
query [28961]: # of matches found 39222 and it took: 111706ms
query [28962]: # of matches found 39185 and it took: 112259ms
query [28963]: # of matches found 39370 and it took: 113529ms
query [28964]: # of matches found 39310 and it took: 112480ms
query [28965]: # of matches found 39205 and it took: 113529ms
query [28966]: # of matches found 38855 and it took: 113348ms
query [28967]: # of matches found 38992 and it took: 111908ms
query [28968]: # of matches found 39036 and it took: 112230ms
query [28969]: # of matches found 38623 and it took: 113391ms
query [28970]: # of matches found 38679 and it took: 114837ms
query [28971]: # of matches found 39066 and it took: 112797ms
query [28972]: # of matches found 40834 and it took: 113719ms
query [28973]: # of matches found 41324 and it took: 113635ms
query [28974]: # of matches found 41845 and it took: 112604ms
query [28975]: # of matches found 41988 and it took: 114882ms
query [28976]: # of matches found 42039 and it took: 113668ms
query [28977]: # of matches found 41931 and it took: 111633ms
query [28978]: # of matches found 42035 and it took: 112213ms
query [28979]: # of matches found 42173 and it took: 113547ms
query [28980]: # of matches found 42406 and it took: 114151ms
query [28981]: # of matches found 43202 and it took: 113046ms
query [28982]: # of matches found 43371 and it took: 113423ms
query [28983]: # of matches found 42897 and it took: 113824ms
query [28984]: # of matches found 42119 and it took: 112718ms
query [28985]: # of matches found 42222 and it took: 113974ms
query [28986]: # of matches found 42058 and it took: 113629ms
query [28987]: # of matches found 41488 and it took: 111622ms
query [28988]: # of matches found 40212 and it took: 112360ms
query [28989]: # of matches found 35922 and it took: 113624ms
query [28990]: # of matches found 35082 and it took: 113929ms
query [28991]: # of matches found 34485 and it took: 112330ms
query [28992]: # of matches found 34386 and it took: 112748ms
query [28993]: # of matches found 34329 and it took: 113924ms
query [28994]: # of matches found 34216 and it took: 112753ms
query [28995]: # of matches found 34129 and it took: 113745ms
query [28996]: # of matches found 33885 and it took: 113282ms
query [28997]: # of matches found 33673 and it took: 110459ms
query [28998]: # of matches found 33519 and it took: 110585ms
query [28999]: # of matches found 33393 and it took: 112913ms
PARMIK's matches per query up to q (1000) => [average: 43414, median: 37429, sum: 43414297]
Starting alignment for all queries [rev]...
queryBaseIndex: 28000
query [28000]: # of matches found 32951 and it took: 108110ms
query [28001]: # of matches found 33189 and it took: 109210ms
query [28002]: # of matches found 33468 and it took: 107910ms
query [28003]: # of matches found 33633 and it took: 108279ms
query [28004]: # of matches found 33896 and it took: 109025ms
query [28005]: # of matches found 34015 and it took: 108614ms
query [28006]: # of matches found 34237 and it took: 108169ms
query [28007]: # of matches found 34445 and it took: 108041ms
query [28008]: # of matches found 35404 and it took: 108251ms
query [28009]: # of matches found 35676 and it took: 108405ms
query [28010]: # of matches found 35932 and it took: 107820ms
query [28011]: # of matches found 36445 and it took: 107977ms
query [28012]: # of matches found 36355 and it took: 106961ms
query [28013]: # of matches found 36442 and it took: 108141ms
query [28014]: # of matches found 36357 and it took: 107907ms
query [28015]: # of matches found 36339 and it took: 107763ms
query [28016]: # of matches found 36285 and it took: 106834ms
query [28017]: # of matches found 36028 and it took: 106686ms
query [28018]: # of matches found 36015 and it took: 107706ms
query [28019]: # of matches found 36009 and it took: 107527ms
query [28020]: # of matches found 36070 and it took: 107378ms
query [28021]: # of matches found 36045 and it took: 108176ms
query [28022]: # of matches found 35931 and it took: 106698ms
query [28023]: # of matches found 35453 and it took: 107451ms
query [28024]: # of matches found 35343 and it took: 107909ms
query [28025]: # of matches found 35237 and it took: 108084ms
query [28026]: # of matches found 35278 and it took: 106729ms
query [28027]: # of matches found 35303 and it took: 106896ms
query [28028]: # of matches found 35395 and it took: 107607ms
query [28029]: # of matches found 35238 and it took: 107495ms
query [28030]: # of matches found 35159 and it took: 107458ms
query [28031]: # of matches found 35233 and it took: 107426ms
query [28032]: # of matches found 35119 and it took: 106847ms
query [28033]: # of matches found 35217 and it took: 107169ms
query [28034]: # of matches found 35240 and it took: 107173ms
query [28035]: # of matches found 35245 and it took: 107633ms
query [28036]: # of matches found 35215 and it took: 107393ms
query [28037]: # of matches found 35239 and it took: 106496ms
query [28038]: # of matches found 35358 and it took: 109923ms
query [28039]: # of matches found 35426 and it took: 108113ms
query [28040]: # of matches found 35399 and it took: 107780ms
query [28041]: # of matches found 35351 and it took: 107641ms
query [28042]: # of matches found 35201 and it took: 107228ms
query [28043]: # of matches found 35303 and it took: 107562ms
query [28044]: # of matches found 35238 and it took: 107567ms
query [28045]: # of matches found 34945 and it took: 107912ms
query [28046]: # of matches found 34805 and it took: 107577ms
query [28047]: # of matches found 34476 and it took: 106734ms
query [28048]: # of matches found 34144 and it took: 108201ms
query [28049]: # of matches found 34001 and it took: 107429ms
query [28050]: # of matches found 33813 and it took: 107762ms
query [28051]: # of matches found 33581 and it took: 107898ms
query [28052]: # of matches found 33245 and it took: 107859ms
query [28053]: # of matches found 32891 and it took: 107783ms
query [28054]: # of matches found 32872 and it took: 107214ms
query [28055]: # of matches found 33104 and it took: 108319ms
query [28056]: # of matches found 33086 and it took: 107268ms
query [28057]: # of matches found 32941 and it took: 106166ms
query [28058]: # of matches found 32736 and it took: 107931ms
query [28059]: # of matches found 32578 and it took: 107798ms
query [28060]: # of matches found 32045 and it took: 108017ms
query [28061]: # of matches found 31382 and it took: 107928ms
query [28062]: # of matches found 30905 and it took: 108331ms
query [28063]: # of matches found 31056 and it took: 108040ms
query [28064]: # of matches found 30919 and it took: 108564ms
query [28065]: # of matches found 32514 and it took: 108561ms
query [28066]: # of matches found 32585 and it took: 108453ms
query [28067]: # of matches found 32885 and it took: 107263ms
query [28068]: # of matches found 33354 and it took: 108760ms
query [28069]: # of matches found 33425 and it took: 108382ms
query [28070]: # of matches found 33651 and it took: 108280ms
query [28071]: # of matches found 33696 and it took: 108737ms
query [28072]: # of matches found 33764 and it took: 108558ms
query [28073]: # of matches found 33461 and it took: 108255ms
query [28074]: # of matches found 33537 and it took: 107563ms
query [28075]: # of matches found 33995 and it took: 107801ms
query [28076]: # of matches found 33807 and it took: 107520ms
query [28077]: # of matches found 33549 and it took: 106462ms
query [28078]: # of matches found 33495 and it took: 107992ms
query [28079]: # of matches found 33155 and it took: 107119ms
query [28080]: # of matches found 32985 and it took: 108088ms
query [28081]: # of matches found 32809 and it took: 107229ms
query [28082]: # of matches found 32563 and it took: 107745ms
query [28083]: # of matches found 32514 and it took: 107624ms
query [28084]: # of matches found 32350 and it took: 106752ms
query [28085]: # of matches found 32443 and it took: 107530ms
query [28086]: # of matches found 32537 and it took: 107473ms
query [28087]: # of matches found 32492 and it took: 105728ms
query [28088]: # of matches found 32272 and it took: 108624ms
query [28089]: # of matches found 32298 and it took: 107199ms
query [28090]: # of matches found 32147 and it took: 107633ms
query [28091]: # of matches found 31547 and it took: 107171ms
query [28092]: # of matches found 30301 and it took: 107990ms
query [28093]: # of matches found 30418 and it took: 107647ms
query [28094]: # of matches found 30661 and it took: 107126ms
query [28095]: # of matches found 30617 and it took: 107614ms
query [28096]: # of matches found 32933 and it took: 106825ms
query [28097]: # of matches found 34813 and it took: 105022ms
query [28098]: # of matches found 35117 and it took: 107039ms
query [28099]: # of matches found 35323 and it took: 106222ms
query [28100]: # of matches found 35949 and it took: 105800ms
query [28101]: # of matches found 36239 and it took: 105031ms
query [28102]: # of matches found 36610 and it took: 106202ms
query [28103]: # of matches found 37109 and it took: 105461ms
query [28104]: # of matches found 37246 and it took: 105004ms
query [28105]: # of matches found 37681 and it took: 105298ms
query [28106]: # of matches found 37815 and it took: 104704ms
query [28107]: # of matches found 38417 and it took: 103060ms
query [28108]: # of matches found 38741 and it took: 105087ms
query [28109]: # of matches found 39556 and it took: 104655ms
query [28110]: # of matches found 40394 and it took: 105187ms
query [28111]: # of matches found 40444 and it took: 103825ms
query [28112]: # of matches found 39733 and it took: 104448ms
query [28113]: # of matches found 39558 and it took: 104330ms
query [28114]: # of matches found 39049 and it took: 103484ms
query [28115]: # of matches found 39114 and it took: 104151ms
query [28116]: # of matches found 39058 and it took: 104111ms
query [28117]: # of matches found 39211 and it took: 102512ms
query [28118]: # of matches found 39448 and it took: 103985ms
query [28119]: # of matches found 39605 and it took: 103302ms
query [28120]: # of matches found 39568 and it took: 103551ms
query [28121]: # of matches found 39531 and it took: 103340ms
query [28122]: # of matches found 39717 and it took: 104812ms
query [28123]: # of matches found 40038 and it took: 103988ms
query [28124]: # of matches found 40210 and it took: 103169ms
query [28125]: # of matches found 40045 and it took: 103838ms
query [28126]: # of matches found 40215 and it took: 103656ms
query [28127]: # of matches found 40309 and it took: 102285ms
query [28128]: # of matches found 40243 and it took: 104010ms
query [28129]: # of matches found 40360 and it took: 103449ms
query [28130]: # of matches found 40511 and it took: 103292ms
query [28131]: # of matches found 40770 and it took: 102945ms
query [28132]: # of matches found 41063 and it took: 103313ms
query [28133]: # of matches found 41068 and it took: 103608ms
query [28134]: # of matches found 40769 and it took: 102805ms
query [28135]: # of matches found 40560 and it took: 103487ms
query [28136]: # of matches found 40363 and it took: 103652ms
query [28137]: # of matches found 40372 and it took: 102761ms
query [28138]: # of matches found 40587 and it took: 103696ms
query [28139]: # of matches found 40850 and it took: 103361ms
query [28140]: # of matches found 40696 and it took: 103791ms
query [28141]: # of matches found 40430 and it took: 102772ms
query [28142]: # of matches found 40011 and it took: 103251ms
query [28143]: # of matches found 39936 and it took: 103187ms
query [28144]: # of matches found 40108 and it took: 102911ms
query [28145]: # of matches found 39939 and it took: 103044ms
query [28146]: # of matches found 39817 and it took: 103285ms
query [28147]: # of matches found 39675 and it took: 101831ms
query [28148]: # of matches found 39416 and it took: 102990ms
query [28149]: # of matches found 39111 and it took: 102362ms
query [28150]: # of matches found 38393 and it took: 102581ms
query [28151]: # of matches found 38041 and it took: 102360ms
query [28152]: # of matches found 37846 and it took: 102106ms
query [28153]: # of matches found 37676 and it took: 102923ms
query [28154]: # of matches found 37545 and it took: 101816ms
query [28155]: # of matches found 37288 and it took: 102573ms
query [28156]: # of matches found 37385 and it took: 102566ms
query [28157]: # of matches found 37510 and it took: 101932ms
query [28158]: # of matches found 37671 and it took: 102288ms
query [28159]: # of matches found 37586 and it took: 102202ms
query [28160]: # of matches found 37501 and it took: 104959ms
query [28161]: # of matches found 37513 and it took: 103980ms
query [28162]: # of matches found 37655 and it took: 102262ms
query [28163]: # of matches found 37692 and it took: 102203ms
query [28164]: # of matches found 37675 and it took: 101465ms
query [28165]: # of matches found 37673 and it took: 101476ms
query [28166]: # of matches found 37635 and it took: 101519ms
query [28167]: # of matches found 37536 and it took: 100849ms
query [28168]: # of matches found 37453 and it took: 101368ms
query [28169]: # of matches found 37424 and it took: 101023ms
query [28170]: # of matches found 37434 and it took: 101052ms
query [28171]: # of matches found 37392 and it took: 100847ms
query [28172]: # of matches found 37269 and it took: 101382ms
query [28173]: # of matches found 37084 and it took: 101646ms
query [28174]: # of matches found 37197 and it took: 101012ms
query [28175]: # of matches found 39828 and it took: 102322ms
query [28176]: # of matches found 39981 and it took: 102064ms
query [28177]: # of matches found 40107 and it took: 101227ms
query [28178]: # of matches found 40080 and it took: 101090ms
query [28179]: # of matches found 40108 and it took: 101199ms
query [28180]: # of matches found 40196 and it took: 100872ms
query [28181]: # of matches found 40289 and it took: 101351ms
query [28182]: # of matches found 40260 and it took: 101344ms
query [28183]: # of matches found 40029 and it took: 101600ms
query [28184]: # of matches found 39895 and it took: 100551ms
query [28185]: # of matches found 39933 and it took: 101509ms
query [28186]: # of matches found 39992 and it took: 101896ms
query [28187]: # of matches found 40075 and it took: 101814ms
query [28188]: # of matches found 40184 and it took: 101724ms
query [28189]: # of matches found 40231 and it took: 102212ms
query [28190]: # of matches found 40335 and it took: 101998ms
query [28191]: # of matches found 40357 and it took: 102148ms
query [28192]: # of matches found 40382 and it took: 103288ms
query [28193]: # of matches found 40485 and it took: 102721ms
query [28194]: # of matches found 40935 and it took: 102090ms
query [28195]: # of matches found 40770 and it took: 102777ms
query [28196]: # of matches found 40690 and it took: 102953ms
query [28197]: # of matches found 40784 and it took: 103446ms
query [28198]: # of matches found 40833 and it took: 103740ms
query [28199]: # of matches found 40918 and it took: 103777ms
query [28200]: # of matches found 40974 and it took: 103948ms
query [28201]: # of matches found 40974 and it took: 104064ms
query [28202]: # of matches found 41498 and it took: 104686ms
query [28203]: # of matches found 41206 and it took: 104440ms
query [28204]: # of matches found 41034 and it took: 104637ms
query [28205]: # of matches found 39287 and it took: 105541ms
query [28206]: # of matches found 39159 and it took: 105341ms
query [28207]: # of matches found 38884 and it took: 105563ms
query [28208]: # of matches found 38460 and it took: 105740ms
query [28209]: # of matches found 38280 and it took: 106054ms
query [28210]: # of matches found 38087 and it took: 106427ms
query [28211]: # of matches found 38134 and it took: 106225ms
query [28212]: # of matches found 38093 and it took: 106686ms
query [28213]: # of matches found 38061 and it took: 106549ms
query [28214]: # of matches found 38002 and it took: 106630ms
query [28215]: # of matches found 37838 and it took: 107254ms
query [28216]: # of matches found 37939 and it took: 107720ms
query [28217]: # of matches found 37981 and it took: 107427ms
query [28218]: # of matches found 38071 and it took: 107195ms
query [28219]: # of matches found 38071 and it took: 107130ms
query [28220]: # of matches found 38057 and it took: 106964ms
query [28221]: # of matches found 38145 and it took: 108560ms
query [28222]: # of matches found 38061 and it took: 107569ms
query [28223]: # of matches found 38060 and it took: 107198ms
query [28224]: # of matches found 38165 and it took: 108134ms
query [28225]: # of matches found 38163 and it took: 108573ms
query [28226]: # of matches found 37968 and it took: 109034ms
query [28227]: # of matches found 38035 and it took: 109195ms
query [28228]: # of matches found 38172 and it took: 109242ms
query [28229]: # of matches found 38083 and it took: 108547ms
query [28230]: # of matches found 38120 and it took: 108109ms
query [28231]: # of matches found 38605 and it took: 108690ms
query [28232]: # of matches found 38673 and it took: 109509ms
query [28233]: # of matches found 38651 and it took: 108336ms
query [28234]: # of matches found 38545 and it took: 108747ms
query [28235]: # of matches found 38372 and it took: 109414ms
query [28236]: # of matches found 36012 and it took: 109179ms
query [28237]: # of matches found 33979 and it took: 109839ms
query [28238]: # of matches found 33471 and it took: 109629ms
query [28239]: # of matches found 33440 and it took: 108823ms
query [28240]: # of matches found 33340 and it took: 108827ms
query [28241]: # of matches found 33295 and it took: 109010ms
query [28242]: # of matches found 32923 and it took: 109396ms
query [28243]: # of matches found 32393 and it took: 108709ms
query [28244]: # of matches found 32305 and it took: 109290ms
query [28245]: # of matches found 31943 and it took: 109770ms
query [28246]: # of matches found 31943 and it took: 109166ms
query [28247]: # of matches found 31448 and it took: 109865ms
query [28248]: # of matches found 31728 and it took: 110271ms
query [28249]: # of matches found 31345 and it took: 110023ms
query [28250]: # of matches found 30189 and it took: 110052ms
query [28251]: # of matches found 30317 and it took: 110890ms
query [28252]: # of matches found 30456 and it took: 111095ms
query [28253]: # of matches found 32380 and it took: 109947ms
query [28254]: # of matches found 32670 and it took: 110924ms
query [28255]: # of matches found 32630 and it took: 110974ms
query [28256]: # of matches found 32724 and it took: 110524ms
query [28257]: # of matches found 32609 and it took: 111774ms
query [28258]: # of matches found 32302 and it took: 112074ms
query [28259]: # of matches found 32169 and it took: 111691ms
query [28260]: # of matches found 32129 and it took: 110785ms
query [28261]: # of matches found 32128 and it took: 112289ms
query [28262]: # of matches found 32069 and it took: 112515ms
query [28263]: # of matches found 31729 and it took: 111438ms
query [28264]: # of matches found 31348 and it took: 112226ms
query [28265]: # of matches found 31353 and it took: 112396ms
query [28266]: # of matches found 31256 and it took: 111846ms
query [28267]: # of matches found 31045 and it took: 112296ms
query [28268]: # of matches found 31166 and it took: 112254ms
query [28269]: # of matches found 32599 and it took: 111459ms
query [28270]: # of matches found 32967 and it took: 111153ms
query [28271]: # of matches found 32585 and it took: 112092ms
query [28272]: # of matches found 32344 and it took: 112013ms
query [28273]: # of matches found 32444 and it took: 111504ms
query [28274]: # of matches found 32301 and it took: 112296ms
query [28275]: # of matches found 32064 and it took: 112644ms
query [28276]: # of matches found 31963 and it took: 111097ms
query [28277]: # of matches found 32092 and it took: 111953ms
query [28278]: # of matches found 31922 and it took: 112297ms
query [28279]: # of matches found 31822 and it took: 111524ms
query [28280]: # of matches found 31757 and it took: 111304ms
query [28281]: # of matches found 31869 and it took: 112183ms
query [28282]: # of matches found 32055 and it took: 112210ms
query [28283]: # of matches found 32027 and it took: 111249ms
query [28284]: # of matches found 31820 and it took: 112937ms
query [28285]: # of matches found 31941 and it took: 113462ms
query [28286]: # of matches found 31848 and it took: 112492ms
query [28287]: # of matches found 31866 and it took: 113582ms
query [28288]: # of matches found 31709 and it took: 114488ms
query [28289]: # of matches found 31558 and it took: 113172ms
query [28290]: # of matches found 31646 and it took: 113006ms
query [28291]: # of matches found 31652 and it took: 115595ms
query [28292]: # of matches found 31431 and it took: 114319ms
query [28293]: # of matches found 31399 and it took: 113687ms
query [28294]: # of matches found 31339 and it took: 114949ms
query [28295]: # of matches found 31262 and it took: 115401ms
query [28296]: # of matches found 31270 and it took: 113855ms
query [28297]: # of matches found 31301 and it took: 114904ms
query [28298]: # of matches found 31100 and it took: 115472ms
query [28299]: # of matches found 31120 and it took: 114022ms
query [28300]: # of matches found 31184 and it took: 113168ms
query [28301]: # of matches found 31129 and it took: 114935ms
query [28302]: # of matches found 30902 and it took: 114014ms
query [28303]: # of matches found 30929 and it took: 113895ms
query [28304]: # of matches found 31071 and it took: 115273ms
query [28305]: # of matches found 31297 and it took: 115522ms
query [28306]: # of matches found 31441 and it took: 115541ms
query [28307]: # of matches found 31582 and it took: 116648ms
query [28308]: # of matches found 31686 and it took: 117499ms
query [28309]: # of matches found 32004 and it took: 115904ms
query [28310]: # of matches found 32275 and it took: 114427ms
query [28311]: # of matches found 32808 and it took: 115531ms
query [28312]: # of matches found 33072 and it took: 114147ms
query [28313]: # of matches found 33310 and it took: 114953ms
query [28314]: # of matches found 33349 and it took: 115933ms
query [28315]: # of matches found 33528 and it took: 115714ms
query [28316]: # of matches found 33386 and it took: 115156ms
query [28317]: # of matches found 30872 and it took: 115110ms
query [28318]: # of matches found 30963 and it took: 116448ms
query [28319]: # of matches found 30876 and it took: 115466ms
query [28320]: # of matches found 30813 and it took: 114722ms
query [28321]: # of matches found 30817 and it took: 115826ms
query [28322]: # of matches found 30900 and it took: 114457ms
query [28323]: # of matches found 30942 and it took: 115241ms
query [28324]: # of matches found 31146 and it took: 115681ms
query [28325]: # of matches found 31149 and it took: 115329ms
query [28326]: # of matches found 31121 and it took: 114788ms
query [28327]: # of matches found 31063 and it took: 114430ms
query [28328]: # of matches found 31016 and it took: 115679ms
query [28329]: # of matches found 31079 and it took: 114903ms
query [28330]: # of matches found 31271 and it took: 113947ms
query [28331]: # of matches found 31502 and it took: 114554ms
query [28332]: # of matches found 31755 and it took: 112524ms
query [28333]: # of matches found 31783 and it took: 113763ms
query [28334]: # of matches found 31591 and it took: 113999ms
query [28335]: # of matches found 32138 and it took: 113564ms
query [28336]: # of matches found 32307 and it took: 113391ms
query [28337]: # of matches found 32383 and it took: 112979ms
query [28338]: # of matches found 32362 and it took: 114897ms
query [28339]: # of matches found 32307 and it took: 113590ms
query [28340]: # of matches found 32370 and it took: 113011ms
query [28341]: # of matches found 32891 and it took: 113564ms
query [28342]: # of matches found 32528 and it took: 112189ms
query [28343]: # of matches found 32494 and it took: 113253ms
