no kmerRangesFileAddressArg!
no baselineBaseAddress!
no otherToolArg!
**********************CONFIGURATIONS*****************************
PARMIK mode:                  3
readDatabaseAddress:          /p/lava/parmik/partialMatcherProject/datasets/metagenomicDB/SRR14381425/SRR14381425_reads
readFileName:                 SRR14381425_reads
queryFileAddress:             /p/lava/parmik/partialMatcherProject/datasets/queryFiles/covidQueryFiles/NC_045512_chunks/NC_045512_queries_12000-12999
queryFileName:                NC_045512_queries_12000-12999
otherToolOutputFileAddress:   /u/rgq5aw/GIT/PARMIK/partialMatcherProject/tools/blast/SRR14381425/NC_045512/blastn_ws30_results.out
outputDir:                    /p/lava/parmik/partialMatcherProject/tools/baseline_ssw/SRR14381425/NC_045512
penaltyFileAddress:           /u/rgq5aw/GIT/PARMIK/experiments/parmik/CK_SSW_ID_PRCNTG/PenaltySets/2484_1111_2444_2288_2848
kmerRangesFileAddress:        
readsCount:                   27000000
queryCount:                   30000
kmerLength:                   11
regionSize:                   48
cheapKmerThreshold:           0
identityPercentage:           0.85
minExactMatchLen:             0
minNumExactMatchKmer:         0
isIndexOffline:               1
offlineIndexAddress:          /p/lava/parmik/partialMatcherProject/tools/parmik/CK_INDEX/SRR14381425/
baselineBaseAddress:          
max editDistance in min region: 2
**********************CONFIGURATIONS*****************************
--------------Penalties--------------
m: 2, s: 4, go: 8, ge: 4
m: 1, s: 1, go: 1, ge: 1
m: 2, s: 4, go: 4, ge: 4
m: 2, s: 2, go: 8, ge: 8
m: 2, s: 8, go: 4, ge: 8
------------------------------------
numberOfReadsWithN : 0
queryCount : 1000
numberOfReadsWithN : 0
readCount : 19837502
offlineCheapIndexAddress: /p/lava/parmik/partialMatcherProject/tools/parmik/CK_INDEX/SRR14381425/ck_T0_K11_r27000000
pmrkAlignmentsAddress: /p/lava/parmik/partialMatcherProject/tools/baseline_ssw/SRR14381425/NC_045512/aln/pmAln_R48_PI85_L0_M0_E2_K11_T0_P_2484_1111_2444_2288_2848.txt
Starting alignment for all queries [fwd]...
queryBaseIndex: 12000
query [12000]: # of matches found 64084 and it took: 130476ms
query [12001]: # of matches found 64506 and it took: 129455ms
query [12002]: # of matches found 64919 and it took: 130493ms
query [12003]: # of matches found 65854 and it took: 129836ms
query [12004]: # of matches found 66738 and it took: 131018ms
query [12005]: # of matches found 67282 and it took: 130758ms
query [12006]: # of matches found 67198 and it took: 130819ms
query [12007]: # of matches found 67327 and it took: 131387ms
query [12008]: # of matches found 66970 and it took: 130916ms
query [12009]: # of matches found 66338 and it took: 130646ms
query [12010]: # of matches found 65957 and it took: 132677ms
query [12011]: # of matches found 65773 and it took: 131084ms
query [12012]: # of matches found 65594 and it took: 133078ms
query [12013]: # of matches found 64675 and it took: 131753ms
query [12014]: # of matches found 64446 and it took: 132595ms
query [12015]: # of matches found 63532 and it took: 133218ms
query [12016]: # of matches found 63434 and it took: 131858ms
query [12017]: # of matches found 63728 and it took: 132564ms
query [12018]: # of matches found 47424 and it took: 132710ms
query [12019]: # of matches found 47395 and it took: 132085ms
query [12020]: # of matches found 47340 and it took: 134067ms
query [12021]: # of matches found 47341 and it took: 132348ms
query [12022]: # of matches found 47482 and it took: 133290ms
query [12023]: # of matches found 47468 and it took: 132381ms
query [12024]: # of matches found 47719 and it took: 133771ms
query [12025]: # of matches found 47498 and it took: 133577ms
query [12026]: # of matches found 47761 and it took: 132546ms
query [12027]: # of matches found 47673 and it took: 133379ms
query [12028]: # of matches found 47278 and it took: 133126ms
query [12029]: # of matches found 47046 and it took: 132789ms
query [12030]: # of matches found 47051 and it took: 133438ms
query [12031]: # of matches found 46435 and it took: 132675ms
query [12032]: # of matches found 46377 and it took: 133519ms
query [12033]: # of matches found 46452 and it took: 132467ms
query [12034]: # of matches found 46722 and it took: 134877ms
query [12035]: # of matches found 46989 and it took: 134195ms
query [12036]: # of matches found 47132 and it took: 132822ms
query [12037]: # of matches found 47289 and it took: 132790ms
query [12038]: # of matches found 47656 and it took: 132986ms
query [12039]: # of matches found 48234 and it took: 132700ms
query [12040]: # of matches found 48331 and it took: 133648ms
query [12041]: # of matches found 48426 and it took: 133138ms
query [12042]: # of matches found 48462 and it took: 133129ms
query [12043]: # of matches found 48782 and it took: 132760ms
query [12044]: # of matches found 49267 and it took: 134438ms
query [12045]: # of matches found 49360 and it took: 134462ms
query [12046]: # of matches found 49215 and it took: 133455ms
query [12047]: # of matches found 49153 and it took: 134252ms
query [12048]: # of matches found 49214 and it took: 135504ms
query [12049]: # of matches found 49304 and it took: 133097ms
query [12050]: # of matches found 49420 and it took: 133955ms
query [12051]: # of matches found 49783 and it took: 133776ms
query [12052]: # of matches found 47737 and it took: 134203ms
query [12053]: # of matches found 47303 and it took: 133250ms
query [12054]: # of matches found 47123 and it took: 133904ms
query [12055]: # of matches found 46885 and it took: 133466ms
query [12056]: # of matches found 46723 and it took: 132764ms
query [12057]: # of matches found 47869 and it took: 134218ms
query [12058]: # of matches found 47888 and it took: 133183ms
query [12059]: # of matches found 47979 and it took: 133163ms
query [12060]: # of matches found 48763 and it took: 134100ms
query [12061]: # of matches found 49847 and it took: 133419ms
query [12062]: # of matches found 50893 and it took: 133308ms
query [12063]: # of matches found 50906 and it took: 132566ms
query [12064]: # of matches found 51242 and it took: 133370ms
query [12065]: # of matches found 51331 and it took: 133174ms
query [12066]: # of matches found 51136 and it took: 132040ms
query [12067]: # of matches found 50841 and it took: 132696ms
query [12068]: # of matches found 51027 and it took: 131517ms
query [12069]: # of matches found 44855 and it took: 131220ms
query [12070]: # of matches found 44779 and it took: 131089ms
query [12071]: # of matches found 44943 and it took: 130590ms
query [12072]: # of matches found 45678 and it took: 130631ms
query [12073]: # of matches found 45829 and it took: 130717ms
query [12074]: # of matches found 45957 and it took: 131211ms
query [12075]: # of matches found 45826 and it took: 130855ms
query [12076]: # of matches found 45724 and it took: 130129ms
query [12077]: # of matches found 45125 and it took: 131174ms
query [12078]: # of matches found 45148 and it took: 129954ms
query [12079]: # of matches found 45132 and it took: 130017ms
query [12080]: # of matches found 45167 and it took: 130710ms
query [12081]: # of matches found 45107 and it took: 129782ms
query [12082]: # of matches found 45105 and it took: 129880ms
query [12083]: # of matches found 45109 and it took: 129860ms
query [12084]: # of matches found 45272 and it took: 130050ms
query [12085]: # of matches found 45534 and it took: 130010ms
query [12086]: # of matches found 45612 and it took: 129259ms
query [12087]: # of matches found 45884 and it took: 129521ms
query [12088]: # of matches found 46163 and it took: 129457ms
query [12089]: # of matches found 46549 and it took: 129299ms
query [12090]: # of matches found 47015 and it took: 128880ms
query [12091]: # of matches found 47379 and it took: 128499ms
query [12092]: # of matches found 47508 and it took: 128317ms
query [12093]: # of matches found 47543 and it took: 128602ms
query [12094]: # of matches found 47740 and it took: 128541ms
query [12095]: # of matches found 47403 and it took: 129547ms
query [12096]: # of matches found 48459 and it took: 128861ms
query [12097]: # of matches found 48527 and it took: 128502ms
query [12098]: # of matches found 48661 and it took: 128415ms
query [12099]: # of matches found 48689 and it took: 128244ms
query [12100]: # of matches found 48685 and it took: 129218ms
query [12101]: # of matches found 48791 and it took: 129077ms
query [12102]: # of matches found 48924 and it took: 129297ms
query [12103]: # of matches found 48880 and it took: 130244ms
query [12104]: # of matches found 50421 and it took: 129912ms
query [12105]: # of matches found 50487 and it took: 130033ms
query [12106]: # of matches found 50528 and it took: 129615ms
query [12107]: # of matches found 50518 and it took: 129821ms
query [12108]: # of matches found 50641 and it took: 129680ms
query [12109]: # of matches found 50826 and it took: 130125ms
query [12110]: # of matches found 50740 and it took: 130033ms
query [12111]: # of matches found 50563 and it took: 130652ms
query [12112]: # of matches found 50599 and it took: 130096ms
query [12113]: # of matches found 50365 and it took: 131239ms
query [12114]: # of matches found 50312 and it took: 131445ms
query [12115]: # of matches found 50013 and it took: 131289ms
query [12116]: # of matches found 49919 and it took: 131316ms
query [12117]: # of matches found 49557 and it took: 131798ms
query [12118]: # of matches found 49426 and it took: 131518ms
query [12119]: # of matches found 49309 and it took: 131024ms
query [12120]: # of matches found 49161 and it took: 131062ms
query [12121]: # of matches found 49076 and it took: 130997ms
query [12122]: # of matches found 49120 and it took: 131021ms
query [12123]: # of matches found 49813 and it took: 131096ms
query [12124]: # of matches found 50361 and it took: 130881ms
query [12125]: # of matches found 50388 and it took: 130467ms
query [12126]: # of matches found 50796 and it took: 131078ms
query [12127]: # of matches found 50976 and it took: 131281ms
query [12128]: # of matches found 51233 and it took: 130952ms
query [12129]: # of matches found 50994 and it took: 130357ms
query [12130]: # of matches found 51112 and it took: 130915ms
query [12131]: # of matches found 51101 and it took: 131654ms
query [12132]: # of matches found 50981 and it took: 130482ms
query [12133]: # of matches found 50867 and it took: 131887ms
query [12134]: # of matches found 50706 and it took: 131694ms
query [12135]: # of matches found 50699 and it took: 131116ms
query [12136]: # of matches found 50766 and it took: 131486ms
query [12137]: # of matches found 50944 and it took: 130439ms
query [12138]: # of matches found 51302 and it took: 131779ms
query [12139]: # of matches found 51308 and it took: 131742ms
query [12140]: # of matches found 51182 and it took: 130524ms
query [12141]: # of matches found 50727 and it took: 130294ms
query [12142]: # of matches found 50254 and it took: 130813ms
query [12143]: # of matches found 49168 and it took: 131383ms
query [12144]: # of matches found 48350 and it took: 130775ms
query [12145]: # of matches found 47455 and it took: 130845ms
query [12146]: # of matches found 47276 and it took: 131327ms
query [12147]: # of matches found 46956 and it took: 129708ms
query [12148]: # of matches found 46538 and it took: 130840ms
query [12149]: # of matches found 46467 and it took: 130060ms
query [12150]: # of matches found 46554 and it took: 130334ms
query [12151]: # of matches found 46700 and it took: 129575ms
query [12152]: # of matches found 46723 and it took: 129328ms
query [12153]: # of matches found 46711 and it took: 129777ms
query [12154]: # of matches found 46896 and it took: 129420ms
query [12155]: # of matches found 47023 and it took: 129440ms
query [12156]: # of matches found 47244 and it took: 129752ms
query [12157]: # of matches found 47648 and it took: 129376ms
query [12158]: # of matches found 47448 and it took: 128984ms
query [12159]: # of matches found 47326 and it took: 129022ms
query [12160]: # of matches found 47241 and it took: 128842ms
query [12161]: # of matches found 47081 and it took: 128561ms
query [12162]: # of matches found 46795 and it took: 128581ms
query [12163]: # of matches found 46873 and it took: 128469ms
query [12164]: # of matches found 46571 and it took: 128279ms
query [12165]: # of matches found 46778 and it took: 128501ms
query [12166]: # of matches found 46616 and it took: 128848ms
query [12167]: # of matches found 46634 and it took: 127971ms
query [12168]: # of matches found 46585 and it took: 129181ms
query [12169]: # of matches found 46488 and it took: 129110ms
query [12170]: # of matches found 46442 and it took: 129153ms
query [12171]: # of matches found 46374 and it took: 129286ms
query [12172]: # of matches found 46165 and it took: 129481ms
query [12173]: # of matches found 45998 and it took: 129294ms
query [12174]: # of matches found 45694 and it took: 129099ms
query [12175]: # of matches found 45442 and it took: 129597ms
query [12176]: # of matches found 45314 and it took: 130172ms
query [12177]: # of matches found 45336 and it took: 129482ms
query [12178]: # of matches found 45196 and it took: 130786ms
query [12179]: # of matches found 44797 and it took: 131081ms
query [12180]: # of matches found 44794 and it took: 131010ms
query [12181]: # of matches found 44566 and it took: 131971ms
query [12182]: # of matches found 44504 and it took: 132020ms
query [12183]: # of matches found 44076 and it took: 132457ms
query [12184]: # of matches found 43542 and it took: 132080ms
query [12185]: # of matches found 43334 and it took: 132826ms
query [12186]: # of matches found 43281 and it took: 132947ms
query [12187]: # of matches found 43409 and it took: 131122ms
query [12188]: # of matches found 43645 and it took: 133216ms
query [12189]: # of matches found 43523 and it took: 132504ms
query [12190]: # of matches found 43313 and it took: 132426ms
query [12191]: # of matches found 42795 and it took: 132638ms
query [12192]: # of matches found 42631 and it took: 132406ms
query [12193]: # of matches found 42530 and it took: 132460ms
query [12194]: # of matches found 42438 and it took: 132177ms
query [12195]: # of matches found 42085 and it took: 132187ms
query [12196]: # of matches found 41957 and it took: 132821ms
query [12197]: # of matches found 41013 and it took: 130755ms
query [12198]: # of matches found 39993 and it took: 132436ms
query [12199]: # of matches found 39550 and it took: 132249ms
query [12200]: # of matches found 38307 and it took: 132034ms
query [12201]: # of matches found 36981 and it took: 131863ms
query [12202]: # of matches found 35491 and it took: 131948ms
query [12203]: # of matches found 34521 and it took: 132692ms
query [12204]: # of matches found 34252 and it took: 131939ms
query [12205]: # of matches found 33785 and it took: 132111ms
query [12206]: # of matches found 33633 and it took: 132856ms
query [12207]: # of matches found 33359 and it took: 132341ms
query [12208]: # of matches found 33207 and it took: 133864ms
query [12209]: # of matches found 33046 and it took: 133183ms
query [12210]: # of matches found 33099 and it took: 133178ms
query [12211]: # of matches found 32992 and it took: 133403ms
query [12212]: # of matches found 32862 and it took: 134297ms
query [12213]: # of matches found 32710 and it took: 133337ms
query [12214]: # of matches found 31972 and it took: 132942ms
query [12215]: # of matches found 32110 and it took: 132967ms
query [12216]: # of matches found 32169 and it took: 133895ms
query [12217]: # of matches found 32233 and it took: 133488ms
query [12218]: # of matches found 32710 and it took: 134607ms
query [12219]: # of matches found 32832 and it took: 134243ms
query [12220]: # of matches found 33001 and it took: 133480ms
query [12221]: # of matches found 33099 and it took: 133250ms
query [12222]: # of matches found 33178 and it took: 133813ms
query [12223]: # of matches found 33464 and it took: 133835ms
query [12224]: # of matches found 33582 and it took: 133533ms
query [12225]: # of matches found 33493 and it took: 132857ms
query [12226]: # of matches found 33375 and it took: 133844ms
query [12227]: # of matches found 33818 and it took: 132670ms
query [12228]: # of matches found 33426 and it took: 133266ms
query [12229]: # of matches found 33140 and it took: 133618ms
query [12230]: # of matches found 32899 and it took: 133318ms
query [12231]: # of matches found 32684 and it took: 132932ms
query [12232]: # of matches found 32240 and it took: 133189ms
query [12233]: # of matches found 32263 and it took: 134048ms
query [12234]: # of matches found 32337 and it took: 132718ms
query [12235]: # of matches found 32419 and it took: 132429ms
query [12236]: # of matches found 31449 and it took: 133208ms
query [12237]: # of matches found 31557 and it took: 131902ms
query [12238]: # of matches found 31396 and it took: 132704ms
query [12239]: # of matches found 31296 and it took: 133356ms
query [12240]: # of matches found 31275 and it took: 132409ms
query [12241]: # of matches found 31175 and it took: 131554ms
query [12242]: # of matches found 31115 and it took: 131606ms
query [12243]: # of matches found 31330 and it took: 131174ms
query [12244]: # of matches found 31550 and it took: 130397ms
query [12245]: # of matches found 31495 and it took: 130314ms
query [12246]: # of matches found 31742 and it took: 130872ms
query [12247]: # of matches found 30464 and it took: 131009ms
query [12248]: # of matches found 30286 and it took: 130867ms
query [12249]: # of matches found 30237 and it took: 130221ms
query [12250]: # of matches found 30185 and it took: 130157ms
query [12251]: # of matches found 30224 and it took: 130509ms
query [12252]: # of matches found 30131 and it took: 130236ms
query [12253]: # of matches found 30133 and it took: 130362ms
query [12254]: # of matches found 30115 and it took: 129332ms
query [12255]: # of matches found 30533 and it took: 129593ms
query [12256]: # of matches found 30662 and it took: 129711ms
query [12257]: # of matches found 31253 and it took: 129176ms
query [12258]: # of matches found 31688 and it took: 129402ms
query [12259]: # of matches found 32015 and it took: 129584ms
query [12260]: # of matches found 32245 and it took: 129534ms
query [12261]: # of matches found 32879 and it took: 129305ms
query [12262]: # of matches found 32953 and it took: 129322ms
query [12263]: # of matches found 32732 and it took: 129056ms
query [12264]: # of matches found 32662 and it took: 128658ms
query [12265]: # of matches found 32473 and it took: 128810ms
query [12266]: # of matches found 32217 and it took: 129198ms
query [12267]: # of matches found 32539 and it took: 130282ms
query [12268]: # of matches found 32744 and it took: 129296ms
query [12269]: # of matches found 32459 and it took: 129578ms
query [12270]: # of matches found 32537 and it took: 129189ms
query [12271]: # of matches found 32467 and it took: 129089ms
query [12272]: # of matches found 32329 and it took: 128769ms
query [12273]: # of matches found 32439 and it took: 129885ms
query [12274]: # of matches found 32524 and it took: 128523ms
query [12275]: # of matches found 32442 and it took: 128361ms
query [12276]: # of matches found 32460 and it took: 128644ms
query [12277]: # of matches found 32744 and it took: 128109ms
query [12278]: # of matches found 32670 and it took: 127836ms
query [12279]: # of matches found 32616 and it took: 128290ms
query [12280]: # of matches found 32811 and it took: 128179ms
query [12281]: # of matches found 33621 and it took: 128933ms
query [12282]: # of matches found 33789 and it took: 128072ms
query [12283]: # of matches found 33817 and it took: 128258ms
query [12284]: # of matches found 33903 and it took: 127506ms
query [12285]: # of matches found 33981 and it took: 127263ms
query [12286]: # of matches found 34176 and it took: 128455ms
query [12287]: # of matches found 34330 and it took: 128083ms
query [12288]: # of matches found 34360 and it took: 127452ms
query [12289]: # of matches found 34199 and it took: 127440ms
query [12290]: # of matches found 34161 and it took: 127030ms
query [12291]: # of matches found 34067 and it took: 127649ms
query [12292]: # of matches found 34002 and it took: 127292ms
query [12293]: # of matches found 34042 and it took: 128033ms
query [12294]: # of matches found 34049 and it took: 127819ms
query [12295]: # of matches found 34039 and it took: 128085ms
query [12296]: # of matches found 33876 and it took: 128245ms
query [12297]: # of matches found 33425 and it took: 126973ms
query [12298]: # of matches found 33349 and it took: 127239ms
query [12299]: # of matches found 33346 and it took: 127861ms
query [12300]: # of matches found 33541 and it took: 127416ms
query [12301]: # of matches found 33616 and it took: 127084ms
query [12302]: # of matches found 33760 and it took: 126508ms
query [12303]: # of matches found 33713 and it took: 127549ms
query [12304]: # of matches found 33703 and it took: 127162ms
query [12305]: # of matches found 33461 and it took: 127663ms
query [12306]: # of matches found 33428 and it took: 127764ms
query [12307]: # of matches found 33585 and it took: 126156ms
query [12308]: # of matches found 33308 and it took: 126484ms
query [12309]: # of matches found 33411 and it took: 127627ms
query [12310]: # of matches found 33480 and it took: 125944ms
query [12311]: # of matches found 33539 and it took: 126639ms
query [12312]: # of matches found 33563 and it took: 125630ms
query [12313]: # of matches found 33723 and it took: 125915ms
query [12314]: # of matches found 33757 and it took: 125637ms
query [12315]: # of matches found 33883 and it took: 126177ms
query [12316]: # of matches found 34049 and it took: 125741ms
query [12317]: # of matches found 34161 and it took: 124969ms
query [12318]: # of matches found 34914 and it took: 125171ms
query [12319]: # of matches found 35687 and it took: 124994ms
query [12320]: # of matches found 36011 and it took: 124978ms
query [12321]: # of matches found 36044 and it took: 126128ms
query [12322]: # of matches found 36857 and it took: 125282ms
query [12323]: # of matches found 36957 and it took: 126196ms
query [12324]: # of matches found 37029 and it took: 125843ms
query [12325]: # of matches found 36895 and it took: 126074ms
query [12326]: # of matches found 36783 and it took: 126125ms
query [12327]: # of matches found 36517 and it took: 125192ms
query [12328]: # of matches found 36452 and it took: 125385ms
query [12329]: # of matches found 36489 and it took: 126273ms
query [12330]: # of matches found 36811 and it took: 125210ms
query [12331]: # of matches found 36903 and it took: 126567ms
query [12332]: # of matches found 36794 and it took: 125603ms
query [12333]: # of matches found 36656 and it took: 125966ms
query [12334]: # of matches found 36557 and it took: 126414ms
query [12335]: # of matches found 36503 and it took: 126257ms
query [12336]: # of matches found 36511 and it took: 126724ms
query [12337]: # of matches found 36656 and it took: 125630ms
query [12338]: # of matches found 36670 and it took: 126230ms
query [12339]: # of matches found 36727 and it took: 125612ms
query [12340]: # of matches found 36964 and it took: 125388ms
query [12341]: # of matches found 37054 and it took: 126722ms
query [12342]: # of matches found 37281 and it took: 124976ms
query [12343]: # of matches found 37321 and it took: 126555ms
query [12344]: # of matches found 37296 and it took: 125818ms
query [12345]: # of matches found 37326 and it took: 126001ms
query [12346]: # of matches found 37366 and it took: 126496ms
query [12347]: # of matches found 37454 and it took: 124782ms
query [12348]: # of matches found 39153 and it took: 126004ms
query [12349]: # of matches found 38988 and it took: 125604ms
query [12350]: # of matches found 38941 and it took: 125803ms
query [12351]: # of matches found 38788 and it took: 126029ms
query [12352]: # of matches found 38581 and it took: 125416ms
query [12353]: # of matches found 38544 and it took: 126259ms
query [12354]: # of matches found 38649 and it took: 125630ms
query [12355]: # of matches found 38716 and it took: 125701ms
query [12356]: # of matches found 38537 and it took: 125903ms
query [12357]: # of matches found 38896 and it took: 125135ms
query [12358]: # of matches found 38549 and it took: 126025ms
query [12359]: # of matches found 38609 and it took: 125311ms
query [12360]: # of matches found 39360 and it took: 125556ms
query [12361]: # of matches found 39936 and it took: 125475ms
query [12362]: # of matches found 42045 and it took: 124665ms
query [12363]: # of matches found 42129 and it took: 125651ms
query [12364]: # of matches found 42226 and it took: 124522ms
query [12365]: # of matches found 42077 and it took: 126007ms
query [12366]: # of matches found 42208 and it took: 125424ms
query [12367]: # of matches found 42383 and it took: 123017ms
query [12368]: # of matches found 41619 and it took: 124400ms
query [12369]: # of matches found 41638 and it took: 124280ms
query [12370]: # of matches found 41626 and it took: 124576ms
query [12371]: # of matches found 41421 and it took: 124510ms
query [12372]: # of matches found 41412 and it took: 123947ms
query [12373]: # of matches found 41350 and it took: 125036ms
query [12374]: # of matches found 41195 and it took: 124190ms
query [12375]: # of matches found 41051 and it took: 124380ms
query [12376]: # of matches found 41155 and it took: 124784ms
query [12377]: # of matches found 41228 and it took: 123726ms
query [12378]: # of matches found 41140 and it took: 125251ms
query [12379]: # of matches found 41237 and it took: 124115ms
query [12380]: # of matches found 41307 and it took: 124466ms
query [12381]: # of matches found 41292 and it took: 125339ms
query [12382]: # of matches found 41376 and it took: 124350ms
query [12383]: # of matches found 41528 and it took: 124854ms
query [12384]: # of matches found 41270 and it took: 124421ms
query [12385]: # of matches found 41336 and it took: 123572ms
query [12386]: # of matches found 41244 and it took: 123897ms
query [12387]: # of matches found 41184 and it took: 122766ms
query [12388]: # of matches found 41341 and it took: 124027ms
query [12389]: # of matches found 41378 and it took: 122923ms
query [12390]: # of matches found 41471 and it took: 123499ms
query [12391]: # of matches found 41365 and it took: 123802ms
query [12392]: # of matches found 41323 and it took: 122916ms
query [12393]: # of matches found 41324 and it took: 123612ms
query [12394]: # of matches found 41229 and it took: 123354ms
query [12395]: # of matches found 40878 and it took: 124489ms
query [12396]: # of matches found 40826 and it took: 123724ms
query [12397]: # of matches found 40357 and it took: 123033ms
query [12398]: # of matches found 40321 and it took: 124261ms
query [12399]: # of matches found 40187 and it took: 123678ms
query [12400]: # of matches found 40132 and it took: 124499ms
query [12401]: # of matches found 39610 and it took: 125220ms
query [12402]: # of matches found 39519 and it took: 123821ms
query [12403]: # of matches found 39140 and it took: 125214ms
query [12404]: # of matches found 38760 and it took: 124616ms
query [12405]: # of matches found 38635 and it took: 124454ms
query [12406]: # of matches found 38488 and it took: 125201ms
query [12407]: # of matches found 37995 and it took: 123751ms
query [12408]: # of matches found 37287 and it took: 125252ms
query [12409]: # of matches found 37200 and it took: 124214ms
query [12410]: # of matches found 37070 and it took: 125470ms
query [12411]: # of matches found 37245 and it took: 125181ms
query [12412]: # of matches found 37528 and it took: 124085ms
query [12413]: # of matches found 37470 and it took: 125305ms
query [12414]: # of matches found 37538 and it took: 124082ms
query [12415]: # of matches found 37867 and it took: 124510ms
query [12416]: # of matches found 37683 and it took: 125218ms
query [12417]: # of matches found 37359 and it took: 124279ms
query [12418]: # of matches found 37254 and it took: 125094ms
query [12419]: # of matches found 37307 and it took: 124705ms
query [12420]: # of matches found 37204 and it took: 124808ms
query [12421]: # of matches found 36435 and it took: 124879ms
query [12422]: # of matches found 36436 and it took: 124699ms
query [12423]: # of matches found 36417 and it took: 125336ms
query [12424]: # of matches found 36394 and it took: 125026ms
query [12425]: # of matches found 36524 and it took: 126025ms
query [12426]: # of matches found 36434 and it took: 126990ms
query [12427]: # of matches found 36509 and it took: 124698ms
query [12428]: # of matches found 36865 and it took: 125375ms
query [12429]: # of matches found 37111 and it took: 125195ms
query [12430]: # of matches found 37194 and it took: 124732ms
query [12431]: # of matches found 37589 and it took: 125427ms
query [12432]: # of matches found 37602 and it took: 124559ms
query [12433]: # of matches found 37585 and it took: 125774ms
query [12434]: # of matches found 37377 and it took: 125426ms
query [12435]: # of matches found 37300 and it took: 126050ms
query [12436]: # of matches found 37487 and it took: 126657ms
query [12437]: # of matches found 37725 and it took: 125708ms
query [12438]: # of matches found 37654 and it took: 126536ms
query [12439]: # of matches found 38086 and it took: 125925ms
query [12440]: # of matches found 38172 and it took: 126058ms
query [12441]: # of matches found 38158 and it took: 125877ms
query [12442]: # of matches found 37984 and it took: 124957ms
query [12443]: # of matches found 38240 and it took: 126131ms
query [12444]: # of matches found 38659 and it took: 125018ms
query [12445]: # of matches found 39411 and it took: 125498ms
query [12446]: # of matches found 39560 and it took: 125417ms
query [12447]: # of matches found 39433 and it took: 124884ms
query [12448]: # of matches found 39727 and it took: 125890ms
query [12449]: # of matches found 39732 and it took: 125767ms
query [12450]: # of matches found 39662 and it took: 125224ms
query [12451]: # of matches found 39667 and it took: 125419ms
query [12452]: # of matches found 39638 and it took: 124325ms
query [12453]: # of matches found 39529 and it took: 126516ms
query [12454]: # of matches found 39515 and it took: 125195ms
query [12455]: # of matches found 39557 and it took: 125564ms
query [12456]: # of matches found 39408 and it took: 125659ms
query [12457]: # of matches found 39640 and it took: 124826ms
query [12458]: # of matches found 38818 and it took: 125759ms
query [12459]: # of matches found 38259 and it took: 125964ms
query [12460]: # of matches found 37679 and it took: 124697ms
query [12461]: # of matches found 37618 and it took: 125072ms
query [12462]: # of matches found 36783 and it took: 124812ms
query [12463]: # of matches found 36617 and it took: 125222ms
query [12464]: # of matches found 36488 and it took: 124559ms
query [12465]: # of matches found 36562 and it took: 124782ms
query [12466]: # of matches found 36403 and it took: 125762ms
query [12467]: # of matches found 36351 and it took: 125863ms
query [12468]: # of matches found 36151 and it took: 125236ms
query [12469]: # of matches found 36174 and it took: 125444ms
query [12470]: # of matches found 35986 and it took: 124516ms
query [12471]: # of matches found 35759 and it took: 124883ms
query [12472]: # of matches found 35839 and it took: 124487ms
query [12473]: # of matches found 35850 and it took: 125045ms
query [12474]: # of matches found 35717 and it took: 124543ms
query [12475]: # of matches found 35819 and it took: 125036ms
query [12476]: # of matches found 35769 and it took: 125079ms
query [12477]: # of matches found 35871 and it took: 125313ms
query [12478]: # of matches found 35950 and it took: 124727ms
query [12479]: # of matches found 36269 and it took: 125015ms
query [12480]: # of matches found 36106 and it took: 123978ms
query [12481]: # of matches found 36096 and it took: 125079ms
query [12482]: # of matches found 35975 and it took: 124584ms
query [12483]: # of matches found 36203 and it took: 124135ms
query [12484]: # of matches found 36448 and it took: 124121ms
query [12485]: # of matches found 36654 and it took: 123899ms
query [12486]: # of matches found 36701 and it took: 124560ms
query [12487]: # of matches found 36598 and it took: 125087ms
query [12488]: # of matches found 34779 and it took: 125056ms
query [12489]: # of matches found 34769 and it took: 125581ms
query [12490]: # of matches found 34674 and it took: 124477ms
query [12491]: # of matches found 34999 and it took: 125095ms
query [12492]: # of matches found 35021 and it took: 125105ms
query [12493]: # of matches found 35194 and it took: 125178ms
query [12494]: # of matches found 35080 and it took: 125132ms
query [12495]: # of matches found 34795 and it took: 125111ms
query [12496]: # of matches found 34841 and it took: 125606ms
query [12497]: # of matches found 34665 and it took: 124822ms
query [12498]: # of matches found 34409 and it took: 125231ms
query [12499]: # of matches found 34223 and it took: 125832ms
query [12500]: # of matches found 33641 and it took: 125080ms
query [12501]: # of matches found 33053 and it took: 126103ms
query [12502]: # of matches found 30713 and it took: 125254ms
query [12503]: # of matches found 30477 and it took: 125871ms
query [12504]: # of matches found 30414 and it took: 126238ms
query [12505]: # of matches found 30360 and it took: 125969ms
query [12506]: # of matches found 30323 and it took: 126464ms
query [12507]: # of matches found 30260 and it took: 126764ms
query [12508]: # of matches found 30602 and it took: 127630ms
query [12509]: # of matches found 30934 and it took: 126973ms
query [12510]: # of matches found 31129 and it took: 126082ms
query [12511]: # of matches found 31327 and it took: 126264ms
query [12512]: # of matches found 31305 and it took: 125861ms
query [12513]: # of matches found 31303 and it took: 125366ms
query [12514]: # of matches found 31258 and it took: 125569ms
query [12515]: # of matches found 31314 and it took: 125322ms
query [12516]: # of matches found 31145 and it took: 125011ms
query [12517]: # of matches found 30937 and it took: 124998ms
query [12518]: # of matches found 30898 and it took: 125171ms
query [12519]: # of matches found 30721 and it took: 125956ms
query [12520]: # of matches found 30592 and it took: 124686ms
query [12521]: # of matches found 30701 and it took: 125625ms
query [12522]: # of matches found 30844 and it took: 124943ms
query [12523]: # of matches found 30643 and it took: 124806ms
query [12524]: # of matches found 30513 and it took: 125169ms
query [12525]: # of matches found 30440 and it took: 124854ms
query [12526]: # of matches found 30151 and it took: 125396ms
query [12527]: # of matches found 30181 and it took: 125025ms
query [12528]: # of matches found 30021 and it took: 125756ms
query [12529]: # of matches found 29948 and it took: 126983ms
query [12530]: # of matches found 29926 and it took: 125505ms
query [12531]: # of matches found 29997 and it took: 125710ms
query [12532]: # of matches found 30229 and it took: 125248ms
query [12533]: # of matches found 30266 and it took: 125545ms
query [12534]: # of matches found 30301 and it took: 124995ms
query [12535]: # of matches found 30485 and it took: 125064ms
query [12536]: # of matches found 30766 and it took: 125535ms
query [12537]: # of matches found 31304 and it took: 125196ms
query [12538]: # of matches found 31267 and it took: 125596ms
query [12539]: # of matches found 31241 and it took: 126284ms
query [12540]: # of matches found 31153 and it took: 125079ms
query [12541]: # of matches found 31336 and it took: 125949ms
query [12542]: # of matches found 31521 and it took: 126090ms
query [12543]: # of matches found 32041 and it took: 126002ms
query [12544]: # of matches found 32143 and it took: 125148ms
query [12545]: # of matches found 32321 and it took: 125674ms
query [12546]: # of matches found 32302 and it took: 126245ms
query [12547]: # of matches found 32175 and it took: 125480ms
query [12548]: # of matches found 32185 and it took: 126537ms
query [12549]: # of matches found 32064 and it took: 126839ms
query [12550]: # of matches found 31901 and it took: 126821ms
query [12551]: # of matches found 31532 and it took: 127050ms
query [12552]: # of matches found 31102 and it took: 126931ms
query [12553]: # of matches found 31022 and it took: 128167ms
query [12554]: # of matches found 30588 and it took: 127363ms
query [12555]: # of matches found 30268 and it took: 127531ms
query [12556]: # of matches found 30141 and it took: 127686ms
query [12557]: # of matches found 30134 and it took: 128012ms
query [12558]: # of matches found 30000 and it took: 128099ms
query [12559]: # of matches found 29978 and it took: 129011ms
query [12560]: # of matches found 29882 and it took: 128147ms
query [12561]: # of matches found 29818 and it took: 128477ms
query [12562]: # of matches found 29720 and it took: 127675ms
query [12563]: # of matches found 29610 and it took: 128888ms
query [12564]: # of matches found 29465 and it took: 128736ms
query [12565]: # of matches found 29297 and it took: 128649ms
query [12566]: # of matches found 29137 and it took: 128594ms
query [12567]: # of matches found 28992 and it took: 128955ms
query [12568]: # of matches found 28568 and it took: 128497ms
query [12569]: # of matches found 28391 and it took: 128985ms
query [12570]: # of matches found 28310 and it took: 129280ms
query [12571]: # of matches found 27912 and it took: 129768ms
query [12572]: # of matches found 27905 and it took: 129851ms
query [12573]: # of matches found 27850 and it took: 130650ms
query [12574]: # of matches found 27848 and it took: 130357ms
query [12575]: # of matches found 27912 and it took: 129159ms
query [12576]: # of matches found 27919 and it took: 130334ms
query [12577]: # of matches found 27487 and it took: 129421ms
query [12578]: # of matches found 27309 and it took: 129669ms
query [12579]: # of matches found 26756 and it took: 130716ms
query [12580]: # of matches found 26553 and it took: 130618ms
query [12581]: # of matches found 26883 and it took: 131267ms
query [12582]: # of matches found 27023 and it took: 130530ms
query [12583]: # of matches found 27003 and it took: 131659ms
query [12584]: # of matches found 26714 and it took: 131245ms
query [12585]: # of matches found 26049 and it took: 131388ms
query [12586]: # of matches found 26460 and it took: 131864ms
query [12587]: # of matches found 26527 and it took: 132276ms
query [12588]: # of matches found 26413 and it took: 132077ms
query [12589]: # of matches found 26349 and it took: 133386ms
query [12590]: # of matches found 26409 and it took: 133031ms
query [12591]: # of matches found 26309 and it took: 132830ms
query [12592]: # of matches found 26335 and it took: 131954ms
query [12593]: # of matches found 26458 and it took: 133102ms
query [12594]: # of matches found 26378 and it took: 132080ms
query [12595]: # of matches found 26177 and it took: 132144ms
query [12596]: # of matches found 26250 and it took: 133110ms
query [12597]: # of matches found 26201 and it took: 132329ms
query [12598]: # of matches found 25997 and it took: 132914ms
query [12599]: # of matches found 25959 and it took: 133784ms
query [12600]: # of matches found 26213 and it took: 133369ms
query [12601]: # of matches found 26361 and it took: 133004ms
query [12602]: # of matches found 26143 and it took: 133093ms
query [12603]: # of matches found 26241 and it took: 133268ms
query [12604]: # of matches found 26386 and it took: 132287ms
query [12605]: # of matches found 26591 and it took: 132443ms
query [12606]: # of matches found 26657 and it took: 132612ms
query [12607]: # of matches found 26953 and it took: 132373ms
query [12608]: # of matches found 26934 and it took: 133604ms
query [12609]: # of matches found 26838 and it took: 133864ms
query [12610]: # of matches found 26811 and it took: 133397ms
query [12611]: # of matches found 26783 and it took: 134006ms
query [12612]: # of matches found 26749 and it took: 133719ms
query [12613]: # of matches found 26811 and it took: 134054ms
query [12614]: # of matches found 26933 and it took: 133122ms
query [12615]: # of matches found 27064 and it took: 133363ms
query [12616]: # of matches found 27255 and it took: 134914ms
query [12617]: # of matches found 27490 and it took: 133623ms
query [12618]: # of matches found 27529 and it took: 134538ms
query [12619]: # of matches found 27363 and it took: 135562ms
query [12620]: # of matches found 27348 and it took: 135573ms
query [12621]: # of matches found 27134 and it took: 135897ms
query [12622]: # of matches found 27033 and it took: 135164ms
query [12623]: # of matches found 26721 and it took: 135892ms
query [12624]: # of matches found 26883 and it took: 135141ms
query [12625]: # of matches found 26718 and it took: 136080ms
query [12626]: # of matches found 26647 and it took: 136873ms
query [12627]: # of matches found 26615 and it took: 136183ms
query [12628]: # of matches found 26483 and it took: 136199ms
query [12629]: # of matches found 26441 and it took: 137159ms
query [12630]: # of matches found 26417 and it took: 136114ms
query [12631]: # of matches found 26118 and it took: 136606ms
query [12632]: # of matches found 26001 and it took: 135750ms
query [12633]: # of matches found 25732 and it took: 135100ms
query [12634]: # of matches found 25727 and it took: 134634ms
query [12635]: # of matches found 26032 and it took: 135726ms
query [12636]: # of matches found 26107 and it took: 136625ms
query [12637]: # of matches found 26241 and it took: 135739ms
query [12638]: # of matches found 26366 and it took: 135605ms
query [12639]: # of matches found 26501 and it took: 135765ms
query [12640]: # of matches found 28087 and it took: 135565ms
query [12641]: # of matches found 28495 and it took: 136109ms
query [12642]: # of matches found 42100 and it took: 135920ms
query [12643]: # of matches found 42341 and it took: 135709ms
query [12644]: # of matches found 42932 and it took: 134830ms
query [12645]: # of matches found 43445 and it took: 136519ms
query [12646]: # of matches found 43592 and it took: 135763ms
query [12647]: # of matches found 44126 and it took: 135494ms
query [12648]: # of matches found 44114 and it took: 136301ms
query [12649]: # of matches found 43632 and it took: 136019ms
query [12650]: # of matches found 43659 and it took: 135730ms
query [12651]: # of matches found 43638 and it took: 135814ms
query [12652]: # of matches found 43710 and it took: 136108ms
query [12653]: # of matches found 43778 and it took: 135340ms
query [12654]: # of matches found 43889 and it took: 135300ms
query [12655]: # of matches found 44301 and it took: 135121ms
query [12656]: # of matches found 44497 and it took: 135629ms
query [12657]: # of matches found 45105 and it took: 135271ms
query [12658]: # of matches found 45105 and it took: 135055ms
query [12659]: # of matches found 45105 and it took: 135026ms
query [12660]: # of matches found 45102 and it took: 134835ms
query [12661]: # of matches found 45322 and it took: 135556ms
query [12662]: # of matches found 45445 and it took: 135750ms
query [12663]: # of matches found 45521 and it took: 134312ms
query [12664]: # of matches found 45687 and it took: 134723ms
query [12665]: # of matches found 45532 and it took: 134929ms
query [12666]: # of matches found 45587 and it took: 134935ms
query [12667]: # of matches found 45453 and it took: 134762ms
query [12668]: # of matches found 45515 and it took: 134817ms
query [12669]: # of matches found 45429 and it took: 135072ms
query [12670]: # of matches found 45354 and it took: 135217ms
query [12671]: # of matches found 45290 and it took: 135104ms
query [12672]: # of matches found 45179 and it took: 135718ms
query [12673]: # of matches found 45057 and it took: 134837ms
query [12674]: # of matches found 45023 and it took: 134421ms
query [12675]: # of matches found 44854 and it took: 135704ms
query [12676]: # of matches found 44613 and it took: 134900ms
query [12677]: # of matches found 43931 and it took: 134739ms
query [12678]: # of matches found 43773 and it took: 134842ms
query [12679]: # of matches found 43742 and it took: 135789ms
query [12680]: # of matches found 43563 and it took: 134348ms
query [12681]: # of matches found 43137 and it took: 134737ms
query [12682]: # of matches found 43048 and it took: 135519ms
query [12683]: # of matches found 42574 and it took: 134057ms
query [12684]: # of matches found 42288 and it took: 134370ms
query [12685]: # of matches found 42474 and it took: 135004ms
query [12686]: # of matches found 42563 and it took: 134187ms
query [12687]: # of matches found 42597 and it took: 134474ms
query [12688]: # of matches found 42376 and it took: 135219ms
query [12689]: # of matches found 42584 and it took: 134556ms
query [12690]: # of matches found 43083 and it took: 133789ms
query [12691]: # of matches found 43824 and it took: 134054ms
query [12692]: # of matches found 44349 and it took: 134430ms
query [12693]: # of matches found 44511 and it took: 133262ms
query [12694]: # of matches found 44967 and it took: 134081ms
query [12695]: # of matches found 45570 and it took: 133823ms
query [12696]: # of matches found 45657 and it took: 134108ms
query [12697]: # of matches found 45832 and it took: 133269ms
query [12698]: # of matches found 48569 and it took: 133343ms
query [12699]: # of matches found 48360 and it took: 133031ms
query [12700]: # of matches found 48207 and it took: 133037ms
query [12701]: # of matches found 48214 and it took: 133521ms
query [12702]: # of matches found 48163 and it took: 133723ms
query [12703]: # of matches found 48091 and it took: 132045ms
query [12704]: # of matches found 48089 and it took: 132390ms
query [12705]: # of matches found 48034 and it took: 132363ms
query [12706]: # of matches found 48011 and it took: 132180ms
query [12707]: # of matches found 48150 and it took: 131688ms
query [12708]: # of matches found 48291 and it took: 131551ms
query [12709]: # of matches found 48198 and it took: 131076ms
query [12710]: # of matches found 48099 and it took: 132050ms
query [12711]: # of matches found 48594 and it took: 131722ms
query [12712]: # of matches found 48533 and it took: 132588ms
query [12713]: # of matches found 48509 and it took: 131045ms
query [12714]: # of matches found 48619 and it took: 131518ms
query [12715]: # of matches found 48536 and it took: 132270ms
query [12716]: # of matches found 48627 and it took: 131535ms
query [12717]: # of matches found 49009 and it took: 131420ms
query [12718]: # of matches found 49394 and it took: 131340ms
query [12719]: # of matches found 49520 and it took: 131532ms
query [12720]: # of matches found 49472 and it took: 130982ms
query [12721]: # of matches found 49142 and it took: 130157ms
query [12722]: # of matches found 49369 and it took: 130843ms
query [12723]: # of matches found 49311 and it took: 130647ms
query [12724]: # of matches found 49388 and it took: 130934ms
query [12725]: # of matches found 49570 and it took: 130879ms
query [12726]: # of matches found 49018 and it took: 129332ms
query [12727]: # of matches found 49226 and it took: 129681ms
query [12728]: # of matches found 49167 and it took: 130487ms
query [12729]: # of matches found 48846 and it took: 130243ms
query [12730]: # of matches found 48802 and it took: 129445ms
query [12731]: # of matches found 48783 and it took: 130000ms
query [12732]: # of matches found 48917 and it took: 130149ms
query [12733]: # of matches found 48819 and it took: 129850ms
query [12734]: # of matches found 48934 and it took: 130309ms
query [12735]: # of matches found 49076 and it took: 130049ms
query [12736]: # of matches found 49054 and it took: 129664ms
query [12737]: # of matches found 48911 and it took: 129712ms
query [12738]: # of matches found 48846 and it took: 129951ms
query [12739]: # of matches found 48981 and it took: 129075ms
query [12740]: # of matches found 48809 and it took: 129681ms
query [12741]: # of matches found 48564 and it took: 130066ms
query [12742]: # of matches found 48424 and it took: 130676ms
query [12743]: # of matches found 48312 and it took: 130718ms
query [12744]: # of matches found 48406 and it took: 131220ms
query [12745]: # of matches found 48365 and it took: 129964ms
query [12746]: # of matches found 48553 and it took: 129659ms
query [12747]: # of matches found 48640 and it took: 129425ms
query [12748]: # of matches found 48713 and it took: 130004ms
query [12749]: # of matches found 48788 and it took: 128480ms
query [12750]: # of matches found 48876 and it took: 128581ms
query [12751]: # of matches found 48979 and it took: 129266ms
query [12752]: # of matches found 48931 and it took: 130373ms
query [12753]: # of matches found 48963 and it took: 129835ms
query [12754]: # of matches found 48939 and it took: 130350ms
query [12755]: # of matches found 48857 and it took: 129805ms
query [12756]: # of matches found 48857 and it took: 129154ms
query [12757]: # of matches found 48589 and it took: 129116ms
query [12758]: # of matches found 48381 and it took: 129922ms
query [12759]: # of matches found 48292 and it took: 128209ms
query [12760]: # of matches found 49185 and it took: 128677ms
query [12761]: # of matches found 49354 and it took: 128714ms
query [12762]: # of matches found 49383 and it took: 129189ms
query [12763]: # of matches found 49487 and it took: 128814ms
query [12764]: # of matches found 49632 and it took: 130143ms
query [12765]: # of matches found 49274 and it took: 129184ms
query [12766]: # of matches found 49399 and it took: 128895ms
query [12767]: # of matches found 49556 and it took: 129152ms
query [12768]: # of matches found 49896 and it took: 129084ms
query [12769]: # of matches found 49987 and it took: 127859ms
query [12770]: # of matches found 50051 and it took: 128027ms
query [12771]: # of matches found 50141 and it took: 128203ms
query [12772]: # of matches found 50309 and it took: 129246ms
query [12773]: # of matches found 50449 and it took: 128692ms
query [12774]: # of matches found 50706 and it took: 129595ms
query [12775]: # of matches found 50437 and it took: 129596ms
query [12776]: # of matches found 50423 and it took: 129448ms
query [12777]: # of matches found 50311 and it took: 128985ms
query [12778]: # of matches found 50212 and it took: 129327ms
query [12779]: # of matches found 50158 and it took: 129366ms
query [12780]: # of matches found 49326 and it took: 129436ms
query [12781]: # of matches found 48754 and it took: 129454ms
query [12782]: # of matches found 45178 and it took: 129993ms
query [12783]: # of matches found 35727 and it took: 129446ms
query [12784]: # of matches found 33652 and it took: 131498ms
query [12785]: # of matches found 33022 and it took: 130899ms
query [12786]: # of matches found 32897 and it took: 131358ms
query [12787]: # of matches found 32581 and it took: 130954ms
query [12788]: # of matches found 32285 and it took: 131203ms
query [12789]: # of matches found 32218 and it took: 129404ms
query [12790]: # of matches found 31936 and it took: 129100ms
query [12791]: # of matches found 31876 and it took: 131130ms
query [12792]: # of matches found 33053 and it took: 131279ms
query [12793]: # of matches found 33027 and it took: 130149ms
query [12794]: # of matches found 33225 and it took: 130890ms
query [12795]: # of matches found 32997 and it took: 130711ms
query [12796]: # of matches found 32991 and it took: 130722ms
query [12797]: # of matches found 32769 and it took: 130556ms
query [12798]: # of matches found 34459 and it took: 131103ms
query [12799]: # of matches found 35159 and it took: 130750ms
query [12800]: # of matches found 35389 and it took: 130564ms
query [12801]: # of matches found 35536 and it took: 130079ms
query [12802]: # of matches found 35638 and it took: 130718ms
query [12803]: # of matches found 35576 and it took: 129773ms
query [12804]: # of matches found 36050 and it took: 131364ms
query [12805]: # of matches found 36559 and it took: 130379ms
query [12806]: # of matches found 36984 and it took: 130782ms
query [12807]: # of matches found 37210 and it took: 130290ms
query [12808]: # of matches found 37724 and it took: 130003ms
query [12809]: # of matches found 37901 and it took: 129652ms
query [12810]: # of matches found 38548 and it took: 129332ms
query [12811]: # of matches found 38872 and it took: 128770ms
query [12812]: # of matches found 39071 and it took: 129688ms
query [12813]: # of matches found 39710 and it took: 128788ms
query [12814]: # of matches found 39837 and it took: 129414ms
query [12815]: # of matches found 40647 and it took: 128796ms
query [12816]: # of matches found 40931 and it took: 129725ms
query [12817]: # of matches found 41147 and it took: 129492ms
query [12818]: # of matches found 41481 and it took: 128438ms
query [12819]: # of matches found 41876 and it took: 128363ms
query [12820]: # of matches found 41970 and it took: 128032ms
query [12821]: # of matches found 41961 and it took: 127895ms
query [12822]: # of matches found 41999 and it took: 127540ms
query [12823]: # of matches found 42157 and it took: 127536ms
query [12824]: # of matches found 43053 and it took: 128797ms
query [12825]: # of matches found 42851 and it took: 126786ms
query [12826]: # of matches found 42645 and it took: 127801ms
query [12827]: # of matches found 42752 and it took: 127535ms
query [12828]: # of matches found 42738 and it took: 127120ms
query [12829]: # of matches found 42600 and it took: 126969ms
query [12830]: # of matches found 42202 and it took: 126334ms
query [12831]: # of matches found 41834 and it took: 126645ms
query [12832]: # of matches found 41290 and it took: 126831ms
query [12833]: # of matches found 41140 and it took: 126010ms
query [12834]: # of matches found 40801 and it took: 127066ms
query [12835]: # of matches found 40420 and it took: 125593ms
query [12836]: # of matches found 40574 and it took: 126073ms
query [12837]: # of matches found 40770 and it took: 125873ms
query [12838]: # of matches found 37970 and it took: 125192ms
query [12839]: # of matches found 38167 and it took: 125464ms
query [12840]: # of matches found 38611 and it took: 125683ms
query [12841]: # of matches found 38535 and it took: 124820ms
query [12842]: # of matches found 38600 and it took: 124976ms
query [12843]: # of matches found 38632 and it took: 124564ms
query [12844]: # of matches found 38666 and it took: 124735ms
query [12845]: # of matches found 38680 and it took: 124041ms
query [12846]: # of matches found 38822 and it took: 124579ms
query [12847]: # of matches found 39036 and it took: 124072ms
query [12848]: # of matches found 38827 and it took: 123310ms
query [12849]: # of matches found 38824 and it took: 123793ms
query [12850]: # of matches found 38913 and it took: 123496ms
query [12851]: # of matches found 38947 and it took: 123279ms
query [12852]: # of matches found 42066 and it took: 123437ms
query [12853]: # of matches found 43107 and it took: 123434ms
query [12854]: # of matches found 43210 and it took: 123793ms
query [12855]: # of matches found 43279 and it took: 122820ms
query [12856]: # of matches found 43468 and it took: 123848ms
query [12857]: # of matches found 43090 and it took: 122436ms
query [12858]: # of matches found 42655 and it took: 122782ms
query [12859]: # of matches found 42723 and it took: 123171ms
query [12860]: # of matches found 42746 and it took: 122500ms
query [12861]: # of matches found 42735 and it took: 122424ms
query [12862]: # of matches found 42160 and it took: 122079ms
query [12863]: # of matches found 42119 and it took: 121988ms
query [12864]: # of matches found 42114 and it took: 122455ms
query [12865]: # of matches found 41904 and it took: 121386ms
query [12866]: # of matches found 41918 and it took: 121788ms
query [12867]: # of matches found 41405 and it took: 122374ms
query [12868]: # of matches found 41389 and it took: 121412ms
query [12869]: # of matches found 41359 and it took: 122168ms
query [12870]: # of matches found 41239 and it took: 121204ms
query [12871]: # of matches found 41252 and it took: 121475ms
query [12872]: # of matches found 41110 and it took: 120545ms
query [12873]: # of matches found 41092 and it took: 121085ms
query [12874]: # of matches found 41076 and it took: 121288ms
query [12875]: # of matches found 41218 and it took: 120690ms
query [12876]: # of matches found 41386 and it took: 121179ms
query [12877]: # of matches found 41333 and it took: 122290ms
query [12878]: # of matches found 41410 and it took: 122194ms
query [12879]: # of matches found 41488 and it took: 123019ms
query [12880]: # of matches found 41694 and it took: 122516ms
query [12881]: # of matches found 41884 and it took: 122940ms
query [12882]: # of matches found 41840 and it took: 122230ms
query [12883]: # of matches found 41834 and it took: 123636ms
query [12884]: # of matches found 41903 and it took: 123356ms
query [12885]: # of matches found 41683 and it took: 122525ms
query [12886]: # of matches found 41725 and it took: 122616ms
query [12887]: # of matches found 41596 and it took: 123714ms
query [12888]: # of matches found 41410 and it took: 123157ms
query [12889]: # of matches found 41481 and it took: 123287ms
query [12890]: # of matches found 41556 and it took: 124392ms
query [12891]: # of matches found 41740 and it took: 124093ms
query [12892]: # of matches found 41963 and it took: 123171ms
query [12893]: # of matches found 42358 and it took: 123967ms
query [12894]: # of matches found 42387 and it took: 124279ms
query [12895]: # of matches found 42568 and it took: 123974ms
query [12896]: # of matches found 42515 and it took: 124678ms
query [12897]: # of matches found 42511 and it took: 125450ms
query [12898]: # of matches found 42552 and it took: 125519ms
query [12899]: # of matches found 42850 and it took: 126148ms
query [12900]: # of matches found 41991 and it took: 124958ms
query [12901]: # of matches found 41789 and it took: 125937ms
query [12902]: # of matches found 41817 and it took: 124741ms
query [12903]: # of matches found 41735 and it took: 126377ms
query [12904]: # of matches found 42221 and it took: 125745ms
query [12905]: # of matches found 42234 and it took: 125998ms
query [12906]: # of matches found 42217 and it took: 126107ms
query [12907]: # of matches found 42437 and it took: 126945ms
query [12908]: # of matches found 42215 and it took: 127016ms
query [12909]: # of matches found 42272 and it took: 127412ms
query [12910]: # of matches found 42352 and it took: 126744ms
query [12911]: # of matches found 42417 and it took: 127478ms
query [12912]: # of matches found 42465 and it took: 126470ms
query [12913]: # of matches found 42426 and it took: 127595ms
query [12914]: # of matches found 42406 and it took: 126971ms
query [12915]: # of matches found 42408 and it took: 127484ms
query [12916]: # of matches found 42613 and it took: 128598ms
query [12917]: # of matches found 42803 and it took: 128102ms
query [12918]: # of matches found 42812 and it took: 128603ms
query [12919]: # of matches found 42806 and it took: 129182ms
query [12920]: # of matches found 43126 and it took: 128003ms
query [12921]: # of matches found 43474 and it took: 129154ms
query [12922]: # of matches found 43511 and it took: 127908ms
query [12923]: # of matches found 43971 and it took: 128603ms
query [12924]: # of matches found 44075 and it took: 128191ms
query [12925]: # of matches found 44527 and it took: 128982ms
query [12926]: # of matches found 44588 and it took: 129065ms
query [12927]: # of matches found 44625 and it took: 129430ms
query [12928]: # of matches found 44417 and it took: 129703ms
query [12929]: # of matches found 44685 and it took: 129414ms
query [12930]: # of matches found 45022 and it took: 129149ms
query [12931]: # of matches found 45205 and it took: 130096ms
query [12932]: # of matches found 45414 and it took: 129551ms
query [12933]: # of matches found 44170 and it took: 130904ms
query [12934]: # of matches found 44156 and it took: 129095ms
query [12935]: # of matches found 44900 and it took: 129661ms
query [12936]: # of matches found 44956 and it took: 130267ms
query [12937]: # of matches found 45317 and it took: 128821ms
query [12938]: # of matches found 44098 and it took: 129513ms
query [12939]: # of matches found 43355 and it took: 129098ms
query [12940]: # of matches found 43230 and it took: 129170ms
query [12941]: # of matches found 42985 and it took: 129261ms
query [12942]: # of matches found 42869 and it took: 128115ms
query [12943]: # of matches found 42866 and it took: 128687ms
query [12944]: # of matches found 42550 and it took: 129654ms
query [12945]: # of matches found 42359 and it took: 129695ms
query [12946]: # of matches found 42157 and it took: 129835ms
query [12947]: # of matches found 41900 and it took: 129023ms
query [12948]: # of matches found 41544 and it took: 130439ms
query [12949]: # of matches found 41608 and it took: 129863ms
query [12950]: # of matches found 42258 and it took: 129901ms
query [12951]: # of matches found 41916 and it took: 130842ms
query [12952]: # of matches found 41862 and it took: 130232ms
query [12953]: # of matches found 41905 and it took: 130738ms
query [12954]: # of matches found 41537 and it took: 130518ms
query [12955]: # of matches found 40819 and it took: 130908ms
query [12956]: # of matches found 40528 and it took: 132199ms
query [12957]: # of matches found 40569 and it took: 131725ms
query [12958]: # of matches found 40476 and it took: 132434ms
query [12959]: # of matches found 40155 and it took: 131705ms
query [12960]: # of matches found 40089 and it took: 132018ms
query [12961]: # of matches found 40165 and it took: 132359ms
query [12962]: # of matches found 40253 and it took: 131717ms
query [12963]: # of matches found 40342 and it took: 131343ms
query [12964]: # of matches found 40565 and it took: 131202ms
query [12965]: # of matches found 39948 and it took: 131480ms
query [12966]: # of matches found 40428 and it took: 132208ms
query [12967]: # of matches found 40376 and it took: 131879ms
query [12968]: # of matches found 40245 and it took: 132358ms
query [12969]: # of matches found 40220 and it took: 131163ms
query [12970]: # of matches found 40245 and it took: 131111ms
query [12971]: # of matches found 40252 and it took: 131627ms
query [12972]: # of matches found 40001 and it took: 131059ms
query [12973]: # of matches found 39961 and it took: 131423ms
query [12974]: # of matches found 39814 and it took: 131992ms
query [12975]: # of matches found 39756 and it took: 132553ms
query [12976]: # of matches found 39428 and it took: 134556ms
query [12977]: # of matches found 39159 and it took: 132725ms
query [12978]: # of matches found 39075 and it took: 133354ms
query [12979]: # of matches found 39012 and it took: 132809ms
query [12980]: # of matches found 38921 and it took: 132004ms
query [12981]: # of matches found 38733 and it took: 132464ms
query [12982]: # of matches found 38995 and it took: 132906ms
query [12983]: # of matches found 39051 and it took: 131578ms
query [12984]: # of matches found 40590 and it took: 132674ms
query [12985]: # of matches found 41849 and it took: 132136ms
query [12986]: # of matches found 41954 and it took: 132576ms
query [12987]: # of matches found 41865 and it took: 132221ms
query [12988]: # of matches found 42159 and it took: 132419ms
query [12989]: # of matches found 42535 and it took: 130689ms
query [12990]: # of matches found 42586 and it took: 130685ms
query [12991]: # of matches found 42896 and it took: 131493ms
query [12992]: # of matches found 39323 and it took: 130645ms
query [12993]: # of matches found 39157 and it took: 130353ms
query [12994]: # of matches found 38225 and it took: 131209ms
query [12995]: # of matches found 38451 and it took: 130536ms
query [12996]: # of matches found 38362 and it took: 131645ms
query [12997]: # of matches found 38368 and it took: 132276ms
query [12998]: # of matches found 38305 and it took: 131392ms
query [12999]: # of matches found 38420 and it took: 130860ms
PARMIK's matches per query up to q (1000) => [average: 40166, median: 40904, sum: 40166173]
Starting alignment for all queries [rev]...
queryBaseIndex: 12000
query [12000]: # of matches found 63255 and it took: 130876ms
query [12001]: # of matches found 63668 and it took: 130683ms
query [12002]: # of matches found 64143 and it took: 131525ms
query [12003]: # of matches found 64732 and it took: 130852ms
query [12004]: # of matches found 65500 and it took: 131885ms
query [12005]: # of matches found 65969 and it took: 131380ms
query [12006]: # of matches found 65853 and it took: 132813ms
query [12007]: # of matches found 65528 and it took: 132312ms
query [12008]: # of matches found 61987 and it took: 131939ms
query [12009]: # of matches found 57366 and it took: 133786ms
query [12010]: # of matches found 56626 and it took: 132117ms
query [12011]: # of matches found 56306 and it took: 131698ms
query [12012]: # of matches found 56098 and it took: 132690ms
query [12013]: # of matches found 54355 and it took: 131463ms
query [12014]: # of matches found 54038 and it took: 133688ms
query [12015]: # of matches found 53125 and it took: 132489ms
query [12016]: # of matches found 52966 and it took: 134674ms
query [12017]: # of matches found 53250 and it took: 134142ms
query [12018]: # of matches found 48551 and it took: 133445ms
query [12019]: # of matches found 48528 and it took: 133814ms
query [12020]: # of matches found 48566 and it took: 132825ms
query [12021]: # of matches found 48552 and it took: 132327ms
query [12022]: # of matches found 48627 and it took: 133107ms
query [12023]: # of matches found 48574 and it took: 132601ms
query [12024]: # of matches found 48858 and it took: 132295ms
query [12025]: # of matches found 48603 and it took: 131649ms
query [12026]: # of matches found 48946 and it took: 133076ms
query [12027]: # of matches found 48863 and it took: 132795ms
query [12028]: # of matches found 48595 and it took: 132298ms
query [12029]: # of matches found 48389 and it took: 133585ms
query [12030]: # of matches found 48389 and it took: 132892ms
query [12031]: # of matches found 47947 and it took: 132058ms
query [12032]: # of matches found 47891 and it took: 133070ms
query [12033]: # of matches found 47747 and it took: 132332ms
query [12034]: # of matches found 47829 and it took: 133481ms
query [12035]: # of matches found 48115 and it took: 132975ms
query [12036]: # of matches found 48280 and it took: 134298ms
query [12037]: # of matches found 48499 and it took: 133295ms
query [12038]: # of matches found 48877 and it took: 133119ms
query [12039]: # of matches found 49135 and it took: 133872ms
query [12040]: # of matches found 49291 and it took: 133834ms
query [12041]: # of matches found 49447 and it took: 133608ms
query [12042]: # of matches found 49574 and it took: 134144ms
query [12043]: # of matches found 49852 and it took: 133379ms
query [12044]: # of matches found 50158 and it took: 134082ms
query [12045]: # of matches found 50225 and it took: 133839ms
query [12046]: # of matches found 50138 and it took: 134940ms
query [12047]: # of matches found 50108 and it took: 134918ms
query [12048]: # of matches found 50145 and it took: 133768ms
query [12049]: # of matches found 50234 and it took: 134877ms
query [12050]: # of matches found 50366 and it took: 134338ms
query [12051]: # of matches found 52328 and it took: 133392ms
query [12052]: # of matches found 51070 and it took: 134651ms
query [12053]: # of matches found 50662 and it took: 133400ms
query [12054]: # of matches found 50543 and it took: 133882ms
query [12055]: # of matches found 50152 and it took: 133541ms
query [12056]: # of matches found 49679 and it took: 134000ms
query [12057]: # of matches found 50758 and it took: 133761ms
query [12058]: # of matches found 50687 and it took: 132727ms
query [12059]: # of matches found 50762 and it took: 133423ms
query [12060]: # of matches found 51483 and it took: 132692ms
query [12061]: # of matches found 52603 and it took: 133737ms
query [12062]: # of matches found 53369 and it took: 133063ms
query [12063]: # of matches found 53471 and it took: 131995ms
query [12064]: # of matches found 53881 and it took: 132101ms
query [12065]: # of matches found 54017 and it took: 131596ms
query [12066]: # of matches found 54005 and it took: 132592ms
query [12067]: # of matches found 53755 and it took: 132156ms
query [12068]: # of matches found 53928 and it took: 131196ms
query [12069]: # of matches found 45023 and it took: 131532ms
query [12070]: # of matches found 45041 and it took: 130034ms
query [12071]: # of matches found 45217 and it took: 131105ms
query [12072]: # of matches found 45963 and it took: 130386ms
query [12073]: # of matches found 46179 and it took: 129708ms
query [12074]: # of matches found 46204 and it took: 130160ms
query [12075]: # of matches found 46227 and it took: 129827ms
query [12076]: # of matches found 46069 and it took: 129839ms
query [12077]: # of matches found 45334 and it took: 131065ms
query [12078]: # of matches found 45377 and it took: 128829ms
query [12079]: # of matches found 45360 and it took: 129492ms
query [12080]: # of matches found 45413 and it took: 128203ms
query [12081]: # of matches found 45373 and it took: 128862ms
query [12082]: # of matches found 45510 and it took: 129611ms
query [12083]: # of matches found 45479 and it took: 128770ms
query [12084]: # of matches found 45584 and it took: 128888ms
query [12085]: # of matches found 45928 and it took: 128556ms
query [12086]: # of matches found 46010 and it took: 128630ms
query [12087]: # of matches found 46320 and it took: 128838ms
query [12088]: # of matches found 46548 and it took: 128148ms
query [12089]: # of matches found 47159 and it took: 128947ms
query [12090]: # of matches found 47631 and it took: 128137ms
query [12091]: # of matches found 47915 and it took: 128545ms
query [12092]: # of matches found 48127 and it took: 127555ms
query [12093]: # of matches found 48231 and it took: 127455ms
query [12094]: # of matches found 48420 and it took: 127044ms
query [12095]: # of matches found 48048 and it took: 127150ms
query [12096]: # of matches found 49226 and it took: 127308ms
query [12097]: # of matches found 49314 and it took: 127716ms
query [12098]: # of matches found 49434 and it took: 127321ms
query [12099]: # of matches found 49386 and it took: 127130ms
query [12100]: # of matches found 49395 and it took: 127524ms
query [12101]: # of matches found 49487 and it took: 127872ms
query [12102]: # of matches found 49620 and it took: 127505ms
query [12103]: # of matches found 49644 and it took: 128140ms
query [12104]: # of matches found 51037 and it took: 127780ms
query [12105]: # of matches found 51071 and it took: 127922ms
query [12106]: # of matches found 51089 and it took: 129123ms
query [12107]: # of matches found 51125 and it took: 128520ms
query [12108]: # of matches found 51212 and it took: 128413ms
query [12109]: # of matches found 51404 and it took: 129428ms
query [12110]: # of matches found 51281 and it took: 128988ms
query [12111]: # of matches found 51086 and it took: 129742ms
query [12112]: # of matches found 51009 and it took: 129938ms
query [12113]: # of matches found 50848 and it took: 129995ms
query [12114]: # of matches found 50795 and it took: 129781ms
query [12115]: # of matches found 50393 and it took: 130063ms
query [12116]: # of matches found 50317 and it took: 130001ms
query [12117]: # of matches found 49931 and it took: 129669ms
query [12118]: # of matches found 49903 and it took: 129890ms
query [12119]: # of matches found 49783 and it took: 130279ms
query [12120]: # of matches found 49635 and it took: 129806ms
query [12121]: # of matches found 49580 and it took: 131045ms
query [12122]: # of matches found 49667 and it took: 129514ms
query [12123]: # of matches found 50188 and it took: 129066ms
query [12124]: # of matches found 50660 and it took: 128881ms
query [12125]: # of matches found 50775 and it took: 129401ms
query [12126]: # of matches found 51260 and it took: 129158ms
query [12127]: # of matches found 51371 and it took: 128709ms
query [12128]: # of matches found 51475 and it took: 129560ms
query [12129]: # of matches found 51295 and it took: 128621ms
query [12130]: # of matches found 51403 and it took: 129635ms
query [12131]: # of matches found 51367 and it took: 129541ms
query [12132]: # of matches found 51176 and it took: 128500ms
query [12133]: # of matches found 51098 and it took: 129131ms
query [12134]: # of matches found 50958 and it took: 128172ms
query [12135]: # of matches found 50912 and it took: 128143ms
query [12136]: # of matches found 50987 and it took: 128168ms
query [12137]: # of matches found 51161 and it took: 127997ms
query [12138]: # of matches found 51464 and it took: 128407ms
query [12139]: # of matches found 51468 and it took: 128096ms
query [12140]: # of matches found 51351 and it took: 128377ms
query [12141]: # of matches found 50886 and it took: 128513ms
query [12142]: # of matches found 50369 and it took: 128036ms
query [12143]: # of matches found 49292 and it took: 128591ms
query [12144]: # of matches found 48563 and it took: 127712ms
query [12145]: # of matches found 47674 and it took: 128416ms
query [12146]: # of matches found 47520 and it took: 128117ms
query [12147]: # of matches found 47208 and it took: 128152ms
query [12148]: # of matches found 46878 and it took: 128824ms
query [12149]: # of matches found 46784 and it took: 128255ms
query [12150]: # of matches found 46848 and it took: 128624ms
query [12151]: # of matches found 46987 and it took: 128581ms
query [12152]: # of matches found 46950 and it took: 128411ms
query [12153]: # of matches found 46943 and it took: 128122ms
query [12154]: # of matches found 47052 and it took: 128093ms
query [12155]: # of matches found 47161 and it took: 128511ms
query [12156]: # of matches found 47412 and it took: 127803ms
query [12157]: # of matches found 47706 and it took: 128000ms
query [12158]: # of matches found 47551 and it took: 128045ms
query [12159]: # of matches found 47431 and it took: 127661ms
query [12160]: # of matches found 47278 and it took: 128518ms
query [12161]: # of matches found 47106 and it took: 128385ms
query [12162]: # of matches found 46812 and it took: 127659ms
query [12163]: # of matches found 46850 and it took: 127813ms
query [12164]: # of matches found 46552 and it took: 127826ms
query [12165]: # of matches found 46952 and it took: 127377ms
query [12166]: # of matches found 46671 and it took: 126963ms
query [12167]: # of matches found 46635 and it took: 127320ms
query [12168]: # of matches found 46380 and it took: 127685ms
query [12169]: # of matches found 46279 and it took: 127388ms
query [12170]: # of matches found 46206 and it took: 128430ms
query [12171]: # of matches found 46083 and it took: 128809ms
query [12172]: # of matches found 45927 and it took: 127992ms
query [12173]: # of matches found 45760 and it took: 128212ms
query [12174]: # of matches found 45658 and it took: 129050ms
query [12175]: # of matches found 45931 and it took: 128760ms
query [12176]: # of matches found 45831 and it took: 128086ms
query [12177]: # of matches found 45831 and it took: 128196ms
query [12178]: # of matches found 45651 and it took: 128472ms
query [12179]: # of matches found 45512 and it took: 127845ms
query [12180]: # of matches found 45448 and it took: 129035ms
query [12181]: # of matches found 45242 and it took: 128902ms
query [12182]: # of matches found 45120 and it took: 128629ms
query [12183]: # of matches found 44671 and it took: 128468ms
query [12184]: # of matches found 44295 and it took: 129149ms
query [12185]: # of matches found 44113 and it took: 129882ms
query [12186]: # of matches found 44042 and it took: 128723ms
query [12187]: # of matches found 44096 and it took: 128747ms
query [12188]: # of matches found 44255 and it took: 128643ms
query [12189]: # of matches found 44139 and it took: 128698ms
query [12190]: # of matches found 43926 and it took: 128582ms
query [12191]: # of matches found 41666 and it took: 129013ms
query [12192]: # of matches found 41462 and it took: 128906ms
query [12193]: # of matches found 41189 and it took: 128633ms
query [12194]: # of matches found 41073 and it took: 128885ms
query [12195]: # of matches found 40750 and it took: 129224ms
query [12196]: # of matches found 40659 and it took: 127998ms
query [12197]: # of matches found 39795 and it took: 128112ms
query [12198]: # of matches found 38967 and it took: 128823ms
query [12199]: # of matches found 38605 and it took: 128940ms
query [12200]: # of matches found 37458 and it took: 129062ms
query [12201]: # of matches found 36154 and it took: 129326ms
query [12202]: # of matches found 35006 and it took: 129306ms
query [12203]: # of matches found 34074 and it took: 129134ms
query [12204]: # of matches found 33807 and it took: 130006ms
query [12205]: # of matches found 33284 and it took: 130144ms
query [12206]: # of matches found 33069 and it took: 129780ms
query [12207]: # of matches found 32757 and it took: 129661ms
query [12208]: # of matches found 32622 and it took: 130113ms
query [12209]: # of matches found 32395 and it took: 130131ms
query [12210]: # of matches found 32541 and it took: 130568ms
query [12211]: # of matches found 32434 and it took: 130731ms
query [12212]: # of matches found 32222 and it took: 130122ms
query [12213]: # of matches found 32078 and it took: 130058ms
query [12214]: # of matches found 31463 and it took: 131189ms
query [12215]: # of matches found 31673 and it took: 132529ms
query [12216]: # of matches found 31750 and it took: 130808ms
query [12217]: # of matches found 31838 and it took: 131186ms
query [12218]: # of matches found 32328 and it took: 130916ms
query [12219]: # of matches found 32457 and it took: 131270ms
query [12220]: # of matches found 32582 and it took: 131738ms
query [12221]: # of matches found 32680 and it took: 130965ms
query [12222]: # of matches found 32807 and it took: 130566ms
query [12223]: # of matches found 33396 and it took: 130852ms
query [12224]: # of matches found 33502 and it took: 131762ms
query [12225]: # of matches found 33385 and it took: 131686ms
query [12226]: # of matches found 33267 and it took: 131385ms
query [12227]: # of matches found 33683 and it took: 131172ms
query [12228]: # of matches found 33347 and it took: 131363ms
query [12229]: # of matches found 32860 and it took: 130732ms
query [12230]: # of matches found 32499 and it took: 131711ms
query [12231]: # of matches found 32299 and it took: 131116ms
query [12232]: # of matches found 31831 and it took: 130672ms
query [12233]: # of matches found 31841 and it took: 130909ms
query [12234]: # of matches found 32065 and it took: 130708ms
query [12235]: # of matches found 32205 and it took: 130994ms
query [12236]: # of matches found 31098 and it took: 130567ms
query [12237]: # of matches found 31173 and it took: 130785ms
query [12238]: # of matches found 31060 and it took: 130518ms
query [12239]: # of matches found 31009 and it took: 129576ms
query [12240]: # of matches found 31006 and it took: 130189ms
query [12241]: # of matches found 30879 and it took: 129544ms
query [12242]: # of matches found 30820 and it took: 129206ms
query [12243]: # of matches found 31117 and it took: 128919ms
query [12244]: # of matches found 31207 and it took: 128810ms
query [12245]: # of matches found 31149 and it took: 128517ms
query [12246]: # of matches found 31391 and it took: 128162ms
query [12247]: # of matches found 30223 and it took: 128779ms
query [12248]: # of matches found 30057 and it took: 129107ms
query [12249]: # of matches found 30030 and it took: 128382ms
query [12250]: # of matches found 29918 and it took: 128436ms
query [12251]: # of matches found 29968 and it took: 128172ms
query [12252]: # of matches found 29936 and it took: 128161ms
query [12253]: # of matches found 29940 and it took: 127838ms
query [12254]: # of matches found 29911 and it took: 128123ms
query [12255]: # of matches found 30487 and it took: 129165ms
query [12256]: # of matches found 30555 and it took: 127810ms
query [12257]: # of matches found 31155 and it took: 128486ms
query [12258]: # of matches found 31498 and it took: 129694ms
query [12259]: # of matches found 31775 and it took: 128845ms
query [12260]: # of matches found 32012 and it took: 128301ms
query [12261]: # of matches found 32652 and it took: 128757ms
query [12262]: # of matches found 32727 and it took: 127711ms
query [12263]: # of matches found 32543 and it took: 128576ms
query [12264]: # of matches found 32563 and it took: 129375ms
query [12265]: # of matches found 32418 and it took: 128983ms
query [12266]: # of matches found 32067 and it took: 127967ms
query [12267]: # of matches found 32314 and it took: 128837ms
query [12268]: # of matches found 32657 and it took: 129335ms
query [12269]: # of matches found 32439 and it took: 128894ms
query [12270]: # of matches found 32643 and it took: 128841ms
query [12271]: # of matches found 32591 and it took: 128828ms
query [12272]: # of matches found 32489 and it took: 128875ms
query [12273]: # of matches found 32463 and it took: 128224ms
query [12274]: # of matches found 32552 and it took: 128488ms
query [12275]: # of matches found 32467 and it took: 127803ms
query [12276]: # of matches found 32453 and it took: 127176ms
query [12277]: # of matches found 32674 and it took: 127537ms
query [12278]: # of matches found 32688 and it took: 128299ms
query [12279]: # of matches found 32594 and it took: 127692ms
query [12280]: # of matches found 32712 and it took: 126075ms
query [12281]: # of matches found 33017 and it took: 126689ms
query [12282]: # of matches found 33118 and it took: 126236ms
query [12283]: # of matches found 33079 and it took: 126694ms
query [12284]: # of matches found 33150 and it took: 126717ms
query [12285]: # of matches found 33213 and it took: 127033ms
query [12286]: # of matches found 33506 and it took: 126968ms
query [12287]: # of matches found 33785 and it took: 126718ms
query [12288]: # of matches found 33872 and it took: 126969ms
query [12289]: # of matches found 33806 and it took: 126611ms
query [12290]: # of matches found 33825 and it took: 126628ms
query [12291]: # of matches found 33746 and it took: 126402ms
query [12292]: # of matches found 33788 and it took: 125647ms
query [12293]: # of matches found 33820 and it took: 126570ms
query [12294]: # of matches found 33842 and it took: 126404ms
query [12295]: # of matches found 33929 and it took: 126655ms
query [12296]: # of matches found 33718 and it took: 126523ms
query [12297]: # of matches found 33468 and it took: 126394ms
query [12298]: # of matches found 33433 and it took: 126771ms
query [12299]: # of matches found 33420 and it took: 126401ms
query [12300]: # of matches found 33666 and it took: 126012ms
query [12301]: # of matches found 33754 and it took: 125726ms
query [12302]: # of matches found 33925 and it took: 125597ms
query [12303]: # of matches found 33934 and it took: 126550ms
query [12304]: # of matches found 33902 and it took: 125749ms
query [12305]: # of matches found 33480 and it took: 126455ms
query [12306]: # of matches found 33438 and it took: 125727ms
query [12307]: # of matches found 33602 and it took: 126566ms
query [12308]: # of matches found 33760 and it took: 126735ms
query [12309]: # of matches found 33849 and it took: 125770ms
query [12310]: # of matches found 33947 and it took: 126237ms
query [12311]: # of matches found 34055 and it took: 125633ms
query [12312]: # of matches found 34141 and it took: 124916ms
query [12313]: # of matches found 34335 and it took: 125507ms
query [12314]: # of matches found 34396 and it took: 125063ms
