no kmerRangesFileAddressArg!
no baselineBaseAddress!
no otherToolArg!
**********************CONFIGURATIONS*****************************
PARMIK mode:                  3
readDatabaseAddress:          /p/lava/parmik/partialMatcherProject/datasets/metagenomicDB/SRR14381425/SRR14381425_reads
readFileName:                 SRR14381425_reads
queryFileAddress:             /p/lava/parmik/partialMatcherProject/datasets/queryFiles/covidQueryFiles/NC_045512_chunks/NC_045512_queries_6000-6999
queryFileName:                NC_045512_queries_6000-6999
otherToolOutputFileAddress:   /u/rgq5aw/GIT/PARMIK/partialMatcherProject/tools/blast/SRR14381425/NC_045512/blastn_ws30_results.out
outputDir:                    /p/lava/parmik/partialMatcherProject/tools/baseline_ssw/SRR14381425/NC_045512
penaltyFileAddress:           /u/rgq5aw/GIT/PARMIK/experiments/parmik/CK_SSW_ID_PRCNTG/PenaltySets/2484_1111_2444_2288_2848
kmerRangesFileAddress:        
readsCount:                   27000000
queryCount:                   30000
kmerLength:                   11
regionSize:                   48
cheapKmerThreshold:           0
identityPercentage:           0.85
minExactMatchLen:             0
minNumExactMatchKmer:         0
isIndexOffline:               1
offlineIndexAddress:          /p/lava/parmik/partialMatcherProject/tools/parmik/CK_INDEX/SRR14381425/
baselineBaseAddress:          
max editDistance in min region: 2
**********************CONFIGURATIONS*****************************
--------------Penalties--------------
m: 2, s: 4, go: 8, ge: 4
m: 1, s: 1, go: 1, ge: 1
m: 2, s: 4, go: 4, ge: 4
m: 2, s: 2, go: 8, ge: 8
m: 2, s: 8, go: 4, ge: 8
------------------------------------
numberOfReadsWithN : 0
queryCount : 1000
numberOfReadsWithN : 0
readCount : 19837502
offlineCheapIndexAddress: /p/lava/parmik/partialMatcherProject/tools/parmik/CK_INDEX/SRR14381425/ck_T0_K11_r27000000
pmrkAlignmentsAddress: /p/lava/parmik/partialMatcherProject/tools/baseline_ssw/SRR14381425/NC_045512/aln/pmAln_R48_PI85_L0_M0_E2_K11_T0_P_2484_1111_2444_2288_2848.txt
Starting alignment for all queries [fwd]...
queryBaseIndex: 6000
query [6000]: # of matches found 65423 and it took: 108683ms
query [6001]: # of matches found 65464 and it took: 109385ms
query [6002]: # of matches found 65510 and it took: 108955ms
query [6003]: # of matches found 65659 and it took: 109695ms
query [6004]: # of matches found 65665 and it took: 108764ms
query [6005]: # of matches found 65500 and it took: 109036ms
query [6006]: # of matches found 65483 and it took: 108270ms
query [6007]: # of matches found 65665 and it took: 108033ms
query [6008]: # of matches found 65903 and it took: 108411ms
query [6009]: # of matches found 65485 and it took: 109107ms
query [6010]: # of matches found 64721 and it took: 108875ms
query [6011]: # of matches found 63970 and it took: 109434ms
query [6012]: # of matches found 63622 and it took: 108893ms
query [6013]: # of matches found 63532 and it took: 109294ms
query [6014]: # of matches found 63597 and it took: 109128ms
query [6015]: # of matches found 63738 and it took: 109611ms
query [6016]: # of matches found 57574 and it took: 109205ms
query [6017]: # of matches found 57761 and it took: 109143ms
query [6018]: # of matches found 57655 and it took: 109593ms
query [6019]: # of matches found 57668 and it took: 111426ms
query [6020]: # of matches found 57419 and it took: 109647ms
query [6021]: # of matches found 57562 and it took: 110503ms
query [6022]: # of matches found 57531 and it took: 110148ms
query [6023]: # of matches found 57621 and it took: 110319ms
query [6024]: # of matches found 57511 and it took: 109958ms
query [6025]: # of matches found 57498 and it took: 110718ms
query [6026]: # of matches found 57260 and it took: 110367ms
query [6027]: # of matches found 56869 and it took: 110240ms
query [6028]: # of matches found 56860 and it took: 109873ms
query [6029]: # of matches found 46149 and it took: 110050ms
query [6030]: # of matches found 46208 and it took: 109632ms
query [6031]: # of matches found 46236 and it took: 110249ms
query [6032]: # of matches found 46743 and it took: 110125ms
query [6033]: # of matches found 46964 and it took: 110267ms
query [6034]: # of matches found 47326 and it took: 109528ms
query [6035]: # of matches found 47410 and it took: 110845ms
query [6036]: # of matches found 47445 and it took: 110420ms
query [6037]: # of matches found 47547 and it took: 110056ms
query [6038]: # of matches found 47157 and it took: 110176ms
query [6039]: # of matches found 46914 and it took: 110546ms
query [6040]: # of matches found 46978 and it took: 109633ms
query [6041]: # of matches found 46511 and it took: 110487ms
query [6042]: # of matches found 50423 and it took: 110541ms
query [6043]: # of matches found 51854 and it took: 111105ms
query [6044]: # of matches found 51521 and it took: 110686ms
query [6045]: # of matches found 50810 and it took: 111056ms
query [6046]: # of matches found 50311 and it took: 110795ms
query [6047]: # of matches found 49996 and it took: 110673ms
query [6048]: # of matches found 49921 and it took: 110882ms
query [6049]: # of matches found 49756 and it took: 111521ms
query [6050]: # of matches found 49801 and it took: 110687ms
query [6051]: # of matches found 49563 and it took: 111110ms
query [6052]: # of matches found 49616 and it took: 112323ms
query [6053]: # of matches found 49791 and it took: 111327ms
query [6054]: # of matches found 49812 and it took: 110312ms
query [6055]: # of matches found 49767 and it took: 111136ms
query [6056]: # of matches found 49837 and it took: 110792ms
query [6057]: # of matches found 50182 and it took: 110433ms
query [6058]: # of matches found 50446 and it took: 109925ms
query [6059]: # of matches found 51035 and it took: 110534ms
query [6060]: # of matches found 51392 and it took: 109884ms
query [6061]: # of matches found 50942 and it took: 110232ms
query [6062]: # of matches found 50883 and it took: 110087ms
query [6063]: # of matches found 50553 and it took: 110125ms
query [6064]: # of matches found 50365 and it took: 109759ms
query [6065]: # of matches found 49609 and it took: 109716ms
query [6066]: # of matches found 48695 and it took: 109871ms
query [6067]: # of matches found 48633 and it took: 109640ms
query [6068]: # of matches found 48556 and it took: 110371ms
query [6069]: # of matches found 48605 and it took: 110031ms
query [6070]: # of matches found 48825 and it took: 109019ms
query [6071]: # of matches found 48653 and it took: 109349ms
query [6072]: # of matches found 48408 and it took: 109222ms
query [6073]: # of matches found 48358 and it took: 110024ms
query [6074]: # of matches found 48210 and it took: 108789ms
query [6075]: # of matches found 48006 and it took: 109364ms
query [6076]: # of matches found 48011 and it took: 108774ms
query [6077]: # of matches found 47407 and it took: 108577ms
query [6078]: # of matches found 47306 and it took: 107962ms
query [6079]: # of matches found 47049 and it took: 108703ms
query [6080]: # of matches found 46331 and it took: 107949ms
query [6081]: # of matches found 46630 and it took: 108249ms
query [6082]: # of matches found 45614 and it took: 107991ms
query [6083]: # of matches found 45770 and it took: 108529ms
query [6084]: # of matches found 45275 and it took: 108004ms
query [6085]: # of matches found 45409 and it took: 108840ms
query [6086]: # of matches found 45400 and it took: 108454ms
query [6087]: # of matches found 45382 and it took: 107853ms
query [6088]: # of matches found 45244 and it took: 108063ms
query [6089]: # of matches found 45363 and it took: 108176ms
query [6090]: # of matches found 45368 and it took: 107590ms
query [6091]: # of matches found 45423 and it took: 107751ms
query [6092]: # of matches found 45587 and it took: 107758ms
query [6093]: # of matches found 45685 and it took: 107636ms
query [6094]: # of matches found 45891 and it took: 107771ms
query [6095]: # of matches found 46111 and it took: 107491ms
query [6096]: # of matches found 45728 and it took: 107939ms
query [6097]: # of matches found 45980 and it took: 107242ms
query [6098]: # of matches found 45773 and it took: 107053ms
query [6099]: # of matches found 45622 and it took: 107703ms
query [6100]: # of matches found 45562 and it took: 107119ms
query [6101]: # of matches found 45507 and it took: 108174ms
query [6102]: # of matches found 45256 and it took: 107434ms
query [6103]: # of matches found 45087 and it took: 107550ms
query [6104]: # of matches found 44901 and it took: 106834ms
query [6105]: # of matches found 44829 and it took: 107182ms
query [6106]: # of matches found 44610 and it took: 107539ms
query [6107]: # of matches found 44514 and it took: 107400ms
query [6108]: # of matches found 44550 and it took: 107269ms
query [6109]: # of matches found 44541 and it took: 107516ms
query [6110]: # of matches found 44415 and it took: 107253ms
query [6111]: # of matches found 44328 and it took: 107162ms
query [6112]: # of matches found 43123 and it took: 107241ms
query [6113]: # of matches found 43098 and it took: 107790ms
query [6114]: # of matches found 42907 and it took: 106883ms
query [6115]: # of matches found 43167 and it took: 106755ms
query [6116]: # of matches found 43261 and it took: 107238ms
query [6117]: # of matches found 43137 and it took: 106247ms
query [6118]: # of matches found 43162 and it took: 107644ms
query [6119]: # of matches found 43275 and it took: 106835ms
query [6120]: # of matches found 42942 and it took: 106379ms
query [6121]: # of matches found 42802 and it took: 106521ms
query [6122]: # of matches found 42708 and it took: 106740ms
query [6123]: # of matches found 42507 and it took: 106633ms
query [6124]: # of matches found 42410 and it took: 106914ms
query [6125]: # of matches found 42365 and it took: 106790ms
query [6126]: # of matches found 42098 and it took: 107114ms
query [6127]: # of matches found 42068 and it took: 106539ms
query [6128]: # of matches found 42121 and it took: 107048ms
query [6129]: # of matches found 41867 and it took: 106792ms
query [6130]: # of matches found 41196 and it took: 106603ms
query [6131]: # of matches found 41207 and it took: 106678ms
query [6132]: # of matches found 41653 and it took: 106803ms
query [6133]: # of matches found 43370 and it took: 106656ms
query [6134]: # of matches found 43326 and it took: 106597ms
query [6135]: # of matches found 43035 and it took: 108022ms
query [6136]: # of matches found 43162 and it took: 106512ms
query [6137]: # of matches found 43102 and it took: 106760ms
query [6138]: # of matches found 42738 and it took: 107564ms
query [6139]: # of matches found 42600 and it took: 107364ms
query [6140]: # of matches found 42206 and it took: 107516ms
query [6141]: # of matches found 41418 and it took: 107308ms
query [6142]: # of matches found 41630 and it took: 107047ms
query [6143]: # of matches found 41445 and it took: 107330ms
query [6144]: # of matches found 41474 and it took: 107850ms
query [6145]: # of matches found 41529 and it took: 107635ms
query [6146]: # of matches found 41527 and it took: 107013ms
query [6147]: # of matches found 41368 and it took: 107049ms
query [6148]: # of matches found 41197 and it took: 107461ms
query [6149]: # of matches found 41280 and it took: 107456ms
query [6150]: # of matches found 41210 and it took: 107582ms
query [6151]: # of matches found 41178 and it took: 107909ms
query [6152]: # of matches found 41017 and it took: 108220ms
query [6153]: # of matches found 40921 and it took: 108015ms
query [6154]: # of matches found 40484 and it took: 108497ms
query [6155]: # of matches found 40376 and it took: 108166ms
query [6156]: # of matches found 40789 and it took: 108345ms
query [6157]: # of matches found 40639 and it took: 108119ms
query [6158]: # of matches found 40728 and it took: 109016ms
query [6159]: # of matches found 40928 and it took: 108507ms
query [6160]: # of matches found 40731 and it took: 109360ms
query [6161]: # of matches found 40736 and it took: 110051ms
query [6162]: # of matches found 40692 and it took: 109220ms
query [6163]: # of matches found 40668 and it took: 109224ms
query [6164]: # of matches found 40565 and it took: 110076ms
query [6165]: # of matches found 40693 and it took: 109889ms
query [6166]: # of matches found 40980 and it took: 110108ms
query [6167]: # of matches found 41161 and it took: 109395ms
query [6168]: # of matches found 41292 and it took: 111958ms
query [6169]: # of matches found 41850 and it took: 109994ms
query [6170]: # of matches found 42308 and it took: 109922ms
query [6171]: # of matches found 42713 and it took: 110477ms
query [6172]: # of matches found 42515 and it took: 110236ms
query [6173]: # of matches found 42637 and it took: 110090ms
query [6174]: # of matches found 42139 and it took: 110507ms
query [6175]: # of matches found 42122 and it took: 109920ms
query [6176]: # of matches found 42178 and it took: 109727ms
query [6177]: # of matches found 42236 and it took: 109711ms
query [6178]: # of matches found 42403 and it took: 110409ms
query [6179]: # of matches found 42525 and it took: 109953ms
query [6180]: # of matches found 42238 and it took: 110598ms
query [6181]: # of matches found 42327 and it took: 111070ms
query [6182]: # of matches found 39420 and it took: 110595ms
query [6183]: # of matches found 36921 and it took: 110457ms
query [6184]: # of matches found 37325 and it took: 111104ms
query [6185]: # of matches found 37519 and it took: 110323ms
query [6186]: # of matches found 37663 and it took: 110345ms
query [6187]: # of matches found 38011 and it took: 110279ms
query [6188]: # of matches found 38196 and it took: 111043ms
query [6189]: # of matches found 38323 and it took: 110942ms
query [6190]: # of matches found 38394 and it took: 111037ms
query [6191]: # of matches found 38467 and it took: 112390ms
query [6192]: # of matches found 38311 and it took: 112162ms
query [6193]: # of matches found 38464 and it took: 111951ms
query [6194]: # of matches found 38172 and it took: 111672ms
query [6195]: # of matches found 38121 and it took: 111099ms
query [6196]: # of matches found 38058 and it took: 111936ms
query [6197]: # of matches found 37890 and it took: 111516ms
query [6198]: # of matches found 37588 and it took: 112740ms
query [6199]: # of matches found 37217 and it took: 112913ms
query [6200]: # of matches found 36940 and it took: 112510ms
query [6201]: # of matches found 36324 and it took: 114111ms
query [6202]: # of matches found 36266 and it took: 113773ms
query [6203]: # of matches found 36044 and it took: 113201ms
query [6204]: # of matches found 35888 and it took: 114226ms
query [6205]: # of matches found 35938 and it took: 112962ms
query [6206]: # of matches found 36034 and it took: 113937ms
query [6207]: # of matches found 36005 and it took: 112946ms
query [6208]: # of matches found 36009 and it took: 114500ms
query [6209]: # of matches found 36197 and it took: 114961ms
query [6210]: # of matches found 35795 and it took: 114201ms
query [6211]: # of matches found 35845 and it took: 115619ms
query [6212]: # of matches found 35769 and it took: 115443ms
query [6213]: # of matches found 35637 and it took: 116676ms
query [6214]: # of matches found 35592 and it took: 116464ms
query [6215]: # of matches found 35460 and it took: 115878ms
query [6216]: # of matches found 35437 and it took: 117678ms
query [6217]: # of matches found 35485 and it took: 116617ms
query [6218]: # of matches found 35719 and it took: 117099ms
query [6219]: # of matches found 35838 and it took: 117395ms
query [6220]: # of matches found 35758 and it took: 117552ms
query [6221]: # of matches found 35781 and it took: 118198ms
query [6222]: # of matches found 35788 and it took: 118124ms
query [6223]: # of matches found 35423 and it took: 117250ms
query [6224]: # of matches found 35510 and it took: 118160ms
query [6225]: # of matches found 35475 and it took: 117507ms
query [6226]: # of matches found 35481 and it took: 118207ms
query [6227]: # of matches found 35459 and it took: 117248ms
query [6228]: # of matches found 35488 and it took: 118449ms
query [6229]: # of matches found 35382 and it took: 117739ms
query [6230]: # of matches found 35501 and it took: 117330ms
query [6231]: # of matches found 35575 and it took: 118157ms
query [6232]: # of matches found 35824 and it took: 118371ms
query [6233]: # of matches found 35780 and it took: 117561ms
query [6234]: # of matches found 35752 and it took: 117164ms
query [6235]: # of matches found 35851 and it took: 117271ms
query [6236]: # of matches found 35874 and it took: 117842ms
query [6237]: # of matches found 35491 and it took: 117164ms
query [6238]: # of matches found 35564 and it took: 118035ms
query [6239]: # of matches found 35539 and it took: 117775ms
query [6240]: # of matches found 35595 and it took: 117810ms
query [6241]: # of matches found 35657 and it took: 118485ms
query [6242]: # of matches found 35664 and it took: 117925ms
query [6243]: # of matches found 35764 and it took: 117880ms
query [6244]: # of matches found 35741 and it took: 118358ms
query [6245]: # of matches found 35816 and it took: 117922ms
query [6246]: # of matches found 35765 and it took: 118867ms
query [6247]: # of matches found 35581 and it took: 118680ms
query [6248]: # of matches found 35529 and it took: 118972ms
query [6249]: # of matches found 35808 and it took: 118954ms
query [6250]: # of matches found 35889 and it took: 119004ms
query [6251]: # of matches found 35894 and it took: 119028ms
query [6252]: # of matches found 35787 and it took: 118819ms
query [6253]: # of matches found 35799 and it took: 118610ms
query [6254]: # of matches found 36103 and it took: 118633ms
query [6255]: # of matches found 35599 and it took: 118601ms
query [6256]: # of matches found 35714 and it took: 119074ms
query [6257]: # of matches found 35706 and it took: 119252ms
query [6258]: # of matches found 35697 and it took: 119572ms
query [6259]: # of matches found 35735 and it took: 119388ms
query [6260]: # of matches found 35690 and it took: 119855ms
query [6261]: # of matches found 35912 and it took: 119760ms
query [6262]: # of matches found 36036 and it took: 120155ms
query [6263]: # of matches found 36363 and it took: 119682ms
query [6264]: # of matches found 37271 and it took: 120247ms
query [6265]: # of matches found 37696 and it took: 120336ms
query [6266]: # of matches found 38102 and it took: 120142ms
query [6267]: # of matches found 38695 and it took: 119933ms
query [6268]: # of matches found 39326 and it took: 120352ms
query [6269]: # of matches found 40017 and it took: 120219ms
query [6270]: # of matches found 40360 and it took: 120478ms
query [6271]: # of matches found 40417 and it took: 120497ms
query [6272]: # of matches found 40094 and it took: 120546ms
query [6273]: # of matches found 38220 and it took: 120725ms
query [6274]: # of matches found 37600 and it took: 121061ms
query [6275]: # of matches found 37221 and it took: 120945ms
query [6276]: # of matches found 37098 and it took: 120988ms
query [6277]: # of matches found 37167 and it took: 121528ms
query [6278]: # of matches found 37497 and it took: 120632ms
query [6279]: # of matches found 37329 and it took: 120513ms
query [6280]: # of matches found 37622 and it took: 120298ms
query [6281]: # of matches found 37932 and it took: 120192ms
query [6282]: # of matches found 37776 and it took: 120512ms
query [6283]: # of matches found 37776 and it took: 120304ms
query [6284]: # of matches found 37844 and it took: 120779ms
query [6285]: # of matches found 37879 and it took: 120024ms
query [6286]: # of matches found 37836 and it took: 119840ms
query [6287]: # of matches found 37835 and it took: 119832ms
query [6288]: # of matches found 37835 and it took: 120024ms
query [6289]: # of matches found 37768 and it took: 119355ms
query [6290]: # of matches found 37764 and it took: 119234ms
query [6291]: # of matches found 37814 and it took: 119691ms
query [6292]: # of matches found 38271 and it took: 120295ms
query [6293]: # of matches found 38320 and it took: 119647ms
query [6294]: # of matches found 38689 and it took: 120062ms
query [6295]: # of matches found 38703 and it took: 119994ms
query [6296]: # of matches found 38258 and it took: 118900ms
query [6297]: # of matches found 38260 and it took: 119139ms
query [6298]: # of matches found 38089 and it took: 119371ms
query [6299]: # of matches found 37737 and it took: 119236ms
query [6300]: # of matches found 37675 and it took: 119115ms
query [6301]: # of matches found 37921 and it took: 120377ms
query [6302]: # of matches found 38010 and it took: 120276ms
query [6303]: # of matches found 38589 and it took: 119945ms
query [6304]: # of matches found 38676 and it took: 120861ms
query [6305]: # of matches found 38658 and it took: 120726ms
query [6306]: # of matches found 38438 and it took: 119818ms
query [6307]: # of matches found 38620 and it took: 120796ms
query [6308]: # of matches found 38496 and it took: 121156ms
query [6309]: # of matches found 37872 and it took: 120251ms
query [6310]: # of matches found 37425 and it took: 120584ms
query [6311]: # of matches found 37030 and it took: 121212ms
query [6312]: # of matches found 36806 and it took: 121750ms
query [6313]: # of matches found 36439 and it took: 121319ms
query [6314]: # of matches found 36452 and it took: 121543ms
query [6315]: # of matches found 36234 and it took: 121734ms
query [6316]: # of matches found 36035 and it took: 120476ms
query [6317]: # of matches found 35999 and it took: 120611ms
query [6318]: # of matches found 35793 and it took: 120502ms
query [6319]: # of matches found 35772 and it took: 120864ms
query [6320]: # of matches found 35838 and it took: 119916ms
query [6321]: # of matches found 35761 and it took: 120567ms
query [6322]: # of matches found 35850 and it took: 121502ms
query [6323]: # of matches found 35448 and it took: 120317ms
query [6324]: # of matches found 35152 and it took: 120251ms
query [6325]: # of matches found 34870 and it took: 120673ms
query [6326]: # of matches found 34524 and it took: 119697ms
query [6327]: # of matches found 34178 and it took: 119432ms
query [6328]: # of matches found 34186 and it took: 120148ms
query [6329]: # of matches found 34224 and it took: 118765ms
query [6330]: # of matches found 33903 and it took: 119209ms
query [6331]: # of matches found 33835 and it took: 119688ms
query [6332]: # of matches found 33889 and it took: 119386ms
query [6333]: # of matches found 33922 and it took: 119738ms
query [6334]: # of matches found 33787 and it took: 119581ms
query [6335]: # of matches found 34134 and it took: 120097ms
query [6336]: # of matches found 34594 and it took: 118661ms
query [6337]: # of matches found 34565 and it took: 119678ms
query [6338]: # of matches found 34442 and it took: 119668ms
query [6339]: # of matches found 34307 and it took: 118277ms
query [6340]: # of matches found 34246 and it took: 118269ms
query [6341]: # of matches found 34280 and it took: 119187ms
query [6342]: # of matches found 34186 and it took: 119055ms
query [6343]: # of matches found 34337 and it took: 118928ms
query [6344]: # of matches found 34325 and it took: 119585ms
query [6345]: # of matches found 34254 and it took: 119152ms
query [6346]: # of matches found 34209 and it took: 118475ms
query [6347]: # of matches found 34160 and it took: 118423ms
query [6348]: # of matches found 34193 and it took: 118790ms
query [6349]: # of matches found 34251 and it took: 117568ms
query [6350]: # of matches found 34058 and it took: 117585ms
query [6351]: # of matches found 33991 and it took: 118265ms
query [6352]: # of matches found 33897 and it took: 118695ms
query [6353]: # of matches found 33981 and it took: 117012ms
query [6354]: # of matches found 34100 and it took: 117636ms
query [6355]: # of matches found 34145 and it took: 118422ms
query [6356]: # of matches found 34310 and it took: 117312ms
query [6357]: # of matches found 34899 and it took: 117347ms
query [6358]: # of matches found 34739 and it took: 116815ms
query [6359]: # of matches found 34656 and it took: 116035ms
query [6360]: # of matches found 34812 and it took: 115902ms
query [6361]: # of matches found 34534 and it took: 116642ms
query [6362]: # of matches found 34850 and it took: 116505ms
query [6363]: # of matches found 34855 and it took: 115198ms
query [6364]: # of matches found 34962 and it took: 115949ms
query [6365]: # of matches found 35551 and it took: 116092ms
query [6366]: # of matches found 35953 and it took: 115031ms
query [6367]: # of matches found 36178 and it took: 116102ms
query [6368]: # of matches found 36149 and it took: 115233ms
query [6369]: # of matches found 36478 and it took: 116459ms
query [6370]: # of matches found 36544 and it took: 114567ms
query [6371]: # of matches found 36898 and it took: 114762ms
query [6372]: # of matches found 36838 and it took: 114786ms
query [6373]: # of matches found 37506 and it took: 113691ms
query [6374]: # of matches found 39450 and it took: 113741ms
query [6375]: # of matches found 39599 and it took: 114274ms
query [6376]: # of matches found 39896 and it took: 113440ms
query [6377]: # of matches found 40595 and it took: 113078ms
query [6378]: # of matches found 41100 and it took: 112719ms
query [6379]: # of matches found 41478 and it took: 112754ms
query [6380]: # of matches found 41632 and it took: 112320ms
query [6381]: # of matches found 41781 and it took: 112546ms
query [6382]: # of matches found 42085 and it took: 112125ms
query [6383]: # of matches found 41963 and it took: 112134ms
query [6384]: # of matches found 42577 and it took: 111728ms
query [6385]: # of matches found 42548 and it took: 112331ms
query [6386]: # of matches found 43055 and it took: 111224ms
query [6387]: # of matches found 43529 and it took: 111428ms
query [6388]: # of matches found 43497 and it took: 111618ms
query [6389]: # of matches found 43210 and it took: 111318ms
query [6390]: # of matches found 43283 and it took: 111155ms
query [6391]: # of matches found 43335 and it took: 111295ms
query [6392]: # of matches found 43541 and it took: 111321ms
query [6393]: # of matches found 43433 and it took: 112227ms
query [6394]: # of matches found 42951 and it took: 110987ms
query [6395]: # of matches found 43034 and it took: 110986ms
query [6396]: # of matches found 43009 and it took: 110991ms
query [6397]: # of matches found 42974 and it took: 110935ms
query [6398]: # of matches found 44434 and it took: 111321ms
query [6399]: # of matches found 44356 and it took: 112174ms
query [6400]: # of matches found 44199 and it took: 111111ms
query [6401]: # of matches found 43999 and it took: 110755ms
query [6402]: # of matches found 43964 and it took: 111396ms
query [6403]: # of matches found 43721 and it took: 110876ms
query [6404]: # of matches found 42788 and it took: 110341ms
query [6405]: # of matches found 42568 and it took: 110931ms
query [6406]: # of matches found 42025 and it took: 110507ms
query [6407]: # of matches found 41527 and it took: 110630ms
query [6408]: # of matches found 41077 and it took: 111052ms
query [6409]: # of matches found 40396 and it took: 110977ms
query [6410]: # of matches found 40509 and it took: 110900ms
query [6411]: # of matches found 40432 and it took: 110998ms
query [6412]: # of matches found 40294 and it took: 111462ms
query [6413]: # of matches found 40270 and it took: 110914ms
query [6414]: # of matches found 40145 and it took: 110955ms
query [6415]: # of matches found 39948 and it took: 111800ms
query [6416]: # of matches found 39631 and it took: 111396ms
query [6417]: # of matches found 39413 and it took: 111118ms
query [6418]: # of matches found 39106 and it took: 111695ms
query [6419]: # of matches found 39003 and it took: 111543ms
query [6420]: # of matches found 38675 and it took: 112146ms
query [6421]: # of matches found 38478 and it took: 112061ms
query [6422]: # of matches found 38455 and it took: 112414ms
query [6423]: # of matches found 38298 and it took: 111914ms
query [6424]: # of matches found 38329 and it took: 111768ms
query [6425]: # of matches found 38283 and it took: 111977ms
query [6426]: # of matches found 38276 and it took: 112525ms
query [6427]: # of matches found 38280 and it took: 111554ms
query [6428]: # of matches found 38266 and it took: 112202ms
query [6429]: # of matches found 38363 and it took: 112083ms
query [6430]: # of matches found 38340 and it took: 112680ms
query [6431]: # of matches found 38237 and it took: 112597ms
query [6432]: # of matches found 37831 and it took: 113467ms
query [6433]: # of matches found 37754 and it took: 111880ms
query [6434]: # of matches found 37402 and it took: 111943ms
query [6435]: # of matches found 37260 and it took: 112180ms
query [6436]: # of matches found 37193 and it took: 112036ms
query [6437]: # of matches found 37190 and it took: 111750ms
query [6438]: # of matches found 37087 and it took: 111626ms
query [6439]: # of matches found 37106 and it took: 112369ms
query [6440]: # of matches found 37013 and it took: 112951ms
query [6441]: # of matches found 36649 and it took: 111775ms
query [6442]: # of matches found 36723 and it took: 111849ms
query [6443]: # of matches found 36455 and it took: 111406ms
query [6444]: # of matches found 36234 and it took: 111408ms
query [6445]: # of matches found 36454 and it took: 111712ms
query [6446]: # of matches found 36570 and it took: 111416ms
query [6447]: # of matches found 36750 and it took: 111060ms
query [6448]: # of matches found 36530 and it took: 111612ms
query [6449]: # of matches found 36609 and it took: 112186ms
query [6450]: # of matches found 36886 and it took: 111699ms
query [6451]: # of matches found 37097 and it took: 110808ms
query [6452]: # of matches found 37129 and it took: 111400ms
query [6453]: # of matches found 37199 and it took: 111374ms
query [6454]: # of matches found 37257 and it took: 111206ms
query [6455]: # of matches found 37709 and it took: 110825ms
query [6456]: # of matches found 37938 and it took: 111051ms
query [6457]: # of matches found 37903 and it took: 110641ms
query [6458]: # of matches found 37918 and it took: 110578ms
query [6459]: # of matches found 37966 and it took: 110853ms
query [6460]: # of matches found 37855 and it took: 111658ms
query [6461]: # of matches found 38046 and it took: 111759ms
query [6462]: # of matches found 46571 and it took: 112015ms
query [6463]: # of matches found 46509 and it took: 110854ms
query [6464]: # of matches found 46457 and it took: 111985ms
query [6465]: # of matches found 46517 and it took: 111441ms
query [6466]: # of matches found 46526 and it took: 110697ms
query [6467]: # of matches found 46525 and it took: 110327ms
query [6468]: # of matches found 46466 and it took: 110861ms
query [6469]: # of matches found 46265 and it took: 110813ms
query [6470]: # of matches found 46447 and it took: 111145ms
query [6471]: # of matches found 46594 and it took: 110900ms
query [6472]: # of matches found 46490 and it took: 111039ms
query [6473]: # of matches found 46296 and it took: 111127ms
query [6474]: # of matches found 46517 and it took: 111258ms
query [6475]: # of matches found 46326 and it took: 111259ms
query [6476]: # of matches found 46138 and it took: 110865ms
query [6477]: # of matches found 46388 and it took: 111263ms
query [6478]: # of matches found 49648 and it took: 111096ms
query [6479]: # of matches found 50170 and it took: 111661ms
query [6480]: # of matches found 50319 and it took: 112142ms
query [6481]: # of matches found 50642 and it took: 111295ms
query [6482]: # of matches found 50591 and it took: 111216ms
query [6483]: # of matches found 50583 and it took: 111602ms
query [6484]: # of matches found 50660 and it took: 111450ms
query [6485]: # of matches found 50573 and it took: 111400ms
query [6486]: # of matches found 50537 and it took: 111361ms
query [6487]: # of matches found 50495 and it took: 111588ms
query [6488]: # of matches found 50360 and it took: 111146ms
query [6489]: # of matches found 50086 and it took: 111494ms
query [6490]: # of matches found 50083 and it took: 112079ms
query [6491]: # of matches found 50116 and it took: 111826ms
query [6492]: # of matches found 50027 and it took: 111967ms
query [6493]: # of matches found 49972 and it took: 112316ms
query [6494]: # of matches found 49918 and it took: 112101ms
query [6495]: # of matches found 49859 and it took: 112149ms
query [6496]: # of matches found 49629 and it took: 112855ms
query [6497]: # of matches found 49116 and it took: 112859ms
query [6498]: # of matches found 49902 and it took: 112539ms
query [6499]: # of matches found 50904 and it took: 112619ms
query [6500]: # of matches found 51166 and it took: 113320ms
query [6501]: # of matches found 51013 and it took: 113059ms
query [6502]: # of matches found 50736 and it took: 112853ms
query [6503]: # of matches found 51011 and it took: 112896ms
query [6504]: # of matches found 50864 and it took: 113411ms
query [6505]: # of matches found 50506 and it took: 113336ms
query [6506]: # of matches found 49853 and it took: 113288ms
query [6507]: # of matches found 49812 and it took: 114384ms
query [6508]: # of matches found 49744 and it took: 113730ms
query [6509]: # of matches found 49439 and it took: 113456ms
query [6510]: # of matches found 49200 and it took: 114263ms
query [6511]: # of matches found 48837 and it took: 114437ms
query [6512]: # of matches found 48558 and it took: 115567ms
query [6513]: # of matches found 47743 and it took: 113541ms
query [6514]: # of matches found 45725 and it took: 114857ms
query [6515]: # of matches found 45263 and it took: 114722ms
query [6516]: # of matches found 44707 and it took: 115069ms
query [6517]: # of matches found 44149 and it took: 115318ms
query [6518]: # of matches found 43679 and it took: 115136ms
query [6519]: # of matches found 43122 and it took: 115482ms
query [6520]: # of matches found 42923 and it took: 115878ms
query [6521]: # of matches found 42845 and it took: 115907ms
query [6522]: # of matches found 42511 and it took: 115458ms
query [6523]: # of matches found 42389 and it took: 114780ms
query [6524]: # of matches found 41849 and it took: 115937ms
query [6525]: # of matches found 41751 and it took: 115495ms
query [6526]: # of matches found 41454 and it took: 115096ms
query [6527]: # of matches found 41013 and it took: 116305ms
query [6528]: # of matches found 40880 and it took: 115392ms
query [6529]: # of matches found 40842 and it took: 115033ms
query [6530]: # of matches found 40572 and it took: 115410ms
query [6531]: # of matches found 40616 and it took: 116114ms
query [6532]: # of matches found 40421 and it took: 115163ms
query [6533]: # of matches found 40400 and it took: 114708ms
query [6534]: # of matches found 40462 and it took: 115922ms
query [6535]: # of matches found 40453 and it took: 116142ms
query [6536]: # of matches found 40299 and it took: 114979ms
query [6537]: # of matches found 40234 and it took: 115959ms
query [6538]: # of matches found 38666 and it took: 114820ms
query [6539]: # of matches found 38540 and it took: 114688ms
query [6540]: # of matches found 38601 and it took: 115299ms
query [6541]: # of matches found 38616 and it took: 115666ms
query [6542]: # of matches found 38673 and it took: 114859ms
query [6543]: # of matches found 38829 and it took: 114938ms
query [6544]: # of matches found 39086 and it took: 115044ms
query [6545]: # of matches found 39038 and it took: 115095ms
query [6546]: # of matches found 39007 and it took: 114778ms
query [6547]: # of matches found 39072 and it took: 115719ms
query [6548]: # of matches found 39152 and it took: 114993ms
query [6549]: # of matches found 39148 and it took: 115212ms
query [6550]: # of matches found 38760 and it took: 115241ms
query [6551]: # of matches found 38818 and it took: 115587ms
query [6552]: # of matches found 39235 and it took: 115179ms
query [6553]: # of matches found 39435 and it took: 114056ms
query [6554]: # of matches found 39465 and it took: 114348ms
query [6555]: # of matches found 39648 and it took: 115482ms
query [6556]: # of matches found 39701 and it took: 114626ms
query [6557]: # of matches found 40133 and it took: 115224ms
query [6558]: # of matches found 40486 and it took: 114581ms
query [6559]: # of matches found 40892 and it took: 114765ms
query [6560]: # of matches found 41220 and it took: 114537ms
query [6561]: # of matches found 41136 and it took: 114872ms
query [6562]: # of matches found 41311 and it took: 114036ms
query [6563]: # of matches found 41660 and it took: 113449ms
query [6564]: # of matches found 42050 and it took: 113908ms
query [6565]: # of matches found 42161 and it took: 113810ms
query [6566]: # of matches found 42368 and it took: 113997ms
query [6567]: # of matches found 42601 and it took: 114116ms
query [6568]: # of matches found 42613 and it took: 113600ms
query [6569]: # of matches found 43023 and it took: 113282ms
query [6570]: # of matches found 42941 and it took: 113220ms
query [6571]: # of matches found 42975 and it took: 113731ms
query [6572]: # of matches found 43221 and it took: 113205ms
query [6573]: # of matches found 43201 and it took: 113070ms
query [6574]: # of matches found 43277 and it took: 113838ms
query [6575]: # of matches found 43246 and it took: 114190ms
query [6576]: # of matches found 43298 and it took: 113146ms
query [6577]: # of matches found 43352 and it took: 113469ms
query [6578]: # of matches found 43489 and it took: 113308ms
query [6579]: # of matches found 43576 and it took: 113086ms
query [6580]: # of matches found 43654 and it took: 113372ms
query [6581]: # of matches found 43590 and it took: 114001ms
query [6582]: # of matches found 43383 and it took: 114282ms
query [6583]: # of matches found 43180 and it took: 112879ms
query [6584]: # of matches found 43045 and it took: 113518ms
query [6585]: # of matches found 42664 and it took: 114450ms
query [6586]: # of matches found 42785 and it took: 113669ms
query [6587]: # of matches found 42285 and it took: 114036ms
query [6588]: # of matches found 42212 and it took: 113791ms
query [6589]: # of matches found 42187 and it took: 113184ms
query [6590]: # of matches found 42121 and it took: 114443ms
query [6591]: # of matches found 41897 and it took: 113466ms
query [6592]: # of matches found 41729 and it took: 113591ms
query [6593]: # of matches found 41652 and it took: 112707ms
query [6594]: # of matches found 41515 and it took: 113209ms
query [6595]: # of matches found 41048 and it took: 114557ms
query [6596]: # of matches found 40753 and it took: 113644ms
query [6597]: # of matches found 40730 and it took: 113611ms
query [6598]: # of matches found 40531 and it took: 113605ms
query [6599]: # of matches found 40411 and it took: 114054ms
query [6600]: # of matches found 40458 and it took: 113657ms
query [6601]: # of matches found 47622 and it took: 114017ms
query [6602]: # of matches found 40627 and it took: 113546ms
query [6603]: # of matches found 40683 and it took: 112983ms
query [6604]: # of matches found 40572 and it took: 112110ms
query [6605]: # of matches found 40622 and it took: 112958ms
query [6606]: # of matches found 40767 and it took: 113566ms
query [6607]: # of matches found 40831 and it took: 112481ms
query [6608]: # of matches found 40920 and it took: 113158ms
query [6609]: # of matches found 40911 and it took: 112617ms
query [6610]: # of matches found 40841 and it took: 112743ms
query [6611]: # of matches found 40497 and it took: 112538ms
query [6612]: # of matches found 40431 and it took: 112836ms
query [6613]: # of matches found 40642 and it took: 111960ms
query [6614]: # of matches found 40589 and it took: 112291ms
query [6615]: # of matches found 42571 and it took: 112982ms
query [6616]: # of matches found 42294 and it took: 113105ms
query [6617]: # of matches found 42159 and it took: 112769ms
query [6618]: # of matches found 39022 and it took: 112157ms
query [6619]: # of matches found 39022 and it took: 112679ms
query [6620]: # of matches found 39242 and it took: 111865ms
query [6621]: # of matches found 39241 and it took: 112925ms
query [6622]: # of matches found 39126 and it took: 113487ms
query [6623]: # of matches found 39149 and it took: 111816ms
query [6624]: # of matches found 39016 and it took: 112253ms
query [6625]: # of matches found 39328 and it took: 112810ms
query [6626]: # of matches found 39380 and it took: 113276ms
query [6627]: # of matches found 39345 and it took: 112556ms
query [6628]: # of matches found 39348 and it took: 112691ms
query [6629]: # of matches found 39545 and it took: 113004ms
query [6630]: # of matches found 39708 and it took: 111484ms
query [6631]: # of matches found 39802 and it took: 111758ms
query [6632]: # of matches found 42717 and it took: 112312ms
query [6633]: # of matches found 43002 and it took: 111420ms
query [6634]: # of matches found 43610 and it took: 111319ms
query [6635]: # of matches found 44299 and it took: 112200ms
query [6636]: # of matches found 44575 and it took: 111537ms
query [6637]: # of matches found 44996 and it took: 110734ms
query [6638]: # of matches found 44788 and it took: 111193ms
query [6639]: # of matches found 44015 and it took: 110453ms
query [6640]: # of matches found 43663 and it took: 109967ms
query [6641]: # of matches found 43899 and it took: 110301ms
query [6642]: # of matches found 44354 and it took: 109988ms
query [6643]: # of matches found 44495 and it took: 109349ms
query [6644]: # of matches found 44665 and it took: 108474ms
query [6645]: # of matches found 44512 and it took: 109345ms
query [6646]: # of matches found 44456 and it took: 108949ms
query [6647]: # of matches found 44300 and it took: 108515ms
query [6648]: # of matches found 44266 and it took: 108348ms
query [6649]: # of matches found 44404 and it took: 109064ms
query [6650]: # of matches found 44672 and it took: 107639ms
query [6651]: # of matches found 44780 and it took: 107528ms
query [6652]: # of matches found 45065 and it took: 108267ms
query [6653]: # of matches found 45116 and it took: 107648ms
query [6654]: # of matches found 45131 and it took: 106643ms
query [6655]: # of matches found 45330 and it took: 108573ms
query [6656]: # of matches found 45511 and it took: 107221ms
query [6657]: # of matches found 45666 and it took: 107491ms
query [6658]: # of matches found 45634 and it took: 107708ms
query [6659]: # of matches found 45687 and it took: 107454ms
query [6660]: # of matches found 45989 and it took: 106900ms
query [6661]: # of matches found 45987 and it took: 107256ms
query [6662]: # of matches found 45949 and it took: 107176ms
query [6663]: # of matches found 46222 and it took: 106703ms
query [6664]: # of matches found 46328 and it took: 106231ms
query [6665]: # of matches found 46945 and it took: 106283ms
query [6666]: # of matches found 46850 and it took: 106593ms
query [6667]: # of matches found 46688 and it took: 106171ms
query [6668]: # of matches found 46934 and it took: 106380ms
query [6669]: # of matches found 47051 and it took: 106456ms
query [6670]: # of matches found 47353 and it took: 105240ms
query [6671]: # of matches found 47238 and it took: 105896ms
query [6672]: # of matches found 47233 and it took: 106314ms
query [6673]: # of matches found 47442 and it took: 105197ms
query [6674]: # of matches found 47594 and it took: 105056ms
query [6675]: # of matches found 48315 and it took: 105660ms
query [6676]: # of matches found 49023 and it took: 106009ms
query [6677]: # of matches found 49411 and it took: 105309ms
query [6678]: # of matches found 49471 and it took: 105615ms
query [6679]: # of matches found 49580 and it took: 105790ms
query [6680]: # of matches found 50131 and it took: 104282ms
query [6681]: # of matches found 50268 and it took: 105388ms
query [6682]: # of matches found 50375 and it took: 105368ms
query [6683]: # of matches found 50987 and it took: 105135ms
query [6684]: # of matches found 51071 and it took: 105505ms
query [6685]: # of matches found 51355 and it took: 105318ms
query [6686]: # of matches found 51699 and it took: 105860ms
query [6687]: # of matches found 51892 and it took: 104682ms
query [6688]: # of matches found 51842 and it took: 104999ms
query [6689]: # of matches found 52010 and it took: 105930ms
query [6690]: # of matches found 52064 and it took: 104396ms
query [6691]: # of matches found 52155 and it took: 104925ms
query [6692]: # of matches found 52472 and it took: 104506ms
query [6693]: # of matches found 52464 and it took: 105002ms
query [6694]: # of matches found 52604 and it took: 104653ms
query [6695]: # of matches found 52569 and it took: 104567ms
query [6696]: # of matches found 52692 and it took: 104864ms
query [6697]: # of matches found 52419 and it took: 104746ms
query [6698]: # of matches found 51988 and it took: 105374ms
query [6699]: # of matches found 51705 and it took: 105443ms
query [6700]: # of matches found 51182 and it took: 104986ms
query [6701]: # of matches found 51175 and it took: 105628ms
query [6702]: # of matches found 51040 and it took: 105761ms
query [6703]: # of matches found 50799 and it took: 105895ms
query [6704]: # of matches found 50461 and it took: 105940ms
query [6705]: # of matches found 50255 and it took: 105817ms
query [6706]: # of matches found 50155 and it took: 106671ms
query [6707]: # of matches found 50101 and it took: 105974ms
query [6708]: # of matches found 50104 and it took: 105835ms
query [6709]: # of matches found 49551 and it took: 105717ms
query [6710]: # of matches found 49643 and it took: 105392ms
query [6711]: # of matches found 49647 and it took: 106671ms
query [6712]: # of matches found 49367 and it took: 106336ms
query [6713]: # of matches found 49502 and it took: 105877ms
query [6714]: # of matches found 49432 and it took: 106049ms
query [6715]: # of matches found 49560 and it took: 105810ms
query [6716]: # of matches found 49714 and it took: 106535ms
query [6717]: # of matches found 49903 and it took: 106553ms
query [6718]: # of matches found 49770 and it took: 106153ms
query [6719]: # of matches found 49979 and it took: 106494ms
query [6720]: # of matches found 50269 and it took: 106033ms
query [6721]: # of matches found 50281 and it took: 105925ms
query [6722]: # of matches found 52258 and it took: 106209ms
query [6723]: # of matches found 52335 and it took: 107157ms
query [6724]: # of matches found 52407 and it took: 106317ms
query [6725]: # of matches found 52459 and it took: 106143ms
query [6726]: # of matches found 52858 and it took: 106314ms
query [6727]: # of matches found 52751 and it took: 106786ms
query [6728]: # of matches found 52929 and it took: 106461ms
query [6729]: # of matches found 53668 and it took: 106272ms
query [6730]: # of matches found 53816 and it took: 106355ms
query [6731]: # of matches found 56011 and it took: 106731ms
query [6732]: # of matches found 56010 and it took: 106725ms
query [6733]: # of matches found 56057 and it took: 106878ms
query [6734]: # of matches found 56051 and it took: 107728ms
query [6735]: # of matches found 56313 and it took: 107998ms
query [6736]: # of matches found 56238 and it took: 108167ms
query [6737]: # of matches found 56065 and it took: 108709ms
query [6738]: # of matches found 56157 and it took: 109299ms
query [6739]: # of matches found 56299 and it took: 109613ms
query [6740]: # of matches found 56269 and it took: 109681ms
query [6741]: # of matches found 53905 and it took: 109298ms
query [6742]: # of matches found 51355 and it took: 109462ms
query [6743]: # of matches found 47676 and it took: 109647ms
query [6744]: # of matches found 47764 and it took: 110155ms
query [6745]: # of matches found 48161 and it took: 109783ms
query [6746]: # of matches found 48561 and it took: 110009ms
query [6747]: # of matches found 48727 and it took: 110112ms
query [6748]: # of matches found 48982 and it took: 110499ms
query [6749]: # of matches found 49040 and it took: 110489ms
query [6750]: # of matches found 49080 and it took: 110755ms
query [6751]: # of matches found 49377 and it took: 110361ms
query [6752]: # of matches found 49436 and it took: 109900ms
query [6753]: # of matches found 49187 and it took: 110669ms
query [6754]: # of matches found 49091 and it took: 110793ms
query [6755]: # of matches found 49158 and it took: 110742ms
query [6756]: # of matches found 46900 and it took: 112410ms
query [6757]: # of matches found 46880 and it took: 111403ms
query [6758]: # of matches found 46956 and it took: 111679ms
query [6759]: # of matches found 46317 and it took: 111769ms
query [6760]: # of matches found 46043 and it took: 111781ms
query [6761]: # of matches found 45890 and it took: 111846ms
query [6762]: # of matches found 46578 and it took: 111432ms
query [6763]: # of matches found 46783 and it took: 111953ms
query [6764]: # of matches found 47478 and it took: 111561ms
query [6765]: # of matches found 47412 and it took: 111445ms
query [6766]: # of matches found 47552 and it took: 111675ms
query [6767]: # of matches found 48742 and it took: 111591ms
query [6768]: # of matches found 50714 and it took: 111653ms
query [6769]: # of matches found 51062 and it took: 111536ms
query [6770]: # of matches found 51052 and it took: 111749ms
query [6771]: # of matches found 52074 and it took: 112007ms
query [6772]: # of matches found 49559 and it took: 112452ms
query [6773]: # of matches found 49436 and it took: 111690ms
query [6774]: # of matches found 49157 and it took: 112169ms
query [6775]: # of matches found 48580 and it took: 111835ms
query [6776]: # of matches found 48562 and it took: 112221ms
query [6777]: # of matches found 48369 and it took: 112547ms
query [6778]: # of matches found 47773 and it took: 112828ms
query [6779]: # of matches found 47109 and it took: 112030ms
query [6780]: # of matches found 46957 and it took: 112582ms
query [6781]: # of matches found 46645 and it took: 112751ms
query [6782]: # of matches found 46084 and it took: 111953ms
query [6783]: # of matches found 45836 and it took: 112538ms
query [6784]: # of matches found 45935 and it took: 112740ms
query [6785]: # of matches found 46389 and it took: 112428ms
query [6786]: # of matches found 46657 and it took: 112633ms
query [6787]: # of matches found 47579 and it took: 112124ms
query [6788]: # of matches found 48723 and it took: 112996ms
query [6789]: # of matches found 49546 and it took: 111973ms
query [6790]: # of matches found 50435 and it took: 112320ms
query [6791]: # of matches found 50807 and it took: 111527ms
query [6792]: # of matches found 50673 and it took: 111125ms
query [6793]: # of matches found 50660 and it took: 111189ms
query [6794]: # of matches found 50851 and it took: 111495ms
query [6795]: # of matches found 50966 and it took: 110750ms
query [6796]: # of matches found 51695 and it took: 111410ms
query [6797]: # of matches found 51696 and it took: 111620ms
query [6798]: # of matches found 52077 and it took: 111293ms
query [6799]: # of matches found 52475 and it took: 111470ms
query [6800]: # of matches found 52253 and it took: 110933ms
query [6801]: # of matches found 52347 and it took: 110639ms
query [6802]: # of matches found 52834 and it took: 110459ms
query [6803]: # of matches found 53075 and it took: 111124ms
query [6804]: # of matches found 53896 and it took: 111982ms
query [6805]: # of matches found 53907 and it took: 111003ms
query [6806]: # of matches found 55428 and it took: 110558ms
query [6807]: # of matches found 56057 and it took: 110432ms
query [6808]: # of matches found 56228 and it took: 110656ms
query [6809]: # of matches found 57336 and it took: 110357ms
query [6810]: # of matches found 57528 and it took: 110353ms
query [6811]: # of matches found 57140 and it took: 110070ms
query [6812]: # of matches found 57409 and it took: 109117ms
query [6813]: # of matches found 57753 and it took: 110188ms
query [6814]: # of matches found 58088 and it took: 110318ms
query [6815]: # of matches found 59092 and it took: 109401ms
query [6816]: # of matches found 60611 and it took: 110160ms
query [6817]: # of matches found 61419 and it took: 109579ms
query [6818]: # of matches found 61342 and it took: 109292ms
query [6819]: # of matches found 61350 and it took: 109518ms
query [6820]: # of matches found 60904 and it took: 109774ms
query [6821]: # of matches found 60960 and it took: 108558ms
query [6822]: # of matches found 62054 and it took: 108187ms
query [6823]: # of matches found 61612 and it took: 108427ms
query [6824]: # of matches found 61609 and it took: 108727ms
query [6825]: # of matches found 61389 and it took: 108116ms
query [6826]: # of matches found 61026 and it took: 107955ms
query [6827]: # of matches found 60719 and it took: 107368ms
query [6828]: # of matches found 60676 and it took: 107649ms
query [6829]: # of matches found 60716 and it took: 107308ms
query [6830]: # of matches found 60797 and it took: 107397ms
query [6831]: # of matches found 60604 and it took: 107823ms
query [6832]: # of matches found 59959 and it took: 105652ms
query [6833]: # of matches found 59950 and it took: 106922ms
query [6834]: # of matches found 59678 and it took: 106223ms
query [6835]: # of matches found 59383 and it took: 105716ms
query [6836]: # of matches found 59090 and it took: 106230ms
query [6837]: # of matches found 59059 and it took: 106502ms
query [6838]: # of matches found 58954 and it took: 105396ms
query [6839]: # of matches found 58956 and it took: 105321ms
query [6840]: # of matches found 58812 and it took: 104486ms
query [6841]: # of matches found 58715 and it took: 104426ms
query [6842]: # of matches found 58568 and it took: 103990ms
query [6843]: # of matches found 58519 and it took: 103929ms
query [6844]: # of matches found 58885 and it took: 103950ms
query [6845]: # of matches found 59000 and it took: 103489ms
query [6846]: # of matches found 59072 and it took: 103641ms
query [6847]: # of matches found 59372 and it took: 103439ms
query [6848]: # of matches found 60053 and it took: 102880ms
query [6849]: # of matches found 60001 and it took: 102774ms
query [6850]: # of matches found 59962 and it took: 101740ms
query [6851]: # of matches found 60096 and it took: 101769ms
query [6852]: # of matches found 60069 and it took: 101579ms
query [6853]: # of matches found 59990 and it took: 101882ms
query [6854]: # of matches found 60054 and it took: 102370ms
query [6855]: # of matches found 59987 and it took: 102499ms
query [6856]: # of matches found 59776 and it took: 102531ms
query [6857]: # of matches found 59462 and it took: 102519ms
query [6858]: # of matches found 59445 and it took: 102649ms
query [6859]: # of matches found 59254 and it took: 102671ms
query [6860]: # of matches found 59192 and it took: 102524ms
query [6861]: # of matches found 59461 and it took: 102681ms
query [6862]: # of matches found 57730 and it took: 102583ms
query [6863]: # of matches found 57877 and it took: 102086ms
query [6864]: # of matches found 57873 and it took: 102112ms
query [6865]: # of matches found 57832 and it took: 101995ms
query [6866]: # of matches found 57566 and it took: 102285ms
query [6867]: # of matches found 57864 and it took: 101686ms
query [6868]: # of matches found 57904 and it took: 101991ms
query [6869]: # of matches found 58119 and it took: 101806ms
query [6870]: # of matches found 57931 and it took: 101148ms
query [6871]: # of matches found 55504 and it took: 101404ms
query [6872]: # of matches found 55874 and it took: 102432ms
query [6873]: # of matches found 56143 and it took: 101966ms
query [6874]: # of matches found 56946 and it took: 101801ms
query [6875]: # of matches found 57865 and it took: 101156ms
query [6876]: # of matches found 58290 and it took: 101311ms
query [6877]: # of matches found 58643 and it took: 100924ms
query [6878]: # of matches found 58891 and it took: 101238ms
query [6879]: # of matches found 58794 and it took: 101414ms
query [6880]: # of matches found 59095 and it took: 100937ms
query [6881]: # of matches found 59121 and it took: 101688ms
query [6882]: # of matches found 58994 and it took: 101699ms
query [6883]: # of matches found 58600 and it took: 101589ms
query [6884]: # of matches found 58823 and it took: 101814ms
query [6885]: # of matches found 58471 and it took: 101836ms
query [6886]: # of matches found 58093 and it took: 102021ms
query [6887]: # of matches found 57815 and it took: 101827ms
query [6888]: # of matches found 57533 and it took: 102037ms
query [6889]: # of matches found 57334 and it took: 101992ms
query [6890]: # of matches found 57427 and it took: 102837ms
query [6891]: # of matches found 57409 and it took: 101990ms
query [6892]: # of matches found 57258 and it took: 101945ms
query [6893]: # of matches found 57316 and it took: 102069ms
query [6894]: # of matches found 57386 and it took: 102770ms
query [6895]: # of matches found 57301 and it took: 102203ms
query [6896]: # of matches found 57267 and it took: 102732ms
query [6897]: # of matches found 57400 and it took: 102421ms
query [6898]: # of matches found 57456 and it took: 103156ms
query [6899]: # of matches found 57535 and it took: 102968ms
query [6900]: # of matches found 57251 and it took: 102675ms
query [6901]: # of matches found 57230 and it took: 102941ms
query [6902]: # of matches found 57087 and it took: 103182ms
query [6903]: # of matches found 57018 and it took: 102998ms
query [6904]: # of matches found 55958 and it took: 103421ms
query [6905]: # of matches found 55805 and it took: 103168ms
query [6906]: # of matches found 55654 and it took: 103490ms
query [6907]: # of matches found 54828 and it took: 104005ms
query [6908]: # of matches found 52537 and it took: 103742ms
query [6909]: # of matches found 52242 and it took: 104090ms
query [6910]: # of matches found 52064 and it took: 103542ms
query [6911]: # of matches found 51094 and it took: 103917ms
query [6912]: # of matches found 50629 and it took: 104139ms
query [6913]: # of matches found 50245 and it took: 103815ms
query [6914]: # of matches found 49909 and it took: 104470ms
query [6915]: # of matches found 49823 and it took: 104334ms
query [6916]: # of matches found 49712 and it took: 104826ms
query [6917]: # of matches found 49416 and it took: 104660ms
query [6918]: # of matches found 49347 and it took: 105430ms
query [6919]: # of matches found 49450 and it took: 105528ms
query [6920]: # of matches found 49556 and it took: 105376ms
query [6921]: # of matches found 49778 and it took: 106190ms
query [6922]: # of matches found 50040 and it took: 106319ms
query [6923]: # of matches found 50079 and it took: 106942ms
query [6924]: # of matches found 50220 and it took: 107605ms
query [6925]: # of matches found 63548 and it took: 107246ms
query [6926]: # of matches found 63399 and it took: 107885ms
query [6927]: # of matches found 62584 and it took: 107684ms
query [6928]: # of matches found 61590 and it took: 107796ms
query [6929]: # of matches found 60824 and it took: 108020ms
query [6930]: # of matches found 59007 and it took: 107770ms
query [6931]: # of matches found 58614 and it took: 108165ms
query [6932]: # of matches found 58423 and it took: 108148ms
query [6933]: # of matches found 58355 and it took: 108495ms
query [6934]: # of matches found 58240 and it took: 108974ms
query [6935]: # of matches found 58059 and it took: 109109ms
query [6936]: # of matches found 57203 and it took: 109667ms
query [6937]: # of matches found 57155 and it took: 108998ms
query [6938]: # of matches found 56786 and it took: 109702ms
query [6939]: # of matches found 56527 and it took: 109232ms
query [6940]: # of matches found 56464 and it took: 109649ms
query [6941]: # of matches found 56420 and it took: 110818ms
query [6942]: # of matches found 56169 and it took: 109766ms
query [6943]: # of matches found 55643 and it took: 109993ms
query [6944]: # of matches found 54841 and it took: 110519ms
query [6945]: # of matches found 54278 and it took: 111131ms
query [6946]: # of matches found 52809 and it took: 111409ms
query [6947]: # of matches found 52127 and it took: 112474ms
query [6948]: # of matches found 51857 and it took: 112973ms
query [6949]: # of matches found 50827 and it took: 112775ms
query [6950]: # of matches found 50542 and it took: 111609ms
query [6951]: # of matches found 50546 and it took: 113329ms
query [6952]: # of matches found 50334 and it took: 113258ms
query [6953]: # of matches found 50216 and it took: 113125ms
query [6954]: # of matches found 49872 and it took: 112117ms
query [6955]: # of matches found 49024 and it took: 112245ms
query [6956]: # of matches found 47751 and it took: 113188ms
query [6957]: # of matches found 45210 and it took: 115144ms
query [6958]: # of matches found 44539 and it took: 114074ms
query [6959]: # of matches found 44293 and it took: 113743ms
query [6960]: # of matches found 44264 and it took: 113900ms
query [6961]: # of matches found 44054 and it took: 114792ms
query [6962]: # of matches found 43042 and it took: 114803ms
query [6963]: # of matches found 42683 and it took: 114192ms
query [6964]: # of matches found 42111 and it took: 114211ms
query [6965]: # of matches found 42072 and it took: 114515ms
query [6966]: # of matches found 41912 and it took: 114888ms
query [6967]: # of matches found 41847 and it took: 114773ms
query [6968]: # of matches found 41707 and it took: 114889ms
query [6969]: # of matches found 41703 and it took: 115321ms
query [6970]: # of matches found 41339 and it took: 115335ms
query [6971]: # of matches found 41433 and it took: 115121ms
query [6972]: # of matches found 41572 and it took: 115844ms
query [6973]: # of matches found 41521 and it took: 115994ms
query [6974]: # of matches found 41415 and it took: 115385ms
query [6975]: # of matches found 41328 and it took: 115742ms
query [6976]: # of matches found 41668 and it took: 115721ms
query [6977]: # of matches found 41805 and it took: 115211ms
query [6978]: # of matches found 41869 and it took: 116449ms
query [6979]: # of matches found 41922 and it took: 115884ms
query [6980]: # of matches found 42159 and it took: 115210ms
query [6981]: # of matches found 42215 and it took: 115280ms
query [6982]: # of matches found 42223 and it took: 115510ms
query [6983]: # of matches found 42276 and it took: 115586ms
query [6984]: # of matches found 42149 and it took: 115296ms
query [6985]: # of matches found 42071 and it took: 115814ms
query [6986]: # of matches found 41897 and it took: 115570ms
query [6987]: # of matches found 41723 and it took: 115255ms
query [6988]: # of matches found 41267 and it took: 117230ms
query [6989]: # of matches found 41348 and it took: 115865ms
query [6990]: # of matches found 41456 and it took: 116147ms
query [6991]: # of matches found 41498 and it took: 115789ms
query [6992]: # of matches found 41694 and it took: 116463ms
query [6993]: # of matches found 41767 and it took: 117352ms
query [6994]: # of matches found 41757 and it took: 117410ms
query [6995]: # of matches found 41764 and it took: 115157ms
query [6996]: # of matches found 41767 and it took: 116299ms
query [6997]: # of matches found 41746 and it took: 115258ms
query [6998]: # of matches found 41677 and it took: 116313ms
query [6999]: # of matches found 41668 and it took: 116165ms
PARMIK's matches per query up to q (1000) => [average: 45540, median: 43810, sum: 45540229]
Starting alignment for all queries [rev]...
queryBaseIndex: 6000
query [6000]: # of matches found 67251 and it took: 109104ms
query [6001]: # of matches found 67337 and it took: 109256ms
query [6002]: # of matches found 66401 and it took: 108196ms
query [6003]: # of matches found 66525 and it took: 109016ms
query [6004]: # of matches found 66547 and it took: 109954ms
query [6005]: # of matches found 66394 and it took: 109152ms
query [6006]: # of matches found 66359 and it took: 108483ms
query [6007]: # of matches found 66536 and it took: 108662ms
query [6008]: # of matches found 66839 and it took: 108696ms
query [6009]: # of matches found 66619 and it took: 108400ms
query [6010]: # of matches found 65869 and it took: 109204ms
query [6011]: # of matches found 65206 and it took: 109473ms
query [6012]: # of matches found 64862 and it took: 108904ms
query [6013]: # of matches found 64644 and it took: 109091ms
query [6014]: # of matches found 64704 and it took: 109018ms
query [6015]: # of matches found 64829 and it took: 109404ms
query [6016]: # of matches found 59902 and it took: 108646ms
query [6017]: # of matches found 59984 and it took: 109637ms
query [6018]: # of matches found 59918 and it took: 109064ms
query [6019]: # of matches found 59935 and it took: 108492ms
query [6020]: # of matches found 59644 and it took: 109052ms
query [6021]: # of matches found 59824 and it took: 109398ms
query [6022]: # of matches found 59784 and it took: 108700ms
query [6023]: # of matches found 59857 and it took: 108927ms
query [6024]: # of matches found 59862 and it took: 108877ms
query [6025]: # of matches found 59799 and it took: 109355ms
query [6026]: # of matches found 59742 and it took: 108972ms
query [6027]: # of matches found 59731 and it took: 109347ms
query [6028]: # of matches found 59667 and it took: 109133ms
query [6029]: # of matches found 48134 and it took: 108488ms
query [6030]: # of matches found 48209 and it took: 108636ms
query [6031]: # of matches found 48361 and it took: 108720ms
query [6032]: # of matches found 49016 and it took: 108725ms
query [6033]: # of matches found 49319 and it took: 109096ms
query [6034]: # of matches found 49808 and it took: 108976ms
query [6035]: # of matches found 49894 and it took: 109556ms
query [6036]: # of matches found 49936 and it took: 108950ms
query [6037]: # of matches found 49985 and it took: 110161ms
query [6038]: # of matches found 49746 and it took: 108786ms
query [6039]: # of matches found 49401 and it took: 108316ms
query [6040]: # of matches found 49473 and it took: 108834ms
query [6041]: # of matches found 49114 and it took: 109479ms
query [6042]: # of matches found 48951 and it took: 108729ms
query [6043]: # of matches found 48819 and it took: 109231ms
query [6044]: # of matches found 48510 and it took: 109294ms
query [6045]: # of matches found 47916 and it took: 110038ms
query [6046]: # of matches found 47362 and it took: 109768ms
query [6047]: # of matches found 47059 and it took: 109757ms
query [6048]: # of matches found 47100 and it took: 109447ms
query [6049]: # of matches found 47296 and it took: 109071ms
query [6050]: # of matches found 47676 and it took: 109129ms
query [6051]: # of matches found 47750 and it took: 110054ms
query [6052]: # of matches found 48620 and it took: 109113ms
query [6053]: # of matches found 48761 and it took: 110820ms
query [6054]: # of matches found 49087 and it took: 109535ms
query [6055]: # of matches found 49071 and it took: 110166ms
query [6056]: # of matches found 49145 and it took: 109530ms
query [6057]: # of matches found 49443 and it took: 110362ms
query [6058]: # of matches found 49635 and it took: 109970ms
query [6059]: # of matches found 49967 and it took: 109116ms
query [6060]: # of matches found 50339 and it took: 109160ms
query [6061]: # of matches found 49873 and it took: 109618ms
query [6062]: # of matches found 49776 and it took: 108870ms
query [6063]: # of matches found 49392 and it took: 109851ms
query [6064]: # of matches found 49183 and it took: 109464ms
query [6065]: # of matches found 48390 and it took: 109633ms
query [6066]: # of matches found 47285 and it took: 109290ms
query [6067]: # of matches found 47170 and it took: 109925ms
query [6068]: # of matches found 47168 and it took: 109778ms
query [6069]: # of matches found 47195 and it took: 108788ms
query [6070]: # of matches found 47293 and it took: 111256ms
query [6071]: # of matches found 47104 and it took: 109719ms
query [6072]: # of matches found 46760 and it took: 108589ms
query [6073]: # of matches found 46711 and it took: 109104ms
query [6074]: # of matches found 46536 and it took: 108720ms
query [6075]: # of matches found 46343 and it took: 108942ms
query [6076]: # of matches found 46361 and it took: 108804ms
query [6077]: # of matches found 45875 and it took: 109097ms
query [6078]: # of matches found 45772 and it took: 109329ms
query [6079]: # of matches found 45592 and it took: 108607ms
query [6080]: # of matches found 44787 and it took: 108376ms
query [6081]: # of matches found 44762 and it took: 109545ms
query [6082]: # of matches found 44346 and it took: 108318ms
query [6083]: # of matches found 44727 and it took: 108735ms
query [6084]: # of matches found 44163 and it took: 109632ms
query [6085]: # of matches found 44312 and it took: 108795ms
query [6086]: # of matches found 44273 and it took: 109762ms
query [6087]: # of matches found 44256 and it took: 108970ms
query [6088]: # of matches found 44179 and it took: 109237ms
query [6089]: # of matches found 44645 and it took: 108352ms
query [6090]: # of matches found 44755 and it took: 108773ms
query [6091]: # of matches found 44887 and it took: 108838ms
query [6092]: # of matches found 45087 and it took: 108267ms
query [6093]: # of matches found 45223 and it took: 108330ms
query [6094]: # of matches found 45450 and it took: 108759ms
query [6095]: # of matches found 45653 and it took: 108805ms
query [6096]: # of matches found 45233 and it took: 108470ms
query [6097]: # of matches found 45538 and it took: 108575ms
query [6098]: # of matches found 45330 and it took: 108908ms
query [6099]: # of matches found 45173 and it took: 107864ms
query [6100]: # of matches found 45136 and it took: 108732ms
query [6101]: # of matches found 45056 and it took: 108460ms
query [6102]: # of matches found 44798 and it took: 108452ms
query [6103]: # of matches found 44723 and it took: 109782ms
query [6104]: # of matches found 44729 and it took: 108822ms
query [6105]: # of matches found 44742 and it took: 108873ms
query [6106]: # of matches found 44621 and it took: 109043ms
query [6107]: # of matches found 44494 and it took: 108991ms
query [6108]: # of matches found 44526 and it took: 109240ms
query [6109]: # of matches found 44495 and it took: 108130ms
query [6110]: # of matches found 44369 and it took: 108738ms
query [6111]: # of matches found 44248 and it took: 108627ms
query [6112]: # of matches found 43145 and it took: 108277ms
query [6113]: # of matches found 43134 and it took: 108349ms
query [6114]: # of matches found 43047 and it took: 108250ms
query [6115]: # of matches found 43167 and it took: 108370ms
query [6116]: # of matches found 43200 and it took: 108104ms
query [6117]: # of matches found 43005 and it took: 108235ms
query [6118]: # of matches found 43065 and it took: 108502ms
query [6119]: # of matches found 43208 and it took: 108385ms
query [6120]: # of matches found 42840 and it took: 108182ms
query [6121]: # of matches found 42712 and it took: 108019ms
query [6122]: # of matches found 42565 and it took: 107917ms
query [6123]: # of matches found 42246 and it took: 108056ms
query [6124]: # of matches found 42127 and it took: 108238ms
query [6125]: # of matches found 42071 and it took: 108238ms
query [6126]: # of matches found 41800 and it took: 108221ms
query [6127]: # of matches found 41757 and it took: 108046ms
query [6128]: # of matches found 41747 and it took: 108563ms
query [6129]: # of matches found 41549 and it took: 107753ms
query [6130]: # of matches found 40900 and it took: 108427ms
query [6131]: # of matches found 41133 and it took: 108479ms
query [6132]: # of matches found 41679 and it took: 108425ms
query [6133]: # of matches found 43014 and it took: 108069ms
query [6134]: # of matches found 42995 and it took: 108124ms
query [6135]: # of matches found 42680 and it took: 107996ms
query [6136]: # of matches found 42734 and it took: 109094ms
query [6137]: # of matches found 42363 and it took: 107925ms
query [6138]: # of matches found 41815 and it took: 107964ms
query [6139]: # of matches found 41738 and it took: 107526ms
query [6140]: # of matches found 41337 and it took: 108645ms
query [6141]: # of matches found 38004 and it took: 108064ms
query [6142]: # of matches found 38188 and it took: 107925ms
query [6143]: # of matches found 37978 and it took: 107804ms
query [6144]: # of matches found 38013 and it took: 107963ms
query [6145]: # of matches found 38065 and it took: 107842ms
query [6146]: # of matches found 38056 and it took: 108124ms
query [6147]: # of matches found 37903 and it took: 107626ms
query [6148]: # of matches found 37749 and it took: 108104ms
query [6149]: # of matches found 37798 and it took: 107743ms
query [6150]: # of matches found 37644 and it took: 108700ms
query [6151]: # of matches found 37595 and it took: 107909ms
query [6152]: # of matches found 37415 and it took: 108452ms
query [6153]: # of matches found 37338 and it took: 109831ms
query [6154]: # of matches found 36982 and it took: 108794ms
query [6155]: # of matches found 36911 and it took: 109414ms
query [6156]: # of matches found 37164 and it took: 108997ms
query [6157]: # of matches found 37209 and it took: 109432ms
query [6158]: # of matches found 37255 and it took: 109135ms
query [6159]: # of matches found 37453 and it took: 108215ms
query [6160]: # of matches found 37260 and it took: 109243ms
query [6161]: # of matches found 37283 and it took: 108513ms
query [6162]: # of matches found 37225 and it took: 109139ms
query [6163]: # of matches found 37265 and it took: 109499ms
query [6164]: # of matches found 37157 and it took: 109687ms
query [6165]: # of matches found 37238 and it took: 108973ms
query [6166]: # of matches found 37353 and it took: 108627ms
query [6167]: # of matches found 37357 and it took: 108939ms
query [6168]: # of matches found 37413 and it took: 108848ms
query [6169]: # of matches found 37669 and it took: 109051ms
query [6170]: # of matches found 37826 and it took: 109835ms
query [6171]: # of matches found 37980 and it took: 109578ms
query [6172]: # of matches found 37706 and it took: 109449ms
query [6173]: # of matches found 37808 and it took: 109632ms
query [6174]: # of matches found 37146 and it took: 109374ms
query [6175]: # of matches found 37183 and it took: 109657ms
query [6176]: # of matches found 37253 and it took: 109553ms
query [6177]: # of matches found 37369 and it took: 108789ms
query [6178]: # of matches found 37421 and it took: 109294ms
query [6179]: # of matches found 37507 and it took: 108762ms
query [6180]: # of matches found 37197 and it took: 110385ms
query [6181]: # of matches found 37274 and it took: 109759ms
query [6182]: # of matches found 37211 and it took: 109921ms
query [6183]: # of matches found 37543 and it took: 110701ms
query [6184]: # of matches found 37749 and it took: 110052ms
query [6185]: # of matches found 37949 and it took: 110280ms
query [6186]: # of matches found 38028 and it took: 110792ms
query [6187]: # of matches found 38246 and it took: 109485ms
query [6188]: # of matches found 38363 and it took: 110068ms
query [6189]: # of matches found 38303 and it took: 109416ms
query [6190]: # of matches found 38175 and it took: 110868ms
query [6191]: # of matches found 38095 and it took: 109864ms
query [6192]: # of matches found 36837 and it took: 110075ms
query [6193]: # of matches found 37003 and it took: 110886ms
query [6194]: # of matches found 36506 and it took: 110302ms
query [6195]: # of matches found 36489 and it took: 110402ms
query [6196]: # of matches found 36399 and it took: 110168ms
query [6197]: # of matches found 36303 and it took: 110059ms
query [6198]: # of matches found 36081 and it took: 110643ms
query [6199]: # of matches found 35867 and it took: 109902ms
query [6200]: # of matches found 35660 and it took: 111406ms
query [6201]: # of matches found 35156 and it took: 111172ms
query [6202]: # of matches found 35142 and it took: 112256ms
query [6203]: # of matches found 34979 and it took: 112309ms
query [6204]: # of matches found 34868 and it took: 112275ms
query [6205]: # of matches found 34923 and it took: 112033ms
query [6206]: # of matches found 34987 and it took: 111761ms
query [6207]: # of matches found 34973 and it took: 111490ms
query [6208]: # of matches found 34805 and it took: 112345ms
query [6209]: # of matches found 34995 and it took: 111961ms
query [6210]: # of matches found 34647 and it took: 113030ms
query [6211]: # of matches found 34711 and it took: 112689ms
query [6212]: # of matches found 34622 and it took: 112984ms
query [6213]: # of matches found 34484 and it took: 113528ms
query [6214]: # of matches found 34450 and it took: 113505ms
query [6215]: # of matches found 34336 and it took: 113368ms
query [6216]: # of matches found 34335 and it took: 113517ms
query [6217]: # of matches found 34365 and it took: 113508ms
query [6218]: # of matches found 34526 and it took: 115110ms
query [6219]: # of matches found 34586 and it took: 114187ms
query [6220]: # of matches found 34544 and it took: 115517ms
query [6221]: # of matches found 34587 and it took: 114984ms
query [6222]: # of matches found 34540 and it took: 115046ms
query [6223]: # of matches found 34003 and it took: 115592ms
query [6224]: # of matches found 33979 and it took: 115581ms
query [6225]: # of matches found 33915 and it took: 114876ms
query [6226]: # of matches found 33913 and it took: 114680ms
query [6227]: # of matches found 33851 and it took: 114762ms
query [6228]: # of matches found 33834 and it took: 115362ms
query [6229]: # of matches found 33442 and it took: 114558ms
query [6230]: # of matches found 33360 and it took: 115561ms
query [6231]: # of matches found 33319 and it took: 115429ms
query [6232]: # of matches found 33689 and it took: 115589ms
query [6233]: # of matches found 33645 and it took: 116793ms
query [6234]: # of matches found 33579 and it took: 116420ms
query [6235]: # of matches found 33756 and it took: 115758ms
query [6236]: # of matches found 33765 and it took: 116456ms
query [6237]: # of matches found 33328 and it took: 115825ms
query [6238]: # of matches found 33463 and it took: 116458ms
query [6239]: # of matches found 33496 and it took: 115557ms
query [6240]: # of matches found 33550 and it took: 117393ms
query [6241]: # of matches found 33619 and it took: 116954ms
query [6242]: # of matches found 33638 and it took: 116610ms
query [6243]: # of matches found 33624 and it took: 117050ms
query [6244]: # of matches found 33553 and it took: 117316ms
query [6245]: # of matches found 33444 and it took: 116579ms
query [6246]: # of matches found 33397 and it took: 117140ms
query [6247]: # of matches found 33251 and it took: 117111ms
query [6248]: # of matches found 33149 and it took: 117197ms
query [6249]: # of matches found 33378 and it took: 118389ms
query [6250]: # of matches found 33461 and it took: 118191ms
query [6251]: # of matches found 33459 and it took: 117682ms
query [6252]: # of matches found 33573 and it took: 117555ms
query [6253]: # of matches found 33663 and it took: 117928ms
query [6254]: # of matches found 33810 and it took: 117962ms
query [6255]: # of matches found 33376 and it took: 117290ms
query [6256]: # of matches found 33379 and it took: 117711ms
query [6257]: # of matches found 33416 and it took: 117913ms
query [6258]: # of matches found 33388 and it took: 118199ms
query [6259]: # of matches found 33497 and it took: 119132ms
query [6260]: # of matches found 33513 and it took: 119017ms
query [6261]: # of matches found 33759 and it took: 118618ms
query [6262]: # of matches found 33879 and it took: 119258ms
query [6263]: # of matches found 34169 and it took: 119449ms
query [6264]: # of matches found 34624 and it took: 119989ms
query [6265]: # of matches found 35102 and it took: 118363ms
query [6266]: # of matches found 35541 and it took: 119247ms
query [6267]: # of matches found 36192 and it took: 119153ms
query [6268]: # of matches found 36825 and it took: 118800ms
query [6269]: # of matches found 37628 and it took: 118731ms
query [6270]: # of matches found 37942 and it took: 119325ms
query [6271]: # of matches found 37606 and it took: 119382ms
query [6272]: # of matches found 37186 and it took: 119547ms
query [6273]: # of matches found 35483 and it took: 120369ms
query [6274]: # of matches found 34924 and it took: 120077ms
query [6275]: # of matches found 34309 and it took: 119791ms
query [6276]: # of matches found 34290 and it took: 119945ms
query [6277]: # of matches found 34365 and it took: 119872ms
query [6278]: # of matches found 34664 and it took: 119605ms
query [6279]: # of matches found 34378 and it took: 119802ms
query [6280]: # of matches found 34658 and it took: 119705ms
query [6281]: # of matches found 35004 and it took: 119313ms
query [6282]: # of matches found 34791 and it took: 119029ms
query [6283]: # of matches found 34907 and it took: 119976ms
query [6284]: # of matches found 35004 and it took: 120239ms
query [6285]: # of matches found 35009 and it took: 119550ms
query [6286]: # of matches found 34988 and it took: 120833ms
query [6287]: # of matches found 34983 and it took: 120263ms
query [6288]: # of matches found 35009 and it took: 120072ms
query [6289]: # of matches found 34863 and it took: 119563ms
query [6290]: # of matches found 34858 and it took: 120450ms
query [6291]: # of matches found 34950 and it took: 120045ms
query [6292]: # of matches found 35422 and it took: 119998ms
query [6293]: # of matches found 35433 and it took: 120354ms
query [6294]: # of matches found 35812 and it took: 122154ms
query [6295]: # of matches found 35752 and it took: 119238ms
query [6296]: # of matches found 35425 and it took: 120529ms
query [6297]: # of matches found 35323 and it took: 120184ms
query [6298]: # of matches found 35178 and it took: 120145ms
query [6299]: # of matches found 34793 and it took: 119658ms
query [6300]: # of matches found 34846 and it took: 120395ms
query [6301]: # of matches found 35021 and it took: 119570ms
query [6302]: # of matches found 35080 and it took: 120403ms
query [6303]: # of matches found 35613 and it took: 122409ms
query [6304]: # of matches found 35739 and it took: 120615ms
query [6305]: # of matches found 35728 and it took: 119916ms
query [6306]: # of matches found 35668 and it took: 120945ms
query [6307]: # of matches found 36233 and it took: 121070ms
query [6308]: # of matches found 36158 and it took: 120714ms
query [6309]: # of matches found 35819 and it took: 124840ms
query [6310]: # of matches found 35713 and it took: 122163ms
query [6311]: # of matches found 35551 and it took: 122673ms
query [6312]: # of matches found 35334 and it took: 123237ms
query [6313]: # of matches found 34992 and it took: 122187ms
query [6314]: # of matches found 34987 and it took: 122289ms
query [6315]: # of matches found 34735 and it took: 122568ms
query [6316]: # of matches found 34590 and it took: 122630ms
query [6317]: # of matches found 34514 and it took: 122110ms
query [6318]: # of matches found 34299 and it took: 121820ms
query [6319]: # of matches found 34273 and it took: 122121ms
query [6320]: # of matches found 34359 and it took: 122696ms
query [6321]: # of matches found 34257 and it took: 120762ms
query [6322]: # of matches found 34312 and it took: 122154ms
query [6323]: # of matches found 33985 and it took: 122718ms
query [6324]: # of matches found 33800 and it took: 123357ms
query [6325]: # of matches found 33485 and it took: 121379ms
query [6326]: # of matches found 33192 and it took: 122271ms
query [6327]: # of matches found 32966 and it took: 121810ms
query [6328]: # of matches found 32968 and it took: 121846ms
query [6329]: # of matches found 32950 and it took: 121712ms
query [6330]: # of matches found 32592 and it took: 121956ms
query [6331]: # of matches found 32511 and it took: 120480ms
query [6332]: # of matches found 32579 and it took: 121764ms
query [6333]: # of matches found 32601 and it took: 122464ms
query [6334]: # of matches found 32540 and it took: 121930ms
query [6335]: # of matches found 32944 and it took: 121810ms
query [6336]: # of matches found 33423 and it took: 121677ms
query [6337]: # of matches found 33372 and it took: 121775ms
query [6338]: # of matches found 33253 and it took: 121490ms
query [6339]: # of matches found 33109 and it took: 121603ms
query [6340]: # of matches found 33071 and it took: 122073ms
query [6341]: # of matches found 33157 and it took: 120341ms
query [6342]: # of matches found 33029 and it took: 120855ms
query [6343]: # of matches found 33154 and it took: 121817ms
query [6344]: # of matches found 33140 and it took: 121848ms
query [6345]: # of matches found 33048 and it took: 120822ms
query [6346]: # of matches found 33058 and it took: 122338ms
query [6347]: # of matches found 33026 and it took: 121930ms
query [6348]: # of matches found 33199 and it took: 121082ms
query [6349]: # of matches found 33271 and it took: 121861ms
query [6350]: # of matches found 33149 and it took: 122002ms
query [6351]: # of matches found 33042 and it took: 120930ms
query [6352]: # of matches found 33039 and it took: 121021ms
query [6353]: # of matches found 33148 and it took: 122439ms
query [6354]: # of matches found 33336 and it took: 121404ms
query [6355]: # of matches found 33378 and it took: 120632ms
query [6356]: # of matches found 33603 and it took: 121533ms
query [6357]: # of matches found 33901 and it took: 121384ms
query [6358]: # of matches found 33731 and it took: 121506ms
query [6359]: # of matches found 33708 and it took: 118766ms
query [6360]: # of matches found 33821 and it took: 118167ms
query [6361]: # of matches found 33902 and it took: 117036ms
query [6362]: # of matches found 34109 and it took: 116581ms
query [6363]: # of matches found 34105 and it took: 116955ms
query [6364]: # of matches found 34199 and it took: 117105ms
query [6365]: # of matches found 34590 and it took: 115864ms
query [6366]: # of matches found 34955 and it took: 116171ms
query [6367]: # of matches found 35135 and it took: 116470ms
query [6368]: # of matches found 35107 and it took: 116400ms
query [6369]: # of matches found 35229 and it took: 116147ms
query [6370]: # of matches found 35326 and it took: 115894ms
query [6371]: # of matches found 36040 and it took: 115503ms
query [6372]: # of matches found 35870 and it took: 115029ms
query [6373]: # of matches found 36575 and it took: 115835ms
query [6374]: # of matches found 38970 and it took: 115617ms
query [6375]: # of matches found 39051 and it took: 114646ms
query [6376]: # of matches found 39329 and it took: 114930ms
query [6377]: # of matches found 39953 and it took: 115246ms
query [6378]: # of matches found 40294 and it took: 114102ms
query [6379]: # of matches found 40596 and it took: 114269ms
query [6380]: # of matches found 40775 and it took: 114091ms
query [6381]: # of matches found 40965 and it took: 112850ms
query [6382]: # of matches found 41201 and it took: 113643ms
query [6383]: # of matches found 41147 and it took: 113334ms
query [6384]: # of matches found 41244 and it took: 113590ms
query [6385]: # of matches found 41292 and it took: 111260ms
query [6386]: # of matches found 41673 and it took: 111250ms
query [6387]: # of matches found 42076 and it took: 111193ms
query [6388]: # of matches found 42074 and it took: 110812ms
query [6389]: # of matches found 41865 and it took: 110817ms
query [6390]: # of matches found 41895 and it took: 110718ms
query [6391]: # of matches found 41988 and it took: 110873ms
query [6392]: # of matches found 42027 and it took: 110881ms
query [6393]: # of matches found 41853 and it took: 110821ms
query [6394]: # of matches found 41542 and it took: 110787ms
query [6395]: # of matches found 41633 and it took: 110254ms
query [6396]: # of matches found 41694 and it took: 110471ms
query [6397]: # of matches found 41596 and it took: 110414ms
query [6398]: # of matches found 41572 and it took: 110245ms
query [6399]: # of matches found 41419 and it took: 109913ms
query [6400]: # of matches found 41181 and it took: 111361ms
query [6401]: # of matches found 40982 and it took: 109176ms
query [6402]: # of matches found 40991 and it took: 109143ms
query [6403]: # of matches found 40781 and it took: 109129ms
query [6404]: # of matches found 40364 and it took: 109511ms
query [6405]: # of matches found 40325 and it took: 108352ms
query [6406]: # of matches found 39756 and it took: 108987ms
query [6407]: # of matches found 39198 and it took: 108464ms
query [6408]: # of matches found 38675 and it took: 108950ms
query [6409]: # of matches found 37945 and it took: 109207ms
query [6410]: # of matches found 37952 and it took: 109428ms
query [6411]: # of matches found 37933 and it took: 109008ms
query [6412]: # of matches found 38004 and it took: 109899ms
query [6413]: # of matches found 38000 and it took: 109625ms
query [6414]: # of matches found 38280 and it took: 109595ms
query [6415]: # of matches found 38137 and it took: 109675ms
query [6416]: # of matches found 37924 and it took: 109748ms
query [6417]: # of matches found 37689 and it took: 111009ms
query [6418]: # of matches found 37418 and it took: 109804ms
query [6419]: # of matches found 37467 and it took: 109575ms
query [6420]: # of matches found 37091 and it took: 110455ms
query [6421]: # of matches found 36822 and it took: 110278ms
query [6422]: # of matches found 36804 and it took: 111077ms
query [6423]: # of matches found 36554 and it took: 110875ms
query [6424]: # of matches found 36562 and it took: 110903ms
query [6425]: # of matches found 36567 and it took: 110618ms
query [6426]: # of matches found 36567 and it took: 110564ms
query [6427]: # of matches found 36548 and it took: 110360ms
query [6428]: # of matches found 36530 and it took: 110672ms
query [6429]: # of matches found 36628 and it took: 110383ms
query [6430]: # of matches found 36691 and it took: 111123ms
query [6431]: # of matches found 36620 and it took: 111264ms
query [6432]: # of matches found 36152 and it took: 111144ms
query [6433]: # of matches found 36131 and it took: 112102ms
query [6434]: # of matches found 35784 and it took: 111498ms
query [6435]: # of matches found 35625 and it took: 110533ms
query [6436]: # of matches found 35597 and it took: 110983ms
query [6437]: # of matches found 35614 and it took: 110701ms
query [6438]: # of matches found 35483 and it took: 110994ms
query [6439]: # of matches found 35492 and it took: 110211ms
query [6440]: # of matches found 35323 and it took: 110447ms
query [6441]: # of matches found 35047 and it took: 111427ms
query [6442]: # of matches found 35152 and it took: 111316ms
query [6443]: # of matches found 35022 and it took: 110560ms
query [6444]: # of matches found 34737 and it took: 110740ms
query [6445]: # of matches found 34810 and it took: 110219ms
query [6446]: # of matches found 34905 and it took: 110140ms
query [6447]: # of matches found 35013 and it took: 110096ms
query [6448]: # of matches found 34721 and it took: 110020ms
query [6449]: # of matches found 34798 and it took: 110381ms
query [6450]: # of matches found 35006 and it took: 109393ms
query [6451]: # of matches found 35196 and it took: 109788ms
query [6452]: # of matches found 35207 and it took: 110060ms
query [6453]: # of matches found 35264 and it took: 109953ms
query [6454]: # of matches found 35372 and it took: 109650ms
query [6455]: # of matches found 35791 and it took: 110835ms
query [6456]: # of matches found 36078 and it took: 110074ms
query [6457]: # of matches found 36006 and it took: 109609ms
query [6458]: # of matches found 36010 and it took: 109729ms
query [6459]: # of matches found 36070 and it took: 109458ms
query [6460]: # of matches found 35968 and it took: 109707ms
query [6461]: # of matches found 36117 and it took: 109769ms
query [6462]: # of matches found 47084 and it took: 110330ms
query [6463]: # of matches found 47133 and it took: 109861ms
query [6464]: # of matches found 47118 and it took: 110046ms
query [6465]: # of matches found 47155 and it took: 109780ms
query [6466]: # of matches found 47141 and it took: 111357ms
query [6467]: # of matches found 47130 and it took: 109917ms
query [6468]: # of matches found 47029 and it took: 110117ms
query [6469]: # of matches found 46816 and it took: 109876ms
query [6470]: # of matches found 46910 and it took: 109834ms
query [6471]: # of matches found 47061 and it took: 109777ms
query [6472]: # of matches found 47001 and it took: 110271ms
query [6473]: # of matches found 46786 and it took: 109823ms
query [6474]: # of matches found 46947 and it took: 109584ms
query [6475]: # of matches found 46600 and it took: 109395ms
query [6476]: # of matches found 46400 and it took: 109759ms
query [6477]: # of matches found 46533 and it took: 109317ms
query [6478]: # of matches found 49503 and it took: 109071ms
query [6479]: # of matches found 49761 and it took: 109444ms
query [6480]: # of matches found 49952 and it took: 109154ms
query [6481]: # of matches found 50174 and it took: 109319ms
query [6482]: # of matches found 50157 and it took: 109759ms
query [6483]: # of matches found 50362 and it took: 109530ms
query [6484]: # of matches found 50511 and it took: 109231ms
query [6485]: # of matches found 50453 and it took: 109092ms
query [6486]: # of matches found 50445 and it took: 109615ms
query [6487]: # of matches found 50409 and it took: 109531ms
query [6488]: # of matches found 50259 and it took: 109513ms
query [6489]: # of matches found 49977 and it took: 109754ms
query [6490]: # of matches found 50079 and it took: 109918ms
query [6491]: # of matches found 50130 and it took: 110372ms
query [6492]: # of matches found 50043 and it took: 111080ms
query [6493]: # of matches found 49995 and it took: 110735ms
query [6494]: # of matches found 49898 and it took: 111278ms
query [6495]: # of matches found 49915 and it took: 110945ms
query [6496]: # of matches found 49685 and it took: 111271ms
query [6497]: # of matches found 49330 and it took: 111579ms
query [6498]: # of matches found 51069 and it took: 112178ms
query [6499]: # of matches found 51532 and it took: 111866ms
query [6500]: # of matches found 51922 and it took: 111746ms
query [6501]: # of matches found 51696 and it took: 111952ms
query [6502]: # of matches found 51568 and it took: 112053ms
query [6503]: # of matches found 51873 and it took: 112329ms
query [6504]: # of matches found 51753 and it took: 112553ms
query [6505]: # of matches found 51443 and it took: 112707ms
query [6506]: # of matches found 50867 and it took: 112837ms
query [6507]: # of matches found 51260 and it took: 114120ms
query [6508]: # of matches found 51249 and it took: 112942ms
query [6509]: # of matches found 51122 and it took: 113755ms
query [6510]: # of matches found 50933 and it took: 113579ms
query [6511]: # of matches found 50281 and it took: 114041ms
query [6512]: # of matches found 49924 and it took: 114496ms
query [6513]: # of matches found 49075 and it took: 114278ms
query [6514]: # of matches found 46662 and it took: 114853ms
query [6515]: # of matches found 46151 and it took: 113489ms
query [6516]: # of matches found 45606 and it took: 114194ms
query [6517]: # of matches found 45094 and it took: 114036ms
query [6518]: # of matches found 44715 and it took: 113985ms
query [6519]: # of matches found 44249 and it took: 114037ms
query [6520]: # of matches found 43994 and it took: 114143ms
query [6521]: # of matches found 43909 and it took: 114166ms
query [6522]: # of matches found 43675 and it took: 114476ms
