no kmerRangesFileAddressArg!
no baselineBaseAddress!
no otherToolArg!
**********************CONFIGURATIONS*****************************
PARMIK mode:                  3
readDatabaseAddress:          /p/lava/parmik/partialMatcherProject/datasets/metagenomicDB/SRR14381425/SRR14381425_reads
readFileName:                 SRR14381425_reads
queryFileAddress:             /p/lava/parmik/partialMatcherProject/datasets/queryFiles/covidQueryFiles/NC_045512_chunks/NC_045512_queries_26000-26999
queryFileName:                NC_045512_queries_26000-26999
otherToolOutputFileAddress:   /u/rgq5aw/GIT/PARMIK/partialMatcherProject/tools/blast/SRR14381425/NC_045512/blastn_ws30_results.out
outputDir:                    /p/lava/parmik/partialMatcherProject/tools/baseline_ssw/SRR14381425/NC_045512
penaltyFileAddress:           /u/rgq5aw/GIT/PARMIK/experiments/parmik/CK_SSW_ID_PRCNTG/PenaltySets/2484_1111_2444_2288_2848
kmerRangesFileAddress:        
readsCount:                   17000000
queryCount:                   30000
kmerLength:                   11
regionSize:                   48
cheapKmerThreshold:           0
identityPercentage:           0.85
minExactMatchLen:             0
minNumExactMatchKmer:         0
isIndexOffline:               1
offlineIndexAddress:          /p/lava/parmik/partialMatcherProject/tools/parmik/CK_INDEX/SRR14381425/
baselineBaseAddress:          
max editDistance in min region: 2
**********************CONFIGURATIONS*****************************
--------------Penalties--------------
m: 2, s: 4, go: 8, ge: 4
m: 1, s: 1, go: 1, ge: 1
m: 2, s: 4, go: 4, ge: 4
m: 2, s: 2, go: 8, ge: 8
m: 2, s: 8, go: 4, ge: 8
------------------------------------
numberOfReadsWithN : 0
queryCount : 1000
numberOfReadsWithN : 0
readCount : 17000000
offlineCheapIndexAddress: /p/lava/parmik/partialMatcherProject/tools/parmik/CK_INDEX/SRR14381425/ck_T0_K11_r17000000
pmrkAlignmentsAddress: /p/lava/parmik/partialMatcherProject/tools/baseline_ssw/SRR14381425/NC_045512/aln/pmAln_R48_PI85_L0_M0_E2_K11_T0_P_2484_1111_2444_2288_2848.txt
Starting alignment for all queries [fwd]...
queryBaseIndex: 26000
query [26000]: # of matches found 47507 and it took: 112491ms
query [26001]: # of matches found 47525 and it took: 112140ms
query [26002]: # of matches found 47442 and it took: 112755ms
query [26003]: # of matches found 47398 and it took: 112889ms
query [26004]: # of matches found 47022 and it took: 111500ms
query [26005]: # of matches found 47158 and it took: 111849ms
query [26006]: # of matches found 47090 and it took: 112289ms
query [26007]: # of matches found 46950 and it took: 112266ms
query [26008]: # of matches found 46832 and it took: 112154ms
query [26009]: # of matches found 46787 and it took: 111779ms
query [26010]: # of matches found 46690 and it took: 113009ms
query [26011]: # of matches found 46260 and it took: 112344ms
query [26012]: # of matches found 46303 and it took: 113037ms
query [26013]: # of matches found 46251 and it took: 113646ms
query [26014]: # of matches found 46498 and it took: 111821ms
query [26015]: # of matches found 46522 and it took: 112493ms
query [26016]: # of matches found 46457 and it took: 111937ms
query [26017]: # of matches found 46666 and it took: 112633ms
query [26018]: # of matches found 46634 and it took: 112075ms
query [26019]: # of matches found 46801 and it took: 111807ms
query [26020]: # of matches found 46830 and it took: 113135ms
query [26021]: # of matches found 46938 and it took: 112161ms
query [26022]: # of matches found 46977 and it took: 112529ms
query [26023]: # of matches found 46952 and it took: 112822ms
query [26024]: # of matches found 46641 and it took: 112028ms
query [26025]: # of matches found 46705 and it took: 111954ms
query [26026]: # of matches found 46785 and it took: 111894ms
query [26027]: # of matches found 46737 and it took: 112599ms
query [26028]: # of matches found 46798 and it took: 111747ms
query [26029]: # of matches found 46808 and it took: 111242ms
query [26030]: # of matches found 46874 and it took: 112399ms
query [26031]: # of matches found 47050 and it took: 111510ms
query [26032]: # of matches found 47098 and it took: 111798ms
query [26033]: # of matches found 47404 and it took: 111458ms
query [26034]: # of matches found 47751 and it took: 110955ms
query [26035]: # of matches found 47682 and it took: 110183ms
query [26036]: # of matches found 47648 and it took: 110304ms
query [26037]: # of matches found 47729 and it took: 110782ms
query [26038]: # of matches found 47928 and it took: 110383ms
query [26039]: # of matches found 48133 and it took: 109995ms
query [26040]: # of matches found 48157 and it took: 110922ms
query [26041]: # of matches found 48268 and it took: 109623ms
query [26042]: # of matches found 48126 and it took: 110940ms
query [26043]: # of matches found 47213 and it took: 110421ms
query [26044]: # of matches found 47367 and it took: 110061ms
query [26045]: # of matches found 47358 and it took: 109864ms
query [26046]: # of matches found 47381 and it took: 109383ms
query [26047]: # of matches found 47445 and it took: 110086ms
query [26048]: # of matches found 47574 and it took: 108972ms
query [26049]: # of matches found 47711 and it took: 109854ms
query [26050]: # of matches found 48272 and it took: 110529ms
query [26051]: # of matches found 49210 and it took: 109609ms
query [26052]: # of matches found 49541 and it took: 110127ms
query [26053]: # of matches found 49494 and it took: 110028ms
query [26054]: # of matches found 49455 and it took: 110100ms
query [26055]: # of matches found 49337 and it took: 108754ms
query [26056]: # of matches found 49307 and it took: 108786ms
query [26057]: # of matches found 49213 and it took: 109338ms
query [26058]: # of matches found 49157 and it took: 109707ms
query [26059]: # of matches found 48881 and it took: 109588ms
query [26060]: # of matches found 48504 and it took: 110842ms
query [26061]: # of matches found 47663 and it took: 111136ms
query [26062]: # of matches found 46997 and it took: 111869ms
query [26063]: # of matches found 46877 and it took: 111231ms
query [26064]: # of matches found 46543 and it took: 111794ms
query [26065]: # of matches found 46468 and it took: 110981ms
query [26066]: # of matches found 46228 and it took: 111433ms
query [26067]: # of matches found 46104 and it took: 111936ms
query [26068]: # of matches found 46077 and it took: 111523ms
query [26069]: # of matches found 46163 and it took: 111539ms
query [26070]: # of matches found 46313 and it took: 111966ms
query [26071]: # of matches found 46345 and it took: 111554ms
query [26072]: # of matches found 46246 and it took: 112890ms
query [26073]: # of matches found 46269 and it took: 111880ms
query [26074]: # of matches found 46322 and it took: 113109ms
query [26075]: # of matches found 45684 and it took: 112230ms
query [26076]: # of matches found 45176 and it took: 113045ms
query [26077]: # of matches found 44855 and it took: 114747ms
query [26078]: # of matches found 43982 and it took: 112302ms
query [26079]: # of matches found 42176 and it took: 112824ms
query [26080]: # of matches found 41882 and it took: 113914ms
query [26081]: # of matches found 41879 and it took: 113719ms
query [26082]: # of matches found 41606 and it took: 114874ms
query [26083]: # of matches found 41487 and it took: 114053ms
query [26084]: # of matches found 41877 and it took: 114588ms
query [26085]: # of matches found 41664 and it took: 114063ms
query [26086]: # of matches found 41483 and it took: 114617ms
query [26087]: # of matches found 41341 and it took: 114699ms
query [26088]: # of matches found 41281 and it took: 114199ms
query [26089]: # of matches found 40891 and it took: 115018ms
query [26090]: # of matches found 40333 and it took: 115113ms
query [26091]: # of matches found 40011 and it took: 115770ms
query [26092]: # of matches found 39468 and it took: 116543ms
query [26093]: # of matches found 38930 and it took: 116183ms
query [26094]: # of matches found 38339 and it took: 116681ms
query [26095]: # of matches found 37039 and it took: 115629ms
query [26096]: # of matches found 36527 and it took: 116325ms
query [26097]: # of matches found 36320 and it took: 116374ms
query [26098]: # of matches found 35769 and it took: 115765ms
query [26099]: # of matches found 35331 and it took: 115699ms
query [26100]: # of matches found 35132 and it took: 116189ms
query [26101]: # of matches found 35125 and it took: 116406ms
query [26102]: # of matches found 35177 and it took: 116663ms
query [26103]: # of matches found 34739 and it took: 115610ms
query [26104]: # of matches found 34630 and it took: 116916ms
query [26105]: # of matches found 34579 and it took: 115825ms
query [26106]: # of matches found 34561 and it took: 116579ms
query [26107]: # of matches found 34309 and it took: 116606ms
query [26108]: # of matches found 33912 and it took: 115924ms
query [26109]: # of matches found 33776 and it took: 117133ms
query [26110]: # of matches found 33445 and it took: 116474ms
query [26111]: # of matches found 33210 and it took: 115883ms
query [26112]: # of matches found 32657 and it took: 116266ms
query [26113]: # of matches found 32375 and it took: 116096ms
query [26114]: # of matches found 30185 and it took: 115878ms
query [26115]: # of matches found 30019 and it took: 115658ms
query [26116]: # of matches found 29877 and it took: 116334ms
query [26117]: # of matches found 29865 and it took: 116362ms
query [26118]: # of matches found 30201 and it took: 115799ms
query [26119]: # of matches found 30318 and it took: 116096ms
query [26120]: # of matches found 30249 and it took: 116203ms
query [26121]: # of matches found 30199 and it took: 116163ms
query [26122]: # of matches found 30524 and it took: 117028ms
query [26123]: # of matches found 36168 and it took: 117362ms
query [26124]: # of matches found 36285 and it took: 117722ms
query [26125]: # of matches found 36384 and it took: 116397ms
query [26126]: # of matches found 36268 and it took: 117692ms
query [26127]: # of matches found 35942 and it took: 117712ms
query [26128]: # of matches found 30361 and it took: 116047ms
query [26129]: # of matches found 30440 and it took: 116887ms
query [26130]: # of matches found 30409 and it took: 117675ms
query [26131]: # of matches found 30376 and it took: 117228ms
query [26132]: # of matches found 30252 and it took: 118441ms
query [26133]: # of matches found 30106 and it took: 116837ms
query [26134]: # of matches found 30070 and it took: 117804ms
query [26135]: # of matches found 30014 and it took: 117006ms
query [26136]: # of matches found 29942 and it took: 117775ms
query [26137]: # of matches found 29912 and it took: 117137ms
query [26138]: # of matches found 30350 and it took: 116462ms
query [26139]: # of matches found 30839 and it took: 117502ms
query [26140]: # of matches found 31104 and it took: 116509ms
query [26141]: # of matches found 31157 and it took: 115981ms
query [26142]: # of matches found 31115 and it took: 116755ms
query [26143]: # of matches found 31117 and it took: 114867ms
query [26144]: # of matches found 31116 and it took: 116093ms
query [26145]: # of matches found 30972 and it took: 115910ms
query [26146]: # of matches found 30943 and it took: 116277ms
query [26147]: # of matches found 30797 and it took: 115493ms
query [26148]: # of matches found 30698 and it took: 114974ms
query [26149]: # of matches found 30677 and it took: 116044ms
query [26150]: # of matches found 30525 and it took: 115258ms
query [26151]: # of matches found 30726 and it took: 115520ms
query [26152]: # of matches found 30871 and it took: 115986ms
query [26153]: # of matches found 31303 and it took: 114963ms
query [26154]: # of matches found 32510 and it took: 115220ms
query [26155]: # of matches found 33379 and it took: 115910ms
query [26156]: # of matches found 36677 and it took: 115544ms
query [26157]: # of matches found 41523 and it took: 115397ms
query [26158]: # of matches found 42055 and it took: 114604ms
query [26159]: # of matches found 42368 and it took: 115281ms
query [26160]: # of matches found 42799 and it took: 114540ms
query [26161]: # of matches found 43245 and it took: 114444ms
query [26162]: # of matches found 43697 and it took: 114863ms
query [26163]: # of matches found 43811 and it took: 113069ms
query [26164]: # of matches found 43840 and it took: 113747ms
query [26165]: # of matches found 43727 and it took: 113730ms
query [26166]: # of matches found 43670 and it took: 113370ms
query [26167]: # of matches found 43726 and it took: 112817ms
query [26168]: # of matches found 43737 and it took: 113119ms
query [26169]: # of matches found 43547 and it took: 113061ms
query [26170]: # of matches found 43521 and it took: 112588ms
query [26171]: # of matches found 43520 and it took: 112805ms
query [26172]: # of matches found 43404 and it took: 112024ms
query [26173]: # of matches found 43240 and it took: 111344ms
query [26174]: # of matches found 43002 and it took: 111655ms
query [26175]: # of matches found 43098 and it took: 112093ms
query [26176]: # of matches found 43068 and it took: 111631ms
query [26177]: # of matches found 43062 and it took: 111469ms
query [26178]: # of matches found 42934 and it took: 111276ms
query [26179]: # of matches found 42675 and it took: 111061ms
query [26180]: # of matches found 42375 and it took: 110367ms
query [26181]: # of matches found 42144 and it took: 109756ms
query [26182]: # of matches found 42104 and it took: 109985ms
query [26183]: # of matches found 41996 and it took: 109410ms
query [26184]: # of matches found 41862 and it took: 109669ms
query [26185]: # of matches found 41713 and it took: 109779ms
query [26186]: # of matches found 41729 and it took: 109350ms
query [26187]: # of matches found 41650 and it took: 109120ms
query [26188]: # of matches found 41566 and it took: 108981ms
query [26189]: # of matches found 41435 and it took: 108724ms
query [26190]: # of matches found 40923 and it took: 108925ms
query [26191]: # of matches found 39885 and it took: 108148ms
query [26192]: # of matches found 44611 and it took: 108336ms
query [26193]: # of matches found 44613 and it took: 107639ms
query [26194]: # of matches found 44708 and it took: 107820ms
query [26195]: # of matches found 44622 and it took: 107973ms
query [26196]: # of matches found 44558 and it took: 107942ms
query [26197]: # of matches found 44632 and it took: 107579ms
query [26198]: # of matches found 44618 and it took: 107686ms
query [26199]: # of matches found 44772 and it took: 106264ms
query [26200]: # of matches found 44837 and it took: 107188ms
query [26201]: # of matches found 44907 and it took: 106470ms
query [26202]: # of matches found 44941 and it took: 106592ms
query [26203]: # of matches found 44954 and it took: 106428ms
query [26204]: # of matches found 44992 and it took: 107201ms
query [26205]: # of matches found 45009 and it took: 106266ms
query [26206]: # of matches found 45074 and it took: 106451ms
query [26207]: # of matches found 45144 and it took: 105946ms
query [26208]: # of matches found 45425 and it took: 106433ms
query [26209]: # of matches found 45458 and it took: 106004ms
query [26210]: # of matches found 45447 and it took: 106653ms
query [26211]: # of matches found 45481 and it took: 106315ms
query [26212]: # of matches found 45503 and it took: 105800ms
query [26213]: # of matches found 45444 and it took: 105878ms
query [26214]: # of matches found 45488 and it took: 105862ms
query [26215]: # of matches found 45444 and it took: 106223ms
query [26216]: # of matches found 45219 and it took: 106337ms
query [26217]: # of matches found 45056 and it took: 106537ms
query [26218]: # of matches found 45044 and it took: 106580ms
query [26219]: # of matches found 44703 and it took: 106284ms
query [26220]: # of matches found 44434 and it took: 107218ms
query [26221]: # of matches found 43907 and it took: 106383ms
query [26222]: # of matches found 43830 and it took: 105938ms
query [26223]: # of matches found 43376 and it took: 105807ms
query [26224]: # of matches found 42738 and it took: 105694ms
query [26225]: # of matches found 42621 and it took: 105760ms
query [26226]: # of matches found 43017 and it took: 105261ms
query [26227]: # of matches found 43087 and it took: 105426ms
query [26228]: # of matches found 43300 and it took: 105756ms
query [26229]: # of matches found 43504 and it took: 105420ms
query [26230]: # of matches found 43656 and it took: 105653ms
query [26231]: # of matches found 44035 and it took: 105528ms
query [26232]: # of matches found 44166 and it took: 104768ms
query [26233]: # of matches found 44290 and it took: 104865ms
query [26234]: # of matches found 44641 and it took: 104925ms
query [26235]: # of matches found 44825 and it took: 105309ms
query [26236]: # of matches found 45029 and it took: 104821ms
query [26237]: # of matches found 45478 and it took: 105131ms
query [26238]: # of matches found 45680 and it took: 105872ms
query [26239]: # of matches found 45875 and it took: 105218ms
query [26240]: # of matches found 45907 and it took: 105469ms
query [26241]: # of matches found 45801 and it took: 105198ms
query [26242]: # of matches found 45905 and it took: 105046ms
query [26243]: # of matches found 45842 and it took: 104991ms
query [26244]: # of matches found 45826 and it took: 105530ms
query [26245]: # of matches found 45709 and it took: 104702ms
query [26246]: # of matches found 45526 and it took: 104557ms
query [26247]: # of matches found 45546 and it took: 105268ms
query [26248]: # of matches found 45656 and it took: 105182ms
query [26249]: # of matches found 45813 and it took: 104902ms
query [26250]: # of matches found 45755 and it took: 105268ms
query [26251]: # of matches found 45672 and it took: 105512ms
query [26252]: # of matches found 45730 and it took: 104914ms
query [26253]: # of matches found 46111 and it took: 104948ms
query [26254]: # of matches found 46586 and it took: 105033ms
query [26255]: # of matches found 46648 and it took: 105893ms
query [26256]: # of matches found 46943 and it took: 105489ms
query [26257]: # of matches found 46900 and it took: 105956ms
query [26258]: # of matches found 46677 and it took: 106272ms
query [26259]: # of matches found 46435 and it took: 105851ms
query [26260]: # of matches found 46683 and it took: 106195ms
query [26261]: # of matches found 46533 and it took: 106774ms
query [26262]: # of matches found 46519 and it took: 106508ms
query [26263]: # of matches found 41124 and it took: 105418ms
query [26264]: # of matches found 41142 and it took: 105543ms
query [26265]: # of matches found 41279 and it took: 106068ms
query [26266]: # of matches found 41802 and it took: 105753ms
query [26267]: # of matches found 41836 and it took: 105890ms
query [26268]: # of matches found 42607 and it took: 106119ms
query [26269]: # of matches found 43061 and it took: 105742ms
query [26270]: # of matches found 43283 and it took: 105585ms
query [26271]: # of matches found 43512 and it took: 106571ms
query [26272]: # of matches found 43573 and it took: 106533ms
query [26273]: # of matches found 43654 and it took: 104883ms
query [26274]: # of matches found 43690 and it took: 105097ms
query [26275]: # of matches found 43694 and it took: 104414ms
query [26276]: # of matches found 43861 and it took: 105595ms
query [26277]: # of matches found 43874 and it took: 105506ms
query [26278]: # of matches found 43553 and it took: 105216ms
query [26279]: # of matches found 43187 and it took: 105214ms
query [26280]: # of matches found 42723 and it took: 105008ms
query [26281]: # of matches found 42557 and it took: 105926ms
query [26282]: # of matches found 42579 and it took: 105264ms
query [26283]: # of matches found 42488 and it took: 104863ms
query [26284]: # of matches found 42615 and it took: 105223ms
query [26285]: # of matches found 42787 and it took: 104489ms
query [26286]: # of matches found 43439 and it took: 105013ms
query [26287]: # of matches found 43865 and it took: 105426ms
query [26288]: # of matches found 44025 and it took: 104962ms
query [26289]: # of matches found 44316 and it took: 105701ms
query [26290]: # of matches found 44601 and it took: 105709ms
query [26291]: # of matches found 45637 and it took: 106260ms
query [26292]: # of matches found 45764 and it took: 105727ms
query [26293]: # of matches found 45623 and it took: 104959ms
query [26294]: # of matches found 44661 and it took: 105769ms
query [26295]: # of matches found 43861 and it took: 105383ms
query [26296]: # of matches found 42079 and it took: 105978ms
query [26297]: # of matches found 36402 and it took: 106201ms
query [26298]: # of matches found 35874 and it took: 105812ms
query [26299]: # of matches found 35720 and it took: 106342ms
query [26300]: # of matches found 35804 and it took: 106140ms
query [26301]: # of matches found 35385 and it took: 106948ms
query [26302]: # of matches found 34833 and it took: 106446ms
query [26303]: # of matches found 34520 and it took: 105371ms
query [26304]: # of matches found 34505 and it took: 105872ms
query [26305]: # of matches found 34426 and it took: 105937ms
query [26306]: # of matches found 34351 and it took: 106800ms
query [26307]: # of matches found 35327 and it took: 106986ms
query [26308]: # of matches found 35266 and it took: 106702ms
query [26309]: # of matches found 35510 and it took: 107181ms
query [26310]: # of matches found 35522 and it took: 106719ms
query [26311]: # of matches found 35595 and it took: 107540ms
query [26312]: # of matches found 35666 and it took: 107294ms
query [26313]: # of matches found 35848 and it took: 105924ms
query [26314]: # of matches found 35871 and it took: 106769ms
query [26315]: # of matches found 35911 and it took: 106369ms
query [26316]: # of matches found 36140 and it took: 106244ms
query [26317]: # of matches found 36523 and it took: 106999ms
query [26318]: # of matches found 36621 and it took: 106453ms
query [26319]: # of matches found 36674 and it took: 107204ms
query [26320]: # of matches found 36849 and it took: 106666ms
query [26321]: # of matches found 36871 and it took: 106982ms
query [26322]: # of matches found 37010 and it took: 106599ms
query [26323]: # of matches found 37136 and it took: 105745ms
query [26324]: # of matches found 37139 and it took: 105450ms
query [26325]: # of matches found 37150 and it took: 105076ms
query [26326]: # of matches found 37103 and it took: 105538ms
query [26327]: # of matches found 37217 and it took: 105886ms
query [26328]: # of matches found 37384 and it took: 106056ms
query [26329]: # of matches found 37500 and it took: 106375ms
query [26330]: # of matches found 37528 and it took: 105834ms
query [26331]: # of matches found 37695 and it took: 105604ms
query [26332]: # of matches found 32735 and it took: 105796ms
query [26333]: # of matches found 32859 and it took: 105479ms
query [26334]: # of matches found 32554 and it took: 105676ms
query [26335]: # of matches found 32732 and it took: 105068ms
query [26336]: # of matches found 33217 and it took: 105115ms
query [26337]: # of matches found 33353 and it took: 105318ms
query [26338]: # of matches found 33551 and it took: 104696ms
query [26339]: # of matches found 34333 and it took: 104604ms
query [26340]: # of matches found 34908 and it took: 104783ms
query [26341]: # of matches found 35545 and it took: 103879ms
query [26342]: # of matches found 36081 and it took: 103945ms
query [26343]: # of matches found 36323 and it took: 103043ms
query [26344]: # of matches found 36600 and it took: 103320ms
query [26345]: # of matches found 37091 and it took: 102627ms
query [26346]: # of matches found 37120 and it took: 102732ms
query [26347]: # of matches found 37242 and it took: 102568ms
query [26348]: # of matches found 37290 and it took: 102703ms
query [26349]: # of matches found 37433 and it took: 102344ms
query [26350]: # of matches found 37830 and it took: 102887ms
query [26351]: # of matches found 38188 and it took: 101425ms
query [26352]: # of matches found 38462 and it took: 101544ms
query [26353]: # of matches found 38859 and it took: 101594ms
query [26354]: # of matches found 40404 and it took: 101205ms
query [26355]: # of matches found 40835 and it took: 100817ms
query [26356]: # of matches found 41140 and it took: 100831ms
query [26357]: # of matches found 41303 and it took: 100523ms
query [26358]: # of matches found 41442 and it took: 99961.2ms
query [26359]: # of matches found 41394 and it took: 99830.7ms
query [26360]: # of matches found 41517 and it took: 100012ms
query [26361]: # of matches found 41516 and it took: 99131.6ms
query [26362]: # of matches found 41806 and it took: 99525.6ms
query [26363]: # of matches found 41951 and it took: 99400.6ms
query [26364]: # of matches found 42026 and it took: 99010ms
query [26365]: # of matches found 42034 and it took: 98264.7ms
query [26366]: # of matches found 41638 and it took: 98617.2ms
query [26367]: # of matches found 42063 and it took: 98265.9ms
query [26368]: # of matches found 42684 and it took: 98223.9ms
query [26369]: # of matches found 43078 and it took: 98201.7ms
query [26370]: # of matches found 43815 and it took: 98245.6ms
query [26371]: # of matches found 43750 and it took: 97569ms
query [26372]: # of matches found 43535 and it took: 97633.5ms
query [26373]: # of matches found 43544 and it took: 97462.2ms
query [26374]: # of matches found 43681 and it took: 97113.5ms
query [26375]: # of matches found 43630 and it took: 97232.9ms
query [26376]: # of matches found 43511 and it took: 97805.1ms
query [26377]: # of matches found 43135 and it took: 97016.1ms
query [26378]: # of matches found 42993 and it took: 97112.2ms
query [26379]: # of matches found 43154 and it took: 97145.4ms
query [26380]: # of matches found 43490 and it took: 97411.8ms
query [26381]: # of matches found 43968 and it took: 97161.4ms
query [26382]: # of matches found 44021 and it took: 97423.4ms
query [26383]: # of matches found 44261 and it took: 97613.3ms
query [26384]: # of matches found 44437 and it took: 97154.7ms
query [26385]: # of matches found 44529 and it took: 97194ms
query [26386]: # of matches found 44615 and it took: 97593.4ms
query [26387]: # of matches found 44924 and it took: 97416.8ms
query [26388]: # of matches found 44854 and it took: 97341.1ms
query [26389]: # of matches found 44764 and it took: 97547ms
query [26390]: # of matches found 44950 and it took: 97816ms
query [26391]: # of matches found 45043 and it took: 97923.2ms
query [26392]: # of matches found 45023 and it took: 99412ms
query [26393]: # of matches found 44579 and it took: 99593.1ms
query [26394]: # of matches found 44123 and it took: 99454.1ms
query [26395]: # of matches found 45658 and it took: 100214ms
query [26396]: # of matches found 45533 and it took: 100675ms
query [26397]: # of matches found 45218 and it took: 101323ms
query [26398]: # of matches found 45395 and it took: 100633ms
query [26399]: # of matches found 45271 and it took: 99302.7ms
query [26400]: # of matches found 45048 and it took: 99233.4ms
query [26401]: # of matches found 44755 and it took: 99776.1ms
query [26402]: # of matches found 44379 and it took: 99987.9ms
query [26403]: # of matches found 43667 and it took: 101130ms
query [26404]: # of matches found 43535 and it took: 100410ms
query [26405]: # of matches found 43347 and it took: 101344ms
query [26406]: # of matches found 43262 and it took: 101332ms
query [26407]: # of matches found 43440 and it took: 101580ms
query [26408]: # of matches found 42748 and it took: 101934ms
query [26409]: # of matches found 42676 and it took: 102868ms
query [26410]: # of matches found 42462 and it took: 101043ms
query [26411]: # of matches found 42400 and it took: 102482ms
query [26412]: # of matches found 42434 and it took: 102375ms
query [26413]: # of matches found 42702 and it took: 102952ms
query [26414]: # of matches found 42840 and it took: 102103ms
query [26415]: # of matches found 42995 and it took: 102663ms
query [26416]: # of matches found 43058 and it took: 102880ms
query [26417]: # of matches found 43084 and it took: 102443ms
query [26418]: # of matches found 43188 and it took: 102651ms
query [26419]: # of matches found 43356 and it took: 101542ms
query [26420]: # of matches found 53797 and it took: 101249ms
query [26421]: # of matches found 53828 and it took: 102282ms
query [26422]: # of matches found 54113 and it took: 103017ms
query [26423]: # of matches found 54370 and it took: 103457ms
query [26424]: # of matches found 54618 and it took: 102820ms
query [26425]: # of matches found 54622 and it took: 103845ms
query [26426]: # of matches found 54498 and it took: 103254ms
query [26427]: # of matches found 54225 and it took: 103059ms
query [26428]: # of matches found 54326 and it took: 103735ms
query [26429]: # of matches found 54299 and it took: 102620ms
query [26430]: # of matches found 54231 and it took: 102215ms
query [26431]: # of matches found 53033 and it took: 103635ms
query [26432]: # of matches found 52924 and it took: 104787ms
query [26433]: # of matches found 52691 and it took: 104814ms
query [26434]: # of matches found 52911 and it took: 103761ms
query [26435]: # of matches found 53026 and it took: 104521ms
query [26436]: # of matches found 52802 and it took: 104624ms
query [26437]: # of matches found 52874 and it took: 104840ms
query [26438]: # of matches found 52199 and it took: 104864ms
query [26439]: # of matches found 51879 and it took: 103025ms
query [26440]: # of matches found 51573 and it took: 102939ms
query [26441]: # of matches found 51142 and it took: 104036ms
query [26442]: # of matches found 50903 and it took: 104063ms
query [26443]: # of matches found 50845 and it took: 104697ms
query [26444]: # of matches found 50762 and it took: 103858ms
query [26445]: # of matches found 50696 and it took: 104784ms
query [26446]: # of matches found 50698 and it took: 104825ms
query [26447]: # of matches found 50727 and it took: 105132ms
query [26448]: # of matches found 49756 and it took: 105264ms
query [26449]: # of matches found 51290 and it took: 104139ms
query [26450]: # of matches found 51280 and it took: 103809ms
query [26451]: # of matches found 51199 and it took: 105183ms
query [26452]: # of matches found 51156 and it took: 104823ms
query [26453]: # of matches found 50928 and it took: 105814ms
query [26454]: # of matches found 50701 and it took: 104486ms
query [26455]: # of matches found 50615 and it took: 105741ms
query [26456]: # of matches found 50288 and it took: 105112ms
query [26457]: # of matches found 49944 and it took: 104818ms
query [26458]: # of matches found 49774 and it took: 105728ms
query [26459]: # of matches found 49717 and it took: 104966ms
query [26460]: # of matches found 49533 and it took: 104332ms
query [26461]: # of matches found 49466 and it took: 105579ms
query [26462]: # of matches found 49415 and it took: 105151ms
query [26463]: # of matches found 49414 and it took: 105954ms
query [26464]: # of matches found 49446 and it took: 106106ms
query [26465]: # of matches found 49440 and it took: 106213ms
query [26466]: # of matches found 49428 and it took: 106170ms
query [26467]: # of matches found 49337 and it took: 105696ms
query [26468]: # of matches found 49474 and it took: 106572ms
query [26469]: # of matches found 49307 and it took: 106186ms
query [26470]: # of matches found 49512 and it took: 106088ms
query [26471]: # of matches found 49617 and it took: 106809ms
query [26472]: # of matches found 49613 and it took: 106324ms
query [26473]: # of matches found 49714 and it took: 107485ms
query [26474]: # of matches found 49822 and it took: 106732ms
query [26475]: # of matches found 49716 and it took: 107776ms
query [26476]: # of matches found 49518 and it took: 107445ms
query [26477]: # of matches found 49942 and it took: 106374ms
query [26478]: # of matches found 49736 and it took: 108481ms
query [26479]: # of matches found 49325 and it took: 107667ms
query [26480]: # of matches found 48911 and it took: 106918ms
query [26481]: # of matches found 48540 and it took: 108612ms
query [26482]: # of matches found 47922 and it took: 107811ms
query [26483]: # of matches found 48252 and it took: 108777ms
query [26484]: # of matches found 48129 and it took: 107661ms
query [26485]: # of matches found 48054 and it took: 108808ms
query [26486]: # of matches found 47723 and it took: 107943ms
query [26487]: # of matches found 47600 and it took: 107271ms
query [26488]: # of matches found 47209 and it took: 108356ms
query [26489]: # of matches found 47253 and it took: 109443ms
query [26490]: # of matches found 46770 and it took: 107057ms
query [26491]: # of matches found 46400 and it took: 108118ms
query [26492]: # of matches found 46236 and it took: 108130ms
query [26493]: # of matches found 45916 and it took: 108942ms
query [26494]: # of matches found 44370 and it took: 108082ms
query [26495]: # of matches found 43817 and it took: 109009ms
query [26496]: # of matches found 43529 and it took: 108778ms
query [26497]: # of matches found 43334 and it took: 108466ms
query [26498]: # of matches found 43224 and it took: 109594ms
query [26499]: # of matches found 43234 and it took: 108882ms
query [26500]: # of matches found 43192 and it took: 108531ms
query [26501]: # of matches found 43338 and it took: 109850ms
query [26502]: # of matches found 43225 and it took: 109485ms
query [26503]: # of matches found 43260 and it took: 109927ms
query [26504]: # of matches found 43234 and it took: 108923ms
query [26505]: # of matches found 43290 and it took: 110555ms
query [26506]: # of matches found 43353 and it took: 109959ms
query [26507]: # of matches found 43009 and it took: 109087ms
query [26508]: # of matches found 42399 and it took: 110463ms
query [26509]: # of matches found 42288 and it took: 109991ms
query [26510]: # of matches found 45371 and it took: 109126ms
query [26511]: # of matches found 45762 and it took: 109975ms
query [26512]: # of matches found 46100 and it took: 109543ms
query [26513]: # of matches found 46470 and it took: 110027ms
query [26514]: # of matches found 46456 and it took: 109293ms
query [26515]: # of matches found 47180 and it took: 109972ms
query [26516]: # of matches found 47469 and it took: 109720ms
query [26517]: # of matches found 49402 and it took: 107444ms
query [26518]: # of matches found 49655 and it took: 109313ms
query [26519]: # of matches found 49707 and it took: 108048ms
query [26520]: # of matches found 49676 and it took: 107502ms
query [26521]: # of matches found 49637 and it took: 107518ms
query [26522]: # of matches found 49645 and it took: 107116ms
query [26523]: # of matches found 49484 and it took: 107444ms
query [26524]: # of matches found 49701 and it took: 106689ms
query [26525]: # of matches found 49593 and it took: 107077ms
query [26526]: # of matches found 49669 and it took: 105970ms
query [26527]: # of matches found 49512 and it took: 105929ms
query [26528]: # of matches found 49653 and it took: 105815ms
query [26529]: # of matches found 49729 and it took: 105114ms
query [26530]: # of matches found 50002 and it took: 104673ms
query [26531]: # of matches found 49997 and it took: 104958ms
query [26532]: # of matches found 50146 and it took: 104419ms
query [26533]: # of matches found 50359 and it took: 104500ms
query [26534]: # of matches found 50490 and it took: 104101ms
query [26535]: # of matches found 49217 and it took: 104674ms
query [26536]: # of matches found 49451 and it took: 104319ms
query [26537]: # of matches found 50277 and it took: 102700ms
query [26538]: # of matches found 60370 and it took: 103573ms
query [26539]: # of matches found 60987 and it took: 103150ms
query [26540]: # of matches found 61135 and it took: 102648ms
query [26541]: # of matches found 61216 and it took: 103149ms
query [26542]: # of matches found 61477 and it took: 102294ms
query [26543]: # of matches found 61507 and it took: 102693ms
query [26544]: # of matches found 61422 and it took: 102184ms
query [26545]: # of matches found 61437 and it took: 102672ms
query [26546]: # of matches found 61377 and it took: 102606ms
query [26547]: # of matches found 61222 and it took: 101784ms
query [26548]: # of matches found 61169 and it took: 102486ms
query [26549]: # of matches found 60997 and it took: 102295ms
query [26550]: # of matches found 60738 and it took: 101802ms
query [26551]: # of matches found 60214 and it took: 102304ms
query [26552]: # of matches found 60170 and it took: 102325ms
query [26553]: # of matches found 60038 and it took: 103504ms
query [26554]: # of matches found 59786 and it took: 102595ms
query [26555]: # of matches found 59675 and it took: 103222ms
query [26556]: # of matches found 59664 and it took: 103019ms
query [26557]: # of matches found 59727 and it took: 102556ms
query [26558]: # of matches found 59828 and it took: 103015ms
query [26559]: # of matches found 59878 and it took: 103169ms
query [26560]: # of matches found 49423 and it took: 101798ms
query [26561]: # of matches found 49494 and it took: 103206ms
query [26562]: # of matches found 49510 and it took: 102385ms
query [26563]: # of matches found 49261 and it took: 102615ms
query [26564]: # of matches found 49131 and it took: 101983ms
query [26565]: # of matches found 49251 and it took: 102616ms
query [26566]: # of matches found 49085 and it took: 102172ms
query [26567]: # of matches found 49022 and it took: 101205ms
query [26568]: # of matches found 49389 and it took: 101564ms
query [26569]: # of matches found 49552 and it took: 102126ms
query [26570]: # of matches found 49537 and it took: 101345ms
query [26571]: # of matches found 49731 and it took: 101617ms
query [26572]: # of matches found 49791 and it took: 101091ms
query [26573]: # of matches found 49948 and it took: 101322ms
query [26574]: # of matches found 50249 and it took: 100739ms
query [26575]: # of matches found 50213 and it took: 100267ms
query [26576]: # of matches found 50079 and it took: 99997.9ms
query [26577]: # of matches found 50112 and it took: 99696ms
query [26578]: # of matches found 50197 and it took: 100074ms
query [26579]: # of matches found 50539 and it took: 100235ms
query [26580]: # of matches found 51163 and it took: 99408.3ms
query [26581]: # of matches found 51630 and it took: 99803.6ms
query [26582]: # of matches found 52655 and it took: 99557.4ms
query [26583]: # of matches found 53075 and it took: 99770.4ms
query [26584]: # of matches found 53049 and it took: 99006.8ms
query [26585]: # of matches found 53285 and it took: 99035.6ms
query [26586]: # of matches found 53351 and it took: 98828.8ms
query [26587]: # of matches found 53448 and it took: 98835.4ms
query [26588]: # of matches found 53514 and it took: 98987ms
query [26589]: # of matches found 53514 and it took: 99384.7ms
query [26590]: # of matches found 51858 and it took: 98905.9ms
query [26591]: # of matches found 51954 and it took: 99552.2ms
query [26592]: # of matches found 52203 and it took: 99265.7ms
query [26593]: # of matches found 52310 and it took: 99527.6ms
query [26594]: # of matches found 52465 and it took: 99057ms
query [26595]: # of matches found 52484 and it took: 99446.7ms
query [26596]: # of matches found 52666 and it took: 99366.7ms
query [26597]: # of matches found 52938 and it took: 99526.6ms
query [26598]: # of matches found 53345 and it took: 99849.8ms
query [26599]: # of matches found 53462 and it took: 100424ms
query [26600]: # of matches found 53509 and it took: 99449.2ms
query [26601]: # of matches found 53656 and it took: 100183ms
query [26602]: # of matches found 53620 and it took: 99731.5ms
query [26603]: # of matches found 53550 and it took: 99847.5ms
query [26604]: # of matches found 53571 and it took: 99390.9ms
query [26605]: # of matches found 53687 and it took: 99853.1ms
query [26606]: # of matches found 53691 and it took: 99760ms
query [26607]: # of matches found 53969 and it took: 99960.4ms
query [26608]: # of matches found 54184 and it took: 100419ms
query [26609]: # of matches found 54157 and it took: 100783ms
query [26610]: # of matches found 54032 and it took: 100820ms
query [26611]: # of matches found 53882 and it took: 100547ms
query [26612]: # of matches found 55332 and it took: 100931ms
query [26613]: # of matches found 55291 and it took: 101214ms
query [26614]: # of matches found 55385 and it took: 100723ms
query [26615]: # of matches found 55605 and it took: 101377ms
query [26616]: # of matches found 55530 and it took: 100903ms
query [26617]: # of matches found 55079 and it took: 100721ms
query [26618]: # of matches found 54948 and it took: 101740ms
query [26619]: # of matches found 54911 and it took: 102330ms
query [26620]: # of matches found 54763 and it took: 101495ms
query [26621]: # of matches found 54456 and it took: 101970ms
query [26622]: # of matches found 54498 and it took: 102392ms
query [26623]: # of matches found 54044 and it took: 102496ms
query [26624]: # of matches found 53999 and it took: 102265ms
query [26625]: # of matches found 53877 and it took: 102799ms
query [26626]: # of matches found 53843 and it took: 102890ms
query [26627]: # of matches found 53823 and it took: 102822ms
query [26628]: # of matches found 53848 and it took: 103531ms
query [26629]: # of matches found 53957 and it took: 103991ms
query [26630]: # of matches found 54133 and it took: 103372ms
query [26631]: # of matches found 54303 and it took: 103595ms
query [26632]: # of matches found 54415 and it took: 104181ms
query [26633]: # of matches found 54584 and it took: 104151ms
query [26634]: # of matches found 54668 and it took: 104628ms
query [26635]: # of matches found 54730 and it took: 104731ms
query [26636]: # of matches found 54707 and it took: 104408ms
query [26637]: # of matches found 54747 and it took: 105269ms
query [26638]: # of matches found 54679 and it took: 105699ms
query [26639]: # of matches found 54640 and it took: 106107ms
query [26640]: # of matches found 54522 and it took: 105024ms
query [26641]: # of matches found 54487 and it took: 105196ms
query [26642]: # of matches found 54437 and it took: 105982ms
query [26643]: # of matches found 54282 and it took: 105568ms
query [26644]: # of matches found 54219 and it took: 105581ms
query [26645]: # of matches found 54175 and it took: 105741ms
query [26646]: # of matches found 54247 and it took: 105589ms
query [26647]: # of matches found 54336 and it took: 105685ms
query [26648]: # of matches found 54458 and it took: 106524ms
query [26649]: # of matches found 53758 and it took: 106695ms
query [26650]: # of matches found 50317 and it took: 105701ms
query [26651]: # of matches found 49800 and it took: 105991ms
query [26652]: # of matches found 49308 and it took: 107174ms
query [26653]: # of matches found 48959 and it took: 106251ms
query [26654]: # of matches found 48497 and it took: 107743ms
query [26655]: # of matches found 48031 and it took: 107258ms
query [26656]: # of matches found 47621 and it took: 107635ms
query [26657]: # of matches found 47287 and it took: 108216ms
query [26658]: # of matches found 46983 and it took: 108178ms
query [26659]: # of matches found 45195 and it took: 108247ms
query [26660]: # of matches found 45240 and it took: 107289ms
query [26661]: # of matches found 45062 and it took: 107993ms
query [26662]: # of matches found 45047 and it took: 108688ms
query [26663]: # of matches found 45061 and it took: 108087ms
query [26664]: # of matches found 44955 and it took: 108597ms
query [26665]: # of matches found 44905 and it took: 108788ms
query [26666]: # of matches found 44769 and it took: 108494ms
query [26667]: # of matches found 44949 and it took: 108567ms
query [26668]: # of matches found 45110 and it took: 108998ms
query [26669]: # of matches found 51308 and it took: 109887ms
query [26670]: # of matches found 51203 and it took: 108373ms
query [26671]: # of matches found 52713 and it took: 108091ms
query [26672]: # of matches found 53020 and it took: 109455ms
query [26673]: # of matches found 53089 and it took: 108173ms
query [26674]: # of matches found 53569 and it took: 108829ms
query [26675]: # of matches found 53940 and it took: 108808ms
query [26676]: # of matches found 53785 and it took: 108613ms
query [26677]: # of matches found 53574 and it took: 108664ms
query [26678]: # of matches found 53146 and it took: 109037ms
query [26679]: # of matches found 42354 and it took: 109013ms
query [26680]: # of matches found 42163 and it took: 108791ms
query [26681]: # of matches found 42404 and it took: 108082ms
query [26682]: # of matches found 42422 and it took: 109068ms
query [26683]: # of matches found 42526 and it took: 108616ms
query [26684]: # of matches found 42489 and it took: 108516ms
query [26685]: # of matches found 42515 and it took: 108770ms
query [26686]: # of matches found 42646 and it took: 108728ms
query [26687]: # of matches found 42534 and it took: 109459ms
query [26688]: # of matches found 42430 and it took: 109243ms
query [26689]: # of matches found 42532 and it took: 108849ms
query [26690]: # of matches found 42575 and it took: 108752ms
query [26691]: # of matches found 42612 and it took: 108811ms
query [26692]: # of matches found 42749 and it took: 109782ms
query [26693]: # of matches found 42725 and it took: 109383ms
query [26694]: # of matches found 42691 and it took: 110082ms
query [26695]: # of matches found 42771 and it took: 110158ms
query [26696]: # of matches found 42611 and it took: 109809ms
query [26697]: # of matches found 42485 and it took: 110477ms
query [26698]: # of matches found 42373 and it took: 110397ms
query [26699]: # of matches found 42281 and it took: 110749ms
query [26700]: # of matches found 42260 and it took: 111005ms
query [26701]: # of matches found 42153 and it took: 110420ms
query [26702]: # of matches found 41996 and it took: 112478ms
query [26703]: # of matches found 42052 and it took: 112418ms
query [26704]: # of matches found 42137 and it took: 111196ms
query [26705]: # of matches found 41981 and it took: 111705ms
query [26706]: # of matches found 41778 and it took: 111810ms
query [26707]: # of matches found 41722 and it took: 111974ms
query [26708]: # of matches found 41418 and it took: 112068ms
query [26709]: # of matches found 40875 and it took: 112438ms
query [26710]: # of matches found 40814 and it took: 112573ms
query [26711]: # of matches found 40596 and it took: 112507ms
query [26712]: # of matches found 40465 and it took: 113299ms
query [26713]: # of matches found 40264 and it took: 112957ms
query [26714]: # of matches found 39869 and it took: 113232ms
query [26715]: # of matches found 39818 and it took: 113151ms
query [26716]: # of matches found 39896 and it took: 112923ms
query [26717]: # of matches found 39787 and it took: 114056ms
query [26718]: # of matches found 39969 and it took: 113935ms
query [26719]: # of matches found 40197 and it took: 114213ms
query [26720]: # of matches found 39854 and it took: 113862ms
query [26721]: # of matches found 39659 and it took: 113608ms
query [26722]: # of matches found 38690 and it took: 113980ms
query [26723]: # of matches found 38218 and it took: 113755ms
query [26724]: # of matches found 46071 and it took: 114051ms
query [26725]: # of matches found 45985 and it took: 113469ms
query [26726]: # of matches found 46001 and it took: 113412ms
query [26727]: # of matches found 46001 and it took: 114096ms
query [26728]: # of matches found 45891 and it took: 114231ms
query [26729]: # of matches found 45813 and it took: 114327ms
query [26730]: # of matches found 46313 and it took: 113903ms
query [26731]: # of matches found 46451 and it took: 113140ms
query [26732]: # of matches found 46472 and it took: 113961ms
query [26733]: # of matches found 46806 and it took: 114066ms
query [26734]: # of matches found 46841 and it took: 114573ms
query [26735]: # of matches found 47040 and it took: 114207ms
query [26736]: # of matches found 47015 and it took: 113614ms
query [26737]: # of matches found 46794 and it took: 114566ms
query [26738]: # of matches found 46439 and it took: 114433ms
query [26739]: # of matches found 46296 and it took: 114778ms
query [26740]: # of matches found 46201 and it took: 114634ms
query [26741]: # of matches found 46400 and it took: 114001ms
query [26742]: # of matches found 46381 and it took: 114396ms
query [26743]: # of matches found 46369 and it took: 115280ms
query [26744]: # of matches found 46336 and it took: 115143ms
query [26745]: # of matches found 46236 and it took: 115272ms
query [26746]: # of matches found 46299 and it took: 115023ms
query [26747]: # of matches found 46110 and it took: 115952ms
query [26748]: # of matches found 45957 and it took: 115404ms
query [26749]: # of matches found 46171 and it took: 115200ms
query [26750]: # of matches found 46091 and it took: 115437ms
query [26751]: # of matches found 46271 and it took: 115156ms
query [26752]: # of matches found 45048 and it took: 115598ms
query [26753]: # of matches found 44946 and it took: 115456ms
query [26754]: # of matches found 44657 and it took: 115150ms
query [26755]: # of matches found 44377 and it took: 114489ms
query [26756]: # of matches found 44342 and it took: 115100ms
query [26757]: # of matches found 44235 and it took: 115492ms
query [26758]: # of matches found 44288 and it took: 114882ms
query [26759]: # of matches found 44218 and it took: 114701ms
query [26760]: # of matches found 44297 and it took: 114741ms
query [26761]: # of matches found 44663 and it took: 114259ms
query [26762]: # of matches found 44520 and it took: 114805ms
query [26763]: # of matches found 44508 and it took: 115111ms
query [26764]: # of matches found 44430 and it took: 114668ms
query [26765]: # of matches found 44481 and it took: 114600ms
query [26766]: # of matches found 44443 and it took: 115724ms
query [26767]: # of matches found 44594 and it took: 115305ms
query [26768]: # of matches found 44708 and it took: 116736ms
query [26769]: # of matches found 44613 and it took: 116589ms
query [26770]: # of matches found 44528 and it took: 116701ms
query [26771]: # of matches found 44252 and it took: 116795ms
query [26772]: # of matches found 44206 and it took: 116830ms
query [26773]: # of matches found 44014 and it took: 117131ms
query [26774]: # of matches found 43951 and it took: 116233ms
query [26775]: # of matches found 43872 and it took: 116032ms
query [26776]: # of matches found 43799 and it took: 117231ms
query [26777]: # of matches found 43686 and it took: 117330ms
query [26778]: # of matches found 44007 and it took: 117244ms
query [26779]: # of matches found 82253 and it took: 117954ms
query [26780]: # of matches found 82388 and it took: 118115ms
query [26781]: # of matches found 82344 and it took: 118974ms
query [26782]: # of matches found 82230 and it took: 118681ms
query [26783]: # of matches found 82542 and it took: 118768ms
query [26784]: # of matches found 82825 and it took: 118020ms
query [26785]: # of matches found 82876 and it took: 117578ms
query [26786]: # of matches found 82857 and it took: 118905ms
query [26787]: # of matches found 82689 and it took: 118005ms
query [26788]: # of matches found 82346 and it took: 117810ms
query [26789]: # of matches found 82338 and it took: 118973ms
query [26790]: # of matches found 82150 and it took: 118256ms
query [26791]: # of matches found 82069 and it took: 118114ms
query [26792]: # of matches found 82112 and it took: 118959ms
query [26793]: # of matches found 81884 and it took: 118663ms
query [26794]: # of matches found 81811 and it took: 118186ms
query [26795]: # of matches found 81617 and it took: 117812ms
query [26796]: # of matches found 81552 and it took: 118960ms
query [26797]: # of matches found 81584 and it took: 119537ms
query [26798]: # of matches found 81547 and it took: 118580ms
query [26799]: # of matches found 81306 and it took: 119108ms
query [26800]: # of matches found 81188 and it took: 117944ms
query [26801]: # of matches found 80811 and it took: 118368ms
query [26802]: # of matches found 80629 and it took: 118335ms
query [26803]: # of matches found 80559 and it took: 118875ms
query [26804]: # of matches found 80497 and it took: 118743ms
query [26805]: # of matches found 80498 and it took: 118583ms
query [26806]: # of matches found 80488 and it took: 119419ms
query [26807]: # of matches found 80359 and it took: 119859ms
query [26808]: # of matches found 80149 and it took: 119628ms
query [26809]: # of matches found 79893 and it took: 120167ms
query [26810]: # of matches found 73542 and it took: 119737ms
query [26811]: # of matches found 71999 and it took: 119754ms
query [26812]: # of matches found 71611 and it took: 120603ms
query [26813]: # of matches found 71332 and it took: 120937ms
query [26814]: # of matches found 71179 and it took: 120587ms
query [26815]: # of matches found 70761 and it took: 120378ms
query [26816]: # of matches found 70554 and it took: 121054ms
query [26817]: # of matches found 70701 and it took: 121163ms
query [26818]: # of matches found 70681 and it took: 121037ms
query [26819]: # of matches found 70847 and it took: 121674ms
query [26820]: # of matches found 71071 and it took: 121051ms
query [26821]: # of matches found 71089 and it took: 121101ms
query [26822]: # of matches found 71013 and it took: 120625ms
query [26823]: # of matches found 71001 and it took: 121299ms
query [26824]: # of matches found 71027 and it took: 120751ms
query [26825]: # of matches found 71156 and it took: 120119ms
query [26826]: # of matches found 71104 and it took: 120489ms
query [26827]: # of matches found 71128 and it took: 120963ms
query [26828]: # of matches found 71159 and it took: 120145ms
query [26829]: # of matches found 71325 and it took: 120509ms
query [26830]: # of matches found 71400 and it took: 119648ms
query [26831]: # of matches found 71555 and it took: 120215ms
query [26832]: # of matches found 71461 and it took: 120076ms
query [26833]: # of matches found 72185 and it took: 120124ms
query [26834]: # of matches found 72216 and it took: 119890ms
query [26835]: # of matches found 72430 and it took: 119505ms
query [26836]: # of matches found 72800 and it took: 120393ms
query [26837]: # of matches found 73165 and it took: 120082ms
query [26838]: # of matches found 73307 and it took: 119737ms
query [26839]: # of matches found 73512 and it took: 120038ms
query [26840]: # of matches found 73738 and it took: 119219ms
query [26841]: # of matches found 73730 and it took: 119538ms
query [26842]: # of matches found 73642 and it took: 120579ms
query [26843]: # of matches found 73561 and it took: 119535ms
query [26844]: # of matches found 73415 and it took: 120094ms
query [26845]: # of matches found 73296 and it took: 119584ms
query [26846]: # of matches found 73199 and it took: 120245ms
query [26847]: # of matches found 72981 and it took: 120170ms
query [26848]: # of matches found 72825 and it took: 119549ms
query [26849]: # of matches found 73368 and it took: 120447ms
query [26850]: # of matches found 73361 and it took: 119675ms
query [26851]: # of matches found 73340 and it took: 120281ms
query [26852]: # of matches found 73339 and it took: 120180ms
query [26853]: # of matches found 73273 and it took: 120350ms
query [26854]: # of matches found 73126 and it took: 121004ms
query [26855]: # of matches found 73026 and it took: 120680ms
query [26856]: # of matches found 73049 and it took: 121470ms
query [26857]: # of matches found 73060 and it took: 122027ms
query [26858]: # of matches found 73164 and it took: 122321ms
query [26859]: # of matches found 73147 and it took: 123122ms
query [26860]: # of matches found 73252 and it took: 122115ms
query [26861]: # of matches found 73354 and it took: 122237ms
query [26862]: # of matches found 73658 and it took: 122479ms
query [26863]: # of matches found 73780 and it took: 122288ms
query [26864]: # of matches found 70302 and it took: 124069ms
query [26865]: # of matches found 70672 and it took: 121992ms
query [26866]: # of matches found 70614 and it took: 123297ms
query [26867]: # of matches found 70610 and it took: 123205ms
query [26868]: # of matches found 70628 and it took: 122860ms
query [26869]: # of matches found 70572 and it took: 124131ms
query [26870]: # of matches found 70057 and it took: 123619ms
query [26871]: # of matches found 69858 and it took: 125098ms
query [26872]: # of matches found 69713 and it took: 124345ms
query [26873]: # of matches found 69606 and it took: 124133ms
query [26874]: # of matches found 69481 and it took: 124653ms
query [26875]: # of matches found 69629 and it took: 123006ms
query [26876]: # of matches found 69866 and it took: 125119ms
query [26877]: # of matches found 70682 and it took: 124663ms
query [26878]: # of matches found 71348 and it took: 124027ms
query [26879]: # of matches found 71508 and it took: 124592ms
query [26880]: # of matches found 71709 and it took: 123481ms
query [26881]: # of matches found 71536 and it took: 124132ms
query [26882]: # of matches found 71876 and it took: 124309ms
query [26883]: # of matches found 72028 and it took: 124338ms
query [26884]: # of matches found 72082 and it took: 124664ms
query [26885]: # of matches found 72217 and it took: 122585ms
query [26886]: # of matches found 72186 and it took: 124178ms
query [26887]: # of matches found 72449 and it took: 123023ms
query [26888]: # of matches found 72459 and it took: 122281ms
query [26889]: # of matches found 72351 and it took: 123666ms
query [26890]: # of matches found 72286 and it took: 123036ms
query [26891]: # of matches found 72072 and it took: 123047ms
query [26892]: # of matches found 71917 and it took: 123133ms
query [26893]: # of matches found 71848 and it took: 122764ms
query [26894]: # of matches found 71852 and it took: 123739ms
query [26895]: # of matches found 71855 and it took: 122464ms
query [26896]: # of matches found 71739 and it took: 123912ms
query [26897]: # of matches found 71905 and it took: 123733ms
query [26898]: # of matches found 71978 and it took: 123418ms
query [26899]: # of matches found 72012 and it took: 123795ms
query [26900]: # of matches found 71976 and it took: 123643ms
query [26901]: # of matches found 71732 and it took: 123101ms
query [26902]: # of matches found 71813 and it took: 123557ms
query [26903]: # of matches found 72025 and it took: 123226ms
query [26904]: # of matches found 72245 and it took: 124072ms
query [26905]: # of matches found 72126 and it took: 122338ms
query [26906]: # of matches found 72242 and it took: 123524ms
query [26907]: # of matches found 72311 and it took: 122660ms
query [26908]: # of matches found 72484 and it took: 122293ms
query [26909]: # of matches found 72673 and it took: 122731ms
query [26910]: # of matches found 72734 and it took: 120785ms
query [26911]: # of matches found 72880 and it took: 121928ms
query [26912]: # of matches found 73108 and it took: 121704ms
query [26913]: # of matches found 73909 and it took: 120506ms
query [26914]: # of matches found 74088 and it took: 121879ms
query [26915]: # of matches found 74459 and it took: 121268ms
query [26916]: # of matches found 74487 and it took: 121739ms
query [26917]: # of matches found 74551 and it took: 120904ms
query [26918]: # of matches found 74969 and it took: 120045ms
query [26919]: # of matches found 32394 and it took: 120792ms
query [26920]: # of matches found 32197 and it took: 118992ms
query [26921]: # of matches found 32138 and it took: 120427ms
query [26922]: # of matches found 32146 and it took: 120456ms
query [26923]: # of matches found 31883 and it took: 119795ms
query [26924]: # of matches found 31757 and it took: 120868ms
query [26925]: # of matches found 31693 and it took: 119646ms
query [26926]: # of matches found 31633 and it took: 120364ms
query [26927]: # of matches found 31603 and it took: 119582ms
query [26928]: # of matches found 31645 and it took: 119238ms
query [26929]: # of matches found 31709 and it took: 121125ms
query [26930]: # of matches found 31851 and it took: 118478ms
query [26931]: # of matches found 32390 and it took: 119914ms
query [26932]: # of matches found 32339 and it took: 119215ms
query [26933]: # of matches found 32239 and it took: 119095ms
query [26934]: # of matches found 32362 and it took: 121749ms
query [26935]: # of matches found 32481 and it took: 120023ms
query [26936]: # of matches found 32555 and it took: 120989ms
query [26937]: # of matches found 32547 and it took: 120263ms
query [26938]: # of matches found 32529 and it took: 119907ms
query [26939]: # of matches found 32582 and it took: 120546ms
query [26940]: # of matches found 32684 and it took: 118901ms
query [26941]: # of matches found 32697 and it took: 120183ms
query [26942]: # of matches found 32688 and it took: 120294ms
query [26943]: # of matches found 32788 and it took: 119760ms
query [26944]: # of matches found 32770 and it took: 120835ms
query [26945]: # of matches found 32911 and it took: 120889ms
query [26946]: # of matches found 32887 and it took: 120613ms
query [26947]: # of matches found 32946 and it took: 120470ms
query [26948]: # of matches found 32869 and it took: 120643ms
query [26949]: # of matches found 32874 and it took: 121243ms
query [26950]: # of matches found 32787 and it took: 119774ms
query [26951]: # of matches found 32824 and it took: 120657ms
query [26952]: # of matches found 32817 and it took: 120162ms
query [26953]: # of matches found 32868 and it took: 120533ms
query [26954]: # of matches found 32923 and it took: 121179ms
query [26955]: # of matches found 32918 and it took: 119617ms
query [26956]: # of matches found 33445 and it took: 120727ms
query [26957]: # of matches found 33420 and it took: 120455ms
query [26958]: # of matches found 33677 and it took: 120107ms
query [26959]: # of matches found 33749 and it took: 120349ms
query [26960]: # of matches found 33374 and it took: 119264ms
query [26961]: # of matches found 33307 and it took: 119676ms
query [26962]: # of matches found 33321 and it took: 118796ms
query [26963]: # of matches found 33225 and it took: 119192ms
query [26964]: # of matches found 33146 and it took: 119913ms
query [26965]: # of matches found 32874 and it took: 119380ms
query [26966]: # of matches found 32769 and it took: 120825ms
query [26967]: # of matches found 32709 and it took: 120378ms
query [26968]: # of matches found 32779 and it took: 120093ms
query [26969]: # of matches found 32563 and it took: 119914ms
query [26970]: # of matches found 32475 and it took: 118913ms
query [26971]: # of matches found 32252 and it took: 119855ms
query [26972]: # of matches found 32293 and it took: 119339ms
query [26973]: # of matches found 31532 and it took: 119910ms
query [26974]: # of matches found 31480 and it took: 119744ms
query [26975]: # of matches found 31471 and it took: 119497ms
query [26976]: # of matches found 31071 and it took: 120556ms
query [26977]: # of matches found 30982 and it took: 120208ms
query [26978]: # of matches found 30510 and it took: 119504ms
query [26979]: # of matches found 30258 and it took: 119253ms
query [26980]: # of matches found 30023 and it took: 118072ms
query [26981]: # of matches found 30052 and it took: 119429ms
query [26982]: # of matches found 30132 and it took: 118723ms
query [26983]: # of matches found 30352 and it took: 119243ms
query [26984]: # of matches found 30359 and it took: 118749ms
query [26985]: # of matches found 30412 and it took: 118259ms
query [26986]: # of matches found 30508 and it took: 119341ms
query [26987]: # of matches found 30592 and it took: 118679ms
query [26988]: # of matches found 30788 and it took: 118934ms
query [26989]: # of matches found 31194 and it took: 119020ms
query [26990]: # of matches found 31351 and it took: 117557ms
query [26991]: # of matches found 31718 and it took: 118001ms
query [26992]: # of matches found 32134 and it took: 117300ms
query [26993]: # of matches found 32397 and it took: 117348ms
query [26994]: # of matches found 32971 and it took: 117139ms
query [26995]: # of matches found 33147 and it took: 116489ms
query [26996]: # of matches found 33268 and it took: 116976ms
query [26997]: # of matches found 33245 and it took: 116892ms
query [26998]: # of matches found 33176 and it took: 117081ms
query [26999]: # of matches found 32939 and it took: 116826ms
PARMIK's matches per query up to q (1000) => [average: 48153, median: 45657, sum: 48153354]
Starting alignment for all queries [rev]...
queryBaseIndex: 26000
query [26000]: # of matches found 43686 and it took: 110322ms
query [26001]: # of matches found 43721 and it took: 110224ms
query [26002]: # of matches found 43768 and it took: 111251ms
query [26003]: # of matches found 43728 and it took: 110412ms
query [26004]: # of matches found 43363 and it took: 111092ms
query [26005]: # of matches found 43512 and it took: 110634ms
query [26006]: # of matches found 43472 and it took: 110419ms
query [26007]: # of matches found 43427 and it took: 110428ms
query [26008]: # of matches found 43304 and it took: 110634ms
query [26009]: # of matches found 43294 and it took: 110887ms
query [26010]: # of matches found 43129 and it took: 110508ms
query [26011]: # of matches found 42807 and it took: 110108ms
query [26012]: # of matches found 42849 and it took: 111211ms
query [26013]: # of matches found 42745 and it took: 110233ms
query [26014]: # of matches found 42863 and it took: 111167ms
query [26015]: # of matches found 42946 and it took: 111494ms
query [26016]: # of matches found 42943 and it took: 110326ms
query [26017]: # of matches found 43151 and it took: 110151ms
query [26018]: # of matches found 43138 and it took: 111204ms
query [26019]: # of matches found 43299 and it took: 110271ms
query [26020]: # of matches found 43321 and it took: 109945ms
query [26021]: # of matches found 43406 and it took: 109839ms
query [26022]: # of matches found 43466 and it took: 111495ms
query [26023]: # of matches found 43321 and it took: 110452ms
query [26024]: # of matches found 43079 and it took: 111015ms
query [26025]: # of matches found 43062 and it took: 110737ms
query [26026]: # of matches found 43177 and it took: 110333ms
query [26027]: # of matches found 43114 and it took: 109933ms
query [26028]: # of matches found 43180 and it took: 110169ms
query [26029]: # of matches found 43183 and it took: 110684ms
query [26030]: # of matches found 43262 and it took: 109380ms
query [26031]: # of matches found 43365 and it took: 109469ms
query [26032]: # of matches found 43395 and it took: 110477ms
query [26033]: # of matches found 43530 and it took: 109580ms
query [26034]: # of matches found 43962 and it took: 110552ms
query [26035]: # of matches found 43947 and it took: 110079ms
query [26036]: # of matches found 43997 and it took: 110045ms
query [26037]: # of matches found 44046 and it took: 108954ms
query [26038]: # of matches found 44180 and it took: 109858ms
query [26039]: # of matches found 44422 and it took: 109948ms
query [26040]: # of matches found 44551 and it took: 109045ms
query [26041]: # of matches found 44612 and it took: 109377ms
query [26042]: # of matches found 44467 and it took: 110140ms
query [26043]: # of matches found 43367 and it took: 109491ms
query [26044]: # of matches found 43482 and it took: 110322ms
query [26045]: # of matches found 43538 and it took: 110119ms
query [26046]: # of matches found 43543 and it took: 110166ms
query [26047]: # of matches found 43686 and it took: 109013ms
query [26048]: # of matches found 43832 and it took: 109716ms
query [26049]: # of matches found 43912 and it took: 109660ms
query [26050]: # of matches found 44563 and it took: 108736ms
query [26051]: # of matches found 45722 and it took: 109263ms
query [26052]: # of matches found 46135 and it took: 109170ms
query [26053]: # of matches found 46121 and it took: 108952ms
query [26054]: # of matches found 46117 and it took: 109655ms
query [26055]: # of matches found 46115 and it took: 109659ms
query [26056]: # of matches found 46064 and it took: 109798ms
query [26057]: # of matches found 46022 and it took: 109184ms
query [26058]: # of matches found 45955 and it took: 109754ms
query [26059]: # of matches found 45629 and it took: 110178ms
query [26060]: # of matches found 45272 and it took: 109026ms
query [26061]: # of matches found 44988 and it took: 110388ms
query [26062]: # of matches found 44642 and it took: 110602ms
query [26063]: # of matches found 44544 and it took: 110644ms
query [26064]: # of matches found 44437 and it took: 111477ms
query [26065]: # of matches found 44357 and it took: 110933ms
query [26066]: # of matches found 44100 and it took: 111857ms
query [26067]: # of matches found 44010 and it took: 110892ms
query [26068]: # of matches found 44030 and it took: 112328ms
query [26069]: # of matches found 44109 and it took: 112123ms
query [26070]: # of matches found 44268 and it took: 111152ms
query [26071]: # of matches found 44342 and it took: 112041ms
query [26072]: # of matches found 44155 and it took: 112282ms
query [26073]: # of matches found 44174 and it took: 112257ms
query [26074]: # of matches found 44208 and it took: 112988ms
query [26075]: # of matches found 43539 and it took: 111895ms
query [26076]: # of matches found 42865 and it took: 114430ms
query [26077]: # of matches found 42398 and it took: 111990ms
query [26078]: # of matches found 41527 and it took: 113459ms
query [26079]: # of matches found 39673 and it took: 113228ms
query [26080]: # of matches found 39256 and it took: 112607ms
query [26081]: # of matches found 39121 and it took: 113962ms
query [26082]: # of matches found 38898 and it took: 113638ms
query [26083]: # of matches found 38671 and it took: 113960ms
query [26084]: # of matches found 38987 and it took: 114749ms
query [26085]: # of matches found 38805 and it took: 114418ms
query [26086]: # of matches found 38611 and it took: 114717ms
query [26087]: # of matches found 38464 and it took: 114366ms
query [26088]: # of matches found 38356 and it took: 114844ms
query [26089]: # of matches found 37866 and it took: 114849ms
query [26090]: # of matches found 37383 and it took: 114545ms
query [26091]: # of matches found 37098 and it took: 116026ms
query [26092]: # of matches found 36490 and it took: 115626ms
query [26093]: # of matches found 35916 and it took: 116078ms
query [26094]: # of matches found 35281 and it took: 117222ms
query [26095]: # of matches found 34202 and it took: 116361ms
query [26096]: # of matches found 33715 and it took: 117138ms
query [26097]: # of matches found 33515 and it took: 115530ms
query [26098]: # of matches found 32951 and it took: 117360ms
query [26099]: # of matches found 32490 and it took: 116355ms
query [26100]: # of matches found 32266 and it took: 116481ms
query [26101]: # of matches found 32272 and it took: 117268ms
query [26102]: # of matches found 32247 and it took: 117281ms
query [26103]: # of matches found 31824 and it took: 116765ms
query [26104]: # of matches found 31715 and it took: 117667ms
query [26105]: # of matches found 31683 and it took: 116933ms
query [26106]: # of matches found 31667 and it took: 117298ms
query [26107]: # of matches found 31428 and it took: 116481ms
query [26108]: # of matches found 31033 and it took: 118317ms
query [26109]: # of matches found 30912 and it took: 117387ms
query [26110]: # of matches found 30636 and it took: 116370ms
query [26111]: # of matches found 30336 and it took: 117445ms
query [26112]: # of matches found 29751 and it took: 117135ms
query [26113]: # of matches found 29545 and it took: 117079ms
query [26114]: # of matches found 28837 and it took: 118189ms
query [26115]: # of matches found 28679 and it took: 117099ms
query [26116]: # of matches found 28542 and it took: 117403ms
query [26117]: # of matches found 28581 and it took: 116252ms
query [26118]: # of matches found 28877 and it took: 117862ms
query [26119]: # of matches found 28913 and it took: 116723ms
query [26120]: # of matches found 28573 and it took: 116040ms
query [26121]: # of matches found 28496 and it took: 117291ms
query [26122]: # of matches found 28695 and it took: 116770ms
query [26123]: # of matches found 29136 and it took: 117415ms
query [26124]: # of matches found 29180 and it took: 118327ms
query [26125]: # of matches found 29251 and it took: 117874ms
query [26126]: # of matches found 29088 and it took: 117729ms
query [26127]: # of matches found 28701 and it took: 116927ms
query [26128]: # of matches found 24790 and it took: 118548ms
query [26129]: # of matches found 24757 and it took: 117663ms
query [26130]: # of matches found 24743 and it took: 116411ms
query [26131]: # of matches found 24737 and it took: 118449ms
query [26132]: # of matches found 24583 and it took: 118294ms
query [26133]: # of matches found 24433 and it took: 118769ms
query [26134]: # of matches found 24408 and it took: 118434ms
query [26135]: # of matches found 24328 and it took: 118109ms
query [26136]: # of matches found 24263 and it took: 117563ms
query [26137]: # of matches found 24215 and it took: 117733ms
query [26138]: # of matches found 24657 and it took: 118833ms
query [26139]: # of matches found 25117 and it took: 117085ms
query [26140]: # of matches found 25318 and it took: 116731ms
query [26141]: # of matches found 25347 and it took: 117586ms
query [26142]: # of matches found 25310 and it took: 116663ms
query [26143]: # of matches found 25248 and it took: 116500ms
query [26144]: # of matches found 25220 and it took: 117002ms
query [26145]: # of matches found 25039 and it took: 115763ms
query [26146]: # of matches found 25005 and it took: 115660ms
query [26147]: # of matches found 24853 and it took: 116167ms
query [26148]: # of matches found 24820 and it took: 117143ms
query [26149]: # of matches found 24808 and it took: 116482ms
query [26150]: # of matches found 24697 and it took: 115057ms
query [26151]: # of matches found 24882 and it took: 116713ms
query [26152]: # of matches found 25033 and it took: 116136ms
query [26153]: # of matches found 25507 and it took: 114964ms
query [26154]: # of matches found 27394 and it took: 114881ms
query [26155]: # of matches found 28250 and it took: 114262ms
query [26156]: # of matches found 32215 and it took: 114404ms
query [26157]: # of matches found 41563 and it took: 114759ms
query [26158]: # of matches found 42402 and it took: 114699ms
query [26159]: # of matches found 42748 and it took: 114146ms
query [26160]: # of matches found 43387 and it took: 114170ms
query [26161]: # of matches found 43836 and it took: 113746ms
query [26162]: # of matches found 44348 and it took: 114230ms
query [26163]: # of matches found 44492 and it took: 113323ms
query [26164]: # of matches found 44573 and it took: 113840ms
query [26165]: # of matches found 44580 and it took: 112789ms
query [26166]: # of matches found 44476 and it took: 112439ms
query [26167]: # of matches found 44532 and it took: 112836ms
query [26168]: # of matches found 44549 and it took: 112909ms
query [26169]: # of matches found 44511 and it took: 112742ms
query [26170]: # of matches found 45821 and it took: 112657ms
query [26171]: # of matches found 48125 and it took: 112255ms
query [26172]: # of matches found 56708 and it took: 112718ms
query [26173]: # of matches found 56743 and it took: 111584ms
query [26174]: # of matches found 56430 and it took: 111660ms
query [26175]: # of matches found 56493 and it took: 111417ms
query [26176]: # of matches found 56455 and it took: 111339ms
query [26177]: # of matches found 56425 and it took: 111843ms
query [26178]: # of matches found 56374 and it took: 111475ms
query [26179]: # of matches found 56125 and it took: 110998ms
query [26180]: # of matches found 55733 and it took: 111409ms
query [26181]: # of matches found 55544 and it took: 111043ms
query [26182]: # of matches found 55495 and it took: 110921ms
query [26183]: # of matches found 55394 and it took: 110472ms
query [26184]: # of matches found 55282 and it took: 110386ms
query [26185]: # of matches found 55103 and it took: 110135ms
query [26186]: # of matches found 55117 and it took: 109969ms
query [26187]: # of matches found 55071 and it took: 110509ms
query [26188]: # of matches found 54817 and it took: 110706ms
query [26189]: # of matches found 54727 and it took: 110282ms
query [26190]: # of matches found 54161 and it took: 113596ms
query [26191]: # of matches found 52938 and it took: 111063ms
query [26192]: # of matches found 57491 and it took: 109782ms
query [26193]: # of matches found 57477 and it took: 109403ms
query [26194]: # of matches found 57510 and it took: 109390ms
query [26195]: # of matches found 57399 and it took: 107847ms
query [26196]: # of matches found 57400 and it took: 108315ms
query [26197]: # of matches found 57484 and it took: 108350ms
query [26198]: # of matches found 57453 and it took: 108157ms
query [26199]: # of matches found 57680 and it took: 107913ms
query [26200]: # of matches found 57750 and it took: 108281ms
query [26201]: # of matches found 57831 and it took: 108032ms
query [26202]: # of matches found 57861 and it took: 108340ms
query [26203]: # of matches found 57874 and it took: 107944ms
query [26204]: # of matches found 57677 and it took: 107605ms
query [26205]: # of matches found 57706 and it took: 108097ms
query [26206]: # of matches found 57768 and it took: 107288ms
query [26207]: # of matches found 57856 and it took: 107399ms
query [26208]: # of matches found 58104 and it took: 107250ms
query [26209]: # of matches found 58175 and it took: 107234ms
query [26210]: # of matches found 58129 and it took: 108306ms
query [26211]: # of matches found 58180 and it took: 107371ms
query [26212]: # of matches found 58151 and it took: 107543ms
query [26213]: # of matches found 58096 and it took: 107983ms
query [26214]: # of matches found 58154 and it took: 106958ms
query [26215]: # of matches found 58057 and it took: 106544ms
query [26216]: # of matches found 57882 and it took: 106516ms
query [26217]: # of matches found 57879 and it took: 106705ms
query [26218]: # of matches found 57850 and it took: 106934ms
query [26219]: # of matches found 57564 and it took: 107039ms
query [26220]: # of matches found 57565 and it took: 107548ms
query [26221]: # of matches found 57054 and it took: 106528ms
query [26222]: # of matches found 56981 and it took: 107282ms
query [26223]: # of matches found 56660 and it took: 107342ms
query [26224]: # of matches found 56038 and it took: 107586ms
query [26225]: # of matches found 55980 and it took: 106992ms
query [26226]: # of matches found 56580 and it took: 107073ms
query [26227]: # of matches found 56637 and it took: 106834ms
query [26228]: # of matches found 56857 and it took: 107094ms
query [26229]: # of matches found 57077 and it took: 107141ms
query [26230]: # of matches found 57238 and it took: 107519ms
query [26231]: # of matches found 58116 and it took: 106770ms
query [26232]: # of matches found 58209 and it took: 107720ms
query [26233]: # of matches found 58353 and it took: 107463ms
query [26234]: # of matches found 58642 and it took: 107154ms
query [26235]: # of matches found 58803 and it took: 107018ms
query [26236]: # of matches found 59053 and it took: 106721ms
query [26237]: # of matches found 59434 and it took: 106959ms
query [26238]: # of matches found 59635 and it took: 106682ms
query [26239]: # of matches found 59872 and it took: 107139ms
query [26240]: # of matches found 59917 and it took: 107040ms
query [26241]: # of matches found 59838 and it took: 107031ms
query [26242]: # of matches found 59909 and it took: 107766ms
query [26243]: # of matches found 59876 and it took: 107752ms
query [26244]: # of matches found 59848 and it took: 107583ms
query [26245]: # of matches found 59724 and it took: 106845ms
query [26246]: # of matches found 59535 and it took: 107204ms
query [26247]: # of matches found 59595 and it took: 107330ms
query [26248]: # of matches found 59708 and it took: 107196ms
query [26249]: # of matches found 60071 and it took: 107221ms
query [26250]: # of matches found 59969 and it took: 107195ms
query [26251]: # of matches found 59921 and it took: 107581ms
query [26252]: # of matches found 59980 and it took: 108179ms
query [26253]: # of matches found 60657 and it took: 108461ms
query [26254]: # of matches found 61155 and it took: 107608ms
query [26255]: # of matches found 61301 and it took: 107293ms
query [26256]: # of matches found 61638 and it took: 107279ms
query [26257]: # of matches found 61579 and it took: 107011ms
query [26258]: # of matches found 61412 and it took: 107391ms
query [26259]: # of matches found 61314 and it took: 107590ms
query [26260]: # of matches found 62438 and it took: 107646ms
query [26261]: # of matches found 62578 and it took: 107385ms
query [26262]: # of matches found 62766 and it took: 107680ms
query [26263]: # of matches found 63617 and it took: 108103ms
query [26264]: # of matches found 63919 and it took: 107518ms
query [26265]: # of matches found 64401 and it took: 107104ms
query [26266]: # of matches found 64860 and it took: 106871ms
query [26267]: # of matches found 64905 and it took: 106020ms
query [26268]: # of matches found 65149 and it took: 106083ms
query [26269]: # of matches found 65795 and it took: 106690ms
query [26270]: # of matches found 66007 and it took: 106160ms
query [26271]: # of matches found 66255 and it took: 106272ms
query [26272]: # of matches found 66320 and it took: 106182ms
query [26273]: # of matches found 66368 and it took: 106704ms
query [26274]: # of matches found 66424 and it took: 106220ms
query [26275]: # of matches found 66427 and it took: 105720ms
query [26276]: # of matches found 66529 and it took: 105756ms
query [26277]: # of matches found 66594 and it took: 105385ms
query [26278]: # of matches found 66218 and it took: 105885ms
query [26279]: # of matches found 65902 and it took: 106297ms
query [26280]: # of matches found 65572 and it took: 106556ms
query [26281]: # of matches found 65545 and it took: 106440ms
query [26282]: # of matches found 65639 and it took: 106565ms
query [26283]: # of matches found 65706 and it took: 106844ms
query [26284]: # of matches found 65847 and it took: 106767ms
query [26285]: # of matches found 66701 and it took: 105756ms
query [26286]: # of matches found 67441 and it took: 106108ms
query [26287]: # of matches found 69887 and it took: 105609ms
query [26288]: # of matches found 70356 and it took: 106000ms
query [26289]: # of matches found 70722 and it took: 106413ms
query [26290]: # of matches found 70957 and it took: 106306ms
query [26291]: # of matches found 71929 and it took: 106537ms
query [26292]: # of matches found 72042 and it took: 106846ms
query [26293]: # of matches found 71951 and it took: 107265ms
query [26294]: # of matches found 70507 and it took: 107190ms
query [26295]: # of matches found 69860 and it took: 106515ms
query [26296]: # of matches found 67582 and it took: 106897ms
query [26297]: # of matches found 57294 and it took: 106805ms
query [26298]: # of matches found 56960 and it took: 106459ms
query [26299]: # of matches found 56843 and it took: 107210ms
query [26300]: # of matches found 56712 and it took: 106951ms
query [26301]: # of matches found 56312 and it took: 107307ms
query [26302]: # of matches found 55629 and it took: 107413ms
query [26303]: # of matches found 55388 and it took: 107958ms
query [26304]: # of matches found 55278 and it took: 107951ms
query [26305]: # of matches found 55102 and it took: 107191ms
query [26306]: # of matches found 55012 and it took: 107750ms
query [26307]: # of matches found 55466 and it took: 106874ms
query [26308]: # of matches found 55400 and it took: 107140ms
query [26309]: # of matches found 55586 and it took: 107293ms
query [26310]: # of matches found 55501 and it took: 106992ms
query [26311]: # of matches found 53428 and it took: 107479ms
query [26312]: # of matches found 43350 and it took: 107413ms
query [26313]: # of matches found 43516 and it took: 107805ms
query [26314]: # of matches found 43583 and it took: 108172ms
query [26315]: # of matches found 43678 and it took: 107144ms
query [26316]: # of matches found 43874 and it took: 107200ms
query [26317]: # of matches found 44361 and it took: 107091ms
query [26318]: # of matches found 44710 and it took: 107427ms
query [26319]: # of matches found 44795 and it took: 107166ms
query [26320]: # of matches found 44974 and it took: 107135ms
query [26321]: # of matches found 45021 and it took: 107211ms
query [26322]: # of matches found 45175 and it took: 107590ms
query [26323]: # of matches found 45336 and it took: 107597ms
query [26324]: # of matches found 45457 and it took: 107234ms
query [26325]: # of matches found 45474 and it took: 106655ms
query [26326]: # of matches found 45453 and it took: 106453ms
query [26327]: # of matches found 45491 and it took: 106353ms
query [26328]: # of matches found 45626 and it took: 106822ms
query [26329]: # of matches found 45736 and it took: 106682ms
query [26330]: # of matches found 45793 and it took: 106842ms
query [26331]: # of matches found 45933 and it took: 107557ms
query [26332]: # of matches found 40981 and it took: 107094ms
query [26333]: # of matches found 41112 and it took: 107092ms
query [26334]: # of matches found 40851 and it took: 106925ms
query [26335]: # of matches found 41018 and it took: 106042ms
query [26336]: # of matches found 41586 and it took: 106418ms
query [26337]: # of matches found 41705 and it took: 106138ms
query [26338]: # of matches found 41836 and it took: 105901ms
query [26339]: # of matches found 42415 and it took: 105244ms
query [26340]: # of matches found 42930 and it took: 105004ms
query [26341]: # of matches found 43553 and it took: 105541ms
query [26342]: # of matches found 44094 and it took: 105237ms
query [26343]: # of matches found 44328 and it took: 105026ms
query [26344]: # of matches found 44606 and it took: 105043ms
query [26345]: # of matches found 45109 and it took: 104618ms
query [26346]: # of matches found 45163 and it took: 104672ms
query [26347]: # of matches found 45366 and it took: 104144ms
query [26348]: # of matches found 45613 and it took: 104394ms
query [26349]: # of matches found 45730 and it took: 103896ms
query [26350]: # of matches found 46416 and it took: 103140ms
query [26351]: # of matches found 46778 and it took: 103228ms
query [26352]: # of matches found 47054 and it took: 103020ms
query [26353]: # of matches found 47838 and it took: 102771ms
query [26354]: # of matches found 51378 and it took: 102603ms
query [26355]: # of matches found 52105 and it took: 102179ms
query [26356]: # of matches found 52840 and it took: 102009ms
query [26357]: # of matches found 53038 and it took: 101702ms
query [26358]: # of matches found 53168 and it took: 101637ms
query [26359]: # of matches found 53150 and it took: 101422ms
query [26360]: # of matches found 52989 and it took: 101358ms
query [26361]: # of matches found 52999 and it took: 101007ms
query [26362]: # of matches found 53274 and it took: 101338ms
query [26363]: # of matches found 53366 and it took: 100642ms
query [26364]: # of matches found 53512 and it took: 100950ms
