no kmerRangesFileAddressArg!
no baselineBaseAddress!
no otherToolArg!
**********************CONFIGURATIONS*****************************
PARMIK mode:                  3
readDatabaseAddress:          /p/lava/parmik/partialMatcherProject/datasets/metagenomicDB/SRR14381425/SRR14381425_reads
readFileName:                 SRR14381425_reads
queryFileAddress:             /p/lava/parmik/partialMatcherProject/datasets/queryFiles/covidQueryFiles/NC_045512_chunks/NC_045512_queries_27000-27999
queryFileName:                NC_045512_queries_27000-27999
otherToolOutputFileAddress:   /u/rgq5aw/GIT/PARMIK/partialMatcherProject/tools/blast/SRR14381425/NC_045512/blastn_ws30_results.out
outputDir:                    /p/lava/parmik/partialMatcherProject/tools/baseline_ssw/SRR14381425/NC_045512
penaltyFileAddress:           /u/rgq5aw/GIT/PARMIK/experiments/parmik/CK_SSW_ID_PRCNTG/PenaltySets/2484_1111_2444_2288_2848
kmerRangesFileAddress:        
readsCount:                   17000000
queryCount:                   30000
kmerLength:                   11
regionSize:                   48
cheapKmerThreshold:           0
identityPercentage:           0.85
minExactMatchLen:             0
minNumExactMatchKmer:         0
isIndexOffline:               1
offlineIndexAddress:          /p/lava/parmik/partialMatcherProject/tools/parmik/CK_INDEX/SRR14381425/
baselineBaseAddress:          
max editDistance in min region: 2
**********************CONFIGURATIONS*****************************
--------------Penalties--------------
m: 2, s: 4, go: 8, ge: 4
m: 1, s: 1, go: 1, ge: 1
m: 2, s: 4, go: 4, ge: 4
m: 2, s: 2, go: 8, ge: 8
m: 2, s: 8, go: 4, ge: 8
------------------------------------
numberOfReadsWithN : 0
queryCount : 1000
numberOfReadsWithN : 0
readCount : 17000000
offlineCheapIndexAddress: /p/lava/parmik/partialMatcherProject/tools/parmik/CK_INDEX/SRR14381425/ck_T0_K11_r17000000
pmrkAlignmentsAddress: /p/lava/parmik/partialMatcherProject/tools/baseline_ssw/SRR14381425/NC_045512/aln/pmAln_R48_PI85_L0_M0_E2_K11_T0_P_2484_1111_2444_2288_2848.txt
Starting alignment for all queries [fwd]...
queryBaseIndex: 27000
query [27000]: # of matches found 33583 and it took: 107159ms
query [27001]: # of matches found 33436 and it took: 108230ms
query [27002]: # of matches found 33129 and it took: 106856ms
query [27003]: # of matches found 33005 and it took: 107325ms
query [27004]: # of matches found 32657 and it took: 107350ms
query [27005]: # of matches found 32300 and it took: 106624ms
query [27006]: # of matches found 32133 and it took: 107082ms
query [27007]: # of matches found 32110 and it took: 107728ms
query [27008]: # of matches found 32124 and it took: 106601ms
query [27009]: # of matches found 32267 and it took: 107018ms
query [27010]: # of matches found 32462 and it took: 106398ms
query [27011]: # of matches found 32493 and it took: 106583ms
query [27012]: # of matches found 32474 and it took: 106023ms
query [27013]: # of matches found 32452 and it took: 107324ms
query [27014]: # of matches found 32401 and it took: 106792ms
query [27015]: # of matches found 32093 and it took: 106481ms
query [27016]: # of matches found 31770 and it took: 107011ms
query [27017]: # of matches found 30922 and it took: 107246ms
query [27018]: # of matches found 30527 and it took: 107035ms
query [27019]: # of matches found 32065 and it took: 107454ms
query [27020]: # of matches found 32132 and it took: 106597ms
query [27021]: # of matches found 32098 and it took: 106868ms
query [27022]: # of matches found 31877 and it took: 106242ms
query [27023]: # of matches found 31864 and it took: 106764ms
query [27024]: # of matches found 31921 and it took: 106722ms
query [27025]: # of matches found 31928 and it took: 105832ms
query [27026]: # of matches found 31991 and it took: 107077ms
query [27027]: # of matches found 32090 and it took: 107254ms
query [27028]: # of matches found 32026 and it took: 106901ms
query [27029]: # of matches found 32291 and it took: 106788ms
query [27030]: # of matches found 32550 and it took: 106356ms
query [27031]: # of matches found 32551 and it took: 106464ms
query [27032]: # of matches found 32995 and it took: 105922ms
query [27033]: # of matches found 33164 and it took: 106114ms
query [27034]: # of matches found 33247 and it took: 105920ms
query [27035]: # of matches found 33322 and it took: 105415ms
query [27036]: # of matches found 33597 and it took: 106008ms
query [27037]: # of matches found 33589 and it took: 106098ms
query [27038]: # of matches found 33667 and it took: 105878ms
query [27039]: # of matches found 33716 and it took: 105896ms
query [27040]: # of matches found 33703 and it took: 105331ms
query [27041]: # of matches found 33560 and it took: 105744ms
query [27042]: # of matches found 33516 and it took: 106226ms
query [27043]: # of matches found 33455 and it took: 105931ms
query [27044]: # of matches found 33439 and it took: 106312ms
query [27045]: # of matches found 33272 and it took: 106525ms
query [27046]: # of matches found 33094 and it took: 106137ms
query [27047]: # of matches found 32754 and it took: 107225ms
query [27048]: # of matches found 32472 and it took: 106413ms
query [27049]: # of matches found 32062 and it took: 106496ms
query [27050]: # of matches found 32243 and it took: 106108ms
query [27051]: # of matches found 32215 and it took: 106092ms
query [27052]: # of matches found 32013 and it took: 106385ms
query [27053]: # of matches found 31264 and it took: 106051ms
query [27054]: # of matches found 31118 and it took: 106820ms
query [27055]: # of matches found 30995 and it took: 106268ms
query [27056]: # of matches found 30856 and it took: 106403ms
query [27057]: # of matches found 31044 and it took: 106447ms
query [27058]: # of matches found 31031 and it took: 106714ms
query [27059]: # of matches found 30742 and it took: 106574ms
query [27060]: # of matches found 30840 and it took: 106013ms
query [27061]: # of matches found 30882 and it took: 106154ms
query [27062]: # of matches found 31113 and it took: 107263ms
query [27063]: # of matches found 31252 and it took: 106515ms
query [27064]: # of matches found 31312 and it took: 107741ms
query [27065]: # of matches found 31395 and it took: 105972ms
query [27066]: # of matches found 31606 and it took: 105599ms
query [27067]: # of matches found 31767 and it took: 105804ms
query [27068]: # of matches found 31874 and it took: 105710ms
query [27069]: # of matches found 31848 and it took: 105646ms
query [27070]: # of matches found 31572 and it took: 105211ms
query [27071]: # of matches found 31361 and it took: 104977ms
query [27072]: # of matches found 31145 and it took: 105760ms
query [27073]: # of matches found 31212 and it took: 104839ms
query [27074]: # of matches found 31457 and it took: 104958ms
query [27075]: # of matches found 31384 and it took: 103966ms
query [27076]: # of matches found 31470 and it took: 104478ms
query [27077]: # of matches found 31337 and it took: 103916ms
query [27078]: # of matches found 31490 and it took: 103575ms
query [27079]: # of matches found 31463 and it took: 103733ms
query [27080]: # of matches found 31363 and it took: 103340ms
query [27081]: # of matches found 31363 and it took: 103193ms
query [27082]: # of matches found 31402 and it took: 103700ms
query [27083]: # of matches found 31287 and it took: 103184ms
query [27084]: # of matches found 31336 and it took: 103227ms
query [27085]: # of matches found 31308 and it took: 103149ms
query [27086]: # of matches found 31155 and it took: 103451ms
query [27087]: # of matches found 31171 and it took: 102663ms
query [27088]: # of matches found 31176 and it took: 102845ms
query [27089]: # of matches found 31240 and it took: 102729ms
query [27090]: # of matches found 31204 and it took: 102572ms
query [27091]: # of matches found 31510 and it took: 102869ms
query [27092]: # of matches found 31515 and it took: 103931ms
query [27093]: # of matches found 31414 and it took: 102865ms
query [27094]: # of matches found 31315 and it took: 102370ms
query [27095]: # of matches found 31389 and it took: 102556ms
query [27096]: # of matches found 30744 and it took: 103722ms
query [27097]: # of matches found 30775 and it took: 103119ms
query [27098]: # of matches found 30529 and it took: 102923ms
query [27099]: # of matches found 30589 and it took: 102480ms
query [27100]: # of matches found 30684 and it took: 101429ms
query [27101]: # of matches found 30785 and it took: 101706ms
query [27102]: # of matches found 30933 and it took: 101974ms
query [27103]: # of matches found 30862 and it took: 101300ms
query [27104]: # of matches found 31123 and it took: 101115ms
query [27105]: # of matches found 31226 and it took: 100494ms
query [27106]: # of matches found 31390 and it took: 100275ms
query [27107]: # of matches found 31576 and it took: 99953.3ms
query [27108]: # of matches found 31972 and it took: 100778ms
query [27109]: # of matches found 32342 and it took: 100889ms
query [27110]: # of matches found 32871 and it took: 101255ms
query [27111]: # of matches found 32899 and it took: 101599ms
query [27112]: # of matches found 32899 and it took: 101083ms
query [27113]: # of matches found 32908 and it took: 101260ms
query [27114]: # of matches found 32976 and it took: 100058ms
query [27115]: # of matches found 32792 and it took: 99897.6ms
query [27116]: # of matches found 32931 and it took: 100450ms
query [27117]: # of matches found 32952 and it took: 99761.5ms
query [27118]: # of matches found 33167 and it took: 99902.6ms
query [27119]: # of matches found 33208 and it took: 99701.2ms
query [27120]: # of matches found 33197 and it took: 99802.5ms
query [27121]: # of matches found 33232 and it took: 99660.2ms
query [27122]: # of matches found 33645 and it took: 100104ms
query [27123]: # of matches found 34047 and it took: 99461.2ms
query [27124]: # of matches found 34999 and it took: 99199.1ms
query [27125]: # of matches found 35134 and it took: 99547.2ms
query [27126]: # of matches found 35186 and it took: 98896.7ms
query [27127]: # of matches found 35294 and it took: 99152.5ms
query [27128]: # of matches found 35412 and it took: 99492.7ms
query [27129]: # of matches found 35201 and it took: 98727.9ms
query [27130]: # of matches found 35338 and it took: 99318.9ms
query [27131]: # of matches found 35254 and it took: 99169ms
query [27132]: # of matches found 34399 and it took: 99560.2ms
query [27133]: # of matches found 34333 and it took: 99352ms
query [27134]: # of matches found 34453 and it took: 99443.9ms
query [27135]: # of matches found 34370 and it took: 99280.5ms
query [27136]: # of matches found 34113 and it took: 98880.6ms
query [27137]: # of matches found 34231 and it took: 99501.1ms
query [27138]: # of matches found 34264 and it took: 99210ms
query [27139]: # of matches found 34272 and it took: 98849.7ms
query [27140]: # of matches found 33238 and it took: 98804.3ms
query [27141]: # of matches found 32912 and it took: 98650.1ms
query [27142]: # of matches found 32977 and it took: 99168.3ms
query [27143]: # of matches found 33048 and it took: 98485.1ms
query [27144]: # of matches found 32996 and it took: 97788.7ms
query [27145]: # of matches found 33187 and it took: 98266.6ms
query [27146]: # of matches found 33280 and it took: 97842ms
query [27147]: # of matches found 33303 and it took: 98277.5ms
query [27148]: # of matches found 33521 and it took: 98126.7ms
query [27149]: # of matches found 33445 and it took: 97724.9ms
query [27150]: # of matches found 33683 and it took: 98983.6ms
query [27151]: # of matches found 33730 and it took: 98490.7ms
query [27152]: # of matches found 33738 and it took: 98775.7ms
query [27153]: # of matches found 33651 and it took: 97446.9ms
query [27154]: # of matches found 33670 and it took: 97684.1ms
query [27155]: # of matches found 33518 and it took: 97926.3ms
query [27156]: # of matches found 33559 and it took: 97383.5ms
query [27157]: # of matches found 33663 and it took: 97609.8ms
query [27158]: # of matches found 33632 and it took: 98250.1ms
query [27159]: # of matches found 33486 and it took: 95998.4ms
query [27160]: # of matches found 31236 and it took: 96858.5ms
query [27161]: # of matches found 31092 and it took: 97357.5ms
query [27162]: # of matches found 30993 and it took: 96829ms
query [27163]: # of matches found 30914 and it took: 95516.8ms
query [27164]: # of matches found 30790 and it took: 96350.4ms
query [27165]: # of matches found 31039 and it took: 96362.8ms
query [27166]: # of matches found 31480 and it took: 94838.5ms
query [27167]: # of matches found 33110 and it took: 96103.1ms
query [27168]: # of matches found 34083 and it took: 95336.4ms
query [27169]: # of matches found 35262 and it took: 94935ms
query [27170]: # of matches found 36906 and it took: 94929.2ms
query [27171]: # of matches found 37753 and it took: 95468.3ms
query [27172]: # of matches found 37871 and it took: 94697.8ms
query [27173]: # of matches found 38358 and it took: 95271.6ms
query [27174]: # of matches found 38685 and it took: 94669.7ms
query [27175]: # of matches found 39190 and it took: 94306ms
query [27176]: # of matches found 39438 and it took: 93770.6ms
query [27177]: # of matches found 39521 and it took: 94134.8ms
query [27178]: # of matches found 39368 and it took: 93914ms
query [27179]: # of matches found 39312 and it took: 93487ms
query [27180]: # of matches found 39287 and it took: 93330.6ms
query [27181]: # of matches found 39295 and it took: 93389.4ms
query [27182]: # of matches found 39400 and it took: 92930.2ms
query [27183]: # of matches found 39393 and it took: 93466ms
query [27184]: # of matches found 39246 and it took: 92421.8ms
query [27185]: # of matches found 39144 and it took: 93094.3ms
query [27186]: # of matches found 39111 and it took: 92834.7ms
query [27187]: # of matches found 39083 and it took: 92914.1ms
query [27188]: # of matches found 39061 and it took: 92710.5ms
query [27189]: # of matches found 39013 and it took: 92992.6ms
query [27190]: # of matches found 38949 and it took: 92812.7ms
query [27191]: # of matches found 38784 and it took: 92819.4ms
query [27192]: # of matches found 38739 and it took: 92274.2ms
query [27193]: # of matches found 38906 and it took: 91963.5ms
query [27194]: # of matches found 38868 and it took: 91771ms
query [27195]: # of matches found 38877 and it took: 91888.3ms
query [27196]: # of matches found 38870 and it took: 92013.2ms
query [27197]: # of matches found 38936 and it took: 91980.1ms
query [27198]: # of matches found 39289 and it took: 91883.9ms
query [27199]: # of matches found 39650 and it took: 91719.1ms
query [27200]: # of matches found 40075 and it took: 91310.2ms
query [27201]: # of matches found 40433 and it took: 91724.4ms
query [27202]: # of matches found 40222 and it took: 90893.2ms
query [27203]: # of matches found 40377 and it took: 91050.5ms
query [27204]: # of matches found 40955 and it took: 90945ms
query [27205]: # of matches found 41254 and it took: 91165ms
query [27206]: # of matches found 41124 and it took: 91140.6ms
query [27207]: # of matches found 41242 and it took: 90978.8ms
query [27208]: # of matches found 41263 and it took: 90978.4ms
query [27209]: # of matches found 41077 and it took: 91895.4ms
query [27210]: # of matches found 41074 and it took: 91925.5ms
query [27211]: # of matches found 41320 and it took: 91600.7ms
query [27212]: # of matches found 41458 and it took: 90383.8ms
query [27213]: # of matches found 42526 and it took: 90478ms
query [27214]: # of matches found 42504 and it took: 90621.2ms
query [27215]: # of matches found 42739 and it took: 90677.9ms
query [27216]: # of matches found 42936 and it took: 90690.7ms
query [27217]: # of matches found 43313 and it took: 91287.7ms
query [27218]: # of matches found 43596 and it took: 90881.5ms
query [27219]: # of matches found 44198 and it took: 91197.9ms
query [27220]: # of matches found 44455 and it took: 90984.1ms
query [27221]: # of matches found 44881 and it took: 91497.1ms
query [27222]: # of matches found 44956 and it took: 90694.6ms
query [27223]: # of matches found 45019 and it took: 91439ms
query [27224]: # of matches found 45025 and it took: 90499.5ms
query [27225]: # of matches found 45048 and it took: 90935.6ms
query [27226]: # of matches found 45281 and it took: 90874.5ms
query [27227]: # of matches found 45262 and it took: 90857.6ms
query [27228]: # of matches found 45321 and it took: 90447.1ms
query [27229]: # of matches found 45257 and it took: 90529ms
query [27230]: # of matches found 45390 and it took: 90832.4ms
query [27231]: # of matches found 45271 and it took: 90517.3ms
query [27232]: # of matches found 45398 and it took: 90400.7ms
query [27233]: # of matches found 45677 and it took: 91036.4ms
query [27234]: # of matches found 45695 and it took: 90536ms
query [27235]: # of matches found 45593 and it took: 91084.6ms
query [27236]: # of matches found 45535 and it took: 90817.6ms
query [27237]: # of matches found 45556 and it took: 90547.2ms
query [27238]: # of matches found 45783 and it took: 90670.7ms
query [27239]: # of matches found 45539 and it took: 90617.6ms
query [27240]: # of matches found 45556 and it took: 90463.4ms
query [27241]: # of matches found 45334 and it took: 90770.8ms
query [27242]: # of matches found 45152 and it took: 90198ms
query [27243]: # of matches found 45084 and it took: 91799.8ms
query [27244]: # of matches found 45006 and it took: 90744.3ms
query [27245]: # of matches found 44863 and it took: 90823.7ms
query [27246]: # of matches found 44855 and it took: 91011.9ms
query [27247]: # of matches found 44631 and it took: 90649.7ms
query [27248]: # of matches found 44393 and it took: 91709.1ms
query [27249]: # of matches found 44047 and it took: 91591.2ms
query [27250]: # of matches found 44117 and it took: 91422.7ms
query [27251]: # of matches found 44500 and it took: 91047.2ms
query [27252]: # of matches found 44587 and it took: 90921.1ms
query [27253]: # of matches found 44791 and it took: 90941.7ms
query [27254]: # of matches found 45457 and it took: 90728.4ms
query [27255]: # of matches found 46093 and it took: 91026.2ms
query [27256]: # of matches found 46623 and it took: 90739ms
query [27257]: # of matches found 47548 and it took: 90853.6ms
query [27258]: # of matches found 47695 and it took: 91119.5ms
query [27259]: # of matches found 47855 and it took: 90729.9ms
query [27260]: # of matches found 48501 and it took: 91302.3ms
query [27261]: # of matches found 49213 and it took: 91311.4ms
query [27262]: # of matches found 49354 and it took: 90650.6ms
query [27263]: # of matches found 49698 and it took: 91126.3ms
query [27264]: # of matches found 49535 and it took: 90583.4ms
query [27265]: # of matches found 49684 and it took: 90852ms
query [27266]: # of matches found 49705 and it took: 91349.2ms
query [27267]: # of matches found 49866 and it took: 90639.3ms
query [27268]: # of matches found 49626 and it took: 90950.5ms
query [27269]: # of matches found 49573 and it took: 91307.6ms
query [27270]: # of matches found 49203 and it took: 91201.7ms
query [27271]: # of matches found 49030 and it took: 90824.7ms
query [27272]: # of matches found 48923 and it took: 90727.5ms
query [27273]: # of matches found 49153 and it took: 90993.1ms
query [27274]: # of matches found 48531 and it took: 91120.6ms
query [27275]: # of matches found 48400 and it took: 90977.4ms
query [27276]: # of matches found 48454 and it took: 91117.3ms
query [27277]: # of matches found 48238 and it took: 90549.3ms
query [27278]: # of matches found 48046 and it took: 90944ms
query [27279]: # of matches found 48044 and it took: 90873.5ms
query [27280]: # of matches found 47906 and it took: 91311.1ms
query [27281]: # of matches found 47847 and it took: 91222.3ms
query [27282]: # of matches found 47712 and it took: 90861.3ms
query [27283]: # of matches found 47580 and it took: 91222.9ms
query [27284]: # of matches found 47575 and it took: 91720.4ms
query [27285]: # of matches found 47512 and it took: 91707.1ms
query [27286]: # of matches found 47396 and it took: 91715.7ms
query [27287]: # of matches found 47273 and it took: 91217.2ms
query [27288]: # of matches found 47216 and it took: 91727.7ms
query [27289]: # of matches found 47173 and it took: 92425.7ms
query [27290]: # of matches found 47160 and it took: 92078.1ms
query [27291]: # of matches found 46697 and it took: 92224.3ms
query [27292]: # of matches found 46541 and it took: 92431.6ms
query [27293]: # of matches found 46383 and it took: 92848.9ms
query [27294]: # of matches found 46313 and it took: 93144.7ms
query [27295]: # of matches found 46381 and it took: 93220.2ms
query [27296]: # of matches found 46282 and it took: 93249.4ms
query [27297]: # of matches found 46359 and it took: 92981.2ms
query [27298]: # of matches found 46221 and it took: 93258.2ms
query [27299]: # of matches found 46264 and it took: 93057ms
query [27300]: # of matches found 46181 and it took: 94036.2ms
query [27301]: # of matches found 46328 and it took: 93671.7ms
query [27302]: # of matches found 46586 and it took: 93664.7ms
query [27303]: # of matches found 46750 and it took: 93632.7ms
query [27304]: # of matches found 46685 and it took: 94066.6ms
query [27305]: # of matches found 46438 and it took: 94078.2ms
query [27306]: # of matches found 46106 and it took: 94738.5ms
query [27307]: # of matches found 44617 and it took: 94429ms
query [27308]: # of matches found 43816 and it took: 95310.7ms
query [27309]: # of matches found 42355 and it took: 94761.5ms
query [27310]: # of matches found 40377 and it took: 95325.2ms
query [27311]: # of matches found 39584 and it took: 94571.8ms
query [27312]: # of matches found 38631 and it took: 95317.8ms
query [27313]: # of matches found 38036 and it took: 95209.6ms
query [27314]: # of matches found 37663 and it took: 95807.3ms
query [27315]: # of matches found 37693 and it took: 96438.9ms
query [27316]: # of matches found 36953 and it took: 95928.4ms
query [27317]: # of matches found 36724 and it took: 96008.9ms
query [27318]: # of matches found 36663 and it took: 96183ms
query [27319]: # of matches found 36715 and it took: 95911.4ms
query [27320]: # of matches found 36729 and it took: 96367.7ms
query [27321]: # of matches found 36743 and it took: 96305.7ms
query [27322]: # of matches found 36754 and it took: 96088.6ms
query [27323]: # of matches found 36725 and it took: 96126.8ms
query [27324]: # of matches found 36685 and it took: 96376.3ms
query [27325]: # of matches found 36772 and it took: 97280.7ms
query [27326]: # of matches found 38295 and it took: 97257.1ms
query [27327]: # of matches found 38355 and it took: 97181.6ms
query [27328]: # of matches found 38542 and it took: 97106.8ms
query [27329]: # of matches found 38807 and it took: 97286.4ms
query [27330]: # of matches found 38785 and it took: 96761.2ms
query [27331]: # of matches found 38839 and it took: 96867ms
query [27332]: # of matches found 38821 and it took: 97669.3ms
query [27333]: # of matches found 38772 and it took: 97382.7ms
query [27334]: # of matches found 38805 and it took: 97982.4ms
query [27335]: # of matches found 38690 and it took: 98560.7ms
query [27336]: # of matches found 38657 and it took: 98183.3ms
query [27337]: # of matches found 38630 and it took: 97912ms
query [27338]: # of matches found 38414 and it took: 97873.6ms
query [27339]: # of matches found 38662 and it took: 97808.9ms
query [27340]: # of matches found 38570 and it took: 97797.3ms
query [27341]: # of matches found 38782 and it took: 98088.6ms
query [27342]: # of matches found 71713 and it took: 98150.2ms
query [27343]: # of matches found 72211 and it took: 97729ms
query [27344]: # of matches found 71674 and it took: 98362ms
query [27345]: # of matches found 71297 and it took: 98888.8ms
query [27346]: # of matches found 71373 and it took: 98307.6ms
query [27347]: # of matches found 71277 and it took: 98057.6ms
query [27348]: # of matches found 71370 and it took: 97492.4ms
query [27349]: # of matches found 71396 and it took: 97758.8ms
query [27350]: # of matches found 71390 and it took: 97860.2ms
query [27351]: # of matches found 71300 and it took: 97939.8ms
query [27352]: # of matches found 71284 and it took: 97775.9ms
query [27353]: # of matches found 71133 and it took: 97325.8ms
query [27354]: # of matches found 71491 and it took: 97576.1ms
query [27355]: # of matches found 71216 and it took: 98365.5ms
query [27356]: # of matches found 71035 and it took: 97918.4ms
query [27357]: # of matches found 70960 and it took: 98208.8ms
query [27358]: # of matches found 70830 and it took: 98065.7ms
query [27359]: # of matches found 70725 and it took: 98245.6ms
query [27360]: # of matches found 71182 and it took: 97928.3ms
query [27361]: # of matches found 70835 and it took: 98603.1ms
query [27362]: # of matches found 70780 and it took: 98613.3ms
query [27363]: # of matches found 70768 and it took: 97621.8ms
query [27364]: # of matches found 70762 and it took: 99231.9ms
query [27365]: # of matches found 70712 and it took: 99314.7ms
query [27366]: # of matches found 70466 and it took: 99097.4ms
query [27367]: # of matches found 70715 and it took: 99673.7ms
query [27368]: # of matches found 70600 and it took: 99608ms
query [27369]: # of matches found 70509 and it took: 100091ms
query [27370]: # of matches found 70766 and it took: 98939.3ms
query [27371]: # of matches found 70713 and it took: 100009ms
query [27372]: # of matches found 70530 and it took: 99480.8ms
query [27373]: # of matches found 70259 and it took: 99358.5ms
query [27374]: # of matches found 70136 and it took: 99331ms
query [27375]: # of matches found 70008 and it took: 100354ms
query [27376]: # of matches found 69962 and it took: 99878.4ms
query [27377]: # of matches found 69914 and it took: 100459ms
query [27378]: # of matches found 69751 and it took: 100338ms
query [27379]: # of matches found 69678 and it took: 100954ms
query [27380]: # of matches found 69726 and it took: 99953.2ms
query [27381]: # of matches found 69830 and it took: 100733ms
query [27382]: # of matches found 69995 and it took: 100440ms
query [27383]: # of matches found 70101 and it took: 100092ms
query [27384]: # of matches found 70319 and it took: 100066ms
query [27385]: # of matches found 70568 and it took: 100986ms
query [27386]: # of matches found 70810 and it took: 100991ms
query [27387]: # of matches found 70839 and it took: 101150ms
query [27388]: # of matches found 71010 and it took: 101086ms
query [27389]: # of matches found 71218 and it took: 100767ms
query [27390]: # of matches found 70839 and it took: 100366ms
query [27391]: # of matches found 70407 and it took: 100932ms
query [27392]: # of matches found 70264 and it took: 100851ms
query [27393]: # of matches found 70132 and it took: 101006ms
query [27394]: # of matches found 69559 and it took: 101209ms
query [27395]: # of matches found 68862 and it took: 102155ms
query [27396]: # of matches found 68273 and it took: 101777ms
query [27397]: # of matches found 67408 and it took: 102347ms
query [27398]: # of matches found 66896 and it took: 102371ms
query [27399]: # of matches found 66593 and it took: 102459ms
query [27400]: # of matches found 66074 and it took: 101748ms
query [27401]: # of matches found 65642 and it took: 102751ms
query [27402]: # of matches found 65302 and it took: 101953ms
query [27403]: # of matches found 64400 and it took: 102339ms
query [27404]: # of matches found 63944 and it took: 102051ms
query [27405]: # of matches found 63741 and it took: 103026ms
query [27406]: # of matches found 65435 and it took: 102829ms
query [27407]: # of matches found 65322 and it took: 103477ms
query [27408]: # of matches found 65423 and it took: 103085ms
query [27409]: # of matches found 65586 and it took: 102694ms
query [27410]: # of matches found 65639 and it took: 101632ms
query [27411]: # of matches found 65656 and it took: 102337ms
query [27412]: # of matches found 65596 and it took: 101503ms
query [27413]: # of matches found 65283 and it took: 101677ms
query [27414]: # of matches found 65185 and it took: 101140ms
query [27415]: # of matches found 65237 and it took: 101968ms
query [27416]: # of matches found 65251 and it took: 102333ms
query [27417]: # of matches found 66012 and it took: 103136ms
query [27418]: # of matches found 66002 and it took: 102263ms
query [27419]: # of matches found 65973 and it took: 101430ms
query [27420]: # of matches found 66189 and it took: 101051ms
query [27421]: # of matches found 66212 and it took: 101389ms
query [27422]: # of matches found 66258 and it took: 101335ms
query [27423]: # of matches found 66427 and it took: 101108ms
query [27424]: # of matches found 67356 and it took: 101550ms
query [27425]: # of matches found 67425 and it took: 101473ms
query [27426]: # of matches found 67298 and it took: 100935ms
query [27427]: # of matches found 67273 and it took: 101669ms
query [27428]: # of matches found 67247 and it took: 101044ms
query [27429]: # of matches found 67184 and it took: 100827ms
query [27430]: # of matches found 67063 and it took: 101054ms
query [27431]: # of matches found 67184 and it took: 100774ms
query [27432]: # of matches found 67193 and it took: 100412ms
query [27433]: # of matches found 67315 and it took: 100534ms
query [27434]: # of matches found 67304 and it took: 100271ms
query [27435]: # of matches found 67278 and it took: 101074ms
query [27436]: # of matches found 67614 and it took: 100011ms
query [27437]: # of matches found 67787 and it took: 100512ms
query [27438]: # of matches found 68308 and it took: 100217ms
query [27439]: # of matches found 68921 and it took: 99685.7ms
query [27440]: # of matches found 69463 and it took: 99642.6ms
query [27441]: # of matches found 70055 and it took: 99558ms
query [27442]: # of matches found 70165 and it took: 99204ms
query [27443]: # of matches found 70244 and it took: 99777.8ms
query [27444]: # of matches found 70797 and it took: 98970.8ms
query [27445]: # of matches found 70971 and it took: 99278.6ms
query [27446]: # of matches found 70867 and it took: 99478.5ms
query [27447]: # of matches found 71123 and it took: 99254.1ms
query [27448]: # of matches found 70919 and it took: 99011.8ms
query [27449]: # of matches found 70956 and it took: 98708.2ms
query [27450]: # of matches found 71206 and it took: 98682.2ms
query [27451]: # of matches found 71070 and it took: 98664.2ms
query [27452]: # of matches found 71061 and it took: 98791.5ms
query [27453]: # of matches found 71084 and it took: 99056.5ms
query [27454]: # of matches found 71172 and it took: 98856.2ms
query [27455]: # of matches found 70941 and it took: 99470.9ms
query [27456]: # of matches found 70863 and it took: 99602.9ms
query [27457]: # of matches found 70841 and it took: 99242.6ms
query [27458]: # of matches found 70867 and it took: 99759.2ms
query [27459]: # of matches found 70814 and it took: 99282.1ms
query [27460]: # of matches found 70765 and it took: 99257.5ms
query [27461]: # of matches found 70727 and it took: 99358.4ms
query [27462]: # of matches found 70621 and it took: 99232.9ms
query [27463]: # of matches found 70679 and it took: 99766.6ms
query [27464]: # of matches found 70794 and it took: 99374.6ms
query [27465]: # of matches found 70772 and it took: 99801.9ms
query [27466]: # of matches found 69563 and it took: 99752.9ms
query [27467]: # of matches found 69506 and it took: 100005ms
query [27468]: # of matches found 69323 and it took: 100188ms
query [27469]: # of matches found 69059 and it took: 99366ms
query [27470]: # of matches found 69009 and it took: 99832.9ms
query [27471]: # of matches found 68923 and it took: 101539ms
query [27472]: # of matches found 68911 and it took: 100273ms
query [27473]: # of matches found 68912 and it took: 100646ms
query [27474]: # of matches found 69082 and it took: 100278ms
query [27475]: # of matches found 68971 and it took: 100923ms
query [27476]: # of matches found 68889 and it took: 100586ms
query [27477]: # of matches found 68604 and it took: 100643ms
query [27478]: # of matches found 68369 and it took: 100672ms
query [27479]: # of matches found 67511 and it took: 100841ms
query [27480]: # of matches found 67288 and it took: 101780ms
query [27481]: # of matches found 66931 and it took: 101822ms
query [27482]: # of matches found 61549 and it took: 102212ms
query [27483]: # of matches found 59629 and it took: 102920ms
query [27484]: # of matches found 32211 and it took: 102427ms
query [27485]: # of matches found 36455 and it took: 103280ms
query [27486]: # of matches found 36296 and it took: 103298ms
query [27487]: # of matches found 36255 and it took: 103612ms
query [27488]: # of matches found 36096 and it took: 103420ms
query [27489]: # of matches found 36100 and it took: 103867ms
query [27490]: # of matches found 36187 and it took: 103174ms
query [27491]: # of matches found 36273 and it took: 102671ms
query [27492]: # of matches found 36297 and it took: 103696ms
query [27493]: # of matches found 36046 and it took: 103480ms
query [27494]: # of matches found 35396 and it took: 103997ms
query [27495]: # of matches found 35251 and it took: 103900ms
query [27496]: # of matches found 35048 and it took: 103336ms
query [27497]: # of matches found 34977 and it took: 103994ms
query [27498]: # of matches found 35109 and it took: 103675ms
query [27499]: # of matches found 34888 and it took: 103558ms
query [27500]: # of matches found 34099 and it took: 103699ms
query [27501]: # of matches found 33614 and it took: 102782ms
query [27502]: # of matches found 33482 and it took: 103738ms
query [27503]: # of matches found 33454 and it took: 103801ms
query [27504]: # of matches found 33564 and it took: 104148ms
query [27505]: # of matches found 33912 and it took: 104206ms
query [27506]: # of matches found 34107 and it took: 104008ms
query [27507]: # of matches found 33949 and it took: 104125ms
query [27508]: # of matches found 34159 and it took: 103536ms
query [27509]: # of matches found 34451 and it took: 104025ms
query [27510]: # of matches found 34658 and it took: 103153ms
query [27511]: # of matches found 34140 and it took: 103254ms
query [27512]: # of matches found 34336 and it took: 103703ms
query [27513]: # of matches found 34455 and it took: 104427ms
query [27514]: # of matches found 34649 and it took: 104397ms
query [27515]: # of matches found 34812 and it took: 104607ms
query [27516]: # of matches found 34928 and it took: 104352ms
query [27517]: # of matches found 35083 and it took: 105191ms
query [27518]: # of matches found 35211 and it took: 105112ms
query [27519]: # of matches found 35250 and it took: 105902ms
query [27520]: # of matches found 35441 and it took: 104681ms
query [27521]: # of matches found 35366 and it took: 105265ms
query [27522]: # of matches found 35475 and it took: 105052ms
query [27523]: # of matches found 35461 and it took: 105638ms
query [27524]: # of matches found 35450 and it took: 105623ms
query [27525]: # of matches found 35333 and it took: 105527ms
query [27526]: # of matches found 35207 and it took: 105298ms
query [27527]: # of matches found 35740 and it took: 105409ms
query [27528]: # of matches found 36241 and it took: 105653ms
query [27529]: # of matches found 36288 and it took: 105875ms
query [27530]: # of matches found 36328 and it took: 104563ms
query [27531]: # of matches found 36792 and it took: 106954ms
query [27532]: # of matches found 37120 and it took: 107331ms
query [27533]: # of matches found 37374 and it took: 106750ms
query [27534]: # of matches found 37455 and it took: 106984ms
query [27535]: # of matches found 37417 and it took: 105546ms
query [27536]: # of matches found 37417 and it took: 106183ms
query [27537]: # of matches found 37535 and it took: 105912ms
query [27538]: # of matches found 37582 and it took: 105155ms
query [27539]: # of matches found 37753 and it took: 107318ms
query [27540]: # of matches found 37717 and it took: 104441ms
query [27541]: # of matches found 37567 and it took: 103741ms
query [27542]: # of matches found 37401 and it took: 103920ms
query [27543]: # of matches found 37549 and it took: 103712ms
query [27544]: # of matches found 37473 and it took: 103952ms
query [27545]: # of matches found 38009 and it took: 103400ms
query [27546]: # of matches found 36557 and it took: 103794ms
query [27547]: # of matches found 36749 and it took: 103877ms
query [27548]: # of matches found 36941 and it took: 103816ms
query [27549]: # of matches found 37796 and it took: 103938ms
query [27550]: # of matches found 38294 and it took: 103428ms
query [27551]: # of matches found 38500 and it took: 102637ms
query [27552]: # of matches found 39426 and it took: 103511ms
query [27553]: # of matches found 39584 and it took: 102862ms
query [27554]: # of matches found 39925 and it took: 103122ms
query [27555]: # of matches found 40277 and it took: 102758ms
query [27556]: # of matches found 40323 and it took: 102490ms
query [27557]: # of matches found 39603 and it took: 102196ms
query [27558]: # of matches found 39643 and it took: 102457ms
query [27559]: # of matches found 39705 and it took: 101595ms
query [27560]: # of matches found 39580 and it took: 101544ms
query [27561]: # of matches found 39692 and it took: 101253ms
query [27562]: # of matches found 39807 and it took: 101330ms
query [27563]: # of matches found 39733 and it took: 101228ms
query [27564]: # of matches found 38844 and it took: 101234ms
query [27565]: # of matches found 38752 and it took: 101322ms
query [27566]: # of matches found 38713 and it took: 101598ms
query [27567]: # of matches found 38829 and it took: 100605ms
query [27568]: # of matches found 38862 and it took: 100380ms
query [27569]: # of matches found 38946 and it took: 100784ms
query [27570]: # of matches found 39156 and it took: 100493ms
query [27571]: # of matches found 39528 and it took: 100215ms
query [27572]: # of matches found 39735 and it took: 100005ms
query [27573]: # of matches found 39696 and it took: 100144ms
query [27574]: # of matches found 40024 and it took: 100796ms
query [27575]: # of matches found 40364 and it took: 100396ms
query [27576]: # of matches found 40391 and it took: 100189ms
query [27577]: # of matches found 40455 and it took: 99652.5ms
query [27578]: # of matches found 39987 and it took: 99794.9ms
query [27579]: # of matches found 39489 and it took: 100647ms
query [27580]: # of matches found 39222 and it took: 100487ms
query [27581]: # of matches found 38519 and it took: 99493.1ms
query [27582]: # of matches found 38044 and it took: 100279ms
query [27583]: # of matches found 37749 and it took: 100150ms
query [27584]: # of matches found 37323 and it took: 100081ms
query [27585]: # of matches found 37270 and it took: 99824ms
query [27586]: # of matches found 37316 and it took: 99332.6ms
query [27587]: # of matches found 37173 and it took: 98832.9ms
query [27588]: # of matches found 37192 and it took: 99489ms
query [27589]: # of matches found 37124 and it took: 98849.9ms
query [27590]: # of matches found 37295 and it took: 98567.5ms
query [27591]: # of matches found 37194 and it took: 98505.4ms
query [27592]: # of matches found 37854 and it took: 98606.2ms
query [27593]: # of matches found 37958 and it took: 98599.8ms
query [27594]: # of matches found 37876 and it took: 98683.4ms
query [27595]: # of matches found 37951 and it took: 98001.9ms
query [27596]: # of matches found 37924 and it took: 99031.5ms
query [27597]: # of matches found 38017 and it took: 96841.5ms
query [27598]: # of matches found 38383 and it took: 97302.2ms
query [27599]: # of matches found 38849 and it took: 97577.7ms
query [27600]: # of matches found 39556 and it took: 97149.6ms
query [27601]: # of matches found 41341 and it took: 96449.2ms
query [27602]: # of matches found 42579 and it took: 96930ms
query [27603]: # of matches found 43190 and it took: 96814.5ms
query [27604]: # of matches found 43491 and it took: 97780.5ms
query [27605]: # of matches found 43975 and it took: 97334.4ms
query [27606]: # of matches found 44035 and it took: 97393.8ms
query [27607]: # of matches found 44371 and it took: 96788.5ms
query [27608]: # of matches found 44292 and it took: 96776.2ms
query [27609]: # of matches found 44525 and it took: 96912.3ms
query [27610]: # of matches found 44563 and it took: 96636.9ms
query [27611]: # of matches found 44663 and it took: 96466.8ms
query [27612]: # of matches found 44752 and it took: 96670.1ms
query [27613]: # of matches found 44861 and it took: 95738ms
query [27614]: # of matches found 44653 and it took: 96544.3ms
query [27615]: # of matches found 44937 and it took: 96028.8ms
query [27616]: # of matches found 45128 and it took: 96214.2ms
query [27617]: # of matches found 45263 and it took: 94940.9ms
query [27618]: # of matches found 45321 and it took: 95471.9ms
query [27619]: # of matches found 45781 and it took: 95346.9ms
query [27620]: # of matches found 45862 and it took: 94948.7ms
query [27621]: # of matches found 45921 and it took: 94922.1ms
query [27622]: # of matches found 46099 and it took: 94575.2ms
query [27623]: # of matches found 46277 and it took: 94704.5ms
query [27624]: # of matches found 46402 and it took: 94780.1ms
query [27625]: # of matches found 42382 and it took: 94460.6ms
query [27626]: # of matches found 43404 and it took: 94310.7ms
query [27627]: # of matches found 43864 and it took: 92991.2ms
query [27628]: # of matches found 43978 and it took: 93440.4ms
query [27629]: # of matches found 43932 and it took: 93234.3ms
query [27630]: # of matches found 43873 and it took: 92908.4ms
query [27631]: # of matches found 43833 and it took: 93440.7ms
query [27632]: # of matches found 43666 and it took: 92470.3ms
query [27633]: # of matches found 43922 and it took: 92701.1ms
query [27634]: # of matches found 43806 and it took: 93099.7ms
query [27635]: # of matches found 43785 and it took: 92899.8ms
query [27636]: # of matches found 43796 and it took: 92673.3ms
query [27637]: # of matches found 43970 and it took: 92282.6ms
query [27638]: # of matches found 43570 and it took: 92371.5ms
query [27639]: # of matches found 43757 and it took: 92417.9ms
query [27640]: # of matches found 43902 and it took: 92028.9ms
query [27641]: # of matches found 43940 and it took: 92268.4ms
query [27642]: # of matches found 43961 and it took: 91989.7ms
query [27643]: # of matches found 44074 and it took: 92041.3ms
query [27644]: # of matches found 44115 and it took: 92413.6ms
query [27645]: # of matches found 44359 and it took: 92430.9ms
query [27646]: # of matches found 44664 and it took: 92224.5ms
query [27647]: # of matches found 44670 and it took: 91093.2ms
query [27648]: # of matches found 44408 and it took: 91584.7ms
query [27649]: # of matches found 44295 and it took: 91789.8ms
query [27650]: # of matches found 44099 and it took: 90783.2ms
query [27651]: # of matches found 44155 and it took: 91301.5ms
query [27652]: # of matches found 44199 and it took: 90089.3ms
query [27653]: # of matches found 44355 and it took: 90649.7ms
query [27654]: # of matches found 44231 and it took: 90591.4ms
query [27655]: # of matches found 44064 and it took: 90559.6ms
query [27656]: # of matches found 44024 and it took: 90487.9ms
query [27657]: # of matches found 44008 and it took: 89813ms
query [27658]: # of matches found 43991 and it took: 89890.7ms
query [27659]: # of matches found 43982 and it took: 89982.1ms
query [27660]: # of matches found 43852 and it took: 89783.5ms
query [27661]: # of matches found 44026 and it took: 90543.9ms
query [27662]: # of matches found 43873 and it took: 89421.7ms
query [27663]: # of matches found 43871 and it took: 89760.1ms
query [27664]: # of matches found 43940 and it took: 89710.6ms
query [27665]: # of matches found 43659 and it took: 89834.9ms
query [27666]: # of matches found 43536 and it took: 89527.6ms
query [27667]: # of matches found 43491 and it took: 88904.5ms
query [27668]: # of matches found 43203 and it took: 89108.2ms
query [27669]: # of matches found 43156 and it took: 88943.7ms
query [27670]: # of matches found 43415 and it took: 89018.9ms
query [27671]: # of matches found 42943 and it took: 88875.6ms
query [27672]: # of matches found 42666 and it took: 88411.9ms
query [27673]: # of matches found 42730 and it took: 88790.2ms
query [27674]: # of matches found 69363 and it took: 88756.6ms
query [27675]: # of matches found 70226 and it took: 89298ms
query [27676]: # of matches found 70642 and it took: 88204.6ms
query [27677]: # of matches found 71241 and it took: 88328ms
query [27678]: # of matches found 71310 and it took: 88054.5ms
query [27679]: # of matches found 71280 and it took: 88188.8ms
query [27680]: # of matches found 71228 and it took: 88106.1ms
query [27681]: # of matches found 71267 and it took: 87967.3ms
query [27682]: # of matches found 71438 and it took: 87316.1ms
query [27683]: # of matches found 71195 and it took: 87773.6ms
query [27684]: # of matches found 71157 and it took: 87796.2ms
query [27685]: # of matches found 70830 and it took: 87872.7ms
query [27686]: # of matches found 70152 and it took: 87772.4ms
query [27687]: # of matches found 69923 and it took: 87811.3ms
query [27688]: # of matches found 69670 and it took: 87533.4ms
query [27689]: # of matches found 69809 and it took: 88067.6ms
query [27690]: # of matches found 69755 and it took: 87922.2ms
query [27691]: # of matches found 69762 and it took: 88260ms
query [27692]: # of matches found 69107 and it took: 87386.8ms
query [27693]: # of matches found 68990 and it took: 87893ms
query [27694]: # of matches found 69059 and it took: 87679.9ms
query [27695]: # of matches found 68906 and it took: 87142.2ms
query [27696]: # of matches found 68878 and it took: 87395.9ms
query [27697]: # of matches found 69144 and it took: 87093.8ms
query [27698]: # of matches found 69187 and it took: 86684.2ms
query [27699]: # of matches found 69070 and it took: 86905.3ms
query [27700]: # of matches found 69197 and it took: 86594.1ms
query [27701]: # of matches found 69053 and it took: 86480.2ms
query [27702]: # of matches found 69005 and it took: 86038.5ms
query [27703]: # of matches found 69046 and it took: 86678.7ms
query [27704]: # of matches found 69126 and it took: 86152.3ms
query [27705]: # of matches found 69175 and it took: 85882.2ms
query [27706]: # of matches found 69547 and it took: 86078.4ms
query [27707]: # of matches found 69512 and it took: 85835.4ms
query [27708]: # of matches found 69552 and it took: 86890.7ms
query [27709]: # of matches found 69602 and it took: 86575ms
query [27710]: # of matches found 69469 and it took: 86023.8ms
query [27711]: # of matches found 69128 and it took: 86493.1ms
query [27712]: # of matches found 69196 and it took: 86494.6ms
query [27713]: # of matches found 69663 and it took: 86650.8ms
query [27714]: # of matches found 69454 and it took: 86779.9ms
query [27715]: # of matches found 69337 and it took: 86643.6ms
query [27716]: # of matches found 69342 and it took: 86758.2ms
query [27717]: # of matches found 69327 and it took: 87079ms
query [27718]: # of matches found 70386 and it took: 87356.4ms
query [27719]: # of matches found 70526 and it took: 86456.3ms
query [27720]: # of matches found 70448 and it took: 86598ms
query [27721]: # of matches found 70465 and it took: 87595.6ms
query [27722]: # of matches found 70612 and it took: 87457.2ms
query [27723]: # of matches found 71006 and it took: 87241ms
query [27724]: # of matches found 71564 and it took: 86946.9ms
query [27725]: # of matches found 71648 and it took: 87481.4ms
query [27726]: # of matches found 71787 and it took: 87353.5ms
query [27727]: # of matches found 71851 and it took: 87267.6ms
query [27728]: # of matches found 71705 and it took: 87474.8ms
query [27729]: # of matches found 71734 and it took: 87272.5ms
query [27730]: # of matches found 71580 and it took: 87899.9ms
query [27731]: # of matches found 71675 and it took: 88134.8ms
query [27732]: # of matches found 71120 and it took: 88128.3ms
query [27733]: # of matches found 70988 and it took: 88379.9ms
query [27734]: # of matches found 71000 and it took: 88539.8ms
query [27735]: # of matches found 70729 and it took: 89015.8ms
query [27736]: # of matches found 70651 and it took: 89068.6ms
query [27737]: # of matches found 70537 and it took: 89507.2ms
query [27738]: # of matches found 70143 and it took: 89085.4ms
query [27739]: # of matches found 69716 and it took: 89205.5ms
query [27740]: # of matches found 69217 and it took: 89307.4ms
query [27741]: # of matches found 67344 and it took: 89863.2ms
query [27742]: # of matches found 66346 and it took: 89662.9ms
query [27743]: # of matches found 65650 and it took: 90356.6ms
query [27744]: # of matches found 65449 and it took: 89816.7ms
query [27745]: # of matches found 64921 and it took: 90189.9ms
query [27746]: # of matches found 64494 and it took: 90325ms
query [27747]: # of matches found 64307 and it took: 90621.5ms
query [27748]: # of matches found 64293 and it took: 90816.8ms
query [27749]: # of matches found 64217 and it took: 89995.3ms
query [27750]: # of matches found 64411 and it took: 90212ms
query [27751]: # of matches found 64587 and it took: 90346.8ms
query [27752]: # of matches found 64629 and it took: 90547.1ms
query [27753]: # of matches found 64707 and it took: 90006.5ms
query [27754]: # of matches found 65129 and it took: 89957.3ms
query [27755]: # of matches found 65700 and it took: 90417.1ms
query [27756]: # of matches found 65956 and it took: 89850.4ms
query [27757]: # of matches found 66227 and it took: 89922.5ms
query [27758]: # of matches found 66819 and it took: 89607.1ms
query [27759]: # of matches found 67568 and it took: 90201.7ms
query [27760]: # of matches found 68565 and it took: 90920.4ms
query [27761]: # of matches found 68981 and it took: 90390.3ms
query [27762]: # of matches found 69259 and it took: 90032.4ms
query [27763]: # of matches found 69683 and it took: 91015.2ms
query [27764]: # of matches found 70559 and it took: 90461ms
query [27765]: # of matches found 70473 and it took: 90537.9ms
query [27766]: # of matches found 69569 and it took: 90314.8ms
query [27767]: # of matches found 69204 and it took: 90965.2ms
query [27768]: # of matches found 69124 and it took: 90266.7ms
query [27769]: # of matches found 69176 and it took: 91027.2ms
query [27770]: # of matches found 69125 and it took: 90778.6ms
query [27771]: # of matches found 68952 and it took: 91091.6ms
query [27772]: # of matches found 69083 and it took: 91161.8ms
query [27773]: # of matches found 68751 and it took: 91100.2ms
query [27774]: # of matches found 68822 and it took: 91486ms
query [27775]: # of matches found 69404 and it took: 91650.2ms
query [27776]: # of matches found 69510 and it took: 91856.7ms
query [27777]: # of matches found 69403 and it took: 92638.3ms
query [27778]: # of matches found 69516 and it took: 93080.8ms
query [27779]: # of matches found 69345 and it took: 91517.4ms
query [27780]: # of matches found 69245 and it took: 91899.6ms
query [27781]: # of matches found 69270 and it took: 91984.3ms
query [27782]: # of matches found 69326 and it took: 91747ms
query [27783]: # of matches found 69170 and it took: 92486.4ms
query [27784]: # of matches found 69100 and it took: 92792.7ms
query [27785]: # of matches found 68793 and it took: 92949.6ms
query [27786]: # of matches found 68304 and it took: 93092.9ms
query [27787]: # of matches found 68311 and it took: 93712.5ms
query [27788]: # of matches found 68372 and it took: 93407.9ms
query [27789]: # of matches found 68289 and it took: 93956.9ms
query [27790]: # of matches found 68292 and it took: 93985.6ms
query [27791]: # of matches found 68474 and it took: 94533.3ms
query [27792]: # of matches found 68564 and it took: 94709.2ms
query [27793]: # of matches found 68253 and it took: 95304.3ms
query [27794]: # of matches found 68177 and it took: 95190.2ms
query [27795]: # of matches found 68215 and it took: 95739.2ms
query [27796]: # of matches found 68367 and it took: 95114.7ms
query [27797]: # of matches found 68585 and it took: 95600.9ms
query [27798]: # of matches found 68580 and it took: 95666ms
query [27799]: # of matches found 68886 and it took: 96496.2ms
query [27800]: # of matches found 69198 and it took: 96304.5ms
query [27801]: # of matches found 68837 and it took: 96452.1ms
query [27802]: # of matches found 69194 and it took: 96447.1ms
query [27803]: # of matches found 69167 and it took: 96377ms
query [27804]: # of matches found 69052 and it took: 96850.9ms
query [27805]: # of matches found 69081 and it took: 96956.2ms
query [27806]: # of matches found 69219 and it took: 96925.1ms
query [27807]: # of matches found 69336 and it took: 97089.7ms
query [27808]: # of matches found 68993 and it took: 98360ms
query [27809]: # of matches found 68952 and it took: 97789ms
query [27810]: # of matches found 68412 and it took: 98054.4ms
query [27811]: # of matches found 67913 and it took: 97886.5ms
query [27812]: # of matches found 67856 and it took: 97962.1ms
query [27813]: # of matches found 67734 and it took: 98101.7ms
query [27814]: # of matches found 66139 and it took: 98675.3ms
query [27815]: # of matches found 40070 and it took: 98457.4ms
query [27816]: # of matches found 39646 and it took: 98373ms
query [27817]: # of matches found 38941 and it took: 99396.3ms
query [27818]: # of matches found 38861 and it took: 99193.5ms
query [27819]: # of matches found 38753 and it took: 99208.6ms
query [27820]: # of matches found 38851 and it took: 99030.1ms
query [27821]: # of matches found 38757 and it took: 99300.3ms
query [27822]: # of matches found 38650 and it took: 99362ms
query [27823]: # of matches found 38574 and it took: 99405ms
query [27824]: # of matches found 38816 and it took: 99962.2ms
query [27825]: # of matches found 38725 and it took: 99820.1ms
query [27826]: # of matches found 38772 and it took: 99642.1ms
query [27827]: # of matches found 38996 and it took: 100076ms
query [27828]: # of matches found 39080 and it took: 100642ms
query [27829]: # of matches found 38500 and it took: 100715ms
query [27830]: # of matches found 38209 and it took: 100394ms
query [27831]: # of matches found 38227 and it took: 100223ms
query [27832]: # of matches found 38354 and it took: 100740ms
query [27833]: # of matches found 38367 and it took: 100620ms
query [27834]: # of matches found 38150 and it took: 101273ms
query [27835]: # of matches found 37929 and it took: 100263ms
query [27836]: # of matches found 37871 and it took: 99816.6ms
query [27837]: # of matches found 37646 and it took: 100758ms
query [27838]: # of matches found 37567 and it took: 100639ms
query [27839]: # of matches found 37650 and it took: 100129ms
query [27840]: # of matches found 37616 and it took: 100826ms
query [27841]: # of matches found 38134 and it took: 100335ms
query [27842]: # of matches found 38160 and it took: 101752ms
query [27843]: # of matches found 38160 and it took: 100280ms
query [27844]: # of matches found 38163 and it took: 100684ms
query [27845]: # of matches found 38297 and it took: 100086ms
query [27846]: # of matches found 38555 and it took: 99821.7ms
query [27847]: # of matches found 38717 and it took: 100214ms
query [27848]: # of matches found 38675 and it took: 99310.6ms
query [27849]: # of matches found 38637 and it took: 99981.7ms
query [27850]: # of matches found 38677 and it took: 99924.4ms
query [27851]: # of matches found 38714 and it took: 100309ms
query [27852]: # of matches found 38502 and it took: 99709.3ms
query [27853]: # of matches found 38419 and it took: 99684.4ms
query [27854]: # of matches found 38018 and it took: 100257ms
query [27855]: # of matches found 37867 and it took: 99405.5ms
query [27856]: # of matches found 37667 and it took: 99936ms
query [27857]: # of matches found 37433 and it took: 100612ms
query [27858]: # of matches found 36233 and it took: 99991.7ms
query [27859]: # of matches found 35973 and it took: 100956ms
query [27860]: # of matches found 35843 and it took: 100128ms
query [27861]: # of matches found 35708 and it took: 100709ms
query [27862]: # of matches found 35605 and it took: 100139ms
query [27863]: # of matches found 35175 and it took: 100594ms
query [27864]: # of matches found 34519 and it took: 100875ms
query [27865]: # of matches found 34336 and it took: 99635.6ms
query [27866]: # of matches found 34052 and it took: 100382ms
query [27867]: # of matches found 34035 and it took: 100442ms
query [27868]: # of matches found 33995 and it took: 100040ms
query [27869]: # of matches found 34115 and it took: 100258ms
query [27870]: # of matches found 34078 and it took: 100321ms
query [27871]: # of matches found 34176 and it took: 100694ms
query [27872]: # of matches found 34201 and it took: 100007ms
query [27873]: # of matches found 34371 and it took: 100028ms
query [27874]: # of matches found 34451 and it took: 99725.7ms
query [27875]: # of matches found 34604 and it took: 99788.3ms
query [27876]: # of matches found 34726 and it took: 100047ms
query [27877]: # of matches found 35078 and it took: 100147ms
query [27878]: # of matches found 35197 and it took: 99531.4ms
query [27879]: # of matches found 35366 and it took: 100661ms
query [27880]: # of matches found 35386 and it took: 100228ms
query [27881]: # of matches found 35406 and it took: 101220ms
query [27882]: # of matches found 35708 and it took: 100584ms
query [27883]: # of matches found 36564 and it took: 100180ms
query [27884]: # of matches found 36624 and it took: 100643ms
query [27885]: # of matches found 36583 and it took: 99787.7ms
query [27886]: # of matches found 36598 and it took: 100491ms
query [27887]: # of matches found 36556 and it took: 100987ms
query [27888]: # of matches found 36466 and it took: 99928ms
query [27889]: # of matches found 36363 and it took: 100562ms
query [27890]: # of matches found 36313 and it took: 100574ms
query [27891]: # of matches found 36079 and it took: 100549ms
query [27892]: # of matches found 36136 and it took: 100444ms
query [27893]: # of matches found 36064 and it took: 101302ms
query [27894]: # of matches found 35554 and it took: 101118ms
query [27895]: # of matches found 34690 and it took: 100600ms
query [27896]: # of matches found 34345 and it took: 101026ms
query [27897]: # of matches found 33901 and it took: 101965ms
query [27898]: # of matches found 33249 and it took: 100724ms
query [27899]: # of matches found 32677 and it took: 102143ms
query [27900]: # of matches found 31152 and it took: 102434ms
query [27901]: # of matches found 30799 and it took: 102335ms
query [27902]: # of matches found 30422 and it took: 101478ms
query [27903]: # of matches found 29969 and it took: 102037ms
query [27904]: # of matches found 29072 and it took: 102479ms
query [27905]: # of matches found 29316 and it took: 101553ms
query [27906]: # of matches found 29413 and it took: 101926ms
query [27907]: # of matches found 29486 and it took: 101936ms
query [27908]: # of matches found 29598 and it took: 101201ms
query [27909]: # of matches found 29681 and it took: 101995ms
query [27910]: # of matches found 29958 and it took: 101824ms
query [27911]: # of matches found 30096 and it took: 102771ms
query [27912]: # of matches found 30294 and it took: 101883ms
query [27913]: # of matches found 30594 and it took: 101824ms
query [27914]: # of matches found 30512 and it took: 101992ms
query [27915]: # of matches found 29929 and it took: 101311ms
query [27916]: # of matches found 29958 and it took: 101491ms
query [27917]: # of matches found 29883 and it took: 101320ms
query [27918]: # of matches found 29835 and it took: 100583ms
query [27919]: # of matches found 29968 and it took: 101314ms
query [27920]: # of matches found 30631 and it took: 101098ms
query [27921]: # of matches found 31283 and it took: 101260ms
query [27922]: # of matches found 31840 and it took: 99876.3ms
query [27923]: # of matches found 32040 and it took: 100120ms
query [27924]: # of matches found 32266 and it took: 100209ms
query [27925]: # of matches found 32368 and it took: 100062ms
query [27926]: # of matches found 32205 and it took: 100151ms
query [27927]: # of matches found 32043 and it took: 100210ms
query [27928]: # of matches found 31896 and it took: 98965.5ms
query [27929]: # of matches found 32044 and it took: 100167ms
query [27930]: # of matches found 32054 and it took: 99580.2ms
query [27931]: # of matches found 32079 and it took: 100303ms
query [27932]: # of matches found 31917 and it took: 99348.1ms
query [27933]: # of matches found 32270 and it took: 99382.8ms
query [27934]: # of matches found 32305 and it took: 99612.6ms
query [27935]: # of matches found 32344 and it took: 99800.1ms
query [27936]: # of matches found 32522 and it took: 100449ms
query [27937]: # of matches found 32571 and it took: 100050ms
query [27938]: # of matches found 32525 and it took: 99439.4ms
query [27939]: # of matches found 32567 and it took: 100571ms
query [27940]: # of matches found 32253 and it took: 99525.1ms
query [27941]: # of matches found 32190 and it took: 100500ms
query [27942]: # of matches found 32098 and it took: 100197ms
query [27943]: # of matches found 32009 and it took: 99832.2ms
query [27944]: # of matches found 32021 and it took: 100448ms
query [27945]: # of matches found 31899 and it took: 100352ms
query [27946]: # of matches found 31778 and it took: 100732ms
query [27947]: # of matches found 31816 and it took: 100345ms
query [27948]: # of matches found 31929 and it took: 98874.6ms
query [27949]: # of matches found 31841 and it took: 100325ms
query [27950]: # of matches found 32102 and it took: 98815.8ms
query [27951]: # of matches found 32548 and it took: 99914.9ms
query [27952]: # of matches found 34233 and it took: 99955.1ms
query [27953]: # of matches found 34222 and it took: 99548.8ms
query [27954]: # of matches found 34405 and it took: 99808.7ms
query [27955]: # of matches found 34824 and it took: 99376.8ms
query [27956]: # of matches found 34726 and it took: 99953.7ms
query [27957]: # of matches found 34747 and it took: 99582.1ms
query [27958]: # of matches found 34809 and it took: 98194.1ms
query [27959]: # of matches found 34912 and it took: 99730.2ms
query [27960]: # of matches found 34790 and it took: 98914.5ms
query [27961]: # of matches found 34812 and it took: 99556.6ms
query [27962]: # of matches found 34784 and it took: 99673.6ms
query [27963]: # of matches found 34795 and it took: 99105.9ms
query [27964]: # of matches found 34795 and it took: 99107ms
query [27965]: # of matches found 34727 and it took: 99093ms
query [27966]: # of matches found 34427 and it took: 99695.2ms
query [27967]: # of matches found 34268 and it took: 99817.5ms
query [27968]: # of matches found 34167 and it took: 98787.3ms
query [27969]: # of matches found 34058 and it took: 100410ms
query [27970]: # of matches found 33742 and it took: 99170ms
query [27971]: # of matches found 33482 and it took: 100229ms
query [27972]: # of matches found 33995 and it took: 100907ms
query [27973]: # of matches found 33705 and it took: 100137ms
query [27974]: # of matches found 33588 and it took: 100083ms
query [27975]: # of matches found 33526 and it took: 100123ms
query [27976]: # of matches found 33534 and it took: 102108ms
query [27977]: # of matches found 33547 and it took: 101384ms
query [27978]: # of matches found 33643 and it took: 99657.1ms
query [27979]: # of matches found 33692 and it took: 101355ms
query [27980]: # of matches found 33571 and it took: 100440ms
query [27981]: # of matches found 33467 and it took: 100521ms
query [27982]: # of matches found 33445 and it took: 101320ms
query [27983]: # of matches found 33135 and it took: 100432ms
query [27984]: # of matches found 33168 and it took: 100020ms
query [27985]: # of matches found 33137 and it took: 100442ms
query [27986]: # of matches found 32748 and it took: 100535ms
query [27987]: # of matches found 32515 and it took: 101124ms
query [27988]: # of matches found 32561 and it took: 100009ms
query [27989]: # of matches found 32396 and it took: 101417ms
query [27990]: # of matches found 32424 and it took: 100491ms
query [27991]: # of matches found 32412 and it took: 100967ms
query [27992]: # of matches found 32412 and it took: 101050ms
query [27993]: # of matches found 32560 and it took: 100855ms
query [27994]: # of matches found 32626 and it took: 100091ms
query [27995]: # of matches found 33290 and it took: 100663ms
query [27996]: # of matches found 33333 and it took: 101231ms
query [27997]: # of matches found 33240 and it took: 100638ms
query [27998]: # of matches found 33325 and it took: 100460ms
query [27999]: # of matches found 33410 and it took: 100953ms
PARMIK's matches per query up to q (1000) => [average: 46389, median: 39292, sum: 46389908]
Starting alignment for all queries [rev]...
queryBaseIndex: 27000
query [27000]: # of matches found 33099 and it took: 109629ms
query [27001]: # of matches found 32981 and it took: 109415ms
query [27002]: # of matches found 32651 and it took: 108412ms
query [27003]: # of matches found 32525 and it took: 109443ms
query [27004]: # of matches found 32176 and it took: 109026ms
query [27005]: # of matches found 31795 and it took: 109614ms
query [27006]: # of matches found 31671 and it took: 109445ms
query [27007]: # of matches found 31626 and it took: 108692ms
query [27008]: # of matches found 31605 and it took: 108920ms
query [27009]: # of matches found 31778 and it took: 108777ms
query [27010]: # of matches found 31967 and it took: 108823ms
query [27011]: # of matches found 32001 and it took: 108600ms
query [27012]: # of matches found 31896 and it took: 108036ms
query [27013]: # of matches found 31924 and it took: 109025ms
query [27014]: # of matches found 31885 and it took: 108732ms
query [27015]: # of matches found 31504 and it took: 108730ms
query [27016]: # of matches found 31182 and it took: 109238ms
query [27017]: # of matches found 30395 and it took: 108980ms
query [27018]: # of matches found 30108 and it took: 109181ms
query [27019]: # of matches found 31427 and it took: 109669ms
query [27020]: # of matches found 31515 and it took: 109470ms
query [27021]: # of matches found 31512 and it took: 109262ms
query [27022]: # of matches found 31318 and it took: 108483ms
query [27023]: # of matches found 31207 and it took: 109597ms
query [27024]: # of matches found 31275 and it took: 108807ms
query [27025]: # of matches found 31297 and it took: 108535ms
query [27026]: # of matches found 31408 and it took: 108955ms
query [27027]: # of matches found 31551 and it took: 108279ms
query [27028]: # of matches found 31436 and it took: 108711ms
query [27029]: # of matches found 31742 and it took: 109108ms
query [27030]: # of matches found 31950 and it took: 108348ms
query [27031]: # of matches found 31909 and it took: 108455ms
query [27032]: # of matches found 32393 and it took: 107882ms
query [27033]: # of matches found 32550 and it took: 108529ms
query [27034]: # of matches found 32667 and it took: 107764ms
query [27035]: # of matches found 32766 and it took: 107693ms
query [27036]: # of matches found 33029 and it took: 108466ms
query [27037]: # of matches found 33008 and it took: 107212ms
query [27038]: # of matches found 33035 and it took: 108022ms
query [27039]: # of matches found 33082 and it took: 107641ms
query [27040]: # of matches found 33068 and it took: 107612ms
query [27041]: # of matches found 32876 and it took: 107489ms
query [27042]: # of matches found 32817 and it took: 107010ms
query [27043]: # of matches found 32782 and it took: 107593ms
query [27044]: # of matches found 32678 and it took: 108012ms
query [27045]: # of matches found 32548 and it took: 107640ms
query [27046]: # of matches found 32373 and it took: 107853ms
query [27047]: # of matches found 31880 and it took: 106604ms
query [27048]: # of matches found 31460 and it took: 107682ms
query [27049]: # of matches found 31048 and it took: 107389ms
query [27050]: # of matches found 31147 and it took: 107645ms
query [27051]: # of matches found 31096 and it took: 107457ms
query [27052]: # of matches found 30935 and it took: 107368ms
query [27053]: # of matches found 30114 and it took: 107640ms
query [27054]: # of matches found 29997 and it took: 107981ms
query [27055]: # of matches found 29829 and it took: 107758ms
query [27056]: # of matches found 29721 and it took: 108111ms
query [27057]: # of matches found 29841 and it took: 107760ms
query [27058]: # of matches found 29887 and it took: 107910ms
query [27059]: # of matches found 30057 and it took: 108420ms
query [27060]: # of matches found 30074 and it took: 108541ms
query [27061]: # of matches found 30144 and it took: 108678ms
query [27062]: # of matches found 30385 and it took: 108174ms
query [27063]: # of matches found 30597 and it took: 108120ms
query [27064]: # of matches found 30661 and it took: 108338ms
query [27065]: # of matches found 30129 and it took: 107001ms
query [27066]: # of matches found 30372 and it took: 106360ms
query [27067]: # of matches found 30495 and it took: 105628ms
query [27068]: # of matches found 30611 and it took: 105752ms
query [27069]: # of matches found 30617 and it took: 106092ms
query [27070]: # of matches found 29864 and it took: 105659ms
query [27071]: # of matches found 29815 and it took: 105980ms
query [27072]: # of matches found 29857 and it took: 105164ms
query [27073]: # of matches found 29894 and it took: 106234ms
query [27074]: # of matches found 30124 and it took: 105498ms
query [27075]: # of matches found 30254 and it took: 104564ms
query [27076]: # of matches found 30296 and it took: 104702ms
query [27077]: # of matches found 30176 and it took: 104043ms
query [27078]: # of matches found 30347 and it took: 104136ms
query [27079]: # of matches found 30331 and it took: 104174ms
query [27080]: # of matches found 30207 and it took: 104739ms
query [27081]: # of matches found 30223 and it took: 104293ms
query [27082]: # of matches found 30248 and it took: 103693ms
query [27083]: # of matches found 30143 and it took: 104047ms
query [27084]: # of matches found 30190 and it took: 104366ms
query [27085]: # of matches found 30191 and it took: 104329ms
query [27086]: # of matches found 30023 and it took: 104511ms
query [27087]: # of matches found 30015 and it took: 104218ms
query [27088]: # of matches found 30041 and it took: 103822ms
query [27089]: # of matches found 30137 and it took: 103996ms
query [27090]: # of matches found 30025 and it took: 102876ms
query [27091]: # of matches found 30317 and it took: 105095ms
query [27092]: # of matches found 30188 and it took: 105346ms
query [27093]: # of matches found 30058 and it took: 104786ms
query [27094]: # of matches found 29955 and it took: 105697ms
query [27095]: # of matches found 29944 and it took: 104989ms
query [27096]: # of matches found 29225 and it took: 104986ms
query [27097]: # of matches found 29267 and it took: 105123ms
query [27098]: # of matches found 29010 and it took: 104893ms
query [27099]: # of matches found 29026 and it took: 104458ms
query [27100]: # of matches found 29075 and it took: 102420ms
query [27101]: # of matches found 29231 and it took: 102591ms
query [27102]: # of matches found 29407 and it took: 105234ms
query [27103]: # of matches found 29471 and it took: 104730ms
query [27104]: # of matches found 29728 and it took: 104633ms
query [27105]: # of matches found 29901 and it took: 104017ms
query [27106]: # of matches found 30087 and it took: 103458ms
query [27107]: # of matches found 30291 and it took: 103701ms
query [27108]: # of matches found 30628 and it took: 103858ms
query [27109]: # of matches found 30988 and it took: 102203ms
query [27110]: # of matches found 31511 and it took: 101447ms
query [27111]: # of matches found 31537 and it took: 101487ms
query [27112]: # of matches found 31555 and it took: 101922ms
query [27113]: # of matches found 31575 and it took: 102067ms
query [27114]: # of matches found 31657 and it took: 101429ms
query [27115]: # of matches found 31496 and it took: 101561ms
query [27116]: # of matches found 31635 and it took: 100734ms
query [27117]: # of matches found 31560 and it took: 101503ms
query [27118]: # of matches found 31706 and it took: 101204ms
query [27119]: # of matches found 31754 and it took: 101142ms
query [27120]: # of matches found 36194 and it took: 100181ms
query [27121]: # of matches found 36263 and it took: 100000ms
query [27122]: # of matches found 36720 and it took: 100899ms
query [27123]: # of matches found 37143 and it took: 100760ms
query [27124]: # of matches found 38079 and it took: 100969ms
query [27125]: # of matches found 37956 and it took: 100548ms
query [27126]: # of matches found 38028 and it took: 101252ms
query [27127]: # of matches found 38129 and it took: 100408ms
query [27128]: # of matches found 38146 and it took: 100694ms
query [27129]: # of matches found 38082 and it took: 100520ms
query [27130]: # of matches found 38198 and it took: 99375.9ms
query [27131]: # of matches found 38174 and it took: 99653.5ms
query [27132]: # of matches found 37371 and it took: 100781ms
query [27133]: # of matches found 37226 and it took: 100633ms
query [27134]: # of matches found 37413 and it took: 101438ms
query [27135]: # of matches found 37349 and it took: 100742ms
query [27136]: # of matches found 37153 and it took: 100740ms
query [27137]: # of matches found 37219 and it took: 101170ms
query [27138]: # of matches found 37323 and it took: 100599ms
query [27139]: # of matches found 37449 and it took: 100583ms
query [27140]: # of matches found 37359 and it took: 99618.4ms
query [27141]: # of matches found 37104 and it took: 100590ms
query [27142]: # of matches found 37167 and it took: 100575ms
query [27143]: # of matches found 37280 and it took: 100301ms
query [27144]: # of matches found 37278 and it took: 101043ms
query [27145]: # of matches found 37449 and it took: 100064ms
query [27146]: # of matches found 37507 and it took: 100091ms
query [27147]: # of matches found 37614 and it took: 99749.7ms
query [27148]: # of matches found 37810 and it took: 99727ms
query [27149]: # of matches found 37706 and it took: 98902.9ms
query [27150]: # of matches found 37924 and it took: 98230.1ms
query [27151]: # of matches found 37939 and it took: 98540ms
query [27152]: # of matches found 38044 and it took: 98607.8ms
query [27153]: # of matches found 37894 and it took: 98505ms
query [27154]: # of matches found 37977 and it took: 98060.9ms
query [27155]: # of matches found 37933 and it took: 96975ms
query [27156]: # of matches found 37978 and it took: 97830.7ms
query [27157]: # of matches found 38090 and it took: 98198ms
query [27158]: # of matches found 38062 and it took: 97772.4ms
query [27159]: # of matches found 37921 and it took: 98210.3ms
query [27160]: # of matches found 35885 and it took: 96849.8ms
query [27161]: # of matches found 35810 and it took: 96602.1ms
query [27162]: # of matches found 35751 and it took: 97403.8ms
query [27163]: # of matches found 35631 and it took: 97190.9ms
query [27164]: # of matches found 35585 and it took: 96721.4ms
query [27165]: # of matches found 35915 and it took: 96392ms
query [27166]: # of matches found 36340 and it took: 96470.5ms
query [27167]: # of matches found 37791 and it took: 96482.8ms
query [27168]: # of matches found 38764 and it took: 96720.2ms
query [27169]: # of matches found 39892 and it took: 96851ms
query [27170]: # of matches found 41766 and it took: 96099.6ms
query [27171]: # of matches found 43066 and it took: 96077ms
query [27172]: # of matches found 43300 and it took: 96116ms
query [27173]: # of matches found 43930 and it took: 96268ms
query [27174]: # of matches found 44247 and it took: 95929.9ms
query [27175]: # of matches found 44790 and it took: 96002.2ms
query [27176]: # of matches found 45129 and it took: 95408ms
query [27177]: # of matches found 45212 and it took: 95774.1ms
query [27178]: # of matches found 45047 and it took: 95296.4ms
query [27179]: # of matches found 45011 and it took: 95352.4ms
query [27180]: # of matches found 45064 and it took: 95638.6ms
query [27181]: # of matches found 45091 and it took: 95301.6ms
query [27182]: # of matches found 45227 and it took: 94344.2ms
query [27183]: # of matches found 45233 and it took: 94841.4ms
query [27184]: # of matches found 45125 and it took: 94360.4ms
query [27185]: # of matches found 45003 and it took: 94359.4ms
query [27186]: # of matches found 44996 and it took: 94000.3ms
query [27187]: # of matches found 44950 and it took: 94557.4ms
query [27188]: # of matches found 44935 and it took: 94601.3ms
query [27189]: # of matches found 44917 and it took: 94357.1ms
query [27190]: # of matches found 44922 and it took: 94209.2ms
query [27191]: # of matches found 44756 and it took: 94271.2ms
query [27192]: # of matches found 44740 and it took: 94048.6ms
query [27193]: # of matches found 44875 and it took: 93991.1ms
query [27194]: # of matches found 44843 and it took: 93907.4ms
query [27195]: # of matches found 44976 and it took: 93960.4ms
query [27196]: # of matches found 45036 and it took: 93541.2ms
query [27197]: # of matches found 45175 and it took: 93602.6ms
query [27198]: # of matches found 45468 and it took: 93384.8ms
query [27199]: # of matches found 45795 and it took: 93525.9ms
query [27200]: # of matches found 46390 and it took: 93960.1ms
query [27201]: # of matches found 46661 and it took: 93308.9ms
query [27202]: # of matches found 46452 and it took: 93005.2ms
query [27203]: # of matches found 46604 and it took: 93369.4ms
query [27204]: # of matches found 46991 and it took: 92585.1ms
query [27205]: # of matches found 47342 and it took: 92525.8ms
query [27206]: # of matches found 47163 and it took: 92358.1ms
query [27207]: # of matches found 47284 and it took: 92496.7ms
query [27208]: # of matches found 47247 and it took: 92223.4ms
query [27209]: # of matches found 47101 and it took: 92269.3ms
query [27210]: # of matches found 47102 and it took: 92110ms
query [27211]: # of matches found 47389 and it took: 92254ms
query [27212]: # of matches found 47443 and it took: 91763.5ms
query [27213]: # of matches found 48436 and it took: 92157.9ms
query [27214]: # of matches found 48509 and it took: 91623ms
query [27215]: # of matches found 48543 and it took: 92023.7ms
query [27216]: # of matches found 48758 and it took: 91730.7ms
query [27217]: # of matches found 49126 and it took: 91735.5ms
query [27218]: # of matches found 49318 and it took: 91825.2ms
query [27219]: # of matches found 49787 and it took: 92044.2ms
query [27220]: # of matches found 50025 and it took: 91454.7ms
query [27221]: # of matches found 50113 and it took: 91515.1ms
query [27222]: # of matches found 50230 and it took: 91311.5ms
query [27223]: # of matches found 50278 and it took: 91344.8ms
query [27224]: # of matches found 50285 and it took: 90751.3ms
query [27225]: # of matches found 50254 and it took: 91177.6ms
query [27226]: # of matches found 50413 and it took: 91126.1ms
query [27227]: # of matches found 50410 and it took: 91173.7ms
query [27228]: # of matches found 50458 and it took: 91403.8ms
query [27229]: # of matches found 50378 and it took: 91498ms
query [27230]: # of matches found 50447 and it took: 90973.9ms
query [27231]: # of matches found 50246 and it took: 91500.6ms
query [27232]: # of matches found 50347 and it took: 91165.4ms
query [27233]: # of matches found 50512 and it took: 91470.5ms
query [27234]: # of matches found 50502 and it took: 90580.4ms
query [27235]: # of matches found 50466 and it took: 90650.4ms
query [27236]: # of matches found 50387 and it took: 90059.5ms
query [27237]: # of matches found 50445 and it took: 90864.8ms
query [27238]: # of matches found 50699 and it took: 90602.4ms
query [27239]: # of matches found 50508 and it took: 91085ms
query [27240]: # of matches found 50558 and it took: 90709.9ms
query [27241]: # of matches found 50387 and it took: 90777.6ms
query [27242]: # of matches found 50190 and it took: 90752ms
query [27243]: # of matches found 50068 and it took: 90988.1ms
query [27244]: # of matches found 50046 and it took: 90445.3ms
query [27245]: # of matches found 49826 and it took: 91081.7ms
query [27246]: # of matches found 49809 and it took: 90754.8ms
query [27247]: # of matches found 49662 and it took: 91258.6ms
query [27248]: # of matches found 49347 and it took: 91674.8ms
query [27249]: # of matches found 49068 and it took: 91643.1ms
query [27250]: # of matches found 49142 and it took: 91434.6ms
query [27251]: # of matches found 49464 and it took: 91376.3ms
query [27252]: # of matches found 49538 and it took: 91405.3ms
query [27253]: # of matches found 49798 and it took: 91204.9ms
query [27254]: # of matches found 50345 and it took: 91067.3ms
query [27255]: # of matches found 50934 and it took: 91140.3ms
query [27256]: # of matches found 51463 and it took: 91134.3ms
query [27257]: # of matches found 52500 and it took: 91098.2ms
query [27258]: # of matches found 52742 and it took: 91428ms
query [27259]: # of matches found 53214 and it took: 93642.4ms
query [27260]: # of matches found 49679 and it took: 91221.6ms
query [27261]: # of matches found 50575 and it took: 90829.2ms
query [27262]: # of matches found 50955 and it took: 91220.8ms
query [27263]: # of matches found 51614 and it took: 90965.9ms
query [27264]: # of matches found 51693 and it took: 90643.9ms
query [27265]: # of matches found 51909 and it took: 91332.9ms
query [27266]: # of matches found 51879 and it took: 90984.2ms
query [27267]: # of matches found 51992 and it took: 91048.9ms
query [27268]: # of matches found 51719 and it took: 91262.3ms
query [27269]: # of matches found 51702 and it took: 91016.4ms
query [27270]: # of matches found 54949 and it took: 90440.2ms
query [27271]: # of matches found 54774 and it took: 90474.2ms
query [27272]: # of matches found 54643 and it took: 90651.7ms
query [27273]: # of matches found 54753 and it took: 90039.9ms
query [27274]: # of matches found 54100 and it took: 90299.3ms
query [27275]: # of matches found 53978 and it took: 90462ms
query [27276]: # of matches found 54049 and it took: 90405.8ms
query [27277]: # of matches found 53870 and it took: 90334.4ms
query [27278]: # of matches found 53664 and it took: 91193.2ms
query [27279]: # of matches found 53666 and it took: 90610.8ms
query [27280]: # of matches found 53532 and it took: 90650.3ms
query [27281]: # of matches found 53417 and it took: 90521.9ms
query [27282]: # of matches found 53289 and it took: 91044.5ms
query [27283]: # of matches found 53114 and it took: 90374.3ms
query [27284]: # of matches found 53096 and it took: 89911.3ms
query [27285]: # of matches found 52962 and it took: 90055.9ms
query [27286]: # of matches found 52868 and it took: 90537.1ms
query [27287]: # of matches found 52718 and it took: 90899.3ms
query [27288]: # of matches found 52645 and it took: 91140.7ms
query [27289]: # of matches found 52636 and it took: 90992.5ms
query [27290]: # of matches found 52686 and it took: 91352.3ms
query [27291]: # of matches found 52274 and it took: 91279.5ms
query [27292]: # of matches found 52088 and it took: 91902.7ms
query [27293]: # of matches found 51966 and it took: 91508.5ms
query [27294]: # of matches found 51838 and it took: 91499.3ms
query [27295]: # of matches found 51818 and it took: 91913.4ms
query [27296]: # of matches found 51709 and it took: 92051.6ms
query [27297]: # of matches found 51751 and it took: 92894.9ms
query [27298]: # of matches found 51627 and it took: 93237.7ms
query [27299]: # of matches found 51652 and it took: 92928.2ms
query [27300]: # of matches found 51642 and it took: 93011.8ms
query [27301]: # of matches found 51814 and it took: 93114.5ms
query [27302]: # of matches found 52023 and it took: 93372ms
query [27303]: # of matches found 52206 and it took: 92901.5ms
query [27304]: # of matches found 52132 and it took: 93122.8ms
query [27305]: # of matches found 51865 and it took: 93231.6ms
query [27306]: # of matches found 51432 and it took: 94202.1ms
query [27307]: # of matches found 50063 and it took: 94889.8ms
query [27308]: # of matches found 49070 and it took: 94718ms
query [27309]: # of matches found 47710 and it took: 96261.6ms
query [27310]: # of matches found 45497 and it took: 94878.4ms
query [27311]: # of matches found 44490 and it took: 94333.1ms
query [27312]: # of matches found 43265 and it took: 94764.8ms
query [27313]: # of matches found 42556 and it took: 94892.5ms
query [27314]: # of matches found 41824 and it took: 94535.2ms
query [27315]: # of matches found 41468 and it took: 95363ms
query [27316]: # of matches found 40599 and it took: 95584.5ms
query [27317]: # of matches found 40379 and it took: 96451.4ms
query [27318]: # of matches found 40310 and it took: 96255.3ms
query [27319]: # of matches found 40312 and it took: 96277.6ms
query [27320]: # of matches found 40216 and it took: 95581ms
query [27321]: # of matches found 40179 and it took: 95560.1ms
query [27322]: # of matches found 40143 and it took: 95808.5ms
query [27323]: # of matches found 40083 and it took: 95676.6ms
query [27324]: # of matches found 40055 and it took: 95506ms
query [27325]: # of matches found 40108 and it took: 96265.7ms
query [27326]: # of matches found 41663 and it took: 96470.3ms
query [27327]: # of matches found 41711 and it took: 97199.4ms
query [27328]: # of matches found 41888 and it took: 96977.4ms
query [27329]: # of matches found 41931 and it took: 97850ms
query [27330]: # of matches found 41860 and it took: 102186ms
query [27331]: # of matches found 41944 and it took: 98039.7ms
query [27332]: # of matches found 41914 and it took: 97674.5ms
query [27333]: # of matches found 41922 and it took: 98344ms
query [27334]: # of matches found 41973 and it took: 97514.4ms
query [27335]: # of matches found 41847 and it took: 97660.7ms
query [27336]: # of matches found 41819 and it took: 98246.7ms
query [27337]: # of matches found 41742 and it took: 99085.7ms
query [27338]: # of matches found 46294 and it took: 98180.5ms
query [27339]: # of matches found 47376 and it took: 98558ms
query [27340]: # of matches found 47134 and it took: 98065.8ms
query [27341]: # of matches found 47395 and it took: 99194.8ms
query [27342]: # of matches found 48586 and it took: 98098ms
query [27343]: # of matches found 48758 and it took: 98317.1ms
query [27344]: # of matches found 48334 and it took: 97678.5ms
query [27345]: # of matches found 47915 and it took: 97164.2ms
query [27346]: # of matches found 47966 and it took: 97768.1ms
query [27347]: # of matches found 47885 and it took: 98476.6ms
query [27348]: # of matches found 48032 and it took: 98121.5ms
query [27349]: # of matches found 48014 and it took: 97656.5ms
query [27350]: # of matches found 48058 and it took: 96938.7ms
query [27351]: # of matches found 48012 and it took: 97239.6ms
query [27352]: # of matches found 48071 and it took: 97308.6ms
query [27353]: # of matches found 47900 and it took: 97873.1ms
query [27354]: # of matches found 48182 and it took: 97560.2ms
query [27355]: # of matches found 48022 and it took: 96912ms
query [27356]: # of matches found 47815 and it took: 97485.1ms
query [27357]: # of matches found 47761 and it took: 98306.5ms
query [27358]: # of matches found 47681 and it took: 97921.1ms
query [27359]: # of matches found 47659 and it took: 98094.6ms
query [27360]: # of matches found 48040 and it took: 97718.4ms
query [27361]: # of matches found 48013 and it took: 98224.7ms
query [27362]: # of matches found 48092 and it took: 97513.5ms
query [27363]: # of matches found 48069 and it took: 98567ms
query [27364]: # of matches found 48081 and it took: 97711.9ms
query [27365]: # of matches found 48048 and it took: 98242.1ms
query [27366]: # of matches found 47851 and it took: 98117.2ms
query [27367]: # of matches found 47777 and it took: 99076.2ms
query [27368]: # of matches found 47659 and it took: 99273.7ms
query [27369]: # of matches found 47576 and it took: 99165ms
query [27370]: # of matches found 47476 and it took: 98978ms
query [27371]: # of matches found 47433 and it took: 99359.5ms
query [27372]: # of matches found 47306 and it took: 99065.7ms
query [27373]: # of matches found 47149 and it took: 99268.5ms
query [27374]: # of matches found 47044 and it took: 98609.8ms
query [27375]: # of matches found 46929 and it took: 98487.8ms
query [27376]: # of matches found 46908 and it took: 99382.1ms
query [27377]: # of matches found 46830 and it took: 100345ms
query [27378]: # of matches found 46660 and it took: 99696.2ms
query [27379]: # of matches found 46553 and it took: 100084ms
query [27380]: # of matches found 46666 and it took: 100393ms
query [27381]: # of matches found 46781 and it took: 100741ms
query [27382]: # of matches found 46964 and it took: 99694.8ms
query [27383]: # of matches found 47098 and it took: 100492ms
query [27384]: # of matches found 47360 and it took: 99979.2ms
query [27385]: # of matches found 47649 and it took: 100529ms
query [27386]: # of matches found 47886 and it took: 100705ms
query [27387]: # of matches found 47887 and it took: 101606ms
query [27388]: # of matches found 48103 and it took: 101089ms
query [27389]: # of matches found 48319 and it took: 101920ms
query [27390]: # of matches found 48035 and it took: 102456ms
query [27391]: # of matches found 47592 and it took: 101444ms
query [27392]: # of matches found 47457 and it took: 101690ms
query [27393]: # of matches found 47329 and it took: 103358ms
query [27394]: # of matches found 46848 and it took: 101600ms
query [27395]: # of matches found 46226 and it took: 102204ms
query [27396]: # of matches found 45637 and it took: 102189ms
query [27397]: # of matches found 44724 and it took: 103647ms
query [27398]: # of matches found 44138 and it took: 103152ms
query [27399]: # of matches found 43762 and it took: 103668ms
query [27400]: # of matches found 42745 and it took: 103187ms
query [27401]: # of matches found 42218 and it took: 103937ms
query [27402]: # of matches found 41728 and it took: 102852ms
query [27403]: # of matches found 40164 and it took: 103437ms
query [27404]: # of matches found 39382 and it took: 102262ms
query [27405]: # of matches found 39113 and it took: 103066ms
query [27406]: # of matches found 39916 and it took: 103039ms
query [27407]: # of matches found 39793 and it took: 103851ms
query [27408]: # of matches found 39885 and it took: 105270ms
query [27409]: # of matches found 40085 and it took: 104128ms
query [27410]: # of matches found 36489 and it took: 103072ms
query [27411]: # of matches found 36521 and it took: 103129ms
query [27412]: # of matches found 36522 and it took: 102741ms
query [27413]: # of matches found 36928 and it took: 102884ms
query [27414]: # of matches found 36883 and it took: 101929ms
query [27415]: # of matches found 36915 and it took: 101877ms
query [27416]: # of matches found 36895 and it took: 101634ms
query [27417]: # of matches found 37606 and it took: 102364ms
query [27418]: # of matches found 37583 and it took: 102434ms
query [27419]: # of matches found 37541 and it took: 102988ms
query [27420]: # of matches found 37767 and it took: 102644ms
query [27421]: # of matches found 37785 and it took: 102556ms
query [27422]: # of matches found 37819 and it took: 101692ms
query [27423]: # of matches found 37990 and it took: 102030ms
query [27424]: # of matches found 38765 and it took: 101518ms
query [27425]: # of matches found 38890 and it took: 102310ms
query [27426]: # of matches found 38874 and it took: 101701ms
query [27427]: # of matches found 38869 and it took: 102394ms
query [27428]: # of matches found 38871 and it took: 101975ms
query [27429]: # of matches found 38779 and it took: 102691ms
query [27430]: # of matches found 38582 and it took: 101936ms
query [27431]: # of matches found 38637 and it took: 101489ms
query [27432]: # of matches found 38654 and it took: 101559ms
query [27433]: # of matches found 38752 and it took: 101983ms
query [27434]: # of matches found 38711 and it took: 101705ms
query [27435]: # of matches found 38704 and it took: 101808ms
query [27436]: # of matches found 39060 and it took: 101691ms
query [27437]: # of matches found 39241 and it took: 102243ms
query [27438]: # of matches found 39807 and it took: 101897ms
query [27439]: # of matches found 40499 and it took: 102300ms
query [27440]: # of matches found 41513 and it took: 101840ms
query [27441]: # of matches found 42074 and it took: 101677ms
query [27442]: # of matches found 42348 and it took: 101023ms
query [27443]: # of matches found 42419 and it took: 101676ms
query [27444]: # of matches found 43055 and it took: 100761ms
query [27445]: # of matches found 43330 and it took: 100888ms
query [27446]: # of matches found 43265 and it took: 100693ms
query [27447]: # of matches found 43506 and it took: 100802ms
query [27448]: # of matches found 43504 and it took: 100406ms
query [27449]: # of matches found 43545 and it took: 100854ms
query [27450]: # of matches found 43964 and it took: 100619ms
query [27451]: # of matches found 43906 and it took: 100675ms
query [27452]: # of matches found 43907 and it took: 100337ms
query [27453]: # of matches found 43949 and it took: 100950ms
query [27454]: # of matches found 44051 and it took: 100614ms
query [27455]: # of matches found 44117 and it took: 101069ms
query [27456]: # of matches found 44111 and it took: 100562ms
query [27457]: # of matches found 44119 and it took: 101137ms
query [27458]: # of matches found 44222 and it took: 100827ms
query [27459]: # of matches found 44179 and it took: 101028ms
query [27460]: # of matches found 44217 and it took: 101327ms
query [27461]: # of matches found 44165 and it took: 101495ms
query [27462]: # of matches found 44121 and it took: 100432ms
query [27463]: # of matches found 44188 and it took: 100571ms
query [27464]: # of matches found 44297 and it took: 100653ms
query [27465]: # of matches found 44359 and it took: 100980ms
query [27466]: # of matches found 43112 and it took: 101224ms
query [27467]: # of matches found 43082 and it took: 100681ms
query [27468]: # of matches found 42919 and it took: 101826ms
query [27469]: # of matches found 42854 and it took: 101402ms
query [27470]: # of matches found 42833 and it took: 101510ms
query [27471]: # of matches found 42724 and it took: 101755ms
query [27472]: # of matches found 42716 and it took: 100980ms
query [27473]: # of matches found 42702 and it took: 101373ms
query [27474]: # of matches found 42911 and it took: 101763ms
query [27475]: # of matches found 42827 and it took: 101834ms
query [27476]: # of matches found 42720 and it took: 101476ms
query [27477]: # of matches found 42473 and it took: 102142ms
query [27478]: # of matches found 42244 and it took: 101870ms
query [27479]: # of matches found 35857 and it took: 103099ms
query [27480]: # of matches found 35645 and it took: 103786ms
query [27481]: # of matches found 35208 and it took: 103354ms
query [27482]: # of matches found 33885 and it took: 102330ms
query [27483]: # of matches found 33050 and it took: 102349ms
query [27484]: # of matches found 32514 and it took: 102905ms
query [27485]: # of matches found 32532 and it took: 103495ms
query [27486]: # of matches found 32403 and it took: 103319ms
query [27487]: # of matches found 32353 and it took: 103580ms
query [27488]: # of matches found 32214 and it took: 104186ms
query [27489]: # of matches found 32176 and it took: 104302ms
query [27490]: # of matches found 32170 and it took: 103615ms
query [27491]: # of matches found 32191 and it took: 103940ms
query [27492]: # of matches found 32133 and it took: 103615ms
query [27493]: # of matches found 31928 and it took: 104072ms
query [27494]: # of matches found 31252 and it took: 104193ms
query [27495]: # of matches found 30988 and it took: 104333ms
query [27496]: # of matches found 31320 and it took: 106239ms
query [27497]: # of matches found 31300 and it took: 106302ms
query [27498]: # of matches found 31449 and it took: 106554ms
query [27499]: # of matches found 31276 and it took: 104892ms
query [27500]: # of matches found 30597 and it took: 104595ms
query [27501]: # of matches found 30118 and it took: 104889ms
query [27502]: # of matches found 29926 and it took: 104647ms
query [27503]: # of matches found 29815 and it took: 104500ms
query [27504]: # of matches found 29760 and it took: 105352ms
query [27505]: # of matches found 30092 and it took: 104370ms
query [27506]: # of matches found 30287 and it took: 104467ms
query [27507]: # of matches found 30337 and it took: 104810ms
query [27508]: # of matches found 30584 and it took: 104688ms
query [27509]: # of matches found 30870 and it took: 104680ms
query [27510]: # of matches found 31100 and it took: 104266ms
query [27511]: # of matches found 31020 and it took: 104971ms
query [27512]: # of matches found 31205 and it took: 104514ms
query [27513]: # of matches found 31309 and it took: 105011ms
query [27514]: # of matches found 31450 and it took: 104990ms
query [27515]: # of matches found 31551 and it took: 104467ms
query [27516]: # of matches found 31634 and it took: 104956ms
query [27517]: # of matches found 31716 and it took: 105229ms
query [27518]: # of matches found 31783 and it took: 105565ms
query [27519]: # of matches found 31804 and it took: 105477ms
query [27520]: # of matches found 31864 and it took: 105325ms
query [27521]: # of matches found 31770 and it took: 105690ms
query [27522]: # of matches found 31783 and it took: 105619ms
query [27523]: # of matches found 31738 and it took: 105941ms
query [27524]: # of matches found 31699 and it took: 105456ms
query [27525]: # of matches found 31575 and it took: 105052ms
query [27526]: # of matches found 31418 and it took: 105571ms
query [27527]: # of matches found 31874 and it took: 105297ms
query [27528]: # of matches found 32332 and it took: 106132ms
query [27529]: # of matches found 32397 and it took: 105269ms
query [27530]: # of matches found 32453 and it took: 105520ms
