no kmerRangesFileAddressArg!
no baselineBaseAddress!
no otherToolArg!
**********************CONFIGURATIONS*****************************
PARMIK mode:                  3
readDatabaseAddress:          /p/lava/parmik/partialMatcherProject/datasets/metagenomicDB/SRR14381425/SRR14381425_reads
readFileName:                 SRR14381425_reads
queryFileAddress:             /p/lava/parmik/partialMatcherProject/datasets/queryFiles/covidQueryFiles/NC_045512_chunks/NC_045512_queries_5000-5999
queryFileName:                NC_045512_queries_5000-5999
otherToolOutputFileAddress:   /u/rgq5aw/GIT/PARMIK/partialMatcherProject/tools/blast/SRR14381425/NC_045512/blastn_ws30_results.out
outputDir:                    /p/lava/parmik/partialMatcherProject/tools/baseline_ssw/SRR14381425/NC_045512
penaltyFileAddress:           /u/rgq5aw/GIT/PARMIK/experiments/parmik/CK_SSW_ID_PRCNTG/PenaltySets/2484_1111_2444_2288_2848
kmerRangesFileAddress:        
readsCount:                   27000000
queryCount:                   30000
kmerLength:                   11
regionSize:                   48
cheapKmerThreshold:           0
identityPercentage:           0.85
minExactMatchLen:             0
minNumExactMatchKmer:         0
isIndexOffline:               1
offlineIndexAddress:          /p/lava/parmik/partialMatcherProject/tools/parmik/CK_INDEX/SRR14381425/
baselineBaseAddress:          
max editDistance in min region: 2
**********************CONFIGURATIONS*****************************
--------------Penalties--------------
m: 2, s: 4, go: 8, ge: 4
m: 1, s: 1, go: 1, ge: 1
m: 2, s: 4, go: 4, ge: 4
m: 2, s: 2, go: 8, ge: 8
m: 2, s: 8, go: 4, ge: 8
------------------------------------
numberOfReadsWithN : 0
queryCount : 1000
numberOfReadsWithN : 0
readCount : 19837502
offlineCheapIndexAddress: /p/lava/parmik/partialMatcherProject/tools/parmik/CK_INDEX/SRR14381425/ck_T0_K11_r27000000
pmrkAlignmentsAddress: /p/lava/parmik/partialMatcherProject/tools/baseline_ssw/SRR14381425/NC_045512/aln/pmAln_R48_PI85_L0_M0_E2_K11_T0_P_2484_1111_2444_2288_2848.txt
Starting alignment for all queries [fwd]...
queryBaseIndex: 5000
query [5000]: # of matches found 48450 and it took: 112508ms
query [5001]: # of matches found 48369 and it took: 112607ms
query [5002]: # of matches found 48292 and it took: 112154ms
query [5003]: # of matches found 48256 and it took: 112553ms
query [5004]: # of matches found 48436 and it took: 112385ms
query [5005]: # of matches found 48388 and it took: 110956ms
query [5006]: # of matches found 48654 and it took: 112259ms
query [5007]: # of matches found 48739 and it took: 111864ms
query [5008]: # of matches found 48909 and it took: 112337ms
query [5009]: # of matches found 48875 and it took: 112237ms
query [5010]: # of matches found 48839 and it took: 112070ms
query [5011]: # of matches found 48891 and it took: 111535ms
query [5012]: # of matches found 49305 and it took: 111540ms
query [5013]: # of matches found 49297 and it took: 111873ms
query [5014]: # of matches found 50041 and it took: 111751ms
query [5015]: # of matches found 50155 and it took: 110017ms
query [5016]: # of matches found 50210 and it took: 111128ms
query [5017]: # of matches found 50161 and it took: 110011ms
query [5018]: # of matches found 50268 and it took: 110077ms
query [5019]: # of matches found 50195 and it took: 110332ms
query [5020]: # of matches found 50193 and it took: 109407ms
query [5021]: # of matches found 50001 and it took: 110340ms
query [5022]: # of matches found 49860 and it took: 110398ms
query [5023]: # of matches found 49729 and it took: 110240ms
query [5024]: # of matches found 49748 and it took: 109737ms
query [5025]: # of matches found 49864 and it took: 108924ms
query [5026]: # of matches found 50017 and it took: 110232ms
query [5027]: # of matches found 50097 and it took: 109774ms
query [5028]: # of matches found 50386 and it took: 110031ms
query [5029]: # of matches found 50615 and it took: 109812ms
query [5030]: # of matches found 50742 and it took: 109792ms
query [5031]: # of matches found 51058 and it took: 109488ms
query [5032]: # of matches found 51138 and it took: 110100ms
query [5033]: # of matches found 51238 and it took: 110297ms
query [5034]: # of matches found 44782 and it took: 110552ms
query [5035]: # of matches found 44762 and it took: 110263ms
query [5036]: # of matches found 44678 and it took: 110322ms
query [5037]: # of matches found 44623 and it took: 109845ms
query [5038]: # of matches found 44407 and it took: 110172ms
query [5039]: # of matches found 44280 and it took: 111305ms
query [5040]: # of matches found 44158 and it took: 110734ms
query [5041]: # of matches found 44170 and it took: 110728ms
query [5042]: # of matches found 44165 and it took: 110824ms
query [5043]: # of matches found 44071 and it took: 110888ms
query [5044]: # of matches found 44077 and it took: 110359ms
query [5045]: # of matches found 47319 and it took: 110103ms
query [5046]: # of matches found 47457 and it took: 111002ms
query [5047]: # of matches found 47523 and it took: 110645ms
query [5048]: # of matches found 47667 and it took: 110816ms
query [5049]: # of matches found 47720 and it took: 111100ms
query [5050]: # of matches found 48517 and it took: 111124ms
query [5051]: # of matches found 48311 and it took: 111151ms
query [5052]: # of matches found 48187 and it took: 111355ms
query [5053]: # of matches found 48040 and it took: 111317ms
query [5054]: # of matches found 47985 and it took: 111146ms
query [5055]: # of matches found 47410 and it took: 110636ms
query [5056]: # of matches found 47120 and it took: 111632ms
query [5057]: # of matches found 46926 and it took: 111384ms
query [5058]: # of matches found 46819 and it took: 111653ms
query [5059]: # of matches found 46628 and it took: 111963ms
query [5060]: # of matches found 46387 and it took: 112044ms
query [5061]: # of matches found 46236 and it took: 113103ms
query [5062]: # of matches found 46078 and it took: 113361ms
query [5063]: # of matches found 45976 and it took: 113180ms
query [5064]: # of matches found 46782 and it took: 113544ms
query [5065]: # of matches found 45786 and it took: 113253ms
query [5066]: # of matches found 45750 and it took: 113366ms
query [5067]: # of matches found 46144 and it took: 113735ms
query [5068]: # of matches found 46326 and it took: 114327ms
query [5069]: # of matches found 46231 and it took: 114015ms
query [5070]: # of matches found 46253 and it took: 114709ms
query [5071]: # of matches found 46347 and it took: 114440ms
query [5072]: # of matches found 46485 and it took: 114587ms
query [5073]: # of matches found 46390 and it took: 114976ms
query [5074]: # of matches found 46073 and it took: 115008ms
query [5075]: # of matches found 45986 and it took: 114910ms
query [5076]: # of matches found 45495 and it took: 115490ms
query [5077]: # of matches found 45115 and it took: 114966ms
query [5078]: # of matches found 44709 and it took: 115342ms
query [5079]: # of matches found 43966 and it took: 115416ms
query [5080]: # of matches found 43432 and it took: 115341ms
query [5081]: # of matches found 42493 and it took: 115623ms
query [5082]: # of matches found 42307 and it took: 115752ms
query [5083]: # of matches found 42208 and it took: 116602ms
query [5084]: # of matches found 42426 and it took: 116131ms
query [5085]: # of matches found 43010 and it took: 116768ms
query [5086]: # of matches found 43217 and it took: 116434ms
query [5087]: # of matches found 43275 and it took: 116063ms
query [5088]: # of matches found 43405 and it took: 115862ms
query [5089]: # of matches found 43500 and it took: 116479ms
query [5090]: # of matches found 43735 and it took: 115861ms
query [5091]: # of matches found 43866 and it took: 116257ms
query [5092]: # of matches found 45691 and it took: 115865ms
query [5093]: # of matches found 45473 and it took: 116121ms
query [5094]: # of matches found 45381 and it took: 115614ms
query [5095]: # of matches found 45613 and it took: 115309ms
query [5096]: # of matches found 45597 and it took: 115719ms
query [5097]: # of matches found 45606 and it took: 115160ms
query [5098]: # of matches found 45467 and it took: 115310ms
query [5099]: # of matches found 45458 and it took: 115528ms
query [5100]: # of matches found 45325 and it took: 114501ms
query [5101]: # of matches found 45341 and it took: 114955ms
query [5102]: # of matches found 45417 and it took: 115134ms
query [5103]: # of matches found 44665 and it took: 115654ms
query [5104]: # of matches found 44301 and it took: 115086ms
query [5105]: # of matches found 44011 and it took: 114925ms
query [5106]: # of matches found 43564 and it took: 115404ms
query [5107]: # of matches found 43601 and it took: 114858ms
query [5108]: # of matches found 43469 and it took: 114849ms
query [5109]: # of matches found 43697 and it took: 115268ms
query [5110]: # of matches found 42994 and it took: 115668ms
query [5111]: # of matches found 42478 and it took: 115329ms
query [5112]: # of matches found 41750 and it took: 115057ms
query [5113]: # of matches found 41764 and it took: 114844ms
query [5114]: # of matches found 41949 and it took: 115159ms
query [5115]: # of matches found 42030 and it took: 115021ms
query [5116]: # of matches found 41795 and it took: 114935ms
query [5117]: # of matches found 40244 and it took: 115257ms
query [5118]: # of matches found 38924 and it took: 115765ms
query [5119]: # of matches found 39286 and it took: 115503ms
query [5120]: # of matches found 40010 and it took: 115692ms
query [5121]: # of matches found 39757 and it took: 116000ms
query [5122]: # of matches found 39632 and it took: 115204ms
query [5123]: # of matches found 39625 and it took: 115372ms
query [5124]: # of matches found 39407 and it took: 114618ms
query [5125]: # of matches found 39235 and it took: 114430ms
query [5126]: # of matches found 39286 and it took: 114225ms
query [5127]: # of matches found 39732 and it took: 114418ms
query [5128]: # of matches found 39772 and it took: 114145ms
query [5129]: # of matches found 39337 and it took: 113968ms
query [5130]: # of matches found 39415 and it took: 114822ms
query [5131]: # of matches found 39237 and it took: 114539ms
query [5132]: # of matches found 39221 and it took: 113900ms
query [5133]: # of matches found 39176 and it took: 113815ms
query [5134]: # of matches found 39085 and it took: 113088ms
query [5135]: # of matches found 39050 and it took: 113664ms
query [5136]: # of matches found 39214 and it took: 112916ms
query [5137]: # of matches found 39439 and it took: 113031ms
query [5138]: # of matches found 39562 and it took: 112712ms
query [5139]: # of matches found 39917 and it took: 113447ms
query [5140]: # of matches found 40036 and it took: 113574ms
query [5141]: # of matches found 40120 and it took: 113432ms
query [5142]: # of matches found 40160 and it took: 112831ms
query [5143]: # of matches found 40283 and it took: 112399ms
query [5144]: # of matches found 40060 and it took: 112464ms
query [5145]: # of matches found 40233 and it took: 113249ms
query [5146]: # of matches found 40412 and it took: 112441ms
query [5147]: # of matches found 40344 and it took: 112651ms
query [5148]: # of matches found 40113 and it took: 112241ms
query [5149]: # of matches found 40120 and it took: 112809ms
query [5150]: # of matches found 40341 and it took: 112625ms
query [5151]: # of matches found 40369 and it took: 112695ms
query [5152]: # of matches found 39976 and it took: 113156ms
query [5153]: # of matches found 39877 and it took: 112608ms
query [5154]: # of matches found 38872 and it took: 112302ms
query [5155]: # of matches found 38721 and it took: 112777ms
query [5156]: # of matches found 38539 and it took: 112077ms
query [5157]: # of matches found 38619 and it took: 112160ms
query [5158]: # of matches found 38539 and it took: 112328ms
query [5159]: # of matches found 38570 and it took: 112614ms
query [5160]: # of matches found 38668 and it took: 112689ms
query [5161]: # of matches found 38817 and it took: 112579ms
query [5162]: # of matches found 39231 and it took: 112203ms
query [5163]: # of matches found 39249 and it took: 111472ms
query [5164]: # of matches found 39065 and it took: 111743ms
query [5165]: # of matches found 38945 and it took: 112806ms
query [5166]: # of matches found 38748 and it took: 112047ms
query [5167]: # of matches found 38552 and it took: 112628ms
query [5168]: # of matches found 38592 and it took: 112332ms
query [5169]: # of matches found 38564 and it took: 112427ms
query [5170]: # of matches found 38678 and it took: 112665ms
query [5171]: # of matches found 38563 and it took: 112474ms
query [5172]: # of matches found 39006 and it took: 112698ms
query [5173]: # of matches found 38961 and it took: 112303ms
query [5174]: # of matches found 39125 and it took: 111790ms
query [5175]: # of matches found 39482 and it took: 112614ms
query [5176]: # of matches found 40011 and it took: 111572ms
query [5177]: # of matches found 40017 and it took: 111866ms
query [5178]: # of matches found 40151 and it took: 112039ms
query [5179]: # of matches found 40502 and it took: 111901ms
query [5180]: # of matches found 40664 and it took: 111964ms
query [5181]: # of matches found 40790 and it took: 111368ms
query [5182]: # of matches found 40760 and it took: 112121ms
query [5183]: # of matches found 43051 and it took: 111450ms
query [5184]: # of matches found 43098 and it took: 111784ms
query [5185]: # of matches found 43169 and it took: 112468ms
query [5186]: # of matches found 40515 and it took: 111135ms
query [5187]: # of matches found 40496 and it took: 112182ms
query [5188]: # of matches found 40373 and it took: 112056ms
query [5189]: # of matches found 40385 and it took: 112246ms
query [5190]: # of matches found 39438 and it took: 111914ms
query [5191]: # of matches found 39432 and it took: 110986ms
query [5192]: # of matches found 39444 and it took: 111792ms
query [5193]: # of matches found 39600 and it took: 111332ms
query [5194]: # of matches found 39638 and it took: 111669ms
query [5195]: # of matches found 39650 and it took: 112081ms
query [5196]: # of matches found 39820 and it took: 110999ms
query [5197]: # of matches found 39997 and it took: 111913ms
query [5198]: # of matches found 40578 and it took: 111507ms
query [5199]: # of matches found 40743 and it took: 112010ms
query [5200]: # of matches found 40787 and it took: 112419ms
query [5201]: # of matches found 40948 and it took: 111768ms
query [5202]: # of matches found 40992 and it took: 112008ms
query [5203]: # of matches found 41117 and it took: 112641ms
query [5204]: # of matches found 40168 and it took: 112270ms
query [5205]: # of matches found 40216 and it took: 112425ms
query [5206]: # of matches found 40318 and it took: 111856ms
query [5207]: # of matches found 39725 and it took: 112281ms
query [5208]: # of matches found 39567 and it took: 112937ms
query [5209]: # of matches found 40112 and it took: 112522ms
query [5210]: # of matches found 40071 and it took: 113730ms
query [5211]: # of matches found 39975 and it took: 112202ms
query [5212]: # of matches found 39869 and it took: 113279ms
query [5213]: # of matches found 40002 and it took: 113063ms
query [5214]: # of matches found 40088 and it took: 113377ms
query [5215]: # of matches found 40109 and it took: 113321ms
query [5216]: # of matches found 40096 and it took: 112794ms
query [5217]: # of matches found 40204 and it took: 113692ms
query [5218]: # of matches found 40363 and it took: 113662ms
query [5219]: # of matches found 40069 and it took: 113938ms
query [5220]: # of matches found 39575 and it took: 114820ms
query [5221]: # of matches found 39467 and it took: 113757ms
query [5222]: # of matches found 39429 and it took: 114889ms
query [5223]: # of matches found 39329 and it took: 114867ms
query [5224]: # of matches found 39342 and it took: 115189ms
query [5225]: # of matches found 38817 and it took: 115718ms
query [5226]: # of matches found 38360 and it took: 115756ms
query [5227]: # of matches found 38251 and it took: 115595ms
query [5228]: # of matches found 38175 and it took: 115893ms
query [5229]: # of matches found 38522 and it took: 116684ms
query [5230]: # of matches found 38595 and it took: 116900ms
query [5231]: # of matches found 38568 and it took: 115989ms
query [5232]: # of matches found 36863 and it took: 118063ms
query [5233]: # of matches found 37045 and it took: 117356ms
query [5234]: # of matches found 37207 and it took: 117287ms
query [5235]: # of matches found 37715 and it took: 117274ms
query [5236]: # of matches found 37907 and it took: 117125ms
query [5237]: # of matches found 38800 and it took: 117560ms
query [5238]: # of matches found 39055 and it took: 118061ms
query [5239]: # of matches found 39293 and it took: 118391ms
query [5240]: # of matches found 39658 and it took: 118551ms
query [5241]: # of matches found 39972 and it took: 118042ms
query [5242]: # of matches found 39872 and it took: 118629ms
query [5243]: # of matches found 39798 and it took: 118521ms
query [5244]: # of matches found 39701 and it took: 118573ms
query [5245]: # of matches found 39703 and it took: 118387ms
query [5246]: # of matches found 39738 and it took: 119328ms
query [5247]: # of matches found 39502 and it took: 119006ms
query [5248]: # of matches found 39394 and it took: 118836ms
query [5249]: # of matches found 39010 and it took: 118564ms
query [5250]: # of matches found 38768 and it took: 119401ms
query [5251]: # of matches found 38591 and it took: 118472ms
query [5252]: # of matches found 38530 and it took: 119000ms
query [5253]: # of matches found 38437 and it took: 119574ms
query [5254]: # of matches found 38123 and it took: 120068ms
query [5255]: # of matches found 38000 and it took: 119297ms
query [5256]: # of matches found 37690 and it took: 120033ms
query [5257]: # of matches found 37756 and it took: 119557ms
query [5258]: # of matches found 37602 and it took: 119164ms
query [5259]: # of matches found 37093 and it took: 119425ms
query [5260]: # of matches found 36100 and it took: 119777ms
query [5261]: # of matches found 36002 and it took: 118505ms
query [5262]: # of matches found 35953 and it took: 119332ms
query [5263]: # of matches found 35747 and it took: 119443ms
query [5264]: # of matches found 35773 and it took: 120361ms
query [5265]: # of matches found 35714 and it took: 119009ms
query [5266]: # of matches found 35646 and it took: 119565ms
query [5267]: # of matches found 35137 and it took: 119116ms
query [5268]: # of matches found 34834 and it took: 119017ms
query [5269]: # of matches found 34736 and it took: 119215ms
query [5270]: # of matches found 34633 and it took: 119689ms
query [5271]: # of matches found 34614 and it took: 118982ms
query [5272]: # of matches found 34551 and it took: 119006ms
query [5273]: # of matches found 34455 and it took: 118382ms
query [5274]: # of matches found 34916 and it took: 118694ms
query [5275]: # of matches found 34866 and it took: 118924ms
query [5276]: # of matches found 34761 and it took: 119361ms
query [5277]: # of matches found 34614 and it took: 118635ms
query [5278]: # of matches found 34643 and it took: 118902ms
query [5279]: # of matches found 34400 and it took: 119221ms
query [5280]: # of matches found 34409 and it took: 119909ms
query [5281]: # of matches found 34371 and it took: 118761ms
query [5282]: # of matches found 34408 and it took: 119285ms
query [5283]: # of matches found 34446 and it took: 119774ms
query [5284]: # of matches found 34443 and it took: 119960ms
query [5285]: # of matches found 34263 and it took: 119573ms
query [5286]: # of matches found 34246 and it took: 120525ms
query [5287]: # of matches found 33944 and it took: 119417ms
query [5288]: # of matches found 33919 and it took: 118626ms
query [5289]: # of matches found 33973 and it took: 118576ms
query [5290]: # of matches found 33879 and it took: 120171ms
query [5291]: # of matches found 33566 and it took: 118605ms
query [5292]: # of matches found 33512 and it took: 119244ms
query [5293]: # of matches found 33454 and it took: 119555ms
query [5294]: # of matches found 33408 and it took: 120095ms
query [5295]: # of matches found 33492 and it took: 118951ms
query [5296]: # of matches found 33436 and it took: 119628ms
query [5297]: # of matches found 33491 and it took: 119229ms
query [5298]: # of matches found 33457 and it took: 118693ms
query [5299]: # of matches found 33742 and it took: 119234ms
query [5300]: # of matches found 33796 and it took: 119711ms
query [5301]: # of matches found 33646 and it took: 119091ms
query [5302]: # of matches found 33259 and it took: 119562ms
query [5303]: # of matches found 33184 and it took: 119586ms
query [5304]: # of matches found 33205 and it took: 119648ms
query [5305]: # of matches found 33355 and it took: 119527ms
query [5306]: # of matches found 33709 and it took: 119806ms
query [5307]: # of matches found 33797 and it took: 118892ms
query [5308]: # of matches found 34076 and it took: 119084ms
query [5309]: # of matches found 34203 and it took: 119386ms
query [5310]: # of matches found 35269 and it took: 120050ms
query [5311]: # of matches found 35059 and it took: 118842ms
query [5312]: # of matches found 35464 and it took: 119445ms
query [5313]: # of matches found 34624 and it took: 119928ms
query [5314]: # of matches found 34775 and it took: 119767ms
query [5315]: # of matches found 34597 and it took: 119812ms
query [5316]: # of matches found 33898 and it took: 120249ms
query [5317]: # of matches found 33865 and it took: 119502ms
query [5318]: # of matches found 33758 and it took: 119079ms
query [5319]: # of matches found 33494 and it took: 119077ms
query [5320]: # of matches found 33363 and it took: 119532ms
query [5321]: # of matches found 33255 and it took: 118558ms
query [5322]: # of matches found 33260 and it took: 118584ms
query [5323]: # of matches found 31039 and it took: 118829ms
query [5324]: # of matches found 31246 and it took: 119125ms
query [5325]: # of matches found 31070 and it took: 118524ms
query [5326]: # of matches found 30958 and it took: 119275ms
query [5327]: # of matches found 30695 and it took: 117989ms
query [5328]: # of matches found 31411 and it took: 118432ms
query [5329]: # of matches found 31881 and it took: 118179ms
query [5330]: # of matches found 32242 and it took: 118525ms
query [5331]: # of matches found 32341 and it took: 118268ms
query [5332]: # of matches found 32475 and it took: 118694ms
query [5333]: # of matches found 32651 and it took: 118603ms
query [5334]: # of matches found 32806 and it took: 117948ms
query [5335]: # of matches found 33231 and it took: 118763ms
query [5336]: # of matches found 33153 and it took: 118850ms
query [5337]: # of matches found 33111 and it took: 116821ms
query [5338]: # of matches found 32653 and it took: 117177ms
query [5339]: # of matches found 32417 and it took: 117275ms
query [5340]: # of matches found 32383 and it took: 117587ms
query [5341]: # of matches found 32489 and it took: 117147ms
query [5342]: # of matches found 32490 and it took: 117429ms
query [5343]: # of matches found 32777 and it took: 117143ms
query [5344]: # of matches found 33344 and it took: 117299ms
query [5345]: # of matches found 33902 and it took: 117517ms
query [5346]: # of matches found 33933 and it took: 117304ms
query [5347]: # of matches found 33862 and it took: 116230ms
query [5348]: # of matches found 33974 and it took: 116377ms
query [5349]: # of matches found 33712 and it took: 116135ms
query [5350]: # of matches found 34093 and it took: 116787ms
query [5351]: # of matches found 34509 and it took: 116335ms
query [5352]: # of matches found 34591 and it took: 116153ms
query [5353]: # of matches found 34799 and it took: 116047ms
query [5354]: # of matches found 35188 and it took: 116066ms
query [5355]: # of matches found 35196 and it took: 116336ms
query [5356]: # of matches found 35083 and it took: 116740ms
query [5357]: # of matches found 35178 and it took: 115150ms
query [5358]: # of matches found 35218 and it took: 115692ms
query [5359]: # of matches found 35360 and it took: 114891ms
query [5360]: # of matches found 35593 and it took: 115834ms
query [5361]: # of matches found 35604 and it took: 115845ms
query [5362]: # of matches found 35545 and it took: 115939ms
query [5363]: # of matches found 35501 and it took: 116056ms
query [5364]: # of matches found 35392 and it took: 115701ms
query [5365]: # of matches found 35496 and it took: 115862ms
query [5366]: # of matches found 35402 and it took: 116083ms
query [5367]: # of matches found 35615 and it took: 114708ms
query [5368]: # of matches found 35765 and it took: 115985ms
query [5369]: # of matches found 35540 and it took: 115369ms
query [5370]: # of matches found 35275 and it took: 116008ms
query [5371]: # of matches found 35207 and it took: 116200ms
query [5372]: # of matches found 35086 and it took: 116098ms
query [5373]: # of matches found 35231 and it took: 116151ms
query [5374]: # of matches found 34917 and it took: 115365ms
query [5375]: # of matches found 34701 and it took: 115814ms
query [5376]: # of matches found 34600 and it took: 115990ms
query [5377]: # of matches found 33728 and it took: 114744ms
query [5378]: # of matches found 33351 and it took: 115830ms
query [5379]: # of matches found 33202 and it took: 114645ms
query [5380]: # of matches found 33260 and it took: 114925ms
query [5381]: # of matches found 32765 and it took: 115277ms
query [5382]: # of matches found 33148 and it took: 114913ms
query [5383]: # of matches found 33677 and it took: 114865ms
query [5384]: # of matches found 33683 and it took: 114992ms
query [5385]: # of matches found 33702 and it took: 115481ms
query [5386]: # of matches found 33649 and it took: 115416ms
query [5387]: # of matches found 33763 and it took: 113926ms
query [5388]: # of matches found 33805 and it took: 114820ms
query [5389]: # of matches found 33837 and it took: 114738ms
query [5390]: # of matches found 34062 and it took: 114847ms
query [5391]: # of matches found 34333 and it took: 115540ms
query [5392]: # of matches found 34561 and it took: 115384ms
query [5393]: # of matches found 34939 and it took: 115294ms
query [5394]: # of matches found 34949 and it took: 115405ms
query [5395]: # of matches found 35025 and it took: 115777ms
query [5396]: # of matches found 35180 and it took: 115673ms
query [5397]: # of matches found 35268 and it took: 114443ms
query [5398]: # of matches found 35255 and it took: 115021ms
query [5399]: # of matches found 35304 and it took: 115155ms
query [5400]: # of matches found 35301 and it took: 114951ms
query [5401]: # of matches found 35324 and it took: 115195ms
query [5402]: # of matches found 35312 and it took: 115571ms
query [5403]: # of matches found 35497 and it took: 114664ms
query [5404]: # of matches found 35452 and it took: 115218ms
query [5405]: # of matches found 35507 and it took: 115091ms
query [5406]: # of matches found 35495 and it took: 115358ms
query [5407]: # of matches found 35476 and it took: 114337ms
query [5408]: # of matches found 35513 and it took: 114546ms
query [5409]: # of matches found 35567 and it took: 115474ms
query [5410]: # of matches found 35577 and it took: 114484ms
query [5411]: # of matches found 35636 and it took: 114782ms
query [5412]: # of matches found 35990 and it took: 114675ms
query [5413]: # of matches found 36109 and it took: 114112ms
query [5414]: # of matches found 35713 and it took: 113716ms
query [5415]: # of matches found 35940 and it took: 115203ms
query [5416]: # of matches found 35890 and it took: 114885ms
query [5417]: # of matches found 36111 and it took: 114350ms
query [5418]: # of matches found 36109 and it took: 114676ms
query [5419]: # of matches found 36169 and it took: 114457ms
query [5420]: # of matches found 36468 and it took: 114507ms
query [5421]: # of matches found 36542 and it took: 114858ms
query [5422]: # of matches found 36773 and it took: 115363ms
query [5423]: # of matches found 36689 and it took: 114661ms
query [5424]: # of matches found 36736 and it took: 114638ms
query [5425]: # of matches found 36645 and it took: 115873ms
query [5426]: # of matches found 36778 and it took: 115134ms
query [5427]: # of matches found 36927 and it took: 115047ms
query [5428]: # of matches found 37032 and it took: 115413ms
query [5429]: # of matches found 36947 and it took: 115281ms
query [5430]: # of matches found 37049 and it took: 115673ms
query [5431]: # of matches found 37092 and it took: 115853ms
query [5432]: # of matches found 37070 and it took: 116764ms
query [5433]: # of matches found 37093 and it took: 116097ms
query [5434]: # of matches found 37196 and it took: 115339ms
query [5435]: # of matches found 37045 and it took: 116674ms
query [5436]: # of matches found 37037 and it took: 116511ms
query [5437]: # of matches found 36855 and it took: 116025ms
query [5438]: # of matches found 36836 and it took: 116521ms
query [5439]: # of matches found 36504 and it took: 116114ms
query [5440]: # of matches found 36376 and it took: 116762ms
query [5441]: # of matches found 36466 and it took: 116835ms
query [5442]: # of matches found 36576 and it took: 116872ms
query [5443]: # of matches found 36703 and it took: 116328ms
query [5444]: # of matches found 36714 and it took: 115721ms
query [5445]: # of matches found 36811 and it took: 117073ms
query [5446]: # of matches found 36985 and it took: 116806ms
query [5447]: # of matches found 37461 and it took: 116965ms
query [5448]: # of matches found 37127 and it took: 117316ms
query [5449]: # of matches found 37215 and it took: 116897ms
query [5450]: # of matches found 36357 and it took: 117294ms
query [5451]: # of matches found 36471 and it took: 117211ms
query [5452]: # of matches found 36391 and it took: 118081ms
query [5453]: # of matches found 36597 and it took: 117346ms
query [5454]: # of matches found 36896 and it took: 116569ms
query [5455]: # of matches found 36866 and it took: 117256ms
query [5456]: # of matches found 37060 and it took: 117705ms
query [5457]: # of matches found 37194 and it took: 117092ms
query [5458]: # of matches found 38428 and it took: 117185ms
query [5459]: # of matches found 38759 and it took: 116896ms
query [5460]: # of matches found 39355 and it took: 116857ms
query [5461]: # of matches found 39576 and it took: 116770ms
query [5462]: # of matches found 39595 and it took: 117491ms
query [5463]: # of matches found 40091 and it took: 117204ms
query [5464]: # of matches found 40052 and it took: 116726ms
query [5465]: # of matches found 39929 and it took: 117301ms
query [5466]: # of matches found 40080 and it took: 116943ms
query [5467]: # of matches found 40066 and it took: 116898ms
query [5468]: # of matches found 39814 and it took: 117263ms
query [5469]: # of matches found 39256 and it took: 116647ms
query [5470]: # of matches found 39870 and it took: 117451ms
query [5471]: # of matches found 39659 and it took: 117415ms
query [5472]: # of matches found 39879 and it took: 117421ms
query [5473]: # of matches found 39763 and it took: 117783ms
query [5474]: # of matches found 39453 and it took: 116553ms
query [5475]: # of matches found 39025 and it took: 117070ms
query [5476]: # of matches found 38985 and it took: 117067ms
query [5477]: # of matches found 38840 and it took: 116458ms
query [5478]: # of matches found 38663 and it took: 116628ms
query [5479]: # of matches found 38651 and it took: 115982ms
query [5480]: # of matches found 38605 and it took: 116354ms
query [5481]: # of matches found 38504 and it took: 115577ms
query [5482]: # of matches found 38340 and it took: 116752ms
query [5483]: # of matches found 38107 and it took: 116972ms
query [5484]: # of matches found 37354 and it took: 116771ms
query [5485]: # of matches found 36621 and it took: 117260ms
query [5486]: # of matches found 36320 and it took: 116913ms
query [5487]: # of matches found 36284 and it took: 116600ms
query [5488]: # of matches found 36026 and it took: 117133ms
query [5489]: # of matches found 35814 and it took: 116343ms
query [5490]: # of matches found 35494 and it took: 116558ms
query [5491]: # of matches found 35543 and it took: 116185ms
query [5492]: # of matches found 35499 and it took: 116034ms
query [5493]: # of matches found 35056 and it took: 116831ms
query [5494]: # of matches found 34625 and it took: 116221ms
query [5495]: # of matches found 34873 and it took: 116686ms
query [5496]: # of matches found 35010 and it took: 116865ms
query [5497]: # of matches found 34936 and it took: 116092ms
query [5498]: # of matches found 34797 and it took: 116756ms
query [5499]: # of matches found 34484 and it took: 116058ms
query [5500]: # of matches found 34548 and it took: 116143ms
query [5501]: # of matches found 34820 and it took: 115939ms
query [5502]: # of matches found 35298 and it took: 119555ms
query [5503]: # of matches found 35597 and it took: 118694ms
query [5504]: # of matches found 36151 and it took: 117560ms
query [5505]: # of matches found 36298 and it took: 118143ms
query [5506]: # of matches found 36502 and it took: 115957ms
query [5507]: # of matches found 36439 and it took: 114613ms
query [5508]: # of matches found 36177 and it took: 115059ms
query [5509]: # of matches found 36115 and it took: 114506ms
query [5510]: # of matches found 36053 and it took: 114916ms
query [5511]: # of matches found 35992 and it took: 114686ms
query [5512]: # of matches found 35958 and it took: 114182ms
query [5513]: # of matches found 35729 and it took: 115445ms
query [5514]: # of matches found 35399 and it took: 114749ms
query [5515]: # of matches found 34907 and it took: 114951ms
query [5516]: # of matches found 34799 and it took: 114905ms
query [5517]: # of matches found 34896 and it took: 114885ms
query [5518]: # of matches found 34931 and it took: 115523ms
query [5519]: # of matches found 34866 and it took: 115049ms
query [5520]: # of matches found 34679 and it took: 115449ms
query [5521]: # of matches found 34673 and it took: 115224ms
query [5522]: # of matches found 34318 and it took: 115018ms
query [5523]: # of matches found 33899 and it took: 115887ms
query [5524]: # of matches found 33792 and it took: 115062ms
query [5525]: # of matches found 33727 and it took: 115681ms
query [5526]: # of matches found 33641 and it took: 116031ms
query [5527]: # of matches found 33523 and it took: 114807ms
query [5528]: # of matches found 33457 and it took: 115752ms
query [5529]: # of matches found 33551 and it took: 115300ms
query [5530]: # of matches found 33613 and it took: 115365ms
query [5531]: # of matches found 33451 and it took: 114622ms
query [5532]: # of matches found 33327 and it took: 113905ms
query [5533]: # of matches found 33051 and it took: 115193ms
query [5534]: # of matches found 33237 and it took: 114151ms
query [5535]: # of matches found 33255 and it took: 114079ms
query [5536]: # of matches found 33134 and it took: 114237ms
query [5537]: # of matches found 33048 and it took: 113950ms
query [5538]: # of matches found 32857 and it took: 113969ms
query [5539]: # of matches found 32817 and it took: 114006ms
query [5540]: # of matches found 32852 and it took: 114011ms
query [5541]: # of matches found 33271 and it took: 114023ms
query [5542]: # of matches found 33549 and it took: 113237ms
query [5543]: # of matches found 33472 and it took: 114208ms
query [5544]: # of matches found 33578 and it took: 114455ms
query [5545]: # of matches found 34048 and it took: 113600ms
query [5546]: # of matches found 34585 and it took: 114223ms
query [5547]: # of matches found 35642 and it took: 114226ms
query [5548]: # of matches found 37285 and it took: 114439ms
query [5549]: # of matches found 37872 and it took: 115489ms
query [5550]: # of matches found 38477 and it took: 114874ms
query [5551]: # of matches found 39222 and it took: 115450ms
query [5552]: # of matches found 39130 and it took: 114553ms
query [5553]: # of matches found 39209 and it took: 115784ms
query [5554]: # of matches found 39189 and it took: 115463ms
query [5555]: # of matches found 39335 and it took: 115547ms
query [5556]: # of matches found 71915 and it took: 115811ms
query [5557]: # of matches found 71712 and it took: 115372ms
query [5558]: # of matches found 71689 and it took: 116564ms
query [5559]: # of matches found 71566 and it took: 116917ms
query [5560]: # of matches found 71349 and it took: 116583ms
query [5561]: # of matches found 71191 and it took: 117234ms
query [5562]: # of matches found 71223 and it took: 115001ms
query [5563]: # of matches found 70947 and it took: 117003ms
query [5564]: # of matches found 70935 and it took: 116506ms
query [5565]: # of matches found 70992 and it took: 116715ms
query [5566]: # of matches found 70837 and it took: 116475ms
query [5567]: # of matches found 70820 and it took: 116544ms
query [5568]: # of matches found 70675 and it took: 115666ms
query [5569]: # of matches found 70651 and it took: 117117ms
query [5570]: # of matches found 70545 and it took: 117037ms
query [5571]: # of matches found 70442 and it took: 117317ms
query [5572]: # of matches found 70379 and it took: 116602ms
query [5573]: # of matches found 70374 and it took: 117394ms
query [5574]: # of matches found 70263 and it took: 117618ms
query [5575]: # of matches found 70252 and it took: 117715ms
query [5576]: # of matches found 70302 and it took: 118019ms
query [5577]: # of matches found 70341 and it took: 118413ms
query [5578]: # of matches found 70566 and it took: 118118ms
query [5579]: # of matches found 70706 and it took: 118768ms
query [5580]: # of matches found 70675 and it took: 118695ms
query [5581]: # of matches found 70671 and it took: 118857ms
query [5582]: # of matches found 70915 and it took: 117663ms
query [5583]: # of matches found 70926 and it took: 118785ms
query [5584]: # of matches found 71144 and it took: 118525ms
query [5585]: # of matches found 71157 and it took: 118471ms
query [5586]: # of matches found 70661 and it took: 119111ms
query [5587]: # of matches found 70112 and it took: 118500ms
query [5588]: # of matches found 70081 and it took: 118446ms
query [5589]: # of matches found 69874 and it took: 119387ms
query [5590]: # of matches found 69519 and it took: 119385ms
query [5591]: # of matches found 70185 and it took: 118867ms
query [5592]: # of matches found 69791 and it took: 118987ms
query [5593]: # of matches found 69390 and it took: 119331ms
query [5594]: # of matches found 68785 and it took: 119187ms
query [5595]: # of matches found 68653 and it took: 119210ms
query [5596]: # of matches found 68490 and it took: 119187ms
query [5597]: # of matches found 68420 and it took: 119613ms
query [5598]: # of matches found 67347 and it took: 120231ms
query [5599]: # of matches found 66878 and it took: 120192ms
query [5600]: # of matches found 65924 and it took: 120303ms
query [5601]: # of matches found 65786 and it took: 121045ms
query [5602]: # of matches found 65517 and it took: 120946ms
query [5603]: # of matches found 65117 and it took: 120973ms
query [5604]: # of matches found 64774 and it took: 121905ms
query [5605]: # of matches found 64687 and it took: 120607ms
query [5606]: # of matches found 64316 and it took: 120523ms
query [5607]: # of matches found 64416 and it took: 120893ms
query [5608]: # of matches found 64281 and it took: 120905ms
query [5609]: # of matches found 64497 and it took: 121140ms
query [5610]: # of matches found 63381 and it took: 121893ms
query [5611]: # of matches found 63327 and it took: 121234ms
query [5612]: # of matches found 62967 and it took: 121646ms
query [5613]: # of matches found 63048 and it took: 121072ms
query [5614]: # of matches found 63013 and it took: 121421ms
query [5615]: # of matches found 63016 and it took: 120503ms
query [5616]: # of matches found 63047 and it took: 120591ms
query [5617]: # of matches found 63151 and it took: 120606ms
query [5618]: # of matches found 63209 and it took: 120439ms
query [5619]: # of matches found 63335 and it took: 121486ms
query [5620]: # of matches found 63427 and it took: 121612ms
query [5621]: # of matches found 63439 and it took: 121369ms
query [5622]: # of matches found 63470 and it took: 120886ms
query [5623]: # of matches found 63474 and it took: 120909ms
query [5624]: # of matches found 63405 and it took: 120851ms
query [5625]: # of matches found 63402 and it took: 120478ms
query [5626]: # of matches found 63607 and it took: 120630ms
query [5627]: # of matches found 63734 and it took: 120518ms
query [5628]: # of matches found 63789 and it took: 121281ms
query [5629]: # of matches found 63972 and it took: 122404ms
query [5630]: # of matches found 64256 and it took: 122141ms
query [5631]: # of matches found 64587 and it took: 122450ms
query [5632]: # of matches found 64470 and it took: 121872ms
query [5633]: # of matches found 64580 and it took: 122073ms
query [5634]: # of matches found 64844 and it took: 122442ms
query [5635]: # of matches found 64560 and it took: 120859ms
query [5636]: # of matches found 64436 and it took: 121403ms
query [5637]: # of matches found 64446 and it took: 121175ms
query [5638]: # of matches found 64432 and it took: 121773ms
query [5639]: # of matches found 64492 and it took: 122570ms
query [5640]: # of matches found 64767 and it took: 123379ms
query [5641]: # of matches found 64709 and it took: 121938ms
query [5642]: # of matches found 65000 and it took: 122354ms
query [5643]: # of matches found 64720 and it took: 122320ms
query [5644]: # of matches found 65230 and it took: 122785ms
query [5645]: # of matches found 66096 and it took: 121500ms
query [5646]: # of matches found 65992 and it took: 121352ms
query [5647]: # of matches found 66089 and it took: 121153ms
query [5648]: # of matches found 66402 and it took: 122147ms
query [5649]: # of matches found 67674 and it took: 122415ms
query [5650]: # of matches found 67891 and it took: 122202ms
query [5651]: # of matches found 68105 and it took: 121454ms
query [5652]: # of matches found 68309 and it took: 121362ms
query [5653]: # of matches found 68775 and it took: 121183ms
query [5654]: # of matches found 69051 and it took: 121631ms
query [5655]: # of matches found 69279 and it took: 120568ms
query [5656]: # of matches found 69193 and it took: 119758ms
query [5657]: # of matches found 69279 and it took: 120059ms
query [5658]: # of matches found 69437 and it took: 120414ms
query [5659]: # of matches found 69445 and it took: 120509ms
query [5660]: # of matches found 69405 and it took: 120699ms
query [5661]: # of matches found 69325 and it took: 120499ms
query [5662]: # of matches found 69372 and it took: 120451ms
query [5663]: # of matches found 69350 and it took: 120544ms
query [5664]: # of matches found 69305 and it took: 120618ms
query [5665]: # of matches found 69276 and it took: 120123ms
query [5666]: # of matches found 69341 and it took: 120349ms
query [5667]: # of matches found 69240 and it took: 120375ms
query [5668]: # of matches found 69236 and it took: 120999ms
query [5669]: # of matches found 69105 and it took: 121677ms
query [5670]: # of matches found 68853 and it took: 122383ms
query [5671]: # of matches found 68670 and it took: 121758ms
query [5672]: # of matches found 68564 and it took: 121087ms
query [5673]: # of matches found 68418 and it took: 121205ms
query [5674]: # of matches found 68300 and it took: 120978ms
query [5675]: # of matches found 68176 and it took: 120726ms
query [5676]: # of matches found 68036 and it took: 121283ms
query [5677]: # of matches found 68156 and it took: 120654ms
query [5678]: # of matches found 68555 and it took: 122616ms
query [5679]: # of matches found 68838 and it took: 121922ms
query [5680]: # of matches found 68817 and it took: 122061ms
query [5681]: # of matches found 68644 and it took: 121653ms
query [5682]: # of matches found 68453 and it took: 122302ms
query [5683]: # of matches found 68524 and it took: 122053ms
query [5684]: # of matches found 68516 and it took: 123220ms
query [5685]: # of matches found 68382 and it took: 120532ms
query [5686]: # of matches found 68487 and it took: 120147ms
query [5687]: # of matches found 67601 and it took: 120003ms
query [5688]: # of matches found 66813 and it took: 120197ms
query [5689]: # of matches found 66392 and it took: 119583ms
query [5690]: # of matches found 65294 and it took: 120001ms
query [5691]: # of matches found 64598 and it took: 119990ms
query [5692]: # of matches found 63627 and it took: 119730ms
query [5693]: # of matches found 63489 and it took: 120237ms
query [5694]: # of matches found 63757 and it took: 119504ms
query [5695]: # of matches found 64146 and it took: 120106ms
query [5696]: # of matches found 31910 and it took: 118480ms
query [5697]: # of matches found 32024 and it took: 117972ms
query [5698]: # of matches found 33629 and it took: 118614ms
query [5699]: # of matches found 33408 and it took: 117712ms
query [5700]: # of matches found 33363 and it took: 118283ms
query [5701]: # of matches found 33444 and it took: 117743ms
query [5702]: # of matches found 33414 and it took: 117600ms
query [5703]: # of matches found 33315 and it took: 117590ms
query [5704]: # of matches found 33420 and it took: 116946ms
query [5705]: # of matches found 33358 and it took: 117359ms
query [5706]: # of matches found 33418 and it took: 117066ms
query [5707]: # of matches found 33307 and it took: 117214ms
query [5708]: # of matches found 33279 and it took: 117372ms
query [5709]: # of matches found 33150 and it took: 117181ms
query [5710]: # of matches found 33264 and it took: 117609ms
query [5711]: # of matches found 33393 and it took: 117442ms
query [5712]: # of matches found 33470 and it took: 116541ms
query [5713]: # of matches found 33518 and it took: 117330ms
query [5714]: # of matches found 33523 and it took: 117520ms
query [5715]: # of matches found 33612 and it took: 117238ms
query [5716]: # of matches found 33824 and it took: 116957ms
query [5717]: # of matches found 34083 and it took: 116087ms
query [5718]: # of matches found 34117 and it took: 116419ms
query [5719]: # of matches found 34115 and it took: 116105ms
query [5720]: # of matches found 34336 and it took: 117002ms
query [5721]: # of matches found 34261 and it took: 116204ms
query [5722]: # of matches found 34877 and it took: 115491ms
query [5723]: # of matches found 34942 and it took: 116290ms
query [5724]: # of matches found 34962 and it took: 115833ms
query [5725]: # of matches found 35100 and it took: 116128ms
query [5726]: # of matches found 35606 and it took: 116162ms
query [5727]: # of matches found 36710 and it took: 115350ms
query [5728]: # of matches found 37991 and it took: 116099ms
query [5729]: # of matches found 39557 and it took: 115356ms
query [5730]: # of matches found 42945 and it took: 116064ms
query [5731]: # of matches found 43207 and it took: 115377ms
query [5732]: # of matches found 42459 and it took: 114215ms
query [5733]: # of matches found 42543 and it took: 115115ms
query [5734]: # of matches found 42840 and it took: 114352ms
query [5735]: # of matches found 43101 and it took: 114535ms
query [5736]: # of matches found 43242 and it took: 113523ms
query [5737]: # of matches found 43175 and it took: 113109ms
query [5738]: # of matches found 43334 and it took: 113130ms
query [5739]: # of matches found 43609 and it took: 113404ms
query [5740]: # of matches found 43888 and it took: 114185ms
query [5741]: # of matches found 44464 and it took: 113070ms
query [5742]: # of matches found 44639 and it took: 112624ms
query [5743]: # of matches found 45277 and it took: 113228ms
query [5744]: # of matches found 45726 and it took: 112591ms
query [5745]: # of matches found 45971 and it took: 112739ms
query [5746]: # of matches found 46081 and it took: 112834ms
query [5747]: # of matches found 46219 and it took: 112232ms
query [5748]: # of matches found 46381 and it took: 112009ms
query [5749]: # of matches found 46499 and it took: 112371ms
query [5750]: # of matches found 46933 and it took: 112280ms
query [5751]: # of matches found 47030 and it took: 111419ms
query [5752]: # of matches found 47110 and it took: 111316ms
query [5753]: # of matches found 47274 and it took: 111237ms
query [5754]: # of matches found 47400 and it took: 110887ms
query [5755]: # of matches found 47631 and it took: 110600ms
query [5756]: # of matches found 47797 and it took: 110477ms
query [5757]: # of matches found 47828 and it took: 110268ms
query [5758]: # of matches found 47946 and it took: 110077ms
query [5759]: # of matches found 47830 and it took: 109947ms
query [5760]: # of matches found 47721 and it took: 110257ms
query [5761]: # of matches found 47647 and it took: 109900ms
query [5762]: # of matches found 47867 and it took: 110089ms
query [5763]: # of matches found 47955 and it took: 109558ms
query [5764]: # of matches found 48250 and it took: 109646ms
query [5765]: # of matches found 48323 and it took: 109429ms
query [5766]: # of matches found 48370 and it took: 109393ms
query [5767]: # of matches found 48484 and it took: 109483ms
query [5768]: # of matches found 48819 and it took: 109280ms
query [5769]: # of matches found 48709 and it took: 109245ms
query [5770]: # of matches found 48848 and it took: 109928ms
query [5771]: # of matches found 48655 and it took: 109403ms
query [5772]: # of matches found 49215 and it took: 108793ms
query [5773]: # of matches found 49289 and it took: 109560ms
query [5774]: # of matches found 49572 and it took: 109919ms
query [5775]: # of matches found 49562 and it took: 109056ms
query [5776]: # of matches found 49948 and it took: 109367ms
query [5777]: # of matches found 50286 and it took: 109529ms
query [5778]: # of matches found 50894 and it took: 109947ms
query [5779]: # of matches found 51280 and it took: 109637ms
query [5780]: # of matches found 52846 and it took: 109849ms
query [5781]: # of matches found 52652 and it took: 109545ms
query [5782]: # of matches found 53597 and it took: 108993ms
query [5783]: # of matches found 53818 and it took: 109044ms
query [5784]: # of matches found 53276 and it took: 109023ms
query [5785]: # of matches found 52545 and it took: 108559ms
query [5786]: # of matches found 52415 and it took: 108678ms
query [5787]: # of matches found 52185 and it took: 108753ms
query [5788]: # of matches found 51985 and it took: 109317ms
query [5789]: # of matches found 50533 and it took: 109310ms
query [5790]: # of matches found 50371 and it took: 109078ms
query [5791]: # of matches found 50433 and it took: 108951ms
query [5792]: # of matches found 50751 and it took: 108353ms
query [5793]: # of matches found 50888 and it took: 108697ms
query [5794]: # of matches found 50596 and it took: 108570ms
query [5795]: # of matches found 50598 and it took: 108913ms
query [5796]: # of matches found 50593 and it took: 108576ms
query [5797]: # of matches found 50468 and it took: 108775ms
query [5798]: # of matches found 50214 and it took: 108690ms
query [5799]: # of matches found 50036 and it took: 108177ms
query [5800]: # of matches found 50051 and it took: 108638ms
query [5801]: # of matches found 49986 and it took: 108273ms
query [5802]: # of matches found 49957 and it took: 107782ms
query [5803]: # of matches found 49807 and it took: 107832ms
query [5804]: # of matches found 49748 and it took: 108223ms
query [5805]: # of matches found 49785 and it took: 108048ms
query [5806]: # of matches found 49659 and it took: 107455ms
query [5807]: # of matches found 49641 and it took: 107449ms
query [5808]: # of matches found 50090 and it took: 107660ms
query [5809]: # of matches found 50071 and it took: 107554ms
query [5810]: # of matches found 50121 and it took: 107855ms
query [5811]: # of matches found 50181 and it took: 107840ms
query [5812]: # of matches found 50200 and it took: 107628ms
query [5813]: # of matches found 50265 and it took: 107275ms
query [5814]: # of matches found 50361 and it took: 107016ms
query [5815]: # of matches found 50816 and it took: 107025ms
query [5816]: # of matches found 51365 and it took: 106356ms
query [5817]: # of matches found 52149 and it took: 106649ms
query [5818]: # of matches found 52127 and it took: 106996ms
query [5819]: # of matches found 51661 and it took: 106439ms
query [5820]: # of matches found 51838 and it took: 106752ms
query [5821]: # of matches found 52075 and it took: 106927ms
query [5822]: # of matches found 52493 and it took: 106605ms
query [5823]: # of matches found 52646 and it took: 106544ms
query [5824]: # of matches found 52903 and it took: 106329ms
query [5825]: # of matches found 52958 and it took: 106570ms
query [5826]: # of matches found 53527 and it took: 105936ms
query [5827]: # of matches found 54332 and it took: 105751ms
query [5828]: # of matches found 54426 and it took: 106821ms
query [5829]: # of matches found 54620 and it took: 106020ms
query [5830]: # of matches found 54802 and it took: 106368ms
query [5831]: # of matches found 55213 and it took: 106267ms
query [5832]: # of matches found 55165 and it took: 106321ms
query [5833]: # of matches found 55379 and it took: 106578ms
query [5834]: # of matches found 55091 and it took: 105982ms
query [5835]: # of matches found 55193 and it took: 105903ms
query [5836]: # of matches found 54972 and it took: 105015ms
query [5837]: # of matches found 55071 and it took: 105193ms
query [5838]: # of matches found 53422 and it took: 105836ms
query [5839]: # of matches found 53419 and it took: 105090ms
query [5840]: # of matches found 53876 and it took: 105638ms
query [5841]: # of matches found 54064 and it took: 105311ms
query [5842]: # of matches found 54261 and it took: 105494ms
query [5843]: # of matches found 54675 and it took: 105610ms
query [5844]: # of matches found 54749 and it took: 105513ms
query [5845]: # of matches found 54861 and it took: 106254ms
query [5846]: # of matches found 54908 and it took: 105374ms
query [5847]: # of matches found 54872 and it took: 105229ms
query [5848]: # of matches found 55010 and it took: 106006ms
query [5849]: # of matches found 55092 and it took: 105522ms
query [5850]: # of matches found 55092 and it took: 105555ms
query [5851]: # of matches found 55276 and it took: 105380ms
query [5852]: # of matches found 55246 and it took: 105441ms
query [5853]: # of matches found 55461 and it took: 105613ms
query [5854]: # of matches found 55654 and it took: 105443ms
query [5855]: # of matches found 55661 and it took: 106521ms
query [5856]: # of matches found 55579 and it took: 105754ms
query [5857]: # of matches found 55759 and it took: 105691ms
query [5858]: # of matches found 56388 and it took: 106421ms
query [5859]: # of matches found 56207 and it took: 106065ms
query [5860]: # of matches found 56323 and it took: 106051ms
query [5861]: # of matches found 56301 and it took: 106174ms
query [5862]: # of matches found 55360 and it took: 107598ms
query [5863]: # of matches found 55218 and it took: 106583ms
query [5864]: # of matches found 54968 and it took: 106631ms
query [5865]: # of matches found 54898 and it took: 107001ms
query [5866]: # of matches found 54507 and it took: 106766ms
query [5867]: # of matches found 53304 and it took: 106605ms
query [5868]: # of matches found 52410 and it took: 107750ms
query [5869]: # of matches found 50805 and it took: 106903ms
query [5870]: # of matches found 49232 and it took: 107150ms
query [5871]: # of matches found 48920 and it took: 107299ms
query [5872]: # of matches found 48887 and it took: 107468ms
query [5873]: # of matches found 49083 and it took: 107691ms
query [5874]: # of matches found 49005 and it took: 107410ms
query [5875]: # of matches found 48971 and it took: 107620ms
query [5876]: # of matches found 54991 and it took: 107225ms
query [5877]: # of matches found 55141 and it took: 107025ms
query [5878]: # of matches found 55567 and it took: 107903ms
query [5879]: # of matches found 55605 and it took: 107904ms
query [5880]: # of matches found 55641 and it took: 107963ms
query [5881]: # of matches found 55021 and it took: 107587ms
query [5882]: # of matches found 54956 and it took: 108225ms
query [5883]: # of matches found 54645 and it took: 108054ms
query [5884]: # of matches found 53972 and it took: 108206ms
query [5885]: # of matches found 53706 and it took: 108161ms
query [5886]: # of matches found 54132 and it took: 108578ms
query [5887]: # of matches found 53878 and it took: 108079ms
query [5888]: # of matches found 53851 and it took: 108953ms
query [5889]: # of matches found 64294 and it took: 108543ms
query [5890]: # of matches found 63674 and it took: 109163ms
query [5891]: # of matches found 63743 and it took: 109468ms
query [5892]: # of matches found 63559 and it took: 109555ms
query [5893]: # of matches found 63446 and it took: 109532ms
query [5894]: # of matches found 63291 and it took: 109719ms
query [5895]: # of matches found 63262 and it took: 109746ms
query [5896]: # of matches found 63086 and it took: 110161ms
query [5897]: # of matches found 63389 and it took: 109387ms
query [5898]: # of matches found 63652 and it took: 109894ms
query [5899]: # of matches found 63860 and it took: 109809ms
query [5900]: # of matches found 63999 and it took: 110093ms
query [5901]: # of matches found 64544 and it took: 109923ms
query [5902]: # of matches found 64974 and it took: 110449ms
query [5903]: # of matches found 65340 and it took: 109665ms
query [5904]: # of matches found 65459 and it took: 109083ms
query [5905]: # of matches found 66057 and it took: 109406ms
query [5906]: # of matches found 66269 and it took: 109460ms
query [5907]: # of matches found 66475 and it took: 108974ms
query [5908]: # of matches found 66189 and it took: 109439ms
query [5909]: # of matches found 66355 and it took: 109033ms
query [5910]: # of matches found 66436 and it took: 109634ms
query [5911]: # of matches found 66082 and it took: 109621ms
query [5912]: # of matches found 66047 and it took: 109782ms
query [5913]: # of matches found 64983 and it took: 109042ms
query [5914]: # of matches found 65040 and it took: 109681ms
query [5915]: # of matches found 64606 and it took: 109195ms
query [5916]: # of matches found 64497 and it took: 109330ms
query [5917]: # of matches found 64163 and it took: 109084ms
query [5918]: # of matches found 64023 and it took: 109543ms
query [5919]: # of matches found 63391 and it took: 108644ms
query [5920]: # of matches found 62079 and it took: 108930ms
query [5921]: # of matches found 62145 and it took: 109135ms
query [5922]: # of matches found 60492 and it took: 109207ms
query [5923]: # of matches found 60734 and it took: 108807ms
query [5924]: # of matches found 61050 and it took: 109429ms
query [5925]: # of matches found 61835 and it took: 108714ms
query [5926]: # of matches found 62225 and it took: 109356ms
query [5927]: # of matches found 62192 and it took: 108769ms
query [5928]: # of matches found 62096 and it took: 109443ms
query [5929]: # of matches found 61933 and it took: 108347ms
query [5930]: # of matches found 62115 and it took: 108978ms
query [5931]: # of matches found 62161 and it took: 109267ms
query [5932]: # of matches found 62262 and it took: 108950ms
query [5933]: # of matches found 61867 and it took: 108068ms
query [5934]: # of matches found 61978 and it took: 108455ms
query [5935]: # of matches found 62184 and it took: 108111ms
query [5936]: # of matches found 62554 and it took: 108707ms
query [5937]: # of matches found 62903 and it took: 108351ms
query [5938]: # of matches found 63375 and it took: 108404ms
query [5939]: # of matches found 64025 and it took: 107934ms
query [5940]: # of matches found 64484 and it took: 108121ms
query [5941]: # of matches found 64710 and it took: 108171ms
query [5942]: # of matches found 65509 and it took: 108534ms
query [5943]: # of matches found 65753 and it took: 108201ms
query [5944]: # of matches found 66415 and it took: 108487ms
query [5945]: # of matches found 66565 and it took: 108957ms
query [5946]: # of matches found 66737 and it took: 108650ms
query [5947]: # of matches found 66879 and it took: 108483ms
query [5948]: # of matches found 66730 and it took: 108575ms
query [5949]: # of matches found 66740 and it took: 108288ms
query [5950]: # of matches found 66647 and it took: 108690ms
query [5951]: # of matches found 66608 and it took: 108700ms
query [5952]: # of matches found 66532 and it took: 109136ms
query [5953]: # of matches found 66465 and it took: 108324ms
query [5954]: # of matches found 66266 and it took: 108798ms
query [5955]: # of matches found 66446 and it took: 108712ms
query [5956]: # of matches found 66005 and it took: 108916ms
query [5957]: # of matches found 65351 and it took: 108231ms
query [5958]: # of matches found 65229 and it took: 109027ms
query [5959]: # of matches found 65226 and it took: 108360ms
query [5960]: # of matches found 65023 and it took: 108793ms
query [5961]: # of matches found 64535 and it took: 109474ms
query [5962]: # of matches found 64353 and it took: 109378ms
query [5963]: # of matches found 64587 and it took: 108745ms
query [5964]: # of matches found 64533 and it took: 109305ms
query [5965]: # of matches found 64201 and it took: 108685ms
query [5966]: # of matches found 63507 and it took: 109259ms
query [5967]: # of matches found 63011 and it took: 108849ms
query [5968]: # of matches found 62897 and it took: 109525ms
query [5969]: # of matches found 62823 and it took: 108870ms
query [5970]: # of matches found 63123 and it took: 108827ms
query [5971]: # of matches found 63001 and it took: 109504ms
query [5972]: # of matches found 63873 and it took: 109446ms
query [5973]: # of matches found 63784 and it took: 109110ms
query [5974]: # of matches found 63978 and it took: 109411ms
query [5975]: # of matches found 63598 and it took: 109681ms
query [5976]: # of matches found 63411 and it took: 110208ms
query [5977]: # of matches found 63333 and it took: 109987ms
query [5978]: # of matches found 63280 and it took: 110593ms
query [5979]: # of matches found 63609 and it took: 109644ms
query [5980]: # of matches found 63369 and it took: 109880ms
query [5981]: # of matches found 63120 and it took: 110415ms
query [5982]: # of matches found 63153 and it took: 110183ms
query [5983]: # of matches found 62853 and it took: 110196ms
query [5984]: # of matches found 62735 and it took: 110277ms
query [5985]: # of matches found 62573 and it took: 109877ms
query [5986]: # of matches found 62677 and it took: 109904ms
query [5987]: # of matches found 62668 and it took: 109487ms
query [5988]: # of matches found 62600 and it took: 109426ms
query [5989]: # of matches found 62793 and it took: 109749ms
query [5990]: # of matches found 63275 and it took: 109505ms
query [5991]: # of matches found 63258 and it took: 109943ms
query [5992]: # of matches found 63555 and it took: 109851ms
query [5993]: # of matches found 63841 and it took: 109806ms
query [5994]: # of matches found 63893 and it took: 109218ms
query [5995]: # of matches found 64731 and it took: 109469ms
query [5996]: # of matches found 64880 and it took: 109442ms
query [5997]: # of matches found 64613 and it took: 109082ms
query [5998]: # of matches found 64394 and it took: 109170ms
query [5999]: # of matches found 64718 and it took: 109459ms
PARMIK's matches per query up to q (1000) => [average: 47341, median: 43532, sum: 47341835]
Starting alignment for all queries [rev]...
queryBaseIndex: 5000
query [5000]: # of matches found 58157 and it took: 113616ms
query [5001]: # of matches found 58143 and it took: 112797ms
query [5002]: # of matches found 58248 and it took: 113022ms
query [5003]: # of matches found 58259 and it took: 113113ms
query [5004]: # of matches found 58384 and it took: 112299ms
query [5005]: # of matches found 58339 and it took: 112743ms
query [5006]: # of matches found 58567 and it took: 112148ms
query [5007]: # of matches found 58654 and it took: 110791ms
query [5008]: # of matches found 58849 and it took: 112529ms
query [5009]: # of matches found 58840 and it took: 111656ms
query [5010]: # of matches found 58887 and it took: 112066ms
query [5011]: # of matches found 58973 and it took: 111983ms
query [5012]: # of matches found 59413 and it took: 111798ms
query [5013]: # of matches found 59388 and it took: 111784ms
query [5014]: # of matches found 61312 and it took: 111428ms
query [5015]: # of matches found 61475 and it took: 111694ms
query [5016]: # of matches found 61435 and it took: 111168ms
query [5017]: # of matches found 61409 and it took: 109326ms
query [5018]: # of matches found 61521 and it took: 110244ms
query [5019]: # of matches found 61431 and it took: 109911ms
query [5020]: # of matches found 61444 and it took: 109447ms
query [5021]: # of matches found 61205 and it took: 109811ms
query [5022]: # of matches found 61132 and it took: 110272ms
query [5023]: # of matches found 61000 and it took: 110607ms
query [5024]: # of matches found 60820 and it took: 110308ms
query [5025]: # of matches found 60946 and it took: 110594ms
query [5026]: # of matches found 61160 and it took: 110273ms
query [5027]: # of matches found 61213 and it took: 109942ms
query [5028]: # of matches found 61243 and it took: 110673ms
query [5029]: # of matches found 61391 and it took: 109780ms
query [5030]: # of matches found 61527 and it took: 109986ms
query [5031]: # of matches found 61422 and it took: 110211ms
query [5032]: # of matches found 61412 and it took: 109753ms
query [5033]: # of matches found 61267 and it took: 109884ms
query [5034]: # of matches found 52140 and it took: 111057ms
query [5035]: # of matches found 52192 and it took: 111307ms
query [5036]: # of matches found 52132 and it took: 110880ms
query [5037]: # of matches found 52069 and it took: 110195ms
query [5038]: # of matches found 51867 and it took: 111213ms
query [5039]: # of matches found 51748 and it took: 110622ms
query [5040]: # of matches found 51644 and it took: 111327ms
query [5041]: # of matches found 51763 and it took: 111084ms
query [5042]: # of matches found 51809 and it took: 111531ms
query [5043]: # of matches found 51765 and it took: 112037ms
query [5044]: # of matches found 51833 and it took: 111380ms
query [5045]: # of matches found 54758 and it took: 111721ms
query [5046]: # of matches found 54848 and it took: 111320ms
query [5047]: # of matches found 55090 and it took: 110407ms
query [5048]: # of matches found 55290 and it took: 111461ms
query [5049]: # of matches found 55328 and it took: 111525ms
query [5050]: # of matches found 55372 and it took: 111895ms
query [5051]: # of matches found 55120 and it took: 111652ms
query [5052]: # of matches found 54920 and it took: 111592ms
query [5053]: # of matches found 54651 and it took: 111866ms
query [5054]: # of matches found 54570 and it took: 111638ms
query [5055]: # of matches found 54028 and it took: 112192ms
query [5056]: # of matches found 53525 and it took: 112202ms
query [5057]: # of matches found 53360 and it took: 110465ms
query [5058]: # of matches found 53246 and it took: 111338ms
query [5059]: # of matches found 53050 and it took: 111929ms
query [5060]: # of matches found 52839 and it took: 112079ms
query [5061]: # of matches found 52696 and it took: 112029ms
query [5062]: # of matches found 52595 and it took: 112274ms
query [5063]: # of matches found 52555 and it took: 113159ms
query [5064]: # of matches found 54133 and it took: 113489ms
query [5065]: # of matches found 53010 and it took: 113106ms
query [5066]: # of matches found 52928 and it took: 112668ms
query [5067]: # of matches found 53121 and it took: 112787ms
query [5068]: # of matches found 53229 and it took: 113762ms
query [5069]: # of matches found 53180 and it took: 113328ms
query [5070]: # of matches found 53215 and it took: 113754ms
query [5071]: # of matches found 53370 and it took: 113460ms
query [5072]: # of matches found 53502 and it took: 114240ms
query [5073]: # of matches found 53764 and it took: 114819ms
query [5074]: # of matches found 53455 and it took: 113902ms
query [5075]: # of matches found 53479 and it took: 115537ms
query [5076]: # of matches found 52592 and it took: 114601ms
query [5077]: # of matches found 52220 and it took: 115117ms
query [5078]: # of matches found 51939 and it took: 115919ms
query [5079]: # of matches found 51073 and it took: 114897ms
query [5080]: # of matches found 50119 and it took: 115550ms
query [5081]: # of matches found 49399 and it took: 115415ms
query [5082]: # of matches found 49036 and it took: 115640ms
query [5083]: # of matches found 48857 and it took: 115737ms
query [5084]: # of matches found 48980 and it took: 116046ms
query [5085]: # of matches found 49228 and it took: 116363ms
query [5086]: # of matches found 49420 and it took: 115124ms
query [5087]: # of matches found 49550 and it took: 115124ms
query [5088]: # of matches found 49699 and it took: 116061ms
query [5089]: # of matches found 49714 and it took: 114987ms
query [5090]: # of matches found 49766 and it took: 115162ms
query [5091]: # of matches found 49959 and it took: 115419ms
query [5092]: # of matches found 49980 and it took: 115462ms
query [5093]: # of matches found 49641 and it took: 115423ms
query [5094]: # of matches found 49739 and it took: 115574ms
query [5095]: # of matches found 50028 and it took: 115370ms
query [5096]: # of matches found 49910 and it took: 114616ms
query [5097]: # of matches found 49889 and it took: 114975ms
query [5098]: # of matches found 49838 and it took: 114924ms
query [5099]: # of matches found 49803 and it took: 114004ms
query [5100]: # of matches found 49715 and it took: 114256ms
query [5101]: # of matches found 49766 and it took: 114142ms
query [5102]: # of matches found 49845 and it took: 114797ms
query [5103]: # of matches found 49227 and it took: 114770ms
query [5104]: # of matches found 49024 and it took: 114522ms
query [5105]: # of matches found 48728 and it took: 115034ms
query [5106]: # of matches found 48218 and it took: 114595ms
query [5107]: # of matches found 48295 and it took: 114535ms
query [5108]: # of matches found 48191 and it took: 114932ms
query [5109]: # of matches found 48306 and it took: 114757ms
query [5110]: # of matches found 47210 and it took: 114047ms
query [5111]: # of matches found 46579 and it took: 114705ms
query [5112]: # of matches found 45738 and it took: 114952ms
query [5113]: # of matches found 45772 and it took: 115126ms
query [5114]: # of matches found 45926 and it took: 115177ms
query [5115]: # of matches found 46094 and it took: 114844ms
query [5116]: # of matches found 45993 and it took: 114664ms
query [5117]: # of matches found 38515 and it took: 114856ms
query [5118]: # of matches found 37507 and it took: 114643ms
query [5119]: # of matches found 37864 and it took: 114831ms
query [5120]: # of matches found 38589 and it took: 114997ms
query [5121]: # of matches found 38299 and it took: 114841ms
query [5122]: # of matches found 38137 and it took: 115272ms
query [5123]: # of matches found 38138 and it took: 115190ms
query [5124]: # of matches found 37921 and it took: 115257ms
query [5125]: # of matches found 37779 and it took: 114405ms
query [5126]: # of matches found 37803 and it took: 114239ms
query [5127]: # of matches found 38233 and it took: 114175ms
query [5128]: # of matches found 38222 and it took: 114202ms
query [5129]: # of matches found 38026 and it took: 114496ms
query [5130]: # of matches found 38165 and it took: 114060ms
query [5131]: # of matches found 38030 and it took: 114172ms
query [5132]: # of matches found 38010 and it took: 113914ms
query [5133]: # of matches found 37854 and it took: 113957ms
query [5134]: # of matches found 37753 and it took: 113739ms
query [5135]: # of matches found 37720 and it took: 113256ms
query [5136]: # of matches found 37924 and it took: 112820ms
query [5137]: # of matches found 38133 and it took: 113444ms
query [5138]: # of matches found 38272 and it took: 113852ms
query [5139]: # of matches found 38633 and it took: 113123ms
query [5140]: # of matches found 38829 and it took: 112561ms
query [5141]: # of matches found 38956 and it took: 112606ms
query [5142]: # of matches found 38988 and it took: 112566ms
query [5143]: # of matches found 39672 and it took: 112354ms
query [5144]: # of matches found 39556 and it took: 112863ms
query [5145]: # of matches found 39683 and it took: 112362ms
query [5146]: # of matches found 39821 and it took: 111805ms
query [5147]: # of matches found 39890 and it took: 112462ms
query [5148]: # of matches found 39675 and it took: 111503ms
query [5149]: # of matches found 39770 and it took: 111828ms
query [5150]: # of matches found 39855 and it took: 111920ms
query [5151]: # of matches found 39847 and it took: 112118ms
query [5152]: # of matches found 39451 and it took: 112068ms
query [5153]: # of matches found 39362 and it took: 112161ms
query [5154]: # of matches found 37207 and it took: 113449ms
query [5155]: # of matches found 37070 and it took: 112149ms
query [5156]: # of matches found 37026 and it took: 112027ms
query [5157]: # of matches found 37089 and it took: 112189ms
query [5158]: # of matches found 37021 and it took: 111747ms
query [5159]: # of matches found 37120 and it took: 112481ms
query [5160]: # of matches found 37126 and it took: 112141ms
query [5161]: # of matches found 37287 and it took: 112381ms
query [5162]: # of matches found 37412 and it took: 112699ms
query [5163]: # of matches found 37401 and it took: 112308ms
query [5164]: # of matches found 37437 and it took: 112380ms
query [5165]: # of matches found 37320 and it took: 112051ms
query [5166]: # of matches found 37218 and it took: 111837ms
query [5167]: # of matches found 36956 and it took: 112401ms
query [5168]: # of matches found 37213 and it took: 111808ms
query [5169]: # of matches found 37142 and it took: 112244ms
query [5170]: # of matches found 37419 and it took: 112901ms
query [5171]: # of matches found 37482 and it took: 112516ms
query [5172]: # of matches found 37830 and it took: 112208ms
query [5173]: # of matches found 38049 and it took: 111972ms
query [5174]: # of matches found 38096 and it took: 112705ms
query [5175]: # of matches found 38329 and it took: 111778ms
query [5176]: # of matches found 38715 and it took: 111484ms
query [5177]: # of matches found 38711 and it took: 111637ms
query [5178]: # of matches found 38802 and it took: 111053ms
query [5179]: # of matches found 38952 and it took: 111341ms
query [5180]: # of matches found 39080 and it took: 110932ms
query [5181]: # of matches found 39138 and it took: 111293ms
query [5182]: # of matches found 39130 and it took: 111464ms
query [5183]: # of matches found 45981 and it took: 111438ms
query [5184]: # of matches found 45921 and it took: 111238ms
query [5185]: # of matches found 45924 and it took: 110772ms
query [5186]: # of matches found 43503 and it took: 111601ms
query [5187]: # of matches found 43349 and it took: 111951ms
query [5188]: # of matches found 43208 and it took: 111140ms
query [5189]: # of matches found 43211 and it took: 111537ms
query [5190]: # of matches found 42265 and it took: 111208ms
query [5191]: # of matches found 42151 and it took: 111464ms
query [5192]: # of matches found 42267 and it took: 111554ms
query [5193]: # of matches found 42480 and it took: 111406ms
query [5194]: # of matches found 42565 and it took: 111109ms
query [5195]: # of matches found 42565 and it took: 110872ms
query [5196]: # of matches found 42839 and it took: 110872ms
query [5197]: # of matches found 43070 and it took: 110871ms
query [5198]: # of matches found 43605 and it took: 110487ms
query [5199]: # of matches found 43871 and it took: 110932ms
query [5200]: # of matches found 43922 and it took: 110629ms
query [5201]: # of matches found 44091 and it took: 110566ms
query [5202]: # of matches found 44153 and it took: 111464ms
query [5203]: # of matches found 44297 and it took: 110870ms
query [5204]: # of matches found 42549 and it took: 111591ms
query [5205]: # of matches found 42634 and it took: 111145ms
query [5206]: # of matches found 42741 and it took: 111057ms
query [5207]: # of matches found 42320 and it took: 111754ms
query [5208]: # of matches found 42222 and it took: 110971ms
query [5209]: # of matches found 42934 and it took: 112034ms
query [5210]: # of matches found 42892 and it took: 112070ms
query [5211]: # of matches found 42833 and it took: 112314ms
query [5212]: # of matches found 42730 and it took: 113150ms
query [5213]: # of matches found 42700 and it took: 112532ms
query [5214]: # of matches found 42616 and it took: 113260ms
query [5215]: # of matches found 42559 and it took: 112473ms
query [5216]: # of matches found 42611 and it took: 112971ms
query [5217]: # of matches found 42625 and it took: 113233ms
query [5218]: # of matches found 42798 and it took: 113141ms
query [5219]: # of matches found 42550 and it took: 113633ms
query [5220]: # of matches found 42447 and it took: 113205ms
query [5221]: # of matches found 42445 and it took: 114187ms
query [5222]: # of matches found 42438 and it took: 114816ms
query [5223]: # of matches found 42416 and it took: 114060ms
query [5224]: # of matches found 42415 and it took: 114950ms
query [5225]: # of matches found 42061 and it took: 114940ms
query [5226]: # of matches found 41654 and it took: 114910ms
query [5227]: # of matches found 41587 and it took: 115109ms
query [5228]: # of matches found 41524 and it took: 115392ms
query [5229]: # of matches found 41815 and it took: 115689ms
query [5230]: # of matches found 41936 and it took: 115448ms
query [5231]: # of matches found 41874 and it took: 116232ms
query [5232]: # of matches found 41995 and it took: 116429ms
query [5233]: # of matches found 42223 and it took: 115614ms
query [5234]: # of matches found 42575 and it took: 116983ms
query [5235]: # of matches found 42969 and it took: 116014ms
query [5236]: # of matches found 43181 and it took: 116620ms
query [5237]: # of matches found 44001 and it took: 116380ms
query [5238]: # of matches found 44151 and it took: 117307ms
query [5239]: # of matches found 44362 and it took: 117641ms
query [5240]: # of matches found 44670 and it took: 117227ms
query [5241]: # of matches found 45093 and it took: 117560ms
query [5242]: # of matches found 45036 and it took: 118302ms
query [5243]: # of matches found 44967 and it took: 117457ms
query [5244]: # of matches found 44870 and it took: 118492ms
query [5245]: # of matches found 44917 and it took: 118583ms
query [5246]: # of matches found 44809 and it took: 118599ms
query [5247]: # of matches found 44589 and it took: 118304ms
query [5248]: # of matches found 44601 and it took: 119117ms
query [5249]: # of matches found 44326 and it took: 118875ms
query [5250]: # of matches found 44131 and it took: 118521ms
query [5251]: # of matches found 43984 and it took: 118883ms
query [5252]: # of matches found 43964 and it took: 119671ms
query [5253]: # of matches found 43897 and it took: 118695ms
query [5254]: # of matches found 43611 and it took: 120033ms
query [5255]: # of matches found 43369 and it took: 119846ms
query [5256]: # of matches found 43013 and it took: 119931ms
query [5257]: # of matches found 42866 and it took: 118903ms
query [5258]: # of matches found 42762 and it took: 119904ms
query [5259]: # of matches found 42173 and it took: 120161ms
query [5260]: # of matches found 41145 and it took: 119197ms
query [5261]: # of matches found 41037 and it took: 119483ms
query [5262]: # of matches found 40978 and it took: 120405ms
query [5263]: # of matches found 40788 and it took: 119391ms
query [5264]: # of matches found 40774 and it took: 119996ms
query [5265]: # of matches found 40692 and it took: 119665ms
query [5266]: # of matches found 40668 and it took: 120334ms
query [5267]: # of matches found 40108 and it took: 119067ms
query [5268]: # of matches found 39965 and it took: 120815ms
query [5269]: # of matches found 39853 and it took: 120459ms
query [5270]: # of matches found 39674 and it took: 119311ms
query [5271]: # of matches found 39622 and it took: 119473ms
query [5272]: # of matches found 39582 and it took: 120301ms
query [5273]: # of matches found 39571 and it took: 118943ms
query [5274]: # of matches found 40056 and it took: 119977ms
query [5275]: # of matches found 40022 and it took: 120324ms
query [5276]: # of matches found 39860 and it took: 120268ms
query [5277]: # of matches found 39708 and it took: 119353ms
query [5278]: # of matches found 39630 and it took: 121279ms
query [5279]: # of matches found 39416 and it took: 121226ms
query [5280]: # of matches found 39351 and it took: 119777ms
query [5281]: # of matches found 39308 and it took: 119209ms
query [5282]: # of matches found 39311 and it took: 121616ms
query [5283]: # of matches found 38440 and it took: 120767ms
query [5284]: # of matches found 38369 and it took: 121824ms
query [5285]: # of matches found 38200 and it took: 121985ms
query [5286]: # of matches found 38202 and it took: 122543ms
query [5287]: # of matches found 37828 and it took: 121339ms
query [5288]: # of matches found 37782 and it took: 123017ms
query [5289]: # of matches found 37752 and it took: 121978ms
query [5290]: # of matches found 37638 and it took: 121469ms
query [5291]: # of matches found 37384 and it took: 120878ms
query [5292]: # of matches found 37202 and it took: 122597ms
query [5293]: # of matches found 37143 and it took: 120488ms
query [5294]: # of matches found 37059 and it took: 121731ms
query [5295]: # of matches found 36945 and it took: 121081ms
query [5296]: # of matches found 36857 and it took: 121331ms
query [5297]: # of matches found 37002 and it took: 121420ms
query [5298]: # of matches found 36997 and it took: 121673ms
query [5299]: # of matches found 37280 and it took: 121378ms
query [5300]: # of matches found 37328 and it took: 121787ms
query [5301]: # of matches found 37144 and it took: 120834ms
query [5302]: # of matches found 37029 and it took: 121809ms
query [5303]: # of matches found 36964 and it took: 121065ms
query [5304]: # of matches found 36928 and it took: 121042ms
query [5305]: # of matches found 37021 and it took: 121410ms
query [5306]: # of matches found 37745 and it took: 121668ms
query [5307]: # of matches found 37821 and it took: 121179ms
query [5308]: # of matches found 38017 and it took: 121880ms
query [5309]: # of matches found 38140 and it took: 121584ms
query [5310]: # of matches found 38934 and it took: 120726ms
query [5311]: # of matches found 38706 and it took: 120573ms
query [5312]: # of matches found 39093 and it took: 120996ms
query [5313]: # of matches found 38630 and it took: 120299ms
query [5314]: # of matches found 38765 and it took: 121085ms
query [5315]: # of matches found 38616 and it took: 121270ms
query [5316]: # of matches found 38039 and it took: 121608ms
query [5317]: # of matches found 38064 and it took: 121749ms
query [5318]: # of matches found 37993 and it took: 122326ms
query [5319]: # of matches found 37877 and it took: 120911ms
query [5320]: # of matches found 37801 and it took: 121269ms
query [5321]: # of matches found 37663 and it took: 120514ms
query [5322]: # of matches found 37644 and it took: 121760ms
query [5323]: # of matches found 30821 and it took: 121315ms
query [5324]: # of matches found 31135 and it took: 121593ms
query [5325]: # of matches found 31018 and it took: 121433ms
query [5326]: # of matches found 31006 and it took: 121815ms
query [5327]: # of matches found 30672 and it took: 121487ms
query [5328]: # of matches found 31300 and it took: 121910ms
query [5329]: # of matches found 31735 and it took: 120546ms
query [5330]: # of matches found 32116 and it took: 121283ms
query [5331]: # of matches found 32241 and it took: 120947ms
query [5332]: # of matches found 32350 and it took: 121693ms
query [5333]: # of matches found 32372 and it took: 121355ms
query [5334]: # of matches found 32378 and it took: 121809ms
query [5335]: # of matches found 32598 and it took: 121828ms
query [5336]: # of matches found 32399 and it took: 121878ms
query [5337]: # of matches found 32301 and it took: 121802ms
query [5338]: # of matches found 31896 and it took: 122343ms
query [5339]: # of matches found 31591 and it took: 119920ms
query [5340]: # of matches found 31519 and it took: 120082ms
query [5341]: # of matches found 31624 and it took: 119650ms
query [5342]: # of matches found 31624 and it took: 119355ms
query [5343]: # of matches found 31905 and it took: 119341ms
query [5344]: # of matches found 32447 and it took: 118961ms
query [5345]: # of matches found 32841 and it took: 118813ms
query [5346]: # of matches found 32891 and it took: 119052ms
query [5347]: # of matches found 32782 and it took: 119135ms
query [5348]: # of matches found 32844 and it took: 119377ms
query [5349]: # of matches found 32431 and it took: 118060ms
query [5350]: # of matches found 32749 and it took: 118653ms
query [5351]: # of matches found 33273 and it took: 118206ms
query [5352]: # of matches found 33629 and it took: 118577ms
query [5353]: # of matches found 33788 and it took: 118462ms
query [5354]: # of matches found 34119 and it took: 118038ms
query [5355]: # of matches found 34134 and it took: 118304ms
query [5356]: # of matches found 33968 and it took: 118203ms
query [5357]: # of matches found 33971 and it took: 117792ms
query [5358]: # of matches found 33911 and it took: 118321ms
query [5359]: # of matches found 33943 and it took: 116595ms
query [5360]: # of matches found 34158 and it took: 117712ms
query [5361]: # of matches found 34180 and it took: 116991ms
query [5362]: # of matches found 34093 and it took: 117280ms
query [5363]: # of matches found 34049 and it took: 117385ms
query [5364]: # of matches found 34020 and it took: 117064ms
query [5365]: # of matches found 34237 and it took: 116458ms
query [5366]: # of matches found 34162 and it took: 116693ms
query [5367]: # of matches found 34431 and it took: 116945ms
query [5368]: # of matches found 34538 and it took: 117150ms
query [5369]: # of matches found 34297 and it took: 116215ms
query [5370]: # of matches found 34081 and it took: 116464ms
query [5371]: # of matches found 34034 and it took: 115675ms
query [5372]: # of matches found 33898 and it took: 115930ms
query [5373]: # of matches found 33713 and it took: 116528ms
query [5374]: # of matches found 33160 and it took: 115432ms
query [5375]: # of matches found 32793 and it took: 115347ms
query [5376]: # of matches found 32662 and it took: 115009ms
query [5377]: # of matches found 31941 and it took: 115340ms
query [5378]: # of matches found 31608 and it took: 115146ms
query [5379]: # of matches found 31447 and it took: 114282ms
query [5380]: # of matches found 31451 and it took: 114464ms
query [5381]: # of matches found 30848 and it took: 113751ms
query [5382]: # of matches found 31120 and it took: 113738ms
query [5383]: # of matches found 31748 and it took: 114403ms
query [5384]: # of matches found 31730 and it took: 114156ms
query [5385]: # of matches found 31699 and it took: 113797ms
query [5386]: # of matches found 31676 and it took: 113869ms
query [5387]: # of matches found 31808 and it took: 114396ms
query [5388]: # of matches found 31780 and it took: 114206ms
query [5389]: # of matches found 31707 and it took: 113404ms
query [5390]: # of matches found 31917 and it took: 113968ms
query [5391]: # of matches found 32163 and it took: 114359ms
query [5392]: # of matches found 32365 and it took: 113903ms
query [5393]: # of matches found 32552 and it took: 114408ms
query [5394]: # of matches found 32464 and it took: 115885ms
query [5395]: # of matches found 32479 and it took: 114486ms
query [5396]: # of matches found 32633 and it took: 114181ms
query [5397]: # of matches found 32720 and it took: 114763ms
query [5398]: # of matches found 32747 and it took: 114741ms
query [5399]: # of matches found 32734 and it took: 113619ms
query [5400]: # of matches found 32713 and it took: 114388ms
query [5401]: # of matches found 32725 and it took: 113301ms
query [5402]: # of matches found 32733 and it took: 114902ms
query [5403]: # of matches found 33043 and it took: 114112ms
query [5404]: # of matches found 32999 and it took: 114104ms
query [5405]: # of matches found 33067 and it took: 113340ms
query [5406]: # of matches found 33043 and it took: 113063ms
query [5407]: # of matches found 33015 and it took: 113781ms
query [5408]: # of matches found 33030 and it took: 113517ms
query [5409]: # of matches found 33082 and it took: 112499ms
query [5410]: # of matches found 33066 and it took: 112872ms
query [5411]: # of matches found 33086 and it took: 112533ms
query [5412]: # of matches found 33191 and it took: 112826ms
query [5413]: # of matches found 33219 and it took: 112837ms
query [5414]: # of matches found 32677 and it took: 113392ms
query [5415]: # of matches found 32934 and it took: 112541ms
query [5416]: # of matches found 32909 and it took: 112850ms
query [5417]: # of matches found 33170 and it took: 113517ms
query [5418]: # of matches found 33240 and it took: 113560ms
query [5419]: # of matches found 33314 and it took: 113487ms
query [5420]: # of matches found 33568 and it took: 113799ms
query [5421]: # of matches found 33689 and it took: 113702ms
query [5422]: # of matches found 33892 and it took: 113380ms
query [5423]: # of matches found 33989 and it took: 113299ms
query [5424]: # of matches found 34057 and it took: 113942ms
query [5425]: # of matches found 34043 and it took: 113346ms
query [5426]: # of matches found 34257 and it took: 113136ms
query [5427]: # of matches found 34387 and it took: 114423ms
query [5428]: # of matches found 34504 and it took: 114182ms
query [5429]: # of matches found 34440 and it took: 114130ms
query [5430]: # of matches found 34507 and it took: 115201ms
query [5431]: # of matches found 34564 and it took: 114313ms
query [5432]: # of matches found 34623 and it took: 116727ms
query [5433]: # of matches found 34674 and it took: 116050ms
query [5434]: # of matches found 34766 and it took: 116828ms
query [5435]: # of matches found 34786 and it took: 116274ms
query [5436]: # of matches found 34793 and it took: 116466ms
query [5437]: # of matches found 34499 and it took: 117222ms
query [5438]: # of matches found 34481 and it took: 117050ms
query [5439]: # of matches found 34104 and it took: 116899ms
query [5440]: # of matches found 34029 and it took: 117474ms
query [5441]: # of matches found 34371 and it took: 115477ms
query [5442]: # of matches found 34522 and it took: 117268ms
query [5443]: # of matches found 34706 and it took: 117088ms
query [5444]: # of matches found 34767 and it took: 117380ms
query [5445]: # of matches found 34858 and it took: 117350ms
query [5446]: # of matches found 34687 and it took: 117102ms
query [5447]: # of matches found 35122 and it took: 118690ms
query [5448]: # of matches found 34776 and it took: 116875ms
query [5449]: # of matches found 34791 and it took: 116352ms
query [5450]: # of matches found 34170 and it took: 117120ms
query [5451]: # of matches found 34459 and it took: 116645ms
query [5452]: # of matches found 34482 and it took: 117741ms
query [5453]: # of matches found 34758 and it took: 117099ms
query [5454]: # of matches found 35058 and it took: 117652ms
query [5455]: # of matches found 35075 and it took: 116987ms
query [5456]: # of matches found 35317 and it took: 116532ms
query [5457]: # of matches found 35459 and it took: 117456ms
query [5458]: # of matches found 36571 and it took: 117007ms
query [5459]: # of matches found 36875 and it took: 116973ms
query [5460]: # of matches found 37334 and it took: 117237ms
query [5461]: # of matches found 37491 and it took: 116742ms
query [5462]: # of matches found 37522 and it took: 117513ms
query [5463]: # of matches found 37460 and it took: 116532ms
query [5464]: # of matches found 37356 and it took: 118115ms
query [5465]: # of matches found 37191 and it took: 117592ms
query [5466]: # of matches found 37265 and it took: 117519ms
query [5467]: # of matches found 37321 and it took: 120142ms
query [5468]: # of matches found 37384 and it took: 118052ms
query [5469]: # of matches found 36950 and it took: 118262ms
query [5470]: # of matches found 37553 and it took: 118366ms
query [5471]: # of matches found 37256 and it took: 115839ms
query [5472]: # of matches found 37146 and it took: 118137ms
query [5473]: # of matches found 37139 and it took: 117046ms
query [5474]: # of matches found 36862 and it took: 117551ms
query [5475]: # of matches found 36604 and it took: 117364ms
query [5476]: # of matches found 36633 and it took: 116651ms
query [5477]: # of matches found 36508 and it took: 117463ms
query [5478]: # of matches found 36317 and it took: 118309ms
query [5479]: # of matches found 36263 and it took: 116793ms
query [5480]: # of matches found 36246 and it took: 116437ms
query [5481]: # of matches found 36183 and it took: 115481ms
query [5482]: # of matches found 36070 and it took: 116837ms
query [5483]: # of matches found 35874 and it took: 116009ms
query [5484]: # of matches found 35142 and it took: 116643ms
query [5485]: # of matches found 34561 and it took: 116659ms
query [5486]: # of matches found 34237 and it took: 115692ms
