no kmerRangesFileAddressArg!
no baselineBaseAddress!
no otherToolArg!
**********************CONFIGURATIONS*****************************
PARMIK mode:                  3
readDatabaseAddress:          /p/lava/parmik/partialMatcherProject/datasets/metagenomicDB/SRR14381425/SRR14381425_reads
readFileName:                 SRR14381425_reads
queryFileAddress:             /p/lava/parmik/partialMatcherProject/datasets/queryFiles/covidQueryFiles/NC_045512_chunks/NC_045512_queries_10000-10999
queryFileName:                NC_045512_queries_10000-10999
otherToolOutputFileAddress:   /u/rgq5aw/GIT/PARMIK/partialMatcherProject/tools/blast/SRR14381425/NC_045512/blastn_ws30_results.out
outputDir:                    /p/lava/parmik/partialMatcherProject/tools/baseline_ssw/SRR14381425/NC_045512
penaltyFileAddress:           /u/rgq5aw/GIT/PARMIK/experiments/parmik/CK_SSW_ID_PRCNTG/PenaltySets/2484_1111_2444_2288_2848
kmerRangesFileAddress:        
readsCount:                   27000000
queryCount:                   30000
kmerLength:                   11
regionSize:                   48
cheapKmerThreshold:           0
identityPercentage:           0.85
minExactMatchLen:             0
minNumExactMatchKmer:         0
isIndexOffline:               1
offlineIndexAddress:          /p/lava/parmik/partialMatcherProject/tools/parmik/CK_INDEX/SRR14381425/
baselineBaseAddress:          
max editDistance in min region: 2
**********************CONFIGURATIONS*****************************
--------------Penalties--------------
m: 2, s: 4, go: 8, ge: 4
m: 1, s: 1, go: 1, ge: 1
m: 2, s: 4, go: 4, ge: 4
m: 2, s: 2, go: 8, ge: 8
m: 2, s: 8, go: 4, ge: 8
------------------------------------
numberOfReadsWithN : 0
queryCount : 1000
numberOfReadsWithN : 0
readCount : 19837502
offlineCheapIndexAddress: /p/lava/parmik/partialMatcherProject/tools/parmik/CK_INDEX/SRR14381425/ck_T0_K11_r27000000
pmrkAlignmentsAddress: /p/lava/parmik/partialMatcherProject/tools/baseline_ssw/SRR14381425/NC_045512/aln/pmAln_R48_PI85_L0_M0_E2_K11_T0_P_2484_1111_2444_2288_2848.txt
Starting alignment for all queries [fwd]...
queryBaseIndex: 10000
query [10000]: # of matches found 47851 and it took: 113975ms
query [10001]: # of matches found 48065 and it took: 112987ms
query [10002]: # of matches found 47850 and it took: 113834ms
query [10003]: # of matches found 47362 and it took: 114180ms
query [10004]: # of matches found 47266 and it took: 114445ms
query [10005]: # of matches found 47244 and it took: 113971ms
query [10006]: # of matches found 47247 and it took: 113857ms
query [10007]: # of matches found 47114 and it took: 114783ms
query [10008]: # of matches found 46869 and it took: 114817ms
query [10009]: # of matches found 46773 and it took: 115869ms
query [10010]: # of matches found 46797 and it took: 115861ms
query [10011]: # of matches found 46688 and it took: 115332ms
query [10012]: # of matches found 46641 and it took: 116232ms
query [10013]: # of matches found 46366 and it took: 116404ms
query [10014]: # of matches found 46341 and it took: 116351ms
query [10015]: # of matches found 45511 and it took: 116052ms
query [10016]: # of matches found 44989 and it took: 115802ms
query [10017]: # of matches found 43949 and it took: 116221ms
query [10018]: # of matches found 42920 and it took: 115708ms
query [10019]: # of matches found 42477 and it took: 117606ms
query [10020]: # of matches found 41809 and it took: 117897ms
query [10021]: # of matches found 41694 and it took: 117110ms
query [10022]: # of matches found 41748 and it took: 117905ms
query [10023]: # of matches found 41740 and it took: 117278ms
query [10024]: # of matches found 41917 and it took: 117532ms
query [10025]: # of matches found 41944 and it took: 117421ms
query [10026]: # of matches found 42038 and it took: 118167ms
query [10027]: # of matches found 42072 and it took: 118277ms
query [10028]: # of matches found 42152 and it took: 117918ms
query [10029]: # of matches found 42167 and it took: 118404ms
query [10030]: # of matches found 42181 and it took: 118815ms
query [10031]: # of matches found 41669 and it took: 118302ms
query [10032]: # of matches found 41692 and it took: 118327ms
query [10033]: # of matches found 41666 and it took: 118498ms
query [10034]: # of matches found 41601 and it took: 119224ms
query [10035]: # of matches found 41393 and it took: 118380ms
query [10036]: # of matches found 41250 and it took: 118678ms
query [10037]: # of matches found 41291 and it took: 119384ms
query [10038]: # of matches found 41180 and it took: 118889ms
query [10039]: # of matches found 40884 and it took: 119697ms
query [10040]: # of matches found 42398 and it took: 119852ms
query [10041]: # of matches found 42224 and it took: 119621ms
query [10042]: # of matches found 42444 and it took: 119925ms
query [10043]: # of matches found 42445 and it took: 119889ms
query [10044]: # of matches found 42196 and it took: 120827ms
query [10045]: # of matches found 42112 and it took: 120581ms
query [10046]: # of matches found 41867 and it took: 121022ms
query [10047]: # of matches found 41496 and it took: 121949ms
query [10048]: # of matches found 41689 and it took: 121067ms
query [10049]: # of matches found 42326 and it took: 122682ms
query [10050]: # of matches found 42772 and it took: 121572ms
query [10051]: # of matches found 43025 and it took: 121545ms
query [10052]: # of matches found 43048 and it took: 122619ms
query [10053]: # of matches found 41907 and it took: 121183ms
query [10054]: # of matches found 41413 and it took: 121912ms
query [10055]: # of matches found 41015 and it took: 121486ms
query [10056]: # of matches found 40737 and it took: 122626ms
query [10057]: # of matches found 40475 and it took: 122488ms
query [10058]: # of matches found 40002 and it took: 122204ms
query [10059]: # of matches found 39382 and it took: 123620ms
query [10060]: # of matches found 37264 and it took: 123417ms
query [10061]: # of matches found 35968 and it took: 123114ms
query [10062]: # of matches found 43821 and it took: 122950ms
query [10063]: # of matches found 42902 and it took: 122502ms
query [10064]: # of matches found 42180 and it took: 123210ms
query [10065]: # of matches found 41782 and it took: 122369ms
query [10066]: # of matches found 41156 and it took: 123271ms
query [10067]: # of matches found 40694 and it took: 123001ms
query [10068]: # of matches found 40471 and it took: 122325ms
query [10069]: # of matches found 40717 and it took: 123725ms
query [10070]: # of matches found 40491 and it took: 123544ms
query [10071]: # of matches found 40764 and it took: 122912ms
query [10072]: # of matches found 41203 and it took: 122679ms
query [10073]: # of matches found 41327 and it took: 122333ms
query [10074]: # of matches found 41357 and it took: 122956ms
query [10075]: # of matches found 41953 and it took: 122214ms
query [10076]: # of matches found 41804 and it took: 123066ms
query [10077]: # of matches found 41952 and it took: 122344ms
query [10078]: # of matches found 42054 and it took: 121997ms
query [10079]: # of matches found 42078 and it took: 123276ms
query [10080]: # of matches found 42083 and it took: 122122ms
query [10081]: # of matches found 39475 and it took: 122517ms
query [10082]: # of matches found 39311 and it took: 121917ms
query [10083]: # of matches found 39089 and it took: 121195ms
query [10084]: # of matches found 38811 and it took: 121591ms
query [10085]: # of matches found 38494 and it took: 121525ms
query [10086]: # of matches found 38472 and it took: 122279ms
query [10087]: # of matches found 38402 and it took: 122290ms
query [10088]: # of matches found 38213 and it took: 121675ms
query [10089]: # of matches found 38189 and it took: 123549ms
query [10090]: # of matches found 38064 and it took: 122746ms
query [10091]: # of matches found 37762 and it took: 123302ms
query [10092]: # of matches found 37644 and it took: 122228ms
query [10093]: # of matches found 37726 and it took: 121831ms
query [10094]: # of matches found 37689 and it took: 122379ms
query [10095]: # of matches found 37693 and it took: 121966ms
query [10096]: # of matches found 37427 and it took: 122154ms
query [10097]: # of matches found 37322 and it took: 121977ms
query [10098]: # of matches found 37273 and it took: 121154ms
query [10099]: # of matches found 37383 and it took: 122593ms
query [10100]: # of matches found 38069 and it took: 121763ms
query [10101]: # of matches found 38462 and it took: 122262ms
query [10102]: # of matches found 38606 and it took: 120937ms
query [10103]: # of matches found 38944 and it took: 120517ms
query [10104]: # of matches found 39621 and it took: 121294ms
query [10105]: # of matches found 40015 and it took: 120851ms
query [10106]: # of matches found 40206 and it took: 120494ms
query [10107]: # of matches found 40697 and it took: 120587ms
query [10108]: # of matches found 40728 and it took: 119654ms
query [10109]: # of matches found 40847 and it took: 120606ms
query [10110]: # of matches found 40873 and it took: 119751ms
query [10111]: # of matches found 40811 and it took: 121021ms
query [10112]: # of matches found 41070 and it took: 120767ms
query [10113]: # of matches found 41039 and it took: 120170ms
query [10114]: # of matches found 41064 and it took: 120732ms
query [10115]: # of matches found 41234 and it took: 119904ms
query [10116]: # of matches found 41180 and it took: 120687ms
query [10117]: # of matches found 41119 and it took: 120204ms
query [10118]: # of matches found 46266 and it took: 119803ms
query [10119]: # of matches found 46440 and it took: 121248ms
query [10120]: # of matches found 46488 and it took: 119787ms
query [10121]: # of matches found 46562 and it took: 120093ms
query [10122]: # of matches found 46482 and it took: 118911ms
query [10123]: # of matches found 46681 and it took: 119695ms
query [10124]: # of matches found 46596 and it took: 119304ms
query [10125]: # of matches found 46593 and it took: 119240ms
query [10126]: # of matches found 46535 and it took: 119992ms
query [10127]: # of matches found 46577 and it took: 118795ms
query [10128]: # of matches found 46707 and it took: 118885ms
query [10129]: # of matches found 46612 and it took: 119981ms
query [10130]: # of matches found 46708 and it took: 119495ms
query [10131]: # of matches found 46769 and it took: 120365ms
query [10132]: # of matches found 47266 and it took: 120122ms
query [10133]: # of matches found 47367 and it took: 120522ms
query [10134]: # of matches found 47306 and it took: 120438ms
query [10135]: # of matches found 47412 and it took: 121239ms
query [10136]: # of matches found 47615 and it took: 120392ms
query [10137]: # of matches found 47846 and it took: 119957ms
query [10138]: # of matches found 47966 and it took: 120026ms
query [10139]: # of matches found 47937 and it took: 120669ms
query [10140]: # of matches found 47860 and it took: 119883ms
query [10141]: # of matches found 47722 and it took: 120535ms
query [10142]: # of matches found 47533 and it took: 119592ms
query [10143]: # of matches found 47531 and it took: 120359ms
query [10144]: # of matches found 47508 and it took: 119545ms
query [10145]: # of matches found 47393 and it took: 120777ms
query [10146]: # of matches found 47137 and it took: 120054ms
query [10147]: # of matches found 47135 and it took: 119419ms
query [10148]: # of matches found 46845 and it took: 120194ms
query [10149]: # of matches found 46774 and it took: 120276ms
query [10150]: # of matches found 46639 and it took: 118953ms
query [10151]: # of matches found 46656 and it took: 119310ms
query [10152]: # of matches found 46681 and it took: 118918ms
query [10153]: # of matches found 47024 and it took: 119489ms
query [10154]: # of matches found 47013 and it took: 118887ms
query [10155]: # of matches found 47273 and it took: 119996ms
query [10156]: # of matches found 47560 and it took: 119554ms
query [10157]: # of matches found 47960 and it took: 119039ms
query [10158]: # of matches found 49310 and it took: 119320ms
query [10159]: # of matches found 49534 and it took: 119106ms
query [10160]: # of matches found 49662 and it took: 117866ms
query [10161]: # of matches found 49730 and it took: 118267ms
query [10162]: # of matches found 49954 and it took: 117828ms
query [10163]: # of matches found 49980 and it took: 118400ms
query [10164]: # of matches found 49840 and it took: 118857ms
query [10165]: # of matches found 49934 and it took: 121037ms
query [10166]: # of matches found 50053 and it took: 118469ms
query [10167]: # of matches found 50034 and it took: 118062ms
query [10168]: # of matches found 49912 and it took: 117741ms
query [10169]: # of matches found 49861 and it took: 118186ms
query [10170]: # of matches found 49728 and it took: 117671ms
query [10171]: # of matches found 49675 and it took: 116968ms
query [10172]: # of matches found 49770 and it took: 116743ms
query [10173]: # of matches found 49789 and it took: 117230ms
query [10174]: # of matches found 49997 and it took: 116469ms
query [10175]: # of matches found 50090 and it took: 117178ms
query [10176]: # of matches found 50065 and it took: 117146ms
query [10177]: # of matches found 50024 and it took: 116833ms
query [10178]: # of matches found 49993 and it took: 116586ms
query [10179]: # of matches found 49863 and it took: 117179ms
query [10180]: # of matches found 47992 and it took: 116537ms
query [10181]: # of matches found 48007 and it took: 115890ms
query [10182]: # of matches found 47502 and it took: 115515ms
query [10183]: # of matches found 47328 and it took: 116306ms
query [10184]: # of matches found 47349 and it took: 116352ms
query [10185]: # of matches found 47339 and it took: 117122ms
query [10186]: # of matches found 47330 and it took: 116872ms
query [10187]: # of matches found 47280 and it took: 117525ms
query [10188]: # of matches found 47090 and it took: 117437ms
query [10189]: # of matches found 46379 and it took: 117818ms
query [10190]: # of matches found 45893 and it took: 117423ms
query [10191]: # of matches found 45581 and it took: 116578ms
query [10192]: # of matches found 45530 and it took: 116824ms
query [10193]: # of matches found 47300 and it took: 116890ms
query [10194]: # of matches found 47186 and it took: 117161ms
query [10195]: # of matches found 47208 and it took: 117288ms
query [10196]: # of matches found 47219 and it took: 117272ms
query [10197]: # of matches found 47048 and it took: 117324ms
query [10198]: # of matches found 47089 and it took: 117431ms
query [10199]: # of matches found 47068 and it took: 117383ms
query [10200]: # of matches found 47116 and it took: 117797ms
query [10201]: # of matches found 47229 and it took: 117436ms
query [10202]: # of matches found 38444 and it took: 117556ms
query [10203]: # of matches found 38413 and it took: 117744ms
query [10204]: # of matches found 38194 and it took: 118332ms
query [10205]: # of matches found 38169 and it took: 117987ms
query [10206]: # of matches found 38138 and it took: 118492ms
query [10207]: # of matches found 38120 and it took: 118345ms
query [10208]: # of matches found 38112 and it took: 118060ms
query [10209]: # of matches found 37961 and it took: 118119ms
query [10210]: # of matches found 37834 and it took: 118526ms
query [10211]: # of matches found 37604 and it took: 117790ms
query [10212]: # of matches found 37124 and it took: 117691ms
query [10213]: # of matches found 36966 and it took: 118139ms
query [10214]: # of matches found 36758 and it took: 118222ms
query [10215]: # of matches found 36538 and it took: 118860ms
query [10216]: # of matches found 36687 and it took: 119143ms
query [10217]: # of matches found 36526 and it took: 118668ms
query [10218]: # of matches found 36472 and it took: 118545ms
query [10219]: # of matches found 36345 and it took: 118559ms
query [10220]: # of matches found 36140 and it took: 118748ms
query [10221]: # of matches found 35976 and it took: 117946ms
query [10222]: # of matches found 35845 and it took: 118090ms
query [10223]: # of matches found 35868 and it took: 118593ms
query [10224]: # of matches found 35900 and it took: 118673ms
query [10225]: # of matches found 36101 and it took: 119721ms
query [10226]: # of matches found 36167 and it took: 119119ms
query [10227]: # of matches found 36172 and it took: 119055ms
query [10228]: # of matches found 36247 and it took: 118957ms
query [10229]: # of matches found 36292 and it took: 118288ms
query [10230]: # of matches found 36496 and it took: 118393ms
query [10231]: # of matches found 36757 and it took: 118063ms
query [10232]: # of matches found 37014 and it took: 118996ms
query [10233]: # of matches found 37353 and it took: 118282ms
query [10234]: # of matches found 37521 and it took: 118752ms
query [10235]: # of matches found 37737 and it took: 119337ms
query [10236]: # of matches found 37822 and it took: 119095ms
query [10237]: # of matches found 37876 and it took: 119352ms
query [10238]: # of matches found 37899 and it took: 119375ms
query [10239]: # of matches found 37783 and it took: 119154ms
query [10240]: # of matches found 37562 and it took: 120022ms
query [10241]: # of matches found 36922 and it took: 117930ms
query [10242]: # of matches found 37169 and it took: 118855ms
query [10243]: # of matches found 37089 and it took: 118233ms
query [10244]: # of matches found 36473 and it took: 118574ms
query [10245]: # of matches found 36495 and it took: 118887ms
query [10246]: # of matches found 36856 and it took: 120013ms
query [10247]: # of matches found 36885 and it took: 119631ms
query [10248]: # of matches found 37018 and it took: 119198ms
query [10249]: # of matches found 36987 and it took: 119044ms
query [10250]: # of matches found 36923 and it took: 118975ms
query [10251]: # of matches found 36958 and it took: 117854ms
query [10252]: # of matches found 36683 and it took: 118707ms
query [10253]: # of matches found 36624 and it took: 117511ms
query [10254]: # of matches found 36464 and it took: 118356ms
query [10255]: # of matches found 36439 and it took: 118579ms
query [10256]: # of matches found 36429 and it took: 118888ms
query [10257]: # of matches found 36384 and it took: 118703ms
query [10258]: # of matches found 31181 and it took: 117831ms
query [10259]: # of matches found 30948 and it took: 117325ms
query [10260]: # of matches found 31053 and it took: 117785ms
query [10261]: # of matches found 31029 and it took: 117064ms
query [10262]: # of matches found 30979 and it took: 117633ms
query [10263]: # of matches found 30745 and it took: 117061ms
query [10264]: # of matches found 30883 and it took: 117651ms
query [10265]: # of matches found 30807 and it took: 117851ms
query [10266]: # of matches found 30774 and it took: 118167ms
query [10267]: # of matches found 30913 and it took: 117639ms
query [10268]: # of matches found 30833 and it took: 116844ms
query [10269]: # of matches found 31086 and it took: 117440ms
query [10270]: # of matches found 31161 and it took: 117474ms
query [10271]: # of matches found 31333 and it took: 116805ms
query [10272]: # of matches found 30932 and it took: 117579ms
query [10273]: # of matches found 54714 and it took: 117709ms
query [10274]: # of matches found 55252 and it took: 118282ms
query [10275]: # of matches found 55354 and it took: 117955ms
query [10276]: # of matches found 55354 and it took: 118036ms
query [10277]: # of matches found 55277 and it took: 118278ms
query [10278]: # of matches found 55143 and it took: 117647ms
query [10279]: # of matches found 55197 and it took: 117391ms
query [10280]: # of matches found 55144 and it took: 118396ms
query [10281]: # of matches found 55011 and it took: 117591ms
query [10282]: # of matches found 55080 and it took: 117847ms
query [10283]: # of matches found 55341 and it took: 117827ms
query [10284]: # of matches found 55316 and it took: 118454ms
query [10285]: # of matches found 55184 and it took: 117414ms
query [10286]: # of matches found 55307 and it took: 118506ms
query [10287]: # of matches found 55350 and it took: 117687ms
query [10288]: # of matches found 55567 and it took: 117606ms
query [10289]: # of matches found 55691 and it took: 117568ms
query [10290]: # of matches found 55646 and it took: 117585ms
query [10291]: # of matches found 55616 and it took: 117127ms
query [10292]: # of matches found 55551 and it took: 118171ms
query [10293]: # of matches found 55334 and it took: 117771ms
query [10294]: # of matches found 55030 and it took: 117982ms
query [10295]: # of matches found 54778 and it took: 117905ms
query [10296]: # of matches found 54557 and it took: 118538ms
query [10297]: # of matches found 54091 and it took: 118449ms
query [10298]: # of matches found 52727 and it took: 118097ms
query [10299]: # of matches found 52560 and it took: 118862ms
query [10300]: # of matches found 52590 and it took: 119679ms
query [10301]: # of matches found 52419 and it took: 120026ms
query [10302]: # of matches found 52212 and it took: 119914ms
query [10303]: # of matches found 52152 and it took: 119064ms
query [10304]: # of matches found 52105 and it took: 119234ms
query [10305]: # of matches found 51855 and it took: 119143ms
query [10306]: # of matches found 51793 and it took: 118955ms
query [10307]: # of matches found 51748 and it took: 119071ms
query [10308]: # of matches found 51816 and it took: 118047ms
query [10309]: # of matches found 51996 and it took: 118262ms
query [10310]: # of matches found 52214 and it took: 119366ms
query [10311]: # of matches found 52594 and it took: 118151ms
query [10312]: # of matches found 52721 and it took: 118880ms
query [10313]: # of matches found 52673 and it took: 117795ms
query [10314]: # of matches found 52686 and it took: 118413ms
query [10315]: # of matches found 52568 and it took: 118878ms
query [10316]: # of matches found 52516 and it took: 119251ms
query [10317]: # of matches found 52462 and it took: 118367ms
query [10318]: # of matches found 52455 and it took: 118046ms
query [10319]: # of matches found 52554 and it took: 118541ms
query [10320]: # of matches found 52482 and it took: 118367ms
query [10321]: # of matches found 52524 and it took: 118229ms
query [10322]: # of matches found 52518 and it took: 118607ms
query [10323]: # of matches found 52611 and it took: 117758ms
query [10324]: # of matches found 52611 and it took: 117948ms
query [10325]: # of matches found 52661 and it took: 118659ms
query [10326]: # of matches found 52548 and it took: 118361ms
query [10327]: # of matches found 52667 and it took: 117587ms
query [10328]: # of matches found 52688 and it took: 117373ms
query [10329]: # of matches found 52541 and it took: 117505ms
query [10330]: # of matches found 52604 and it took: 116337ms
query [10331]: # of matches found 52655 and it took: 116647ms
query [10332]: # of matches found 52703 and it took: 118168ms
query [10333]: # of matches found 52582 and it took: 117261ms
query [10334]: # of matches found 52399 and it took: 117724ms
query [10335]: # of matches found 50640 and it took: 117773ms
query [10336]: # of matches found 50615 and it took: 117590ms
query [10337]: # of matches found 50741 and it took: 116659ms
query [10338]: # of matches found 50823 and it took: 115998ms
query [10339]: # of matches found 51028 and it took: 116759ms
query [10340]: # of matches found 51170 and it took: 116609ms
query [10341]: # of matches found 51150 and it took: 116678ms
query [10342]: # of matches found 51240 and it took: 117114ms
query [10343]: # of matches found 51293 and it took: 116245ms
query [10344]: # of matches found 51264 and it took: 117321ms
query [10345]: # of matches found 51479 and it took: 117132ms
query [10346]: # of matches found 51927 and it took: 117753ms
query [10347]: # of matches found 52166 and it took: 116723ms
query [10348]: # of matches found 52538 and it took: 116071ms
query [10349]: # of matches found 52796 and it took: 117334ms
query [10350]: # of matches found 52948 and it took: 117244ms
query [10351]: # of matches found 53113 and it took: 117331ms
query [10352]: # of matches found 53176 and it took: 117551ms
query [10353]: # of matches found 54504 and it took: 116424ms
query [10354]: # of matches found 57869 and it took: 117158ms
query [10355]: # of matches found 57899 and it took: 116947ms
query [10356]: # of matches found 59224 and it took: 117421ms
query [10357]: # of matches found 60351 and it took: 116383ms
query [10358]: # of matches found 60872 and it took: 115570ms
query [10359]: # of matches found 61411 and it took: 117083ms
query [10360]: # of matches found 61798 and it took: 116296ms
query [10361]: # of matches found 62607 and it took: 116380ms
query [10362]: # of matches found 62557 and it took: 117236ms
query [10363]: # of matches found 62746 and it took: 116456ms
query [10364]: # of matches found 62788 and it took: 116264ms
query [10365]: # of matches found 62854 and it took: 116472ms
query [10366]: # of matches found 62834 and it took: 115954ms
query [10367]: # of matches found 62884 and it took: 114862ms
query [10368]: # of matches found 62963 and it took: 114735ms
query [10369]: # of matches found 62831 and it took: 115581ms
query [10370]: # of matches found 62774 and it took: 115743ms
query [10371]: # of matches found 151138 and it took: 115560ms
query [10372]: # of matches found 151316 and it took: 115219ms
query [10373]: # of matches found 151065 and it took: 115122ms
query [10374]: # of matches found 151122 and it took: 115635ms
query [10375]: # of matches found 150919 and it took: 114982ms
query [10376]: # of matches found 150897 and it took: 115562ms
query [10377]: # of matches found 151005 and it took: 114454ms
query [10378]: # of matches found 151016 and it took: 115491ms
query [10379]: # of matches found 151130 and it took: 115715ms
query [10380]: # of matches found 151087 and it took: 115874ms
query [10381]: # of matches found 151053 and it took: 115078ms
query [10382]: # of matches found 151191 and it took: 114992ms
query [10383]: # of matches found 151612 and it took: 114477ms
query [10384]: # of matches found 152011 and it took: 115329ms
query [10385]: # of matches found 152074 and it took: 114970ms
query [10386]: # of matches found 152179 and it took: 115468ms
query [10387]: # of matches found 152459 and it took: 113735ms
query [10388]: # of matches found 152904 and it took: 113921ms
query [10389]: # of matches found 152897 and it took: 115098ms
query [10390]: # of matches found 152885 and it took: 114339ms
query [10391]: # of matches found 152680 and it took: 114105ms
query [10392]: # of matches found 152857 and it took: 113436ms
query [10393]: # of matches found 152743 and it took: 112869ms
query [10394]: # of matches found 152821 and it took: 113893ms
query [10395]: # of matches found 152814 and it took: 112998ms
query [10396]: # of matches found 152897 and it took: 113219ms
query [10397]: # of matches found 152907 and it took: 111378ms
query [10398]: # of matches found 152997 and it took: 111921ms
query [10399]: # of matches found 153130 and it took: 112543ms
query [10400]: # of matches found 153019 and it took: 112221ms
query [10401]: # of matches found 152999 and it took: 112219ms
query [10402]: # of matches found 152973 and it took: 111410ms
query [10403]: # of matches found 152877 and it took: 111299ms
query [10404]: # of matches found 152972 and it took: 112173ms
query [10405]: # of matches found 153225 and it took: 111628ms
query [10406]: # of matches found 153474 and it took: 112415ms
query [10407]: # of matches found 153360 and it took: 111928ms
query [10408]: # of matches found 153610 and it took: 111885ms
query [10409]: # of matches found 153763 and it took: 112661ms
query [10410]: # of matches found 153653 and it took: 111477ms
query [10411]: # of matches found 153511 and it took: 111704ms
query [10412]: # of matches found 153514 and it took: 111123ms
query [10413]: # of matches found 129904 and it took: 110873ms
query [10414]: # of matches found 129607 and it took: 112235ms
query [10415]: # of matches found 129502 and it took: 111547ms
query [10416]: # of matches found 129348 and it took: 112253ms
query [10417]: # of matches found 129853 and it took: 111030ms
query [10418]: # of matches found 129935 and it took: 111650ms
query [10419]: # of matches found 130062 and it took: 112098ms
query [10420]: # of matches found 129973 and it took: 111862ms
query [10421]: # of matches found 130037 and it took: 111984ms
query [10422]: # of matches found 130081 and it took: 110604ms
query [10423]: # of matches found 129793 and it took: 111803ms
query [10424]: # of matches found 129892 and it took: 112525ms
query [10425]: # of matches found 130062 and it took: 111924ms
query [10426]: # of matches found 130121 and it took: 112987ms
query [10427]: # of matches found 129926 and it took: 111948ms
query [10428]: # of matches found 129792 and it took: 112300ms
query [10429]: # of matches found 129799 and it took: 112843ms
query [10430]: # of matches found 135556 and it took: 112851ms
query [10431]: # of matches found 135734 and it took: 113435ms
query [10432]: # of matches found 135884 and it took: 112669ms
query [10433]: # of matches found 135935 and it took: 112989ms
query [10434]: # of matches found 135922 and it took: 113880ms
query [10435]: # of matches found 136040 and it took: 112667ms
query [10436]: # of matches found 136033 and it took: 112730ms
query [10437]: # of matches found 136157 and it took: 113129ms
query [10438]: # of matches found 136572 and it took: 112785ms
query [10439]: # of matches found 136898 and it took: 113312ms
query [10440]: # of matches found 136798 and it took: 113505ms
query [10441]: # of matches found 136850 and it took: 114201ms
query [10442]: # of matches found 136761 and it took: 114579ms
query [10443]: # of matches found 137067 and it took: 114526ms
query [10444]: # of matches found 137049 and it took: 115056ms
query [10445]: # of matches found 137164 and it took: 114449ms
query [10446]: # of matches found 137179 and it took: 115632ms
query [10447]: # of matches found 137418 and it took: 115449ms
query [10448]: # of matches found 137928 and it took: 115442ms
query [10449]: # of matches found 137962 and it took: 115965ms
query [10450]: # of matches found 142592 and it took: 115131ms
query [10451]: # of matches found 142367 and it took: 115603ms
query [10452]: # of matches found 142267 and it took: 114870ms
query [10453]: # of matches found 142243 and it took: 115591ms
query [10454]: # of matches found 142086 and it took: 116021ms
query [10455]: # of matches found 142358 and it took: 115371ms
query [10456]: # of matches found 142438 and it took: 115975ms
query [10457]: # of matches found 142652 and it took: 115020ms
query [10458]: # of matches found 142706 and it took: 114746ms
query [10459]: # of matches found 142679 and it took: 115379ms
query [10460]: # of matches found 142853 and it took: 114985ms
query [10461]: # of matches found 142717 and it took: 115209ms
query [10462]: # of matches found 142764 and it took: 114661ms
query [10463]: # of matches found 142959 and it took: 114889ms
query [10464]: # of matches found 143134 and it took: 115387ms
query [10465]: # of matches found 143109 and it took: 114775ms
query [10466]: # of matches found 145083 and it took: 115105ms
query [10467]: # of matches found 145192 and it took: 115899ms
query [10468]: # of matches found 145246 and it took: 115152ms
query [10469]: # of matches found 145362 and it took: 115788ms
query [10470]: # of matches found 145281 and it took: 115493ms
query [10471]: # of matches found 145227 and it took: 115667ms
query [10472]: # of matches found 145165 and it took: 115057ms
query [10473]: # of matches found 145235 and it took: 115585ms
query [10474]: # of matches found 145291 and it took: 115921ms
query [10475]: # of matches found 145354 and it took: 116380ms
query [10476]: # of matches found 145375 and it took: 115900ms
query [10477]: # of matches found 145521 and it took: 115845ms
query [10478]: # of matches found 145537 and it took: 115594ms
query [10479]: # of matches found 145738 and it took: 115967ms
query [10480]: # of matches found 145945 and it took: 116183ms
query [10481]: # of matches found 146215 and it took: 116820ms
query [10482]: # of matches found 146236 and it took: 116894ms
query [10483]: # of matches found 146277 and it took: 116728ms
query [10484]: # of matches found 146601 and it took: 117577ms
query [10485]: # of matches found 146870 and it took: 117248ms
query [10486]: # of matches found 146545 and it took: 117573ms
query [10487]: # of matches found 146840 and it took: 117461ms
query [10488]: # of matches found 147887 and it took: 118646ms
query [10489]: # of matches found 147912 and it took: 119227ms
query [10490]: # of matches found 147986 and it took: 118330ms
query [10491]: # of matches found 147921 and it took: 119225ms
query [10492]: # of matches found 147839 and it took: 118737ms
query [10493]: # of matches found 147622 and it took: 119813ms
query [10494]: # of matches found 143427 and it took: 120731ms
query [10495]: # of matches found 144990 and it took: 119847ms
query [10496]: # of matches found 143248 and it took: 120572ms
query [10497]: # of matches found 142045 and it took: 120580ms
query [10498]: # of matches found 140927 and it took: 120293ms
query [10499]: # of matches found 140537 and it took: 120833ms
query [10500]: # of matches found 140130 and it took: 120712ms
query [10501]: # of matches found 139328 and it took: 121045ms
query [10502]: # of matches found 139096 and it took: 120394ms
query [10503]: # of matches found 139018 and it took: 122901ms
query [10504]: # of matches found 139203 and it took: 121829ms
query [10505]: # of matches found 139286 and it took: 121182ms
query [10506]: # of matches found 139313 and it took: 121497ms
query [10507]: # of matches found 139397 and it took: 120820ms
query [10508]: # of matches found 139302 and it took: 121467ms
query [10509]: # of matches found 139371 and it took: 121818ms
query [10510]: # of matches found 139360 and it took: 121183ms
query [10511]: # of matches found 51822 and it took: 121522ms
query [10512]: # of matches found 50574 and it took: 121464ms
query [10513]: # of matches found 50581 and it took: 121105ms
query [10514]: # of matches found 50398 and it took: 121927ms
query [10515]: # of matches found 50429 and it took: 121592ms
query [10516]: # of matches found 50513 and it took: 121707ms
query [10517]: # of matches found 50951 and it took: 121644ms
query [10518]: # of matches found 51138 and it took: 121755ms
query [10519]: # of matches found 51488 and it took: 121728ms
query [10520]: # of matches found 51790 and it took: 121283ms
query [10521]: # of matches found 52870 and it took: 121300ms
query [10522]: # of matches found 52538 and it took: 121454ms
query [10523]: # of matches found 52116 and it took: 121811ms
query [10524]: # of matches found 51708 and it took: 122548ms
query [10525]: # of matches found 51012 and it took: 122275ms
query [10526]: # of matches found 50638 and it took: 122134ms
query [10527]: # of matches found 50481 and it took: 122199ms
query [10528]: # of matches found 49356 and it took: 122006ms
query [10529]: # of matches found 48984 and it took: 122232ms
query [10530]: # of matches found 49044 and it took: 120992ms
query [10531]: # of matches found 49167 and it took: 121143ms
query [10532]: # of matches found 48936 and it took: 121048ms
query [10533]: # of matches found 49031 and it took: 121729ms
query [10534]: # of matches found 48966 and it took: 121641ms
query [10535]: # of matches found 48942 and it took: 121019ms
query [10536]: # of matches found 48594 and it took: 120708ms
query [10537]: # of matches found 48659 and it took: 121480ms
query [10538]: # of matches found 48664 and it took: 120032ms
query [10539]: # of matches found 48604 and it took: 120914ms
query [10540]: # of matches found 48885 and it took: 120524ms
query [10541]: # of matches found 48875 and it took: 120452ms
query [10542]: # of matches found 49249 and it took: 120763ms
query [10543]: # of matches found 49198 and it took: 120149ms
query [10544]: # of matches found 49229 and it took: 120810ms
query [10545]: # of matches found 48986 and it took: 120443ms
query [10546]: # of matches found 48994 and it took: 120496ms
query [10547]: # of matches found 49065 and it took: 120618ms
query [10548]: # of matches found 48885 and it took: 119407ms
query [10549]: # of matches found 48846 and it took: 119793ms
query [10550]: # of matches found 48871 and it took: 119420ms
query [10551]: # of matches found 49138 and it took: 119548ms
query [10552]: # of matches found 49054 and it took: 119500ms
query [10553]: # of matches found 49378 and it took: 119418ms
query [10554]: # of matches found 49181 and it took: 120000ms
query [10555]: # of matches found 49112 and it took: 119726ms
query [10556]: # of matches found 49275 and it took: 119164ms
query [10557]: # of matches found 48843 and it took: 119450ms
query [10558]: # of matches found 48956 and it took: 118838ms
query [10559]: # of matches found 48806 and it took: 119096ms
query [10560]: # of matches found 48739 and it took: 118565ms
query [10561]: # of matches found 52182 and it took: 118479ms
query [10562]: # of matches found 52185 and it took: 118202ms
query [10563]: # of matches found 52278 and it took: 118160ms
query [10564]: # of matches found 52169 and it took: 118194ms
query [10565]: # of matches found 52006 and it took: 118065ms
query [10566]: # of matches found 51947 and it took: 116684ms
query [10567]: # of matches found 51917 and it took: 117487ms
query [10568]: # of matches found 52033 and it took: 115960ms
query [10569]: # of matches found 52158 and it took: 116594ms
query [10570]: # of matches found 51944 and it took: 116529ms
query [10571]: # of matches found 46387 and it took: 116354ms
query [10572]: # of matches found 46346 and it took: 116503ms
query [10573]: # of matches found 46496 and it took: 116259ms
query [10574]: # of matches found 46681 and it took: 116655ms
query [10575]: # of matches found 46663 and it took: 116322ms
query [10576]: # of matches found 46704 and it took: 115705ms
query [10577]: # of matches found 46739 and it took: 116150ms
query [10578]: # of matches found 46336 and it took: 115238ms
query [10579]: # of matches found 46066 and it took: 115820ms
query [10580]: # of matches found 46270 and it took: 118243ms
query [10581]: # of matches found 46327 and it took: 116474ms
query [10582]: # of matches found 46238 and it took: 116110ms
query [10583]: # of matches found 80577 and it took: 115780ms
query [10584]: # of matches found 88906 and it took: 116383ms
query [10585]: # of matches found 88952 and it took: 116488ms
query [10586]: # of matches found 89327 and it took: 115879ms
query [10587]: # of matches found 89324 and it took: 116727ms
query [10588]: # of matches found 88658 and it took: 115621ms
query [10589]: # of matches found 88569 and it took: 116575ms
query [10590]: # of matches found 83901 and it took: 116666ms
query [10591]: # of matches found 83670 and it took: 117006ms
query [10592]: # of matches found 83718 and it took: 116782ms
query [10593]: # of matches found 83615 and it took: 116808ms
query [10594]: # of matches found 84055 and it took: 116932ms
query [10595]: # of matches found 84148 and it took: 117020ms
query [10596]: # of matches found 84662 and it took: 116419ms
query [10597]: # of matches found 84497 and it took: 116765ms
query [10598]: # of matches found 84560 and it took: 115927ms
query [10599]: # of matches found 84403 and it took: 116252ms
query [10600]: # of matches found 84582 and it took: 116580ms
query [10601]: # of matches found 84753 and it took: 116352ms
query [10602]: # of matches found 84772 and it took: 116183ms
query [10603]: # of matches found 84518 and it took: 115849ms
query [10604]: # of matches found 84382 and it took: 116741ms
query [10605]: # of matches found 84336 and it took: 116724ms
query [10606]: # of matches found 82415 and it took: 116328ms
query [10607]: # of matches found 82115 and it took: 116233ms
query [10608]: # of matches found 82043 and it took: 115001ms
query [10609]: # of matches found 81882 and it took: 116681ms
query [10610]: # of matches found 81884 and it took: 116635ms
query [10611]: # of matches found 82051 and it took: 116435ms
query [10612]: # of matches found 82336 and it took: 116230ms
query [10613]: # of matches found 82548 and it took: 115415ms
query [10614]: # of matches found 82431 and it took: 115783ms
query [10615]: # of matches found 82329 and it took: 116469ms
query [10616]: # of matches found 82396 and it took: 115716ms
query [10617]: # of matches found 83001 and it took: 116247ms
query [10618]: # of matches found 101232 and it took: 114971ms
query [10619]: # of matches found 101442 and it took: 116214ms
query [10620]: # of matches found 101468 and it took: 116980ms
query [10621]: # of matches found 101209 and it took: 116071ms
query [10622]: # of matches found 101316 and it took: 116326ms
query [10623]: # of matches found 101278 and it took: 115947ms
query [10624]: # of matches found 101228 and it took: 116124ms
query [10625]: # of matches found 100895 and it took: 116257ms
query [10626]: # of matches found 100827 and it took: 115612ms
query [10627]: # of matches found 101318 and it took: 116175ms
query [10628]: # of matches found 99947 and it took: 114447ms
query [10629]: # of matches found 99423 and it took: 115297ms
query [10630]: # of matches found 99198 and it took: 115912ms
query [10631]: # of matches found 99254 and it took: 115522ms
query [10632]: # of matches found 99122 and it took: 115041ms
query [10633]: # of matches found 99136 and it took: 114622ms
query [10634]: # of matches found 99107 and it took: 114442ms
query [10635]: # of matches found 99054 and it took: 114696ms
query [10636]: # of matches found 97024 and it took: 114274ms
query [10637]: # of matches found 97023 and it took: 114766ms
query [10638]: # of matches found 97118 and it took: 113787ms
query [10639]: # of matches found 97465 and it took: 114659ms
query [10640]: # of matches found 97834 and it took: 115400ms
query [10641]: # of matches found 97911 and it took: 115234ms
query [10642]: # of matches found 97960 and it took: 116360ms
query [10643]: # of matches found 98095 and it took: 114137ms
query [10644]: # of matches found 97903 and it took: 114154ms
query [10645]: # of matches found 98043 and it took: 114817ms
query [10646]: # of matches found 97990 and it took: 114587ms
query [10647]: # of matches found 98049 and it took: 114852ms
query [10648]: # of matches found 98160 and it took: 114061ms
query [10649]: # of matches found 98174 and it took: 115268ms
query [10650]: # of matches found 98327 and it took: 115601ms
query [10651]: # of matches found 98239 and it took: 115796ms
query [10652]: # of matches found 98261 and it took: 115129ms
query [10653]: # of matches found 98037 and it took: 114968ms
query [10654]: # of matches found 97947 and it took: 115228ms
query [10655]: # of matches found 97891 and it took: 115802ms
query [10656]: # of matches found 97771 and it took: 117984ms
query [10657]: # of matches found 97671 and it took: 116920ms
query [10658]: # of matches found 97056 and it took: 114825ms
query [10659]: # of matches found 96556 and it took: 116408ms
query [10660]: # of matches found 96262 and it took: 116737ms
query [10661]: # of matches found 95050 and it took: 116928ms
query [10662]: # of matches found 94656 and it took: 115996ms
query [10663]: # of matches found 94353 and it took: 116196ms
query [10664]: # of matches found 94372 and it took: 115750ms
query [10665]: # of matches found 94548 and it took: 116519ms
query [10666]: # of matches found 94640 and it took: 116461ms
query [10667]: # of matches found 94657 and it took: 116978ms
query [10668]: # of matches found 95012 and it took: 115842ms
query [10669]: # of matches found 95420 and it took: 116735ms
query [10670]: # of matches found 95628 and it took: 117668ms
query [10671]: # of matches found 95704 and it took: 117681ms
query [10672]: # of matches found 95955 and it took: 116270ms
query [10673]: # of matches found 96037 and it took: 116731ms
query [10674]: # of matches found 96175 and it took: 116037ms
query [10675]: # of matches found 96498 and it took: 116807ms
query [10676]: # of matches found 96779 and it took: 116815ms
query [10677]: # of matches found 96778 and it took: 116810ms
query [10678]: # of matches found 96996 and it took: 115945ms
query [10679]: # of matches found 97309 and it took: 117186ms
query [10680]: # of matches found 97355 and it took: 117059ms
query [10681]: # of matches found 97599 and it took: 117721ms
query [10682]: # of matches found 97341 and it took: 116965ms
query [10683]: # of matches found 97475 and it took: 117280ms
query [10684]: # of matches found 97551 and it took: 116564ms
query [10685]: # of matches found 97600 and it took: 118189ms
query [10686]: # of matches found 97338 and it took: 118225ms
query [10687]: # of matches found 97257 and it took: 117877ms
query [10688]: # of matches found 97506 and it took: 117898ms
query [10689]: # of matches found 97603 and it took: 118269ms
query [10690]: # of matches found 97608 and it took: 118880ms
query [10691]: # of matches found 97288 and it took: 118507ms
query [10692]: # of matches found 97266 and it took: 118467ms
query [10693]: # of matches found 97088 and it took: 118166ms
query [10694]: # of matches found 96845 and it took: 117639ms
query [10695]: # of matches found 96869 and it took: 118631ms
query [10696]: # of matches found 96980 and it took: 118579ms
query [10697]: # of matches found 96817 and it took: 117469ms
query [10698]: # of matches found 96553 and it took: 117943ms
query [10699]: # of matches found 96525 and it took: 118308ms
query [10700]: # of matches found 96562 and it took: 118270ms
query [10701]: # of matches found 92982 and it took: 118362ms
query [10702]: # of matches found 92891 and it took: 117443ms
query [10703]: # of matches found 92883 and it took: 118429ms
query [10704]: # of matches found 92711 and it took: 118056ms
query [10705]: # of matches found 92673 and it took: 118724ms
query [10706]: # of matches found 92653 and it took: 119561ms
query [10707]: # of matches found 92840 and it took: 118232ms
query [10708]: # of matches found 92884 and it took: 118596ms
query [10709]: # of matches found 93186 and it took: 118550ms
query [10710]: # of matches found 93372 and it took: 119023ms
query [10711]: # of matches found 94074 and it took: 118935ms
query [10712]: # of matches found 94402 and it took: 117515ms
query [10713]: # of matches found 94635 and it took: 118677ms
query [10714]: # of matches found 95118 and it took: 117697ms
query [10715]: # of matches found 96075 and it took: 117952ms
query [10716]: # of matches found 97218 and it took: 118668ms
query [10717]: # of matches found 98272 and it took: 118337ms
query [10718]: # of matches found 98974 and it took: 118526ms
query [10719]: # of matches found 99318 and it took: 118469ms
query [10720]: # of matches found 99299 and it took: 118467ms
query [10721]: # of matches found 99294 and it took: 117732ms
query [10722]: # of matches found 99328 and it took: 117060ms
query [10723]: # of matches found 87381 and it took: 118064ms
query [10724]: # of matches found 57597 and it took: 117608ms
query [10725]: # of matches found 57715 and it took: 117636ms
query [10726]: # of matches found 57083 and it took: 118526ms
query [10727]: # of matches found 57073 and it took: 117616ms
query [10728]: # of matches found 57487 and it took: 118040ms
query [10729]: # of matches found 57853 and it took: 118042ms
query [10730]: # of matches found 57847 and it took: 118104ms
query [10731]: # of matches found 58165 and it took: 118110ms
query [10732]: # of matches found 58438 and it took: 117924ms
query [10733]: # of matches found 59094 and it took: 117916ms
query [10734]: # of matches found 59172 and it took: 117376ms
query [10735]: # of matches found 58861 and it took: 117738ms
query [10736]: # of matches found 58501 and it took: 117710ms
query [10737]: # of matches found 58333 and it took: 117187ms
query [10738]: # of matches found 58542 and it took: 118126ms
query [10739]: # of matches found 58571 and it took: 117411ms
query [10740]: # of matches found 58270 and it took: 117784ms
query [10741]: # of matches found 58186 and it took: 117542ms
query [10742]: # of matches found 58033 and it took: 117005ms
query [10743]: # of matches found 57963 and it took: 118168ms
query [10744]: # of matches found 57930 and it took: 117606ms
query [10745]: # of matches found 57904 and it took: 117891ms
query [10746]: # of matches found 57786 and it took: 118271ms
query [10747]: # of matches found 57737 and it took: 118680ms
query [10748]: # of matches found 57740 and it took: 117523ms
query [10749]: # of matches found 57700 and it took: 117055ms
query [10750]: # of matches found 57716 and it took: 117688ms
query [10751]: # of matches found 57586 and it took: 117134ms
query [10752]: # of matches found 57253 and it took: 116776ms
query [10753]: # of matches found 57078 and it took: 117234ms
query [10754]: # of matches found 57056 and it took: 116936ms
query [10755]: # of matches found 57072 and it took: 116509ms
query [10756]: # of matches found 57038 and it took: 116543ms
query [10757]: # of matches found 56578 and it took: 115924ms
query [10758]: # of matches found 55407 and it took: 117402ms
query [10759]: # of matches found 37472 and it took: 117275ms
query [10760]: # of matches found 36941 and it took: 117299ms
query [10761]: # of matches found 36789 and it took: 117005ms
query [10762]: # of matches found 36794 and it took: 116498ms
query [10763]: # of matches found 36771 and it took: 117499ms
query [10764]: # of matches found 36586 and it took: 116624ms
query [10765]: # of matches found 36856 and it took: 116063ms
query [10766]: # of matches found 37084 and it took: 116550ms
query [10767]: # of matches found 36562 and it took: 116027ms
query [10768]: # of matches found 36669 and it took: 116727ms
query [10769]: # of matches found 37924 and it took: 116464ms
query [10770]: # of matches found 38736 and it took: 116466ms
query [10771]: # of matches found 39095 and it took: 116405ms
query [10772]: # of matches found 39497 and it took: 116156ms
query [10773]: # of matches found 39845 and it took: 116383ms
query [10774]: # of matches found 40215 and it took: 116706ms
query [10775]: # of matches found 40744 and it took: 116083ms
query [10776]: # of matches found 41251 and it took: 116143ms
query [10777]: # of matches found 41636 and it took: 115773ms
query [10778]: # of matches found 41931 and it took: 116382ms
query [10779]: # of matches found 41780 and it took: 116057ms
query [10780]: # of matches found 41689 and it took: 115763ms
query [10781]: # of matches found 41591 and it took: 115834ms
query [10782]: # of matches found 41682 and it took: 115474ms
query [10783]: # of matches found 41637 and it took: 115737ms
query [10784]: # of matches found 41646 and it took: 115841ms
query [10785]: # of matches found 41809 and it took: 114923ms
query [10786]: # of matches found 41916 and it took: 115007ms
query [10787]: # of matches found 41563 and it took: 114482ms
query [10788]: # of matches found 41414 and it took: 115083ms
query [10789]: # of matches found 41564 and it took: 114720ms
query [10790]: # of matches found 41691 and it took: 113883ms
query [10791]: # of matches found 41660 and it took: 113691ms
query [10792]: # of matches found 42040 and it took: 112774ms
query [10793]: # of matches found 42795 and it took: 113604ms
query [10794]: # of matches found 43299 and it took: 113843ms
query [10795]: # of matches found 44027 and it took: 112658ms
query [10796]: # of matches found 44260 and it took: 112526ms
query [10797]: # of matches found 44163 and it took: 112316ms
query [10798]: # of matches found 44467 and it took: 112613ms
query [10799]: # of matches found 44606 and it took: 111675ms
query [10800]: # of matches found 44627 and it took: 113989ms
query [10801]: # of matches found 44855 and it took: 112653ms
query [10802]: # of matches found 44878 and it took: 111571ms
query [10803]: # of matches found 44919 and it took: 112209ms
query [10804]: # of matches found 44837 and it took: 112259ms
query [10805]: # of matches found 44618 and it took: 111823ms
query [10806]: # of matches found 44479 and it took: 113132ms
query [10807]: # of matches found 44373 and it took: 112078ms
query [10808]: # of matches found 44056 and it took: 112082ms
query [10809]: # of matches found 43854 and it took: 111778ms
query [10810]: # of matches found 43609 and it took: 112622ms
query [10811]: # of matches found 43499 and it took: 112686ms
query [10812]: # of matches found 43238 and it took: 112078ms
query [10813]: # of matches found 43101 and it took: 112527ms
query [10814]: # of matches found 43009 and it took: 113117ms
query [10815]: # of matches found 42803 and it took: 112992ms
query [10816]: # of matches found 42651 and it took: 112648ms
query [10817]: # of matches found 42553 and it took: 112060ms
query [10818]: # of matches found 42458 and it took: 112817ms
query [10819]: # of matches found 42111 and it took: 112036ms
query [10820]: # of matches found 41853 and it took: 112188ms
query [10821]: # of matches found 41650 and it took: 113162ms
query [10822]: # of matches found 41634 and it took: 112261ms
query [10823]: # of matches found 41827 and it took: 112504ms
query [10824]: # of matches found 41767 and it took: 112971ms
query [10825]: # of matches found 41907 and it took: 112455ms
query [10826]: # of matches found 42090 and it took: 112892ms
query [10827]: # of matches found 42164 and it took: 112274ms
query [10828]: # of matches found 42013 and it took: 112937ms
query [10829]: # of matches found 41715 and it took: 112255ms
query [10830]: # of matches found 41663 and it took: 112412ms
query [10831]: # of matches found 41721 and it took: 113217ms
query [10832]: # of matches found 41848 and it took: 112814ms
query [10833]: # of matches found 41803 and it took: 113815ms
query [10834]: # of matches found 41819 and it took: 114397ms
query [10835]: # of matches found 42045 and it took: 114736ms
query [10836]: # of matches found 42031 and it took: 114601ms
query [10837]: # of matches found 42901 and it took: 114813ms
query [10838]: # of matches found 43307 and it took: 115729ms
query [10839]: # of matches found 44930 and it took: 114866ms
query [10840]: # of matches found 45252 and it took: 114541ms
query [10841]: # of matches found 46478 and it took: 115387ms
query [10842]: # of matches found 47554 and it took: 114555ms
query [10843]: # of matches found 48048 and it took: 114490ms
query [10844]: # of matches found 48278 and it took: 114970ms
query [10845]: # of matches found 48522 and it took: 114639ms
query [10846]: # of matches found 48824 and it took: 114516ms
query [10847]: # of matches found 48778 and it took: 114500ms
query [10848]: # of matches found 48547 and it took: 115096ms
query [10849]: # of matches found 48148 and it took: 114816ms
query [10850]: # of matches found 48038 and it took: 113817ms
query [10851]: # of matches found 47328 and it took: 115042ms
query [10852]: # of matches found 46819 and it took: 114353ms
query [10853]: # of matches found 46386 and it took: 114301ms
query [10854]: # of matches found 45643 and it took: 114852ms
query [10855]: # of matches found 45027 and it took: 114982ms
query [10856]: # of matches found 44055 and it took: 114755ms
query [10857]: # of matches found 42579 and it took: 115281ms
query [10858]: # of matches found 42050 and it took: 115098ms
query [10859]: # of matches found 41400 and it took: 114555ms
query [10860]: # of matches found 41833 and it took: 115105ms
query [10861]: # of matches found 42022 and it took: 116135ms
query [10862]: # of matches found 41969 and it took: 115136ms
query [10863]: # of matches found 41795 and it took: 115612ms
query [10864]: # of matches found 41649 and it took: 115724ms
query [10865]: # of matches found 41227 and it took: 114881ms
query [10866]: # of matches found 41237 and it took: 114588ms
query [10867]: # of matches found 41086 and it took: 115223ms
query [10868]: # of matches found 40694 and it took: 114761ms
query [10869]: # of matches found 40620 and it took: 114656ms
query [10870]: # of matches found 40452 and it took: 114287ms
query [10871]: # of matches found 40173 and it took: 115164ms
query [10872]: # of matches found 39903 and it took: 114606ms
query [10873]: # of matches found 39798 and it took: 115626ms
query [10874]: # of matches found 38953 and it took: 115332ms
query [10875]: # of matches found 38592 and it took: 115535ms
query [10876]: # of matches found 38588 and it took: 115162ms
query [10877]: # of matches found 38557 and it took: 114481ms
query [10878]: # of matches found 38377 and it took: 115057ms
query [10879]: # of matches found 38463 and it took: 114518ms
query [10880]: # of matches found 38502 and it took: 114238ms
query [10881]: # of matches found 38709 and it took: 114561ms
query [10882]: # of matches found 38772 and it took: 114494ms
query [10883]: # of matches found 39377 and it took: 114266ms
query [10884]: # of matches found 39852 and it took: 114641ms
query [10885]: # of matches found 40031 and it took: 114619ms
query [10886]: # of matches found 40212 and it took: 113989ms
query [10887]: # of matches found 40429 and it took: 114015ms
query [10888]: # of matches found 40618 and it took: 114583ms
query [10889]: # of matches found 40662 and it took: 114266ms
query [10890]: # of matches found 40897 and it took: 113913ms
query [10891]: # of matches found 41511 and it took: 114041ms
query [10892]: # of matches found 41636 and it took: 114128ms
query [10893]: # of matches found 41690 and it took: 113894ms
query [10894]: # of matches found 41817 and it took: 114309ms
query [10895]: # of matches found 42059 and it took: 114175ms
query [10896]: # of matches found 43049 and it took: 113664ms
query [10897]: # of matches found 44044 and it took: 114067ms
query [10898]: # of matches found 44949 and it took: 114702ms
query [10899]: # of matches found 45434 and it took: 113252ms
query [10900]: # of matches found 45378 and it took: 113617ms
query [10901]: # of matches found 45414 and it took: 113217ms
query [10902]: # of matches found 45411 and it took: 113353ms
query [10903]: # of matches found 45368 and it took: 112966ms
query [10904]: # of matches found 45274 and it took: 113375ms
query [10905]: # of matches found 44941 and it took: 113615ms
query [10906]: # of matches found 44674 and it took: 113477ms
query [10907]: # of matches found 44306 and it took: 113035ms
query [10908]: # of matches found 43942 and it took: 113189ms
query [10909]: # of matches found 43025 and it took: 112956ms
query [10910]: # of matches found 42183 and it took: 112684ms
query [10911]: # of matches found 41479 and it took: 112928ms
query [10912]: # of matches found 41104 and it took: 113469ms
query [10913]: # of matches found 40906 and it took: 113284ms
query [10914]: # of matches found 40405 and it took: 113145ms
query [10915]: # of matches found 40040 and it took: 113488ms
query [10916]: # of matches found 39661 and it took: 112942ms
query [10917]: # of matches found 39060 and it took: 113284ms
query [10918]: # of matches found 38873 and it took: 114170ms
query [10919]: # of matches found 38997 and it took: 113565ms
query [10920]: # of matches found 38998 and it took: 114424ms
query [10921]: # of matches found 39054 and it took: 113264ms
query [10922]: # of matches found 39004 and it took: 113902ms
query [10923]: # of matches found 39143 and it took: 113623ms
query [10924]: # of matches found 39123 and it took: 113247ms
query [10925]: # of matches found 39111 and it took: 113845ms
query [10926]: # of matches found 39905 and it took: 114611ms
query [10927]: # of matches found 40213 and it took: 113286ms
query [10928]: # of matches found 42929 and it took: 113665ms
query [10929]: # of matches found 44486 and it took: 113212ms
query [10930]: # of matches found 46922 and it took: 113622ms
query [10931]: # of matches found 54317 and it took: 112692ms
query [10932]: # of matches found 71914 and it took: 113453ms
query [10933]: # of matches found 71876 and it took: 112623ms
query [10934]: # of matches found 71700 and it took: 112223ms
query [10935]: # of matches found 73927 and it took: 112080ms
query [10936]: # of matches found 74820 and it took: 111972ms
query [10937]: # of matches found 76070 and it took: 111543ms
query [10938]: # of matches found 76467 and it took: 111627ms
query [10939]: # of matches found 76895 and it took: 111066ms
query [10940]: # of matches found 77772 and it took: 111307ms
query [10941]: # of matches found 78629 and it took: 110304ms
query [10942]: # of matches found 78859 and it took: 110395ms
query [10943]: # of matches found 79059 and it took: 109845ms
query [10944]: # of matches found 79582 and it took: 109741ms
query [10945]: # of matches found 80017 and it took: 109271ms
query [10946]: # of matches found 80124 and it took: 108456ms
query [10947]: # of matches found 80314 and it took: 108446ms
query [10948]: # of matches found 80792 and it took: 108441ms
query [10949]: # of matches found 80898 and it took: 108043ms
query [10950]: # of matches found 81405 and it took: 108168ms
query [10951]: # of matches found 81692 and it took: 107466ms
query [10952]: # of matches found 81713 and it took: 107420ms
query [10953]: # of matches found 81676 and it took: 107250ms
query [10954]: # of matches found 81834 and it took: 106181ms
query [10955]: # of matches found 82005 and it took: 106368ms
query [10956]: # of matches found 83011 and it took: 106550ms
query [10957]: # of matches found 83700 and it took: 106819ms
query [10958]: # of matches found 83959 and it took: 106514ms
query [10959]: # of matches found 84079 and it took: 106122ms
query [10960]: # of matches found 84199 and it took: 106344ms
query [10961]: # of matches found 84168 and it took: 105866ms
query [10962]: # of matches found 83987 and it took: 105792ms
query [10963]: # of matches found 83912 and it took: 105625ms
query [10964]: # of matches found 83958 and it took: 104627ms
query [10965]: # of matches found 83644 and it took: 104752ms
query [10966]: # of matches found 83521 and it took: 104347ms
query [10967]: # of matches found 83470 and it took: 104797ms
query [10968]: # of matches found 83395 and it took: 104584ms
query [10969]: # of matches found 83252 and it took: 104150ms
query [10970]: # of matches found 83332 and it took: 105072ms
query [10971]: # of matches found 83407 and it took: 104756ms
query [10972]: # of matches found 83384 and it took: 104241ms
query [10973]: # of matches found 83379 and it took: 103338ms
query [10974]: # of matches found 83478 and it took: 103232ms
query [10975]: # of matches found 83314 and it took: 102895ms
query [10976]: # of matches found 83429 and it took: 102723ms
query [10977]: # of matches found 83083 and it took: 102801ms
query [10978]: # of matches found 82426 and it took: 102582ms
query [10979]: # of matches found 80806 and it took: 102523ms
query [10980]: # of matches found 80471 and it took: 102587ms
query [10981]: # of matches found 79393 and it took: 102205ms
query [10982]: # of matches found 78430 and it took: 102675ms
query [10983]: # of matches found 77824 and it took: 102657ms
query [10984]: # of matches found 77592 and it took: 102073ms
query [10985]: # of matches found 77326 and it took: 102077ms
query [10986]: # of matches found 77395 and it took: 101811ms
query [10987]: # of matches found 77199 and it took: 102022ms
query [10988]: # of matches found 77589 and it took: 101273ms
query [10989]: # of matches found 78217 and it took: 100748ms
query [10990]: # of matches found 78620 and it took: 101003ms
query [10991]: # of matches found 79435 and it took: 100257ms
query [10992]: # of matches found 79848 and it took: 100457ms
query [10993]: # of matches found 80201 and it took: 101307ms
query [10994]: # of matches found 80596 and it took: 100148ms
query [10995]: # of matches found 80788 and it took: 99888ms
query [10996]: # of matches found 81032 and it took: 99591.1ms
query [10997]: # of matches found 81050 and it took: 99436.9ms
query [10998]: # of matches found 81030 and it took: 99553.5ms
query [10999]: # of matches found 81327 and it took: 99632.8ms
PARMIK's matches per query up to q (1000) => [average: 68501, median: 50782, sum: 68501009]
Starting alignment for all queries [rev]...
queryBaseIndex: 10000
query [10000]: # of matches found 46389 and it took: 115252ms
query [10001]: # of matches found 46635 and it took: 116120ms
query [10002]: # of matches found 46365 and it took: 115541ms
query [10003]: # of matches found 45927 and it took: 114858ms
query [10004]: # of matches found 45642 and it took: 116354ms
query [10005]: # of matches found 45672 and it took: 115626ms
query [10006]: # of matches found 45822 and it took: 116132ms
query [10007]: # of matches found 45626 and it took: 115812ms
query [10008]: # of matches found 45310 and it took: 116238ms
query [10009]: # of matches found 45168 and it took: 117586ms
query [10010]: # of matches found 45187 and it took: 116442ms
query [10011]: # of matches found 45071 and it took: 118132ms
query [10012]: # of matches found 45001 and it took: 117866ms
query [10013]: # of matches found 44687 and it took: 118178ms
query [10014]: # of matches found 44512 and it took: 118007ms
query [10015]: # of matches found 43886 and it took: 117740ms
query [10016]: # of matches found 43169 and it took: 118599ms
query [10017]: # of matches found 42433 and it took: 117606ms
query [10018]: # of matches found 41681 and it took: 118340ms
query [10019]: # of matches found 41067 and it took: 118277ms
query [10020]: # of matches found 40471 and it took: 118721ms
query [10021]: # of matches found 40450 and it took: 119847ms
query [10022]: # of matches found 40519 and it took: 119563ms
query [10023]: # of matches found 40437 and it took: 119356ms
query [10024]: # of matches found 40598 and it took: 119309ms
query [10025]: # of matches found 40561 and it took: 118934ms
query [10026]: # of matches found 40588 and it took: 119870ms
query [10027]: # of matches found 40603 and it took: 118469ms
query [10028]: # of matches found 40713 and it took: 119534ms
query [10029]: # of matches found 40657 and it took: 119528ms
query [10030]: # of matches found 40625 and it took: 118375ms
query [10031]: # of matches found 39541 and it took: 120178ms
query [10032]: # of matches found 39549 and it took: 119453ms
query [10033]: # of matches found 39516 and it took: 119406ms
query [10034]: # of matches found 39461 and it took: 120466ms
query [10035]: # of matches found 39299 and it took: 120578ms
query [10036]: # of matches found 39186 and it took: 120591ms
query [10037]: # of matches found 39187 and it took: 118839ms
query [10038]: # of matches found 39018 and it took: 119903ms
query [10039]: # of matches found 38856 and it took: 120737ms
query [10040]: # of matches found 41535 and it took: 119448ms
query [10041]: # of matches found 41292 and it took: 121057ms
query [10042]: # of matches found 41713 and it took: 120159ms
query [10043]: # of matches found 41701 and it took: 120485ms
query [10044]: # of matches found 41436 and it took: 121468ms
query [10045]: # of matches found 41302 and it took: 121127ms
query [10046]: # of matches found 41154 and it took: 121728ms
query [10047]: # of matches found 40910 and it took: 120886ms
query [10048]: # of matches found 40919 and it took: 121618ms
query [10049]: # of matches found 40846 and it took: 121541ms
query [10050]: # of matches found 41841 and it took: 122181ms
query [10051]: # of matches found 42123 and it took: 123125ms
query [10052]: # of matches found 42188 and it took: 122470ms
query [10053]: # of matches found 42423 and it took: 122418ms
query [10054]: # of matches found 42087 and it took: 123984ms
query [10055]: # of matches found 41841 and it took: 123171ms
query [10056]: # of matches found 41850 and it took: 123424ms
query [10057]: # of matches found 41721 and it took: 123254ms
query [10058]: # of matches found 41364 and it took: 124358ms
query [10059]: # of matches found 40708 and it took: 125712ms
query [10060]: # of matches found 39027 and it took: 124097ms
query [10061]: # of matches found 37704 and it took: 125071ms
query [10062]: # of matches found 50022 and it took: 124046ms
query [10063]: # of matches found 48946 and it took: 124593ms
query [10064]: # of matches found 48459 and it took: 125263ms
query [10065]: # of matches found 48067 and it took: 123724ms
query [10066]: # of matches found 47570 and it took: 124442ms
query [10067]: # of matches found 47140 and it took: 123792ms
query [10068]: # of matches found 46969 and it took: 124205ms
query [10069]: # of matches found 47213 and it took: 125460ms
query [10070]: # of matches found 47012 and it took: 123778ms
query [10071]: # of matches found 47178 and it took: 124913ms
query [10072]: # of matches found 47564 and it took: 123755ms
query [10073]: # of matches found 47757 and it took: 124609ms
query [10074]: # of matches found 47952 and it took: 124198ms
query [10075]: # of matches found 48542 and it took: 123440ms
query [10076]: # of matches found 48427 and it took: 123599ms
query [10077]: # of matches found 48517 and it took: 123196ms
query [10078]: # of matches found 48586 and it took: 123264ms
query [10079]: # of matches found 48589 and it took: 123665ms
query [10080]: # of matches found 48685 and it took: 122687ms
query [10081]: # of matches found 45800 and it took: 123273ms
query [10082]: # of matches found 45604 and it took: 123035ms
query [10083]: # of matches found 45385 and it took: 123165ms
query [10084]: # of matches found 45093 and it took: 123046ms
query [10085]: # of matches found 44802 and it took: 122921ms
query [10086]: # of matches found 44784 and it took: 123359ms
query [10087]: # of matches found 44697 and it took: 123377ms
query [10088]: # of matches found 44611 and it took: 123520ms
query [10089]: # of matches found 44594 and it took: 124242ms
query [10090]: # of matches found 44519 and it took: 122510ms
query [10091]: # of matches found 44413 and it took: 123194ms
query [10092]: # of matches found 44284 and it took: 122745ms
query [10093]: # of matches found 44402 and it took: 123794ms
query [10094]: # of matches found 44428 and it took: 122410ms
query [10095]: # of matches found 44449 and it took: 122913ms
query [10096]: # of matches found 44326 and it took: 123164ms
query [10097]: # of matches found 44178 and it took: 122385ms
query [10098]: # of matches found 44243 and it took: 122623ms
query [10099]: # of matches found 44431 and it took: 122400ms
query [10100]: # of matches found 44810 and it took: 122758ms
query [10101]: # of matches found 45308 and it took: 123669ms
query [10102]: # of matches found 45506 and it took: 122508ms
query [10103]: # of matches found 45844 and it took: 122696ms
query [10104]: # of matches found 46490 and it took: 122172ms
query [10105]: # of matches found 46826 and it took: 122145ms
query [10106]: # of matches found 47041 and it took: 121557ms
query [10107]: # of matches found 47583 and it took: 121625ms
query [10108]: # of matches found 47594 and it took: 122957ms
query [10109]: # of matches found 47716 and it took: 121212ms
query [10110]: # of matches found 47703 and it took: 121194ms
query [10111]: # of matches found 47711 and it took: 122217ms
query [10112]: # of matches found 48015 and it took: 121001ms
query [10113]: # of matches found 47970 and it took: 121900ms
query [10114]: # of matches found 47958 and it took: 121322ms
query [10115]: # of matches found 48076 and it took: 121259ms
query [10116]: # of matches found 48022 and it took: 121129ms
query [10117]: # of matches found 47912 and it took: 121162ms
query [10118]: # of matches found 53612 and it took: 121019ms
query [10119]: # of matches found 53703 and it took: 120465ms
query [10120]: # of matches found 53702 and it took: 120758ms
query [10121]: # of matches found 53753 and it took: 120947ms
query [10122]: # of matches found 53677 and it took: 120021ms
query [10123]: # of matches found 53917 and it took: 121629ms
query [10124]: # of matches found 53958 and it took: 120326ms
query [10125]: # of matches found 53910 and it took: 120609ms
query [10126]: # of matches found 53800 and it took: 120062ms
query [10127]: # of matches found 53898 and it took: 120927ms
query [10128]: # of matches found 54008 and it took: 120664ms
query [10129]: # of matches found 53859 and it took: 120924ms
query [10130]: # of matches found 53994 and it took: 121554ms
query [10131]: # of matches found 54097 and it took: 121556ms
query [10132]: # of matches found 54515 and it took: 120085ms
query [10133]: # of matches found 54581 and it took: 120698ms
query [10134]: # of matches found 54522 and it took: 120651ms
query [10135]: # of matches found 54623 and it took: 120952ms
query [10136]: # of matches found 54774 and it took: 120380ms
query [10137]: # of matches found 55064 and it took: 121743ms
query [10138]: # of matches found 55169 and it took: 121074ms
query [10139]: # of matches found 55112 and it took: 121174ms
query [10140]: # of matches found 54602 and it took: 121083ms
query [10141]: # of matches found 54383 and it took: 122533ms
query [10142]: # of matches found 54163 and it took: 121679ms
query [10143]: # of matches found 54106 and it took: 121954ms
query [10144]: # of matches found 54127 and it took: 121389ms
query [10145]: # of matches found 53999 and it took: 121792ms
query [10146]: # of matches found 53675 and it took: 121085ms
query [10147]: # of matches found 53687 and it took: 121973ms
query [10148]: # of matches found 53422 and it took: 121579ms
query [10149]: # of matches found 53365 and it took: 120772ms
query [10150]: # of matches found 53198 and it took: 120426ms
query [10151]: # of matches found 53200 and it took: 120429ms
query [10152]: # of matches found 53251 and it took: 120638ms
query [10153]: # of matches found 53552 and it took: 121076ms
query [10154]: # of matches found 53661 and it took: 119905ms
query [10155]: # of matches found 53916 and it took: 120661ms
query [10156]: # of matches found 54209 and it took: 120791ms
query [10157]: # of matches found 54595 and it took: 122127ms
query [10158]: # of matches found 56649 and it took: 121355ms
query [10159]: # of matches found 56908 and it took: 121272ms
query [10160]: # of matches found 57011 and it took: 120632ms
query [10161]: # of matches found 56996 and it took: 119866ms
query [10162]: # of matches found 57113 and it took: 119861ms
query [10163]: # of matches found 57139 and it took: 120739ms
query [10164]: # of matches found 57002 and it took: 119279ms
query [10165]: # of matches found 57151 and it took: 119719ms
query [10166]: # of matches found 57292 and it took: 119695ms
query [10167]: # of matches found 57280 and it took: 120840ms
query [10168]: # of matches found 57107 and it took: 119612ms
query [10169]: # of matches found 57036 and it took: 120125ms
query [10170]: # of matches found 56930 and it took: 119421ms
query [10171]: # of matches found 56903 and it took: 119262ms
query [10172]: # of matches found 56947 and it took: 119621ms
query [10173]: # of matches found 56986 and it took: 119284ms
query [10174]: # of matches found 57199 and it took: 118414ms
query [10175]: # of matches found 57240 and it took: 118406ms
query [10176]: # of matches found 57185 and it took: 118585ms
query [10177]: # of matches found 57158 and it took: 119688ms
query [10178]: # of matches found 57132 and it took: 118708ms
query [10179]: # of matches found 56917 and it took: 118925ms
query [10180]: # of matches found 53800 and it took: 118356ms
query [10181]: # of matches found 53699 and it took: 118358ms
query [10182]: # of matches found 52872 and it took: 118327ms
query [10183]: # of matches found 52665 and it took: 118210ms
query [10184]: # of matches found 52648 and it took: 117855ms
query [10185]: # of matches found 52669 and it took: 117996ms
query [10186]: # of matches found 52653 and it took: 118959ms
query [10187]: # of matches found 52611 and it took: 118513ms
query [10188]: # of matches found 52533 and it took: 118325ms
query [10189]: # of matches found 52492 and it took: 118583ms
query [10190]: # of matches found 51450 and it took: 118192ms
query [10191]: # of matches found 51199 and it took: 118047ms
query [10192]: # of matches found 51197 and it took: 118609ms
query [10193]: # of matches found 54015 and it took: 118174ms
query [10194]: # of matches found 53921 and it took: 118042ms
query [10195]: # of matches found 53947 and it took: 117434ms
query [10196]: # of matches found 53964 and it took: 117927ms
query [10197]: # of matches found 53925 and it took: 118435ms
query [10198]: # of matches found 53956 and it took: 118301ms
query [10199]: # of matches found 53871 and it took: 118504ms
query [10200]: # of matches found 53918 and it took: 117991ms
query [10201]: # of matches found 53933 and it took: 117743ms
query [10202]: # of matches found 40767 and it took: 118345ms
query [10203]: # of matches found 40592 and it took: 117953ms
query [10204]: # of matches found 40247 and it took: 117979ms
query [10205]: # of matches found 40219 and it took: 117558ms
query [10206]: # of matches found 40142 and it took: 118492ms
query [10207]: # of matches found 40149 and it took: 119004ms
query [10208]: # of matches found 40139 and it took: 118351ms
query [10209]: # of matches found 39990 and it took: 119367ms
query [10210]: # of matches found 39917 and it took: 118442ms
query [10211]: # of matches found 39715 and it took: 118262ms
query [10212]: # of matches found 39382 and it took: 118701ms
query [10213]: # of matches found 39158 and it took: 118647ms
query [10214]: # of matches found 38935 and it took: 118772ms
query [10215]: # of matches found 38493 and it took: 118578ms
query [10216]: # of matches found 38553 and it took: 119152ms
query [10217]: # of matches found 38410 and it took: 119318ms
query [10218]: # of matches found 38353 and it took: 119111ms
query [10219]: # of matches found 38272 and it took: 119899ms
query [10220]: # of matches found 38010 and it took: 118468ms
query [10221]: # of matches found 37821 and it took: 118536ms
query [10222]: # of matches found 37691 and it took: 119170ms
query [10223]: # of matches found 37710 and it took: 118278ms
query [10224]: # of matches found 37745 and it took: 118499ms
query [10225]: # of matches found 37981 and it took: 118321ms
query [10226]: # of matches found 37994 and it took: 118342ms
query [10227]: # of matches found 37996 and it took: 118432ms
query [10228]: # of matches found 38118 and it took: 119273ms
query [10229]: # of matches found 38160 and it took: 118450ms
query [10230]: # of matches found 38204 and it took: 118743ms
query [10231]: # of matches found 38441 and it took: 118420ms
query [10232]: # of matches found 38713 and it took: 117953ms
query [10233]: # of matches found 38978 and it took: 117322ms
query [10234]: # of matches found 39073 and it took: 118390ms
query [10235]: # of matches found 39236 and it took: 117342ms
query [10236]: # of matches found 39301 and it took: 117965ms
query [10237]: # of matches found 39335 and it took: 118109ms
query [10238]: # of matches found 39298 and it took: 118148ms
query [10239]: # of matches found 39128 and it took: 118198ms
query [10240]: # of matches found 38970 and it took: 118226ms
query [10241]: # of matches found 38428 and it took: 118295ms
query [10242]: # of matches found 38585 and it took: 118924ms
query [10243]: # of matches found 38559 and it took: 117954ms
query [10244]: # of matches found 37962 and it took: 118146ms
query [10245]: # of matches found 38017 and it took: 117257ms
query [10246]: # of matches found 38408 and it took: 117956ms
query [10247]: # of matches found 38637 and it took: 118230ms
query [10248]: # of matches found 38970 and it took: 118031ms
query [10249]: # of matches found 38997 and it took: 118220ms
query [10250]: # of matches found 38973 and it took: 117889ms
query [10251]: # of matches found 39018 and it took: 117890ms
query [10252]: # of matches found 38668 and it took: 118066ms
query [10253]: # of matches found 38678 and it took: 116704ms
query [10254]: # of matches found 38629 and it took: 117330ms
query [10255]: # of matches found 38615 and it took: 116978ms
query [10256]: # of matches found 38584 and it took: 117387ms
query [10257]: # of matches found 38535 and it took: 117374ms
query [10258]: # of matches found 32785 and it took: 117981ms
query [10259]: # of matches found 32533 and it took: 118373ms
query [10260]: # of matches found 32664 and it took: 118016ms
query [10261]: # of matches found 32654 and it took: 118132ms
query [10262]: # of matches found 32647 and it took: 116723ms
query [10263]: # of matches found 32472 and it took: 115742ms
query [10264]: # of matches found 32505 and it took: 118398ms
query [10265]: # of matches found 32443 and it took: 117560ms
query [10266]: # of matches found 32406 and it took: 118171ms
query [10267]: # of matches found 32515 and it took: 118050ms
query [10268]: # of matches found 32428 and it took: 118673ms
query [10269]: # of matches found 32669 and it took: 118158ms
query [10270]: # of matches found 32712 and it took: 117935ms
query [10271]: # of matches found 32785 and it took: 117943ms
query [10272]: # of matches found 32411 and it took: 116346ms
query [10273]: # of matches found 50734 and it took: 115716ms
query [10274]: # of matches found 51392 and it took: 119498ms
query [10275]: # of matches found 51483 and it took: 119016ms
query [10276]: # of matches found 51552 and it took: 118856ms
query [10277]: # of matches found 51408 and it took: 119046ms
query [10278]: # of matches found 51234 and it took: 119130ms
query [10279]: # of matches found 51317 and it took: 119799ms
query [10280]: # of matches found 51584 and it took: 119092ms
query [10281]: # of matches found 51531 and it took: 119189ms
query [10282]: # of matches found 51619 and it took: 117675ms
query [10283]: # of matches found 52384 and it took: 116815ms
query [10284]: # of matches found 52324 and it took: 118410ms
query [10285]: # of matches found 52181 and it took: 118060ms
query [10286]: # of matches found 52248 and it took: 118040ms
query [10287]: # of matches found 52242 and it took: 118426ms
query [10288]: # of matches found 52464 and it took: 118695ms
query [10289]: # of matches found 52544 and it took: 119621ms
query [10290]: # of matches found 52513 and it took: 117520ms
query [10291]: # of matches found 52517 and it took: 118370ms
query [10292]: # of matches found 52424 and it took: 117447ms
query [10293]: # of matches found 52208 and it took: 116921ms
query [10294]: # of matches found 51986 and it took: 117847ms
query [10295]: # of matches found 51677 and it took: 117919ms
query [10296]: # of matches found 51481 and it took: 117802ms
query [10297]: # of matches found 51045 and it took: 118730ms
query [10298]: # of matches found 48990 and it took: 118601ms
query [10299]: # of matches found 48802 and it took: 118384ms
query [10300]: # of matches found 48800 and it took: 118136ms
query [10301]: # of matches found 48639 and it took: 118519ms
query [10302]: # of matches found 48385 and it took: 119115ms
query [10303]: # of matches found 48310 and it took: 118565ms
query [10304]: # of matches found 48244 and it took: 120011ms
query [10305]: # of matches found 47937 and it took: 119016ms
query [10306]: # of matches found 47804 and it took: 118877ms
query [10307]: # of matches found 47728 and it took: 119540ms
query [10308]: # of matches found 47886 and it took: 119593ms
query [10309]: # of matches found 48089 and it took: 118829ms
query [10310]: # of matches found 48384 and it took: 118035ms
query [10311]: # of matches found 48715 and it took: 118820ms
query [10312]: # of matches found 48874 and it took: 120099ms
query [10313]: # of matches found 48903 and it took: 119020ms
query [10314]: # of matches found 48821 and it took: 119055ms
query [10315]: # of matches found 48764 and it took: 118216ms
query [10316]: # of matches found 48732 and it took: 118737ms
query [10317]: # of matches found 48709 and it took: 119148ms
query [10318]: # of matches found 48682 and it took: 119245ms
query [10319]: # of matches found 48695 and it took: 119072ms
query [10320]: # of matches found 48659 and it took: 117680ms
query [10321]: # of matches found 48682 and it took: 118958ms
query [10322]: # of matches found 48645 and it took: 118604ms
query [10323]: # of matches found 48749 and it took: 118488ms
query [10324]: # of matches found 48787 and it took: 118621ms
query [10325]: # of matches found 48942 and it took: 118256ms
query [10326]: # of matches found 48858 and it took: 119043ms
query [10327]: # of matches found 49114 and it took: 119125ms
query [10328]: # of matches found 49138 and it took: 119445ms
query [10329]: # of matches found 49002 and it took: 118566ms
query [10330]: # of matches found 49058 and it took: 117985ms
query [10331]: # of matches found 49143 and it took: 118808ms
query [10332]: # of matches found 49189 and it took: 118075ms
query [10333]: # of matches found 49209 and it took: 118376ms
query [10334]: # of matches found 49033 and it took: 118765ms
query [10335]: # of matches found 46056 and it took: 117870ms
query [10336]: # of matches found 46069 and it took: 118376ms
query [10337]: # of matches found 46119 and it took: 119119ms
query [10338]: # of matches found 46180 and it took: 119270ms
query [10339]: # of matches found 46430 and it took: 118042ms
query [10340]: # of matches found 46609 and it took: 117843ms
query [10341]: # of matches found 46672 and it took: 118870ms
query [10342]: # of matches found 46755 and it took: 118911ms
query [10343]: # of matches found 46845 and it took: 117964ms
query [10344]: # of matches found 46825 and it took: 119001ms
query [10345]: # of matches found 47020 and it took: 117401ms
query [10346]: # of matches found 47299 and it took: 118588ms
query [10347]: # of matches found 47515 and it took: 118052ms
query [10348]: # of matches found 47671 and it took: 118870ms
query [10349]: # of matches found 47786 and it took: 117773ms
query [10350]: # of matches found 47744 and it took: 118216ms
query [10351]: # of matches found 47822 and it took: 118763ms
query [10352]: # of matches found 47893 and it took: 118157ms
query [10353]: # of matches found 48632 and it took: 117577ms
query [10354]: # of matches found 53897 and it took: 118028ms
query [10355]: # of matches found 53886 and it took: 117895ms
query [10356]: # of matches found 53780 and it took: 117842ms
query [10357]: # of matches found 54179 and it took: 117683ms
query [10358]: # of matches found 54428 and it took: 118362ms
query [10359]: # of matches found 54552 and it took: 117244ms
query [10360]: # of matches found 54779 and it took: 116869ms
query [10361]: # of matches found 55218 and it took: 118144ms
query [10362]: # of matches found 55165 and it took: 117555ms
query [10363]: # of matches found 55301 and it took: 117809ms
query [10364]: # of matches found 55412 and it took: 117056ms
query [10365]: # of matches found 55456 and it took: 117720ms
query [10366]: # of matches found 55462 and it took: 116952ms
query [10367]: # of matches found 55456 and it took: 116744ms
query [10368]: # of matches found 55511 and it took: 117781ms
query [10369]: # of matches found 55411 and it took: 116772ms
query [10370]: # of matches found 55438 and it took: 116582ms
query [10371]: # of matches found 106731 and it took: 116916ms
query [10372]: # of matches found 106961 and it took: 116646ms
query [10373]: # of matches found 106595 and it took: 116272ms
query [10374]: # of matches found 106646 and it took: 115889ms
query [10375]: # of matches found 106525 and it took: 115608ms
query [10376]: # of matches found 106504 and it took: 115945ms
query [10377]: # of matches found 106698 and it took: 115825ms
query [10378]: # of matches found 106719 and it took: 116276ms
query [10379]: # of matches found 106914 and it took: 115490ms
query [10380]: # of matches found 106998 and it took: 115646ms
query [10381]: # of matches found 107097 and it took: 115460ms
query [10382]: # of matches found 108346 and it took: 115070ms
query [10383]: # of matches found 109173 and it took: 115103ms
query [10384]: # of matches found 111237 and it took: 114510ms
query [10385]: # of matches found 113899 and it took: 115734ms
query [10386]: # of matches found 114409 and it took: 114756ms
query [10387]: # of matches found 114483 and it took: 114592ms
query [10388]: # of matches found 114723 and it took: 115099ms
query [10389]: # of matches found 114672 and it took: 114062ms
query [10390]: # of matches found 114613 and it took: 114288ms
query [10391]: # of matches found 114442 and it took: 114436ms
query [10392]: # of matches found 114566 and it took: 113783ms
query [10393]: # of matches found 114426 and it took: 113897ms
query [10394]: # of matches found 114469 and it took: 113175ms
query [10395]: # of matches found 114470 and it took: 113357ms
query [10396]: # of matches found 114476 and it took: 113888ms
query [10397]: # of matches found 114479 and it took: 112869ms
query [10398]: # of matches found 114598 and it took: 113426ms
query [10399]: # of matches found 114748 and it took: 112466ms
query [10400]: # of matches found 114645 and it took: 112753ms
query [10401]: # of matches found 114677 and it took: 113280ms
query [10402]: # of matches found 114629 and it took: 112581ms
query [10403]: # of matches found 114660 and it took: 113178ms
query [10404]: # of matches found 114765 and it took: 111855ms
query [10405]: # of matches found 114977 and it took: 112579ms
query [10406]: # of matches found 115254 and it took: 112500ms
query [10407]: # of matches found 115197 and it took: 112182ms
query [10408]: # of matches found 115386 and it took: 113250ms
query [10409]: # of matches found 115386 and it took: 112427ms
query [10410]: # of matches found 115243 and it took: 112917ms
query [10411]: # of matches found 115155 and it took: 113037ms
query [10412]: # of matches found 115206 and it took: 112419ms
query [10413]: # of matches found 97063 and it took: 111988ms
query [10414]: # of matches found 96793 and it took: 111386ms
query [10415]: # of matches found 96715 and it took: 112060ms
query [10416]: # of matches found 96520 and it took: 112037ms
query [10417]: # of matches found 97035 and it took: 111588ms
query [10418]: # of matches found 97126 and it took: 112213ms
query [10419]: # of matches found 542713 and it took: 112057ms
query [10420]: # of matches found 542598 and it took: 112431ms
query [10421]: # of matches found 542635 and it took: 112896ms
query [10422]: # of matches found 542676 and it took: 112005ms
query [10423]: # of matches found 542366 and it took: 112630ms
query [10424]: # of matches found 542046 and it took: 111956ms
query [10425]: # of matches found 542234 and it took: 113102ms
query [10426]: # of matches found 542555 and it took: 112944ms
query [10427]: # of matches found 542376 and it took: 112766ms
query [10428]: # of matches found 542268 and it took: 115070ms
query [10429]: # of matches found 542344 and it took: 113380ms
query [10430]: # of matches found 547073 and it took: 113243ms
query [10431]: # of matches found 547548 and it took: 113350ms
query [10432]: # of matches found 547633 and it took: 113471ms
query [10433]: # of matches found 547652 and it took: 113676ms
query [10434]: # of matches found 547569 and it took: 113050ms
query [10435]: # of matches found 547689 and it took: 113768ms
query [10436]: # of matches found 547623 and it took: 114131ms
query [10437]: # of matches found 547774 and it took: 113845ms
query [10438]: # of matches found 548139 and it took: 114295ms
query [10439]: # of matches found 548518 and it took: 114145ms
query [10440]: # of matches found 548455 and it took: 114670ms
query [10441]: # of matches found 548530 and it took: 114534ms
query [10442]: # of matches found 548522 and it took: 114222ms
query [10443]: # of matches found 548788 and it took: 115101ms
query [10444]: # of matches found 548779 and it took: 114602ms
query [10445]: # of matches found 548843 and it took: 115280ms
query [10446]: # of matches found 548875 and it took: 116076ms
query [10447]: # of matches found 549078 and it took: 115236ms
query [10448]: # of matches found 549181 and it took: 115662ms
query [10449]: # of matches found 549116 and it took: 115507ms
query [10450]: # of matches found 553682 and it took: 115048ms
query [10451]: # of matches found 553575 and it took: 115419ms
query [10452]: # of matches found 553422 and it took: 115431ms
