no kmerRangesFileAddressArg!
no baselineBaseAddress!
no otherToolArg!
**********************CONFIGURATIONS*****************************
PARMIK mode:                  3
readDatabaseAddress:          /p/lava/parmik/partialMatcherProject/datasets/metagenomicDB/SRR14381425/SRR14381425_reads
readFileName:                 SRR14381425_reads
queryFileAddress:             /p/lava/parmik/partialMatcherProject/datasets/queryFiles/covidQueryFiles/NC_045512_chunks/NC_045512_queries_7000-7999
queryFileName:                NC_045512_queries_7000-7999
otherToolOutputFileAddress:   /u/rgq5aw/GIT/PARMIK/partialMatcherProject/tools/blast/SRR14381425/NC_045512/blastn_ws30_results.out
outputDir:                    /p/lava/parmik/partialMatcherProject/tools/baseline_ssw/SRR14381425/NC_045512
penaltyFileAddress:           /u/rgq5aw/GIT/PARMIK/experiments/parmik/CK_SSW_ID_PRCNTG/PenaltySets/2484_1111_2444_2288_2848
kmerRangesFileAddress:        
readsCount:                   27000000
queryCount:                   30000
kmerLength:                   11
regionSize:                   48
cheapKmerThreshold:           0
identityPercentage:           0.85
minExactMatchLen:             0
minNumExactMatchKmer:         0
isIndexOffline:               1
offlineIndexAddress:          /p/lava/parmik/partialMatcherProject/tools/parmik/CK_INDEX/SRR14381425/
baselineBaseAddress:          
max editDistance in min region: 2
**********************CONFIGURATIONS*****************************
--------------Penalties--------------
m: 2, s: 4, go: 8, ge: 4
m: 1, s: 1, go: 1, ge: 1
m: 2, s: 4, go: 4, ge: 4
m: 2, s: 2, go: 8, ge: 8
m: 2, s: 8, go: 4, ge: 8
------------------------------------
numberOfReadsWithN : 0
queryCount : 1000
numberOfReadsWithN : 0
readCount : 19837502
offlineCheapIndexAddress: /p/lava/parmik/partialMatcherProject/tools/parmik/CK_INDEX/SRR14381425/ck_T0_K11_r27000000
pmrkAlignmentsAddress: /p/lava/parmik/partialMatcherProject/tools/baseline_ssw/SRR14381425/NC_045512/aln/pmAln_R48_PI85_L0_M0_E2_K11_T0_P_2484_1111_2444_2288_2848.txt
Starting alignment for all queries [fwd]...
queryBaseIndex: 7000
query [7000]: # of matches found 41482 and it took: 115331ms
query [7001]: # of matches found 41100 and it took: 115218ms
query [7002]: # of matches found 41081 and it took: 116527ms
query [7003]: # of matches found 41060 and it took: 115561ms
query [7004]: # of matches found 41170 and it took: 114956ms
query [7005]: # of matches found 41225 and it took: 115067ms
query [7006]: # of matches found 41252 and it took: 115342ms
query [7007]: # of matches found 41879 and it took: 115190ms
query [7008]: # of matches found 42015 and it took: 115877ms
query [7009]: # of matches found 42121 and it took: 115255ms
query [7010]: # of matches found 42316 and it took: 115422ms
query [7011]: # of matches found 42291 and it took: 116017ms
query [7012]: # of matches found 42064 and it took: 116276ms
query [7013]: # of matches found 42040 and it took: 115943ms
query [7014]: # of matches found 41436 and it took: 115114ms
query [7015]: # of matches found 39948 and it took: 115979ms
query [7016]: # of matches found 39698 and it took: 116082ms
query [7017]: # of matches found 39309 and it took: 115648ms
query [7018]: # of matches found 38859 and it took: 117160ms
query [7019]: # of matches found 38741 and it took: 116169ms
query [7020]: # of matches found 38443 and it took: 116602ms
query [7021]: # of matches found 38245 and it took: 117166ms
query [7022]: # of matches found 38122 and it took: 117217ms
query [7023]: # of matches found 38200 and it took: 117119ms
query [7024]: # of matches found 38020 and it took: 115461ms
query [7025]: # of matches found 38157 and it took: 115205ms
query [7026]: # of matches found 38347 and it took: 115644ms
query [7027]: # of matches found 38465 and it took: 115402ms
query [7028]: # of matches found 38668 and it took: 116013ms
query [7029]: # of matches found 38889 and it took: 115607ms
query [7030]: # of matches found 39661 and it took: 115715ms
query [7031]: # of matches found 40462 and it took: 116151ms
query [7032]: # of matches found 41008 and it took: 116497ms
query [7033]: # of matches found 41122 and it took: 115932ms
query [7034]: # of matches found 41530 and it took: 115047ms
query [7035]: # of matches found 41733 and it took: 115645ms
query [7036]: # of matches found 41871 and it took: 115849ms
query [7037]: # of matches found 42009 and it took: 114332ms
query [7038]: # of matches found 42019 and it took: 113918ms
query [7039]: # of matches found 42224 and it took: 113409ms
query [7040]: # of matches found 42290 and it took: 115192ms
query [7041]: # of matches found 42436 and it took: 114542ms
query [7042]: # of matches found 42746 and it took: 114548ms
query [7043]: # of matches found 42813 and it took: 113894ms
query [7044]: # of matches found 42832 and it took: 113258ms
query [7045]: # of matches found 42910 and it took: 113348ms
query [7046]: # of matches found 43168 and it took: 113318ms
query [7047]: # of matches found 43281 and it took: 113185ms
query [7048]: # of matches found 43540 and it took: 112425ms
query [7049]: # of matches found 43981 and it took: 113085ms
query [7050]: # of matches found 44515 and it took: 113223ms
query [7051]: # of matches found 44802 and it took: 112244ms
query [7052]: # of matches found 45058 and it took: 112245ms
query [7053]: # of matches found 45462 and it took: 111762ms
query [7054]: # of matches found 45946 and it took: 111808ms
query [7055]: # of matches found 46144 and it took: 111801ms
query [7056]: # of matches found 47355 and it took: 111720ms
query [7057]: # of matches found 48941 and it took: 111121ms
query [7058]: # of matches found 49324 and it took: 111276ms
query [7059]: # of matches found 49642 and it took: 111347ms
query [7060]: # of matches found 49985 and it took: 111307ms
query [7061]: # of matches found 50531 and it took: 110782ms
query [7062]: # of matches found 50764 and it took: 111241ms
query [7063]: # of matches found 50676 and it took: 110190ms
query [7064]: # of matches found 51579 and it took: 109999ms
query [7065]: # of matches found 37803 and it took: 110793ms
query [7066]: # of matches found 37688 and it took: 110317ms
query [7067]: # of matches found 37750 and it took: 109882ms
query [7068]: # of matches found 38262 and it took: 109982ms
query [7069]: # of matches found 40138 and it took: 109704ms
query [7070]: # of matches found 40462 and it took: 109618ms
query [7071]: # of matches found 42640 and it took: 109512ms
query [7072]: # of matches found 42595 and it took: 109381ms
query [7073]: # of matches found 42910 and it took: 108357ms
query [7074]: # of matches found 43043 and it took: 108715ms
query [7075]: # of matches found 42989 and it took: 108609ms
query [7076]: # of matches found 43192 and it took: 108212ms
query [7077]: # of matches found 43385 and it took: 108418ms
query [7078]: # of matches found 43818 and it took: 108055ms
query [7079]: # of matches found 44066 and it took: 108234ms
query [7080]: # of matches found 44088 and it took: 108023ms
query [7081]: # of matches found 44174 and it took: 107883ms
query [7082]: # of matches found 44060 and it took: 108274ms
query [7083]: # of matches found 44285 and it took: 106678ms
query [7084]: # of matches found 44541 and it took: 106985ms
query [7085]: # of matches found 44789 and it took: 107275ms
query [7086]: # of matches found 44800 and it took: 107022ms
query [7087]: # of matches found 44777 and it took: 107172ms
query [7088]: # of matches found 44625 and it took: 106740ms
query [7089]: # of matches found 44432 and it took: 106454ms
query [7090]: # of matches found 44284 and it took: 106520ms
query [7091]: # of matches found 44561 and it took: 106170ms
query [7092]: # of matches found 44732 and it took: 106085ms
query [7093]: # of matches found 44698 and it took: 105604ms
query [7094]: # of matches found 44772 and it took: 105780ms
query [7095]: # of matches found 44594 and it took: 105702ms
query [7096]: # of matches found 44325 and it took: 105604ms
query [7097]: # of matches found 44378 and it took: 105873ms
query [7098]: # of matches found 44565 and it took: 105695ms
query [7099]: # of matches found 44865 and it took: 105753ms
query [7100]: # of matches found 46361 and it took: 105606ms
query [7101]: # of matches found 50335 and it took: 105581ms
query [7102]: # of matches found 51321 and it took: 105231ms
query [7103]: # of matches found 51961 and it took: 104870ms
query [7104]: # of matches found 52133 and it took: 105055ms
query [7105]: # of matches found 52617 and it took: 104477ms
query [7106]: # of matches found 52866 and it took: 105090ms
query [7107]: # of matches found 53388 and it took: 104697ms
query [7108]: # of matches found 53683 and it took: 104271ms
query [7109]: # of matches found 53626 and it took: 104737ms
query [7110]: # of matches found 53859 and it took: 104412ms
query [7111]: # of matches found 53706 and it took: 104656ms
query [7112]: # of matches found 53643 and it took: 104844ms
query [7113]: # of matches found 53659 and it took: 104110ms
query [7114]: # of matches found 54137 and it took: 104369ms
query [7115]: # of matches found 55010 and it took: 104076ms
query [7116]: # of matches found 55595 and it took: 105179ms
query [7117]: # of matches found 55999 and it took: 103882ms
query [7118]: # of matches found 56410 and it took: 103512ms
query [7119]: # of matches found 56825 and it took: 103548ms
query [7120]: # of matches found 56952 and it took: 103547ms
query [7121]: # of matches found 57018 and it took: 103589ms
query [7122]: # of matches found 57080 and it took: 103654ms
query [7123]: # of matches found 57147 and it took: 103752ms
query [7124]: # of matches found 57184 and it took: 103626ms
query [7125]: # of matches found 57338 and it took: 103574ms
query [7126]: # of matches found 57131 and it took: 103188ms
query [7127]: # of matches found 56919 and it took: 103157ms
query [7128]: # of matches found 56730 and it took: 102567ms
query [7129]: # of matches found 57178 and it took: 103208ms
query [7130]: # of matches found 57591 and it took: 102997ms
query [7131]: # of matches found 57654 and it took: 102691ms
query [7132]: # of matches found 57682 and it took: 103047ms
query [7133]: # of matches found 57930 and it took: 103143ms
query [7134]: # of matches found 58656 and it took: 102550ms
query [7135]: # of matches found 58870 and it took: 102590ms
query [7136]: # of matches found 58918 and it took: 102375ms
query [7137]: # of matches found 58943 and it took: 102542ms
query [7138]: # of matches found 58976 and it took: 101830ms
query [7139]: # of matches found 59032 and it took: 102560ms
query [7140]: # of matches found 59139 and it took: 102201ms
query [7141]: # of matches found 59551 and it took: 101765ms
query [7142]: # of matches found 59568 and it took: 102203ms
query [7143]: # of matches found 59584 and it took: 101883ms
query [7144]: # of matches found 59461 and it took: 102114ms
query [7145]: # of matches found 59476 and it took: 102065ms
query [7146]: # of matches found 59203 and it took: 102287ms
query [7147]: # of matches found 58981 and it took: 102279ms
query [7148]: # of matches found 58379 and it took: 101713ms
query [7149]: # of matches found 57856 and it took: 102268ms
query [7150]: # of matches found 57669 and it took: 102060ms
query [7151]: # of matches found 57404 and it took: 102100ms
query [7152]: # of matches found 57453 and it took: 102583ms
query [7153]: # of matches found 57456 and it took: 102628ms
query [7154]: # of matches found 57460 and it took: 102666ms
query [7155]: # of matches found 57826 and it took: 102670ms
query [7156]: # of matches found 57964 and it took: 102532ms
query [7157]: # of matches found 58020 and it took: 102833ms
query [7158]: # of matches found 58198 and it took: 102440ms
query [7159]: # of matches found 58238 and it took: 103369ms
query [7160]: # of matches found 58507 and it took: 103021ms
query [7161]: # of matches found 58646 and it took: 102946ms
query [7162]: # of matches found 58751 and it took: 103423ms
query [7163]: # of matches found 58807 and it took: 102946ms
query [7164]: # of matches found 59099 and it took: 103468ms
query [7165]: # of matches found 59327 and it took: 103550ms
query [7166]: # of matches found 59466 and it took: 103036ms
query [7167]: # of matches found 59960 and it took: 103374ms
query [7168]: # of matches found 60677 and it took: 103848ms
query [7169]: # of matches found 61170 and it took: 103533ms
query [7170]: # of matches found 61584 and it took: 103400ms
query [7171]: # of matches found 60875 and it took: 103045ms
query [7172]: # of matches found 60745 and it took: 103786ms
query [7173]: # of matches found 60665 and it took: 103749ms
query [7174]: # of matches found 60669 and it took: 103796ms
query [7175]: # of matches found 60481 and it took: 104626ms
query [7176]: # of matches found 60361 and it took: 103597ms
query [7177]: # of matches found 60441 and it took: 103591ms
query [7178]: # of matches found 60530 and it took: 103435ms
query [7179]: # of matches found 60327 and it took: 102598ms
query [7180]: # of matches found 60176 and it took: 103231ms
query [7181]: # of matches found 60175 and it took: 102494ms
query [7182]: # of matches found 60089 and it took: 103000ms
query [7183]: # of matches found 59781 and it took: 102664ms
query [7184]: # of matches found 59883 and it took: 103001ms
query [7185]: # of matches found 59819 and it took: 102992ms
query [7186]: # of matches found 59776 and it took: 103266ms
query [7187]: # of matches found 59683 and it took: 103234ms
query [7188]: # of matches found 59330 and it took: 102880ms
query [7189]: # of matches found 59028 and it took: 102991ms
query [7190]: # of matches found 58966 and it took: 103202ms
query [7191]: # of matches found 58762 and it took: 102177ms
query [7192]: # of matches found 59160 and it took: 102963ms
query [7193]: # of matches found 59073 and it took: 102775ms
query [7194]: # of matches found 58885 and it took: 102948ms
query [7195]: # of matches found 58862 and it took: 102671ms
query [7196]: # of matches found 58210 and it took: 102550ms
query [7197]: # of matches found 57175 and it took: 102425ms
query [7198]: # of matches found 56680 and it took: 102237ms
query [7199]: # of matches found 56481 and it took: 102333ms
query [7200]: # of matches found 55931 and it took: 102743ms
query [7201]: # of matches found 55139 and it took: 102481ms
query [7202]: # of matches found 55087 and it took: 102493ms
query [7203]: # of matches found 55182 and it took: 102651ms
query [7204]: # of matches found 54294 and it took: 102790ms
query [7205]: # of matches found 54247 and it took: 102853ms
query [7206]: # of matches found 54312 and it took: 102287ms
query [7207]: # of matches found 54323 and it took: 102551ms
query [7208]: # of matches found 53965 and it took: 102365ms
query [7209]: # of matches found 52581 and it took: 102201ms
query [7210]: # of matches found 51718 and it took: 102378ms
query [7211]: # of matches found 49203 and it took: 102118ms
query [7212]: # of matches found 49219 and it took: 102550ms
query [7213]: # of matches found 48880 and it took: 102528ms
query [7214]: # of matches found 48536 and it took: 102504ms
query [7215]: # of matches found 48538 and it took: 102674ms
query [7216]: # of matches found 48445 and it took: 102734ms
query [7217]: # of matches found 48270 and it took: 102579ms
query [7218]: # of matches found 48046 and it took: 102522ms
query [7219]: # of matches found 47571 and it took: 102188ms
query [7220]: # of matches found 47492 and it took: 102322ms
query [7221]: # of matches found 47550 and it took: 102389ms
query [7222]: # of matches found 47574 and it took: 102457ms
query [7223]: # of matches found 47680 and it took: 102546ms
query [7224]: # of matches found 48512 and it took: 102819ms
query [7225]: # of matches found 48971 and it took: 102728ms
query [7226]: # of matches found 49271 and it took: 102624ms
query [7227]: # of matches found 49511 and it took: 102454ms
query [7228]: # of matches found 49674 and it took: 102924ms
query [7229]: # of matches found 49869 and it took: 102463ms
query [7230]: # of matches found 49900 and it took: 102468ms
query [7231]: # of matches found 49598 and it took: 102480ms
query [7232]: # of matches found 49421 and it took: 102420ms
query [7233]: # of matches found 49509 and it took: 102063ms
query [7234]: # of matches found 49741 and it took: 102466ms
query [7235]: # of matches found 50073 and it took: 102270ms
query [7236]: # of matches found 50056 and it took: 102505ms
query [7237]: # of matches found 50247 and it took: 102297ms
query [7238]: # of matches found 50341 and it took: 103046ms
query [7239]: # of matches found 50261 and it took: 102858ms
query [7240]: # of matches found 49947 and it took: 103075ms
query [7241]: # of matches found 45857 and it took: 104464ms
query [7242]: # of matches found 43884 and it took: 104211ms
query [7243]: # of matches found 43595 and it took: 103938ms
query [7244]: # of matches found 43413 and it took: 104828ms
query [7245]: # of matches found 43082 and it took: 104577ms
query [7246]: # of matches found 42810 and it took: 105327ms
query [7247]: # of matches found 42631 and it took: 104837ms
query [7248]: # of matches found 42024 and it took: 105099ms
query [7249]: # of matches found 42040 and it took: 104863ms
query [7250]: # of matches found 41949 and it took: 104811ms
query [7251]: # of matches found 42092 and it took: 104587ms
query [7252]: # of matches found 42561 and it took: 104905ms
query [7253]: # of matches found 42516 and it took: 104666ms
query [7254]: # of matches found 42050 and it took: 105306ms
query [7255]: # of matches found 41624 and it took: 104938ms
query [7256]: # of matches found 40718 and it took: 105237ms
query [7257]: # of matches found 39882 and it took: 105495ms
query [7258]: # of matches found 39376 and it took: 105697ms
query [7259]: # of matches found 39428 and it took: 106511ms
query [7260]: # of matches found 38928 and it took: 106065ms
query [7261]: # of matches found 39067 and it took: 106624ms
query [7262]: # of matches found 39131 and it took: 107082ms
query [7263]: # of matches found 39064 and it took: 106774ms
query [7264]: # of matches found 39146 and it took: 107628ms
query [7265]: # of matches found 38945 and it took: 106932ms
query [7266]: # of matches found 39176 and it took: 107005ms
query [7267]: # of matches found 39549 and it took: 107392ms
query [7268]: # of matches found 39355 and it took: 107863ms
query [7269]: # of matches found 39193 and it took: 107819ms
query [7270]: # of matches found 38691 and it took: 107860ms
query [7271]: # of matches found 38485 and it took: 108587ms
query [7272]: # of matches found 38358 and it took: 109076ms
query [7273]: # of matches found 38394 and it took: 108787ms
query [7274]: # of matches found 38339 and it took: 109181ms
query [7275]: # of matches found 38798 and it took: 108642ms
query [7276]: # of matches found 39273 and it took: 109064ms
query [7277]: # of matches found 39882 and it took: 108986ms
query [7278]: # of matches found 40231 and it took: 109443ms
query [7279]: # of matches found 40569 and it took: 109196ms
query [7280]: # of matches found 40537 and it took: 108313ms
query [7281]: # of matches found 40653 and it took: 108959ms
query [7282]: # of matches found 40425 and it took: 108371ms
query [7283]: # of matches found 40425 and it took: 108418ms
query [7284]: # of matches found 40755 and it took: 108996ms
query [7285]: # of matches found 41036 and it took: 108511ms
query [7286]: # of matches found 41751 and it took: 110539ms
query [7287]: # of matches found 41763 and it took: 108695ms
query [7288]: # of matches found 42144 and it took: 108390ms
query [7289]: # of matches found 42759 and it took: 108543ms
query [7290]: # of matches found 43109 and it took: 107546ms
query [7291]: # of matches found 43453 and it took: 108715ms
query [7292]: # of matches found 43980 and it took: 107625ms
query [7293]: # of matches found 44354 and it took: 107884ms
query [7294]: # of matches found 44457 and it took: 108254ms
query [7295]: # of matches found 44642 and it took: 107628ms
query [7296]: # of matches found 44644 and it took: 107142ms
query [7297]: # of matches found 44680 and it took: 107359ms
query [7298]: # of matches found 44692 and it took: 107259ms
query [7299]: # of matches found 44672 and it took: 107992ms
query [7300]: # of matches found 44759 and it took: 106817ms
query [7301]: # of matches found 44974 and it took: 109525ms
query [7302]: # of matches found 45070 and it took: 107277ms
query [7303]: # of matches found 45174 and it took: 107610ms
query [7304]: # of matches found 45285 and it took: 107532ms
query [7305]: # of matches found 45413 and it took: 108087ms
query [7306]: # of matches found 45077 and it took: 107740ms
query [7307]: # of matches found 44544 and it took: 107958ms
query [7308]: # of matches found 44167 and it took: 108067ms
query [7309]: # of matches found 43226 and it took: 107782ms
query [7310]: # of matches found 42270 and it took: 107316ms
query [7311]: # of matches found 41492 and it took: 108683ms
query [7312]: # of matches found 41140 and it took: 107580ms
query [7313]: # of matches found 40898 and it took: 107914ms
query [7314]: # of matches found 41003 and it took: 108090ms
query [7315]: # of matches found 41008 and it took: 108045ms
query [7316]: # of matches found 41032 and it took: 108021ms
query [7317]: # of matches found 40700 and it took: 108047ms
query [7318]: # of matches found 40605 and it took: 108727ms
query [7319]: # of matches found 40650 and it took: 108296ms
query [7320]: # of matches found 40561 and it took: 107763ms
query [7321]: # of matches found 40531 and it took: 108900ms
query [7322]: # of matches found 40463 and it took: 108874ms
query [7323]: # of matches found 40387 and it took: 108990ms
query [7324]: # of matches found 40163 and it took: 109053ms
query [7325]: # of matches found 40029 and it took: 109101ms
query [7326]: # of matches found 39869 and it took: 109141ms
query [7327]: # of matches found 39796 and it took: 109465ms
query [7328]: # of matches found 39781 and it took: 109715ms
query [7329]: # of matches found 39613 and it took: 110170ms
query [7330]: # of matches found 39556 and it took: 108907ms
query [7331]: # of matches found 39463 and it took: 110268ms
query [7332]: # of matches found 38988 and it took: 109527ms
query [7333]: # of matches found 38992 and it took: 109501ms
query [7334]: # of matches found 39266 and it took: 109552ms
query [7335]: # of matches found 39108 and it took: 109996ms
query [7336]: # of matches found 38972 and it took: 110412ms
query [7337]: # of matches found 39246 and it took: 109877ms
query [7338]: # of matches found 39432 and it took: 110996ms
query [7339]: # of matches found 39383 and it took: 110587ms
query [7340]: # of matches found 39843 and it took: 109934ms
query [7341]: # of matches found 40172 and it took: 110399ms
query [7342]: # of matches found 39964 and it took: 110583ms
query [7343]: # of matches found 39861 and it took: 109867ms
query [7344]: # of matches found 39810 and it took: 110045ms
query [7345]: # of matches found 39802 and it took: 109932ms
query [7346]: # of matches found 39671 and it took: 110250ms
query [7347]: # of matches found 39499 and it took: 110066ms
query [7348]: # of matches found 39828 and it took: 110464ms
query [7349]: # of matches found 39960 and it took: 110263ms
query [7350]: # of matches found 39975 and it took: 109766ms
query [7351]: # of matches found 39949 and it took: 110224ms
query [7352]: # of matches found 40121 and it took: 109998ms
query [7353]: # of matches found 40444 and it took: 109873ms
query [7354]: # of matches found 40522 and it took: 109773ms
query [7355]: # of matches found 40490 and it took: 110566ms
query [7356]: # of matches found 40511 and it took: 110081ms
query [7357]: # of matches found 40552 and it took: 109722ms
query [7358]: # of matches found 40432 and it took: 110946ms
query [7359]: # of matches found 40522 and it took: 110362ms
query [7360]: # of matches found 40513 and it took: 110085ms
query [7361]: # of matches found 40514 and it took: 110528ms
query [7362]: # of matches found 40602 and it took: 110317ms
query [7363]: # of matches found 40688 and it took: 110399ms
query [7364]: # of matches found 39986 and it took: 109811ms
query [7365]: # of matches found 39071 and it took: 110147ms
query [7366]: # of matches found 38442 and it took: 110086ms
query [7367]: # of matches found 38304 and it took: 110627ms
query [7368]: # of matches found 38049 and it took: 110324ms
query [7369]: # of matches found 37815 and it took: 110766ms
query [7370]: # of matches found 37906 and it took: 110638ms
query [7371]: # of matches found 38041 and it took: 111367ms
query [7372]: # of matches found 38347 and it took: 111189ms
query [7373]: # of matches found 38584 and it took: 110561ms
query [7374]: # of matches found 38644 and it took: 110645ms
query [7375]: # of matches found 38291 and it took: 110653ms
query [7376]: # of matches found 38397 and it took: 110532ms
query [7377]: # of matches found 39269 and it took: 110620ms
query [7378]: # of matches found 39221 and it took: 110570ms
query [7379]: # of matches found 39195 and it took: 111074ms
query [7380]: # of matches found 39019 and it took: 110347ms
query [7381]: # of matches found 38981 and it took: 110887ms
query [7382]: # of matches found 38991 and it took: 111049ms
query [7383]: # of matches found 38614 and it took: 110579ms
query [7384]: # of matches found 38551 and it took: 110669ms
query [7385]: # of matches found 38453 and it took: 111073ms
query [7386]: # of matches found 38473 and it took: 111365ms
query [7387]: # of matches found 38493 and it took: 111345ms
query [7388]: # of matches found 38485 and it took: 111771ms
query [7389]: # of matches found 38302 and it took: 112264ms
query [7390]: # of matches found 38366 and it took: 111498ms
query [7391]: # of matches found 38436 and it took: 112121ms
query [7392]: # of matches found 37883 and it took: 112780ms
query [7393]: # of matches found 37939 and it took: 112353ms
query [7394]: # of matches found 38097 and it took: 112890ms
query [7395]: # of matches found 38031 and it took: 112591ms
query [7396]: # of matches found 38143 and it took: 112850ms
query [7397]: # of matches found 38482 and it took: 112384ms
query [7398]: # of matches found 38651 and it took: 112170ms
query [7399]: # of matches found 38637 and it took: 111301ms
query [7400]: # of matches found 38948 and it took: 111665ms
query [7401]: # of matches found 38942 and it took: 112012ms
query [7402]: # of matches found 38743 and it took: 112308ms
query [7403]: # of matches found 38889 and it took: 112556ms
query [7404]: # of matches found 38933 and it took: 112286ms
query [7405]: # of matches found 39094 and it took: 112159ms
query [7406]: # of matches found 38952 and it took: 112374ms
query [7407]: # of matches found 38711 and it took: 112077ms
query [7408]: # of matches found 38827 and it took: 111673ms
query [7409]: # of matches found 38755 and it took: 112243ms
query [7410]: # of matches found 38708 and it took: 112548ms
query [7411]: # of matches found 38745 and it took: 112489ms
query [7412]: # of matches found 38748 and it took: 113357ms
query [7413]: # of matches found 38536 and it took: 112624ms
query [7414]: # of matches found 38087 and it took: 113581ms
query [7415]: # of matches found 37418 and it took: 114316ms
query [7416]: # of matches found 36764 and it took: 113899ms
query [7417]: # of matches found 36179 and it took: 114460ms
query [7418]: # of matches found 36198 and it took: 114094ms
query [7419]: # of matches found 36004 and it took: 113882ms
query [7420]: # of matches found 35999 and it took: 114275ms
query [7421]: # of matches found 35927 and it took: 113222ms
query [7422]: # of matches found 35882 and it took: 115192ms
query [7423]: # of matches found 35794 and it took: 114202ms
query [7424]: # of matches found 35501 and it took: 114510ms
query [7425]: # of matches found 35581 and it took: 113688ms
query [7426]: # of matches found 35030 and it took: 114072ms
query [7427]: # of matches found 34941 and it took: 113353ms
query [7428]: # of matches found 34795 and it took: 113527ms
query [7429]: # of matches found 34141 and it took: 113467ms
query [7430]: # of matches found 33655 and it took: 113901ms
query [7431]: # of matches found 33032 and it took: 113637ms
query [7432]: # of matches found 32331 and it took: 114250ms
query [7433]: # of matches found 31849 and it took: 113761ms
query [7434]: # of matches found 31676 and it took: 113828ms
query [7435]: # of matches found 31308 and it took: 114746ms
query [7436]: # of matches found 31067 and it took: 114311ms
query [7437]: # of matches found 31087 and it took: 114457ms
query [7438]: # of matches found 31103 and it took: 114160ms
query [7439]: # of matches found 31403 and it took: 113817ms
query [7440]: # of matches found 31313 and it took: 114267ms
query [7441]: # of matches found 31171 and it took: 114104ms
query [7442]: # of matches found 31084 and it took: 115201ms
query [7443]: # of matches found 31109 and it took: 114486ms
query [7444]: # of matches found 30870 and it took: 114913ms
query [7445]: # of matches found 31044 and it took: 115253ms
query [7446]: # of matches found 30839 and it took: 114482ms
query [7447]: # of matches found 30794 and it took: 114792ms
query [7448]: # of matches found 30735 and it took: 114745ms
query [7449]: # of matches found 31020 and it took: 114240ms
query [7450]: # of matches found 31352 and it took: 114332ms
query [7451]: # of matches found 31478 and it took: 114717ms
query [7452]: # of matches found 31606 and it took: 114720ms
query [7453]: # of matches found 32362 and it took: 114371ms
query [7454]: # of matches found 32500 and it took: 114395ms
query [7455]: # of matches found 33297 and it took: 114975ms
query [7456]: # of matches found 33306 and it took: 114400ms
query [7457]: # of matches found 33334 and it took: 114278ms
query [7458]: # of matches found 33412 and it took: 113714ms
query [7459]: # of matches found 33339 and it took: 113093ms
query [7460]: # of matches found 33359 and it took: 114122ms
query [7461]: # of matches found 33798 and it took: 113557ms
query [7462]: # of matches found 33846 and it took: 113977ms
query [7463]: # of matches found 33831 and it took: 113730ms
query [7464]: # of matches found 33847 and it took: 114129ms
query [7465]: # of matches found 33889 and it took: 113921ms
query [7466]: # of matches found 35661 and it took: 114003ms
query [7467]: # of matches found 35884 and it took: 114235ms
query [7468]: # of matches found 36172 and it took: 114218ms
query [7469]: # of matches found 36480 and it took: 113703ms
query [7470]: # of matches found 36834 and it took: 114556ms
query [7471]: # of matches found 37186 and it took: 114294ms
query [7472]: # of matches found 37311 and it took: 114544ms
query [7473]: # of matches found 37058 and it took: 114391ms
query [7474]: # of matches found 36811 and it took: 113832ms
query [7475]: # of matches found 36850 and it took: 114304ms
query [7476]: # of matches found 37133 and it took: 114374ms
query [7477]: # of matches found 36669 and it took: 115123ms
query [7478]: # of matches found 36772 and it took: 114080ms
query [7479]: # of matches found 36720 and it took: 113310ms
query [7480]: # of matches found 36296 and it took: 113731ms
query [7481]: # of matches found 36027 and it took: 113589ms
query [7482]: # of matches found 35966 and it took: 113751ms
query [7483]: # of matches found 35998 and it took: 113170ms
query [7484]: # of matches found 36095 and it took: 112981ms
query [7485]: # of matches found 36114 and it took: 113015ms
query [7486]: # of matches found 36080 and it took: 112810ms
query [7487]: # of matches found 36095 and it took: 113515ms
query [7488]: # of matches found 35772 and it took: 113330ms
query [7489]: # of matches found 35804 and it took: 112792ms
query [7490]: # of matches found 35814 and it took: 113779ms
query [7491]: # of matches found 35810 and it took: 112930ms
query [7492]: # of matches found 35689 and it took: 113847ms
query [7493]: # of matches found 35396 and it took: 113176ms
query [7494]: # of matches found 35510 and it took: 113083ms
query [7495]: # of matches found 35662 and it took: 113410ms
query [7496]: # of matches found 35658 and it took: 112639ms
query [7497]: # of matches found 35672 and it took: 113586ms
query [7498]: # of matches found 35730 and it took: 113973ms
query [7499]: # of matches found 35752 and it took: 112801ms
query [7500]: # of matches found 35829 and it took: 113545ms
query [7501]: # of matches found 35928 and it took: 113549ms
query [7502]: # of matches found 35720 and it took: 113327ms
query [7503]: # of matches found 35559 and it took: 114056ms
query [7504]: # of matches found 35258 and it took: 113039ms
query [7505]: # of matches found 35314 and it took: 113581ms
query [7506]: # of matches found 35232 and it took: 113122ms
query [7507]: # of matches found 35290 and it took: 113778ms
query [7508]: # of matches found 35324 and it took: 113715ms
query [7509]: # of matches found 35429 and it took: 112551ms
query [7510]: # of matches found 35351 and it took: 113755ms
query [7511]: # of matches found 35607 and it took: 113073ms
query [7512]: # of matches found 35580 and it took: 113447ms
query [7513]: # of matches found 35385 and it took: 113088ms
query [7514]: # of matches found 35681 and it took: 113468ms
query [7515]: # of matches found 35572 and it took: 112624ms
query [7516]: # of matches found 35494 and it took: 112137ms
query [7517]: # of matches found 34515 and it took: 112673ms
query [7518]: # of matches found 34538 and it took: 113231ms
query [7519]: # of matches found 34791 and it took: 112224ms
query [7520]: # of matches found 34956 and it took: 113199ms
query [7521]: # of matches found 35073 and it took: 112734ms
query [7522]: # of matches found 35420 and it took: 112576ms
query [7523]: # of matches found 36321 and it took: 112272ms
query [7524]: # of matches found 36654 and it took: 112016ms
query [7525]: # of matches found 36788 and it took: 112336ms
query [7526]: # of matches found 36888 and it took: 112364ms
query [7527]: # of matches found 36962 and it took: 112471ms
query [7528]: # of matches found 36908 and it took: 112924ms
query [7529]: # of matches found 36987 and it took: 112299ms
query [7530]: # of matches found 37132 and it took: 113088ms
query [7531]: # of matches found 36915 and it took: 112672ms
query [7532]: # of matches found 36878 and it took: 112583ms
query [7533]: # of matches found 36842 and it took: 113085ms
query [7534]: # of matches found 36721 and it took: 113414ms
query [7535]: # of matches found 36692 and it took: 112665ms
query [7536]: # of matches found 36654 and it took: 113285ms
query [7537]: # of matches found 36434 and it took: 113489ms
query [7538]: # of matches found 36182 and it took: 114031ms
query [7539]: # of matches found 36036 and it took: 113378ms
query [7540]: # of matches found 35516 and it took: 113874ms
query [7541]: # of matches found 35587 and it took: 113589ms
query [7542]: # of matches found 35528 and it took: 113870ms
query [7543]: # of matches found 35382 and it took: 116294ms
query [7544]: # of matches found 35250 and it took: 114420ms
query [7545]: # of matches found 35103 and it took: 113773ms
query [7546]: # of matches found 34922 and it took: 114471ms
query [7547]: # of matches found 34844 and it took: 114304ms
query [7548]: # of matches found 34810 and it took: 114619ms
query [7549]: # of matches found 34860 and it took: 114181ms
query [7550]: # of matches found 35016 and it took: 114291ms
query [7551]: # of matches found 35065 and it took: 113888ms
query [7552]: # of matches found 35223 and it took: 114315ms
query [7553]: # of matches found 35399 and it took: 114153ms
query [7554]: # of matches found 68908 and it took: 114408ms
query [7555]: # of matches found 69123 and it took: 114155ms
query [7556]: # of matches found 69315 and it took: 114008ms
query [7557]: # of matches found 69507 and it took: 114655ms
query [7558]: # of matches found 69057 and it took: 114586ms
query [7559]: # of matches found 69015 and it took: 113966ms
query [7560]: # of matches found 68808 and it took: 114283ms
query [7561]: # of matches found 68842 and it took: 113798ms
query [7562]: # of matches found 68842 and it took: 114519ms
query [7563]: # of matches found 69154 and it took: 114583ms
query [7564]: # of matches found 69279 and it took: 114241ms
query [7565]: # of matches found 69405 and it took: 113918ms
query [7566]: # of matches found 68955 and it took: 114332ms
query [7567]: # of matches found 68951 and it took: 114295ms
query [7568]: # of matches found 68790 and it took: 114442ms
query [7569]: # of matches found 68773 and it took: 114331ms
query [7570]: # of matches found 69205 and it took: 114337ms
query [7571]: # of matches found 69240 and it took: 113991ms
query [7572]: # of matches found 69201 and it took: 115001ms
query [7573]: # of matches found 69103 and it took: 114747ms
query [7574]: # of matches found 69138 and it took: 114617ms
query [7575]: # of matches found 69130 and it took: 115003ms
query [7576]: # of matches found 69112 and it took: 115417ms
query [7577]: # of matches found 69190 and it took: 115876ms
query [7578]: # of matches found 69011 and it took: 115427ms
query [7579]: # of matches found 69049 and it took: 115930ms
query [7580]: # of matches found 69131 and it took: 116690ms
query [7581]: # of matches found 69073 and it took: 115136ms
query [7582]: # of matches found 68899 and it took: 115679ms
query [7583]: # of matches found 68565 and it took: 115976ms
query [7584]: # of matches found 68636 and it took: 115968ms
query [7585]: # of matches found 68230 and it took: 115784ms
query [7586]: # of matches found 68146 and it took: 116614ms
query [7587]: # of matches found 67875 and it took: 115997ms
query [7588]: # of matches found 67655 and it took: 116172ms
query [7589]: # of matches found 67286 and it took: 117095ms
query [7590]: # of matches found 67120 and it took: 116496ms
query [7591]: # of matches found 67262 and it took: 116580ms
query [7592]: # of matches found 67200 and it took: 116675ms
query [7593]: # of matches found 66571 and it took: 117525ms
query [7594]: # of matches found 66146 and it took: 116932ms
query [7595]: # of matches found 65575 and it took: 117211ms
query [7596]: # of matches found 65326 and it took: 117161ms
query [7597]: # of matches found 65338 and it took: 116940ms
query [7598]: # of matches found 65650 and it took: 116965ms
query [7599]: # of matches found 65780 and it took: 117135ms
query [7600]: # of matches found 65766 and it took: 116919ms
query [7601]: # of matches found 65498 and it took: 116625ms
query [7602]: # of matches found 65604 and it took: 116605ms
query [7603]: # of matches found 65383 and it took: 116670ms
query [7604]: # of matches found 65332 and it took: 116495ms
query [7605]: # of matches found 65189 and it took: 116702ms
query [7606]: # of matches found 65375 and it took: 117523ms
query [7607]: # of matches found 65356 and it took: 116671ms
query [7608]: # of matches found 63907 and it took: 117855ms
query [7609]: # of matches found 63750 and it took: 117856ms
query [7610]: # of matches found 63829 and it took: 117545ms
query [7611]: # of matches found 63472 and it took: 117908ms
query [7612]: # of matches found 63763 and it took: 118230ms
query [7613]: # of matches found 64091 and it took: 118235ms
query [7614]: # of matches found 64126 and it took: 117394ms
query [7615]: # of matches found 64144 and it took: 117552ms
query [7616]: # of matches found 63829 and it took: 117587ms
query [7617]: # of matches found 63879 and it took: 117875ms
query [7618]: # of matches found 63342 and it took: 117907ms
query [7619]: # of matches found 63334 and it took: 118197ms
query [7620]: # of matches found 63403 and it took: 118228ms
query [7621]: # of matches found 63424 and it took: 118287ms
query [7622]: # of matches found 63623 and it took: 118669ms
query [7623]: # of matches found 63801 and it took: 119217ms
query [7624]: # of matches found 63915 and it took: 118598ms
query [7625]: # of matches found 63831 and it took: 118624ms
query [7626]: # of matches found 63898 and it took: 118663ms
query [7627]: # of matches found 64036 and it took: 118208ms
query [7628]: # of matches found 64123 and it took: 118151ms
query [7629]: # of matches found 64102 and it took: 118335ms
query [7630]: # of matches found 64393 and it took: 117866ms
query [7631]: # of matches found 64648 and it took: 117366ms
query [7632]: # of matches found 64789 and it took: 118063ms
query [7633]: # of matches found 65225 and it took: 117255ms
query [7634]: # of matches found 65397 and it took: 117617ms
query [7635]: # of matches found 65590 and it took: 117768ms
query [7636]: # of matches found 65811 and it took: 117726ms
query [7637]: # of matches found 66076 and it took: 116946ms
query [7638]: # of matches found 66310 and it took: 117177ms
query [7639]: # of matches found 66694 and it took: 116991ms
query [7640]: # of matches found 67156 and it took: 117086ms
query [7641]: # of matches found 67146 and it took: 117045ms
query [7642]: # of matches found 67436 and it took: 118105ms
query [7643]: # of matches found 67615 and it took: 117573ms
query [7644]: # of matches found 68131 and it took: 117651ms
query [7645]: # of matches found 68501 and it took: 117045ms
query [7646]: # of matches found 68787 and it took: 117453ms
query [7647]: # of matches found 68991 and it took: 116847ms
query [7648]: # of matches found 69121 and it took: 116944ms
query [7649]: # of matches found 69232 and it took: 116853ms
query [7650]: # of matches found 69179 and it took: 117802ms
query [7651]: # of matches found 68756 and it took: 116849ms
query [7652]: # of matches found 68949 and it took: 117647ms
query [7653]: # of matches found 69088 and it took: 116996ms
query [7654]: # of matches found 69062 and it took: 117455ms
query [7655]: # of matches found 68997 and it took: 116759ms
query [7656]: # of matches found 68886 and it took: 117348ms
query [7657]: # of matches found 68855 and it took: 116810ms
query [7658]: # of matches found 68805 and it took: 116734ms
query [7659]: # of matches found 68641 and it took: 116636ms
query [7660]: # of matches found 68706 and it took: 117322ms
query [7661]: # of matches found 68986 and it took: 116032ms
query [7662]: # of matches found 68930 and it took: 116555ms
query [7663]: # of matches found 68243 and it took: 116828ms
query [7664]: # of matches found 68127 and it took: 116153ms
query [7665]: # of matches found 68351 and it took: 116557ms
query [7666]: # of matches found 68492 and it took: 116311ms
query [7667]: # of matches found 68468 and it took: 116029ms
query [7668]: # of matches found 68672 and it took: 116117ms
query [7669]: # of matches found 68787 and it took: 115906ms
query [7670]: # of matches found 68730 and it took: 116377ms
query [7671]: # of matches found 68981 and it took: 115233ms
query [7672]: # of matches found 69600 and it took: 115580ms
query [7673]: # of matches found 71920 and it took: 115359ms
query [7674]: # of matches found 72760 and it took: 115333ms
query [7675]: # of matches found 72761 and it took: 115192ms
query [7676]: # of matches found 72850 and it took: 114781ms
query [7677]: # of matches found 73105 and it took: 115321ms
query [7678]: # of matches found 73690 and it took: 114537ms
query [7679]: # of matches found 73681 and it took: 113810ms
query [7680]: # of matches found 73977 and it took: 115526ms
query [7681]: # of matches found 74498 and it took: 114638ms
query [7682]: # of matches found 74680 and it took: 115129ms
query [7683]: # of matches found 74961 and it took: 114526ms
query [7684]: # of matches found 75188 and it took: 114472ms
query [7685]: # of matches found 75364 and it took: 114241ms
query [7686]: # of matches found 75526 and it took: 113422ms
query [7687]: # of matches found 75621 and it took: 113563ms
query [7688]: # of matches found 75677 and it took: 113475ms
query [7689]: # of matches found 75733 and it took: 113822ms
query [7690]: # of matches found 75414 and it took: 113891ms
query [7691]: # of matches found 75324 and it took: 113305ms
query [7692]: # of matches found 75194 and it took: 114071ms
query [7693]: # of matches found 75202 and it took: 113895ms
query [7694]: # of matches found 41968 and it took: 113889ms
query [7695]: # of matches found 41528 and it took: 114101ms
query [7696]: # of matches found 41454 and it took: 114769ms
query [7697]: # of matches found 41339 and it took: 114158ms
query [7698]: # of matches found 41305 and it took: 114365ms
query [7699]: # of matches found 41419 and it took: 114117ms
query [7700]: # of matches found 41291 and it took: 114575ms
query [7701]: # of matches found 41168 and it took: 114371ms
query [7702]: # of matches found 41140 and it took: 115420ms
query [7703]: # of matches found 40774 and it took: 114677ms
query [7704]: # of matches found 40573 and it took: 114742ms
query [7705]: # of matches found 40352 and it took: 114716ms
query [7706]: # of matches found 40300 and it took: 113893ms
query [7707]: # of matches found 40279 and it took: 114341ms
query [7708]: # of matches found 40043 and it took: 114762ms
query [7709]: # of matches found 40043 and it took: 113418ms
query [7710]: # of matches found 40112 and it took: 113677ms
query [7711]: # of matches found 39762 and it took: 113400ms
query [7712]: # of matches found 45597 and it took: 113281ms
query [7713]: # of matches found 51439 and it took: 113466ms
query [7714]: # of matches found 52164 and it took: 113298ms
query [7715]: # of matches found 52337 and it took: 113341ms
query [7716]: # of matches found 52515 and it took: 112989ms
query [7717]: # of matches found 52434 and it took: 113902ms
query [7718]: # of matches found 52337 and it took: 112985ms
query [7719]: # of matches found 52367 and it took: 112417ms
query [7720]: # of matches found 52142 and it took: 112891ms
query [7721]: # of matches found 52194 and it took: 114456ms
query [7722]: # of matches found 52224 and it took: 113295ms
query [7723]: # of matches found 52269 and it took: 112867ms
query [7724]: # of matches found 52276 and it took: 112364ms
query [7725]: # of matches found 52210 and it took: 112682ms
query [7726]: # of matches found 52301 and it took: 113032ms
query [7727]: # of matches found 52415 and it took: 113391ms
query [7728]: # of matches found 52469 and it took: 113284ms
query [7729]: # of matches found 52539 and it took: 112072ms
query [7730]: # of matches found 52504 and it took: 112416ms
query [7731]: # of matches found 52302 and it took: 112365ms
query [7732]: # of matches found 52076 and it took: 112316ms
query [7733]: # of matches found 51981 and it took: 111728ms
query [7734]: # of matches found 52140 and it took: 111779ms
query [7735]: # of matches found 52376 and it took: 111769ms
query [7736]: # of matches found 53796 and it took: 111868ms
query [7737]: # of matches found 53894 and it took: 112195ms
query [7738]: # of matches found 53456 and it took: 112051ms
query [7739]: # of matches found 53452 and it took: 111289ms
query [7740]: # of matches found 53521 and it took: 111606ms
query [7741]: # of matches found 53483 and it took: 111502ms
query [7742]: # of matches found 53617 and it took: 111191ms
query [7743]: # of matches found 53890 and it took: 110883ms
query [7744]: # of matches found 58528 and it took: 110860ms
query [7745]: # of matches found 58985 and it took: 111342ms
query [7746]: # of matches found 59341 and it took: 111218ms
query [7747]: # of matches found 59661 and it took: 111150ms
query [7748]: # of matches found 59399 and it took: 111003ms
query [7749]: # of matches found 59616 and it took: 111091ms
query [7750]: # of matches found 59928 and it took: 110675ms
query [7751]: # of matches found 60160 and it took: 110525ms
query [7752]: # of matches found 60111 and it took: 110279ms
query [7753]: # of matches found 60165 and it took: 111579ms
query [7754]: # of matches found 60156 and it took: 110351ms
query [7755]: # of matches found 60231 and it took: 110011ms
query [7756]: # of matches found 60647 and it took: 110476ms
query [7757]: # of matches found 60963 and it took: 110260ms
query [7758]: # of matches found 61258 and it took: 110545ms
query [7759]: # of matches found 61491 and it took: 109731ms
query [7760]: # of matches found 62354 and it took: 109854ms
query [7761]: # of matches found 62986 and it took: 110226ms
query [7762]: # of matches found 63179 and it took: 109794ms
query [7763]: # of matches found 63006 and it took: 109381ms
query [7764]: # of matches found 63065 and it took: 109419ms
query [7765]: # of matches found 63176 and it took: 109898ms
query [7766]: # of matches found 63609 and it took: 109789ms
query [7767]: # of matches found 63719 and it took: 109794ms
query [7768]: # of matches found 64203 and it took: 109835ms
query [7769]: # of matches found 64235 and it took: 109114ms
query [7770]: # of matches found 63900 and it took: 109592ms
query [7771]: # of matches found 63743 and it took: 109325ms
query [7772]: # of matches found 63689 and it took: 109427ms
query [7773]: # of matches found 63364 and it took: 109654ms
query [7774]: # of matches found 63934 and it took: 109013ms
query [7775]: # of matches found 63978 and it took: 109547ms
query [7776]: # of matches found 63717 and it took: 109690ms
query [7777]: # of matches found 63566 and it took: 109974ms
query [7778]: # of matches found 63442 and it took: 111145ms
query [7779]: # of matches found 63683 and it took: 109390ms
query [7780]: # of matches found 63286 and it took: 109025ms
query [7781]: # of matches found 63657 and it took: 109753ms
query [7782]: # of matches found 63442 and it took: 108986ms
query [7783]: # of matches found 63501 and it took: 108531ms
query [7784]: # of matches found 63435 and it took: 108868ms
query [7785]: # of matches found 63301 and it took: 109579ms
query [7786]: # of matches found 63236 and it took: 109662ms
query [7787]: # of matches found 63105 and it took: 109545ms
query [7788]: # of matches found 63069 and it took: 109567ms
query [7789]: # of matches found 62815 and it took: 109043ms
query [7790]: # of matches found 62880 and it took: 109041ms
query [7791]: # of matches found 63383 and it took: 110112ms
query [7792]: # of matches found 63186 and it took: 109557ms
query [7793]: # of matches found 62911 and it took: 109972ms
query [7794]: # of matches found 62620 and it took: 109594ms
query [7795]: # of matches found 62474 and it took: 110510ms
query [7796]: # of matches found 62479 and it took: 110247ms
query [7797]: # of matches found 62436 and it took: 110364ms
query [7798]: # of matches found 62292 and it took: 111066ms
query [7799]: # of matches found 62339 and it took: 109887ms
query [7800]: # of matches found 62064 and it took: 110044ms
query [7801]: # of matches found 61824 and it took: 110226ms
query [7802]: # of matches found 61648 and it took: 109853ms
query [7803]: # of matches found 61613 and it took: 109874ms
query [7804]: # of matches found 63052 and it took: 110378ms
query [7805]: # of matches found 62757 and it took: 111612ms
query [7806]: # of matches found 62447 and it took: 111423ms
query [7807]: # of matches found 62467 and it took: 112777ms
query [7808]: # of matches found 62359 and it took: 112016ms
query [7809]: # of matches found 62160 and it took: 111639ms
query [7810]: # of matches found 61925 and it took: 110830ms
query [7811]: # of matches found 61908 and it took: 110896ms
query [7812]: # of matches found 61571 and it took: 110841ms
query [7813]: # of matches found 59539 and it took: 110975ms
query [7814]: # of matches found 58305 and it took: 111961ms
query [7815]: # of matches found 58157 and it took: 112021ms
query [7816]: # of matches found 58010 and it took: 112004ms
query [7817]: # of matches found 57734 and it took: 111867ms
query [7818]: # of matches found 57056 and it took: 113040ms
query [7819]: # of matches found 56886 and it took: 113218ms
query [7820]: # of matches found 56679 and it took: 112606ms
query [7821]: # of matches found 56031 and it took: 112621ms
query [7822]: # of matches found 55727 and it took: 112794ms
query [7823]: # of matches found 55407 and it took: 112230ms
query [7824]: # of matches found 55244 and it took: 112304ms
query [7825]: # of matches found 55130 and it took: 112772ms
query [7826]: # of matches found 54877 and it took: 112545ms
query [7827]: # of matches found 55662 and it took: 112579ms
query [7828]: # of matches found 55621 and it took: 113453ms
query [7829]: # of matches found 55458 and it took: 113125ms
query [7830]: # of matches found 55440 and it took: 113154ms
query [7831]: # of matches found 55476 and it took: 112969ms
query [7832]: # of matches found 55288 and it took: 112390ms
query [7833]: # of matches found 55201 and it took: 112226ms
query [7834]: # of matches found 55517 and it took: 113033ms
query [7835]: # of matches found 55574 and it took: 113137ms
query [7836]: # of matches found 55196 and it took: 113334ms
query [7837]: # of matches found 55122 and it took: 113187ms
query [7838]: # of matches found 55010 and it took: 113673ms
query [7839]: # of matches found 54779 and it took: 113948ms
query [7840]: # of matches found 54691 and it took: 113563ms
query [7841]: # of matches found 54823 and it took: 113610ms
query [7842]: # of matches found 54860 and it took: 113865ms
query [7843]: # of matches found 54847 and it took: 113334ms
query [7844]: # of matches found 54900 and it took: 113958ms
query [7845]: # of matches found 54897 and it took: 114058ms
query [7846]: # of matches found 55005 and it took: 114180ms
query [7847]: # of matches found 54964 and it took: 114136ms
query [7848]: # of matches found 54973 and it took: 114599ms
query [7849]: # of matches found 54905 and it took: 114854ms
query [7850]: # of matches found 55022 and it took: 114455ms
query [7851]: # of matches found 55162 and it took: 115302ms
query [7852]: # of matches found 50727 and it took: 114791ms
query [7853]: # of matches found 46299 and it took: 115022ms
query [7854]: # of matches found 43211 and it took: 115839ms
query [7855]: # of matches found 43339 and it took: 115871ms
query [7856]: # of matches found 43154 and it took: 115125ms
query [7857]: # of matches found 43147 and it took: 115900ms
query [7858]: # of matches found 43305 and it took: 115740ms
query [7859]: # of matches found 43812 and it took: 115916ms
query [7860]: # of matches found 44265 and it took: 115704ms
query [7861]: # of matches found 44237 and it took: 116508ms
query [7862]: # of matches found 44434 and it took: 116451ms
query [7863]: # of matches found 44543 and it took: 115794ms
query [7864]: # of matches found 44683 and it took: 116576ms
query [7865]: # of matches found 44832 and it took: 115963ms
query [7866]: # of matches found 44779 and it took: 116365ms
query [7867]: # of matches found 44659 and it took: 117210ms
query [7868]: # of matches found 44613 and it took: 117519ms
query [7869]: # of matches found 44528 and it took: 117894ms
query [7870]: # of matches found 44458 and it took: 117107ms
query [7871]: # of matches found 44494 and it took: 117710ms
query [7872]: # of matches found 44517 and it took: 118122ms
query [7873]: # of matches found 44584 and it took: 118058ms
query [7874]: # of matches found 44699 and it took: 118186ms
query [7875]: # of matches found 44689 and it took: 118021ms
query [7876]: # of matches found 43152 and it took: 118434ms
query [7877]: # of matches found 43119 and it took: 119201ms
query [7878]: # of matches found 43184 and it took: 119011ms
query [7879]: # of matches found 43239 and it took: 119126ms
query [7880]: # of matches found 43138 and it took: 118989ms
query [7881]: # of matches found 43881 and it took: 119196ms
query [7882]: # of matches found 43774 and it took: 119452ms
query [7883]: # of matches found 54067 and it took: 119224ms
query [7884]: # of matches found 49339 and it took: 119469ms
query [7885]: # of matches found 49043 and it took: 119725ms
query [7886]: # of matches found 48856 and it took: 119565ms
query [7887]: # of matches found 48874 and it took: 120321ms
query [7888]: # of matches found 49137 and it took: 120060ms
query [7889]: # of matches found 49345 and it took: 120258ms
query [7890]: # of matches found 49595 and it took: 119671ms
query [7891]: # of matches found 49403 and it took: 119762ms
query [7892]: # of matches found 49851 and it took: 119956ms
query [7893]: # of matches found 49235 and it took: 119993ms
query [7894]: # of matches found 48995 and it took: 120367ms
query [7895]: # of matches found 49142 and it took: 119620ms
query [7896]: # of matches found 48868 and it took: 119987ms
query [7897]: # of matches found 48381 and it took: 122689ms
query [7898]: # of matches found 48186 and it took: 121726ms
query [7899]: # of matches found 47599 and it took: 121252ms
query [7900]: # of matches found 46645 and it took: 120356ms
query [7901]: # of matches found 45911 and it took: 120153ms
query [7902]: # of matches found 45222 and it took: 120702ms
query [7903]: # of matches found 45203 and it took: 123990ms
query [7904]: # of matches found 45129 and it took: 123450ms
query [7905]: # of matches found 44853 and it took: 123350ms
query [7906]: # of matches found 44000 and it took: 123548ms
query [7907]: # of matches found 43760 and it took: 123228ms
query [7908]: # of matches found 43158 and it took: 121220ms
query [7909]: # of matches found 43085 and it took: 121275ms
query [7910]: # of matches found 43205 and it took: 120467ms
query [7911]: # of matches found 43230 and it took: 120677ms
query [7912]: # of matches found 43240 and it took: 120958ms
query [7913]: # of matches found 43135 and it took: 120154ms
query [7914]: # of matches found 42524 and it took: 120371ms
query [7915]: # of matches found 42797 and it took: 119551ms
query [7916]: # of matches found 43182 and it took: 120038ms
query [7917]: # of matches found 44052 and it took: 120353ms
query [7918]: # of matches found 44309 and it took: 119885ms
query [7919]: # of matches found 43995 and it took: 120112ms
query [7920]: # of matches found 44006 and it took: 119339ms
query [7921]: # of matches found 43892 and it took: 119359ms
query [7922]: # of matches found 44066 and it took: 119083ms
query [7923]: # of matches found 44233 and it took: 118474ms
query [7924]: # of matches found 43929 and it took: 118669ms
query [7925]: # of matches found 43748 and it took: 118234ms
query [7926]: # of matches found 45930 and it took: 117905ms
query [7927]: # of matches found 45617 and it took: 118187ms
query [7928]: # of matches found 46755 and it took: 118374ms
query [7929]: # of matches found 46685 and it took: 118153ms
query [7930]: # of matches found 46514 and it took: 118558ms
query [7931]: # of matches found 46365 and it took: 119364ms
query [7932]: # of matches found 46205 and it took: 118971ms
query [7933]: # of matches found 45593 and it took: 118472ms
query [7934]: # of matches found 45601 and it took: 118760ms
query [7935]: # of matches found 45754 and it took: 118162ms
query [7936]: # of matches found 45812 and it took: 118733ms
query [7937]: # of matches found 46175 and it took: 118820ms
query [7938]: # of matches found 46470 and it took: 119314ms
query [7939]: # of matches found 47862 and it took: 119595ms
query [7940]: # of matches found 48427 and it took: 118835ms
query [7941]: # of matches found 48772 and it took: 119086ms
query [7942]: # of matches found 49171 and it took: 118809ms
query [7943]: # of matches found 49254 and it took: 118263ms
query [7944]: # of matches found 49515 and it took: 118228ms
query [7945]: # of matches found 49305 and it took: 117733ms
query [7946]: # of matches found 50010 and it took: 117710ms
query [7947]: # of matches found 50143 and it took: 117095ms
query [7948]: # of matches found 50402 and it took: 116047ms
query [7949]: # of matches found 50502 and it took: 116742ms
query [7950]: # of matches found 50623 and it took: 116363ms
query [7951]: # of matches found 50781 and it took: 116065ms
query [7952]: # of matches found 51306 and it took: 116483ms
query [7953]: # of matches found 51802 and it took: 115020ms
query [7954]: # of matches found 51829 and it took: 114955ms
query [7955]: # of matches found 51822 and it took: 114738ms
query [7956]: # of matches found 51735 and it took: 114217ms
query [7957]: # of matches found 51648 and it took: 114985ms
query [7958]: # of matches found 51655 and it took: 114528ms
query [7959]: # of matches found 51485 and it took: 114961ms
query [7960]: # of matches found 51591 and it took: 114961ms
query [7961]: # of matches found 51955 and it took: 114262ms
query [7962]: # of matches found 52136 and it took: 114067ms
query [7963]: # of matches found 52426 and it took: 114022ms
query [7964]: # of matches found 52647 and it took: 113963ms
query [7965]: # of matches found 52728 and it took: 114042ms
query [7966]: # of matches found 53659 and it took: 114017ms
query [7967]: # of matches found 53299 and it took: 114084ms
query [7968]: # of matches found 53570 and it took: 114250ms
query [7969]: # of matches found 54219 and it took: 113808ms
query [7970]: # of matches found 54778 and it took: 113977ms
query [7971]: # of matches found 55046 and it took: 113925ms
query [7972]: # of matches found 55651 and it took: 113961ms
query [7973]: # of matches found 56610 and it took: 115627ms
query [7974]: # of matches found 56943 and it took: 114151ms
query [7975]: # of matches found 56872 and it took: 113985ms
query [7976]: # of matches found 57057 and it took: 114078ms
query [7977]: # of matches found 57260 and it took: 113837ms
query [7978]: # of matches found 57471 and it took: 113608ms
query [7979]: # of matches found 57675 and it took: 113145ms
query [7980]: # of matches found 57875 and it took: 113190ms
query [7981]: # of matches found 58052 and it took: 113384ms
query [7982]: # of matches found 58049 and it took: 113124ms
query [7983]: # of matches found 58626 and it took: 113592ms
query [7984]: # of matches found 59057 and it took: 112939ms
query [7985]: # of matches found 59313 and it took: 113113ms
query [7986]: # of matches found 59352 and it took: 112878ms
query [7987]: # of matches found 59699 and it took: 113520ms
query [7988]: # of matches found 60492 and it took: 112366ms
query [7989]: # of matches found 60636 and it took: 112644ms
query [7990]: # of matches found 60586 and it took: 112996ms
query [7991]: # of matches found 60593 and it took: 112656ms
query [7992]: # of matches found 60647 and it took: 112665ms
query [7993]: # of matches found 60331 and it took: 112859ms
query [7994]: # of matches found 60257 and it took: 112674ms
query [7995]: # of matches found 60222 and it took: 113459ms
query [7996]: # of matches found 60128 and it took: 113139ms
query [7997]: # of matches found 59702 and it took: 113166ms
query [7998]: # of matches found 59772 and it took: 112901ms
query [7999]: # of matches found 59279 and it took: 113554ms
PARMIK's matches per query up to q (1000) => [average: 49731, median: 47771, sum: 49731842]
Starting alignment for all queries [rev]...
queryBaseIndex: 7000
query [7000]: # of matches found 45172 and it took: 118958ms
query [7001]: # of matches found 44900 and it took: 118191ms
query [7002]: # of matches found 44908 and it took: 118226ms
query [7003]: # of matches found 44903 and it took: 117997ms
query [7004]: # of matches found 45019 and it took: 118210ms
query [7005]: # of matches found 45003 and it took: 117430ms
query [7006]: # of matches found 45067 and it took: 117278ms
query [7007]: # of matches found 45562 and it took: 117473ms
query [7008]: # of matches found 45698 and it took: 117503ms
query [7009]: # of matches found 45577 and it took: 116280ms
query [7010]: # of matches found 45745 and it took: 117600ms
query [7011]: # of matches found 45681 and it took: 117390ms
query [7012]: # of matches found 45449 and it took: 118001ms
query [7013]: # of matches found 45425 and it took: 117752ms
query [7014]: # of matches found 44926 and it took: 118482ms
query [7015]: # of matches found 44783 and it took: 118306ms
query [7016]: # of matches found 43794 and it took: 117225ms
query [7017]: # of matches found 43643 and it took: 117552ms
query [7018]: # of matches found 43295 and it took: 117390ms
query [7019]: # of matches found 43191 and it took: 117313ms
query [7020]: # of matches found 42787 and it took: 117823ms
query [7021]: # of matches found 42768 and it took: 117129ms
query [7022]: # of matches found 42679 and it took: 118039ms
query [7023]: # of matches found 42785 and it took: 117564ms
query [7024]: # of matches found 42753 and it took: 118001ms
query [7025]: # of matches found 42988 and it took: 117396ms
query [7026]: # of matches found 43342 and it took: 116853ms
query [7027]: # of matches found 43478 and it took: 116731ms
query [7028]: # of matches found 43634 and it took: 116483ms
query [7029]: # of matches found 43814 and it took: 116459ms
query [7030]: # of matches found 44555 and it took: 117274ms
query [7031]: # of matches found 45435 and it took: 117217ms
query [7032]: # of matches found 45830 and it took: 116748ms
query [7033]: # of matches found 45964 and it took: 116639ms
query [7034]: # of matches found 46318 and it took: 117068ms
query [7035]: # of matches found 46544 and it took: 116678ms
query [7036]: # of matches found 46678 and it took: 116313ms
query [7037]: # of matches found 46827 and it took: 115403ms
query [7038]: # of matches found 46796 and it took: 115318ms
query [7039]: # of matches found 46892 and it took: 115037ms
query [7040]: # of matches found 47035 and it took: 115568ms
query [7041]: # of matches found 47148 and it took: 115289ms
query [7042]: # of matches found 47471 and it took: 115311ms
query [7043]: # of matches found 47398 and it took: 115161ms
query [7044]: # of matches found 47308 and it took: 115029ms
query [7045]: # of matches found 47324 and it took: 114653ms
query [7046]: # of matches found 47565 and it took: 114675ms
query [7047]: # of matches found 47643 and it took: 114344ms
query [7048]: # of matches found 47974 and it took: 114268ms
query [7049]: # of matches found 48606 and it took: 113660ms
query [7050]: # of matches found 49174 and it took: 113392ms
query [7051]: # of matches found 49527 and it took: 113779ms
query [7052]: # of matches found 49822 and it took: 113775ms
query [7053]: # of matches found 50284 and it took: 114020ms
query [7054]: # of matches found 50756 and it took: 113511ms
query [7055]: # of matches found 50978 and it took: 113266ms
query [7056]: # of matches found 52370 and it took: 113363ms
query [7057]: # of matches found 54595 and it took: 113162ms
query [7058]: # of matches found 55146 and it took: 112925ms
query [7059]: # of matches found 55479 and it took: 112640ms
query [7060]: # of matches found 55814 and it took: 112889ms
query [7061]: # of matches found 56503 and it took: 113202ms
query [7062]: # of matches found 56702 and it took: 112976ms
query [7063]: # of matches found 56588 and it took: 112379ms
query [7064]: # of matches found 56967 and it took: 111984ms
query [7065]: # of matches found 43054 and it took: 111021ms
query [7066]: # of matches found 42960 and it took: 110871ms
query [7067]: # of matches found 42917 and it took: 110778ms
query [7068]: # of matches found 43442 and it took: 110582ms
query [7069]: # of matches found 44220 and it took: 110674ms
query [7070]: # of matches found 44273 and it took: 110716ms
query [7071]: # of matches found 44213 and it took: 110369ms
query [7072]: # of matches found 43937 and it took: 111505ms
query [7073]: # of matches found 44207 and it took: 110360ms
query [7074]: # of matches found 44301 and it took: 110286ms
query [7075]: # of matches found 44313 and it took: 109423ms
query [7076]: # of matches found 44548 and it took: 109957ms
query [7077]: # of matches found 44735 and it took: 109856ms
query [7078]: # of matches found 45192 and it took: 109740ms
query [7079]: # of matches found 45544 and it took: 109639ms
query [7080]: # of matches found 45625 and it took: 108865ms
query [7081]: # of matches found 45710 and it took: 109122ms
query [7082]: # of matches found 45549 and it took: 109009ms
query [7083]: # of matches found 45819 and it took: 108674ms
query [7084]: # of matches found 45971 and it took: 109092ms
query [7085]: # of matches found 46775 and it took: 108433ms
query [7086]: # of matches found 47165 and it took: 108506ms
query [7087]: # of matches found 47164 and it took: 108286ms
query [7088]: # of matches found 46891 and it took: 108093ms
query [7089]: # of matches found 46756 and it took: 108131ms
query [7090]: # of matches found 46591 and it took: 107525ms
query [7091]: # of matches found 46868 and it took: 107376ms
query [7092]: # of matches found 47011 and it took: 107197ms
query [7093]: # of matches found 46997 and it took: 107352ms
query [7094]: # of matches found 47069 and it took: 107761ms
query [7095]: # of matches found 46980 and it took: 106909ms
query [7096]: # of matches found 46947 and it took: 107597ms
query [7097]: # of matches found 46994 and it took: 107134ms
query [7098]: # of matches found 47078 and it took: 107288ms
query [7099]: # of matches found 47219 and it took: 107555ms
query [7100]: # of matches found 47397 and it took: 106771ms
query [7101]: # of matches found 48040 and it took: 106752ms
query [7102]: # of matches found 48121 and it took: 106407ms
query [7103]: # of matches found 49286 and it took: 106726ms
query [7104]: # of matches found 50358 and it took: 106420ms
query [7105]: # of matches found 50473 and it took: 105785ms
query [7106]: # of matches found 50674 and it took: 106271ms
query [7107]: # of matches found 51128 and it took: 105694ms
query [7108]: # of matches found 51417 and it took: 106315ms
query [7109]: # of matches found 51380 and it took: 105792ms
query [7110]: # of matches found 51681 and it took: 105626ms
query [7111]: # of matches found 51523 and it took: 106274ms
query [7112]: # of matches found 51461 and it took: 105300ms
query [7113]: # of matches found 51501 and it took: 105310ms
query [7114]: # of matches found 52063 and it took: 105511ms
query [7115]: # of matches found 52948 and it took: 105133ms
query [7116]: # of matches found 54132 and it took: 105362ms
query [7117]: # of matches found 54572 and it took: 104198ms
query [7118]: # of matches found 54980 and it took: 104737ms
query [7119]: # of matches found 55497 and it took: 104151ms
query [7120]: # of matches found 55562 and it took: 103815ms
query [7121]: # of matches found 55635 and it took: 104247ms
query [7122]: # of matches found 55669 and it took: 104001ms
query [7123]: # of matches found 55613 and it took: 104382ms
query [7124]: # of matches found 55623 and it took: 104281ms
query [7125]: # of matches found 55499 and it took: 104142ms
query [7126]: # of matches found 54293 and it took: 104279ms
query [7127]: # of matches found 54202 and it took: 104104ms
query [7128]: # of matches found 53905 and it took: 104559ms
query [7129]: # of matches found 54020 and it took: 104092ms
query [7130]: # of matches found 54438 and it took: 103566ms
query [7131]: # of matches found 54162 and it took: 104202ms
query [7132]: # of matches found 54209 and it took: 103878ms
query [7133]: # of matches found 54029 and it took: 103810ms
query [7134]: # of matches found 54820 and it took: 104253ms
query [7135]: # of matches found 54964 and it took: 103965ms
query [7136]: # of matches found 55038 and it took: 103849ms
query [7137]: # of matches found 55103 and it took: 103726ms
query [7138]: # of matches found 55104 and it took: 104108ms
query [7139]: # of matches found 54564 and it took: 104324ms
query [7140]: # of matches found 53951 and it took: 103563ms
query [7141]: # of matches found 54183 and it took: 103889ms
query [7142]: # of matches found 54194 and it took: 103953ms
query [7143]: # of matches found 54217 and it took: 103464ms
query [7144]: # of matches found 54034 and it took: 103885ms
query [7145]: # of matches found 54058 and it took: 103959ms
query [7146]: # of matches found 53849 and it took: 103841ms
query [7147]: # of matches found 53727 and it took: 103543ms
query [7148]: # of matches found 53238 and it took: 104104ms
query [7149]: # of matches found 52818 and it took: 104135ms
query [7150]: # of matches found 52613 and it took: 103962ms
query [7151]: # of matches found 52409 and it took: 104297ms
query [7152]: # of matches found 52477 and it took: 103907ms
query [7153]: # of matches found 52444 and it took: 103808ms
query [7154]: # of matches found 52395 and it took: 104382ms
query [7155]: # of matches found 52771 and it took: 104042ms
query [7156]: # of matches found 52910 and it took: 104402ms
query [7157]: # of matches found 52951 and it took: 104514ms
query [7158]: # of matches found 53109 and it took: 105121ms
query [7159]: # of matches found 53135 and it took: 105313ms
query [7160]: # of matches found 53414 and it took: 104789ms
query [7161]: # of matches found 53437 and it took: 105333ms
query [7162]: # of matches found 53490 and it took: 105234ms
query [7163]: # of matches found 53539 and it took: 105452ms
query [7164]: # of matches found 53732 and it took: 105916ms
query [7165]: # of matches found 53891 and it took: 105490ms
query [7166]: # of matches found 53849 and it took: 105560ms
query [7167]: # of matches found 54941 and it took: 104835ms
query [7168]: # of matches found 55776 and it took: 105131ms
query [7169]: # of matches found 56787 and it took: 105012ms
query [7170]: # of matches found 57788 and it took: 104772ms
query [7171]: # of matches found 57815 and it took: 105167ms
query [7172]: # of matches found 57936 and it took: 105247ms
query [7173]: # of matches found 57835 and it took: 104606ms
query [7174]: # of matches found 57881 and it took: 105504ms
query [7175]: # of matches found 57683 and it took: 105894ms
query [7176]: # of matches found 57649 and it took: 105934ms
query [7177]: # of matches found 57788 and it took: 105081ms
query [7178]: # of matches found 57888 and it took: 105603ms
query [7179]: # of matches found 57727 and it took: 105857ms
query [7180]: # of matches found 57596 and it took: 105516ms
query [7181]: # of matches found 57577 and it took: 105165ms
query [7182]: # of matches found 57433 and it took: 105678ms
query [7183]: # of matches found 57202 and it took: 104728ms
query [7184]: # of matches found 57252 and it took: 105928ms
query [7185]: # of matches found 57243 and it took: 106075ms
query [7186]: # of matches found 57230 and it took: 105831ms
query [7187]: # of matches found 57153 and it took: 105875ms
query [7188]: # of matches found 56805 and it took: 105573ms
query [7189]: # of matches found 56319 and it took: 105730ms
query [7190]: # of matches found 56205 and it took: 105532ms
query [7191]: # of matches found 55989 and it took: 105213ms
query [7192]: # of matches found 56504 and it took: 105905ms
query [7193]: # of matches found 56451 and it took: 105347ms
query [7194]: # of matches found 56253 and it took: 105708ms
query [7195]: # of matches found 56219 and it took: 105867ms
query [7196]: # of matches found 55462 and it took: 105685ms
query [7197]: # of matches found 53596 and it took: 105897ms
query [7198]: # of matches found 52939 and it took: 105749ms
query [7199]: # of matches found 52649 and it took: 105899ms
query [7200]: # of matches found 52089 and it took: 105319ms
query [7201]: # of matches found 51263 and it took: 105133ms
query [7202]: # of matches found 51241 and it took: 105284ms
query [7203]: # of matches found 51384 and it took: 104772ms
query [7204]: # of matches found 51044 and it took: 105655ms
query [7205]: # of matches found 51082 and it took: 105907ms
query [7206]: # of matches found 51184 and it took: 105760ms
query [7207]: # of matches found 51186 and it took: 105968ms
query [7208]: # of matches found 50661 and it took: 105282ms
query [7209]: # of matches found 49844 and it took: 105235ms
query [7210]: # of matches found 49725 and it took: 105171ms
query [7211]: # of matches found 49815 and it took: 104853ms
query [7212]: # of matches found 49819 and it took: 104836ms
query [7213]: # of matches found 49352 and it took: 104649ms
query [7214]: # of matches found 49061 and it took: 105401ms
query [7215]: # of matches found 49048 and it took: 105315ms
query [7216]: # of matches found 48903 and it took: 105687ms
query [7217]: # of matches found 48744 and it took: 105396ms
query [7218]: # of matches found 48468 and it took: 105763ms
query [7219]: # of matches found 47920 and it took: 105385ms
query [7220]: # of matches found 47783 and it took: 105555ms
query [7221]: # of matches found 47825 and it took: 105307ms
query [7222]: # of matches found 47896 and it took: 105391ms
query [7223]: # of matches found 47917 and it took: 105369ms
query [7224]: # of matches found 48808 and it took: 105711ms
query [7225]: # of matches found 48741 and it took: 105916ms
query [7226]: # of matches found 48690 and it took: 105967ms
query [7227]: # of matches found 48869 and it took: 105242ms
query [7228]: # of matches found 49101 and it took: 105221ms
query [7229]: # of matches found 49283 and it took: 105276ms
query [7230]: # of matches found 49300 and it took: 105250ms
query [7231]: # of matches found 49045 and it took: 105452ms
query [7232]: # of matches found 48953 and it took: 104866ms
query [7233]: # of matches found 48987 and it took: 104993ms
query [7234]: # of matches found 49257 and it took: 105557ms
query [7235]: # of matches found 49651 and it took: 106384ms
query [7236]: # of matches found 49603 and it took: 106086ms
query [7237]: # of matches found 49774 and it took: 105525ms
query [7238]: # of matches found 49942 and it took: 105130ms
query [7239]: # of matches found 49911 and it took: 105341ms
query [7240]: # of matches found 49976 and it took: 105504ms
query [7241]: # of matches found 49440 and it took: 104898ms
query [7242]: # of matches found 49286 and it took: 104080ms
query [7243]: # of matches found 48477 and it took: 104168ms
query [7244]: # of matches found 47120 and it took: 105010ms
query [7245]: # of matches found 47113 and it took: 104728ms
query [7246]: # of matches found 46910 and it took: 105144ms
query [7247]: # of matches found 47006 and it took: 104415ms
query [7248]: # of matches found 46493 and it took: 104936ms
query [7249]: # of matches found 46620 and it took: 104635ms
query [7250]: # of matches found 46540 and it took: 105285ms
query [7251]: # of matches found 46637 and it took: 104964ms
query [7252]: # of matches found 46989 and it took: 104796ms
query [7253]: # of matches found 46942 and it took: 105341ms
query [7254]: # of matches found 46367 and it took: 105157ms
query [7255]: # of matches found 45853 and it took: 105239ms
query [7256]: # of matches found 44324 and it took: 105892ms
query [7257]: # of matches found 43411 and it took: 105966ms
query [7258]: # of matches found 42873 and it took: 105724ms
query [7259]: # of matches found 42895 and it took: 105797ms
query [7260]: # of matches found 42757 and it took: 105645ms
query [7261]: # of matches found 42666 and it took: 106249ms
query [7262]: # of matches found 42734 and it took: 105457ms
query [7263]: # of matches found 42760 and it took: 106312ms
query [7264]: # of matches found 42799 and it took: 106132ms
query [7265]: # of matches found 42608 and it took: 106885ms
query [7266]: # of matches found 42739 and it took: 107537ms
query [7267]: # of matches found 43041 and it took: 106277ms
query [7268]: # of matches found 42868 and it took: 106777ms
query [7269]: # of matches found 42818 and it took: 107095ms
query [7270]: # of matches found 42202 and it took: 107458ms
query [7271]: # of matches found 42017 and it took: 107546ms
query [7272]: # of matches found 41850 and it took: 107916ms
query [7273]: # of matches found 41868 and it took: 108749ms
query [7274]: # of matches found 41631 and it took: 108710ms
query [7275]: # of matches found 42189 and it took: 108825ms
query [7276]: # of matches found 43056 and it took: 109106ms
query [7277]: # of matches found 43922 and it took: 108168ms
query [7278]: # of matches found 44315 and it took: 107907ms
query [7279]: # of matches found 44686 and it took: 108509ms
query [7280]: # of matches found 44661 and it took: 108460ms
query [7281]: # of matches found 44763 and it took: 108254ms
query [7282]: # of matches found 44677 and it took: 107859ms
query [7283]: # of matches found 44702 and it took: 108733ms
query [7284]: # of matches found 44956 and it took: 108564ms
query [7285]: # of matches found 45254 and it took: 108264ms
query [7286]: # of matches found 45818 and it took: 108245ms
query [7287]: # of matches found 45734 and it took: 108438ms
query [7288]: # of matches found 46174 and it took: 108453ms
query [7289]: # of matches found 46950 and it took: 108612ms
query [7290]: # of matches found 47349 and it took: 108599ms
query [7291]: # of matches found 47734 and it took: 108115ms
query [7292]: # of matches found 48150 and it took: 107345ms
query [7293]: # of matches found 48637 and it took: 108442ms
query [7294]: # of matches found 48752 and it took: 107761ms
query [7295]: # of matches found 48938 and it took: 107643ms
query [7296]: # of matches found 48926 and it took: 107337ms
query [7297]: # of matches found 48896 and it took: 107162ms
query [7298]: # of matches found 48957 and it took: 107334ms
query [7299]: # of matches found 48933 and it took: 107137ms
query [7300]: # of matches found 49009 and it took: 107350ms
query [7301]: # of matches found 49041 and it took: 107584ms
query [7302]: # of matches found 49062 and it took: 106797ms
query [7303]: # of matches found 49176 and it took: 107771ms
query [7304]: # of matches found 49358 and it took: 107506ms
query [7305]: # of matches found 49364 and it took: 107617ms
query [7306]: # of matches found 48915 and it took: 107928ms
query [7307]: # of matches found 47899 and it took: 107376ms
query [7308]: # of matches found 47344 and it took: 107092ms
query [7309]: # of matches found 46023 and it took: 107926ms
query [7310]: # of matches found 44358 and it took: 108141ms
query [7311]: # of matches found 42835 and it took: 108145ms
query [7312]: # of matches found 42325 and it took: 107296ms
query [7313]: # of matches found 42009 and it took: 108606ms
query [7314]: # of matches found 42096 and it took: 107930ms
query [7315]: # of matches found 42108 and it took: 108333ms
query [7316]: # of matches found 42122 and it took: 108330ms
query [7317]: # of matches found 41707 and it took: 107710ms
query [7318]: # of matches found 41640 and it took: 107641ms
query [7319]: # of matches found 41682 and it took: 108080ms
query [7320]: # of matches found 41649 and it took: 108630ms
query [7321]: # of matches found 41622 and it took: 108436ms
query [7322]: # of matches found 41471 and it took: 108106ms
query [7323]: # of matches found 41429 and it took: 109480ms
query [7324]: # of matches found 41313 and it took: 108738ms
query [7325]: # of matches found 41146 and it took: 109261ms
query [7326]: # of matches found 40970 and it took: 109083ms
query [7327]: # of matches found 40888 and it took: 109081ms
query [7328]: # of matches found 40945 and it took: 109245ms
query [7329]: # of matches found 40794 and it took: 109393ms
query [7330]: # of matches found 40727 and it took: 109688ms
query [7331]: # of matches found 40524 and it took: 109359ms
query [7332]: # of matches found 39967 and it took: 109356ms
query [7333]: # of matches found 39775 and it took: 109832ms
query [7334]: # of matches found 40102 and it took: 109581ms
query [7335]: # of matches found 39873 and it took: 109721ms
query [7336]: # of matches found 39698 and it took: 110274ms
query [7337]: # of matches found 39930 and it took: 110561ms
query [7338]: # of matches found 40146 and it took: 110581ms
query [7339]: # of matches found 40180 and it took: 110652ms
query [7340]: # of matches found 40905 and it took: 111352ms
query [7341]: # of matches found 41224 and it took: 111175ms
query [7342]: # of matches found 41093 and it took: 110581ms
query [7343]: # of matches found 40935 and it took: 111443ms
query [7344]: # of matches found 40912 and it took: 111240ms
query [7345]: # of matches found 40935 and it took: 111481ms
query [7346]: # of matches found 40826 and it took: 111825ms
query [7347]: # of matches found 40726 and it took: 111955ms
query [7348]: # of matches found 40980 and it took: 113172ms
query [7349]: # of matches found 41129 and it took: 111222ms
query [7350]: # of matches found 41152 and it took: 112548ms
query [7351]: # of matches found 41081 and it took: 112030ms
query [7352]: # of matches found 41356 and it took: 112084ms
query [7353]: # of matches found 41595 and it took: 112726ms
query [7354]: # of matches found 41633 and it took: 112535ms
query [7355]: # of matches found 41566 and it took: 111982ms
query [7356]: # of matches found 41579 and it took: 112269ms
query [7357]: # of matches found 41633 and it took: 112888ms
query [7358]: # of matches found 41603 and it took: 112445ms
query [7359]: # of matches found 41691 and it took: 112145ms
query [7360]: # of matches found 41674 and it took: 112599ms
query [7361]: # of matches found 41709 and it took: 112511ms
query [7362]: # of matches found 41650 and it took: 112370ms
query [7363]: # of matches found 41736 and it took: 112937ms
query [7364]: # of matches found 40963 and it took: 113219ms
query [7365]: # of matches found 40007 and it took: 113006ms
query [7366]: # of matches found 39408 and it took: 113357ms
query [7367]: # of matches found 39215 and it took: 113325ms
query [7368]: # of matches found 38936 and it took: 113300ms
query [7369]: # of matches found 38699 and it took: 113279ms
query [7370]: # of matches found 38839 and it took: 113718ms
query [7371]: # of matches found 38898 and it took: 113820ms
query [7372]: # of matches found 39182 and it took: 113889ms
query [7373]: # of matches found 39448 and it took: 114246ms
query [7374]: # of matches found 39462 and it took: 114275ms
query [7375]: # of matches found 39043 and it took: 113674ms
query [7376]: # of matches found 39107 and it took: 113648ms
query [7377]: # of matches found 39631 and it took: 113757ms
query [7378]: # of matches found 39563 and it took: 114020ms
query [7379]: # of matches found 39464 and it took: 114346ms
query [7380]: # of matches found 39180 and it took: 114440ms
query [7381]: # of matches found 39138 and it took: 114565ms
query [7382]: # of matches found 39211 and it took: 114087ms
query [7383]: # of matches found 39149 and it took: 114399ms
query [7384]: # of matches found 39078 and it took: 114618ms
query [7385]: # of matches found 38970 and it took: 113940ms
query [7386]: # of matches found 38977 and it took: 114528ms
query [7387]: # of matches found 39028 and it took: 114196ms
query [7388]: # of matches found 38973 and it took: 114012ms
query [7389]: # of matches found 38418 and it took: 113566ms
query [7390]: # of matches found 38480 and it took: 113768ms
query [7391]: # of matches found 38477 and it took: 113242ms
query [7392]: # of matches found 38050 and it took: 113016ms
query [7393]: # of matches found 38124 and it took: 113745ms
query [7394]: # of matches found 38469 and it took: 113797ms
query [7395]: # of matches found 38642 and it took: 112863ms
query [7396]: # of matches found 38927 and it took: 113339ms
query [7397]: # of matches found 39301 and it took: 112954ms
query [7398]: # of matches found 39477 and it took: 112653ms
query [7399]: # of matches found 39489 and it took: 112369ms
query [7400]: # of matches found 39208 and it took: 112449ms
query [7401]: # of matches found 39251 and it took: 112922ms
query [7402]: # of matches found 39217 and it took: 113963ms
query [7403]: # of matches found 39399 and it took: 114526ms
query [7404]: # of matches found 39464 and it took: 114684ms
query [7405]: # of matches found 39589 and it took: 112732ms
query [7406]: # of matches found 39520 and it took: 113826ms
query [7407]: # of matches found 39198 and it took: 112837ms
query [7408]: # of matches found 39297 and it took: 112949ms
query [7409]: # of matches found 39094 and it took: 114802ms
query [7410]: # of matches found 39024 and it took: 114048ms
query [7411]: # of matches found 39071 and it took: 114490ms
query [7412]: # of matches found 39037 and it took: 114464ms
query [7413]: # of matches found 38862 and it took: 114531ms
query [7414]: # of matches found 38510 and it took: 115069ms
query [7415]: # of matches found 37781 and it took: 112786ms
query [7416]: # of matches found 36636 and it took: 114071ms
query [7417]: # of matches found 35705 and it took: 113657ms
query [7418]: # of matches found 35566 and it took: 112942ms
query [7419]: # of matches found 35322 and it took: 113359ms
query [7420]: # of matches found 35280 and it took: 113436ms
query [7421]: # of matches found 35231 and it took: 113189ms
query [7422]: # of matches found 35834 and it took: 112753ms
query [7423]: # of matches found 35792 and it took: 112695ms
query [7424]: # of matches found 35623 and it took: 113795ms
query [7425]: # of matches found 35712 and it took: 112433ms
query [7426]: # of matches found 35247 and it took: 112791ms
query [7427]: # of matches found 35183 and it took: 113421ms
query [7428]: # of matches found 34884 and it took: 112706ms
query [7429]: # of matches found 34052 and it took: 113108ms
query [7430]: # of matches found 33595 and it took: 113452ms
query [7431]: # of matches found 32876 and it took: 112978ms
query [7432]: # of matches found 32252 and it took: 113383ms
query [7433]: # of matches found 31678 and it took: 113837ms
query [7434]: # of matches found 31413 and it took: 114087ms
query [7435]: # of matches found 31081 and it took: 113402ms
query [7436]: # of matches found 30866 and it took: 113370ms
query [7437]: # of matches found 30839 and it took: 113259ms
query [7438]: # of matches found 30862 and it took: 113328ms
query [7439]: # of matches found 30899 and it took: 113552ms
query [7440]: # of matches found 30808 and it took: 113312ms
query [7441]: # of matches found 30781 and it took: 113113ms
query [7442]: # of matches found 30716 and it took: 113361ms
query [7443]: # of matches found 30807 and it took: 114384ms
query [7444]: # of matches found 30556 and it took: 114288ms
query [7445]: # of matches found 30645 and it took: 113423ms
query [7446]: # of matches found 30467 and it took: 113961ms
query [7447]: # of matches found 30419 and it took: 113185ms
query [7448]: # of matches found 30499 and it took: 113202ms
query [7449]: # of matches found 30806 and it took: 113775ms
query [7450]: # of matches found 31141 and it took: 113106ms
query [7451]: # of matches found 31268 and it took: 113273ms
query [7452]: # of matches found 31376 and it took: 113770ms
query [7453]: # of matches found 32148 and it took: 113380ms
query [7454]: # of matches found 32277 and it took: 113284ms
query [7455]: # of matches found 33126 and it took: 113086ms
query [7456]: # of matches found 33200 and it took: 112935ms
query [7457]: # of matches found 33202 and it took: 112513ms
query [7458]: # of matches found 33247 and it took: 112497ms
query [7459]: # of matches found 33170 and it took: 112852ms
query [7460]: # of matches found 33152 and it took: 112610ms
query [7461]: # of matches found 33392 and it took: 111934ms
query [7462]: # of matches found 33415 and it took: 113025ms
query [7463]: # of matches found 33449 and it took: 113116ms
query [7464]: # of matches found 33497 and it took: 113077ms
query [7465]: # of matches found 33541 and it took: 112560ms
query [7466]: # of matches found 35952 and it took: 113219ms
query [7467]: # of matches found 36092 and it took: 112854ms
query [7468]: # of matches found 36362 and it took: 112737ms
query [7469]: # of matches found 36660 and it took: 112445ms
query [7470]: # of matches found 37006 and it took: 112357ms
query [7471]: # of matches found 37404 and it took: 112192ms
query [7472]: # of matches found 37466 and it took: 112879ms
query [7473]: # of matches found 37346 and it took: 112307ms
query [7474]: # of matches found 36930 and it took: 112250ms
query [7475]: # of matches found 36944 and it took: 112616ms
query [7476]: # of matches found 37236 and it took: 112859ms
query [7477]: # of matches found 36799 and it took: 112497ms
query [7478]: # of matches found 37013 and it took: 112211ms
query [7479]: # of matches found 36912 and it took: 112774ms
query [7480]: # of matches found 36249 and it took: 112142ms
query [7481]: # of matches found 36052 and it took: 111155ms
query [7482]: # of matches found 35837 and it took: 112862ms
query [7483]: # of matches found 35897 and it took: 111679ms
query [7484]: # of matches found 35918 and it took: 112090ms
query [7485]: # of matches found 35880 and it took: 112223ms
query [7486]: # of matches found 35852 and it took: 112106ms
query [7487]: # of matches found 35826 and it took: 111916ms
query [7488]: # of matches found 35606 and it took: 111542ms
query [7489]: # of matches found 35700 and it took: 112037ms
query [7490]: # of matches found 35697 and it took: 111944ms
query [7491]: # of matches found 35688 and it took: 111925ms
query [7492]: # of matches found 35438 and it took: 112345ms
query [7493]: # of matches found 35404 and it took: 111270ms
query [7494]: # of matches found 35460 and it took: 111587ms
query [7495]: # of matches found 35653 and it took: 112239ms
query [7496]: # of matches found 35667 and it took: 111447ms
query [7497]: # of matches found 35737 and it took: 111782ms
query [7498]: # of matches found 35775 and it took: 111634ms
query [7499]: # of matches found 35865 and it took: 111892ms
query [7500]: # of matches found 35956 and it took: 112109ms
query [7501]: # of matches found 36095 and it took: 111176ms
query [7502]: # of matches found 35861 and it took: 112432ms
query [7503]: # of matches found 35703 and it took: 111577ms
query [7504]: # of matches found 35424 and it took: 112166ms
query [7505]: # of matches found 35511 and it took: 112437ms
query [7506]: # of matches found 35473 and it took: 112200ms
query [7507]: # of matches found 35590 and it took: 112567ms
query [7508]: # of matches found 35660 and it took: 111801ms
query [7509]: # of matches found 35754 and it took: 112582ms
query [7510]: # of matches found 35632 and it took: 112763ms
query [7511]: # of matches found 36060 and it took: 111455ms
query [7512]: # of matches found 36055 and it took: 112302ms
query [7513]: # of matches found 35825 and it took: 112337ms
query [7514]: # of matches found 36195 and it took: 112148ms
query [7515]: # of matches found 36159 and it took: 112850ms
query [7516]: # of matches found 36159 and it took: 112119ms
query [7517]: # of matches found 35580 and it took: 111941ms
query [7518]: # of matches found 35604 and it took: 111909ms
query [7519]: # of matches found 35874 and it took: 112334ms
query [7520]: # of matches found 36067 and it took: 113388ms
query [7521]: # of matches found 36206 and it took: 111692ms
query [7522]: # of matches found 36454 and it took: 112800ms
query [7523]: # of matches found 37475 and it took: 112111ms
query [7524]: # of matches found 37813 and it took: 112012ms
query [7525]: # of matches found 37883 and it took: 112195ms
query [7526]: # of matches found 38032 and it took: 112056ms
query [7527]: # of matches found 38073 and it took: 111945ms
query [7528]: # of matches found 38038 and it took: 111666ms
query [7529]: # of matches found 38258 and it took: 112171ms
query [7530]: # of matches found 38407 and it took: 112488ms
query [7531]: # of matches found 38313 and it took: 111483ms
