no kmerRangesFileAddressArg!
no otherToolArg!
**********************CONFIGURATIONS*****************************
PARMIK mode:                  3
readDatabaseAddress:          /p/lava/parmik/partialMatcherProject/datasets/metagenomicDB/SRR12432009/SRR12432009_reads
readFileName:                 SRR12432009_reads
queryFileAddress:             /p/lava/parmik/partialMatcherProject/datasets/queryFiles/covidQueryFiles/NC_045512_chunks/NC_045512_queries_6000-6999
queryFileName:                NC_045512_queries_6000-6999
otherToolOutputFileAddress:   /u/rgq5aw/GIT/PARMIK/partialMatcherProject/tools/blast/SRR12432009/NC_045512/blastn_ws30_results.out
outputDir:                    /p/lava/parmik/partialMatcherProject/tools/baseline_ssw/SRR12432009/NC_045512
penaltyFileAddress:           /u/rgq5aw/GIT/PARMIK/experiments/parmik/CK_SSW_ID_PRCNTG/PenaltySets/2484_1111_2444_2288_2848
kmerRangesFileAddress:        
readsCount:                   17000000
queryCount:                   30000
kmerLength:                   11
regionSize:                   48
cheapKmerThreshold:           0
identityPercentage:           0.85
minExactMatchLen:             0
minNumExactMatchKmer:         0
isIndexOffline:               1
offlineIndexAddress:          /p/lava/parmik/partialMatcherProject/tools/parmik/CK_INDEX/SRR12432009/
max editDistance in min region: 2
**********************CONFIGURATIONS*****************************
--------------Penalties--------------
m: 2, s: 4, go: 8, ge: 4
m: 1, s: 1, go: 1, ge: 1
m: 2, s: 4, go: 4, ge: 4
m: 2, s: 2, go: 8, ge: 8
m: 2, s: 8, go: 4, ge: 8
------------------------------------
numberOfReadsWithN : 0
queryCount : 1000
numberOfReadsWithN : 0
readCount : 16344647
offlineCheapIndexAddress: /p/lava/parmik/partialMatcherProject/tools/parmik/CK_INDEX/SRR12432009/ck_T0_K11_r17000000
pmrkAlignmentsAddress: /p/lava/parmik/partialMatcherProject/tools/baseline_ssw/SRR12432009/NC_045512/aln/pmAln_R48_PI85_L0_M0_E2_K11_T0_P_2484_1111_2444_2288_2848.txt
Starting alignment for all queries [fwd]...
queryBaseIndex: 6000
query [6000]: # of matches found 33231 and it took: 59310.7ms
query [6001]: # of matches found 33310 and it took: 59660.7ms
query [6002]: # of matches found 33324 and it took: 59325.8ms
query [6003]: # of matches found 33430 and it took: 59434.5ms
query [6004]: # of matches found 33142 and it took: 60972.8ms
query [6005]: # of matches found 33145 and it took: 59887.4ms
query [6006]: # of matches found 33139 and it took: 59806.2ms
query [6007]: # of matches found 33166 and it took: 59743ms
query [6008]: # of matches found 33182 and it took: 59726.1ms
query [6009]: # of matches found 32947 and it took: 60056ms
query [6010]: # of matches found 32719 and it took: 60144ms
query [6011]: # of matches found 32323 and it took: 61870.2ms
query [6012]: # of matches found 31842 and it took: 61938.6ms
query [6013]: # of matches found 31809 and it took: 61531.6ms
query [6014]: # of matches found 31951 and it took: 61552.6ms
query [6015]: # of matches found 31946 and it took: 61294.6ms
query [6016]: # of matches found 32469 and it took: 61724.1ms
