no kmerRangesFileAddressArg!
no otherToolArg!
**********************CONFIGURATIONS*****************************
PARMIK mode:                  3
readDatabaseAddress:          /p/lava/parmik/partialMatcherProject/datasets/metagenomicDB/SRR12432009/SRR12432009_reads
readFileName:                 SRR12432009_reads
queryFileAddress:             /p/lava/parmik/partialMatcherProject/datasets/queryFiles/covidQueryFiles/NC_045512_chunks/NC_045512_queries_7000-7999
queryFileName:                NC_045512_queries_7000-7999
otherToolOutputFileAddress:   /u/rgq5aw/GIT/PARMIK/partialMatcherProject/tools/blast/SRR12432009/NC_045512/blastn_ws30_results.out
outputDir:                    /p/lava/parmik/partialMatcherProject/tools/baseline_ssw/SRR12432009/NC_045512
penaltyFileAddress:           /u/rgq5aw/GIT/PARMIK/experiments/parmik/CK_SSW_ID_PRCNTG/PenaltySets/2484_1111_2444_2288_2848
kmerRangesFileAddress:        
readsCount:                   17000000
queryCount:                   30000
kmerLength:                   11
regionSize:                   48
cheapKmerThreshold:           0
identityPercentage:           0.95
minExactMatchLen:             0
regionKmers: 4, exactMatchSize: 46, editDistance: 2
minNumExactMatchKmer:         6
isIndexOffline:               1
offlineIndexAddress:          /p/lava/parmik/partialMatcherProject/tools/parmik/CK_INDEX/SRR12432009/
max editDistance in min region: 2
**********************CONFIGURATIONS*****************************
--------------Penalties--------------
m: 2, s: 4, go: 8, ge: 4
m: 1, s: 1, go: 1, ge: 1
m: 2, s: 4, go: 4, ge: 4
m: 2, s: 2, go: 8, ge: 8
m: 2, s: 8, go: 4, ge: 8
------------------------------------
numberOfReadsWithN : 0
queryCount : 1000
numberOfReadsWithN : 0
readCount : 16344647
offlineCheapIndexAddress: /p/lava/parmik/partialMatcherProject/tools/parmik/CK_INDEX/SRR12432009/ck_T0_K11_r17000000
pmrkAlignmentsAddress: /p/lava/parmik/partialMatcherProject/tools/baseline_ssw/SRR12432009/NC_045512/aln/pmAln_R48_PI95_L0_M6_E2_K11_T0_P_2484_1111_2444_2288_2848.txt
Starting alignment for all queries [fwd]...
queryBaseIndex: 7000
query [0]: # of matches found 21691 and it took: 43697.3ms
query [1]: # of matches found 21680 and it took: 42943.4ms
query [2]: # of matches found 21599 and it took: 42652ms
query [3]: # of matches found 22610 and it took: 42898.7ms
query [4]: # of matches found 22556 and it took: 43148.3ms
query [5]: # of matches found 22463 and it took: 43256.7ms
query [6]: # of matches found 23310 and it took: 43271.2ms
query [7]: # of matches found 24949 and it took: 43206ms
query [8]: # of matches found 24768 and it took: 43452.9ms
query [9]: # of matches found 24738 and it took: 43003.7ms
query [10]: # of matches found 24738 and it took: 43077.5ms
query [11]: # of matches found 24815 and it took: 43093.3ms
query [12]: # of matches found 24646 and it took: 42981.3ms
query [13]: # of matches found 22446 and it took: 42949.3ms
query [14]: # of matches found 22424 and it took: 43265.3ms
query [15]: # of matches found 22346 and it took: 43165.4ms
query [16]: # of matches found 22243 and it took: 43535.8ms
query [17]: # of matches found 22147 and it took: 43274ms
query [18]: # of matches found 21579 and it took: 43440.1ms
query [19]: # of matches found 21028 and it took: 43285.7ms
query [20]: # of matches found 20859 and it took: 43530.7ms
query [21]: # of matches found 20819 and it took: 43601.2ms
query [22]: # of matches found 20790 and it took: 43152.4ms
query [23]: # of matches found 20789 and it took: 43187.7ms
query [24]: # of matches found 20762 and it took: 43413.9ms
query [25]: # of matches found 20704 and it took: 43194.4ms
query [26]: # of matches found 20766 and it took: 43274.6ms
query [27]: # of matches found 20677 and it took: 43279.6ms
query [28]: # of matches found 20856 and it took: 43366.9ms
query [29]: # of matches found 20948 and it took: 43217.5ms
query [30]: # of matches found 21171 and it took: 43593.1ms
query [31]: # of matches found 21359 and it took: 43575.4ms
query [32]: # of matches found 21388 and it took: 43200.3ms
query [33]: # of matches found 21565 and it took: 43113.3ms
query [34]: # of matches found 21554 and it took: 43113ms
query [35]: # of matches found 21591 and it took: 43220ms
query [36]: # of matches found 21657 and it took: 43078.3ms
query [37]: # of matches found 21531 and it took: 42745.8ms
query [38]: # of matches found 21610 and it took: 42894.9ms
