no kmerRangesFileAddressArg!
no otherToolArg!
**********************CONFIGURATIONS*****************************
PARMIK mode:                  3
readDatabaseAddress:          /p/lava/parmik/partialMatcherProject/datasets/metagenomicDB/SRR12432009/SRR12432009_reads
readFileName:                 SRR12432009_reads
queryFileAddress:             /p/lava/parmik/partialMatcherProject/datasets/queryFiles/covidQueryFiles/NC_045512_chunks/NC_045512_queries_0-999
queryFileName:                NC_045512_queries_0-999
otherToolOutputFileAddress:   /u/rgq5aw/GIT/PARMIK/partialMatcherProject/tools/blast/SRR12432009/NC_045512/blastn_ws30_results.out
outputDir:                    /p/lava/parmik/partialMatcherProject/tools/baseline_ssw/SRR12432009/NC_045512
penaltyFileAddress:           /u/rgq5aw/GIT/PARMIK/experiments/parmik/CK_SSW_ID_PRCNTG/PenaltySets/2484_1111_2444_2288_2848
kmerRangesFileAddress:        
readsCount:                   17000000
queryCount:                   30000
kmerLength:                   11
regionSize:                   48
cheapKmerThreshold:           0
identityPercentage:           0.95
minExactMatchLen:             0
regionKmers: 4, exactMatchSize: 46, editDistance: 2
minNumExactMatchKmer:         6
isIndexOffline:               1
offlineIndexAddress:          /p/lava/parmik/partialMatcherProject/tools/parmik/CK_INDEX/SRR12432009/
max editDistance in min region: 2
**********************CONFIGURATIONS*****************************
--------------Penalties--------------
m: 2, s: 4, go: 8, ge: 4
m: 1, s: 1, go: 1, ge: 1
m: 2, s: 4, go: 4, ge: 4
m: 2, s: 2, go: 8, ge: 8
m: 2, s: 8, go: 4, ge: 8
------------------------------------
numberOfReadsWithN : 0
queryCount : 1000
numberOfReadsWithN : 0
readCount : 16344647
offlineCheapIndexAddress: /p/lava/parmik/partialMatcherProject/tools/parmik/CK_INDEX/SRR12432009/ck_T0_K11_r17000000
pmrkAlignmentsAddress: /p/lava/parmik/partialMatcherProject/tools/baseline_ssw/SRR12432009/NC_045512/aln/pmAln_R48_PI95_L0_M6_E2_K11_T0_P_2484_1111_2444_2288_2848.txt
Starting alignment for all queries [fwd]...
query [0]: # of matches found 24205 and it took: 70700.5ms
query [1]: # of matches found 24020 and it took: 70140ms
query [2]: # of matches found 23658 and it took: 70212.3ms
query [3]: # of matches found 23576 and it took: 70185.7ms
query [4]: # of matches found 23595 and it took: 70527.2ms
query [5]: # of matches found 23513 and it took: 70429.6ms
query [6]: # of matches found 23575 and it took: 70660.3ms
query [7]: # of matches found 23142 and it took: 71082.2ms
query [8]: # of matches found 23158 and it took: 70705.7ms
query [9]: # of matches found 23149 and it took: 70625.6ms
query [10]: # of matches found 23105 and it took: 71230.4ms
query [11]: # of matches found 23120 and it took: 71035.9ms
query [12]: # of matches found 23118 and it took: 70516.8ms
query [13]: # of matches found 23120 and it took: 70610.8ms
query [14]: # of matches found 23007 and it took: 71357ms
query [15]: # of matches found 22905 and it took: 71106.7ms
query [16]: # of matches found 23106 and it took: 71663.5ms
query [17]: # of matches found 23072 and it took: 71924.4ms
query [18]: # of matches found 22992 and it took: 72244.9ms
query [19]: # of matches found 22928 and it took: 72160ms
query [20]: # of matches found 22915 and it took: 71878.3ms
query [21]: # of matches found 22831 and it took: 71796ms
query [22]: # of matches found 22695 and it took: 72076.4ms
query [23]: # of matches found 22710 and it took: 71369.2ms
query [24]: # of matches found 22750 and it took: 71379.1ms
query [25]: # of matches found 22411 and it took: 71391.9ms
query [26]: # of matches found 21936 and it took: 71743.4ms
query [27]: # of matches found 21659 and it took: 71744.1ms
query [28]: # of matches found 21168 and it took: 72028.3ms
query [29]: # of matches found 20810 and it took: 72133.5ms
query [30]: # of matches found 21094 and it took: 71690ms
query [31]: # of matches found 21095 and it took: 72330.4ms
query [32]: # of matches found 21056 and it took: 71909.2ms
query [33]: # of matches found 21034 and it took: 72060.2ms
query [34]: # of matches found 21023 and it took: 72978.1ms
query [35]: # of matches found 21153 and it took: 72618.9ms
query [36]: # of matches found 21112 and it took: 72752.6ms
query [37]: # of matches found 20791 and it took: 72433.9ms
query [38]: # of matches found 21104 and it took: 72542.8ms
query [39]: # of matches found 22521 and it took: 73007.4ms
query [40]: # of matches found 22748 and it took: 72671.9ms
query [41]: # of matches found 22847 and it took: 72901.5ms
query [42]: # of matches found 22939 and it took: 73098ms
query [43]: # of matches found 22998 and it took: 73104.6ms
query [44]: # of matches found 23008 and it took: 73295.2ms
query [45]: # of matches found 23163 and it took: 73404.2ms
query [46]: # of matches found 23342 and it took: 73703.4ms
query [47]: # of matches found 23316 and it took: 73762.4ms
query [48]: # of matches found 23276 and it took: 73666.4ms
query [49]: # of matches found 23437 and it took: 73918.6ms
query [50]: # of matches found 23425 and it took: 73825.2ms
query [51]: # of matches found 23253 and it took: 74323ms
query [52]: # of matches found 22162 and it took: 73926.5ms
query [53]: # of matches found 21922 and it took: 74207.7ms
query [54]: # of matches found 21858 and it took: 74685.7ms
query [55]: # of matches found 21847 and it took: 74535.6ms
query [56]: # of matches found 21787 and it took: 74335.2ms
query [57]: # of matches found 21831 and it took: 74351.5ms
query [58]: # of matches found 22031 and it took: 74949.7ms
query [59]: # of matches found 21930 and it took: 75054.2ms
query [60]: # of matches found 21942 and it took: 74873.6ms
query [61]: # of matches found 22002 and it took: 75614.1ms
query [62]: # of matches found 22288 and it took: 74644.7ms
query [63]: # of matches found 22356 and it took: 75376.9ms
query [64]: # of matches found 22489 and it took: 75568ms
query [65]: # of matches found 22295 and it took: 75462.7ms
query [66]: # of matches found 22253 and it took: 75515.5ms
query [67]: # of matches found 22348 and it took: 75336.2ms
query [68]: # of matches found 23275 and it took: 76118.2ms
query [69]: # of matches found 23329 and it took: 76166.9ms
query [70]: # of matches found 23370 and it took: 75841.7ms
query [71]: # of matches found 23408 and it took: 76552.1ms
query [72]: # of matches found 23418 and it took: 76541.8ms
query [73]: # of matches found 23390 and it took: 76067.4ms
query [74]: # of matches found 23293 and it took: 76999.1ms
query [75]: # of matches found 23069 and it took: 77122.2ms
query [76]: # of matches found 23071 and it took: 77207.3ms
query [77]: # of matches found 22988 and it took: 76985.5ms
query [78]: # of matches found 23131 and it took: 77436.5ms
query [79]: # of matches found 23705 and it took: 76958.9ms
query [80]: # of matches found 23821 and it took: 77235.9ms
query [81]: # of matches found 24214 and it took: 77359.8ms
query [82]: # of matches found 24311 and it took: 77098.2ms
query [83]: # of matches found 23839 and it took: 77377.2ms
query [84]: # of matches found 23722 and it took: 76852.8ms
query [85]: # of matches found 23239 and it took: 76725.6ms
query [86]: # of matches found 23036 and it took: 76799.6ms
query [87]: # of matches found 22911 and it took: 77212.4ms
