no kmerRangesFileAddressArg!
no otherToolArg!
**********************CONFIGURATIONS*****************************
PARMIK mode:                  3
readDatabaseAddress:          /p/lava/parmik/partialMatcherProject/datasets/metagenomicDB/SRR12432009/SRR12432009_reads
readFileName:                 SRR12432009_reads
queryFileAddress:             /p/lava/parmik/partialMatcherProject/datasets/queryFiles/covidQueryFiles/NC_045512_chunks/NC_045512_queries_3000-3999
queryFileName:                NC_045512_queries_3000-3999
otherToolOutputFileAddress:   /u/rgq5aw/GIT/PARMIK/partialMatcherProject/tools/blast/SRR12432009/NC_045512/blastn_ws30_results.out
outputDir:                    /p/lava/parmik/partialMatcherProject/tools/baseline_ssw/SRR12432009/NC_045512
penaltyFileAddress:           /u/rgq5aw/GIT/PARMIK/experiments/parmik/CK_SSW_ID_PRCNTG/PenaltySets/2484_1111_2444_2288_2848
kmerRangesFileAddress:        
readsCount:                   17000000
queryCount:                   30000
kmerLength:                   11
regionSize:                   48
cheapKmerThreshold:           0
identityPercentage:           0.95
minExactMatchLen:             0
regionKmers: 4, exactMatchSize: 46, editDistance: 2
minNumExactMatchKmer:         6
isIndexOffline:               1
offlineIndexAddress:          /p/lava/parmik/partialMatcherProject/tools/parmik/CK_INDEX/SRR12432009/
max editDistance in min region: 2
**********************CONFIGURATIONS*****************************
--------------Penalties--------------
m: 2, s: 4, go: 8, ge: 4
m: 1, s: 1, go: 1, ge: 1
m: 2, s: 4, go: 4, ge: 4
m: 2, s: 2, go: 8, ge: 8
m: 2, s: 8, go: 4, ge: 8
------------------------------------
numberOfReadsWithN : 0
queryCount : 1000
numberOfReadsWithN : 0
readCount : 16344647
offlineCheapIndexAddress: /p/lava/parmik/partialMatcherProject/tools/parmik/CK_INDEX/SRR12432009/ck_T0_K11_r17000000
pmrkAlignmentsAddress: /p/lava/parmik/partialMatcherProject/tools/baseline_ssw/SRR12432009/NC_045512/aln/pmAln_R48_PI95_L0_M6_E2_K11_T0_P_2484_1111_2444_2288_2848.txt
Starting alignment for all queries [fwd]...
queryBaseIndex: 3000
query [0]: # of matches found 48882 and it took: 60724.2ms
query [1]: # of matches found 48916 and it took: 60148.9ms
query [2]: # of matches found 49030 and it took: 61820.6ms
query [3]: # of matches found 49095 and it took: 61233.5ms
query [4]: # of matches found 49346 and it took: 59668ms
query [5]: # of matches found 49352 and it took: 63125ms
query [6]: # of matches found 49562 and it took: 60655.1ms
query [7]: # of matches found 49566 and it took: 61012.3ms
query [8]: # of matches found 49428 and it took: 61771.4ms
query [9]: # of matches found 49341 and it took: 60574.8ms
query [10]: # of matches found 49563 and it took: 61026.5ms
query [11]: # of matches found 49551 and it took: 62889.1ms
query [12]: # of matches found 49175 and it took: 60765.6ms
query [13]: # of matches found 49264 and it took: 61017.3ms
query [14]: # of matches found 49451 and it took: 62082.7ms
query [15]: # of matches found 49543 and it took: 61764ms
query [16]: # of matches found 49598 and it took: 61063.3ms
query [17]: # of matches found 49793 and it took: 62204.5ms
query [18]: # of matches found 49143 and it took: 62165.1ms
query [19]: # of matches found 46555 and it took: 60511.5ms
query [20]: # of matches found 46783 and it took: 63227.8ms
query [21]: # of matches found 46870 and it took: 61629.2ms
query [22]: # of matches found 47079 and it took: 62133.7ms
query [23]: # of matches found 47169 and it took: 62635.6ms
query [24]: # of matches found 47334 and it took: 61607.7ms
query [25]: # of matches found 47710 and it took: 62977.1ms
query [26]: # of matches found 48058 and it took: 62196ms
query [27]: # of matches found 48044 and it took: 61349.6ms
query [28]: # of matches found 47976 and it took: 62339.8ms
query [29]: # of matches found 48216 and it took: 61569.9ms
query [30]: # of matches found 48454 and it took: 62289.8ms
query [31]: # of matches found 48781 and it took: 61791.1ms
query [32]: # of matches found 48821 and it took: 61918.5ms
query [33]: # of matches found 49056 and it took: 61348.3ms
query [34]: # of matches found 49456 and it took: 65468ms
query [35]: # of matches found 49826 and it took: 61633.2ms
query [36]: # of matches found 54540 and it took: 62054.7ms
query [37]: # of matches found 55005 and it took: 63481.8ms
query [38]: # of matches found 55183 and it took: 61738.5ms
query [39]: # of matches found 55255 and it took: 62119.3ms
query [40]: # of matches found 55481 and it took: 64518.6ms
query [41]: # of matches found 55733 and it took: 61713.3ms
query [42]: # of matches found 56043 and it took: 61970ms
query [43]: # of matches found 56363 and it took: 63980.9ms
query [44]: # of matches found 56617 and it took: 62171.3ms
