no kmerRangesFileAddressArg!
no otherToolArg!
**********************CONFIGURATIONS*****************************
PARMIK mode:                  3
readDatabaseAddress:          /p/lava/parmik/partialMatcherProject/datasets/metagenomicDB/SRR12432009/SRR12432009_reads
readFileName:                 SRR12432009_reads
queryFileAddress:             /p/lava/parmik/partialMatcherProject/datasets/queryFiles/covidQueryFiles/NC_045512_chunks/NC_045512_queries_1000-1999
queryFileName:                NC_045512_queries_1000-1999
otherToolOutputFileAddress:   /u/rgq5aw/GIT/PARMIK/partialMatcherProject/tools/blast/SRR12432009/NC_045512/blastn_ws30_results.out
outputDir:                    /p/lava/parmik/partialMatcherProject/tools/baseline_ssw/SRR12432009/NC_045512
penaltyFileAddress:           /u/rgq5aw/GIT/PARMIK/experiments/parmik/CK_SSW_ID_PRCNTG/PenaltySets/2484_1111_2444_2288_2848
kmerRangesFileAddress:        
readsCount:                   17000000
queryCount:                   30000
kmerLength:                   11
regionSize:                   48
cheapKmerThreshold:           0
identityPercentage:           0.95
minExactMatchLen:             0
regionKmers: 4, exactMatchSize: 46, editDistance: 2
minNumExactMatchKmer:         6
isIndexOffline:               1
offlineIndexAddress:          /p/lava/parmik/partialMatcherProject/tools/parmik/CK_INDEX/SRR12432009/
max editDistance in min region: 2
**********************CONFIGURATIONS*****************************
--------------Penalties--------------
m: 2, s: 4, go: 8, ge: 4
m: 1, s: 1, go: 1, ge: 1
m: 2, s: 4, go: 4, ge: 4
m: 2, s: 2, go: 8, ge: 8
m: 2, s: 8, go: 4, ge: 8
------------------------------------
numberOfReadsWithN : 0
queryCount : 1000
numberOfReadsWithN : 0
readCount : 16344647
offlineCheapIndexAddress: /p/lava/parmik/partialMatcherProject/tools/parmik/CK_INDEX/SRR12432009/ck_T0_K11_r17000000
pmrkAlignmentsAddress: /p/lava/parmik/partialMatcherProject/tools/baseline_ssw/SRR12432009/NC_045512/aln/pmAln_R48_PI95_L0_M6_E2_K11_T0_P_2484_1111_2444_2288_2848.txt
Starting alignment for all queries [fwd]...
queryBaseIndex: 1000
query [0]: # of matches found 51015 and it took: 64554.4ms
query [1]: # of matches found 51509 and it took: 64678.4ms
query [2]: # of matches found 51618 and it took: 65173.3ms
query [3]: # of matches found 51889 and it took: 65973.3ms
query [4]: # of matches found 51747 and it took: 66196.4ms
query [5]: # of matches found 51785 and it took: 66499.4ms
query [6]: # of matches found 51984 and it took: 66605.9ms
query [7]: # of matches found 52048 and it took: 66713.8ms
query [8]: # of matches found 52069 and it took: 66004.5ms
query [9]: # of matches found 52078 and it took: 67064ms
query [10]: # of matches found 51973 and it took: 66994.9ms
query [11]: # of matches found 52021 and it took: 67395.8ms
query [12]: # of matches found 52238 and it took: 67755.2ms
query [13]: # of matches found 52558 and it took: 67818.8ms
query [14]: # of matches found 52348 and it took: 68030.4ms
query [15]: # of matches found 52430 and it took: 68185.3ms
query [16]: # of matches found 53218 and it took: 68000.3ms
query [17]: # of matches found 53368 and it took: 67983.5ms
query [18]: # of matches found 53327 and it took: 67657.6ms
query [19]: # of matches found 53274 and it took: 68197.6ms
query [20]: # of matches found 53344 and it took: 67180.5ms
query [21]: # of matches found 53302 and it took: 67850ms
query [22]: # of matches found 53195 and it took: 68368.9ms
query [23]: # of matches found 52500 and it took: 68982.6ms
query [24]: # of matches found 51728 and it took: 69273.5ms
query [25]: # of matches found 51578 and it took: 69544.2ms
query [26]: # of matches found 48218 and it took: 69643.9ms
query [27]: # of matches found 49047 and it took: 69626.1ms
query [28]: # of matches found 48466 and it took: 69586ms
query [29]: # of matches found 48014 and it took: 69959.7ms
query [30]: # of matches found 47276 and it took: 68017.8ms
query [31]: # of matches found 46936 and it took: 68990ms
query [32]: # of matches found 46764 and it took: 70300.8ms
query [33]: # of matches found 46673 and it took: 70563.8ms
query [34]: # of matches found 46700 and it took: 70477ms
query [35]: # of matches found 45872 and it took: 70318ms
query [36]: # of matches found 45925 and it took: 70385.3ms
query [37]: # of matches found 45811 and it took: 69985.8ms
query [38]: # of matches found 45810 and it took: 69985.6ms
query [39]: # of matches found 46081 and it took: 70332.6ms
query [40]: # of matches found 45904 and it took: 68335.4ms
query [41]: # of matches found 45687 and it took: 69739.6ms
query [42]: # of matches found 45474 and it took: 69959.5ms
query [43]: # of matches found 45567 and it took: 70262.8ms
query [44]: # of matches found 44826 and it took: 69973.9ms
query [45]: # of matches found 44679 and it took: 70144.4ms
query [46]: # of matches found 42888 and it took: 70459.4ms
