no kmerRangesFileAddressArg!
no otherToolArg!
**********************CONFIGURATIONS*****************************
PARMIK mode:                  3
readDatabaseAddress:          /p/lava/parmik/partialMatcherProject/datasets/metagenomicDB/SRR12432009/SRR12432009_reads
readFileName:                 SRR12432009_reads
queryFileAddress:             /p/lava/parmik/partialMatcherProject/datasets/queryFiles/covidQueryFiles/NC_045512_queries_0_10
queryFileName:                NC_045512_queries_0_10
otherToolOutputFileAddress:   /u/rgq5aw/GIT/PARMIK/partialMatcherProject/tools/blast/SRR12432009/NC_045512/blastn_ws30_results.out
outputDir:                    /p/lava/parmik/partialMatcherProject/tools/baseline_ssw/SRR12432009/NC_045512
penaltyFileAddress:           /u/rgq5aw/GIT/PARMIK/experiments/parmik/CK_SSW_ID_PRCNTG/PenaltySets/2484_1111_2444_2288_2848
kmerRangesFileAddress:        
readsCount:                   17000000
queryCount:                   30000
kmerLength:                   11
regionSize:                   48
cheapKmerThreshold:           0
identityPercentage:           0.95
minExactMatchLen:             0
regionKmers: 4, exactMatchSize: 46, editDistance: 2
minNumExactMatchKmer:         6
isIndexOffline:               1
offlineIndexAddress:          /p/lava/parmik/partialMatcherProject/tools/parmik/CK_INDEX/SRR12432009/
max editDistance in min region: 2
**********************CONFIGURATIONS*****************************
--------------Penalties--------------
m: 2, s: 4, go: 8, ge: 4
m: 1, s: 1, go: 1, ge: 1
m: 2, s: 4, go: 4, ge: 4
m: 2, s: 2, go: 8, ge: 8
m: 2, s: 8, go: 4, ge: 8
------------------------------------
numberOfReadsWithN : 0
queryCount : 10
numberOfReadsWithN : 0
readCount : 16344647
offlineCheapIndexAddress: /p/lava/parmik/partialMatcherProject/tools/parmik/CK_INDEX/SRR12432009/ck_T0_K11_r17000000
pmrkAlignmentsAddress: /p/lava/parmik/partialMatcherProject/tools/baseline_ssw/SRR12432009/NC_045512/aln/pmAln_R48_PI95_L0_M6_E2_K11_T0_P_2484_1111_2444_2288_2848.txt
Starting alignment for all queries [fwd]...
0 queries processed...
0 reads processed...
100000 reads processed...
200000 reads processed...
300000 reads processed...
400000 reads processed...
500000 reads processed...
600000 reads processed...
700000 reads processed...
800000 reads processed...
900000 reads processed...
1000000 reads processed...
1100000 reads processed...
1200000 reads processed...
1300000 reads processed...
1400000 reads processed...
1500000 reads processed...
1600000 reads processed...
1700000 reads processed...
1800000 reads processed...
1900000 reads processed...
2000000 reads processed...
2100000 reads processed...
2200000 reads processed...
2300000 reads processed...
2400000 reads processed...
2500000 reads processed...
2600000 reads processed...
2700000 reads processed...
2800000 reads processed...
2900000 reads processed...
3000000 reads processed...
3100000 reads processed...
3200000 reads processed...
3300000 reads processed...
3400000 reads processed...
3500000 reads processed...
3600000 reads processed...
3700000 reads processed...
3800000 reads processed...
3900000 reads processed...
4000000 reads processed...
4100000 reads processed...
4200000 reads processed...
4300000 reads processed...
4400000 reads processed...
4500000 reads processed...
4600000 reads processed...
4700000 reads processed...
4800000 reads processed...
4900000 reads processed...
5000000 reads processed...
5100000 reads processed...
5200000 reads processed...
5300000 reads processed...
5400000 reads processed...
5500000 reads processed...
5600000 reads processed...
5700000 reads processed...
5800000 reads processed...
5900000 reads processed...
6000000 reads processed...
6100000 reads processed...
6200000 reads processed...
6300000 reads processed...
6400000 reads processed...
6500000 reads processed...
6600000 reads processed...
6700000 reads processed...
6800000 reads processed...
6900000 reads processed...
7000000 reads processed...
7100000 reads processed...
7200000 reads processed...
7300000 reads processed...
7400000 reads processed...
7500000 reads processed...
7600000 reads processed...
7700000 reads processed...
7800000 reads processed...
7900000 reads processed...
8000000 reads processed...
8100000 reads processed...
8200000 reads processed...
8300000 reads processed...
8400000 reads processed...
8500000 reads processed...
8600000 reads processed...
8700000 reads processed...
8800000 reads processed...
8900000 reads processed...
9000000 reads processed...
9100000 reads processed...
9200000 reads processed...
9300000 reads processed...
9400000 reads processed...
9500000 reads processed...
9600000 reads processed...
9700000 reads processed...
9800000 reads processed...
9900000 reads processed...
10000000 reads processed...
10100000 reads processed...
10200000 reads processed...
10300000 reads processed...
10400000 reads processed...
10500000 reads processed...
10600000 reads processed...
10700000 reads processed...
10800000 reads processed...
10900000 reads processed...
11000000 reads processed...
11100000 reads processed...
11200000 reads processed...
11300000 reads processed...
11400000 reads processed...
11500000 reads processed...
11600000 reads processed...
11700000 reads processed...
11800000 reads processed...
11900000 reads processed...
12000000 reads processed...
12100000 reads processed...
12200000 reads processed...
12300000 reads processed...
12400000 reads processed...
12500000 reads processed...
12600000 reads processed...
12700000 reads processed...
12800000 reads processed...
12900000 reads processed...
13000000 reads processed...
13100000 reads processed...
13200000 reads processed...
13300000 reads processed...
13400000 reads processed...
13500000 reads processed...
13600000 reads processed...
13700000 reads processed...
13800000 reads processed...
13900000 reads processed...
14000000 reads processed...
14100000 reads processed...
14200000 reads processed...
14300000 reads processed...
14400000 reads processed...
14500000 reads processed...
14600000 reads processed...
14700000 reads processed...
14800000 reads processed...
14900000 reads processed...
15000000 reads processed...
15100000 reads processed...
15200000 reads processed...
15300000 reads processed...
15400000 reads processed...
15500000 reads processed...
15600000 reads processed...
15700000 reads processed...
15800000 reads processed...
15900000 reads processed...
16000000 reads processed...
16100000 reads processed...
16200000 reads processed...
16300000 reads processed...
query [0]: # of matches found 24205 and it took: 1.3277e+06ms
0 reads processed...
100000 reads processed...
200000 reads processed...
300000 reads processed...
400000 reads processed...
500000 reads processed...
600000 reads processed...
700000 reads processed...
800000 reads processed...
900000 reads processed...
1000000 reads processed...
1100000 reads processed...
1200000 reads processed...
1300000 reads processed...
1400000 reads processed...
1500000 reads processed...
1600000 reads processed...
1700000 reads processed...
1800000 reads processed...
1900000 reads processed...
2000000 reads processed...
2100000 reads processed...
2200000 reads processed...
2300000 reads processed...
2400000 reads processed...
2500000 reads processed...
2600000 reads processed...
2700000 reads processed...
2800000 reads processed...
2900000 reads processed...
3000000 reads processed...
3100000 reads processed...
3200000 reads processed...
3300000 reads processed...
3400000 reads processed...
3500000 reads processed...
3600000 reads processed...
3700000 reads processed...
3800000 reads processed...
3900000 reads processed...
4000000 reads processed...
4100000 reads processed...
4200000 reads processed...
4300000 reads processed...
4400000 reads processed...
4500000 reads processed...
4600000 reads processed...
4700000 reads processed...
4800000 reads processed...
4900000 reads processed...
5000000 reads processed...
5100000 reads processed...
5200000 reads processed...
5300000 reads processed...
5400000 reads processed...
5500000 reads processed...
5600000 reads processed...
5700000 reads processed...
5800000 reads processed...
5900000 reads processed...
6000000 reads processed...
6100000 reads processed...
6200000 reads processed...
6300000 reads processed...
6400000 reads processed...
6500000 reads processed...
6600000 reads processed...
6700000 reads processed...
6800000 reads processed...
6900000 reads processed...
7000000 reads processed...
7100000 reads processed...
7200000 reads processed...
7300000 reads processed...
7400000 reads processed...
7500000 reads processed...
7600000 reads processed...
7700000 reads processed...
7800000 reads processed...
7900000 reads processed...
8000000 reads processed...
8100000 reads processed...
8200000 reads processed...
8300000 reads processed...
8400000 reads processed...
8500000 reads processed...
8600000 reads processed...
8700000 reads processed...
8800000 reads processed...
8900000 reads processed...
9000000 reads processed...
9100000 reads processed...
9200000 reads processed...
9300000 reads processed...
9400000 reads processed...
9500000 reads processed...
9600000 reads processed...
9700000 reads processed...
9800000 reads processed...
9900000 reads processed...
10000000 reads processed...
10100000 reads processed...
10200000 reads processed...
10300000 reads processed...
10400000 reads processed...
10500000 reads processed...
10600000 reads processed...
10700000 reads processed...
10800000 reads processed...
10900000 reads processed...
11000000 reads processed...
11100000 reads processed...
11200000 reads processed...
11300000 reads processed...
11400000 reads processed...
11500000 reads processed...
11600000 reads processed...
11700000 reads processed...
11800000 reads processed...
11900000 reads processed...
12000000 reads processed...
12100000 reads processed...
12200000 reads processed...
12300000 reads processed...
12400000 reads processed...
12500000 reads processed...
12600000 reads processed...
12700000 reads processed...
12800000 reads processed...
12900000 reads processed...
13000000 reads processed...
13100000 reads processed...
13200000 reads processed...
13300000 reads processed...
13400000 reads processed...
13500000 reads processed...
13600000 reads processed...
13700000 reads processed...
13800000 reads processed...
13900000 reads processed...
14000000 reads processed...
14100000 reads processed...
14200000 reads processed...
14300000 reads processed...
14400000 reads processed...
14500000 reads processed...
14600000 reads processed...
14700000 reads processed...
14800000 reads processed...
14900000 reads processed...
15000000 reads processed...
15100000 reads processed...
15200000 reads processed...
15300000 reads processed...
15400000 reads processed...
15500000 reads processed...
15600000 reads processed...
15700000 reads processed...
15800000 reads processed...
15900000 reads processed...
16000000 reads processed...
16100000 reads processed...
16200000 reads processed...
16300000 reads processed...
query [1]: # of matches found 24020 and it took: 1.32528e+06ms
0 reads processed...
100000 reads processed...
200000 reads processed...
300000 reads processed...
400000 reads processed...
500000 reads processed...
600000 reads processed...
700000 reads processed...
800000 reads processed...
900000 reads processed...
1000000 reads processed...
1100000 reads processed...
1200000 reads processed...
1300000 reads processed...
1400000 reads processed...
1500000 reads processed...
1600000 reads processed...
1700000 reads processed...
1800000 reads processed...
1900000 reads processed...
2000000 reads processed...
2100000 reads processed...
2200000 reads processed...
2300000 reads processed...
2400000 reads processed...
2500000 reads processed...
2600000 reads processed...
2700000 reads processed...
2800000 reads processed...
2900000 reads processed...
3000000 reads processed...
3100000 reads processed...
3200000 reads processed...
3300000 reads processed...
3400000 reads processed...
3500000 reads processed...
3600000 reads processed...
3700000 reads processed...
3800000 reads processed...
3900000 reads processed...
4000000 reads processed...
4100000 reads processed...
4200000 reads processed...
4300000 reads processed...
4400000 reads processed...
4500000 reads processed...
4600000 reads processed...
4700000 reads processed...
4800000 reads processed...
4900000 reads processed...
5000000 reads processed...
5100000 reads processed...
5200000 reads processed...
5300000 reads processed...
5400000 reads processed...
5500000 reads processed...
5600000 reads processed...
5700000 reads processed...
5800000 reads processed...
5900000 reads processed...
6000000 reads processed...
6100000 reads processed...
6200000 reads processed...
6300000 reads processed...
6400000 reads processed...
6500000 reads processed...
6600000 reads processed...
6700000 reads processed...
6800000 reads processed...
6900000 reads processed...
7000000 reads processed...
7100000 reads processed...
7200000 reads processed...
7300000 reads processed...
7400000 reads processed...
7500000 reads processed...
7600000 reads processed...
7700000 reads processed...
7800000 reads processed...
7900000 reads processed...
8000000 reads processed...
8100000 reads processed...
8200000 reads processed...
8300000 reads processed...
8400000 reads processed...
8500000 reads processed...
8600000 reads processed...
8700000 reads processed...
8800000 reads processed...
8900000 reads processed...
9000000 reads processed...
9100000 reads processed...
9200000 reads processed...
9300000 reads processed...
9400000 reads processed...
9500000 reads processed...
9600000 reads processed...
9700000 reads processed...
9800000 reads processed...
9900000 reads processed...
10000000 reads processed...
10100000 reads processed...
10200000 reads processed...
10300000 reads processed...
10400000 reads processed...
10500000 reads processed...
10600000 reads processed...
10700000 reads processed...
10800000 reads processed...
10900000 reads processed...
11000000 reads processed...
11100000 reads processed...
11200000 reads processed...
11300000 reads processed...
11400000 reads processed...
11500000 reads processed...
11600000 reads processed...
11700000 reads processed...
11800000 reads processed...
11900000 reads processed...
12000000 reads processed...
12100000 reads processed...
12200000 reads processed...
12300000 reads processed...
12400000 reads processed...
12500000 reads processed...
12600000 reads processed...
12700000 reads processed...
12800000 reads processed...
12900000 reads processed...
13000000 reads processed...
13100000 reads processed...
13200000 reads processed...
13300000 reads processed...
13400000 reads processed...
13500000 reads processed...
13600000 reads processed...
13700000 reads processed...
13800000 reads processed...
13900000 reads processed...
14000000 reads processed...
14100000 reads processed...
14200000 reads processed...
14300000 reads processed...
14400000 reads processed...
14500000 reads processed...
14600000 reads processed...
14700000 reads processed...
14800000 reads processed...
14900000 reads processed...
15000000 reads processed...
15100000 reads processed...
15200000 reads processed...
15300000 reads processed...
15400000 reads processed...
15500000 reads processed...
15600000 reads processed...
15700000 reads processed...
15800000 reads processed...
15900000 reads processed...
16000000 reads processed...
16100000 reads processed...
16200000 reads processed...
16300000 reads processed...
query [2]: # of matches found 23658 and it took: 1.32628e+06ms
0 reads processed...
100000 reads processed...
200000 reads processed...
300000 reads processed...
400000 reads processed...
500000 reads processed...
600000 reads processed...
700000 reads processed...
800000 reads processed...
900000 reads processed...
1000000 reads processed...
1100000 reads processed...
1200000 reads processed...
1300000 reads processed...
1400000 reads processed...
1500000 reads processed...
1600000 reads processed...
1700000 reads processed...
1800000 reads processed...
1900000 reads processed...
2000000 reads processed...
2100000 reads processed...
2200000 reads processed...
2300000 reads processed...
2400000 reads processed...
2500000 reads processed...
2600000 reads processed...
2700000 reads processed...
2800000 reads processed...
2900000 reads processed...
3000000 reads processed...
3100000 reads processed...
3200000 reads processed...
3300000 reads processed...
3400000 reads processed...
3500000 reads processed...
3600000 reads processed...
3700000 reads processed...
3800000 reads processed...
3900000 reads processed...
4000000 reads processed...
4100000 reads processed...
4200000 reads processed...
4300000 reads processed...
4400000 reads processed...
4500000 reads processed...
4600000 reads processed...
4700000 reads processed...
4800000 reads processed...
4900000 reads processed...
5000000 reads processed...
5100000 reads processed...
5200000 reads processed...
5300000 reads processed...
5400000 reads processed...
5500000 reads processed...
5600000 reads processed...
5700000 reads processed...
5800000 reads processed...
5900000 reads processed...
6000000 reads processed...
6100000 reads processed...
6200000 reads processed...
6300000 reads processed...
6400000 reads processed...
6500000 reads processed...
6600000 reads processed...
6700000 reads processed...
6800000 reads processed...
6900000 reads processed...
7000000 reads processed...
7100000 reads processed...
7200000 reads processed...
7300000 reads processed...
7400000 reads processed...
7500000 reads processed...
7600000 reads processed...
7700000 reads processed...
7800000 reads processed...
7900000 reads processed...
8000000 reads processed...
8100000 reads processed...
8200000 reads processed...
8300000 reads processed...
8400000 reads processed...
8500000 reads processed...
8600000 reads processed...
8700000 reads processed...
8800000 reads processed...
8900000 reads processed...
9000000 reads processed...
9100000 reads processed...
9200000 reads processed...
9300000 reads processed...
9400000 reads processed...
9500000 reads processed...
9600000 reads processed...
9700000 reads processed...
9800000 reads processed...
9900000 reads processed...
10000000 reads processed...
10100000 reads processed...
10200000 reads processed...
10300000 reads processed...
10400000 reads processed...
10500000 reads processed...
10600000 reads processed...
10700000 reads processed...
10800000 reads processed...
10900000 reads processed...
11000000 reads processed...
11100000 reads processed...
11200000 reads processed...
11300000 reads processed...
11400000 reads processed...
11500000 reads processed...
11600000 reads processed...
11700000 reads processed...
11800000 reads processed...
11900000 reads processed...
12000000 reads processed...
12100000 reads processed...
12200000 reads processed...
12300000 reads processed...
12400000 reads processed...
12500000 reads processed...
12600000 reads processed...
12700000 reads processed...
12800000 reads processed...
12900000 reads processed...
13000000 reads processed...
13100000 reads processed...
13200000 reads processed...
13300000 reads processed...
13400000 reads processed...
13500000 reads processed...
13600000 reads processed...
13700000 reads processed...
13800000 reads processed...
13900000 reads processed...
14000000 reads processed...
14100000 reads processed...
14200000 reads processed...
14300000 reads processed...
14400000 reads processed...
14500000 reads processed...
14600000 reads processed...
14700000 reads processed...
14800000 reads processed...
14900000 reads processed...
15000000 reads processed...
15100000 reads processed...
15200000 reads processed...
15300000 reads processed...
15400000 reads processed...
15500000 reads processed...
15600000 reads processed...
15700000 reads processed...
15800000 reads processed...
15900000 reads processed...
16000000 reads processed...
16100000 reads processed...
16200000 reads processed...
16300000 reads processed...
query [3]: # of matches found 23576 and it took: 1.32684e+06ms
0 reads processed...
100000 reads processed...
200000 reads processed...
300000 reads processed...
400000 reads processed...
500000 reads processed...
600000 reads processed...
700000 reads processed...
800000 reads processed...
900000 reads processed...
1000000 reads processed...
1100000 reads processed...
1200000 reads processed...
1300000 reads processed...
1400000 reads processed...
1500000 reads processed...
1600000 reads processed...
1700000 reads processed...
1800000 reads processed...
1900000 reads processed...
2000000 reads processed...
2100000 reads processed...
2200000 reads processed...
2300000 reads processed...
2400000 reads processed...
2500000 reads processed...
2600000 reads processed...
2700000 reads processed...
2800000 reads processed...
2900000 reads processed...
3000000 reads processed...
3100000 reads processed...
3200000 reads processed...
3300000 reads processed...
3400000 reads processed...
3500000 reads processed...
3600000 reads processed...
3700000 reads processed...
3800000 reads processed...
3900000 reads processed...
4000000 reads processed...
4100000 reads processed...
4200000 reads processed...
4300000 reads processed...
4400000 reads processed...
4500000 reads processed...
4600000 reads processed...
4700000 reads processed...
4800000 reads processed...
4900000 reads processed...
5000000 reads processed...
5100000 reads processed...
5200000 reads processed...
5300000 reads processed...
5400000 reads processed...
5500000 reads processed...
5600000 reads processed...
5700000 reads processed...
5800000 reads processed...
5900000 reads processed...
6000000 reads processed...
6100000 reads processed...
6200000 reads processed...
6300000 reads processed...
6400000 reads processed...
6500000 reads processed...
6600000 reads processed...
6700000 reads processed...
6800000 reads processed...
6900000 reads processed...
7000000 reads processed...
7100000 reads processed...
7200000 reads processed...
7300000 reads processed...
7400000 reads processed...
7500000 reads processed...
7600000 reads processed...
7700000 reads processed...
7800000 reads processed...
7900000 reads processed...
8000000 reads processed...
8100000 reads processed...
8200000 reads processed...
8300000 reads processed...
8400000 reads processed...
8500000 reads processed...
8600000 reads processed...
8700000 reads processed...
8800000 reads processed...
8900000 reads processed...
9000000 reads processed...
9100000 reads processed...
9200000 reads processed...
9300000 reads processed...
9400000 reads processed...
9500000 reads processed...
9600000 reads processed...
9700000 reads processed...
9800000 reads processed...
9900000 reads processed...
10000000 reads processed...
10100000 reads processed...
10200000 reads processed...
10300000 reads processed...
10400000 reads processed...
10500000 reads processed...
10600000 reads processed...
10700000 reads processed...
10800000 reads processed...
10900000 reads processed...
11000000 reads processed...
11100000 reads processed...
11200000 reads processed...
11300000 reads processed...
11400000 reads processed...
11500000 reads processed...
11600000 reads processed...
11700000 reads processed...
11800000 reads processed...
11900000 reads processed...
12000000 reads processed...
12100000 reads processed...
12200000 reads processed...
12300000 reads processed...
12400000 reads processed...
12500000 reads processed...
12600000 reads processed...
12700000 reads processed...
12800000 reads processed...
12900000 reads processed...
13000000 reads processed...
13100000 reads processed...
13200000 reads processed...
13300000 reads processed...
13400000 reads processed...
13500000 reads processed...
13600000 reads processed...
13700000 reads processed...
13800000 reads processed...
13900000 reads processed...
14000000 reads processed...
14100000 reads processed...
14200000 reads processed...
14300000 reads processed...
14400000 reads processed...
14500000 reads processed...
14600000 reads processed...
14700000 reads processed...
14800000 reads processed...
14900000 reads processed...
15000000 reads processed...
15100000 reads processed...
15200000 reads processed...
15300000 reads processed...
15400000 reads processed...
15500000 reads processed...
15600000 reads processed...
15700000 reads processed...
15800000 reads processed...
15900000 reads processed...
16000000 reads processed...
16100000 reads processed...
16200000 reads processed...
16300000 reads processed...
query [4]: # of matches found 23595 and it took: 1.33053e+06ms
0 reads processed...
100000 reads processed...
200000 reads processed...
300000 reads processed...
400000 reads processed...
500000 reads processed...
600000 reads processed...
700000 reads processed...
800000 reads processed...
900000 reads processed...
1000000 reads processed...
1100000 reads processed...
1200000 reads processed...
1300000 reads processed...
1400000 reads processed...
1500000 reads processed...
1600000 reads processed...
1700000 reads processed...
1800000 reads processed...
1900000 reads processed...
2000000 reads processed...
2100000 reads processed...
2200000 reads processed...
2300000 reads processed...
2400000 reads processed...
2500000 reads processed...
2600000 reads processed...
2700000 reads processed...
2800000 reads processed...
2900000 reads processed...
3000000 reads processed...
3100000 reads processed...
3200000 reads processed...
3300000 reads processed...
3400000 reads processed...
3500000 reads processed...
3600000 reads processed...
3700000 reads processed...
3800000 reads processed...
3900000 reads processed...
4000000 reads processed...
4100000 reads processed...
4200000 reads processed...
4300000 reads processed...
4400000 reads processed...
4500000 reads processed...
4600000 reads processed...
4700000 reads processed...
4800000 reads processed...
4900000 reads processed...
5000000 reads processed...
5100000 reads processed...
5200000 reads processed...
5300000 reads processed...
5400000 reads processed...
5500000 reads processed...
5600000 reads processed...
5700000 reads processed...
5800000 reads processed...
5900000 reads processed...
6000000 reads processed...
6100000 reads processed...
6200000 reads processed...
6300000 reads processed...
6400000 reads processed...
6500000 reads processed...
6600000 reads processed...
6700000 reads processed...
6800000 reads processed...
6900000 reads processed...
7000000 reads processed...
7100000 reads processed...
7200000 reads processed...
7300000 reads processed...
7400000 reads processed...
7500000 reads processed...
7600000 reads processed...
7700000 reads processed...
7800000 reads processed...
7900000 reads processed...
8000000 reads processed...
8100000 reads processed...
8200000 reads processed...
8300000 reads processed...
8400000 reads processed...
8500000 reads processed...
8600000 reads processed...
8700000 reads processed...
8800000 reads processed...
8900000 reads processed...
9000000 reads processed...
9100000 reads processed...
9200000 reads processed...
9300000 reads processed...
9400000 reads processed...
9500000 reads processed...
9600000 reads processed...
9700000 reads processed...
9800000 reads processed...
9900000 reads processed...
10000000 reads processed...
10100000 reads processed...
10200000 reads processed...
10300000 reads processed...
10400000 reads processed...
10500000 reads processed...
10600000 reads processed...
10700000 reads processed...
10800000 reads processed...
10900000 reads processed...
11000000 reads processed...
11100000 reads processed...
11200000 reads processed...
11300000 reads processed...
11400000 reads processed...
11500000 reads processed...
11600000 reads processed...
11700000 reads processed...
11800000 reads processed...
11900000 reads processed...
12000000 reads processed...
12100000 reads processed...
12200000 reads processed...
12300000 reads processed...
12400000 reads processed...
12500000 reads processed...
12600000 reads processed...
12700000 reads processed...
12800000 reads processed...
12900000 reads processed...
13000000 reads processed...
13100000 reads processed...
13200000 reads processed...
13300000 reads processed...
13400000 reads processed...
13500000 reads processed...
13600000 reads processed...
13700000 reads processed...
13800000 reads processed...
13900000 reads processed...
14000000 reads processed...
14100000 reads processed...
14200000 reads processed...
14300000 reads processed...
14400000 reads processed...
14500000 reads processed...
14600000 reads processed...
14700000 reads processed...
14800000 reads processed...
14900000 reads processed...
15000000 reads processed...
15100000 reads processed...
15200000 reads processed...
15300000 reads processed...
15400000 reads processed...
15500000 reads processed...
15600000 reads processed...
15700000 reads processed...
15800000 reads processed...
15900000 reads processed...
16000000 reads processed...
16100000 reads processed...
16200000 reads processed...
16300000 reads processed...
query [5]: # of matches found 23513 and it took: 1.32944e+06ms
0 reads processed...
100000 reads processed...
200000 reads processed...
300000 reads processed...
400000 reads processed...
500000 reads processed...
600000 reads processed...
700000 reads processed...
800000 reads processed...
900000 reads processed...
1000000 reads processed...
1100000 reads processed...
1200000 reads processed...
1300000 reads processed...
1400000 reads processed...
1500000 reads processed...
1600000 reads processed...
1700000 reads processed...
1800000 reads processed...
1900000 reads processed...
2000000 reads processed...
2100000 reads processed...
2200000 reads processed...
2300000 reads processed...
2400000 reads processed...
2500000 reads processed...
2600000 reads processed...
2700000 reads processed...
2800000 reads processed...
2900000 reads processed...
3000000 reads processed...
3100000 reads processed...
3200000 reads processed...
3300000 reads processed...
3400000 reads processed...
3500000 reads processed...
3600000 reads processed...
3700000 reads processed...
3800000 reads processed...
3900000 reads processed...
4000000 reads processed...
4100000 reads processed...
4200000 reads processed...
4300000 reads processed...
4400000 reads processed...
4500000 reads processed...
4600000 reads processed...
4700000 reads processed...
4800000 reads processed...
4900000 reads processed...
5000000 reads processed...
5100000 reads processed...
5200000 reads processed...
5300000 reads processed...
5400000 reads processed...
5500000 reads processed...
5600000 reads processed...
5700000 reads processed...
5800000 reads processed...
5900000 reads processed...
6000000 reads processed...
6100000 reads processed...
6200000 reads processed...
6300000 reads processed...
6400000 reads processed...
6500000 reads processed...
6600000 reads processed...
6700000 reads processed...
6800000 reads processed...
6900000 reads processed...
7000000 reads processed...
7100000 reads processed...
7200000 reads processed...
7300000 reads processed...
7400000 reads processed...
7500000 reads processed...
7600000 reads processed...
7700000 reads processed...
7800000 reads processed...
7900000 reads processed...
8000000 reads processed...
8100000 reads processed...
8200000 reads processed...
8300000 reads processed...
8400000 reads processed...
8500000 reads processed...
8600000 reads processed...
8700000 reads processed...
8800000 reads processed...
8900000 reads processed...
9000000 reads processed...
9100000 reads processed...
9200000 reads processed...
9300000 reads processed...
9400000 reads processed...
9500000 reads processed...
9600000 reads processed...
9700000 reads processed...
9800000 reads processed...
9900000 reads processed...
10000000 reads processed...
10100000 reads processed...
10200000 reads processed...
10300000 reads processed...
10400000 reads processed...
10500000 reads processed...
10600000 reads processed...
10700000 reads processed...
10800000 reads processed...
10900000 reads processed...
11000000 reads processed...
11100000 reads processed...
11200000 reads processed...
11300000 reads processed...
11400000 reads processed...
11500000 reads processed...
11600000 reads processed...
11700000 reads processed...
11800000 reads processed...
11900000 reads processed...
12000000 reads processed...
12100000 reads processed...
12200000 reads processed...
12300000 reads processed...
12400000 reads processed...
12500000 reads processed...
12600000 reads processed...
12700000 reads processed...
12800000 reads processed...
12900000 reads processed...
13000000 reads processed...
13100000 reads processed...
13200000 reads processed...
13300000 reads processed...
13400000 reads processed...
13500000 reads processed...
13600000 reads processed...
13700000 reads processed...
13800000 reads processed...
13900000 reads processed...
14000000 reads processed...
14100000 reads processed...
14200000 reads processed...
14300000 reads processed...
14400000 reads processed...
14500000 reads processed...
14600000 reads processed...
14700000 reads processed...
14800000 reads processed...
14900000 reads processed...
15000000 reads processed...
15100000 reads processed...
15200000 reads processed...
15300000 reads processed...
15400000 reads processed...
15500000 reads processed...
15600000 reads processed...
15700000 reads processed...
15800000 reads processed...
15900000 reads processed...
16000000 reads processed...
16100000 reads processed...
16200000 reads processed...
16300000 reads processed...
query [6]: # of matches found 23575 and it took: 1.3361e+06ms
0 reads processed...
100000 reads processed...
200000 reads processed...
300000 reads processed...
400000 reads processed...
500000 reads processed...
600000 reads processed...
700000 reads processed...
800000 reads processed...
900000 reads processed...
1000000 reads processed...
1100000 reads processed...
1200000 reads processed...
1300000 reads processed...
1400000 reads processed...
1500000 reads processed...
1600000 reads processed...
1700000 reads processed...
1800000 reads processed...
1900000 reads processed...
2000000 reads processed...
2100000 reads processed...
2200000 reads processed...
2300000 reads processed...
2400000 reads processed...
2500000 reads processed...
2600000 reads processed...
2700000 reads processed...
2800000 reads processed...
2900000 reads processed...
3000000 reads processed...
3100000 reads processed...
3200000 reads processed...
3300000 reads processed...
3400000 reads processed...
3500000 reads processed...
3600000 reads processed...
3700000 reads processed...
3800000 reads processed...
3900000 reads processed...
4000000 reads processed...
4100000 reads processed...
4200000 reads processed...
4300000 reads processed...
4400000 reads processed...
4500000 reads processed...
4600000 reads processed...
4700000 reads processed...
4800000 reads processed...
4900000 reads processed...
5000000 reads processed...
5100000 reads processed...
5200000 reads processed...
5300000 reads processed...
5400000 reads processed...
5500000 reads processed...
5600000 reads processed...
5700000 reads processed...
5800000 reads processed...
5900000 reads processed...
6000000 reads processed...
6100000 reads processed...
6200000 reads processed...
6300000 reads processed...
6400000 reads processed...
6500000 reads processed...
6600000 reads processed...
6700000 reads processed...
6800000 reads processed...
6900000 reads processed...
7000000 reads processed...
7100000 reads processed...
7200000 reads processed...
7300000 reads processed...
7400000 reads processed...
7500000 reads processed...
7600000 reads processed...
7700000 reads processed...
7800000 reads processed...
7900000 reads processed...
8000000 reads processed...
8100000 reads processed...
8200000 reads processed...
8300000 reads processed...
8400000 reads processed...
8500000 reads processed...
8600000 reads processed...
8700000 reads processed...
8800000 reads processed...
8900000 reads processed...
9000000 reads processed...
9100000 reads processed...
9200000 reads processed...
9300000 reads processed...
9400000 reads processed...
9500000 reads processed...
9600000 reads processed...
9700000 reads processed...
9800000 reads processed...
9900000 reads processed...
10000000 reads processed...
10100000 reads processed...
10200000 reads processed...
10300000 reads processed...
10400000 reads processed...
10500000 reads processed...
10600000 reads processed...
10700000 reads processed...
10800000 reads processed...
10900000 reads processed...
11000000 reads processed...
11100000 reads processed...
11200000 reads processed...
11300000 reads processed...
11400000 reads processed...
11500000 reads processed...
11600000 reads processed...
11700000 reads processed...
11800000 reads processed...
11900000 reads processed...
12000000 reads processed...
12100000 reads processed...
12200000 reads processed...
12300000 reads processed...
12400000 reads processed...
12500000 reads processed...
12600000 reads processed...
12700000 reads processed...
12800000 reads processed...
12900000 reads processed...
13000000 reads processed...
13100000 reads processed...
13200000 reads processed...
13300000 reads processed...
13400000 reads processed...
13500000 reads processed...
13600000 reads processed...
13700000 reads processed...
13800000 reads processed...
13900000 reads processed...
14000000 reads processed...
14100000 reads processed...
14200000 reads processed...
14300000 reads processed...
14400000 reads processed...
14500000 reads processed...
14600000 reads processed...
14700000 reads processed...
14800000 reads processed...
14900000 reads processed...
15000000 reads processed...
15100000 reads processed...
15200000 reads processed...
15300000 reads processed...
15400000 reads processed...
15500000 reads processed...
15600000 reads processed...
15700000 reads processed...
15800000 reads processed...
15900000 reads processed...
16000000 reads processed...
16100000 reads processed...
16200000 reads processed...
16300000 reads processed...
query [7]: # of matches found 23142 and it took: 1.33681e+06ms
0 reads processed...
100000 reads processed...
200000 reads processed...
300000 reads processed...
400000 reads processed...
500000 reads processed...
600000 reads processed...
700000 reads processed...
800000 reads processed...
900000 reads processed...
1000000 reads processed...
1100000 reads processed...
1200000 reads processed...
1300000 reads processed...
1400000 reads processed...
1500000 reads processed...
1600000 reads processed...
1700000 reads processed...
1800000 reads processed...
1900000 reads processed...
2000000 reads processed...
2100000 reads processed...
2200000 reads processed...
2300000 reads processed...
2400000 reads processed...
2500000 reads processed...
2600000 reads processed...
2700000 reads processed...
2800000 reads processed...
2900000 reads processed...
3000000 reads processed...
3100000 reads processed...
3200000 reads processed...
3300000 reads processed...
3400000 reads processed...
3500000 reads processed...
3600000 reads processed...
3700000 reads processed...
3800000 reads processed...
3900000 reads processed...
4000000 reads processed...
4100000 reads processed...
4200000 reads processed...
4300000 reads processed...
4400000 reads processed...
4500000 reads processed...
4600000 reads processed...
4700000 reads processed...
4800000 reads processed...
4900000 reads processed...
5000000 reads processed...
5100000 reads processed...
5200000 reads processed...
5300000 reads processed...
5400000 reads processed...
5500000 reads processed...
5600000 reads processed...
5700000 reads processed...
5800000 reads processed...
5900000 reads processed...
6000000 reads processed...
6100000 reads processed...
6200000 reads processed...
6300000 reads processed...
6400000 reads processed...
6500000 reads processed...
6600000 reads processed...
6700000 reads processed...
6800000 reads processed...
6900000 reads processed...
7000000 reads processed...
7100000 reads processed...
7200000 reads processed...
7300000 reads processed...
7400000 reads processed...
7500000 reads processed...
7600000 reads processed...
7700000 reads processed...
7800000 reads processed...
7900000 reads processed...
8000000 reads processed...
8100000 reads processed...
8200000 reads processed...
8300000 reads processed...
8400000 reads processed...
8500000 reads processed...
8600000 reads processed...
8700000 reads processed...
8800000 reads processed...
8900000 reads processed...
9000000 reads processed...
9100000 reads processed...
9200000 reads processed...
9300000 reads processed...
9400000 reads processed...
9500000 reads processed...
9600000 reads processed...
9700000 reads processed...
9800000 reads processed...
9900000 reads processed...
10000000 reads processed...
10100000 reads processed...
10200000 reads processed...
10300000 reads processed...
10400000 reads processed...
10500000 reads processed...
10600000 reads processed...
10700000 reads processed...
10800000 reads processed...
10900000 reads processed...
11000000 reads processed...
11100000 reads processed...
11200000 reads processed...
11300000 reads processed...
11400000 reads processed...
11500000 reads processed...
11600000 reads processed...
11700000 reads processed...
11800000 reads processed...
11900000 reads processed...
12000000 reads processed...
12100000 reads processed...
12200000 reads processed...
12300000 reads processed...
12400000 reads processed...
12500000 reads processed...
12600000 reads processed...
12700000 reads processed...
12800000 reads processed...
12900000 reads processed...
13000000 reads processed...
13100000 reads processed...
13200000 reads processed...
13300000 reads processed...
13400000 reads processed...
13500000 reads processed...
13600000 reads processed...
13700000 reads processed...
13800000 reads processed...
13900000 reads processed...
14000000 reads processed...
14100000 reads processed...
14200000 reads processed...
14300000 reads processed...
14400000 reads processed...
14500000 reads processed...
14600000 reads processed...
14700000 reads processed...
14800000 reads processed...
14900000 reads processed...
15000000 reads processed...
15100000 reads processed...
15200000 reads processed...
15300000 reads processed...
15400000 reads processed...
15500000 reads processed...
15600000 reads processed...
15700000 reads processed...
15800000 reads processed...
15900000 reads processed...
16000000 reads processed...
16100000 reads processed...
16200000 reads processed...
16300000 reads processed...
query [8]: # of matches found 23158 and it took: 1.336e+06ms
0 reads processed...
100000 reads processed...
200000 reads processed...
300000 reads processed...
400000 reads processed...
500000 reads processed...
600000 reads processed...
700000 reads processed...
800000 reads processed...
900000 reads processed...
1000000 reads processed...
1100000 reads processed...
1200000 reads processed...
1300000 reads processed...
1400000 reads processed...
1500000 reads processed...
1600000 reads processed...
1700000 reads processed...
1800000 reads processed...
1900000 reads processed...
2000000 reads processed...
2100000 reads processed...
2200000 reads processed...
2300000 reads processed...
2400000 reads processed...
2500000 reads processed...
2600000 reads processed...
2700000 reads processed...
2800000 reads processed...
2900000 reads processed...
3000000 reads processed...
3100000 reads processed...
3200000 reads processed...
3300000 reads processed...
3400000 reads processed...
3500000 reads processed...
3600000 reads processed...
3700000 reads processed...
3800000 reads processed...
3900000 reads processed...
4000000 reads processed...
4100000 reads processed...
4200000 reads processed...
4300000 reads processed...
4400000 reads processed...
4500000 reads processed...
4600000 reads processed...
4700000 reads processed...
4800000 reads processed...
4900000 reads processed...
5000000 reads processed...
5100000 reads processed...
5200000 reads processed...
5300000 reads processed...
5400000 reads processed...
5500000 reads processed...
5600000 reads processed...
5700000 reads processed...
5800000 reads processed...
5900000 reads processed...
6000000 reads processed...
6100000 reads processed...
6200000 reads processed...
6300000 reads processed...
6400000 reads processed...
6500000 reads processed...
6600000 reads processed...
6700000 reads processed...
6800000 reads processed...
6900000 reads processed...
7000000 reads processed...
7100000 reads processed...
7200000 reads processed...
7300000 reads processed...
7400000 reads processed...
7500000 reads processed...
7600000 reads processed...
7700000 reads processed...
7800000 reads processed...
7900000 reads processed...
8000000 reads processed...
8100000 reads processed...
8200000 reads processed...
8300000 reads processed...
8400000 reads processed...
8500000 reads processed...
8600000 reads processed...
8700000 reads processed...
8800000 reads processed...
8900000 reads processed...
9000000 reads processed...
9100000 reads processed...
9200000 reads processed...
9300000 reads processed...
9400000 reads processed...
9500000 reads processed...
9600000 reads processed...
9700000 reads processed...
9800000 reads processed...
9900000 reads processed...
10000000 reads processed...
10100000 reads processed...
10200000 reads processed...
10300000 reads processed...
10400000 reads processed...
10500000 reads processed...
10600000 reads processed...
10700000 reads processed...
10800000 reads processed...
10900000 reads processed...
11000000 reads processed...
11100000 reads processed...
11200000 reads processed...
11300000 reads processed...
11400000 reads processed...
11500000 reads processed...
11600000 reads processed...
11700000 reads processed...
11800000 reads processed...
11900000 reads processed...
12000000 reads processed...
12100000 reads processed...
12200000 reads processed...
12300000 reads processed...
12400000 reads processed...
12500000 reads processed...
12600000 reads processed...
12700000 reads processed...
12800000 reads processed...
12900000 reads processed...
13000000 reads processed...
13100000 reads processed...
13200000 reads processed...
13300000 reads processed...
13400000 reads processed...
13500000 reads processed...
13600000 reads processed...
13700000 reads processed...
13800000 reads processed...
13900000 reads processed...
14000000 reads processed...
14100000 reads processed...
14200000 reads processed...
14300000 reads processed...
14400000 reads processed...
14500000 reads processed...
14600000 reads processed...
14700000 reads processed...
14800000 reads processed...
14900000 reads processed...
15000000 reads processed...
15100000 reads processed...
15200000 reads processed...
15300000 reads processed...
15400000 reads processed...
15500000 reads processed...
15600000 reads processed...
15700000 reads processed...
15800000 reads processed...
15900000 reads processed...
16000000 reads processed...
16100000 reads processed...
16200000 reads processed...
16300000 reads processed...
query [9]: # of matches found 23149 and it took: 1.34029e+06ms
PARMIK's matches per query up to q (10) => [average: 23559, median: 23575, sum: 235591]
Starting alignment for all queries [rev]...
0 queries processed...
0 reads processed...
100000 reads processed...
200000 reads processed...
300000 reads processed...
400000 reads processed...
500000 reads processed...
600000 reads processed...
700000 reads processed...
800000 reads processed...
900000 reads processed...
1000000 reads processed...
1100000 reads processed...
1200000 reads processed...
1300000 reads processed...
1400000 reads processed...
1500000 reads processed...
1600000 reads processed...
1700000 reads processed...
1800000 reads processed...
1900000 reads processed...
2000000 reads processed...
2100000 reads processed...
2200000 reads processed...
2300000 reads processed...
2400000 reads processed...
2500000 reads processed...
2600000 reads processed...
2700000 reads processed...
2800000 reads processed...
2900000 reads processed...
3000000 reads processed...
3100000 reads processed...
3200000 reads processed...
3300000 reads processed...
3400000 reads processed...
3500000 reads processed...
3600000 reads processed...
3700000 reads processed...
3800000 reads processed...
3900000 reads processed...
4000000 reads processed...
4100000 reads processed...
4200000 reads processed...
4300000 reads processed...
4400000 reads processed...
4500000 reads processed...
4600000 reads processed...
4700000 reads processed...
4800000 reads processed...
4900000 reads processed...
5000000 reads processed...
5100000 reads processed...
5200000 reads processed...
5300000 reads processed...
5400000 reads processed...
5500000 reads processed...
5600000 reads processed...
5700000 reads processed...
5800000 reads processed...
5900000 reads processed...
6000000 reads processed...
6100000 reads processed...
6200000 reads processed...
6300000 reads processed...
6400000 reads processed...
6500000 reads processed...
6600000 reads processed...
6700000 reads processed...
6800000 reads processed...
6900000 reads processed...
7000000 reads processed...
7100000 reads processed...
7200000 reads processed...
7300000 reads processed...
7400000 reads processed...
7500000 reads processed...
7600000 reads processed...
7700000 reads processed...
7800000 reads processed...
7900000 reads processed...
8000000 reads processed...
8100000 reads processed...
8200000 reads processed...
8300000 reads processed...
8400000 reads processed...
8500000 reads processed...
8600000 reads processed...
8700000 reads processed...
8800000 reads processed...
8900000 reads processed...
9000000 reads processed...
9100000 reads processed...
9200000 reads processed...
9300000 reads processed...
9400000 reads processed...
9500000 reads processed...
9600000 reads processed...
9700000 reads processed...
9800000 reads processed...
9900000 reads processed...
10000000 reads processed...
10100000 reads processed...
10200000 reads processed...
10300000 reads processed...
10400000 reads processed...
10500000 reads processed...
10600000 reads processed...
10700000 reads processed...
10800000 reads processed...
10900000 reads processed...
11000000 reads processed...
11100000 reads processed...
11200000 reads processed...
11300000 reads processed...
11400000 reads processed...
11500000 reads processed...
11600000 reads processed...
11700000 reads processed...
11800000 reads processed...
11900000 reads processed...
12000000 reads processed...
12100000 reads processed...
12200000 reads processed...
12300000 reads processed...
12400000 reads processed...
12500000 reads processed...
12600000 reads processed...
12700000 reads processed...
12800000 reads processed...
12900000 reads processed...
13000000 reads processed...
13100000 reads processed...
13200000 reads processed...
13300000 reads processed...
13400000 reads processed...
13500000 reads processed...
13600000 reads processed...
13700000 reads processed...
13800000 reads processed...
13900000 reads processed...
14000000 reads processed...
14100000 reads processed...
14200000 reads processed...
14300000 reads processed...
14400000 reads processed...
14500000 reads processed...
14600000 reads processed...
14700000 reads processed...
14800000 reads processed...
14900000 reads processed...
15000000 reads processed...
15100000 reads processed...
15200000 reads processed...
15300000 reads processed...
15400000 reads processed...
15500000 reads processed...
15600000 reads processed...
15700000 reads processed...
15800000 reads processed...
15900000 reads processed...
16000000 reads processed...
16100000 reads processed...
16200000 reads processed...
16300000 reads processed...
query [0]: # of matches found 30761 and it took: 1.37911e+06ms
0 reads processed...
100000 reads processed...
200000 reads processed...
300000 reads processed...
400000 reads processed...
500000 reads processed...
600000 reads processed...
700000 reads processed...
800000 reads processed...
900000 reads processed...
1000000 reads processed...
1100000 reads processed...
1200000 reads processed...
1300000 reads processed...
1400000 reads processed...
1500000 reads processed...
1600000 reads processed...
1700000 reads processed...
1800000 reads processed...
1900000 reads processed...
2000000 reads processed...
2100000 reads processed...
2200000 reads processed...
2300000 reads processed...
2400000 reads processed...
2500000 reads processed...
2600000 reads processed...
2700000 reads processed...
2800000 reads processed...
2900000 reads processed...
3000000 reads processed...
3100000 reads processed...
3200000 reads processed...
3300000 reads processed...
3400000 reads processed...
3500000 reads processed...
3600000 reads processed...
3700000 reads processed...
3800000 reads processed...
3900000 reads processed...
4000000 reads processed...
4100000 reads processed...
4200000 reads processed...
4300000 reads processed...
4400000 reads processed...
4500000 reads processed...
4600000 reads processed...
4700000 reads processed...
4800000 reads processed...
4900000 reads processed...
5000000 reads processed...
5100000 reads processed...
5200000 reads processed...
5300000 reads processed...
5400000 reads processed...
5500000 reads processed...
5600000 reads processed...
5700000 reads processed...
5800000 reads processed...
5900000 reads processed...
6000000 reads processed...
6100000 reads processed...
6200000 reads processed...
6300000 reads processed...
6400000 reads processed...
6500000 reads processed...
6600000 reads processed...
6700000 reads processed...
6800000 reads processed...
6900000 reads processed...
7000000 reads processed...
7100000 reads processed...
7200000 reads processed...
7300000 reads processed...
7400000 reads processed...
7500000 reads processed...
7600000 reads processed...
7700000 reads processed...
7800000 reads processed...
7900000 reads processed...
8000000 reads processed...
8100000 reads processed...
8200000 reads processed...
8300000 reads processed...
8400000 reads processed...
8500000 reads processed...
8600000 reads processed...
8700000 reads processed...
8800000 reads processed...
8900000 reads processed...
9000000 reads processed...
9100000 reads processed...
9200000 reads processed...
9300000 reads processed...
9400000 reads processed...
9500000 reads processed...
9600000 reads processed...
9700000 reads processed...
9800000 reads processed...
9900000 reads processed...
10000000 reads processed...
10100000 reads processed...
10200000 reads processed...
10300000 reads processed...
10400000 reads processed...
10500000 reads processed...
10600000 reads processed...
10700000 reads processed...
10800000 reads processed...
10900000 reads processed...
11000000 reads processed...
11100000 reads processed...
11200000 reads processed...
11300000 reads processed...
11400000 reads processed...
11500000 reads processed...
11600000 reads processed...
11700000 reads processed...
11800000 reads processed...
11900000 reads processed...
12000000 reads processed...
12100000 reads processed...
12200000 reads processed...
12300000 reads processed...
12400000 reads processed...
12500000 reads processed...
12600000 reads processed...
12700000 reads processed...
12800000 reads processed...
12900000 reads processed...
13000000 reads processed...
13100000 reads processed...
13200000 reads processed...
13300000 reads processed...
13400000 reads processed...
13500000 reads processed...
13600000 reads processed...
13700000 reads processed...
13800000 reads processed...
13900000 reads processed...
14000000 reads processed...
14100000 reads processed...
14200000 reads processed...
14300000 reads processed...
14400000 reads processed...
14500000 reads processed...
14600000 reads processed...
14700000 reads processed...
14800000 reads processed...
14900000 reads processed...
15000000 reads processed...
15100000 reads processed...
15200000 reads processed...
15300000 reads processed...
15400000 reads processed...
15500000 reads processed...
15600000 reads processed...
15700000 reads processed...
15800000 reads processed...
15900000 reads processed...
16000000 reads processed...
16100000 reads processed...
16200000 reads processed...
16300000 reads processed...
query [1]: # of matches found 30033 and it took: 1.38037e+06ms
0 reads processed...
100000 reads processed...
200000 reads processed...
300000 reads processed...
400000 reads processed...
500000 reads processed...
600000 reads processed...
700000 reads processed...
800000 reads processed...
900000 reads processed...
1000000 reads processed...
1100000 reads processed...
1200000 reads processed...
1300000 reads processed...
1400000 reads processed...
1500000 reads processed...
1600000 reads processed...
1700000 reads processed...
1800000 reads processed...
1900000 reads processed...
2000000 reads processed...
2100000 reads processed...
2200000 reads processed...
2300000 reads processed...
2400000 reads processed...
2500000 reads processed...
2600000 reads processed...
2700000 reads processed...
2800000 reads processed...
2900000 reads processed...
3000000 reads processed...
3100000 reads processed...
3200000 reads processed...
3300000 reads processed...
3400000 reads processed...
3500000 reads processed...
3600000 reads processed...
3700000 reads processed...
3800000 reads processed...
3900000 reads processed...
4000000 reads processed...
4100000 reads processed...
4200000 reads processed...
4300000 reads processed...
4400000 reads processed...
4500000 reads processed...
4600000 reads processed...
4700000 reads processed...
4800000 reads processed...
4900000 reads processed...
5000000 reads processed...
5100000 reads processed...
5200000 reads processed...
5300000 reads processed...
5400000 reads processed...
5500000 reads processed...
5600000 reads processed...
5700000 reads processed...
5800000 reads processed...
5900000 reads processed...
6000000 reads processed...
6100000 reads processed...
6200000 reads processed...
6300000 reads processed...
6400000 reads processed...
6500000 reads processed...
6600000 reads processed...
6700000 reads processed...
6800000 reads processed...
6900000 reads processed...
7000000 reads processed...
7100000 reads processed...
7200000 reads processed...
7300000 reads processed...
7400000 reads processed...
7500000 reads processed...
7600000 reads processed...
7700000 reads processed...
7800000 reads processed...
7900000 reads processed...
8000000 reads processed...
8100000 reads processed...
8200000 reads processed...
8300000 reads processed...
8400000 reads processed...
8500000 reads processed...
8600000 reads processed...
8700000 reads processed...
8800000 reads processed...
8900000 reads processed...
9000000 reads processed...
9100000 reads processed...
9200000 reads processed...
9300000 reads processed...
9400000 reads processed...
9500000 reads processed...
9600000 reads processed...
9700000 reads processed...
9800000 reads processed...
9900000 reads processed...
10000000 reads processed...
10100000 reads processed...
10200000 reads processed...
10300000 reads processed...
10400000 reads processed...
10500000 reads processed...
10600000 reads processed...
10700000 reads processed...
10800000 reads processed...
10900000 reads processed...
11000000 reads processed...
11100000 reads processed...
11200000 reads processed...
11300000 reads processed...
11400000 reads processed...
11500000 reads processed...
11600000 reads processed...
11700000 reads processed...
11800000 reads processed...
11900000 reads processed...
12000000 reads processed...
12100000 reads processed...
12200000 reads processed...
12300000 reads processed...
12400000 reads processed...
12500000 reads processed...
12600000 reads processed...
12700000 reads processed...
12800000 reads processed...
12900000 reads processed...
13000000 reads processed...
13100000 reads processed...
13200000 reads processed...
13300000 reads processed...
13400000 reads processed...
13500000 reads processed...
13600000 reads processed...
13700000 reads processed...
13800000 reads processed...
13900000 reads processed...
14000000 reads processed...
14100000 reads processed...
14200000 reads processed...
14300000 reads processed...
14400000 reads processed...
14500000 reads processed...
14600000 reads processed...
14700000 reads processed...
14800000 reads processed...
14900000 reads processed...
15000000 reads processed...
15100000 reads processed...
15200000 reads processed...
15300000 reads processed...
15400000 reads processed...
15500000 reads processed...
15600000 reads processed...
15700000 reads processed...
15800000 reads processed...
15900000 reads processed...
16000000 reads processed...
16100000 reads processed...
16200000 reads processed...
16300000 reads processed...
query [2]: # of matches found 29786 and it took: 1.37303e+06ms
0 reads processed...
100000 reads processed...
200000 reads processed...
300000 reads processed...
400000 reads processed...
500000 reads processed...
600000 reads processed...
700000 reads processed...
800000 reads processed...
900000 reads processed...
1000000 reads processed...
1100000 reads processed...
1200000 reads processed...
1300000 reads processed...
1400000 reads processed...
1500000 reads processed...
1600000 reads processed...
1700000 reads processed...
1800000 reads processed...
1900000 reads processed...
2000000 reads processed...
2100000 reads processed...
2200000 reads processed...
2300000 reads processed...
2400000 reads processed...
2500000 reads processed...
2600000 reads processed...
2700000 reads processed...
2800000 reads processed...
2900000 reads processed...
3000000 reads processed...
3100000 reads processed...
3200000 reads processed...
3300000 reads processed...
3400000 reads processed...
3500000 reads processed...
3600000 reads processed...
3700000 reads processed...
3800000 reads processed...
3900000 reads processed...
4000000 reads processed...
4100000 reads processed...
4200000 reads processed...
4300000 reads processed...
4400000 reads processed...
4500000 reads processed...
4600000 reads processed...
4700000 reads processed...
4800000 reads processed...
4900000 reads processed...
5000000 reads processed...
5100000 reads processed...
5200000 reads processed...
5300000 reads processed...
5400000 reads processed...
5500000 reads processed...
5600000 reads processed...
5700000 reads processed...
5800000 reads processed...
5900000 reads processed...
6000000 reads processed...
6100000 reads processed...
6200000 reads processed...
6300000 reads processed...
6400000 reads processed...
6500000 reads processed...
6600000 reads processed...
6700000 reads processed...
6800000 reads processed...
6900000 reads processed...
7000000 reads processed...
7100000 reads processed...
7200000 reads processed...
7300000 reads processed...
7400000 reads processed...
7500000 reads processed...
7600000 reads processed...
7700000 reads processed...
7800000 reads processed...
7900000 reads processed...
8000000 reads processed...
8100000 reads processed...
8200000 reads processed...
8300000 reads processed...
8400000 reads processed...
8500000 reads processed...
8600000 reads processed...
8700000 reads processed...
8800000 reads processed...
8900000 reads processed...
9000000 reads processed...
9100000 reads processed...
9200000 reads processed...
9300000 reads processed...
9400000 reads processed...
9500000 reads processed...
9600000 reads processed...
9700000 reads processed...
9800000 reads processed...
9900000 reads processed...
10000000 reads processed...
10100000 reads processed...
10200000 reads processed...
10300000 reads processed...
10400000 reads processed...
10500000 reads processed...
10600000 reads processed...
10700000 reads processed...
10800000 reads processed...
10900000 reads processed...
11000000 reads processed...
11100000 reads processed...
11200000 reads processed...
11300000 reads processed...
11400000 reads processed...
11500000 reads processed...
11600000 reads processed...
11700000 reads processed...
11800000 reads processed...
11900000 reads processed...
12000000 reads processed...
12100000 reads processed...
12200000 reads processed...
12300000 reads processed...
12400000 reads processed...
12500000 reads processed...
12600000 reads processed...
12700000 reads processed...
12800000 reads processed...
12900000 reads processed...
13000000 reads processed...
13100000 reads processed...
13200000 reads processed...
13300000 reads processed...
13400000 reads processed...
13500000 reads processed...
13600000 reads processed...
13700000 reads processed...
13800000 reads processed...
13900000 reads processed...
14000000 reads processed...
14100000 reads processed...
14200000 reads processed...
14300000 reads processed...
14400000 reads processed...
14500000 reads processed...
14600000 reads processed...
14700000 reads processed...
14800000 reads processed...
14900000 reads processed...
15000000 reads processed...
15100000 reads processed...
15200000 reads processed...
15300000 reads processed...
15400000 reads processed...
15500000 reads processed...
15600000 reads processed...
15700000 reads processed...
15800000 reads processed...
15900000 reads processed...
16000000 reads processed...
16100000 reads processed...
16200000 reads processed...
16300000 reads processed...
query [3]: # of matches found 29719 and it took: 1.37346e+06ms
0 reads processed...
100000 reads processed...
200000 reads processed...
300000 reads processed...
400000 reads processed...
500000 reads processed...
600000 reads processed...
700000 reads processed...
800000 reads processed...
900000 reads processed...
1000000 reads processed...
1100000 reads processed...
1200000 reads processed...
1300000 reads processed...
1400000 reads processed...
1500000 reads processed...
1600000 reads processed...
1700000 reads processed...
1800000 reads processed...
1900000 reads processed...
2000000 reads processed...
2100000 reads processed...
2200000 reads processed...
2300000 reads processed...
2400000 reads processed...
2500000 reads processed...
2600000 reads processed...
2700000 reads processed...
2800000 reads processed...
2900000 reads processed...
3000000 reads processed...
3100000 reads processed...
3200000 reads processed...
3300000 reads processed...
3400000 reads processed...
3500000 reads processed...
3600000 reads processed...
3700000 reads processed...
3800000 reads processed...
3900000 reads processed...
4000000 reads processed...
4100000 reads processed...
4200000 reads processed...
4300000 reads processed...
4400000 reads processed...
4500000 reads processed...
4600000 reads processed...
4700000 reads processed...
4800000 reads processed...
4900000 reads processed...
5000000 reads processed...
5100000 reads processed...
5200000 reads processed...
5300000 reads processed...
5400000 reads processed...
5500000 reads processed...
5600000 reads processed...
5700000 reads processed...
5800000 reads processed...
5900000 reads processed...
6000000 reads processed...
6100000 reads processed...
6200000 reads processed...
6300000 reads processed...
6400000 reads processed...
6500000 reads processed...
6600000 reads processed...
6700000 reads processed...
6800000 reads processed...
6900000 reads processed...
7000000 reads processed...
7100000 reads processed...
7200000 reads processed...
7300000 reads processed...
7400000 reads processed...
7500000 reads processed...
7600000 reads processed...
7700000 reads processed...
7800000 reads processed...
7900000 reads processed...
8000000 reads processed...
8100000 reads processed...
8200000 reads processed...
8300000 reads processed...
8400000 reads processed...
8500000 reads processed...
8600000 reads processed...
8700000 reads processed...
8800000 reads processed...
8900000 reads processed...
9000000 reads processed...
9100000 reads processed...
9200000 reads processed...
9300000 reads processed...
9400000 reads processed...
9500000 reads processed...
9600000 reads processed...
9700000 reads processed...
9800000 reads processed...
9900000 reads processed...
10000000 reads processed...
10100000 reads processed...
10200000 reads processed...
10300000 reads processed...
10400000 reads processed...
10500000 reads processed...
10600000 reads processed...
10700000 reads processed...
10800000 reads processed...
10900000 reads processed...
11000000 reads processed...
11100000 reads processed...
11200000 reads processed...
11300000 reads processed...
11400000 reads processed...
11500000 reads processed...
11600000 reads processed...
11700000 reads processed...
11800000 reads processed...
11900000 reads processed...
12000000 reads processed...
12100000 reads processed...
12200000 reads processed...
12300000 reads processed...
12400000 reads processed...
12500000 reads processed...
12600000 reads processed...
12700000 reads processed...
12800000 reads processed...
12900000 reads processed...
13000000 reads processed...
13100000 reads processed...
13200000 reads processed...
13300000 reads processed...
13400000 reads processed...
13500000 reads processed...
13600000 reads processed...
13700000 reads processed...
13800000 reads processed...
13900000 reads processed...
14000000 reads processed...
14100000 reads processed...
14200000 reads processed...
14300000 reads processed...
14400000 reads processed...
14500000 reads processed...
14600000 reads processed...
14700000 reads processed...
14800000 reads processed...
14900000 reads processed...
15000000 reads processed...
15100000 reads processed...
15200000 reads processed...
15300000 reads processed...
15400000 reads processed...
15500000 reads processed...
15600000 reads processed...
15700000 reads processed...
15800000 reads processed...
15900000 reads processed...
16000000 reads processed...
16100000 reads processed...
16200000 reads processed...
16300000 reads processed...
query [4]: # of matches found 29734 and it took: 1.3752e+06ms
0 reads processed...
100000 reads processed...
200000 reads processed...
300000 reads processed...
400000 reads processed...
500000 reads processed...
600000 reads processed...
700000 reads processed...
800000 reads processed...
900000 reads processed...
1000000 reads processed...
1100000 reads processed...
1200000 reads processed...
1300000 reads processed...
1400000 reads processed...
1500000 reads processed...
1600000 reads processed...
1700000 reads processed...
1800000 reads processed...
1900000 reads processed...
2000000 reads processed...
2100000 reads processed...
2200000 reads processed...
2300000 reads processed...
2400000 reads processed...
2500000 reads processed...
2600000 reads processed...
2700000 reads processed...
2800000 reads processed...
2900000 reads processed...
3000000 reads processed...
3100000 reads processed...
3200000 reads processed...
3300000 reads processed...
3400000 reads processed...
3500000 reads processed...
3600000 reads processed...
3700000 reads processed...
3800000 reads processed...
3900000 reads processed...
4000000 reads processed...
4100000 reads processed...
4200000 reads processed...
4300000 reads processed...
4400000 reads processed...
4500000 reads processed...
4600000 reads processed...
4700000 reads processed...
4800000 reads processed...
4900000 reads processed...
5000000 reads processed...
5100000 reads processed...
5200000 reads processed...
5300000 reads processed...
5400000 reads processed...
5500000 reads processed...
5600000 reads processed...
5700000 reads processed...
5800000 reads processed...
5900000 reads processed...
6000000 reads processed...
6100000 reads processed...
6200000 reads processed...
6300000 reads processed...
6400000 reads processed...
6500000 reads processed...
6600000 reads processed...
6700000 reads processed...
6800000 reads processed...
6900000 reads processed...
7000000 reads processed...
7100000 reads processed...
7200000 reads processed...
7300000 reads processed...
7400000 reads processed...
7500000 reads processed...
7600000 reads processed...
7700000 reads processed...
7800000 reads processed...
7900000 reads processed...
8000000 reads processed...
8100000 reads processed...
8200000 reads processed...
8300000 reads processed...
8400000 reads processed...
8500000 reads processed...
8600000 reads processed...
8700000 reads processed...
8800000 reads processed...
8900000 reads processed...
9000000 reads processed...
9100000 reads processed...
9200000 reads processed...
9300000 reads processed...
9400000 reads processed...
9500000 reads processed...
9600000 reads processed...
9700000 reads processed...
9800000 reads processed...
9900000 reads processed...
10000000 reads processed...
10100000 reads processed...
10200000 reads processed...
10300000 reads processed...
10400000 reads processed...
10500000 reads processed...
10600000 reads processed...
10700000 reads processed...
10800000 reads processed...
10900000 reads processed...
11000000 reads processed...
11100000 reads processed...
11200000 reads processed...
11300000 reads processed...
11400000 reads processed...
11500000 reads processed...
11600000 reads processed...
11700000 reads processed...
11800000 reads processed...
11900000 reads processed...
12000000 reads processed...
12100000 reads processed...
12200000 reads processed...
12300000 reads processed...
12400000 reads processed...
12500000 reads processed...
12600000 reads processed...
12700000 reads processed...
12800000 reads processed...
12900000 reads processed...
13000000 reads processed...
13100000 reads processed...
13200000 reads processed...
13300000 reads processed...
13400000 reads processed...
13500000 reads processed...
13600000 reads processed...
13700000 reads processed...
13800000 reads processed...
13900000 reads processed...
14000000 reads processed...
14100000 reads processed...
14200000 reads processed...
14300000 reads processed...
14400000 reads processed...
14500000 reads processed...
14600000 reads processed...
14700000 reads processed...
14800000 reads processed...
14900000 reads processed...
15000000 reads processed...
15100000 reads processed...
15200000 reads processed...
15300000 reads processed...
15400000 reads processed...
15500000 reads processed...
15600000 reads processed...
15700000 reads processed...
15800000 reads processed...
15900000 reads processed...
16000000 reads processed...
16100000 reads processed...
16200000 reads processed...
16300000 reads processed...
query [5]: # of matches found 29524 and it took: 1.38599e+06ms
0 reads processed...
100000 reads processed...
200000 reads processed...
300000 reads processed...
400000 reads processed...
500000 reads processed...
600000 reads processed...
700000 reads processed...
800000 reads processed...
900000 reads processed...
1000000 reads processed...
1100000 reads processed...
1200000 reads processed...
1300000 reads processed...
1400000 reads processed...
1500000 reads processed...
1600000 reads processed...
1700000 reads processed...
1800000 reads processed...
1900000 reads processed...
2000000 reads processed...
2100000 reads processed...
2200000 reads processed...
2300000 reads processed...
2400000 reads processed...
2500000 reads processed...
2600000 reads processed...
2700000 reads processed...
2800000 reads processed...
2900000 reads processed...
3000000 reads processed...
3100000 reads processed...
3200000 reads processed...
3300000 reads processed...
3400000 reads processed...
3500000 reads processed...
3600000 reads processed...
3700000 reads processed...
3800000 reads processed...
3900000 reads processed...
4000000 reads processed...
4100000 reads processed...
4200000 reads processed...
4300000 reads processed...
4400000 reads processed...
4500000 reads processed...
4600000 reads processed...
4700000 reads processed...
4800000 reads processed...
4900000 reads processed...
5000000 reads processed...
5100000 reads processed...
5200000 reads processed...
5300000 reads processed...
5400000 reads processed...
5500000 reads processed...
5600000 reads processed...
5700000 reads processed...
5800000 reads processed...
5900000 reads processed...
6000000 reads processed...
6100000 reads processed...
6200000 reads processed...
6300000 reads processed...
6400000 reads processed...
6500000 reads processed...
6600000 reads processed...
6700000 reads processed...
6800000 reads processed...
6900000 reads processed...
7000000 reads processed...
7100000 reads processed...
7200000 reads processed...
7300000 reads processed...
7400000 reads processed...
7500000 reads processed...
7600000 reads processed...
7700000 reads processed...
7800000 reads processed...
7900000 reads processed...
8000000 reads processed...
8100000 reads processed...
8200000 reads processed...
8300000 reads processed...
8400000 reads processed...
8500000 reads processed...
8600000 reads processed...
8700000 reads processed...
8800000 reads processed...
8900000 reads processed...
9000000 reads processed...
9100000 reads processed...
9200000 reads processed...
9300000 reads processed...
9400000 reads processed...
9500000 reads processed...
9600000 reads processed...
9700000 reads processed...
9800000 reads processed...
9900000 reads processed...
10000000 reads processed...
10100000 reads processed...
10200000 reads processed...
10300000 reads processed...
10400000 reads processed...
10500000 reads processed...
10600000 reads processed...
10700000 reads processed...
10800000 reads processed...
10900000 reads processed...
11000000 reads processed...
11100000 reads processed...
11200000 reads processed...
11300000 reads processed...
11400000 reads processed...
11500000 reads processed...
11600000 reads processed...
11700000 reads processed...
11800000 reads processed...
11900000 reads processed...
12000000 reads processed...
12100000 reads processed...
12200000 reads processed...
12300000 reads processed...
12400000 reads processed...
12500000 reads processed...
12600000 reads processed...
12700000 reads processed...
12800000 reads processed...
12900000 reads processed...
13000000 reads processed...
13100000 reads processed...
13200000 reads processed...
13300000 reads processed...
13400000 reads processed...
13500000 reads processed...
13600000 reads processed...
13700000 reads processed...
13800000 reads processed...
13900000 reads processed...
14000000 reads processed...
14100000 reads processed...
14200000 reads processed...
14300000 reads processed...
14400000 reads processed...
14500000 reads processed...
14600000 reads processed...
14700000 reads processed...
14800000 reads processed...
14900000 reads processed...
15000000 reads processed...
15100000 reads processed...
15200000 reads processed...
15300000 reads processed...
15400000 reads processed...
15500000 reads processed...
15600000 reads processed...
15700000 reads processed...
15800000 reads processed...
15900000 reads processed...
16000000 reads processed...
16100000 reads processed...
16200000 reads processed...
16300000 reads processed...
query [6]: # of matches found 29611 and it took: 1.38966e+06ms
0 reads processed...
100000 reads processed...
200000 reads processed...
300000 reads processed...
400000 reads processed...
500000 reads processed...
600000 reads processed...
700000 reads processed...
800000 reads processed...
900000 reads processed...
1000000 reads processed...
1100000 reads processed...
1200000 reads processed...
1300000 reads processed...
1400000 reads processed...
1500000 reads processed...
1600000 reads processed...
1700000 reads processed...
1800000 reads processed...
1900000 reads processed...
2000000 reads processed...
2100000 reads processed...
2200000 reads processed...
2300000 reads processed...
2400000 reads processed...
2500000 reads processed...
2600000 reads processed...
2700000 reads processed...
2800000 reads processed...
2900000 reads processed...
3000000 reads processed...
3100000 reads processed...
3200000 reads processed...
3300000 reads processed...
3400000 reads processed...
3500000 reads processed...
3600000 reads processed...
3700000 reads processed...
3800000 reads processed...
3900000 reads processed...
4000000 reads processed...
4100000 reads processed...
4200000 reads processed...
4300000 reads processed...
4400000 reads processed...
4500000 reads processed...
4600000 reads processed...
4700000 reads processed...
4800000 reads processed...
4900000 reads processed...
5000000 reads processed...
5100000 reads processed...
5200000 reads processed...
5300000 reads processed...
5400000 reads processed...
5500000 reads processed...
5600000 reads processed...
5700000 reads processed...
5800000 reads processed...
5900000 reads processed...
6000000 reads processed...
6100000 reads processed...
6200000 reads processed...
6300000 reads processed...
6400000 reads processed...
6500000 reads processed...
6600000 reads processed...
6700000 reads processed...
6800000 reads processed...
6900000 reads processed...
7000000 reads processed...
7100000 reads processed...
7200000 reads processed...
7300000 reads processed...
7400000 reads processed...
7500000 reads processed...
7600000 reads processed...
7700000 reads processed...
7800000 reads processed...
7900000 reads processed...
8000000 reads processed...
8100000 reads processed...
8200000 reads processed...
8300000 reads processed...
8400000 reads processed...
8500000 reads processed...
8600000 reads processed...
8700000 reads processed...
8800000 reads processed...
8900000 reads processed...
9000000 reads processed...
9100000 reads processed...
9200000 reads processed...
9300000 reads processed...
9400000 reads processed...
9500000 reads processed...
9600000 reads processed...
9700000 reads processed...
9800000 reads processed...
9900000 reads processed...
10000000 reads processed...
10100000 reads processed...
10200000 reads processed...
10300000 reads processed...
10400000 reads processed...
10500000 reads processed...
10600000 reads processed...
10700000 reads processed...
10800000 reads processed...
10900000 reads processed...
11000000 reads processed...
11100000 reads processed...
11200000 reads processed...
11300000 reads processed...
11400000 reads processed...
11500000 reads processed...
11600000 reads processed...
11700000 reads processed...
11800000 reads processed...
11900000 reads processed...
12000000 reads processed...
12100000 reads processed...
12200000 reads processed...
12300000 reads processed...
12400000 reads processed...
12500000 reads processed...
12600000 reads processed...
12700000 reads processed...
12800000 reads processed...
12900000 reads processed...
13000000 reads processed...
13100000 reads processed...
13200000 reads processed...
13300000 reads processed...
13400000 reads processed...
13500000 reads processed...
13600000 reads processed...
13700000 reads processed...
13800000 reads processed...
13900000 reads processed...
14000000 reads processed...
14100000 reads processed...
14200000 reads processed...
14300000 reads processed...
14400000 reads processed...
14500000 reads processed...
14600000 reads processed...
14700000 reads processed...
14800000 reads processed...
14900000 reads processed...
15000000 reads processed...
15100000 reads processed...
15200000 reads processed...
15300000 reads processed...
15400000 reads processed...
15500000 reads processed...
15600000 reads processed...
15700000 reads processed...
15800000 reads processed...
15900000 reads processed...
16000000 reads processed...
16100000 reads processed...
16200000 reads processed...
16300000 reads processed...
query [7]: # of matches found 29075 and it took: 1.38929e+06ms
0 reads processed...
100000 reads processed...
200000 reads processed...
300000 reads processed...
400000 reads processed...
500000 reads processed...
600000 reads processed...
700000 reads processed...
800000 reads processed...
900000 reads processed...
1000000 reads processed...
1100000 reads processed...
1200000 reads processed...
1300000 reads processed...
1400000 reads processed...
1500000 reads processed...
1600000 reads processed...
1700000 reads processed...
1800000 reads processed...
1900000 reads processed...
2000000 reads processed...
2100000 reads processed...
2200000 reads processed...
2300000 reads processed...
2400000 reads processed...
2500000 reads processed...
2600000 reads processed...
2700000 reads processed...
2800000 reads processed...
2900000 reads processed...
3000000 reads processed...
3100000 reads processed...
3200000 reads processed...
3300000 reads processed...
3400000 reads processed...
3500000 reads processed...
3600000 reads processed...
3700000 reads processed...
3800000 reads processed...
3900000 reads processed...
4000000 reads processed...
4100000 reads processed...
4200000 reads processed...
4300000 reads processed...
4400000 reads processed...
4500000 reads processed...
4600000 reads processed...
4700000 reads processed...
4800000 reads processed...
4900000 reads processed...
5000000 reads processed...
5100000 reads processed...
5200000 reads processed...
5300000 reads processed...
5400000 reads processed...
5500000 reads processed...
5600000 reads processed...
5700000 reads processed...
5800000 reads processed...
5900000 reads processed...
6000000 reads processed...
6100000 reads processed...
6200000 reads processed...
6300000 reads processed...
6400000 reads processed...
6500000 reads processed...
6600000 reads processed...
6700000 reads processed...
6800000 reads processed...
6900000 reads processed...
7000000 reads processed...
7100000 reads processed...
7200000 reads processed...
7300000 reads processed...
7400000 reads processed...
7500000 reads processed...
7600000 reads processed...
7700000 reads processed...
7800000 reads processed...
7900000 reads processed...
8000000 reads processed...
8100000 reads processed...
8200000 reads processed...
8300000 reads processed...
8400000 reads processed...
8500000 reads processed...
8600000 reads processed...
8700000 reads processed...
8800000 reads processed...
8900000 reads processed...
9000000 reads processed...
9100000 reads processed...
9200000 reads processed...
9300000 reads processed...
9400000 reads processed...
9500000 reads processed...
9600000 reads processed...
9700000 reads processed...
9800000 reads processed...
9900000 reads processed...
10000000 reads processed...
10100000 reads processed...
10200000 reads processed...
10300000 reads processed...
10400000 reads processed...
10500000 reads processed...
10600000 reads processed...
10700000 reads processed...
10800000 reads processed...
10900000 reads processed...
11000000 reads processed...
11100000 reads processed...
11200000 reads processed...
11300000 reads processed...
11400000 reads processed...
11500000 reads processed...
11600000 reads processed...
11700000 reads processed...
11800000 reads processed...
11900000 reads processed...
12000000 reads processed...
12100000 reads processed...
12200000 reads processed...
12300000 reads processed...
12400000 reads processed...
12500000 reads processed...
12600000 reads processed...
12700000 reads processed...
12800000 reads processed...
12900000 reads processed...
13000000 reads processed...
13100000 reads processed...
13200000 reads processed...
13300000 reads processed...
13400000 reads processed...
13500000 reads processed...
13600000 reads processed...
13700000 reads processed...
13800000 reads processed...
13900000 reads processed...
14000000 reads processed...
14100000 reads processed...
14200000 reads processed...
14300000 reads processed...
14400000 reads processed...
14500000 reads processed...
14600000 reads processed...
14700000 reads processed...
14800000 reads processed...
14900000 reads processed...
15000000 reads processed...
15100000 reads processed...
15200000 reads processed...
15300000 reads processed...
15400000 reads processed...
15500000 reads processed...
15600000 reads processed...
15700000 reads processed...
15800000 reads processed...
15900000 reads processed...
16000000 reads processed...
16100000 reads processed...
16200000 reads processed...
16300000 reads processed...
query [8]: # of matches found 29071 and it took: 1.39171e+06ms
0 reads processed...
100000 reads processed...
200000 reads processed...
300000 reads processed...
400000 reads processed...
500000 reads processed...
600000 reads processed...
700000 reads processed...
800000 reads processed...
900000 reads processed...
1000000 reads processed...
1100000 reads processed...
1200000 reads processed...
1300000 reads processed...
1400000 reads processed...
1500000 reads processed...
1600000 reads processed...
1700000 reads processed...
1800000 reads processed...
1900000 reads processed...
2000000 reads processed...
2100000 reads processed...
2200000 reads processed...
2300000 reads processed...
2400000 reads processed...
2500000 reads processed...
2600000 reads processed...
2700000 reads processed...
2800000 reads processed...
2900000 reads processed...
3000000 reads processed...
3100000 reads processed...
3200000 reads processed...
3300000 reads processed...
3400000 reads processed...
3500000 reads processed...
3600000 reads processed...
3700000 reads processed...
3800000 reads processed...
3900000 reads processed...
4000000 reads processed...
4100000 reads processed...
4200000 reads processed...
4300000 reads processed...
4400000 reads processed...
4500000 reads processed...
4600000 reads processed...
4700000 reads processed...
4800000 reads processed...
4900000 reads processed...
5000000 reads processed...
5100000 reads processed...
5200000 reads processed...
5300000 reads processed...
5400000 reads processed...
5500000 reads processed...
5600000 reads processed...
5700000 reads processed...
5800000 reads processed...
5900000 reads processed...
6000000 reads processed...
6100000 reads processed...
6200000 reads processed...
6300000 reads processed...
6400000 reads processed...
6500000 reads processed...
6600000 reads processed...
6700000 reads processed...
6800000 reads processed...
6900000 reads processed...
7000000 reads processed...
7100000 reads processed...
7200000 reads processed...
7300000 reads processed...
7400000 reads processed...
7500000 reads processed...
7600000 reads processed...
7700000 reads processed...
7800000 reads processed...
7900000 reads processed...
8000000 reads processed...
8100000 reads processed...
8200000 reads processed...
8300000 reads processed...
8400000 reads processed...
8500000 reads processed...
8600000 reads processed...
8700000 reads processed...
8800000 reads processed...
8900000 reads processed...
9000000 reads processed...
9100000 reads processed...
9200000 reads processed...
9300000 reads processed...
9400000 reads processed...
9500000 reads processed...
9600000 reads processed...
9700000 reads processed...
9800000 reads processed...
9900000 reads processed...
10000000 reads processed...
10100000 reads processed...
10200000 reads processed...
10300000 reads processed...
10400000 reads processed...
10500000 reads processed...
10600000 reads processed...
10700000 reads processed...
10800000 reads processed...
10900000 reads processed...
11000000 reads processed...
11100000 reads processed...
11200000 reads processed...
11300000 reads processed...
11400000 reads processed...
11500000 reads processed...
11600000 reads processed...
11700000 reads processed...
11800000 reads processed...
11900000 reads processed...
12000000 reads processed...
12100000 reads processed...
12200000 reads processed...
12300000 reads processed...
12400000 reads processed...
12500000 reads processed...
12600000 reads processed...
12700000 reads processed...
12800000 reads processed...
12900000 reads processed...
13000000 reads processed...
13100000 reads processed...
13200000 reads processed...
13300000 reads processed...
13400000 reads processed...
13500000 reads processed...
13600000 reads processed...
13700000 reads processed...
13800000 reads processed...
13900000 reads processed...
14000000 reads processed...
14100000 reads processed...
14200000 reads processed...
14300000 reads processed...
14400000 reads processed...
14500000 reads processed...
14600000 reads processed...
14700000 reads processed...
14800000 reads processed...
14900000 reads processed...
15000000 reads processed...
15100000 reads processed...
15200000 reads processed...
15300000 reads processed...
15400000 reads processed...
15500000 reads processed...
15600000 reads processed...
15700000 reads processed...
15800000 reads processed...
15900000 reads processed...
16000000 reads processed...
16100000 reads processed...
16200000 reads processed...
16300000 reads processed...
query [9]: # of matches found 29034 and it took: 1.39587e+06ms
PARMIK's matches per query up to q (10) => [average: 29634, median: 29665, sum: 296348]
