no kmerRangesFileAddressArg!
no otherToolArg!
**********************CONFIGURATIONS*****************************
PARMIK mode:                  3
readDatabaseAddress:          /p/lava/parmik/partialMatcherProject/datasets/metagenomicDB/SRR12432009/SRR12432009_reads
readFileName:                 SRR12432009_reads
queryFileAddress:             /p/lava/parmik/partialMatcherProject/datasets/queryFiles/covidQueryFiles/NC_045512_chunks/NC_045512_queries_29000-29999
queryFileName:                NC_045512_queries_29000-29999
otherToolOutputFileAddress:   /u/rgq5aw/GIT/PARMIK/partialMatcherProject/tools/blast/SRR12432009/NC_045512/blastn_ws30_results.out
outputDir:                    /p/lava/parmik/partialMatcherProject/tools/baseline_ssw/SRR12432009/NC_045512
penaltyFileAddress:           /u/rgq5aw/GIT/PARMIK/experiments/parmik/CK_SSW_ID_PRCNTG/PenaltySets/2484_1111_2444_2288_2848
kmerRangesFileAddress:        
readsCount:                   17000000
queryCount:                   30000
kmerLength:                   11
regionSize:                   48
cheapKmerThreshold:           0
identityPercentage:           0.85
minExactMatchLen:             0
minNumExactMatchKmer:         0
isIndexOffline:               1
offlineIndexAddress:          /p/lava/parmik/partialMatcherProject/tools/parmik/CK_INDEX/SRR12432009/
max editDistance in min region: 2
**********************CONFIGURATIONS*****************************
--------------Penalties--------------
m: 2, s: 4, go: 8, ge: 4
m: 1, s: 1, go: 1, ge: 1
m: 2, s: 4, go: 4, ge: 4
m: 2, s: 2, go: 8, ge: 8
m: 2, s: 8, go: 4, ge: 8
------------------------------------
numberOfReadsWithN : 0
queryCount : 754
numberOfReadsWithN : 0
readCount : 16344647
offlineCheapIndexAddress: /p/lava/parmik/partialMatcherProject/tools/parmik/CK_INDEX/SRR12432009/ck_T0_K11_r17000000
pmrkAlignmentsAddress: /p/lava/parmik/partialMatcherProject/tools/baseline_ssw/SRR12432009/NC_045512/aln/pmAln_R48_PI85_L0_M0_E2_K11_T0_P_2484_1111_2444_2288_2848.txt
Starting alignment for all queries [fwd]...
queryBaseIndex: 29000
query [29000]: # of matches found 27946 and it took: 105671ms
query [29001]: # of matches found 27902 and it took: 105079ms
query [29002]: # of matches found 27876 and it took: 105624ms
query [29003]: # of matches found 27841 and it took: 105399ms
query [29004]: # of matches found 27790 and it took: 104529ms
query [29005]: # of matches found 27858 and it took: 105661ms
query [29006]: # of matches found 27884 and it took: 104851ms
query [29007]: # of matches found 27971 and it took: 104262ms
query [29008]: # of matches found 27883 and it took: 103758ms
query [29009]: # of matches found 27983 and it took: 103314ms
query [29010]: # of matches found 28131 and it took: 103267ms
query [29011]: # of matches found 28180 and it took: 102477ms
query [29012]: # of matches found 28218 and it took: 103095ms
query [29013]: # of matches found 28661 and it took: 102937ms
query [29014]: # of matches found 28592 and it took: 102859ms
query [29015]: # of matches found 28722 and it took: 103438ms
query [29016]: # of matches found 28488 and it took: 104069ms
query [29017]: # of matches found 28249 and it took: 102786ms
query [29018]: # of matches found 28207 and it took: 103579ms
query [29019]: # of matches found 28076 and it took: 104669ms
query [29020]: # of matches found 27376 and it took: 103857ms
query [29021]: # of matches found 26796 and it took: 102919ms
query [29022]: # of matches found 26436 and it took: 102818ms
query [29023]: # of matches found 26634 and it took: 102805ms
query [29024]: # of matches found 26248 and it took: 102458ms
query [29025]: # of matches found 26053 and it took: 102730ms
query [29026]: # of matches found 25936 and it took: 103023ms
query [29027]: # of matches found 28058 and it took: 101800ms
query [29028]: # of matches found 28055 and it took: 102107ms
query [29029]: # of matches found 28146 and it took: 102794ms
query [29030]: # of matches found 28165 and it took: 102921ms
query [29031]: # of matches found 28241 and it took: 101589ms
query [29032]: # of matches found 27859 and it took: 101882ms
query [29033]: # of matches found 27885 and it took: 101782ms
query [29034]: # of matches found 27843 and it took: 102192ms
query [29035]: # of matches found 27984 and it took: 101513ms
query [29036]: # of matches found 27890 and it took: 102685ms
query [29037]: # of matches found 27939 and it took: 101429ms
query [29038]: # of matches found 27883 and it took: 101566ms
query [29039]: # of matches found 27733 and it took: 102609ms
query [29040]: # of matches found 27771 and it took: 102727ms
query [29041]: # of matches found 27775 and it took: 101669ms
query [29042]: # of matches found 27773 and it took: 101592ms
query [29043]: # of matches found 28158 and it took: 102145ms
query [29044]: # of matches found 28120 and it took: 102770ms
query [29045]: # of matches found 28208 and it took: 102881ms
query [29046]: # of matches found 28103 and it took: 102993ms
query [29047]: # of matches found 27929 and it took: 102267ms
query [29048]: # of matches found 27748 and it took: 102758ms
query [29049]: # of matches found 27727 and it took: 103061ms
query [29050]: # of matches found 27680 and it took: 102383ms
query [29051]: # of matches found 27591 and it took: 100951ms
query [29052]: # of matches found 27672 and it took: 102159ms
query [29053]: # of matches found 27690 and it took: 101657ms
query [29054]: # of matches found 27759 and it took: 103076ms
query [29055]: # of matches found 28859 and it took: 102513ms
query [29056]: # of matches found 28906 and it took: 103144ms
query [29057]: # of matches found 28951 and it took: 102078ms
query [29058]: # of matches found 29249 and it took: 102826ms
query [29059]: # of matches found 29672 and it took: 102740ms
query [29060]: # of matches found 29823 and it took: 102300ms
query [29061]: # of matches found 29877 and it took: 101605ms
query [29062]: # of matches found 30091 and it took: 101855ms
query [29063]: # of matches found 30145 and it took: 101975ms
query [29064]: # of matches found 30433 and it took: 102653ms
query [29065]: # of matches found 30357 and it took: 103325ms
query [29066]: # of matches found 30337 and it took: 103521ms
query [29067]: # of matches found 30329 and it took: 103521ms
query [29068]: # of matches found 30501 and it took: 103563ms
query [29069]: # of matches found 30378 and it took: 104089ms
query [29070]: # of matches found 30427 and it took: 104558ms
query [29071]: # of matches found 30334 and it took: 103505ms
query [29072]: # of matches found 30207 and it took: 104919ms
query [29073]: # of matches found 29929 and it took: 103170ms
query [29074]: # of matches found 29363 and it took: 103881ms
query [29075]: # of matches found 29349 and it took: 103166ms
query [29076]: # of matches found 28947 and it took: 104436ms
query [29077]: # of matches found 28894 and it took: 104491ms
query [29078]: # of matches found 28937 and it took: 104790ms
query [29079]: # of matches found 28867 and it took: 105886ms
query [29080]: # of matches found 28761 and it took: 104705ms
query [29081]: # of matches found 28758 and it took: 103518ms
query [29082]: # of matches found 28924 and it took: 103802ms
query [29083]: # of matches found 28506 and it took: 103673ms
query [29084]: # of matches found 28571 and it took: 104901ms
query [29085]: # of matches found 28534 and it took: 104884ms
query [29086]: # of matches found 28510 and it took: 104856ms
query [29087]: # of matches found 28511 and it took: 104180ms
query [29088]: # of matches found 28461 and it took: 104386ms
query [29089]: # of matches found 28484 and it took: 104794ms
query [29090]: # of matches found 28514 and it took: 105493ms
query [29091]: # of matches found 28400 and it took: 104796ms
query [29092]: # of matches found 28423 and it took: 105780ms
query [29093]: # of matches found 28221 and it took: 105636ms
query [29094]: # of matches found 28568 and it took: 107043ms
query [29095]: # of matches found 28586 and it took: 106512ms
query [29096]: # of matches found 28508 and it took: 107720ms
query [29097]: # of matches found 28484 and it took: 107525ms
query [29098]: # of matches found 28485 and it took: 107741ms
query [29099]: # of matches found 28517 and it took: 107709ms
query [29100]: # of matches found 28531 and it took: 108426ms
query [29101]: # of matches found 28466 and it took: 108272ms
query [29102]: # of matches found 28401 and it took: 108483ms
query [29103]: # of matches found 28388 and it took: 108013ms
query [29104]: # of matches found 28391 and it took: 109526ms
query [29105]: # of matches found 28353 and it took: 108899ms
query [29106]: # of matches found 28310 and it took: 110609ms
query [29107]: # of matches found 26925 and it took: 109975ms
query [29108]: # of matches found 26413 and it took: 109734ms
query [29109]: # of matches found 26938 and it took: 109974ms
query [29110]: # of matches found 26924 and it took: 109782ms
query [29111]: # of matches found 26885 and it took: 110127ms
query [29112]: # of matches found 26677 and it took: 110853ms
query [29113]: # of matches found 26507 and it took: 110865ms
query [29114]: # of matches found 26768 and it took: 112104ms
query [29115]: # of matches found 26087 and it took: 112480ms
query [29116]: # of matches found 25936 and it took: 112208ms
query [29117]: # of matches found 25753 and it took: 113067ms
query [29118]: # of matches found 25631 and it took: 112745ms
query [29119]: # of matches found 25500 and it took: 113742ms
query [29120]: # of matches found 25487 and it took: 114087ms
query [29121]: # of matches found 25000 and it took: 114107ms
query [29122]: # of matches found 24920 and it took: 114726ms
query [29123]: # of matches found 24744 and it took: 113963ms
query [29124]: # of matches found 24543 and it took: 115487ms
query [29125]: # of matches found 24359 and it took: 113724ms
query [29126]: # of matches found 24284 and it took: 114966ms
query [29127]: # of matches found 24264 and it took: 115349ms
query [29128]: # of matches found 24254 and it took: 114631ms
query [29129]: # of matches found 24183 and it took: 115410ms
query [29130]: # of matches found 24103 and it took: 114755ms
query [29131]: # of matches found 24110 and it took: 115731ms
query [29132]: # of matches found 28685 and it took: 116871ms
query [29133]: # of matches found 28490 and it took: 116260ms
query [29134]: # of matches found 28458 and it took: 117789ms
query [29135]: # of matches found 28016 and it took: 116188ms
query [29136]: # of matches found 28043 and it took: 116740ms
query [29137]: # of matches found 27900 and it took: 117223ms
query [29138]: # of matches found 27730 and it took: 117555ms
query [29139]: # of matches found 27937 and it took: 117188ms
query [29140]: # of matches found 27976 and it took: 115952ms
query [29141]: # of matches found 28061 and it took: 117017ms
query [29142]: # of matches found 28104 and it took: 116816ms
query [29143]: # of matches found 28136 and it took: 116517ms
query [29144]: # of matches found 28193 and it took: 117298ms
query [29145]: # of matches found 28231 and it took: 114754ms
query [29146]: # of matches found 28222 and it took: 115462ms
query [29147]: # of matches found 28249 and it took: 115043ms
query [29148]: # of matches found 28346 and it took: 114207ms
query [29149]: # of matches found 28369 and it took: 114911ms
query [29150]: # of matches found 29738 and it took: 114239ms
query [29151]: # of matches found 29893 and it took: 114488ms
query [29152]: # of matches found 29869 and it took: 113493ms
query [29153]: # of matches found 29322 and it took: 113159ms
query [29154]: # of matches found 29335 and it took: 113158ms
query [29155]: # of matches found 29135 and it took: 112259ms
query [29156]: # of matches found 29186 and it took: 112403ms
query [29157]: # of matches found 29242 and it took: 113052ms
query [29158]: # of matches found 29259 and it took: 112169ms
query [29159]: # of matches found 29192 and it took: 112298ms
query [29160]: # of matches found 29125 and it took: 111377ms
query [29161]: # of matches found 29615 and it took: 111447ms
query [29162]: # of matches found 29489 and it took: 111372ms
query [29163]: # of matches found 29400 and it took: 110897ms
query [29164]: # of matches found 29575 and it took: 111822ms
query [29165]: # of matches found 29839 and it took: 110022ms
query [29166]: # of matches found 29979 and it took: 111205ms
query [29167]: # of matches found 29920 and it took: 110887ms
query [29168]: # of matches found 27542 and it took: 110925ms
query [29169]: # of matches found 28879 and it took: 111449ms
query [29170]: # of matches found 28922 and it took: 110122ms
query [29171]: # of matches found 28990 and it took: 110855ms
query [29172]: # of matches found 29062 and it took: 111101ms
query [29173]: # of matches found 29203 and it took: 111184ms
query [29174]: # of matches found 29674 and it took: 111410ms
query [29175]: # of matches found 29545 and it took: 110774ms
query [29176]: # of matches found 29575 and it took: 111111ms
query [29177]: # of matches found 29585 and it took: 111449ms
query [29178]: # of matches found 29646 and it took: 110712ms
query [29179]: # of matches found 29761 and it took: 112115ms
query [29180]: # of matches found 29803 and it took: 110942ms
query [29181]: # of matches found 29729 and it took: 111501ms
query [29182]: # of matches found 29822 and it took: 111751ms
query [29183]: # of matches found 29925 and it took: 111355ms
query [29184]: # of matches found 30736 and it took: 111662ms
query [29185]: # of matches found 30683 and it took: 111672ms
query [29186]: # of matches found 31090 and it took: 111260ms
query [29187]: # of matches found 31207 and it took: 111560ms
query [29188]: # of matches found 31127 and it took: 110514ms
query [29189]: # of matches found 31105 and it took: 111471ms
query [29190]: # of matches found 31097 and it took: 111252ms
query [29191]: # of matches found 31101 and it took: 111846ms
query [29192]: # of matches found 31015 and it took: 111461ms
query [29193]: # of matches found 30997 and it took: 111436ms
query [29194]: # of matches found 30934 and it took: 112943ms
query [29195]: # of matches found 29906 and it took: 112080ms
query [29196]: # of matches found 29767 and it took: 112815ms
query [29197]: # of matches found 29757 and it took: 112526ms
query [29198]: # of matches found 29444 and it took: 110396ms
query [29199]: # of matches found 29016 and it took: 111435ms
query [29200]: # of matches found 28870 and it took: 111167ms
query [29201]: # of matches found 28685 and it took: 111705ms
query [29202]: # of matches found 29016 and it took: 112018ms
query [29203]: # of matches found 28852 and it took: 111606ms
query [29204]: # of matches found 28738 and it took: 112059ms
query [29205]: # of matches found 28688 and it took: 111521ms
query [29206]: # of matches found 28660 and it took: 111240ms
query [29207]: # of matches found 28734 and it took: 111176ms
query [29208]: # of matches found 28592 and it took: 109352ms
query [29209]: # of matches found 30442 and it took: 111094ms
query [29210]: # of matches found 30582 and it took: 109292ms
query [29211]: # of matches found 31316 and it took: 109709ms
query [29212]: # of matches found 31419 and it took: 109195ms
query [29213]: # of matches found 31536 and it took: 108520ms
query [29214]: # of matches found 31636 and it took: 108716ms
query [29215]: # of matches found 33361 and it took: 109655ms
query [29216]: # of matches found 33422 and it took: 109764ms
query [29217]: # of matches found 33522 and it took: 110339ms
query [29218]: # of matches found 33715 and it took: 109584ms
query [29219]: # of matches found 33704 and it took: 109418ms
query [29220]: # of matches found 33954 and it took: 108748ms
query [29221]: # of matches found 34080 and it took: 108981ms
query [29222]: # of matches found 34333 and it took: 108332ms
query [29223]: # of matches found 34477 and it took: 107143ms
query [29224]: # of matches found 34584 and it took: 106863ms
query [29225]: # of matches found 34634 and it took: 106378ms
query [29226]: # of matches found 34547 and it took: 106521ms
query [29227]: # of matches found 34709 and it took: 105388ms
query [29228]: # of matches found 34708 and it took: 105025ms
query [29229]: # of matches found 34715 and it took: 105566ms
query [29230]: # of matches found 34542 and it took: 105349ms
query [29231]: # of matches found 34496 and it took: 105219ms
query [29232]: # of matches found 34438 and it took: 104689ms
query [29233]: # of matches found 35927 and it took: 105544ms
query [29234]: # of matches found 35683 and it took: 104888ms
query [29235]: # of matches found 35692 and it took: 104012ms
query [29236]: # of matches found 35610 and it took: 103709ms
query [29237]: # of matches found 35656 and it took: 103027ms
query [29238]: # of matches found 35987 and it took: 102356ms
query [29239]: # of matches found 36205 and it took: 102266ms
query [29240]: # of matches found 36430 and it took: 102175ms
query [29241]: # of matches found 39203 and it took: 102174ms
query [29242]: # of matches found 39312 and it took: 102402ms
query [29243]: # of matches found 39845 and it took: 103110ms
query [29244]: # of matches found 40782 and it took: 102587ms
query [29245]: # of matches found 41486 and it took: 102133ms
query [29246]: # of matches found 41728 and it took: 102238ms
query [29247]: # of matches found 44652 and it took: 101951ms
query [29248]: # of matches found 45363 and it took: 100432ms
query [29249]: # of matches found 45050 and it took: 101910ms
query [29250]: # of matches found 45462 and it took: 101987ms
query [29251]: # of matches found 45395 and it took: 101434ms
query [29252]: # of matches found 45230 and it took: 101043ms
query [29253]: # of matches found 45165 and it took: 101798ms
query [29254]: # of matches found 45112 and it took: 100851ms
query [29255]: # of matches found 44701 and it took: 100393ms
query [29256]: # of matches found 44896 and it took: 101166ms
query [29257]: # of matches found 45074 and it took: 100379ms
query [29258]: # of matches found 45534 and it took: 98891.9ms
query [29259]: # of matches found 45853 and it took: 99446.6ms
query [29260]: # of matches found 46100 and it took: 99611.6ms
query [29261]: # of matches found 46249 and it took: 99355.5ms
query [29262]: # of matches found 46382 and it took: 98548.2ms
query [29263]: # of matches found 46470 and it took: 99287.8ms
query [29264]: # of matches found 46493 and it took: 98755.8ms
query [29265]: # of matches found 46507 and it took: 99339.6ms
query [29266]: # of matches found 46574 and it took: 99500ms
query [29267]: # of matches found 46589 and it took: 99346.5ms
query [29268]: # of matches found 46602 and it took: 98851.8ms
query [29269]: # of matches found 46559 and it took: 99136.4ms
query [29270]: # of matches found 46573 and it took: 99654.4ms
query [29271]: # of matches found 46570 and it took: 98230.5ms
query [29272]: # of matches found 41745 and it took: 97911.9ms
query [29273]: # of matches found 41765 and it took: 98101.4ms
query [29274]: # of matches found 41835 and it took: 96992.1ms
query [29275]: # of matches found 41797 and it took: 97281.5ms
query [29276]: # of matches found 41708 and it took: 98130.7ms
query [29277]: # of matches found 41750 and it took: 97909.2ms
query [29278]: # of matches found 41714 and it took: 97583.6ms
query [29279]: # of matches found 41578 and it took: 97734.3ms
query [29280]: # of matches found 41614 and it took: 98114.2ms
query [29281]: # of matches found 41633 and it took: 97273.8ms
query [29282]: # of matches found 41711 and it took: 97163.5ms
query [29283]: # of matches found 41786 and it took: 98580.3ms
query [29284]: # of matches found 41882 and it took: 96516.5ms
query [29285]: # of matches found 41922 and it took: 98033ms
query [29286]: # of matches found 42001 and it took: 98339.3ms
query [29287]: # of matches found 42255 and it took: 98671.2ms
query [29288]: # of matches found 42206 and it took: 98302.2ms
query [29289]: # of matches found 42409 and it took: 98710.1ms
query [29290]: # of matches found 43245 and it took: 98269.2ms
query [29291]: # of matches found 41894 and it took: 97524.1ms
query [29292]: # of matches found 41902 and it took: 98315.4ms
query [29293]: # of matches found 42123 and it took: 100662ms
query [29294]: # of matches found 42154 and it took: 96817.8ms
query [29295]: # of matches found 42265 and it took: 100077ms
query [29296]: # of matches found 42296 and it took: 98858.5ms
query [29297]: # of matches found 42334 and it took: 98669.9ms
query [29298]: # of matches found 42508 and it took: 98635.3ms
query [29299]: # of matches found 42528 and it took: 98924.1ms
query [29300]: # of matches found 42631 and it took: 98616.4ms
query [29301]: # of matches found 42084 and it took: 97699.3ms
query [29302]: # of matches found 42113 and it took: 97180.2ms
query [29303]: # of matches found 41928 and it took: 99077.6ms
query [29304]: # of matches found 41427 and it took: 97547.4ms
query [29305]: # of matches found 41258 and it took: 99172.3ms
query [29306]: # of matches found 41095 and it took: 99434.3ms
query [29307]: # of matches found 40871 and it took: 99082.4ms
query [29308]: # of matches found 40857 and it took: 98528.1ms
query [29309]: # of matches found 40991 and it took: 98952.1ms
query [29310]: # of matches found 40017 and it took: 98932.1ms
query [29311]: # of matches found 40304 and it took: 97329.6ms
query [29312]: # of matches found 40746 and it took: 97204.7ms
query [29313]: # of matches found 41106 and it took: 99330.5ms
query [29314]: # of matches found 40852 and it took: 97080.2ms
query [29315]: # of matches found 42202 and it took: 99220.5ms
query [29316]: # of matches found 43064 and it took: 99138.5ms
query [29317]: # of matches found 43282 and it took: 98801.7ms
query [29318]: # of matches found 43706 and it took: 99614.6ms
query [29319]: # of matches found 43926 and it took: 99280.4ms
query [29320]: # of matches found 47368 and it took: 99639.9ms
query [29321]: # of matches found 47281 and it took: 98294.7ms
query [29322]: # of matches found 47169 and it took: 98725.1ms
query [29323]: # of matches found 46998 and it took: 99783.5ms
query [29324]: # of matches found 46175 and it took: 97973.3ms
query [29325]: # of matches found 46060 and it took: 100035ms
query [29326]: # of matches found 45603 and it took: 100016ms
query [29327]: # of matches found 45493 and it took: 100714ms
query [29328]: # of matches found 45421 and it took: 100943ms
query [29329]: # of matches found 45587 and it took: 100999ms
query [29330]: # of matches found 53635 and it took: 101334ms
query [29331]: # of matches found 53798 and it took: 100301ms
query [29332]: # of matches found 54147 and it took: 100274ms
query [29333]: # of matches found 54249 and it took: 100323ms
query [29334]: # of matches found 54603 and it took: 98752.2ms
query [29335]: # of matches found 54707 and it took: 99949.9ms
query [29336]: # of matches found 54740 and it took: 100011ms
query [29337]: # of matches found 54820 and it took: 100250ms
query [29338]: # of matches found 55056 and it took: 100421ms
query [29339]: # of matches found 55109 and it took: 99473ms
query [29340]: # of matches found 55222 and it took: 99822.6ms
query [29341]: # of matches found 55287 and it took: 98526.6ms
query [29342]: # of matches found 54756 and it took: 98550.9ms
query [29343]: # of matches found 55103 and it took: 99123.5ms
query [29344]: # of matches found 55049 and it took: 97711ms
query [29345]: # of matches found 55138 and it took: 98702.8ms
query [29346]: # of matches found 55291 and it took: 98720.3ms
query [29347]: # of matches found 55665 and it took: 99229.7ms
query [29348]: # of matches found 55745 and it took: 98348ms
query [29349]: # of matches found 54147 and it took: 98268.4ms
query [29350]: # of matches found 54271 and it took: 99432.2ms
query [29351]: # of matches found 53597 and it took: 98341.4ms
query [29352]: # of matches found 53502 and it took: 99171.2ms
query [29353]: # of matches found 53383 and it took: 99035.1ms
query [29354]: # of matches found 53283 and it took: 98834.1ms
query [29355]: # of matches found 53223 and it took: 99556.4ms
query [29356]: # of matches found 51570 and it took: 99824ms
query [29357]: # of matches found 51674 and it took: 100359ms
query [29358]: # of matches found 51568 and it took: 99792.1ms
query [29359]: # of matches found 62324 and it took: 100245ms
query [29360]: # of matches found 62531 and it took: 101123ms
query [29361]: # of matches found 62387 and it took: 100242ms
query [29362]: # of matches found 62140 and it took: 100665ms
query [29363]: # of matches found 61925 and it took: 100996ms
query [29364]: # of matches found 61903 and it took: 101096ms
query [29365]: # of matches found 62045 and it took: 101354ms
query [29366]: # of matches found 62104 and it took: 102045ms
query [29367]: # of matches found 62091 and it took: 102514ms
query [29368]: # of matches found 62423 and it took: 102109ms
query [29369]: # of matches found 62402 and it took: 102480ms
query [29370]: # of matches found 62485 and it took: 103527ms
query [29371]: # of matches found 62466 and it took: 103902ms
query [29372]: # of matches found 62472 and it took: 104707ms
query [29373]: # of matches found 62385 and it took: 104603ms
query [29374]: # of matches found 60902 and it took: 104636ms
query [29375]: # of matches found 60851 and it took: 105198ms
query [29376]: # of matches found 60854 and it took: 104452ms
query [29377]: # of matches found 60811 and it took: 105429ms
query [29378]: # of matches found 60655 and it took: 105444ms
query [29379]: # of matches found 60431 and it took: 105173ms
query [29380]: # of matches found 60212 and it took: 105792ms
query [29381]: # of matches found 57378 and it took: 106360ms
query [29382]: # of matches found 57341 and it took: 106823ms
query [29383]: # of matches found 57212 and it took: 106861ms
query [29384]: # of matches found 56663 and it took: 107164ms
query [29385]: # of matches found 55911 and it took: 107581ms
query [29386]: # of matches found 55591 and it took: 107192ms
query [29387]: # of matches found 52997 and it took: 107698ms
query [29388]: # of matches found 51569 and it took: 107587ms
query [29389]: # of matches found 51162 and it took: 107414ms
query [29390]: # of matches found 50544 and it took: 109312ms
query [29391]: # of matches found 51861 and it took: 108540ms
query [29392]: # of matches found 51613 and it took: 109266ms
query [29393]: # of matches found 51487 and it took: 108001ms
query [29394]: # of matches found 51450 and it took: 109832ms
query [29395]: # of matches found 51378 and it took: 109359ms
query [29396]: # of matches found 51316 and it took: 108320ms
query [29397]: # of matches found 51282 and it took: 109385ms
query [29398]: # of matches found 50913 and it took: 107823ms
query [29399]: # of matches found 50552 and it took: 108131ms
query [29400]: # of matches found 50589 and it took: 108927ms
query [29401]: # of matches found 50685 and it took: 107619ms
query [29402]: # of matches found 50623 and it took: 107901ms
query [29403]: # of matches found 50537 and it took: 107116ms
query [29404]: # of matches found 50494 and it took: 107087ms
query [29405]: # of matches found 50555 and it took: 107710ms
query [29406]: # of matches found 50541 and it took: 106654ms
query [29407]: # of matches found 50534 and it took: 107893ms
query [29408]: # of matches found 50952 and it took: 105818ms
query [29409]: # of matches found 51052 and it took: 107020ms
query [29410]: # of matches found 51101 and it took: 108337ms
query [29411]: # of matches found 51212 and it took: 108417ms
query [29412]: # of matches found 51357 and it took: 109293ms
query [29413]: # of matches found 51491 and it took: 109630ms
query [29414]: # of matches found 51522 and it took: 109562ms
query [29415]: # of matches found 51507 and it took: 109912ms
query [29416]: # of matches found 51563 and it took: 108504ms
query [29417]: # of matches found 51549 and it took: 108994ms
query [29418]: # of matches found 51511 and it took: 107694ms
query [29419]: # of matches found 51429 and it took: 108319ms
query [29420]: # of matches found 51394 and it took: 108890ms
query [29421]: # of matches found 51223 and it took: 109102ms
query [29422]: # of matches found 51082 and it took: 109012ms
query [29423]: # of matches found 50889 and it took: 109293ms
query [29424]: # of matches found 50847 and it took: 109182ms
query [29425]: # of matches found 50820 and it took: 109431ms
query [29426]: # of matches found 50661 and it took: 109066ms
query [29427]: # of matches found 50554 and it took: 109948ms
query [29428]: # of matches found 50486 and it took: 108016ms
query [29429]: # of matches found 50227 and it took: 109003ms
query [29430]: # of matches found 49242 and it took: 109516ms
query [29431]: # of matches found 49066 and it took: 109861ms
query [29432]: # of matches found 49102 and it took: 109799ms
query [29433]: # of matches found 48965 and it took: 110115ms
query [29434]: # of matches found 49118 and it took: 110403ms
query [29435]: # of matches found 49160 and it took: 111114ms
query [29436]: # of matches found 49127 and it took: 109876ms
query [29437]: # of matches found 48980 and it took: 110590ms
query [29438]: # of matches found 48908 and it took: 108321ms
query [29439]: # of matches found 48869 and it took: 108912ms
query [29440]: # of matches found 48943 and it took: 109529ms
query [29441]: # of matches found 49050 and it took: 109302ms
query [29442]: # of matches found 48945 and it took: 109316ms
query [29443]: # of matches found 48958 and it took: 109284ms
query [29444]: # of matches found 48964 and it took: 109556ms
query [29445]: # of matches found 49024 and it took: 109468ms
query [29446]: # of matches found 49020 and it took: 109050ms
query [29447]: # of matches found 49039 and it took: 109655ms
query [29448]: # of matches found 48885 and it took: 107356ms
query [29449]: # of matches found 48715 and it took: 107742ms
query [29450]: # of matches found 48478 and it took: 108788ms
query [29451]: # of matches found 48067 and it took: 108587ms
query [29452]: # of matches found 47949 and it took: 108649ms
query [29453]: # of matches found 47516 and it took: 109799ms
query [29454]: # of matches found 47171 and it took: 109804ms
query [29455]: # of matches found 45732 and it took: 110094ms
query [29456]: # of matches found 45105 and it took: 109415ms
query [29457]: # of matches found 44426 and it took: 109963ms
query [29458]: # of matches found 43877 and it took: 108443ms
query [29459]: # of matches found 43495 and it took: 108640ms
query [29460]: # of matches found 39991 and it took: 108921ms
query [29461]: # of matches found 39815 and it took: 108915ms
query [29462]: # of matches found 39809 and it took: 109221ms
query [29463]: # of matches found 39798 and it took: 109695ms
query [29464]: # of matches found 39711 and it took: 109396ms
query [29465]: # of matches found 39652 and it took: 109524ms
query [29466]: # of matches found 39630 and it took: 109708ms
query [29467]: # of matches found 39771 and it took: 109357ms
query [29468]: # of matches found 39841 and it took: 107858ms
query [29469]: # of matches found 39684 and it took: 109209ms
query [29470]: # of matches found 31543 and it took: 109692ms
query [29471]: # of matches found 31344 and it took: 109571ms
query [29472]: # of matches found 31227 and it took: 109451ms
query [29473]: # of matches found 31200 and it took: 110112ms
query [29474]: # of matches found 31003 and it took: 110300ms
query [29475]: # of matches found 30782 and it took: 110266ms
query [29476]: # of matches found 30940 and it took: 110305ms
query [29477]: # of matches found 30979 and it took: 109163ms
query [29478]: # of matches found 30758 and it took: 108086ms
query [29479]: # of matches found 30706 and it took: 109706ms
query [29480]: # of matches found 30556 and it took: 109544ms
query [29481]: # of matches found 30980 and it took: 108920ms
query [29482]: # of matches found 30937 and it took: 108498ms
query [29483]: # of matches found 30638 and it took: 109576ms
query [29484]: # of matches found 30497 and it took: 108901ms
query [29485]: # of matches found 30441 and it took: 110343ms
query [29486]: # of matches found 30424 and it took: 108458ms
query [29487]: # of matches found 29935 and it took: 107533ms
query [29488]: # of matches found 29842 and it took: 104306ms
query [29489]: # of matches found 29674 and it took: 106160ms
query [29490]: # of matches found 29337 and it took: 105757ms
query [29491]: # of matches found 29189 and it took: 105444ms
query [29492]: # of matches found 29114 and it took: 105609ms
query [29493]: # of matches found 29114 and it took: 105846ms
query [29494]: # of matches found 29088 and it took: 105615ms
query [29495]: # of matches found 29112 and it took: 107052ms
query [29496]: # of matches found 29354 and it took: 105896ms
query [29497]: # of matches found 29211 and it took: 105504ms
query [29498]: # of matches found 29473 and it took: 104107ms
query [29499]: # of matches found 18913 and it took: 104958ms
query [29500]: # of matches found 18585 and it took: 104576ms
query [29501]: # of matches found 18392 and it took: 104945ms
query [29502]: # of matches found 18373 and it took: 104049ms
query [29503]: # of matches found 18436 and it took: 104753ms
query [29504]: # of matches found 18339 and it took: 104652ms
query [29505]: # of matches found 18593 and it took: 104721ms
query [29506]: # of matches found 18796 and it took: 104552ms
query [29507]: # of matches found 18671 and it took: 104254ms
query [29508]: # of matches found 18476 and it took: 103292ms
query [29509]: # of matches found 18531 and it took: 104174ms
query [29510]: # of matches found 18514 and it took: 103161ms
query [29511]: # of matches found 18502 and it took: 103482ms
query [29512]: # of matches found 18500 and it took: 102285ms
query [29513]: # of matches found 19004 and it took: 103043ms
query [29514]: # of matches found 19005 and it took: 102289ms
query [29515]: # of matches found 19479 and it took: 102106ms
query [29516]: # of matches found 19484 and it took: 101924ms
query [29517]: # of matches found 19575 and it took: 102074ms
query [29518]: # of matches found 19619 and it took: 100995ms
query [29519]: # of matches found 19838 and it took: 101753ms
query [29520]: # of matches found 19850 and it took: 101012ms
query [29521]: # of matches found 19841 and it took: 101191ms
query [29522]: # of matches found 19832 and it took: 100814ms
query [29523]: # of matches found 19364 and it took: 101921ms
query [29524]: # of matches found 19330 and it took: 102723ms
query [29525]: # of matches found 19228 and it took: 102724ms
query [29526]: # of matches found 19248 and it took: 102841ms
query [29527]: # of matches found 19288 and it took: 101823ms
query [29528]: # of matches found 19346 and it took: 101544ms
query [29529]: # of matches found 19088 and it took: 100996ms
query [29530]: # of matches found 19024 and it took: 101551ms
query [29531]: # of matches found 17761 and it took: 101686ms
query [29532]: # of matches found 17745 and it took: 100845ms
query [29533]: # of matches found 17740 and it took: 101647ms
query [29534]: # of matches found 19139 and it took: 101767ms
query [29535]: # of matches found 19171 and it took: 101616ms
query [29536]: # of matches found 19108 and it took: 101240ms
query [29537]: # of matches found 19005 and it took: 100971ms
query [29538]: # of matches found 19089 and it took: 101032ms
query [29539]: # of matches found 19090 and it took: 101082ms
query [29540]: # of matches found 19000 and it took: 100498ms
query [29541]: # of matches found 18894 and it took: 100545ms
query [29542]: # of matches found 18796 and it took: 100089ms
query [29543]: # of matches found 18914 and it took: 101857ms
query [29544]: # of matches found 18709 and it took: 101372ms
query [29545]: # of matches found 18614 and it took: 100834ms
query [29546]: # of matches found 18567 and it took: 101474ms
query [29547]: # of matches found 19026 and it took: 101176ms
query [29548]: # of matches found 18600 and it took: 100861ms
query [29549]: # of matches found 18624 and it took: 100901ms
query [29550]: # of matches found 18660 and it took: 100513ms
query [29551]: # of matches found 18519 and it took: 101814ms
query [29552]: # of matches found 18511 and it took: 101252ms
query [29553]: # of matches found 18235 and it took: 102400ms
query [29554]: # of matches found 18125 and it took: 102205ms
query [29555]: # of matches found 18108 and it took: 103093ms
query [29556]: # of matches found 18080 and it took: 103251ms
query [29557]: # of matches found 18017 and it took: 103725ms
query [29558]: # of matches found 18074 and it took: 104217ms
query [29559]: # of matches found 18066 and it took: 104648ms
query [29560]: # of matches found 18152 and it took: 104983ms
query [29561]: # of matches found 19328 and it took: 104879ms
query [29562]: # of matches found 19410 and it took: 104329ms
query [29563]: # of matches found 19622 and it took: 105051ms
query [29564]: # of matches found 19830 and it took: 105200ms
query [29565]: # of matches found 19873 and it took: 105363ms
query [29566]: # of matches found 19824 and it took: 105074ms
query [29567]: # of matches found 19906 and it took: 105114ms
query [29568]: # of matches found 19764 and it took: 105618ms
query [29569]: # of matches found 19803 and it took: 105757ms
query [29570]: # of matches found 19836 and it took: 106061ms
query [29571]: # of matches found 19913 and it took: 106165ms
query [29572]: # of matches found 19981 and it took: 105082ms
query [29573]: # of matches found 19898 and it took: 106601ms
query [29574]: # of matches found 19819 and it took: 106469ms
query [29575]: # of matches found 19747 and it took: 106435ms
query [29576]: # of matches found 19832 and it took: 106556ms
query [29577]: # of matches found 19857 and it took: 106445ms
query [29578]: # of matches found 19960 and it took: 106361ms
query [29579]: # of matches found 20052 and it took: 106876ms
query [29580]: # of matches found 19768 and it took: 106537ms
query [29581]: # of matches found 19841 and it took: 107261ms
query [29582]: # of matches found 19876 and it took: 106106ms
query [29583]: # of matches found 20722 and it took: 106403ms
query [29584]: # of matches found 20953 and it took: 106379ms
query [29585]: # of matches found 20965 and it took: 107004ms
query [29586]: # of matches found 21026 and it took: 106563ms
query [29587]: # of matches found 21088 and it took: 106268ms
query [29588]: # of matches found 21243 and it took: 106216ms
query [29589]: # of matches found 21726 and it took: 106592ms
query [29590]: # of matches found 22026 and it took: 106465ms
query [29591]: # of matches found 22104 and it took: 106988ms
query [29592]: # of matches found 22144 and it took: 105922ms
query [29593]: # of matches found 22235 and it took: 107331ms
query [29594]: # of matches found 22304 and it took: 107390ms
query [29595]: # of matches found 22465 and it took: 107486ms
query [29596]: # of matches found 22609 and it took: 107091ms
query [29597]: # of matches found 22670 and it took: 107145ms
query [29598]: # of matches found 22663 and it took: 107405ms
query [29599]: # of matches found 22681 and it took: 108651ms
query [29600]: # of matches found 22713 and it took: 107549ms
query [29601]: # of matches found 22817 and it took: 109228ms
query [29602]: # of matches found 22735 and it took: 106448ms
query [29603]: # of matches found 22710 and it took: 109186ms
query [29604]: # of matches found 22686 and it took: 108095ms
query [29605]: # of matches found 22679 and it took: 107692ms
query [29606]: # of matches found 22649 and it took: 107653ms
query [29607]: # of matches found 22556 and it took: 106972ms
query [29608]: # of matches found 22396 and it took: 108163ms
query [29609]: # of matches found 22345 and it took: 108939ms
query [29610]: # of matches found 22200 and it took: 108833ms
query [29611]: # of matches found 22157 and it took: 109143ms
query [29612]: # of matches found 22001 and it took: 109145ms
query [29613]: # of matches found 21874 and it took: 109769ms
query [29614]: # of matches found 21895 and it took: 109439ms
query [29615]: # of matches found 21955 and it took: 110131ms
query [29616]: # of matches found 21738 and it took: 109818ms
query [29617]: # of matches found 21606 and it took: 109877ms
query [29618]: # of matches found 21822 and it took: 110228ms
query [29619]: # of matches found 21842 and it took: 110315ms
query [29620]: # of matches found 21966 and it took: 110208ms
query [29621]: # of matches found 21581 and it took: 109937ms
query [29622]: # of matches found 21609 and it took: 109977ms
query [29623]: # of matches found 21630 and it took: 110626ms
query [29624]: # of matches found 21672 and it took: 110442ms
query [29625]: # of matches found 21735 and it took: 110608ms
query [29626]: # of matches found 21637 and it took: 110084ms
query [29627]: # of matches found 21635 and it took: 109641ms
query [29628]: # of matches found 21596 and it took: 110703ms
query [29629]: # of matches found 21566 and it took: 111563ms
query [29630]: # of matches found 21571 and it took: 110813ms
query [29631]: # of matches found 21530 and it took: 112596ms
query [29632]: # of matches found 21541 and it took: 112062ms
query [29633]: # of matches found 22466 and it took: 113015ms
query [29634]: # of matches found 22655 and it took: 113113ms
query [29635]: # of matches found 22673 and it took: 113807ms
query [29636]: # of matches found 22707 and it took: 113211ms
query [29637]: # of matches found 22791 and it took: 113103ms
query [29638]: # of matches found 22670 and it took: 114600ms
query [29639]: # of matches found 22781 and it took: 114809ms
query [29640]: # of matches found 22736 and it took: 114637ms
query [29641]: # of matches found 22705 and it took: 114925ms
query [29642]: # of matches found 22677 and it took: 114500ms
query [29643]: # of matches found 22614 and it took: 114783ms
query [29644]: # of matches found 22499 and it took: 115227ms
query [29645]: # of matches found 22155 and it took: 115633ms
query [29646]: # of matches found 21828 and it took: 115337ms
query [29647]: # of matches found 21795 and it took: 115524ms
query [29648]: # of matches found 21749 and it took: 115822ms
query [29649]: # of matches found 21775 and it took: 115487ms
query [29650]: # of matches found 22047 and it took: 115103ms
query [29651]: # of matches found 22129 and it took: 114721ms
query [29652]: # of matches found 22245 and it took: 115187ms
query [29653]: # of matches found 22231 and it took: 115382ms
query [29654]: # of matches found 22109 and it took: 115555ms
query [29655]: # of matches found 21667 and it took: 115255ms
query [29656]: # of matches found 21617 and it took: 114878ms
query [29657]: # of matches found 21547 and it took: 114640ms
query [29658]: # of matches found 21453 and it took: 115663ms
query [29659]: # of matches found 21208 and it took: 115439ms
query [29660]: # of matches found 21709 and it took: 115726ms
query [29661]: # of matches found 21696 and it took: 116104ms
query [29662]: # of matches found 21704 and it took: 115508ms
query [29663]: # of matches found 21595 and it took: 116232ms
query [29664]: # of matches found 24289 and it took: 116011ms
query [29665]: # of matches found 24866 and it took: 116061ms
query [29666]: # of matches found 24950 and it took: 115926ms
query [29667]: # of matches found 25043 and it took: 115817ms
query [29668]: # of matches found 25110 and it took: 117035ms
query [29669]: # of matches found 25283 and it took: 116458ms
query [29670]: # of matches found 25427 and it took: 116523ms
query [29671]: # of matches found 26612 and it took: 115723ms
query [29672]: # of matches found 27123 and it took: 113583ms
query [29673]: # of matches found 27422 and it took: 113257ms
query [29674]: # of matches found 26561 and it took: 113645ms
query [29675]: # of matches found 26662 and it took: 113652ms
query [29676]: # of matches found 26857 and it took: 112675ms
query [29677]: # of matches found 26824 and it took: 112439ms
query [29678]: # of matches found 26692 and it took: 113534ms
query [29679]: # of matches found 26755 and it took: 112389ms
query [29680]: # of matches found 26610 and it took: 112359ms
query [29681]: # of matches found 26583 and it took: 112145ms
query [29682]: # of matches found 26554 and it took: 112528ms
query [29683]: # of matches found 26371 and it took: 111935ms
query [29684]: # of matches found 26327 and it took: 111572ms
query [29685]: # of matches found 26311 and it took: 110807ms
query [29686]: # of matches found 26311 and it took: 110656ms
query [29687]: # of matches found 25795 and it took: 110706ms
query [29688]: # of matches found 25761 and it took: 111000ms
query [29689]: # of matches found 25652 and it took: 110823ms
query [29690]: # of matches found 25539 and it took: 110213ms
query [29691]: # of matches found 25546 and it took: 109120ms
query [29692]: # of matches found 25525 and it took: 108622ms
query [29693]: # of matches found 25555 and it took: 108475ms
query [29694]: # of matches found 25506 and it took: 109017ms
query [29695]: # of matches found 25498 and it took: 109536ms
query [29696]: # of matches found 25476 and it took: 107758ms
query [29697]: # of matches found 25979 and it took: 108886ms
query [29698]: # of matches found 25961 and it took: 109116ms
query [29699]: # of matches found 26114 and it took: 108388ms
query [29700]: # of matches found 26735 and it took: 108848ms
query [29701]: # of matches found 26993 and it took: 108760ms
query [29702]: # of matches found 26484 and it took: 108442ms
query [29703]: # of matches found 26305 and it took: 107863ms
query [29704]: # of matches found 26129 and it took: 108332ms
query [29705]: # of matches found 26163 and it took: 108529ms
query [29706]: # of matches found 26178 and it took: 107892ms
query [29707]: # of matches found 26131 and it took: 107886ms
query [29708]: # of matches found 26139 and it took: 107999ms
query [29709]: # of matches found 27377 and it took: 107813ms
query [29710]: # of matches found 27214 and it took: 107973ms
query [29711]: # of matches found 27150 and it took: 108428ms
query [29712]: # of matches found 27630 and it took: 108012ms
query [29713]: # of matches found 28036 and it took: 108178ms
query [29714]: # of matches found 28653 and it took: 108805ms
query [29715]: # of matches found 28492 and it took: 109002ms
query [29716]: # of matches found 28204 and it took: 108429ms
query [29717]: # of matches found 28162 and it took: 108299ms
query [29718]: # of matches found 28028 and it took: 108600ms
query [29719]: # of matches found 27980 and it took: 108234ms
query [29720]: # of matches found 28195 and it took: 108136ms
query [29721]: # of matches found 28041 and it took: 108398ms
query [29722]: # of matches found 28073 and it took: 108130ms
query [29723]: # of matches found 27277 and it took: 108490ms
query [29724]: # of matches found 27133 and it took: 108257ms
query [29725]: # of matches found 27577 and it took: 108167ms
query [29726]: # of matches found 27706 and it took: 108174ms
query [29727]: # of matches found 27907 and it took: 108047ms
query [29728]: # of matches found 28961 and it took: 108924ms
query [29729]: # of matches found 53062 and it took: 108123ms
query [29730]: # of matches found 58679 and it took: 108297ms
query [29731]: # of matches found 102431 and it took: 108193ms
query [29732]: # of matches found 101817 and it took: 106988ms
query [29733]: # of matches found 101287 and it took: 107217ms
query [29734]: # of matches found 100832 and it took: 106267ms
query [29735]: # of matches found 100522 and it took: 106165ms
query [29736]: # of matches found 100306 and it took: 105743ms
query [29737]: # of matches found 100102 and it took: 105491ms
query [29738]: # of matches found 100012 and it took: 106696ms
query [29739]: # of matches found 99995 and it took: 105801ms
query [29740]: # of matches found 99906 and it took: 104284ms
query [29741]: # of matches found 99757 and it took: 103823ms
query [29742]: # of matches found 99620 and it took: 102696ms
query [29743]: # of matches found 99573 and it took: 103365ms
query [29744]: # of matches found 99498 and it took: 101285ms
query [29745]: # of matches found 99410 and it took: 101861ms
query [29746]: # of matches found 99343 and it took: 100475ms
query [29747]: # of matches found 99245 and it took: 100653ms
query [29748]: # of matches found 99180 and it took: 100008ms
query [29749]: # of matches found 99025 and it took: 98381.7ms
query [29750]: # of matches found 98914 and it took: 98044.2ms
query [29751]: # of matches found 98802 and it took: 97584.4ms
query [29752]: # of matches found 98742 and it took: 97313.6ms
query [29753]: # of matches found 98659 and it took: 97289ms
PARMIK's matches per query up to q (754) => [average: 35274, median: 29075, sum: 26596739]
Starting alignment for all queries [rev]...
queryBaseIndex: 29000
query [29000]: # of matches found 28238 and it took: 105640ms
query [29001]: # of matches found 28181 and it took: 106074ms
query [29002]: # of matches found 28107 and it took: 106043ms
query [29003]: # of matches found 28077 and it took: 104828ms
query [29004]: # of matches found 28087 and it took: 105360ms
query [29005]: # of matches found 28152 and it took: 105437ms
query [29006]: # of matches found 28287 and it took: 104888ms
query [29007]: # of matches found 28327 and it took: 104873ms
query [29008]: # of matches found 28257 and it took: 105331ms
query [29009]: # of matches found 28381 and it took: 103498ms
query [29010]: # of matches found 28537 and it took: 104709ms
query [29011]: # of matches found 28601 and it took: 105224ms
query [29012]: # of matches found 28638 and it took: 105067ms
query [29013]: # of matches found 29020 and it took: 103913ms
query [29014]: # of matches found 28964 and it took: 105925ms
query [29015]: # of matches found 29074 and it took: 105779ms
query [29016]: # of matches found 28826 and it took: 106088ms
query [29017]: # of matches found 27440 and it took: 106323ms
query [29018]: # of matches found 27388 and it took: 108183ms
query [29019]: # of matches found 27429 and it took: 106372ms
query [29020]: # of matches found 26764 and it took: 107044ms
query [29021]: # of matches found 26213 and it took: 107000ms
query [29022]: # of matches found 25806 and it took: 106906ms
query [29023]: # of matches found 25880 and it took: 107395ms
query [29024]: # of matches found 25487 and it took: 107386ms
query [29025]: # of matches found 25264 and it took: 108078ms
query [29026]: # of matches found 25246 and it took: 109264ms
query [29027]: # of matches found 24616 and it took: 108139ms
query [29028]: # of matches found 24508 and it took: 109349ms
query [29029]: # of matches found 24649 and it took: 108183ms
query [29030]: # of matches found 24683 and it took: 108462ms
query [29031]: # of matches found 24782 and it took: 108741ms
query [29032]: # of matches found 24674 and it took: 109088ms
query [29033]: # of matches found 24695 and it took: 105926ms
query [29034]: # of matches found 24635 and it took: 106319ms
query [29035]: # of matches found 24645 and it took: 106311ms
query [29036]: # of matches found 24475 and it took: 107984ms
query [29037]: # of matches found 24481 and it took: 106889ms
query [29038]: # of matches found 24414 and it took: 108513ms
query [29039]: # of matches found 24342 and it took: 107640ms
query [29040]: # of matches found 24351 and it took: 107929ms
query [29041]: # of matches found 24213 and it took: 108198ms
query [29042]: # of matches found 24204 and it took: 108793ms
query [29043]: # of matches found 24564 and it took: 105618ms
query [29044]: # of matches found 24550 and it took: 106219ms
query [29045]: # of matches found 24657 and it took: 106312ms
query [29046]: # of matches found 24487 and it took: 107328ms
query [29047]: # of matches found 24352 and it took: 106534ms
query [29048]: # of matches found 24190 and it took: 107493ms
query [29049]: # of matches found 24223 and it took: 107287ms
query [29050]: # of matches found 24317 and it took: 107136ms
query [29051]: # of matches found 24251 and it took: 106864ms
query [29052]: # of matches found 24354 and it took: 107657ms
query [29053]: # of matches found 24388 and it took: 105915ms
query [29054]: # of matches found 24422 and it took: 106278ms
query [29055]: # of matches found 24941 and it took: 106312ms
query [29056]: # of matches found 25091 and it took: 107234ms
query [29057]: # of matches found 25148 and it took: 106637ms
query [29058]: # of matches found 25432 and it took: 108253ms
query [29059]: # of matches found 25864 and it took: 107871ms
query [29060]: # of matches found 26014 and it took: 108168ms
query [29061]: # of matches found 26086 and it took: 109707ms
query [29062]: # of matches found 26214 and it took: 109849ms
query [29063]: # of matches found 26333 and it took: 106776ms
query [29064]: # of matches found 26660 and it took: 106753ms
query [29065]: # of matches found 26678 and it took: 106824ms
query [29066]: # of matches found 26662 and it took: 107988ms
query [29067]: # of matches found 26651 and it took: 107242ms
query [29068]: # of matches found 26743 and it took: 109245ms
query [29069]: # of matches found 26652 and it took: 108369ms
query [29070]: # of matches found 26790 and it took: 109652ms
query [29071]: # of matches found 26739 and it took: 109809ms
query [29072]: # of matches found 26667 and it took: 109144ms
query [29073]: # of matches found 26403 and it took: 106044ms
query [29074]: # of matches found 25827 and it took: 106294ms
query [29075]: # of matches found 25784 and it took: 106005ms
query [29076]: # of matches found 25466 and it took: 107405ms
query [29077]: # of matches found 25427 and it took: 106062ms
query [29078]: # of matches found 25457 and it took: 107465ms
query [29079]: # of matches found 25405 and it took: 106797ms
query [29080]: # of matches found 25325 and it took: 106536ms
query [29081]: # of matches found 25337 and it took: 105873ms
query [29082]: # of matches found 25503 and it took: 105029ms
query [29083]: # of matches found 25033 and it took: 104839ms
query [29084]: # of matches found 25091 and it took: 104628ms
query [29085]: # of matches found 25041 and it took: 104582ms
query [29086]: # of matches found 25042 and it took: 104516ms
query [29087]: # of matches found 25044 and it took: 104016ms
query [29088]: # of matches found 24987 and it took: 104968ms
query [29089]: # of matches found 25008 and it took: 103941ms
query [29090]: # of matches found 24993 and it took: 104462ms
query [29091]: # of matches found 24930 and it took: 105075ms
query [29092]: # of matches found 24964 and it took: 104028ms
query [29093]: # of matches found 24801 and it took: 103914ms
query [29094]: # of matches found 25142 and it took: 103799ms
query [29095]: # of matches found 25131 and it took: 103518ms
query [29096]: # of matches found 25203 and it took: 103866ms
query [29097]: # of matches found 25190 and it took: 103412ms
query [29098]: # of matches found 25085 and it took: 104782ms
query [29099]: # of matches found 25071 and it took: 104142ms
query [29100]: # of matches found 25055 and it took: 104157ms
query [29101]: # of matches found 25044 and it took: 104128ms
query [29102]: # of matches found 24983 and it took: 103836ms
query [29103]: # of matches found 24949 and it took: 103326ms
query [29104]: # of matches found 24982 and it took: 103672ms
query [29105]: # of matches found 24937 and it took: 104294ms
query [29106]: # of matches found 24955 and it took: 105249ms
query [29107]: # of matches found 23729 and it took: 105118ms
query [29108]: # of matches found 23212 and it took: 105955ms
query [29109]: # of matches found 23765 and it took: 105864ms
query [29110]: # of matches found 23811 and it took: 106119ms
query [29111]: # of matches found 23915 and it took: 106565ms
query [29112]: # of matches found 23438 and it took: 105900ms
query [29113]: # of matches found 23438 and it took: 106087ms
query [29114]: # of matches found 24007 and it took: 107237ms
query [29115]: # of matches found 23639 and it took: 106821ms
query [29116]: # of matches found 23654 and it took: 107846ms
query [29117]: # of matches found 23596 and it took: 107426ms
query [29118]: # of matches found 23496 and it took: 108576ms
query [29119]: # of matches found 23339 and it took: 109231ms
query [29120]: # of matches found 23349 and it took: 108222ms
query [29121]: # of matches found 23124 and it took: 109743ms
query [29122]: # of matches found 23056 and it took: 108603ms
query [29123]: # of matches found 22899 and it took: 108994ms
query [29124]: # of matches found 22719 and it took: 109057ms
query [29125]: # of matches found 22521 and it took: 109385ms
query [29126]: # of matches found 22500 and it took: 110597ms
query [29127]: # of matches found 22678 and it took: 111630ms
query [29128]: # of matches found 22739 and it took: 112254ms
query [29129]: # of matches found 22672 and it took: 111968ms
query [29130]: # of matches found 22635 and it took: 111639ms
query [29131]: # of matches found 22656 and it took: 113668ms
query [29132]: # of matches found 24597 and it took: 112305ms
query [29133]: # of matches found 24417 and it took: 112840ms
query [29134]: # of matches found 24417 and it took: 112943ms
query [29135]: # of matches found 23865 and it took: 112542ms
query [29136]: # of matches found 23890 and it took: 113679ms
query [29137]: # of matches found 23785 and it took: 113271ms
query [29138]: # of matches found 23677 and it took: 114037ms
query [29139]: # of matches found 23833 and it took: 114176ms
query [29140]: # of matches found 23928 and it took: 113416ms
query [29141]: # of matches found 24069 and it took: 114585ms
query [29142]: # of matches found 24143 and it took: 113703ms
query [29143]: # of matches found 24173 and it took: 115640ms
query [29144]: # of matches found 24217 and it took: 115952ms
query [29145]: # of matches found 24247 and it took: 115734ms
query [29146]: # of matches found 24217 and it took: 116854ms
query [29147]: # of matches found 24233 and it took: 116414ms
query [29148]: # of matches found 24258 and it took: 116748ms
query [29149]: # of matches found 24237 and it took: 116370ms
query [29150]: # of matches found 25363 and it took: 114878ms
query [29151]: # of matches found 25521 and it took: 116608ms
query [29152]: # of matches found 25512 and it took: 116117ms
query [29153]: # of matches found 24964 and it took: 116937ms
query [29154]: # of matches found 24926 and it took: 116662ms
query [29155]: # of matches found 24764 and it took: 116430ms
query [29156]: # of matches found 24848 and it took: 116749ms
query [29157]: # of matches found 24917 and it took: 115703ms
query [29158]: # of matches found 24917 and it took: 117184ms
query [29159]: # of matches found 24747 and it took: 116191ms
query [29160]: # of matches found 24693 and it took: 114371ms
query [29161]: # of matches found 24844 and it took: 116119ms
query [29162]: # of matches found 24778 and it took: 115241ms
query [29163]: # of matches found 24817 and it took: 115987ms
query [29164]: # of matches found 24932 and it took: 115406ms
query [29165]: # of matches found 25119 and it took: 115347ms
query [29166]: # of matches found 25237 and it took: 115458ms
query [29167]: # of matches found 25122 and it took: 114574ms
query [29168]: # of matches found 24086 and it took: 115295ms
query [29169]: # of matches found 25399 and it took: 115728ms
query [29170]: # of matches found 25432 and it took: 114150ms
query [29171]: # of matches found 25455 and it took: 115682ms
query [29172]: # of matches found 25523 and it took: 114639ms
query [29173]: # of matches found 25644 and it took: 115696ms
query [29174]: # of matches found 26040 and it took: 116478ms
query [29175]: # of matches found 26038 and it took: 116433ms
query [29176]: # of matches found 26080 and it took: 116387ms
query [29177]: # of matches found 26137 and it took: 115802ms
query [29178]: # of matches found 26204 and it took: 115701ms
query [29179]: # of matches found 26343 and it took: 115709ms
query [29180]: # of matches found 26396 and it took: 115153ms
query [29181]: # of matches found 26334 and it took: 115872ms
query [29182]: # of matches found 26507 and it took: 116142ms
query [29183]: # of matches found 26587 and it took: 116815ms
query [29184]: # of matches found 27356 and it took: 115943ms
query [29185]: # of matches found 27463 and it took: 117390ms
query [29186]: # of matches found 27785 and it took: 117701ms
query [29187]: # of matches found 27927 and it took: 117103ms
query [29188]: # of matches found 28222 and it took: 117117ms
query [29189]: # of matches found 28166 and it took: 117240ms
query [29190]: # of matches found 27975 and it took: 117043ms
query [29191]: # of matches found 27950 and it took: 118110ms
query [29192]: # of matches found 27824 and it took: 117963ms
query [29193]: # of matches found 27765 and it took: 119277ms
query [29194]: # of matches found 27716 and it took: 118226ms
query [29195]: # of matches found 27221 and it took: 118537ms
query [29196]: # of matches found 27029 and it took: 116840ms
query [29197]: # of matches found 27019 and it took: 116319ms
query [29198]: # of matches found 26683 and it took: 116956ms
query [29199]: # of matches found 26306 and it took: 116227ms
query [29200]: # of matches found 26104 and it took: 115639ms
query [29201]: # of matches found 25946 and it took: 116676ms
query [29202]: # of matches found 26046 and it took: 114961ms
query [29203]: # of matches found 25846 and it took: 115629ms
query [29204]: # of matches found 25797 and it took: 115002ms
query [29205]: # of matches found 25689 and it took: 114882ms
query [29206]: # of matches found 25667 and it took: 114722ms
query [29207]: # of matches found 25768 and it took: 114112ms
query [29208]: # of matches found 25722 and it took: 114743ms
query [29209]: # of matches found 27090 and it took: 113715ms
query [29210]: # of matches found 27156 and it took: 114585ms
query [29211]: # of matches found 27859 and it took: 113887ms
query [29212]: # of matches found 27940 and it took: 113054ms
query [29213]: # of matches found 27928 and it took: 113129ms
query [29214]: # of matches found 28037 and it took: 113004ms
query [29215]: # of matches found 29284 and it took: 113170ms
query [29216]: # of matches found 29367 and it took: 112666ms
query [29217]: # of matches found 29502 and it took: 111744ms
query [29218]: # of matches found 29836 and it took: 111704ms
query [29219]: # of matches found 29808 and it took: 111048ms
query [29220]: # of matches found 30040 and it took: 111435ms
query [29221]: # of matches found 30173 and it took: 110466ms
query [29222]: # of matches found 30216 and it took: 110163ms
query [29223]: # of matches found 30302 and it took: 110162ms
query [29224]: # of matches found 30356 and it took: 109991ms
query [29225]: # of matches found 30392 and it took: 109533ms
query [29226]: # of matches found 30277 and it took: 108959ms
query [29227]: # of matches found 30415 and it took: 108185ms
query [29228]: # of matches found 30430 and it took: 108296ms
query [29229]: # of matches found 30400 and it took: 108178ms
query [29230]: # of matches found 30223 and it took: 108001ms
query [29231]: # of matches found 30270 and it took: 108010ms
query [29232]: # of matches found 30207 and it took: 108091ms
query [29233]: # of matches found 30949 and it took: 108101ms
query [29234]: # of matches found 30746 and it took: 107535ms
query [29235]: # of matches found 30844 and it took: 107820ms
query [29236]: # of matches found 30718 and it took: 106769ms
query [29237]: # of matches found 30744 and it took: 106814ms
query [29238]: # of matches found 30936 and it took: 106463ms
query [29239]: # of matches found 31176 and it took: 105881ms
query [29240]: # of matches found 31331 and it took: 105397ms
query [29241]: # of matches found 33810 and it took: 104936ms
query [29242]: # of matches found 33872 and it took: 106283ms
query [29243]: # of matches found 34377 and it took: 104693ms
query [29244]: # of matches found 35327 and it took: 105079ms
query [29245]: # of matches found 35834 and it took: 105132ms
query [29246]: # of matches found 35954 and it took: 104468ms
query [29247]: # of matches found 37287 and it took: 103509ms
query [29248]: # of matches found 38166 and it took: 103567ms
query [29249]: # of matches found 38012 and it took: 102836ms
query [29250]: # of matches found 38361 and it took: 102885ms
query [29251]: # of matches found 38264 and it took: 102471ms
query [29252]: # of matches found 38251 and it took: 102488ms
query [29253]: # of matches found 38248 and it took: 102654ms
query [29254]: # of matches found 38219 and it took: 101380ms
query [29255]: # of matches found 37644 and it took: 101969ms
query [29256]: # of matches found 37772 and it took: 100522ms
query [29257]: # of matches found 37945 and it took: 100219ms
query [29258]: # of matches found 38041 and it took: 100770ms
query [29259]: # of matches found 38366 and it took: 99805.9ms
query [29260]: # of matches found 38513 and it took: 100144ms
query [29261]: # of matches found 38603 and it took: 100134ms
query [29262]: # of matches found 38730 and it took: 99818.6ms
query [29263]: # of matches found 38770 and it took: 99351.2ms
query [29264]: # of matches found 38731 and it took: 98928.9ms
query [29265]: # of matches found 38741 and it took: 99041.2ms
query [29266]: # of matches found 38832 and it took: 98498.9ms
query [29267]: # of matches found 38800 and it took: 97563.6ms
query [29268]: # of matches found 38570 and it took: 98401.9ms
query [29269]: # of matches found 38506 and it took: 97285.7ms
query [29270]: # of matches found 38500 and it took: 96115.9ms
query [29271]: # of matches found 38522 and it took: 96156ms
query [29272]: # of matches found 36420 and it took: 96529.4ms
query [29273]: # of matches found 36430 and it took: 95420.9ms
query [29274]: # of matches found 36430 and it took: 94976.7ms
query [29275]: # of matches found 36477 and it took: 96499.8ms
query [29276]: # of matches found 36433 and it took: 95519.6ms
query [29277]: # of matches found 36413 and it took: 94982.6ms
query [29278]: # of matches found 36381 and it took: 95492ms
query [29279]: # of matches found 36239 and it took: 95046.9ms
query [29280]: # of matches found 36173 and it took: 95048.4ms
query [29281]: # of matches found 36077 and it took: 95577ms
query [29282]: # of matches found 36154 and it took: 95488.2ms
query [29283]: # of matches found 36253 and it took: 94843.5ms
query [29284]: # of matches found 36313 and it took: 94622.6ms
query [29285]: # of matches found 36331 and it took: 95240.6ms
query [29286]: # of matches found 36400 and it took: 94939.1ms
query [29287]: # of matches found 36619 and it took: 94745.7ms
query [29288]: # of matches found 36550 and it took: 95063ms
query [29289]: # of matches found 36714 and it took: 94566ms
query [29290]: # of matches found 37534 and it took: 94605.3ms
query [29291]: # of matches found 36425 and it took: 95059.7ms
query [29292]: # of matches found 36382 and it took: 93660.7ms
query [29293]: # of matches found 36588 and it took: 93054.9ms
query [29294]: # of matches found 36626 and it took: 92680ms
query [29295]: # of matches found 36702 and it took: 94080.9ms
query [29296]: # of matches found 36705 and it took: 93555.2ms
query [29297]: # of matches found 36785 and it took: 94273.9ms
query [29298]: # of matches found 36954 and it took: 94977.7ms
query [29299]: # of matches found 36969 and it took: 94565.2ms
query [29300]: # of matches found 37059 and it took: 94494.6ms
query [29301]: # of matches found 36809 and it took: 94711.7ms
query [29302]: # of matches found 36743 and it took: 94316.8ms
query [29303]: # of matches found 36505 and it took: 93846.7ms
query [29304]: # of matches found 36223 and it took: 93888.7ms
query [29305]: # of matches found 36109 and it took: 94289.9ms
query [29306]: # of matches found 35966 and it took: 93558.9ms
query [29307]: # of matches found 35832 and it took: 93511.6ms
query [29308]: # of matches found 35938 and it took: 93868.1ms
query [29309]: # of matches found 36077 and it took: 93511.6ms
query [29310]: # of matches found 34966 and it took: 94165.2ms
query [29311]: # of matches found 35300 and it took: 93719ms
query [29312]: # of matches found 35679 and it took: 94820.2ms
query [29313]: # of matches found 36215 and it took: 94093.2ms
query [29314]: # of matches found 36074 and it took: 94325.5ms
query [29315]: # of matches found 37787 and it took: 94714.1ms
query [29316]: # of matches found 38559 and it took: 93729.2ms
query [29317]: # of matches found 38801 and it took: 95024.9ms
query [29318]: # of matches found 39225 and it took: 95628.3ms
query [29319]: # of matches found 39490 and it took: 95387.8ms
query [29320]: # of matches found 39969 and it took: 96310.9ms
query [29321]: # of matches found 39906 and it took: 96702.9ms
query [29322]: # of matches found 39772 and it took: 97543.5ms
query [29323]: # of matches found 39610 and it took: 97048.3ms
query [29324]: # of matches found 38807 and it took: 97068.7ms
query [29325]: # of matches found 38586 and it took: 98212.3ms
query [29326]: # of matches found 38216 and it took: 97268.4ms
query [29327]: # of matches found 38113 and it took: 98523.9ms
query [29328]: # of matches found 37576 and it took: 97868.6ms
query [29329]: # of matches found 37707 and it took: 98883.6ms
query [29330]: # of matches found 39897 and it took: 98374.2ms
query [29331]: # of matches found 40052 and it took: 98205.6ms
query [29332]: # of matches found 40483 and it took: 99009ms
query [29333]: # of matches found 40580 and it took: 98063.2ms
query [29334]: # of matches found 41036 and it took: 98326.7ms
query [29335]: # of matches found 41172 and it took: 98749.8ms
query [29336]: # of matches found 41209 and it took: 98318.6ms
query [29337]: # of matches found 41276 and it took: 98803.5ms
query [29338]: # of matches found 41517 and it took: 98991.3ms
query [29339]: # of matches found 41574 and it took: 98939.9ms
query [29340]: # of matches found 41726 and it took: 99453.2ms
query [29341]: # of matches found 41779 and it took: 99150.8ms
query [29342]: # of matches found 41468 and it took: 99166.7ms
query [29343]: # of matches found 41997 and it took: 99013.7ms
query [29344]: # of matches found 41872 and it took: 99174.1ms
query [29345]: # of matches found 41943 and it took: 99502.7ms
query [29346]: # of matches found 42024 and it took: 99546.1ms
query [29347]: # of matches found 42133 and it took: 100822ms
query [29348]: # of matches found 42169 and it took: 100546ms
query [29349]: # of matches found 40977 and it took: 100545ms
query [29350]: # of matches found 41164 and it took: 100501ms
query [29351]: # of matches found 40451 and it took: 100332ms
query [29352]: # of matches found 40363 and it took: 100897ms
query [29353]: # of matches found 40308 and it took: 100795ms
query [29354]: # of matches found 40231 and it took: 100951ms
query [29355]: # of matches found 40261 and it took: 102186ms
query [29356]: # of matches found 39079 and it took: 102588ms
query [29357]: # of matches found 39195 and it took: 103039ms
query [29358]: # of matches found 38919 and it took: 102817ms
query [29359]: # of matches found 51067 and it took: 103470ms
query [29360]: # of matches found 51215 and it took: 103490ms
query [29361]: # of matches found 51044 and it took: 103564ms
query [29362]: # of matches found 50836 and it took: 104399ms
query [29363]: # of matches found 50932 and it took: 103664ms
query [29364]: # of matches found 50919 and it took: 104081ms
query [29365]: # of matches found 51059 and it took: 105094ms
query [29366]: # of matches found 51054 and it took: 104703ms
query [29367]: # of matches found 51027 and it took: 105019ms
query [29368]: # of matches found 51158 and it took: 104723ms
query [29369]: # of matches found 51131 and it took: 105534ms
query [29370]: # of matches found 51218 and it took: 105010ms
query [29371]: # of matches found 51122 and it took: 105730ms
query [29372]: # of matches found 51140 and it took: 106060ms
query [29373]: # of matches found 51078 and it took: 105487ms
query [29374]: # of matches found 50304 and it took: 106448ms
query [29375]: # of matches found 50169 and it took: 106333ms
query [29376]: # of matches found 50230 and it took: 106742ms
query [29377]: # of matches found 50193 and it took: 107182ms
query [29378]: # of matches found 50093 and it took: 107747ms
query [29379]: # of matches found 49911 and it took: 108107ms
query [29380]: # of matches found 49782 and it took: 107776ms
query [29381]: # of matches found 47292 and it took: 107978ms
query [29382]: # of matches found 47162 and it took: 108083ms
query [29383]: # of matches found 46997 and it took: 107710ms
query [29384]: # of matches found 46529 and it took: 108501ms
query [29385]: # of matches found 45854 and it took: 108446ms
query [29386]: # of matches found 45606 and it took: 109233ms
query [29387]: # of matches found 44464 and it took: 109583ms
query [29388]: # of matches found 43171 and it took: 109260ms
query [29389]: # of matches found 43020 and it took: 109896ms
query [29390]: # of matches found 42456 and it took: 109337ms
query [29391]: # of matches found 46191 and it took: 110988ms
query [29392]: # of matches found 45987 and it took: 110425ms
query [29393]: # of matches found 45891 and it took: 110749ms
query [29394]: # of matches found 45865 and it took: 111219ms
query [29395]: # of matches found 45976 and it took: 111474ms
query [29396]: # of matches found 46022 and it took: 111988ms
query [29397]: # of matches found 46034 and it took: 111402ms
query [29398]: # of matches found 45996 and it took: 111080ms
query [29399]: # of matches found 45626 and it took: 111438ms
query [29400]: # of matches found 45581 and it took: 109785ms
query [29401]: # of matches found 45738 and it took: 111064ms
query [29402]: # of matches found 45618 and it took: 109874ms
query [29403]: # of matches found 45526 and it took: 110280ms
query [29404]: # of matches found 45465 and it took: 111489ms
query [29405]: # of matches found 45501 and it took: 111057ms
query [29406]: # of matches found 45486 and it took: 111231ms
query [29407]: # of matches found 45401 and it took: 111084ms
query [29408]: # of matches found 45772 and it took: 111737ms
query [29409]: # of matches found 45866 and it took: 111057ms
query [29410]: # of matches found 45931 and it took: 109652ms
query [29411]: # of matches found 46021 and it took: 110400ms
query [29412]: # of matches found 46139 and it took: 110222ms
query [29413]: # of matches found 46265 and it took: 110479ms
query [29414]: # of matches found 46370 and it took: 110888ms
query [29415]: # of matches found 46324 and it took: 110637ms
query [29416]: # of matches found 46333 and it took: 110939ms
query [29417]: # of matches found 46299 and it took: 111087ms
query [29418]: # of matches found 46272 and it took: 110944ms
query [29419]: # of matches found 46244 and it took: 110400ms
query [29420]: # of matches found 46203 and it took: 108723ms
query [29421]: # of matches found 46139 and it took: 109878ms
query [29422]: # of matches found 46007 and it took: 109344ms
query [29423]: # of matches found 45847 and it took: 109782ms
query [29424]: # of matches found 45814 and it took: 110485ms
query [29425]: # of matches found 45838 and it took: 111239ms
query [29426]: # of matches found 45688 and it took: 111886ms
query [29427]: # of matches found 45588 and it took: 111427ms
query [29428]: # of matches found 45625 and it took: 111515ms
query [29429]: # of matches found 45371 and it took: 110453ms
query [29430]: # of matches found 44429 and it took: 107924ms
query [29431]: # of matches found 44280 and it took: 110596ms
query [29432]: # of matches found 44348 and it took: 108383ms
query [29433]: # of matches found 44247 and it took: 109331ms
query [29434]: # of matches found 44420 and it took: 109142ms
query [29435]: # of matches found 44527 and it took: 108934ms
query [29436]: # of matches found 44554 and it took: 109126ms
query [29437]: # of matches found 44438 and it took: 109078ms
query [29438]: # of matches found 44416 and it took: 109054ms
query [29439]: # of matches found 44633 and it took: 109195ms
query [29440]: # of matches found 44692 and it took: 107093ms
query [29441]: # of matches found 44815 and it took: 107953ms
query [29442]: # of matches found 44812 and it took: 106973ms
query [29443]: # of matches found 44828 and it took: 107893ms
query [29444]: # of matches found 44817 and it took: 106860ms
query [29445]: # of matches found 44878 and it took: 107809ms
query [29446]: # of matches found 44873 and it took: 107380ms
query [29447]: # of matches found 44894 and it took: 108314ms
query [29448]: # of matches found 44640 and it took: 108950ms
query [29449]: # of matches found 44515 and it took: 108010ms
query [29450]: # of matches found 44318 and it took: 107686ms
query [29451]: # of matches found 43886 and it took: 108560ms
query [29452]: # of matches found 43962 and it took: 108181ms
query [29453]: # of matches found 43466 and it took: 107998ms
query [29454]: # of matches found 43078 and it took: 108317ms
query [29455]: # of matches found 41263 and it took: 108489ms
query [29456]: # of matches found 40638 and it took: 108826ms
query [29457]: # of matches found 40066 and it took: 108412ms
query [29458]: # of matches found 39487 and it took: 108602ms
query [29459]: # of matches found 39094 and it took: 108329ms
query [29460]: # of matches found 38493 and it took: 106749ms
query [29461]: # of matches found 38398 and it took: 108653ms
query [29462]: # of matches found 38342 and it took: 108224ms
query [29463]: # of matches found 38295 and it took: 107243ms
query [29464]: # of matches found 38202 and it took: 107950ms
query [29465]: # of matches found 38172 and it took: 108247ms
query [29466]: # of matches found 38186 and it took: 107919ms
query [29467]: # of matches found 38228 and it took: 107664ms
query [29468]: # of matches found 38326 and it took: 108181ms
query [29469]: # of matches found 38113 and it took: 109102ms
query [29470]: # of matches found 35930 and it took: 109720ms
query [29471]: # of matches found 35747 and it took: 110452ms
query [29472]: # of matches found 35580 and it took: 109985ms
query [29473]: # of matches found 35509 and it took: 109455ms
query [29474]: # of matches found 35316 and it took: 107684ms
query [29475]: # of matches found 34999 and it took: 109793ms
query [29476]: # of matches found 35090 and it took: 109946ms
query [29477]: # of matches found 35215 and it took: 110262ms
query [29478]: # of matches found 35001 and it took: 110512ms
query [29479]: # of matches found 34865 and it took: 110762ms
query [29480]: # of matches found 34681 and it took: 109334ms
query [29481]: # of matches found 35066 and it took: 109686ms
query [29482]: # of matches found 35183 and it took: 109461ms
query [29483]: # of matches found 34771 and it took: 109392ms
query [29484]: # of matches found 34602 and it took: 109164ms
query [29485]: # of matches found 34534 and it took: 109962ms
query [29486]: # of matches found 34463 and it took: 110476ms
query [29487]: # of matches found 34262 and it took: 111838ms
query [29488]: # of matches found 34211 and it took: 111573ms
query [29489]: # of matches found 34066 and it took: 111595ms
query [29490]: # of matches found 33706 and it took: 110613ms
query [29491]: # of matches found 33539 and it took: 111060ms
query [29492]: # of matches found 33477 and it took: 110269ms
query [29493]: # of matches found 33479 and it took: 110853ms
query [29494]: # of matches found 33478 and it took: 109172ms
query [29495]: # of matches found 33379 and it took: 111754ms
query [29496]: # of matches found 33316 and it took: 111435ms
query [29497]: # of matches found 33122 and it took: 112369ms
query [29498]: # of matches found 33256 and it took: 111559ms
query [29499]: # of matches found 21438 and it took: 111230ms
query [29500]: # of matches found 21168 and it took: 110051ms
query [29501]: # of matches found 20974 and it took: 110967ms
query [29502]: # of matches found 20905 and it took: 109625ms
query [29503]: # of matches found 20918 and it took: 109541ms
query [29504]: # of matches found 20737 and it took: 108139ms
query [29505]: # of matches found 20766 and it took: 110344ms
query [29506]: # of matches found 20859 and it took: 109656ms
query [29507]: # of matches found 20758 and it took: 110379ms
query [29508]: # of matches found 20774 and it took: 109828ms
query [29509]: # of matches found 20838 and it took: 109052ms
query [29510]: # of matches found 20821 and it took: 108600ms
query [29511]: # of matches found 20820 and it took: 107903ms
query [29512]: # of matches found 20827 and it took: 107788ms
query [29513]: # of matches found 21607 and it took: 108839ms
query [29514]: # of matches found 21625 and it took: 106606ms
query [29515]: # of matches found 22024 and it took: 108322ms
query [29516]: # of matches found 21984 and it took: 107869ms
query [29517]: # of matches found 22060 and it took: 108504ms
query [29518]: # of matches found 22059 and it took: 108297ms
query [29519]: # of matches found 22337 and it took: 108394ms
query [29520]: # of matches found 22373 and it took: 108215ms
query [29521]: # of matches found 22384 and it took: 108194ms
query [29522]: # of matches found 22406 and it took: 107875ms
query [29523]: # of matches found 21960 and it took: 107788ms
query [29524]: # of matches found 21938 and it took: 106560ms
query [29525]: # of matches found 21856 and it took: 109025ms
query [29526]: # of matches found 21863 and it took: 107797ms
query [29527]: # of matches found 21860 and it took: 108381ms
query [29528]: # of matches found 21921 and it took: 107482ms
query [29529]: # of matches found 21494 and it took: 107990ms
query [29530]: # of matches found 21450 and it took: 108020ms
query [29531]: # of matches found 17723 and it took: 107353ms
query [29532]: # of matches found 17736 and it took: 106968ms
query [29533]: # of matches found 17728 and it took: 107700ms
query [29534]: # of matches found 18602 and it took: 105544ms
query [29535]: # of matches found 18496 and it took: 106923ms
query [29536]: # of matches found 18390 and it took: 107026ms
query [29537]: # of matches found 18335 and it took: 106103ms
query [29538]: # of matches found 18422 and it took: 105071ms
query [29539]: # of matches found 18423 and it took: 105736ms
query [29540]: # of matches found 18507 and it took: 105425ms
query [29541]: # of matches found 18382 and it took: 104958ms
query [29542]: # of matches found 18321 and it took: 105293ms
query [29543]: # of matches found 18423 and it took: 104206ms
query [29544]: # of matches found 18261 and it took: 103530ms
query [29545]: # of matches found 18165 and it took: 103853ms
query [29546]: # of matches found 18132 and it took: 103580ms
query [29547]: # of matches found 18659 and it took: 104470ms
query [29548]: # of matches found 18296 and it took: 103784ms
query [29549]: # of matches found 18438 and it took: 103752ms
query [29550]: # of matches found 18455 and it took: 104169ms
query [29551]: # of matches found 18330 and it took: 104006ms
query [29552]: # of matches found 18256 and it took: 103709ms
query [29553]: # of matches found 18047 and it took: 104199ms
query [29554]: # of matches found 17890 and it took: 103455ms
query [29555]: # of matches found 17867 and it took: 103430ms
query [29556]: # of matches found 17819 and it took: 103503ms
query [29557]: # of matches found 17785 and it took: 102363ms
query [29558]: # of matches found 17861 and it took: 102855ms
query [29559]: # of matches found 17855 and it took: 103210ms
query [29560]: # of matches found 18007 and it took: 102633ms
query [29561]: # of matches found 18412 and it took: 102632ms
query [29562]: # of matches found 18613 and it took: 103109ms
query [29563]: # of matches found 18775 and it took: 102437ms
query [29564]: # of matches found 18827 and it took: 102985ms
query [29565]: # of matches found 18901 and it took: 103394ms
query [29566]: # of matches found 18836 and it took: 103290ms
query [29567]: # of matches found 18932 and it took: 103311ms
query [29568]: # of matches found 18739 and it took: 103168ms
query [29569]: # of matches found 18765 and it took: 103596ms
query [29570]: # of matches found 18808 and it took: 103725ms
query [29571]: # of matches found 18901 and it took: 103702ms
query [29572]: # of matches found 18905 and it took: 103728ms
query [29573]: # of matches found 18824 and it took: 104833ms
query [29574]: # of matches found 18755 and it took: 103458ms
query [29575]: # of matches found 18695 and it took: 104089ms
query [29576]: # of matches found 18701 and it took: 104477ms
query [29577]: # of matches found 18701 and it took: 104319ms
query [29578]: # of matches found 19021 and it took: 103759ms
query [29579]: # of matches found 18876 and it took: 104509ms
query [29580]: # of matches found 18551 and it took: 104170ms
query [29581]: # of matches found 19540 and it took: 104408ms
query [29582]: # of matches found 19607 and it took: 104265ms
query [29583]: # of matches found 20347 and it took: 103991ms
query [29584]: # of matches found 20658 and it took: 103878ms
query [29585]: # of matches found 20671 and it took: 104294ms
query [29586]: # of matches found 20753 and it took: 103398ms
query [29587]: # of matches found 20818 and it took: 103535ms
query [29588]: # of matches found 21004 and it took: 102871ms
query [29589]: # of matches found 21514 and it took: 103358ms
query [29590]: # of matches found 21742 and it took: 103477ms
query [29591]: # of matches found 21857 and it took: 103763ms
query [29592]: # of matches found 21753 and it took: 103892ms
query [29593]: # of matches found 21841 and it took: 103557ms
query [29594]: # of matches found 21931 and it took: 103017ms
query [29595]: # of matches found 22041 and it took: 103721ms
query [29596]: # of matches found 22263 and it took: 103658ms
query [29597]: # of matches found 22316 and it took: 104088ms
query [29598]: # of matches found 22330 and it took: 103399ms
query [29599]: # of matches found 22331 and it took: 104121ms
query [29600]: # of matches found 22364 and it took: 103949ms
query [29601]: # of matches found 22527 and it took: 104073ms
query [29602]: # of matches found 22428 and it took: 104008ms
query [29603]: # of matches found 22427 and it took: 103961ms
query [29604]: # of matches found 22424 and it took: 103602ms
query [29605]: # of matches found 22405 and it took: 104333ms
query [29606]: # of matches found 22373 and it took: 103458ms
query [29607]: # of matches found 22324 and it took: 103074ms
query [29608]: # of matches found 22149 and it took: 103504ms
query [29609]: # of matches found 22094 and it took: 102596ms
query [29610]: # of matches found 21977 and it took: 103322ms
query [29611]: # of matches found 21920 and it took: 103887ms
query [29612]: # of matches found 21789 and it took: 104636ms
query [29613]: # of matches found 21699 and it took: 104382ms
query [29614]: # of matches found 21712 and it took: 104330ms
query [29615]: # of matches found 21537 and it took: 105020ms
query [29616]: # of matches found 21359 and it took: 106161ms
query [29617]: # of matches found 21135 and it took: 104965ms
query [29618]: # of matches found 21316 and it took: 105128ms
query [29619]: # of matches found 21317 and it took: 105954ms
query [29620]: # of matches found 21420 and it took: 106159ms
query [29621]: # of matches found 21087 and it took: 106814ms
query [29622]: # of matches found 20935 and it took: 106733ms
query [29623]: # of matches found 20879 and it took: 106980ms
query [29624]: # of matches found 20921 and it took: 106385ms
query [29625]: # of matches found 20976 and it took: 106911ms
query [29626]: # of matches found 20917 and it took: 108018ms
query [29627]: # of matches found 20919 and it took: 107950ms
query [29628]: # of matches found 20889 and it took: 108392ms
query [29629]: # of matches found 20844 and it took: 108510ms
query [29630]: # of matches found 20834 and it took: 109404ms
query [29631]: # of matches found 20809 and it took: 109244ms
query [29632]: # of matches found 20825 and it took: 108781ms
query [29633]: # of matches found 23184 and it took: 109664ms
query [29634]: # of matches found 23230 and it took: 109619ms
query [29635]: # of matches found 23233 and it took: 109889ms
query [29636]: # of matches found 23362 and it took: 110526ms
query [29637]: # of matches found 23448 and it took: 110757ms
query [29638]: # of matches found 23483 and it took: 110844ms
query [29639]: # of matches found 23423 and it took: 110441ms
query [29640]: # of matches found 23402 and it took: 111683ms
query [29641]: # of matches found 23374 and it took: 111338ms
query [29642]: # of matches found 23364 and it took: 111300ms
query [29643]: # of matches found 23344 and it took: 111385ms
query [29644]: # of matches found 23286 and it took: 111173ms
query [29645]: # of matches found 23150 and it took: 110521ms
query [29646]: # of matches found 22975 and it took: 111663ms
query [29647]: # of matches found 22934 and it took: 112048ms
query [29648]: # of matches found 22890 and it took: 111365ms
query [29649]: # of matches found 22872 and it took: 111796ms
query [29650]: # of matches found 23119 and it took: 112616ms
query [29651]: # of matches found 23169 and it took: 112157ms
query [29652]: # of matches found 23218 and it took: 112802ms
query [29653]: # of matches found 23304 and it took: 112338ms
query [29654]: # of matches found 22629 and it took: 111518ms
query [29655]: # of matches found 22241 and it took: 111387ms
query [29656]: # of matches found 22251 and it took: 112346ms
query [29657]: # of matches found 22191 and it took: 111920ms
query [29658]: # of matches found 22147 and it took: 112477ms
query [29659]: # of matches found 21872 and it took: 112657ms
query [29660]: # of matches found 22479 and it took: 113394ms
query [29661]: # of matches found 22466 and it took: 113082ms
query [29662]: # of matches found 22480 and it took: 113387ms
query [29663]: # of matches found 22367 and it took: 113123ms
query [29664]: # of matches found 26373 and it took: 112913ms
query [29665]: # of matches found 26772 and it took: 113784ms
query [29666]: # of matches found 26842 and it took: 113518ms
query [29667]: # of matches found 27023 and it took: 113419ms
query [29668]: # of matches found 27035 and it took: 113355ms
query [29669]: # of matches found 27463 and it took: 112694ms
query [29670]: # of matches found 27560 and it took: 113564ms
query [29671]: # of matches found 28043 and it took: 113128ms
query [29672]: # of matches found 28529 and it took: 113035ms
query [29673]: # of matches found 28892 and it took: 112278ms
query [29674]: # of matches found 29208 and it took: 113252ms
query [29675]: # of matches found 29281 and it took: 113393ms
query [29676]: # of matches found 29448 and it took: 115147ms
query [29677]: # of matches found 29297 and it took: 114630ms
query [29678]: # of matches found 29069 and it took: 114231ms
query [29679]: # of matches found 29193 and it took: 114104ms
query [29680]: # of matches found 29049 and it took: 113848ms
query [29681]: # of matches found 28997 and it took: 116078ms
query [29682]: # of matches found 28961 and it took: 113972ms
query [29683]: # of matches found 28825 and it took: 111776ms
query [29684]: # of matches found 28808 and it took: 113081ms
query [29685]: # of matches found 28792 and it took: 111857ms
query [29686]: # of matches found 28807 and it took: 112620ms
query [29687]: # of matches found 28248 and it took: 112336ms
query [29688]: # of matches found 28210 and it took: 111725ms
query [29689]: # of matches found 28024 and it took: 111294ms
query [29690]: # of matches found 27937 and it took: 112013ms
query [29691]: # of matches found 27990 and it took: 112016ms
query [29692]: # of matches found 28033 and it took: 111844ms
query [29693]: # of matches found 28070 and it took: 111401ms
query [29694]: # of matches found 28045 and it took: 111826ms
query [29695]: # of matches found 28017 and it took: 111871ms
query [29696]: # of matches found 28023 and it took: 112072ms
query [29697]: # of matches found 28388 and it took: 112484ms
query [29698]: # of matches found 28366 and it took: 112088ms
query [29699]: # of matches found 28552 and it took: 112265ms
query [29700]: # of matches found 28881 and it took: 112807ms
query [29701]: # of matches found 29093 and it took: 112005ms
query [29702]: # of matches found 29105 and it took: 111275ms
query [29703]: # of matches found 28906 and it took: 110756ms
query [29704]: # of matches found 28894 and it took: 110948ms
query [29705]: # of matches found 28876 and it took: 110989ms
query [29706]: # of matches found 28900 and it took: 111001ms
query [29707]: # of matches found 28813 and it took: 111191ms
query [29708]: # of matches found 28843 and it took: 111535ms
query [29709]: # of matches found 30490 and it took: 111159ms
query [29710]: # of matches found 30373 and it took: 111722ms
query [29711]: # of matches found 30269 and it took: 111512ms
query [29712]: # of matches found 30369 and it took: 112035ms
query [29713]: # of matches found 30317 and it took: 110845ms
query [29714]: # of matches found 31235 and it took: 110254ms
query [29715]: # of matches found 31055 and it took: 110727ms
query [29716]: # of matches found 30775 and it took: 110190ms
query [29717]: # of matches found 30782 and it took: 111050ms
query [29718]: # of matches found 30633 and it took: 110726ms
query [29719]: # of matches found 30444 and it took: 110546ms
query [29720]: # of matches found 30619 and it took: 111287ms
query [29721]: # of matches found 29717 and it took: 110288ms
query [29722]: # of matches found 29553 and it took: 112292ms
query [29723]: # of matches found 28790 and it took: 111149ms
query [29724]: # of matches found 28611 and it took: 109453ms
query [29725]: # of matches found 28805 and it took: 110332ms
query [29726]: # of matches found 28829 and it took: 109222ms
query [29727]: # of matches found 28951 and it took: 109592ms
query [29728]: # of matches found 29253 and it took: 109355ms
query [29729]: # of matches found 88844 and it took: 109607ms
query [29730]: # of matches found 92736 and it took: 109975ms
query [29731]: # of matches found 101035 and it took: 108829ms
query [29732]: # of matches found 100583 and it took: 108585ms
query [29733]: # of matches found 100303 and it took: 108026ms
query [29734]: # of matches found 100061 and it took: 107584ms
query [29735]: # of matches found 99794 and it took: 107596ms
query [29736]: # of matches found 99523 and it took: 106370ms
query [29737]: # of matches found 99378 and it took: 106463ms
query [29738]: # of matches found 99305 and it took: 105016ms
query [29739]: # of matches found 99267 and it took: 104946ms
query [29740]: # of matches found 99237 and it took: 104073ms
query [29741]: # of matches found 99030 and it took: 103134ms
query [29742]: # of matches found 98932 and it took: 102274ms
query [29743]: # of matches found 98861 and it took: 101374ms
query [29744]: # of matches found 98813 and it took: 101204ms
query [29745]: # of matches found 98763 and it took: 100617ms
query [29746]: # of matches found 98661 and it took: 100136ms
query [29747]: # of matches found 98606 and it took: 100272ms
query [29748]: # of matches found 98578 and it took: 99369.8ms
query [29749]: # of matches found 98471 and it took: 99318.3ms
query [29750]: # of matches found 98428 and it took: 99186.9ms
query [29751]: # of matches found 98395 and it took: 98385.5ms
query [29752]: # of matches found 98376 and it took: 98046.6ms
query [29753]: # of matches found 98335 and it took: 97792.3ms
PARMIK's matches per query up to q (754) => [average: 32622, median: 28073, sum: 24597591]
