no kmerRangesFileAddressArg!
no otherToolArg!
**********************CONFIGURATIONS*****************************
PARMIK mode:                  3
readDatabaseAddress:          /p/lava/parmik/partialMatcherProject/datasets/metagenomicDB/SRR12432009/SRR12432009_reads
readFileName:                 SRR12432009_reads
queryFileAddress:             /p/lava/parmik/partialMatcherProject/datasets/queryFiles/covidQueryFiles/NC_045512_chunks/NC_045512_queries_0-999
queryFileName:                NC_045512_queries_0-999
otherToolOutputFileAddress:   /u/rgq5aw/GIT/PARMIK/partialMatcherProject/tools/blast/SRR12432009/NC_045512/blastn_ws30_results.out
outputDir:                    /p/lava/parmik/partialMatcherProject/tools/baseline_ssw/SRR12432009/NC_045512
penaltyFileAddress:           /u/rgq5aw/GIT/PARMIK/experiments/parmik/CK_SSW_ID_PRCNTG/PenaltySets/2484_1111_2444_2288_2848
kmerRangesFileAddress:        
readsCount:                   17000000
queryCount:                   30000
kmerLength:                   11
regionSize:                   48
cheapKmerThreshold:           0
identityPercentage:           0.85
minExactMatchLen:             0
minNumExactMatchKmer:         0
isIndexOffline:               1
offlineIndexAddress:          /p/lava/parmik/partialMatcherProject/tools/parmik/CK_INDEX/SRR12432009/
max editDistance in min region: 2
**********************CONFIGURATIONS*****************************
--------------Penalties--------------
m: 2, s: 4, go: 8, ge: 4
m: 1, s: 1, go: 1, ge: 1
m: 2, s: 4, go: 4, ge: 4
m: 2, s: 2, go: 8, ge: 8
m: 2, s: 8, go: 4, ge: 8
------------------------------------
numberOfReadsWithN : 0
queryCount : 1000
numberOfReadsWithN : 0
readCount : 16344647
offlineCheapIndexAddress: /p/lava/parmik/partialMatcherProject/tools/parmik/CK_INDEX/SRR12432009/ck_T0_K11_r17000000
pmrkAlignmentsAddress: /p/lava/parmik/partialMatcherProject/tools/baseline_ssw/SRR12432009/NC_045512/aln/pmAln_R48_PI85_L0_M0_E2_K11_T0_P_2484_1111_2444_2288_2848.txt
Starting alignment for all queries [fwd]...
queryBaseIndex: 0
query [0]: # of matches found 24504 and it took: 61232.3ms
query [1]: # of matches found 24314 and it took: 62700ms
query [2]: # of matches found 23944 and it took: 62643.1ms
query [3]: # of matches found 23862 and it took: 62923.2ms
query [4]: # of matches found 23880 and it took: 63022ms
query [5]: # of matches found 23799 and it took: 63064.7ms
query [6]: # of matches found 23862 and it took: 63354.8ms
query [7]: # of matches found 23426 and it took: 63667.9ms
query [8]: # of matches found 23449 and it took: 63296.1ms
query [9]: # of matches found 23440 and it took: 63643.6ms
query [10]: # of matches found 23397 and it took: 63239.6ms
query [11]: # of matches found 23402 and it took: 63348.3ms
query [12]: # of matches found 23400 and it took: 63037.9ms
query [13]: # of matches found 23401 and it took: 63417.1ms
query [14]: # of matches found 23284 and it took: 63323ms
query [15]: # of matches found 23186 and it took: 63099.5ms
query [16]: # of matches found 23387 and it took: 63870ms
query [17]: # of matches found 23350 and it took: 64076.2ms
query [18]: # of matches found 23244 and it took: 64254.5ms
