no kmerRangesFileAddressArg!
no baselineBaseAddress!
no otherToolArg!
**********************CONFIGURATIONS*****************************
PARMIK mode:                  3
readDatabaseAddress:          /p/lava/parmik/partialMatcherProject/datasets/metagenomicDB/SRR12432009/SRR12432009_reads
readFileName:                 SRR12432009_reads
queryFileAddress:             /p/lava/parmik/partialMatcherProject/datasets/queryFiles/covidQueryFiles/NC_045512_chunks/NC_045512_queries_21000-21999
queryFileName:                NC_045512_queries_21000-21999
otherToolOutputFileAddress:   /u/rgq5aw/GIT/PARMIK/partialMatcherProject/tools/blast/SRR12432009/NC_045512/blastn_ws30_results.out
outputDir:                    /p/lava/parmik/partialMatcherProject/tools/baseline_ssw/SRR12432009/NC_045512
penaltyFileAddress:           /u/rgq5aw/GIT/PARMIK/experiments/parmik/CK_SSW_ID_PRCNTG/PenaltySets/2484_1111_2444_2288_2848
kmerRangesFileAddress:        
readsCount:                   17000000
queryCount:                   30000
kmerLength:                   11
regionSize:                   48
cheapKmerThreshold:           0
identityPercentage:           0.85
minExactMatchLen:             0
minNumExactMatchKmer:         0
isIndexOffline:               1
offlineIndexAddress:          /p/lava/parmik/partialMatcherProject/tools/parmik/CK_INDEX/SRR12432009/
baselineBaseAddress:          
max editDistance in min region: 2
**********************CONFIGURATIONS*****************************
--------------Penalties--------------
m: 2, s: 4, go: 8, ge: 4
m: 1, s: 1, go: 1, ge: 1
m: 2, s: 4, go: 4, ge: 4
m: 2, s: 2, go: 8, ge: 8
m: 2, s: 8, go: 4, ge: 8
------------------------------------
numberOfReadsWithN : 0
queryCount : 1000
numberOfReadsWithN : 0
readCount : 16344647
offlineCheapIndexAddress: /p/lava/parmik/partialMatcherProject/tools/parmik/CK_INDEX/SRR12432009/ck_T0_K11_r17000000
pmrkAlignmentsAddress: /p/lava/parmik/partialMatcherProject/tools/baseline_ssw/SRR12432009/NC_045512/aln/pmAln_R48_PI85_L0_M0_E2_K11_T0_P_2484_1111_2444_2288_2848.txt
Starting alignment for all queries [fwd]...
queryBaseIndex: 21000
query [21000]: # of matches found 28990 and it took: 40513ms
query [21001]: # of matches found 29046 and it took: 41198.4ms
query [21002]: # of matches found 29051 and it took: 42459.6ms
query [21003]: # of matches found 28990 and it took: 40941.1ms
query [21004]: # of matches found 29732 and it took: 41236.7ms
query [21005]: # of matches found 29707 and it took: 41507.9ms
query [21006]: # of matches found 29503 and it took: 41398ms
query [21007]: # of matches found 29471 and it took: 41628.5ms
query [21008]: # of matches found 29427 and it took: 41691ms
query [21009]: # of matches found 29172 and it took: 41652.2ms
query [21010]: # of matches found 29179 and it took: 41497.6ms
query [21011]: # of matches found 29271 and it took: 42150.8ms
query [21012]: # of matches found 29278 and it took: 41969.2ms
query [21013]: # of matches found 29272 and it took: 41092.9ms
query [21014]: # of matches found 29252 and it took: 42162.1ms
query [21015]: # of matches found 28590 and it took: 42214.8ms
query [21016]: # of matches found 28574 and it took: 42194.4ms
query [21017]: # of matches found 28539 and it took: 41899.8ms
query [21018]: # of matches found 28423 and it took: 42069ms
query [21019]: # of matches found 28407 and it took: 42197.1ms
query [21020]: # of matches found 27896 and it took: 42306.4ms
query [21021]: # of matches found 28044 and it took: 42108.6ms
query [21022]: # of matches found 28220 and it took: 42160.3ms
query [21023]: # of matches found 28153 and it took: 41978.6ms
query [21024]: # of matches found 28229 and it took: 42005.2ms
query [21025]: # of matches found 28243 and it took: 42052.3ms
query [21026]: # of matches found 28334 and it took: 42398.6ms
query [21027]: # of matches found 28452 and it took: 42154.8ms
query [21028]: # of matches found 28462 and it took: 42125ms
query [21029]: # of matches found 28602 and it took: 43073ms
query [21030]: # of matches found 28638 and it took: 42078.8ms
query [21031]: # of matches found 28745 and it took: 42505.6ms
query [21032]: # of matches found 28745 and it took: 42347.5ms
query [21033]: # of matches found 28668 and it took: 41588.8ms
query [21034]: # of matches found 28711 and it took: 42124.2ms
query [21035]: # of matches found 28681 and it took: 42260.4ms
query [21036]: # of matches found 28776 and it took: 42192ms
query [21037]: # of matches found 28700 and it took: 42276.5ms
query [21038]: # of matches found 28640 and it took: 42077.4ms
query [21039]: # of matches found 28715 and it took: 42509.7ms
query [21040]: # of matches found 28754 and it took: 42049.2ms
query [21041]: # of matches found 28790 and it took: 42101.3ms
query [21042]: # of matches found 28768 and it took: 41986.1ms
query [21043]: # of matches found 27382 and it took: 41932.8ms
query [21044]: # of matches found 27321 and it took: 42179.8ms
query [21045]: # of matches found 27319 and it took: 42098.9ms
query [21046]: # of matches found 27406 and it took: 42488.3ms
query [21047]: # of matches found 27463 and it took: 42465.7ms
query [21048]: # of matches found 27584 and it took: 42306.9ms
query [21049]: # of matches found 27686 and it took: 43153.7ms
query [21050]: # of matches found 27790 and it took: 42528.3ms
query [21051]: # of matches found 27911 and it took: 42532.3ms
query [21052]: # of matches found 27956 and it took: 42119.4ms
query [21053]: # of matches found 27863 and it took: 42131.4ms
query [21054]: # of matches found 28038 and it took: 42206.5ms
query [21055]: # of matches found 28091 and it took: 41685.4ms
query [21056]: # of matches found 28117 and it took: 42358.8ms
query [21057]: # of matches found 28181 and it took: 42293.4ms
query [21058]: # of matches found 28221 and it took: 41807.4ms
query [21059]: # of matches found 28162 and it took: 42214.9ms
query [21060]: # of matches found 28246 and it took: 41907.7ms
query [21061]: # of matches found 27950 and it took: 42326.7ms
query [21062]: # of matches found 27954 and it took: 42492.3ms
query [21063]: # of matches found 27744 and it took: 42761.9ms
query [21064]: # of matches found 27668 and it took: 43085.6ms
query [21065]: # of matches found 27524 and it took: 42451.7ms
query [21066]: # of matches found 27108 and it took: 42264.2ms
query [21067]: # of matches found 27000 and it took: 42853.3ms
query [21068]: # of matches found 26597 and it took: 42524.2ms
query [21069]: # of matches found 26577 and it took: 42897.9ms
query [21070]: # of matches found 26489 and it took: 42489.8ms
query [21071]: # of matches found 26367 and it took: 42588.2ms
query [21072]: # of matches found 26282 and it took: 42545.4ms
query [21073]: # of matches found 26303 and it took: 42921.1ms
query [21074]: # of matches found 26092 and it took: 42857.6ms
query [21075]: # of matches found 25855 and it took: 43005.8ms
query [21076]: # of matches found 24528 and it took: 43033.6ms
query [21077]: # of matches found 23965 and it took: 43308.4ms
query [21078]: # of matches found 23325 and it took: 43738.7ms
query [21079]: # of matches found 22785 and it took: 43496.1ms
query [21080]: # of matches found 22431 and it took: 43390.4ms
query [21081]: # of matches found 22540 and it took: 43714.6ms
query [21082]: # of matches found 22367 and it took: 43847.6ms
query [21083]: # of matches found 22395 and it took: 43691.2ms
query [21084]: # of matches found 22636 and it took: 44055.2ms
query [21085]: # of matches found 22691 and it took: 44253.2ms
query [21086]: # of matches found 22762 and it took: 44410.7ms
query [21087]: # of matches found 24602 and it took: 44193.9ms
query [21088]: # of matches found 24592 and it took: 44444.9ms
query [21089]: # of matches found 24611 and it took: 44678.5ms
query [21090]: # of matches found 24659 and it took: 44427.2ms
query [21091]: # of matches found 24684 and it took: 44588ms
query [21092]: # of matches found 24720 and it took: 44514.9ms
query [21093]: # of matches found 24846 and it took: 44573.6ms
query [21094]: # of matches found 24566 and it took: 44507.8ms
query [21095]: # of matches found 25739 and it took: 44573.7ms
query [21096]: # of matches found 25855 and it took: 44492.4ms
query [21097]: # of matches found 25778 and it took: 44577.1ms
query [21098]: # of matches found 25730 and it took: 44797.2ms
query [21099]: # of matches found 25618 and it took: 44801.6ms
query [21100]: # of matches found 25444 and it took: 44497.4ms
query [21101]: # of matches found 23857 and it took: 44757.3ms
query [21102]: # of matches found 23245 and it took: 44724.8ms
query [21103]: # of matches found 23220 and it took: 45510.2ms
query [21104]: # of matches found 23255 and it took: 45330.2ms
query [21105]: # of matches found 22680 and it took: 45522ms
query [21106]: # of matches found 22636 and it took: 45676.5ms
query [21107]: # of matches found 22684 and it took: 45444.7ms
query [21108]: # of matches found 22920 and it took: 46040.1ms
query [21109]: # of matches found 22875 and it took: 45910.7ms
query [21110]: # of matches found 22852 and it took: 45839.2ms
query [21111]: # of matches found 22750 and it took: 46033.8ms
query [21112]: # of matches found 22690 and it took: 45913.3ms
query [21113]: # of matches found 22924 and it took: 45885.5ms
query [21114]: # of matches found 22941 and it took: 45379.1ms
query [21115]: # of matches found 22737 and it took: 45705.4ms
query [21116]: # of matches found 23573 and it took: 46006.9ms
query [21117]: # of matches found 23423 and it took: 46012.6ms
query [21118]: # of matches found 23473 and it took: 46307.7ms
query [21119]: # of matches found 23510 and it took: 46572.3ms
query [21120]: # of matches found 23582 and it took: 46437.3ms
query [21121]: # of matches found 23668 and it took: 46782.8ms
query [21122]: # of matches found 23870 and it took: 46796.1ms
query [21123]: # of matches found 24034 and it took: 47186.2ms
query [21124]: # of matches found 24196 and it took: 46281.5ms
query [21125]: # of matches found 24087 and it took: 47085ms
query [21126]: # of matches found 24215 and it took: 46778.6ms
query [21127]: # of matches found 23844 and it took: 46939.9ms
query [21128]: # of matches found 23979 and it took: 47055.6ms
query [21129]: # of matches found 24185 and it took: 47098ms
query [21130]: # of matches found 24274 and it took: 46664.5ms
query [21131]: # of matches found 24290 and it took: 47193.5ms
query [21132]: # of matches found 24359 and it took: 47340ms
query [21133]: # of matches found 24408 and it took: 47250.2ms
query [21134]: # of matches found 24337 and it took: 46653.7ms
query [21135]: # of matches found 24651 and it took: 47297.1ms
query [21136]: # of matches found 23911 and it took: 47225.1ms
query [21137]: # of matches found 23886 and it took: 46680.1ms
query [21138]: # of matches found 23870 and it took: 46919.9ms
query [21139]: # of matches found 24057 and it took: 46388.8ms
query [21140]: # of matches found 23919 and it took: 46372.9ms
query [21141]: # of matches found 23959 and it took: 47052ms
query [21142]: # of matches found 23928 and it took: 46624.5ms
query [21143]: # of matches found 23949 and it took: 47147.3ms
query [21144]: # of matches found 23965 and it took: 46186.8ms
query [21145]: # of matches found 23165 and it took: 46766.2ms
query [21146]: # of matches found 23158 and it took: 47177.7ms
query [21147]: # of matches found 23131 and it took: 47115.9ms
query [21148]: # of matches found 23150 and it took: 46877.1ms
query [21149]: # of matches found 23171 and it took: 46279.9ms
query [21150]: # of matches found 23378 and it took: 46073.9ms
query [21151]: # of matches found 23337 and it took: 47775.6ms
query [21152]: # of matches found 23425 and it took: 46349.3ms
query [21153]: # of matches found 23932 and it took: 46729.7ms
query [21154]: # of matches found 24015 and it took: 46030.2ms
query [21155]: # of matches found 24185 and it took: 46375.4ms
query [21156]: # of matches found 25636 and it took: 46074.5ms
query [21157]: # of matches found 31471 and it took: 46420.5ms
query [21158]: # of matches found 31454 and it took: 46807.8ms
query [21159]: # of matches found 31457 and it took: 46260.9ms
query [21160]: # of matches found 31654 and it took: 46286.4ms
query [21161]: # of matches found 31232 and it took: 46475.2ms
query [21162]: # of matches found 31071 and it took: 47284.7ms
query [21163]: # of matches found 30819 and it took: 46718.7ms
query [21164]: # of matches found 30631 and it took: 46244.7ms
query [21165]: # of matches found 30595 and it took: 46386.6ms
query [21166]: # of matches found 30563 and it took: 46077.4ms
query [21167]: # of matches found 30584 and it took: 46107.3ms
query [21168]: # of matches found 30615 and it took: 46375.6ms
query [21169]: # of matches found 30540 and it took: 45497.6ms
query [21170]: # of matches found 30507 and it took: 45476.8ms
query [21171]: # of matches found 30472 and it took: 46203.6ms
query [21172]: # of matches found 32360 and it took: 45880.8ms
query [21173]: # of matches found 33021 and it took: 45866.5ms
query [21174]: # of matches found 33116 and it took: 45454.2ms
query [21175]: # of matches found 34173 and it took: 45628.7ms
query [21176]: # of matches found 34040 and it took: 45281.6ms
query [21177]: # of matches found 34570 and it took: 45670.9ms
query [21178]: # of matches found 34553 and it took: 45537.2ms
query [21179]: # of matches found 34477 and it took: 44711.1ms
query [21180]: # of matches found 34481 and it took: 44864.4ms
query [21181]: # of matches found 34466 and it took: 45562ms
query [21182]: # of matches found 34434 and it took: 45128ms
query [21183]: # of matches found 34429 and it took: 45772.5ms
query [21184]: # of matches found 34461 and it took: 46051.2ms
query [21185]: # of matches found 34482 and it took: 46010ms
query [21186]: # of matches found 34411 and it took: 45633.4ms
query [21187]: # of matches found 34349 and it took: 45600.3ms
query [21188]: # of matches found 34321 and it took: 45411.3ms
query [21189]: # of matches found 34323 and it took: 44739.6ms
query [21190]: # of matches found 34312 and it took: 44894.6ms
query [21191]: # of matches found 34202 and it took: 45155.5ms
query [21192]: # of matches found 34244 and it took: 44511.7ms
query [21193]: # of matches found 34276 and it took: 45270.4ms
query [21194]: # of matches found 34262 and it took: 44866.5ms
query [21195]: # of matches found 34464 and it took: 44717.2ms
query [21196]: # of matches found 34657 and it took: 44677.3ms
query [21197]: # of matches found 34745 and it took: 44653ms
query [21198]: # of matches found 34827 and it took: 44610.8ms
query [21199]: # of matches found 34987 and it took: 44209.4ms
query [21200]: # of matches found 35139 and it took: 44546.7ms
query [21201]: # of matches found 35244 and it took: 44160.3ms
query [21202]: # of matches found 35175 and it took: 43989.7ms
query [21203]: # of matches found 35273 and it took: 44441.7ms
query [21204]: # of matches found 35337 and it took: 44472.5ms
query [21205]: # of matches found 35330 and it took: 44460.2ms
query [21206]: # of matches found 35564 and it took: 44465ms
query [21207]: # of matches found 35840 and it took: 44438.7ms
query [21208]: # of matches found 36013 and it took: 44290.2ms
query [21209]: # of matches found 36895 and it took: 44049.1ms
query [21210]: # of matches found 37053 and it took: 43937.7ms
query [21211]: # of matches found 37066 and it took: 43562.1ms
query [21212]: # of matches found 37236 and it took: 43350.4ms
query [21213]: # of matches found 37281 and it took: 43785ms
query [21214]: # of matches found 37355 and it took: 43699.3ms
query [21215]: # of matches found 37419 and it took: 43150.1ms
query [21216]: # of matches found 37488 and it took: 43417ms
query [21217]: # of matches found 37815 and it took: 43329ms
query [21218]: # of matches found 37922 and it took: 43612.1ms
query [21219]: # of matches found 38234 and it took: 42591.4ms
query [21220]: # of matches found 38213 and it took: 43035.7ms
query [21221]: # of matches found 38088 and it took: 42295.7ms
query [21222]: # of matches found 38150 and it took: 42266.7ms
query [21223]: # of matches found 37999 and it took: 42417.5ms
query [21224]: # of matches found 37821 and it took: 42631.3ms
query [21225]: # of matches found 37844 and it took: 42567.6ms
query [21226]: # of matches found 38019 and it took: 42314.7ms
query [21227]: # of matches found 37933 and it took: 42540.2ms
query [21228]: # of matches found 36215 and it took: 42584.4ms
query [21229]: # of matches found 36155 and it took: 42761.4ms
query [21230]: # of matches found 36120 and it took: 42461.2ms
query [21231]: # of matches found 36108 and it took: 42843.5ms
query [21232]: # of matches found 36308 and it took: 42711.5ms
query [21233]: # of matches found 36194 and it took: 42597ms
query [21234]: # of matches found 36228 and it took: 42803.5ms
query [21235]: # of matches found 34952 and it took: 42627.9ms
query [21236]: # of matches found 34996 and it took: 42819.9ms
query [21237]: # of matches found 34918 and it took: 42477.1ms
query [21238]: # of matches found 34793 and it took: 42372.6ms
query [21239]: # of matches found 34817 and it took: 42373.2ms
query [21240]: # of matches found 34852 and it took: 42276.6ms
query [21241]: # of matches found 35257 and it took: 42333.1ms
query [21242]: # of matches found 35497 and it took: 42059.4ms
query [21243]: # of matches found 35734 and it took: 42114.6ms
query [21244]: # of matches found 35898 and it took: 42500.1ms
query [21245]: # of matches found 35908 and it took: 41749.4ms
query [21246]: # of matches found 35920 and it took: 41999.8ms
query [21247]: # of matches found 36148 and it took: 42018.9ms
query [21248]: # of matches found 35946 and it took: 41882.7ms
query [21249]: # of matches found 35953 and it took: 41962.5ms
query [21250]: # of matches found 35983 and it took: 41621.3ms
query [21251]: # of matches found 35977 and it took: 41932.7ms
query [21252]: # of matches found 35982 and it took: 41949.2ms
query [21253]: # of matches found 35939 and it took: 42042ms
query [21254]: # of matches found 35867 and it took: 41938.9ms
query [21255]: # of matches found 35863 and it took: 41976ms
query [21256]: # of matches found 34462 and it took: 42087.8ms
query [21257]: # of matches found 34386 and it took: 41865.1ms
query [21258]: # of matches found 34404 and it took: 42043.1ms
query [21259]: # of matches found 34310 and it took: 41852.7ms
query [21260]: # of matches found 34271 and it took: 41813.7ms
query [21261]: # of matches found 34228 and it took: 42326.2ms
query [21262]: # of matches found 34250 and it took: 41832.1ms
query [21263]: # of matches found 33977 and it took: 41726.1ms
query [21264]: # of matches found 33940 and it took: 41636.3ms
query [21265]: # of matches found 33798 and it took: 41881.5ms
query [21266]: # of matches found 33634 and it took: 41686.8ms
query [21267]: # of matches found 33307 and it took: 41917.6ms
query [21268]: # of matches found 33032 and it took: 41853.2ms
query [21269]: # of matches found 32618 and it took: 41479.8ms
query [21270]: # of matches found 32220 and it took: 41731.7ms
query [21271]: # of matches found 32031 and it took: 41568.8ms
query [21272]: # of matches found 32014 and it took: 41465.5ms
query [21273]: # of matches found 31947 and it took: 41805.5ms
query [21274]: # of matches found 31965 and it took: 41727.7ms
query [21275]: # of matches found 32043 and it took: 41780.5ms
query [21276]: # of matches found 31599 and it took: 41642.2ms
query [21277]: # of matches found 31562 and it took: 41523.8ms
query [21278]: # of matches found 31528 and it took: 41594.6ms
query [21279]: # of matches found 31270 and it took: 41530.4ms
query [21280]: # of matches found 31368 and it took: 41468.4ms
query [21281]: # of matches found 31263 and it took: 41585.4ms
query [21282]: # of matches found 31260 and it took: 41407.4ms
query [21283]: # of matches found 31185 and it took: 41409.4ms
query [21284]: # of matches found 31299 and it took: 41602.2ms
query [21285]: # of matches found 31360 and it took: 41426.5ms
query [21286]: # of matches found 31429 and it took: 41487.1ms
query [21287]: # of matches found 31452 and it took: 41307.2ms
query [21288]: # of matches found 31498 and it took: 41350.9ms
query [21289]: # of matches found 31582 and it took: 41227.6ms
query [21290]: # of matches found 31324 and it took: 41257.5ms
query [21291]: # of matches found 32055 and it took: 41427.3ms
query [21292]: # of matches found 32049 and it took: 41342.7ms
query [21293]: # of matches found 31975 and it took: 41495.2ms
query [21294]: # of matches found 32166 and it took: 41464.2ms
query [21295]: # of matches found 32094 and it took: 41482.9ms
query [21296]: # of matches found 30940 and it took: 41370.1ms
query [21297]: # of matches found 25324 and it took: 41194.6ms
query [21298]: # of matches found 25331 and it took: 41160.3ms
query [21299]: # of matches found 26028 and it took: 41138.4ms
query [21300]: # of matches found 25916 and it took: 41138ms
query [21301]: # of matches found 26088 and it took: 41402.1ms
query [21302]: # of matches found 26189 and it took: 41332.2ms
query [21303]: # of matches found 26210 and it took: 41484.6ms
query [21304]: # of matches found 26495 and it took: 41628.5ms
query [21305]: # of matches found 26673 and it took: 41342.1ms
query [21306]: # of matches found 27005 and it took: 41300.9ms
query [21307]: # of matches found 26928 and it took: 41355.3ms
query [21308]: # of matches found 28949 and it took: 41493.5ms
query [21309]: # of matches found 29039 and it took: 41386.5ms
query [21310]: # of matches found 28984 and it took: 41460.2ms
query [21311]: # of matches found 28940 and it took: 41399.8ms
query [21312]: # of matches found 27062 and it took: 41281.8ms
query [21313]: # of matches found 26495 and it took: 41167.4ms
query [21314]: # of matches found 26444 and it took: 41372.4ms
query [21315]: # of matches found 25558 and it took: 41308.5ms
query [21316]: # of matches found 25847 and it took: 41295.6ms
query [21317]: # of matches found 25598 and it took: 41087.5ms
query [21318]: # of matches found 25632 and it took: 41088ms
query [21319]: # of matches found 25651 and it took: 40948.1ms
query [21320]: # of matches found 25666 and it took: 41011.7ms
query [21321]: # of matches found 25711 and it took: 41106.3ms
query [21322]: # of matches found 25814 and it took: 40906.8ms
query [21323]: # of matches found 25949 and it took: 40951.6ms
query [21324]: # of matches found 26223 and it took: 41054.2ms
query [21325]: # of matches found 26183 and it took: 40898.1ms
query [21326]: # of matches found 26699 and it took: 40837.9ms
query [21327]: # of matches found 26902 and it took: 40986.3ms
query [21328]: # of matches found 26911 and it took: 41049ms
query [21329]: # of matches found 27114 and it took: 40832.9ms
query [21330]: # of matches found 27148 and it took: 40925.7ms
query [21331]: # of matches found 27208 and it took: 41363.2ms
query [21332]: # of matches found 27384 and it took: 41346.6ms
query [21333]: # of matches found 27359 and it took: 40958.6ms
query [21334]: # of matches found 27737 and it took: 41689.3ms
query [21335]: # of matches found 27680 and it took: 41107ms
query [21336]: # of matches found 27633 and it took: 41570.7ms
query [21337]: # of matches found 27529 and it took: 41430.8ms
query [21338]: # of matches found 27422 and it took: 41299ms
query [21339]: # of matches found 27263 and it took: 41342.1ms
query [21340]: # of matches found 27290 and it took: 41340.1ms
query [21341]: # of matches found 27203 and it took: 41450.1ms
query [21342]: # of matches found 27141 and it took: 41405.4ms
query [21343]: # of matches found 26990 and it took: 41308.2ms
query [21344]: # of matches found 26970 and it took: 41842.4ms
query [21345]: # of matches found 26949 and it took: 41560ms
query [21346]: # of matches found 26936 and it took: 41613ms
query [21347]: # of matches found 26624 and it took: 41592.3ms
query [21348]: # of matches found 26400 and it took: 41538ms
query [21349]: # of matches found 25541 and it took: 41541.4ms
query [21350]: # of matches found 25349 and it took: 41606.4ms
query [21351]: # of matches found 25476 and it took: 41714.3ms
query [21352]: # of matches found 25382 and it took: 41560.8ms
query [21353]: # of matches found 25333 and it took: 41644.6ms
query [21354]: # of matches found 25278 and it took: 41741.2ms
query [21355]: # of matches found 25304 and it took: 41401.8ms
query [21356]: # of matches found 25240 and it took: 41176.4ms
query [21357]: # of matches found 25270 and it took: 41001.1ms
query [21358]: # of matches found 25512 and it took: 41082.6ms
query [21359]: # of matches found 25294 and it took: 40883.3ms
query [21360]: # of matches found 24988 and it took: 40968.6ms
query [21361]: # of matches found 25036 and it took: 40925.5ms
query [21362]: # of matches found 25060 and it took: 40722.2ms
query [21363]: # of matches found 25072 and it took: 41052.8ms
query [21364]: # of matches found 25184 and it took: 40967.1ms
query [21365]: # of matches found 25597 and it took: 40496.9ms
query [21366]: # of matches found 25406 and it took: 40220.1ms
query [21367]: # of matches found 25714 and it took: 40629.5ms
query [21368]: # of matches found 26076 and it took: 40357.4ms
query [21369]: # of matches found 26616 and it took: 40927.8ms
query [21370]: # of matches found 26661 and it took: 40355ms
query [21371]: # of matches found 26676 and it took: 40206.3ms
query [21372]: # of matches found 26626 and it took: 40141.3ms
query [21373]: # of matches found 26516 and it took: 40314ms
query [21374]: # of matches found 26588 and it took: 40408.3ms
query [21375]: # of matches found 26516 and it took: 40426.4ms
query [21376]: # of matches found 26408 and it took: 40360.8ms
query [21377]: # of matches found 26459 and it took: 40515.3ms
query [21378]: # of matches found 26736 and it took: 40862.2ms
query [21379]: # of matches found 26808 and it took: 40314.3ms
query [21380]: # of matches found 26893 and it took: 40362.8ms
query [21381]: # of matches found 26681 and it took: 40474.8ms
query [21382]: # of matches found 26601 and it took: 40327.5ms
query [21383]: # of matches found 26227 and it took: 40293.1ms
query [21384]: # of matches found 26243 and it took: 40770.3ms
query [21385]: # of matches found 26180 and it took: 40633.8ms
query [21386]: # of matches found 26235 and it took: 40686.8ms
query [21387]: # of matches found 25981 and it took: 40928.2ms
query [21388]: # of matches found 25930 and it took: 40487.1ms
query [21389]: # of matches found 25898 and it took: 40817ms
query [21390]: # of matches found 25806 and it took: 40686.7ms
query [21391]: # of matches found 25862 and it took: 40590.5ms
query [21392]: # of matches found 25915 and it took: 40918.2ms
query [21393]: # of matches found 26469 and it took: 40902.7ms
query [21394]: # of matches found 26515 and it took: 40862ms
query [21395]: # of matches found 26599 and it took: 41223.7ms
query [21396]: # of matches found 26568 and it took: 41234.6ms
query [21397]: # of matches found 26815 and it took: 41168.4ms
query [21398]: # of matches found 26612 and it took: 41260.9ms
query [21399]: # of matches found 27018 and it took: 41041.6ms
query [21400]: # of matches found 27051 and it took: 41049.8ms
query [21401]: # of matches found 27008 and it took: 41191.9ms
query [21402]: # of matches found 27053 and it took: 41204.6ms
query [21403]: # of matches found 27037 and it took: 41130.3ms
query [21404]: # of matches found 26995 and it took: 40961.1ms
query [21405]: # of matches found 26999 and it took: 40681.6ms
query [21406]: # of matches found 27109 and it took: 40605ms
query [21407]: # of matches found 27291 and it took: 41514.2ms
query [21408]: # of matches found 27285 and it took: 40748.8ms
query [21409]: # of matches found 27391 and it took: 41421.8ms
query [21410]: # of matches found 27515 and it took: 41320.3ms
query [21411]: # of matches found 27465 and it took: 41516ms
query [21412]: # of matches found 27717 and it took: 41601.1ms
query [21413]: # of matches found 27772 and it took: 41223.4ms
query [21414]: # of matches found 27749 and it took: 41289.1ms
query [21415]: # of matches found 27875 and it took: 41291.2ms
query [21416]: # of matches found 27879 and it took: 41203.9ms
query [21417]: # of matches found 27922 and it took: 41434.9ms
query [21418]: # of matches found 28133 and it took: 41188.8ms
query [21419]: # of matches found 28263 and it took: 41225.4ms
query [21420]: # of matches found 28219 and it took: 41357.6ms
query [21421]: # of matches found 28379 and it took: 41254ms
query [21422]: # of matches found 28882 and it took: 41237.4ms
query [21423]: # of matches found 29003 and it took: 41276.5ms
query [21424]: # of matches found 37420 and it took: 41151ms
query [21425]: # of matches found 37498 and it took: 41082ms
query [21426]: # of matches found 38245 and it took: 42374.4ms
query [21427]: # of matches found 38793 and it took: 40902.5ms
query [21428]: # of matches found 38937 and it took: 40999.6ms
query [21429]: # of matches found 39020 and it took: 40972.3ms
query [21430]: # of matches found 39293 and it took: 40024.4ms
query [21431]: # of matches found 38990 and it took: 40973.4ms
query [21432]: # of matches found 37780 and it took: 41071.9ms
query [21433]: # of matches found 37854 and it took: 40933.6ms
query [21434]: # of matches found 39227 and it took: 40679.3ms
query [21435]: # of matches found 39019 and it took: 40941ms
query [21436]: # of matches found 39083 and it took: 40827.1ms
query [21437]: # of matches found 38860 and it took: 40618.9ms
query [21438]: # of matches found 38722 and it took: 40645.6ms
query [21439]: # of matches found 38677 and it took: 40777.2ms
query [21440]: # of matches found 38262 and it took: 40788.3ms
query [21441]: # of matches found 38129 and it took: 40698.8ms
query [21442]: # of matches found 38018 and it took: 40728.8ms
query [21443]: # of matches found 37960 and it took: 40474.3ms
query [21444]: # of matches found 37673 and it took: 40614.2ms
query [21445]: # of matches found 37510 and it took: 40603.2ms
query [21446]: # of matches found 37280 and it took: 40371.7ms
query [21447]: # of matches found 36974 and it took: 40801ms
query [21448]: # of matches found 36857 and it took: 41436.5ms
query [21449]: # of matches found 36656 and it took: 40707.7ms
query [21450]: # of matches found 34668 and it took: 40669.2ms
query [21451]: # of matches found 34586 and it took: 40790.2ms
query [21452]: # of matches found 34481 and it took: 40747.6ms
query [21453]: # of matches found 34364 and it took: 40795ms
query [21454]: # of matches found 34227 and it took: 40972.2ms
query [21455]: # of matches found 33996 and it took: 40747.8ms
query [21456]: # of matches found 33854 and it took: 40862.7ms
query [21457]: # of matches found 33262 and it took: 40992.5ms
query [21458]: # of matches found 33369 and it took: 41109.3ms
query [21459]: # of matches found 33468 and it took: 40953ms
query [21460]: # of matches found 33465 and it took: 40826.7ms
query [21461]: # of matches found 33406 and it took: 40811.8ms
query [21462]: # of matches found 33343 and it took: 41180.9ms
query [21463]: # of matches found 33131 and it took: 40953.5ms
query [21464]: # of matches found 33007 and it took: 41302.8ms
query [21465]: # of matches found 32878 and it took: 42145.8ms
query [21466]: # of matches found 32282 and it took: 41435.1ms
query [21467]: # of matches found 32079 and it took: 41331.9ms
query [21468]: # of matches found 31993 and it took: 41313.2ms
query [21469]: # of matches found 31895 and it took: 41171.4ms
query [21470]: # of matches found 31727 and it took: 41057.2ms
query [21471]: # of matches found 32093 and it took: 41279.4ms
query [21472]: # of matches found 31826 and it took: 41049.4ms
query [21473]: # of matches found 31791 and it took: 40687.4ms
query [21474]: # of matches found 31448 and it took: 40413.9ms
query [21475]: # of matches found 31506 and it took: 40714.8ms
query [21476]: # of matches found 31578 and it took: 40587.4ms
query [21477]: # of matches found 31768 and it took: 40623.3ms
query [21478]: # of matches found 31829 and it took: 40587ms
query [21479]: # of matches found 31850 and it took: 41297.2ms
query [21480]: # of matches found 31672 and it took: 40932.1ms
query [21481]: # of matches found 31724 and it took: 40792.7ms
query [21482]: # of matches found 32558 and it took: 40984.9ms
query [21483]: # of matches found 32629 and it took: 41182.7ms
query [21484]: # of matches found 32645 and it took: 41179.1ms
query [21485]: # of matches found 32595 and it took: 41167ms
query [21486]: # of matches found 32314 and it took: 41223.3ms
query [21487]: # of matches found 32279 and it took: 41271.7ms
query [21488]: # of matches found 32298 and it took: 41266.8ms
query [21489]: # of matches found 33212 and it took: 41385.5ms
query [21490]: # of matches found 33236 and it took: 41604.7ms
query [21491]: # of matches found 33037 and it took: 41682.3ms
query [21492]: # of matches found 33009 and it took: 41392.7ms
query [21493]: # of matches found 32992 and it took: 41534.9ms
query [21494]: # of matches found 33028 and it took: 41260.9ms
query [21495]: # of matches found 32926 and it took: 41340.3ms
