no kmerRangesFileAddressArg!
no otherToolArg!
**********************CONFIGURATIONS*****************************
PARMIK mode:                  3
readDatabaseAddress:          /p/lava/parmik/partialMatcherProject/datasets/metagenomicDB/SRR12432009/SRR12432009_reads
readFileName:                 SRR12432009_reads
queryFileAddress:             /p/lava/parmik/partialMatcherProject/datasets/queryFiles/covidQueryFiles/NC_045512_chunks/NC_045512_queries_2000-2999
queryFileName:                NC_045512_queries_2000-2999
otherToolOutputFileAddress:   /u/rgq5aw/GIT/PARMIK/partialMatcherProject/tools/blast/SRR12432009/NC_045512/blastn_ws30_results.out
outputDir:                    /p/lava/parmik/partialMatcherProject/tools/baseline_ssw/SRR12432009/NC_045512
penaltyFileAddress:           /u/rgq5aw/GIT/PARMIK/experiments/parmik/CK_SSW_ID_PRCNTG/PenaltySets/2484_1111_2444_2288_2848
kmerRangesFileAddress:        
readsCount:                   17000000
queryCount:                   30000
kmerLength:                   11
regionSize:                   48
cheapKmerThreshold:           0
identityPercentage:           0.95
minExactMatchLen:             0
regionKmers: 4, exactMatchSize: 46, editDistance: 2
minNumExactMatchKmer:         6
isIndexOffline:               1
offlineIndexAddress:          /p/lava/parmik/partialMatcherProject/tools/parmik/CK_INDEX/SRR12432009/
max editDistance in min region: 2
**********************CONFIGURATIONS*****************************
--------------Penalties--------------
m: 2, s: 4, go: 8, ge: 4
m: 1, s: 1, go: 1, ge: 1
m: 2, s: 4, go: 4, ge: 4
m: 2, s: 2, go: 8, ge: 8
m: 2, s: 8, go: 4, ge: 8
------------------------------------
numberOfReadsWithN : 0
queryCount : 1000
numberOfReadsWithN : 0
readCount : 16344647
offlineCheapIndexAddress: /p/lava/parmik/partialMatcherProject/tools/parmik/CK_INDEX/SRR12432009/ck_T0_K11_r17000000
pmrkAlignmentsAddress: /p/lava/parmik/partialMatcherProject/tools/baseline_ssw/SRR12432009/NC_045512/aln/pmAln_R48_PI95_L0_M6_E2_K11_T0_P_2484_1111_2444_2288_2848.txt
Starting alignment for all queries [fwd]...
queryBaseIndex: 2000
query [0]: # of matches found 38149 and it took: 64115.1ms
query [1]: # of matches found 38263 and it took: 63497.1ms
query [2]: # of matches found 38367 and it took: 65081.4ms
query [3]: # of matches found 37660 and it took: 63947.7ms
query [4]: # of matches found 37596 and it took: 63895.1ms
query [5]: # of matches found 37579 and it took: 63377.8ms
query [6]: # of matches found 37596 and it took: 65610ms
query [7]: # of matches found 37602 and it took: 64840.5ms
query [8]: # of matches found 37575 and it took: 65220.5ms
query [9]: # of matches found 37592 and it took: 63472.4ms
query [10]: # of matches found 37613 and it took: 64590.9ms
query [11]: # of matches found 37588 and it took: 64976.9ms
query [12]: # of matches found 37622 and it took: 65170.7ms
query [13]: # of matches found 37689 and it took: 63866.9ms
query [14]: # of matches found 40106 and it took: 62976.2ms
query [15]: # of matches found 39896 and it took: 64976.2ms
query [16]: # of matches found 39710 and it took: 66442.7ms
query [17]: # of matches found 39883 and it took: 63776.3ms
query [18]: # of matches found 40009 and it took: 63922.6ms
query [19]: # of matches found 40108 and it took: 64770.7ms
query [20]: # of matches found 39571 and it took: 65828.9ms
query [21]: # of matches found 39264 and it took: 64844.8ms
query [22]: # of matches found 39312 and it took: 64165.4ms
query [23]: # of matches found 39301 and it took: 63901.5ms
query [24]: # of matches found 39301 and it took: 64680ms
query [25]: # of matches found 39264 and it took: 64553.1ms
query [26]: # of matches found 39278 and it took: 61909.5ms
query [27]: # of matches found 39316 and it took: 64082.3ms
query [28]: # of matches found 39637 and it took: 65346.7ms
query [29]: # of matches found 39707 and it took: 65797.2ms
query [30]: # of matches found 39710 and it took: 63498.8ms
query [31]: # of matches found 39866 and it took: 62607.8ms
query [32]: # of matches found 39911 and it took: 66736.7ms
query [33]: # of matches found 40052 and it took: 65083.2ms
query [34]: # of matches found 40207 and it took: 65377.3ms
query [35]: # of matches found 40285 and it took: 62689.8ms
query [36]: # of matches found 40380 and it took: 62642.2ms
query [37]: # of matches found 40080 and it took: 65707.4ms
query [38]: # of matches found 40173 and it took: 65211.6ms
query [39]: # of matches found 40321 and it took: 63310.1ms
query [40]: # of matches found 40319 and it took: 63440.7ms
query [41]: # of matches found 40355 and it took: 64895.4ms
query [42]: # of matches found 40704 and it took: 64586ms
query [43]: # of matches found 40683 and it took: 64617ms
query [44]: # of matches found 40678 and it took: 62668.6ms
query [45]: # of matches found 40267 and it took: 63135.1ms
query [46]: # of matches found 40249 and it took: 64432.1ms
query [47]: # of matches found 40223 and it took: 65026.9ms
query [48]: # of matches found 40243 and it took: 63286.4ms
query [49]: # of matches found 40234 and it took: 62505.5ms
