no kmerRangesFileAddressArg!
no otherToolArg!
**********************CONFIGURATIONS*****************************
PARMIK mode:                  3
readDatabaseAddress:          /p/lava/parmik/partialMatcherProject/datasets/metagenomicDB/SRR12432009/SRR12432009_reads
readFileName:                 SRR12432009_reads
queryFileAddress:             /p/lava/parmik/partialMatcherProject/datasets/queryFiles/covidQueryFiles/NC_045512_chunks/NC_045512_queries_11000-11999
queryFileName:                NC_045512_queries_11000-11999
otherToolOutputFileAddress:   /u/rgq5aw/GIT/PARMIK/partialMatcherProject/tools/blast/SRR12432009/NC_045512/blastn_ws30_results.out
outputDir:                    /p/lava/parmik/partialMatcherProject/tools/baseline_ssw/SRR12432009/NC_045512
penaltyFileAddress:           /u/rgq5aw/GIT/PARMIK/experiments/parmik/CK_SSW_ID_PRCNTG/PenaltySets/2484_1111_2444_2288_2848
kmerRangesFileAddress:        
readsCount:                   17000000
queryCount:                   30000
kmerLength:                   11
regionSize:                   48
cheapKmerThreshold:           0
identityPercentage:           0.85
minExactMatchLen:             0
minNumExactMatchKmer:         0
isIndexOffline:               1
offlineIndexAddress:          /p/lava/parmik/partialMatcherProject/tools/parmik/CK_INDEX/SRR12432009/
max editDistance in min region: 2
**********************CONFIGURATIONS*****************************
--------------Penalties--------------
m: 2, s: 4, go: 8, ge: 4
m: 1, s: 1, go: 1, ge: 1
m: 2, s: 4, go: 4, ge: 4
m: 2, s: 2, go: 8, ge: 8
m: 2, s: 8, go: 4, ge: 8
------------------------------------
numberOfReadsWithN : 0
queryCount : 1000
numberOfReadsWithN : 0
readCount : 16344647
offlineCheapIndexAddress: /p/lava/parmik/partialMatcherProject/tools/parmik/CK_INDEX/SRR12432009/ck_T0_K11_r17000000
pmrkAlignmentsAddress: /p/lava/parmik/partialMatcherProject/tools/baseline_ssw/SRR12432009/NC_045512/aln/pmAln_R48_PI85_L0_M0_E2_K11_T0_P_2484_1111_2444_2288_2848.txt
Starting alignment for all queries [fwd]...
queryBaseIndex: 11000
query [11000]: # of matches found 29984 and it took: 83106.9ms
query [11001]: # of matches found 29997 and it took: 83094.9ms
query [11002]: # of matches found 30060 and it took: 83205.7ms
query [11003]: # of matches found 29988 and it took: 82630.5ms
query [11004]: # of matches found 30035 and it took: 82904.1ms
query [11005]: # of matches found 30147 and it took: 83245.6ms
query [11006]: # of matches found 30104 and it took: 83138.7ms
query [11007]: # of matches found 30181 and it took: 81977.1ms
query [11008]: # of matches found 30405 and it took: 81695.1ms
