no otherToolArg!
**********************CONFIGURATIONS*****************************
PARMIK mode:                  1
readDatabaseAddress:          /p/lava/parmik/partialMatcherProject/datasets/metagenomicDB/SRR12432009/SRR12432009_reads
readFileName:                 SRR12432009_reads
queryFileAddress:             /p/lava/parmik/partialMatcherProject/datasets/queryFiles/covidQueryFiles/NC_045512_queries
queryFileName:                NC_045512_queries
otherToolOutputFileAddress:   /u/rgq5aw/GIT/PARMIK/partialMatcherProject/tools/blast/SRR12432009/NC_045512/blastn_ws30_results.out
outputDir:                    /p/lava/parmik/partialMatcherProject/tools/parmik/CK_SSW_FLTR/SRR12432009/NC_045512/tmp2
penaltyFileAddress:           /u/rgq5aw/GIT/PARMIK/experiments/parmik/CK_SSW_FLTR/PenaltySets/2284_1111_2444_2288_2848
readsCount:                   17000000
queryCount:                   30000
kmerLength:                   15
regionSize:                   50
minExactMatchLen:             30
overlapsize:                  14
cheapKmerThreshold:           1200
minNumExactMatchKmer:         16
isIndexOffline:               1
offlineIndexAddress:          /p/lava/parmik/partialMatcherProject/tools/parmik/CK_INDEX/SRR12432009/
isVeboseLog:                  0
**********************CONFIGURATIONS*****************************
--------------Penalties--------------
m: 2, s: 2, go: 8, ge: 4
m: 1, s: 1, go: 1, ge: 1
m: 2, s: 4, go: 4, ge: 4
m: 2, s: 2, go: 8, ge: 8
m: 2, s: 8, go: 4, ge: 8
------------------------------------
numberOfReadsWithN : 0
queryCount : 29754
numberOfReadsWithN : 0
readCount : 16344647
Cheap Kmers Deserialization Time: 253.13 seconds
k-mer max size : 16, stringSize = 15
<<<<<<<<<<<<<<<<< Partial Matcher based on Cheap Kmers Started!! >>>>>>>>>>>>>>>>>>
Partial Mathing based on Cheap Kmer took: 7.26 seconds
------------more partial matching statistics-------------
Number of cheap seeds per query up to q (29754) => Front [average: 0, median: 0, sum: 0] - Back [average: 0, median: 0, sum: 0]
Number of cheap seeds in matched read per query up to q (29754) => [average: 18, median: 19, sum: 666]
Number of reads with at least 1 similar cheap seed per query up to q (29754) => Front [average: 345, median: 262, sum: 180554] - Back [average: 358, median: 268, sum: 191562]
Number of matches with at least min threshold (16) seeds per query up to q (29754) => Front [average: 118, median: 116, sum: 27026] - Back [average: 106, median: 107, sum: 22629]
Query time for queries up to q(29754) => [average: 0.000236, median: 0.000225, sum: 6.733863]
--------------------------------------------------------
------------partial matching timing details-------------
extractKmersFromRegions_totalExeTime =  240010517 nanoseconds, 0.24 seconds, 240.01 milliseconds
collectCheapSeeds_totalExeTime =        5443594017 nanoseconds, 5.44 seconds, 5443.59 milliseconds
findMatchedReadWithHihestSeeds_totalExeTime = 137743535 nanoseconds, 0.14 seconds, 137.74 milliseconds
--------------------------------------------------------
<<<<<<<<<<<<<<<<< Partial Matcher based on Cheap Kmers  Ended!! >>>>>>>>>>>>>>>>>>
<<<<<<<<<<<<<<<<< Partial Matcher based on Cheap Kmers Started!! >>>>>>>>>>>>>>>>>>
Partial Mathing based on Cheap Kmer took: 6.40 seconds
------------more partial matching statistics-------------
Number of cheap seeds per query up to q (29754) => Front [average: 0, median: 0, sum: 0] - Back [average: 0, median: 0, sum: 0]
Number of cheap seeds in matched read per query up to q (29754) => [average: 18, median: 19, sum: 666]
Number of reads with at least 1 similar cheap seed per query up to q (29754) => Front [average: 327, median: 258, sum: 168902] - Back [average: 327, median: 258, sum: 168902]
Number of matches with at least min threshold (16) seeds per query up to q (29754) => Front [average: 114, median: 115, sum: 25440] - Back [average: 114, median: 115, sum: 25447]
Query time for queries up to q(29754) => [average: 0.000207, median: 0.000196, sum: 5.872438]
--------------------------------------------------------
------------partial matching timing details-------------
extractKmersFromRegions_totalExeTime =  240850990 nanoseconds, 0.24 seconds, 240.85 milliseconds
collectCheapSeeds_totalExeTime =        4682365063 nanoseconds, 4.68 seconds, 4682.37 milliseconds
findMatchedReadWithHihestSeeds_totalExeTime = 125732439 nanoseconds, 0.13 seconds, 125.73 milliseconds
--------------------------------------------------------
<<<<<<<<<<<<<<<<< Partial Matcher based on Cheap Kmers  Ended!! >>>>>>>>>>>>>>>>>>
Starting alignment for all queries [fwd]...
0 queries processed...
1000 queries processed...
2000 queries processed...
3000 queries processed...
4000 queries processed...
5000 queries processed...
6000 queries processed...
7000 queries processed...
8000 queries processed...
9000 queries processed...
10000 queries processed...
11000 queries processed...
12000 queries processed...
13000 queries processed...
14000 queries processed...
15000 queries processed...
16000 queries processed...
17000 queries processed...
18000 queries processed...
19000 queries processed...
20000 queries processed...
21000 queries processed...
22000 queries processed...
23000 queries processed...
24000 queries processed...
25000 queries processed...
26000 queries processed...
27000 queries processed...
28000 queries processed...
29000 queries processed...
Starting alignment for all queries [rev]...
0 queries processed...
1000 queries processed...
2000 queries processed...
3000 queries processed...
4000 queries processed...
5000 queries processed...
6000 queries processed...
7000 queries processed...
8000 queries processed...
9000 queries processed...
10000 queries processed...
11000 queries processed...
12000 queries processed...
13000 queries processed...
14000 queries processed...
15000 queries processed...
16000 queries processed...
17000 queries processed...
18000 queries processed...
19000 queries processed...
20000 queries processed...
21000 queries processed...
22000 queries processed...
23000 queries processed...
24000 queries processed...
25000 queries processed...
26000 queries processed...
27000 queries processed...
28000 queries processed...
29000 queries processed...
