no kmerRangesFileAddressArg!
**********************CONFIGURATIONS*****************************
PARMIK mode:                  4
readDatabaseAddress:          /p/lava/parmik/partialMatcherProject/datasets/metagenomicDB/SRR14381434/SRR14381434_reads
readFileName:                 SRR14381434_reads
queryFileAddress:             /p/lava/parmik/partialMatcherProject/datasets/queryFiles/covidQueryFiles/SarsGenome_queries
queryFileName:                SarsGenome_queries
otherToolOutputFileAddress:   /p/lava/parmik/partialMatcherProject/tools/parmik/CK_SSW_ID_PRCNTG/SRR14381434/SarsGenome/aln/pmAln_R48_PI90_L14_M4_E2_K11_T0_P_2484_1111_2444_2288_2848.txt
outputDir:                    /p/lava/parmik/partialMatcherProject/tools/parmik/IK_SSW_PF/SRR14381434/SarsGenome
penaltyFileAddress:           /u/rgq5aw/GIT/PARMIK/experiments/parmik/CK_SSW_ID_PRCNTG/PenaltySets/2484_1111_2444_2288_2848
kmerRangesFileAddress:        
readsCount:                   17000000
queryCount:                   30000
kmerLength:                   11
regionSize:                   48
cheapKmerThreshold:           2500
percentageIdentity:           0.9
minExactMatchLen:             14
numThreads:                   1
isSecondChanceOff:            T
minNumExactMatchKmer:         4
isIndexOffline:               1
offlineIndexAddress:          /p/lava/parmik/partialMatcherProject/tools/parmik/CK_INDEX/SRR14381434/
baselineBaseAddress:          /p/lava/parmik/partialMatcherProject/tools/baseline_ssw/SRR14381434/SarsGenome
max editDistance in min region: 2
otherTool:                    parmik
**********************CONFIGURATIONS*****************************
--------------Penalties--------------
m: 2, s: 4, go: 8, ge: 4
m: 1, s: 1, go: 1, ge: 1
m: 2, s: 4, go: 4, ge: 4
m: 2, s: 2, go: 8, ge: 8
m: 2, s: 8, go: 4, ge: 8
------------------------------------
experiment dir: /p/lava/parmik/partialMatcherProject/tools/parmik/IK_SSW_PF/SRR14381434/SarsGenome/IKT2500_K11_PI90_M4_T1_SC0_P_2484_1111_2444_2288_2848
Directory already exists or could not be created: /p/lava/parmik/partialMatcherProject/tools/parmik/IK_SSW_PF/SRR14381434/SarsGenome/IKT2500_K11_PI90_M4_T1_SC0_P_2484_1111_2444_2288_2848
numberOfReadsWithN : 0
queryCount : 29602
numberOfReadsWithN : 0
readCount : 9488668
offlineCheapIndexAddress: /p/lava/parmik/partialMatcherProject/tools/parmik/CK_INDEX/SRR14381434/ck_T2500_K11_r17000000
offlineExpensiveIndexAddress: /p/lava/parmik/partialMatcherProject/tools/parmik/CK_INDEX/SRR14381434/ek_T2500_K11_r17000000
pmrkAlignmentsAddress: /p/lava/parmik/partialMatcherProject/tools/parmik/IK_SSW_PF/SRR14381434/SarsGenome/IKT2500_K11_PI90_M4_T1_SC0_P_2484_1111_2444_2288_2848/parmikAln.txt
updated otherToolOutputFileAddress alignments file: /p/lava/parmik/partialMatcherProject/tools/parmik/IK_SSW_PF/SRR14381434/SarsGenome/IKT2500_K11_PI90_M4_T1_SC0_P_2484_1111_2444_2288_2848/parmikAln.txt
Comparing Baseline and parmik
cmp file address: /p/lava/parmik/partialMatcherProject/tools/parmik/IK_SSW_PF/SRR14381434/SarsGenome/IKT2500_K11_PI90_M4_T1_SC0_P_2484_1111_2444_2288_2848/cmp_Baseline_parmik.txt
queries processed: 0 / 29602
Sam: Read 40883742 alignments.
queries processed: 1000 / 29602
Sam: Read 36725797 alignments.
queries processed: 2000 / 29602
Sam: Read 34431970 alignments.
queries processed: 3000 / 29602
Sam: Read 29266170 alignments.
queries processed: 4000 / 29602
Sam: Read 30327466 alignments.
queries processed: 5000 / 29602
Sam: Read 33066177 alignments.
queries processed: 6000 / 29602
Sam: Read 32844527 alignments.
queries processed: 7000 / 29602
Sam: Read 33608058 alignments.
queries processed: 8000 / 29602
Sam: Read 35342032 alignments.
queries processed: 9000 / 29602
Sam: Read 188201633 alignments.
queries processed: 10000 / 29602
Sam: Read 35419128 alignments.
queries processed: 11000 / 29602
Sam: Read 33266721 alignments.
queries processed: 12000 / 29602
Sam: Read 36542409 alignments.
queries processed: 13000 / 29602
Sam: Read 30776991 alignments.
queries processed: 14000 / 29602
Sam: Read 119241408 alignments.
queries processed: 15000 / 29602
Sam: Read 32783711 alignments.
queries processed: 16000 / 29602
Sam: Read 65028802 alignments.
queries processed: 17000 / 29602
Sam: Read 167177330 alignments.
queries processed: 18000 / 29602
Sam: Read 29354137 alignments.
queries processed: 19000 / 29602
Sam: Read 36190072 alignments.
queries processed: 20000 / 29602
Sam: Read 28460436 alignments.
queries processed: 21000 / 29602
Sam: Read 37422571 alignments.
queries processed: 22000 / 29602
Sam: Read 43908321 alignments.
queries processed: 23000 / 29602
Sam: Read 54705375 alignments.
queries processed: 24000 / 29602
Sam: Read 35436567 alignments.
queries processed: 25000 / 29602
Sam: Read 39337247 alignments.
queries processed: 26000 / 29602
Sam: Read 35066415 alignments.
queries processed: 27000 / 29602
Sam: Read 32311549 alignments.
queries processed: 28000 / 29602
Sam: Read 32864221 alignments.
queries processed: 29000 / 29602
Sam: Read 19707459 alignments.
